Training ExpandedDynNetGen(
  (adaptation): Sequential(
    (0): Linear(in_features=58, out_features=1024, bias=True)
  )
  (layers): Sequential(
    (0): Sequential(
      (0): Conv2d(1, 8, kernel_size=(7, 7), stride=(1, 1))
      (1): ReLU()
      (2): MaxPool2d(kernel_size=7, stride=2, padding=0, dilation=1, ceil_mode=False)
    )
    (1): Sequential(
      (0): Flatten(start_dim=1, end_dim=-1)
      (1): Linear(in_features=800, out_features=2, bias=True)
    )
  )
) in cuda
=================================================================
Layer (type:depth-idx)                   Param #
=================================================================
ExpandedDynNetGen                        --
├─Sequential: 1-1                        --
│    └─Linear: 2-1                       60,416
├─Sequential: 1-2                        --
│    └─Sequential: 2-2                   --
│    │    └─Conv2d: 3-1                  400
│    │    └─ReLU: 3-2                    --
│    │    └─MaxPool2d: 3-3               --
│    └─Sequential: 2-3                   --
│    │    └─Flatten: 3-4                 --
│    │    └─Linear: 3-5                  1,602
=================================================================
Total params: 62,418
Trainable params: 62,418
Non-trainable params: 0
=================================================================
Epoch:  0 Batch:   1 Loss: 0.6959 Accuracy Train: 49.680%
Epoch:  0 Batch:  11 Loss: 0.6929 Accuracy Train: 49.945%
Epoch:  0 Batch:  21 Loss: 0.6859 Accuracy Train: 50.341%
Epoch:  0 Batch:  31 Loss: 0.6707 Accuracy Train: 51.130%
Epoch:  0 Batch:  41 Loss: 0.6624 Accuracy Train: 52.899%
Epoch:  0 Batch:  51 Loss: 0.6640 Accuracy Train: 54.431%
Epoch:  0 Batch:  61 Loss: 0.6580 Accuracy Train: 55.493%
Epoch:  0 Batch:  71 Loss: 0.6462 Accuracy Train: 56.113%
Epoch:  0 Batch:  81 Loss: 0.6520 Accuracy Train: 56.867%
Epoch:  1 Batch:   1 Loss: 0.6492 Accuracy Train: 64.140%
Epoch:  1 Batch:  11 Loss: 0.6402 Accuracy Train: 65.280%
Epoch:  1 Batch:  21 Loss: 0.6478 Accuracy Train: 64.176%
Epoch:  1 Batch:  31 Loss: 0.6281 Accuracy Train: 63.710%
Epoch:  1 Batch:  41 Loss: 0.6365 Accuracy Train: 63.949%
Epoch:  1 Batch:  51 Loss: 0.6245 Accuracy Train: 63.466%
Epoch:  1 Batch:  61 Loss: 0.6321 Accuracy Train: 63.477%
Epoch:  1 Batch:  71 Loss: 0.6277 Accuracy Train: 64.026%
Epoch:  1 Batch:  81 Loss: 0.6228 Accuracy Train: 64.600%
Epoch:  2 Batch:   1 Loss: 0.6183 Accuracy Train: 69.360%
Epoch:  2 Batch:  11 Loss: 0.6166 Accuracy Train: 67.467%
Epoch:  2 Batch:  21 Loss: 0.6362 Accuracy Train: 65.536%
Epoch:  2 Batch:  31 Loss: 0.6152 Accuracy Train: 64.752%
Epoch:  2 Batch:  41 Loss: 0.6020 Accuracy Train: 64.029%
Epoch:  2 Batch:  51 Loss: 0.6139 Accuracy Train: 64.129%
Epoch:  2 Batch:  61 Loss: 0.6125 Accuracy Train: 64.061%
Epoch:  2 Batch:  71 Loss: 0.6127 Accuracy Train: 64.544%
Epoch:  2 Batch:  81 Loss: 0.6135 Accuracy Train: 64.496%
Epoch:  3 Batch:   1 Loss: 0.5989 Accuracy Train: 69.820%
Epoch:  3 Batch:  11 Loss: 0.6142 Accuracy Train: 69.911%
Epoch:  3 Batch:  21 Loss: 0.5973 Accuracy Train: 68.603%
Epoch:  3 Batch:  31 Loss: 0.6191 Accuracy Train: 67.075%
Epoch:  3 Batch:  41 Loss: 0.5901 Accuracy Train: 67.078%
Epoch:  3 Batch:  51 Loss: 0.5969 Accuracy Train: 67.786%
Epoch:  3 Batch:  61 Loss: 0.5890 Accuracy Train: 67.982%
Epoch:  3 Batch:  71 Loss: 0.6197 Accuracy Train: 67.545%
Epoch:  3 Batch:  81 Loss: 0.5890 Accuracy Train: 67.043%
Epoch:  4 Batch:   1 Loss: 0.6031 Accuracy Train: 74.420%
Epoch:  4 Batch:  11 Loss: 0.5973 Accuracy Train: 71.469%
Epoch:  4 Batch:  21 Loss: 0.6034 Accuracy Train: 68.520%
Epoch:  4 Batch:  31 Loss: 0.6100 Accuracy Train: 66.996%
Epoch:  4 Batch:  41 Loss: 0.5947 Accuracy Train: 67.591%
Epoch:  4 Batch:  51 Loss: 0.6132 Accuracy Train: 67.026%
Epoch:  4 Batch:  61 Loss: 0.5892 Accuracy Train: 67.324%
Epoch:  4 Batch:  71 Loss: 0.6436 Accuracy Train: 67.646%
Epoch:  4 Batch:  81 Loss: 0.5841 Accuracy Train: 67.557%
Epoch:  5 Batch:   1 Loss: 0.5782 Accuracy Train: 75.480%
Epoch:  5 Batch:  11 Loss: 0.5806 Accuracy Train: 72.256%
Epoch:  5 Batch:  21 Loss: 0.6341 Accuracy Train: 72.045%
Epoch:  5 Batch:  31 Loss: 0.6230 Accuracy Train: 69.048%
Epoch:  5 Batch:  41 Loss: 0.5816 Accuracy Train: 69.130%
Epoch:  5 Batch:  51 Loss: 0.5935 Accuracy Train: 69.720%
Epoch:  5 Batch:  61 Loss: 0.6065 Accuracy Train: 70.056%
Epoch:  5 Batch:  71 Loss: 0.5756 Accuracy Train: 70.533%
Epoch:  5 Batch:  81 Loss: 0.6313 Accuracy Train: 70.479%
Epoch:  6 Batch:   1 Loss: 0.6399 Accuracy Train: 61.800%
Epoch:  6 Batch:  11 Loss: 0.5777 Accuracy Train: 69.300%
Epoch:  6 Batch:  21 Loss: 0.5917 Accuracy Train: 70.328%
Epoch:  6 Batch:  31 Loss: 0.5890 Accuracy Train: 70.523%
Epoch:  6 Batch:  41 Loss: 0.5830 Accuracy Train: 70.398%
Epoch:  6 Batch:  51 Loss: 0.5619 Accuracy Train: 69.434%
Epoch:  6 Batch:  61 Loss: 0.6004 Accuracy Train: 69.105%
Epoch:  6 Batch:  71 Loss: 0.5826 Accuracy Train: 69.577%
Epoch:  6 Batch:  81 Loss: 0.5676 Accuracy Train: 69.997%
Epoch:  7 Batch:   1 Loss: 0.5613 Accuracy Train: 75.080%
Epoch:  7 Batch:  11 Loss: 0.6025 Accuracy Train: 64.742%
Epoch:  7 Batch:  21 Loss: 0.5779 Accuracy Train: 67.592%
Epoch:  7 Batch:  31 Loss: 0.5650 Accuracy Train: 69.405%
Epoch:  7 Batch:  41 Loss: 0.5761 Accuracy Train: 70.287%
Epoch:  7 Batch:  51 Loss: 0.5652 Accuracy Train: 69.902%
Epoch:  7 Batch:  61 Loss: 0.5641 Accuracy Train: 69.777%
Epoch:  7 Batch:  71 Loss: 0.5595 Accuracy Train: 70.251%
Epoch:  7 Batch:  81 Loss: 0.5597 Accuracy Train: 70.120%
Epoch:  8 Batch:   1 Loss: 0.5581 Accuracy Train: 73.780%
Epoch:  8 Batch:  11 Loss: 0.5621 Accuracy Train: 70.473%
Epoch:  8 Batch:  21 Loss: 0.5557 Accuracy Train: 71.652%
Epoch:  8 Batch:  31 Loss: 0.5740 Accuracy Train: 71.123%
Epoch:  8 Batch:  41 Loss: 0.6001 Accuracy Train: 71.327%
Epoch:  8 Batch:  51 Loss: 0.6002 Accuracy Train: 70.652%
Epoch:  8 Batch:  61 Loss: 0.5448 Accuracy Train: 70.775%
Epoch:  8 Batch:  71 Loss: 0.5453 Accuracy Train: 71.142%
Epoch:  8 Batch:  81 Loss: 0.5432 Accuracy Train: 71.582%
Epoch:  9 Batch:   1 Loss: 0.5684 Accuracy Train: 67.920%
Epoch:  9 Batch:  11 Loss: 0.5895 Accuracy Train: 73.311%
Epoch:  9 Batch:  21 Loss: 0.6176 Accuracy Train: 67.399%
Epoch:  9 Batch:  31 Loss: 0.5891 Accuracy Train: 66.984%
Epoch:  9 Batch:  41 Loss: 0.5708 Accuracy Train: 68.374%
Epoch:  9 Batch:  51 Loss: 0.5735 Accuracy Train: 69.425%
Epoch:  9 Batch:  61 Loss: 0.5675 Accuracy Train: 70.238%
Epoch:  9 Batch:  71 Loss: 0.5485 Accuracy Train: 70.861%
Epoch:  9 Batch:  81 Loss: 0.5946 Accuracy Train: 70.915%
Epoch: 10 Batch:   1 Loss: 0.5492 Accuracy Train: 74.180%
Epoch: 10 Batch:  11 Loss: 0.5610 Accuracy Train: 72.236%
Epoch: 10 Batch:  21 Loss: 0.5635 Accuracy Train: 72.665%
Epoch: 10 Batch:  31 Loss: 0.5449 Accuracy Train: 73.059%
Epoch: 10 Batch:  41 Loss: 0.5865 Accuracy Train: 71.393%
Epoch: 10 Batch:  51 Loss: 0.5504 Accuracy Train: 71.699%
Epoch: 10 Batch:  61 Loss: 0.5541 Accuracy Train: 71.958%
Epoch: 10 Batch:  71 Loss: 0.5475 Accuracy Train: 71.885%
Epoch: 10 Batch:  81 Loss: 0.5448 Accuracy Train: 71.950%
Epoch: 11 Batch:   1 Loss: 0.5435 Accuracy Train: 74.120%
Epoch: 11 Batch:  11 Loss: 0.5375 Accuracy Train: 74.158%
Epoch: 11 Batch:  21 Loss: 0.5894 Accuracy Train: 73.030%
Epoch: 11 Batch:  31 Loss: 0.5612 Accuracy Train: 73.132%
Epoch: 11 Batch:  41 Loss: 0.5887 Accuracy Train: 72.172%
Epoch: 11 Batch:  51 Loss: 0.5451 Accuracy Train: 72.071%
Epoch: 11 Batch:  61 Loss: 0.5511 Accuracy Train: 71.999%
Epoch: 11 Batch:  71 Loss: 0.5629 Accuracy Train: 71.840%
Epoch: 11 Batch:  81 Loss: 0.5374 Accuracy Train: 72.134%
Epoch: 12 Batch:   1 Loss: 0.5396 Accuracy Train: 73.100%
Epoch: 12 Batch:  11 Loss: 0.5319 Accuracy Train: 72.667%
Epoch: 12 Batch:  21 Loss: 0.5375 Accuracy Train: 73.249%
Epoch: 12 Batch:  31 Loss: 0.5585 Accuracy Train: 73.226%
Epoch: 12 Batch:  41 Loss: 0.5268 Accuracy Train: 73.512%
Epoch: 12 Batch:  51 Loss: 0.5805 Accuracy Train: 73.299%
Epoch: 12 Batch:  61 Loss: 0.6605 Accuracy Train: 72.873%
Epoch: 12 Batch:  71 Loss: 0.5352 Accuracy Train: 72.562%
Epoch: 12 Batch:  81 Loss: 0.5346 Accuracy Train: 72.575%
Epoch: 13 Batch:   1 Loss: 0.5279 Accuracy Train: 73.800%
Epoch: 13 Batch:  11 Loss: 0.5508 Accuracy Train: 74.045%
Epoch: 13 Batch:  21 Loss: 0.5211 Accuracy Train: 73.671%
Epoch: 13 Batch:  31 Loss: 0.5297 Accuracy Train: 73.663%
Epoch: 13 Batch:  41 Loss: 0.5213 Accuracy Train: 73.834%
Epoch: 13 Batch:  51 Loss: 0.5456 Accuracy Train: 73.834%
Epoch: 13 Batch:  61 Loss: 0.5951 Accuracy Train: 73.872%
Epoch: 13 Batch:  71 Loss: 0.5970 Accuracy Train: 72.833%
Epoch: 13 Batch:  81 Loss: 0.5622 Accuracy Train: 72.937%
Epoch: 14 Batch:   1 Loss: 0.5583 Accuracy Train: 75.900%
Epoch: 14 Batch:  11 Loss: 0.5456 Accuracy Train: 74.482%
Epoch: 14 Batch:  21 Loss: 0.5183 Accuracy Train: 74.430%
Epoch: 14 Batch:  31 Loss: 0.5192 Accuracy Train: 74.279%
Epoch: 14 Batch:  41 Loss: 0.5025 Accuracy Train: 74.224%
Epoch: 14 Batch:  51 Loss: 0.5322 Accuracy Train: 74.153%
Epoch: 14 Batch:  61 Loss: 0.5309 Accuracy Train: 73.092%
Epoch: 14 Batch:  71 Loss: 0.5829 Accuracy Train: 73.092%
Epoch: 14 Batch:  81 Loss: 0.5238 Accuracy Train: 73.264%
Epoch: 15 Batch:   1 Loss: 0.5160 Accuracy Train: 74.040%
Epoch: 15 Batch:  11 Loss: 0.5266 Accuracy Train: 73.118%
Epoch: 15 Batch:  21 Loss: 0.5239 Accuracy Train: 73.928%
Epoch: 15 Batch:  31 Loss: 0.5688 Accuracy Train: 73.694%
Epoch: 15 Batch:  41 Loss: 0.5381 Accuracy Train: 73.707%
Epoch: 15 Batch:  51 Loss: 0.5730 Accuracy Train: 72.757%
Epoch: 15 Batch:  61 Loss: 0.5285 Accuracy Train: 72.585%
Epoch: 15 Batch:  71 Loss: 0.5190 Accuracy Train: 72.599%
Epoch: 15 Batch:  81 Loss: 0.5126 Accuracy Train: 72.890%
Epoch: 16 Batch:   1 Loss: 0.5145 Accuracy Train: 74.220%
Epoch: 16 Batch:  11 Loss: 0.5192 Accuracy Train: 74.353%
Epoch: 16 Batch:  21 Loss: 0.5091 Accuracy Train: 74.265%
Epoch: 16 Batch:  31 Loss: 0.5108 Accuracy Train: 74.135%
Epoch: 16 Batch:  41 Loss: 0.6498 Accuracy Train: 73.315%
Epoch: 16 Batch:  51 Loss: 0.5734 Accuracy Train: 73.493%
Epoch: 16 Batch:  61 Loss: 0.5467 Accuracy Train: 73.569%
Epoch: 16 Batch:  71 Loss: 0.5552 Accuracy Train: 73.641%
Epoch: 16 Batch:  81 Loss: 0.5320 Accuracy Train: 73.657%
Epoch: 17 Batch:   1 Loss: 0.5857 Accuracy Train: 76.040%
Epoch: 17 Batch:  11 Loss: 0.5354 Accuracy Train: 74.518%
Epoch: 17 Batch:  21 Loss: 0.5378 Accuracy Train: 74.470%
Epoch: 17 Batch:  31 Loss: 0.5717 Accuracy Train: 73.878%
Epoch: 17 Batch:  41 Loss: 0.5235 Accuracy Train: 73.957%
Epoch: 17 Batch:  51 Loss: 0.5093 Accuracy Train: 74.184%
Epoch: 17 Batch:  61 Loss: 0.5198 Accuracy Train: 74.234%
Epoch: 17 Batch:  71 Loss: 0.5290 Accuracy Train: 74.320%
Epoch: 17 Batch:  81 Loss: 0.5466 Accuracy Train: 74.258%
Epoch: 18 Batch:   1 Loss: 0.5193 Accuracy Train: 73.580%
Epoch: 18 Batch:  11 Loss: 0.4893 Accuracy Train: 74.929%
Epoch: 18 Batch:  21 Loss: 0.5047 Accuracy Train: 74.975%
Epoch: 18 Batch:  31 Loss: 0.5463 Accuracy Train: 74.752%
Epoch: 18 Batch:  41 Loss: 0.4992 Accuracy Train: 74.671%
Epoch: 18 Batch:  51 Loss: 0.5390 Accuracy Train: 74.644%
Epoch: 18 Batch:  61 Loss: 0.5462 Accuracy Train: 74.571%
Epoch: 18 Batch:  71 Loss: 0.6277 Accuracy Train: 73.808%
Epoch: 18 Batch:  81 Loss: 0.6116 Accuracy Train: 71.773%
Epoch: 19 Batch:   1 Loss: 0.6033 Accuracy Train: 73.740%
Epoch: 19 Batch:  11 Loss: 0.6015 Accuracy Train: 68.304%
Epoch: 19 Batch:  21 Loss: 0.5751 Accuracy Train: 68.270%
Epoch: 19 Batch:  31 Loss: 0.5819 Accuracy Train: 69.526%
Epoch: 19 Batch:  41 Loss: 0.6986 Accuracy Train: 69.854%
Epoch: 19 Batch:  51 Loss: 0.6647 Accuracy Train: 69.382%
Epoch: 19 Batch:  61 Loss: 0.5830 Accuracy Train: 69.557%
Epoch: 19 Batch:  71 Loss: 0.6054 Accuracy Train: 69.534%
Epoch: 19 Batch:  81 Loss: 0.5973 Accuracy Train: 69.453%

Duration: 145 seconds
