Training LinearDynNetGen(
  (layers): Sequential(
    (0): Sequential(
      (0): Linear(in_features=58, out_features=100, bias=True)
      (1): ReLU()
    )
    (1): Sequential(
      (0): Linear(in_features=100, out_features=2, bias=True)
    )
  )
) in cuda
=================================================================
Layer (type:depth-idx)                   Param #
=================================================================
LinearDynNetGen                          --
├─Sequential: 1-1                        --
│    └─Sequential: 2-1                   --
│    │    └─Linear: 3-1                  5,900
│    │    └─ReLU: 3-2                    --
│    └─Sequential: 2-2                   --
│    │    └─Linear: 3-3                  202
=================================================================
Total params: 6,102
Trainable params: 6,102
Non-trainable params: 0
=================================================================
Epoch:  0 Batch:   1 Loss: 0.6903 Accuracy Train: 53.320%
Epoch:  0 Batch:  11 Loss: 0.6721 Accuracy Train: 56.544%
Epoch:  0 Batch:  21 Loss: 0.6696 Accuracy Train: 55.920%
Epoch:  0 Batch:  31 Loss: 0.6611 Accuracy Train: 57.287%
Epoch:  0 Batch:  41 Loss: 0.6540 Accuracy Train: 58.807%
Epoch:  0 Batch:  51 Loss: 0.6529 Accuracy Train: 59.402%
Epoch:  0 Batch:  61 Loss: 0.6499 Accuracy Train: 59.728%
Epoch:  0 Batch:  71 Loss: 0.6386 Accuracy Train: 60.545%
Epoch:  0 Batch:  81 Loss: 0.6386 Accuracy Train: 61.153%
Epoch:  1 Batch:   1 Loss: 0.6414 Accuracy Train: 66.200%
Epoch:  1 Batch:  11 Loss: 0.6408 Accuracy Train: 64.407%
Epoch:  1 Batch:  21 Loss: 0.6389 Accuracy Train: 65.158%
Epoch:  1 Batch:  31 Loss: 0.6275 Accuracy Train: 64.437%
Epoch:  1 Batch:  41 Loss: 0.6308 Accuracy Train: 64.892%
Epoch:  1 Batch:  51 Loss: 0.6262 Accuracy Train: 65.330%
Epoch:  1 Batch:  61 Loss: 0.6222 Accuracy Train: 64.914%
Epoch:  1 Batch:  71 Loss: 0.6250 Accuracy Train: 65.314%
Epoch:  1 Batch:  81 Loss: 0.6233 Accuracy Train: 65.758%
Epoch:  2 Batch:   1 Loss: 0.6193 Accuracy Train: 68.260%
Epoch:  2 Batch:  11 Loss: 0.6204 Accuracy Train: 63.820%
Epoch:  2 Batch:  21 Loss: 0.6141 Accuracy Train: 66.335%
Epoch:  2 Batch:  31 Loss: 0.6181 Accuracy Train: 67.214%
Epoch:  2 Batch:  41 Loss: 0.6109 Accuracy Train: 67.740%
Epoch:  2 Batch:  51 Loss: 0.6093 Accuracy Train: 67.908%
Epoch:  2 Batch:  61 Loss: 0.6038 Accuracy Train: 68.047%
Epoch:  2 Batch:  71 Loss: 0.6092 Accuracy Train: 68.263%
Epoch:  2 Batch:  81 Loss: 0.5912 Accuracy Train: 68.380%
Epoch:  3 Batch:   1 Loss: 0.6057 Accuracy Train: 66.860%
Epoch:  3 Batch:  11 Loss: 0.5950 Accuracy Train: 68.596%
Epoch:  3 Batch:  21 Loss: 0.5957 Accuracy Train: 68.889%
Epoch:  3 Batch:  31 Loss: 0.5963 Accuracy Train: 68.455%
Epoch:  3 Batch:  41 Loss: 0.5767 Accuracy Train: 68.456%
Epoch:  3 Batch:  51 Loss: 0.5891 Accuracy Train: 68.626%
Epoch:  3 Batch:  61 Loss: 0.5792 Accuracy Train: 68.593%
Epoch:  3 Batch:  71 Loss: 0.5807 Accuracy Train: 68.673%
Epoch:  3 Batch:  81 Loss: 0.5761 Accuracy Train: 68.804%
Epoch:  4 Batch:   1 Loss: 0.5762 Accuracy Train: 69.740%
Epoch:  4 Batch:  11 Loss: 0.5772 Accuracy Train: 68.353%
Epoch:  4 Batch:  21 Loss: 0.5786 Accuracy Train: 68.856%
Epoch:  4 Batch:  31 Loss: 0.5812 Accuracy Train: 68.619%
Epoch:  4 Batch:  41 Loss: 0.5672 Accuracy Train: 68.601%
Epoch:  4 Batch:  51 Loss: 0.5605 Accuracy Train: 68.683%
Epoch:  4 Batch:  61 Loss: 0.5746 Accuracy Train: 68.743%
Epoch:  4 Batch:  71 Loss: 0.5575 Accuracy Train: 68.730%
Epoch:  4 Batch:  81 Loss: 0.5593 Accuracy Train: 68.756%
Epoch:  5 Batch:   1 Loss: 0.5569 Accuracy Train: 68.780%
Epoch:  5 Batch:  11 Loss: 0.5656 Accuracy Train: 69.376%
Epoch:  5 Batch:  21 Loss: 0.5589 Accuracy Train: 69.360%
Epoch:  5 Batch:  31 Loss: 0.5532 Accuracy Train: 69.290%
Epoch:  5 Batch:  41 Loss: 0.5609 Accuracy Train: 69.719%
Epoch:  5 Batch:  51 Loss: 0.5479 Accuracy Train: 69.676%
Epoch:  5 Batch:  61 Loss: 0.5593 Accuracy Train: 69.735%
Epoch:  5 Batch:  71 Loss: 0.5488 Accuracy Train: 69.711%
Epoch:  5 Batch:  81 Loss: 0.5631 Accuracy Train: 69.632%
Epoch:  6 Batch:   1 Loss: 0.5692 Accuracy Train: 75.880%
Epoch:  6 Batch:  11 Loss: 0.5724 Accuracy Train: 70.244%
Epoch:  6 Batch:  21 Loss: 0.5553 Accuracy Train: 69.935%
Epoch:  6 Batch:  31 Loss: 0.5482 Accuracy Train: 69.751%
Epoch:  6 Batch:  41 Loss: 0.5685 Accuracy Train: 69.686%
Epoch:  6 Batch:  51 Loss: 0.5461 Accuracy Train: 69.790%
Epoch:  6 Batch:  61 Loss: 0.5468 Accuracy Train: 69.731%
Epoch:  6 Batch:  71 Loss: 0.5441 Accuracy Train: 69.764%
Epoch:  6 Batch:  81 Loss: 0.5383 Accuracy Train: 69.863%
Epoch:  7 Batch:   1 Loss: 0.5518 Accuracy Train: 67.800%
Epoch:  7 Batch:  11 Loss: 0.5366 Accuracy Train: 70.151%
Epoch:  7 Batch:  21 Loss: 0.5504 Accuracy Train: 70.508%
Epoch:  7 Batch:  31 Loss: 0.5330 Accuracy Train: 70.388%
Epoch:  7 Batch:  41 Loss: 0.5355 Accuracy Train: 70.091%
Epoch:  7 Batch:  51 Loss: 0.5468 Accuracy Train: 70.034%
Epoch:  7 Batch:  61 Loss: 0.5449 Accuracy Train: 70.082%
Epoch:  7 Batch:  71 Loss: 0.5404 Accuracy Train: 70.013%
Epoch:  7 Batch:  81 Loss: 0.5374 Accuracy Train: 70.027%
Epoch:  8 Batch:   1 Loss: 0.5381 Accuracy Train: 77.180%
Epoch:  8 Batch:  11 Loss: 0.5353 Accuracy Train: 71.513%
Epoch:  8 Batch:  21 Loss: 0.5498 Accuracy Train: 70.723%
Epoch:  8 Batch:  31 Loss: 0.5452 Accuracy Train: 70.823%
Epoch:  8 Batch:  41 Loss: 0.5418 Accuracy Train: 70.836%
Epoch:  8 Batch:  51 Loss: 0.5309 Accuracy Train: 70.843%
Epoch:  8 Batch:  61 Loss: 0.5234 Accuracy Train: 70.750%
Epoch:  8 Batch:  71 Loss: 0.5447 Accuracy Train: 70.716%
Epoch:  8 Batch:  81 Loss: 0.5432 Accuracy Train: 70.700%
Epoch:  9 Batch:   1 Loss: 0.5303 Accuracy Train: 71.440%
Epoch:  9 Batch:  11 Loss: 0.5435 Accuracy Train: 71.073%
Epoch:  9 Batch:  21 Loss: 0.5315 Accuracy Train: 70.752%
Epoch:  9 Batch:  31 Loss: 0.5444 Accuracy Train: 71.045%
Epoch:  9 Batch:  41 Loss: 0.5270 Accuracy Train: 71.062%
Epoch:  9 Batch:  51 Loss: 0.5293 Accuracy Train: 71.079%
Epoch:  9 Batch:  61 Loss: 0.5298 Accuracy Train: 71.066%
Epoch:  9 Batch:  71 Loss: 0.5421 Accuracy Train: 71.097%
Epoch:  9 Batch:  81 Loss: 0.5475 Accuracy Train: 71.042%
Epoch: 10 Batch:   1 Loss: 0.5244 Accuracy Train: 72.400%
Epoch: 10 Batch:  11 Loss: 0.5331 Accuracy Train: 70.831%
Epoch: 10 Batch:  21 Loss: 0.5426 Accuracy Train: 70.864%
Epoch: 10 Batch:  31 Loss: 0.5256 Accuracy Train: 70.928%
Epoch: 10 Batch:  41 Loss: 0.5231 Accuracy Train: 70.779%
Epoch: 10 Batch:  51 Loss: 0.5303 Accuracy Train: 70.970%
Epoch: 10 Batch:  61 Loss: 0.5235 Accuracy Train: 71.022%
Epoch: 10 Batch:  71 Loss: 0.5317 Accuracy Train: 71.212%
Epoch: 10 Batch:  81 Loss: 0.5196 Accuracy Train: 71.224%
Epoch: 11 Batch:   1 Loss: 0.5134 Accuracy Train: 71.140%
Epoch: 11 Batch:  11 Loss: 0.5445 Accuracy Train: 71.316%
Epoch: 11 Batch:  21 Loss: 0.5175 Accuracy Train: 71.489%
Epoch: 11 Batch:  31 Loss: 0.5458 Accuracy Train: 71.514%
Epoch: 11 Batch:  41 Loss: 0.5169 Accuracy Train: 71.640%
Epoch: 11 Batch:  51 Loss: 0.5930 Accuracy Train: 71.542%
Epoch: 11 Batch:  61 Loss: 0.5064 Accuracy Train: 71.609%
Epoch: 11 Batch:  71 Loss: 0.5139 Accuracy Train: 71.534%
Epoch: 11 Batch:  81 Loss: 0.5217 Accuracy Train: 71.623%
Epoch: 12 Batch:   1 Loss: 0.5173 Accuracy Train: 70.820%
Epoch: 12 Batch:  11 Loss: 0.5194 Accuracy Train: 71.385%
Epoch: 12 Batch:  21 Loss: 0.5140 Accuracy Train: 71.166%
Epoch: 12 Batch:  31 Loss: 0.5159 Accuracy Train: 71.300%
Epoch: 12 Batch:  41 Loss: 0.5499 Accuracy Train: 71.316%
Epoch: 12 Batch:  51 Loss: 0.5247 Accuracy Train: 71.445%
Epoch: 12 Batch:  61 Loss: 0.5102 Accuracy Train: 71.523%
Epoch: 12 Batch:  71 Loss: 0.5219 Accuracy Train: 71.631%
Epoch: 12 Batch:  81 Loss: 0.5337 Accuracy Train: 71.743%
Epoch: 13 Batch:   1 Loss: 0.5295 Accuracy Train: 75.340%
Epoch: 13 Batch:  11 Loss: 0.5182 Accuracy Train: 72.627%
Epoch: 13 Batch:  21 Loss: 0.5124 Accuracy Train: 72.189%
Epoch: 13 Batch:  31 Loss: 0.5104 Accuracy Train: 72.084%
Epoch: 13 Batch:  41 Loss: 0.5021 Accuracy Train: 71.800%
Epoch: 13 Batch:  51 Loss: 0.5048 Accuracy Train: 71.753%
Epoch: 13 Batch:  61 Loss: 0.5196 Accuracy Train: 71.819%
Epoch: 13 Batch:  71 Loss: 0.5304 Accuracy Train: 71.860%
Epoch: 13 Batch:  81 Loss: 0.5256 Accuracy Train: 71.900%
Epoch: 14 Batch:   1 Loss: 0.5132 Accuracy Train: 69.600%
Epoch: 14 Batch:  11 Loss: 0.5201 Accuracy Train: 71.922%
Epoch: 14 Batch:  21 Loss: 0.5068 Accuracy Train: 72.283%
Epoch: 14 Batch:  31 Loss: 0.5056 Accuracy Train: 72.201%
Epoch: 14 Batch:  41 Loss: 0.5162 Accuracy Train: 72.083%
Epoch: 14 Batch:  51 Loss: 0.5225 Accuracy Train: 72.192%
Epoch: 14 Batch:  61 Loss: 0.5106 Accuracy Train: 72.219%
Epoch: 14 Batch:  71 Loss: 0.5063 Accuracy Train: 72.277%
Epoch: 14 Batch:  81 Loss: 0.5051 Accuracy Train: 72.326%
Epoch: 15 Batch:   1 Loss: 0.5141 Accuracy Train: 76.340%
Epoch: 15 Batch:  11 Loss: 0.5110 Accuracy Train: 72.340%
Epoch: 15 Batch:  21 Loss: 0.5430 Accuracy Train: 72.247%
Epoch: 15 Batch:  31 Loss: 0.5056 Accuracy Train: 72.215%
Epoch: 15 Batch:  41 Loss: 0.4946 Accuracy Train: 72.238%
Epoch: 15 Batch:  51 Loss: 0.5321 Accuracy Train: 72.470%
Epoch: 15 Batch:  61 Loss: 0.5003 Accuracy Train: 72.450%
Epoch: 15 Batch:  71 Loss: 0.5044 Accuracy Train: 72.445%
Epoch: 15 Batch:  81 Loss: 0.5000 Accuracy Train: 72.462%
Epoch: 16 Batch:   1 Loss: 0.5056 Accuracy Train: 76.080%
Epoch: 16 Batch:  11 Loss: 0.4970 Accuracy Train: 73.307%
Epoch: 16 Batch:  21 Loss: 0.5060 Accuracy Train: 72.897%
Epoch: 16 Batch:  31 Loss: 0.5087 Accuracy Train: 72.876%
Epoch: 16 Batch:  41 Loss: 0.5026 Accuracy Train: 72.887%
Epoch: 16 Batch:  51 Loss: 0.4995 Accuracy Train: 72.978%
Epoch: 16 Batch:  61 Loss: 0.5393 Accuracy Train: 72.980%
Epoch: 16 Batch:  71 Loss: 0.5127 Accuracy Train: 73.034%
Epoch: 16 Batch:  81 Loss: 0.5068 Accuracy Train: 73.039%
Epoch: 17 Batch:   1 Loss: 0.5004 Accuracy Train: 75.980%
Epoch: 17 Batch:  11 Loss: 0.5244 Accuracy Train: 73.460%
Epoch: 17 Batch:  21 Loss: 0.5105 Accuracy Train: 72.718%
Epoch: 17 Batch:  31 Loss: 0.5008 Accuracy Train: 72.701%
Epoch: 17 Batch:  41 Loss: 0.5078 Accuracy Train: 72.724%
Epoch: 17 Batch:  51 Loss: 0.5005 Accuracy Train: 72.760%
Epoch: 17 Batch:  61 Loss: 0.5248 Accuracy Train: 72.964%
Epoch: 17 Batch:  71 Loss: 0.5187 Accuracy Train: 73.000%
Epoch: 17 Batch:  81 Loss: 0.5091 Accuracy Train: 73.056%
Epoch: 18 Batch:   1 Loss: 0.5008 Accuracy Train: 77.180%
Epoch: 18 Batch:  11 Loss: 0.4951 Accuracy Train: 74.162%
Epoch: 18 Batch:  21 Loss: 0.4987 Accuracy Train: 73.684%
Epoch: 18 Batch:  31 Loss: 0.4998 Accuracy Train: 73.685%
Epoch: 18 Batch:  41 Loss: 0.5037 Accuracy Train: 73.686%
Epoch: 18 Batch:  51 Loss: 0.4938 Accuracy Train: 73.604%
Epoch: 18 Batch:  61 Loss: 0.5018 Accuracy Train: 73.528%
Epoch: 18 Batch:  71 Loss: 0.4986 Accuracy Train: 73.535%
Epoch: 18 Batch:  81 Loss: 0.5004 Accuracy Train: 73.600%
Epoch: 19 Batch:   1 Loss: 0.4906 Accuracy Train: 77.100%
Epoch: 19 Batch:  11 Loss: 0.4815 Accuracy Train: 74.729%
Epoch: 19 Batch:  21 Loss: 0.5092 Accuracy Train: 73.960%
Epoch: 19 Batch:  31 Loss: 0.4963 Accuracy Train: 73.901%
Epoch: 19 Batch:  41 Loss: 0.4773 Accuracy Train: 74.028%
Epoch: 19 Batch:  51 Loss: 0.5027 Accuracy Train: 73.933%
Epoch: 19 Batch:  61 Loss: 0.4898 Accuracy Train: 74.056%
Epoch: 19 Batch:  71 Loss: 0.5033 Accuracy Train: 73.950%
Epoch: 19 Batch:  81 Loss: 0.4936 Accuracy Train: 73.921%

Duration: 68 seconds
