Training DynNetGen(
  (layers): Sequential(
    (0): Sequential(
      (0): Conv2d(1, 8, kernel_size=(2, 2), stride=(1, 1))
      (1): ReLU()
    )
    (1): Sequential(
      (0): Conv2d(8, 16, kernel_size=(2, 2), stride=(1, 1))
      (1): ReLU()
    )
    (2): Sequential(
      (0): Flatten(start_dim=1, end_dim=-1)
      (1): Linear(in_features=576, out_features=2, bias=True)
    )
  )
) in cuda
=================================================================
Layer (type:depth-idx)                   Param #
=================================================================
DynNetGen                                --
├─Sequential: 1-1                        --
│    └─Sequential: 2-1                   --
│    │    └─Conv2d: 3-1                  40
│    │    └─ReLU: 3-2                    --
│    └─Sequential: 2-2                   --
│    │    └─Conv2d: 3-3                  528
│    │    └─ReLU: 3-4                    --
│    └─Sequential: 2-3                   --
│    │    └─Flatten: 3-5                 --
│    │    └─Linear: 3-6                  1,154
=================================================================
Total params: 1,722
Trainable params: 1,722
Non-trainable params: 0
=================================================================
Epoch:  0 Batch:   1 Loss: 0.6940 Accuracy Train: 49.560%
Epoch:  0 Batch:  11 Loss: 0.6864 Accuracy Train: 50.731%
Epoch:  0 Batch:  21 Loss: 0.6681 Accuracy Train: 53.769%
Epoch:  0 Batch:  31 Loss: 0.6708 Accuracy Train: 54.366%
Epoch:  0 Batch:  41 Loss: 0.6631 Accuracy Train: 54.688%
Epoch:  0 Batch:  51 Loss: 0.6657 Accuracy Train: 55.193%
Epoch:  0 Batch:  61 Loss: 0.6672 Accuracy Train: 55.943%
Epoch:  0 Batch:  71 Loss: 0.6630 Accuracy Train: 56.503%
Epoch:  0 Batch:  81 Loss: 0.6647 Accuracy Train: 56.850%
Epoch:  1 Batch:   1 Loss: 0.6687 Accuracy Train: 57.020%
Epoch:  1 Batch:  11 Loss: 0.6646 Accuracy Train: 59.058%
Epoch:  1 Batch:  21 Loss: 0.6620 Accuracy Train: 59.120%
Epoch:  1 Batch:  31 Loss: 0.6592 Accuracy Train: 58.640%
Epoch:  1 Batch:  41 Loss: 0.6550 Accuracy Train: 59.235%
Epoch:  1 Batch:  51 Loss: 0.6644 Accuracy Train: 59.580%
Epoch:  1 Batch:  61 Loss: 0.6546 Accuracy Train: 59.817%
Epoch:  1 Batch:  71 Loss: 0.6605 Accuracy Train: 60.393%
Epoch:  1 Batch:  81 Loss: 0.6577 Accuracy Train: 60.756%
Epoch:  2 Batch:   1 Loss: 0.6497 Accuracy Train: 65.020%
Epoch:  2 Batch:  11 Loss: 0.6509 Accuracy Train: 64.533%
Epoch:  2 Batch:  21 Loss: 0.6511 Accuracy Train: 64.864%
Epoch:  2 Batch:  31 Loss: 0.6543 Accuracy Train: 64.371%
Epoch:  2 Batch:  41 Loss: 0.6511 Accuracy Train: 64.274%
Epoch:  2 Batch:  51 Loss: 0.6433 Accuracy Train: 64.103%
Epoch:  2 Batch:  61 Loss: 0.6510 Accuracy Train: 64.333%
Epoch:  2 Batch:  71 Loss: 0.6463 Accuracy Train: 64.466%
Epoch:  2 Batch:  81 Loss: 0.6453 Accuracy Train: 64.587%
Epoch:  3 Batch:   1 Loss: 0.6489 Accuracy Train: 64.960%
Epoch:  3 Batch:  11 Loss: 0.6439 Accuracy Train: 65.169%
Epoch:  3 Batch:  21 Loss: 0.6504 Accuracy Train: 65.499%
Epoch:  3 Batch:  31 Loss: 0.6441 Accuracy Train: 65.030%
Epoch:  3 Batch:  41 Loss: 0.6432 Accuracy Train: 64.806%
Epoch:  3 Batch:  51 Loss: 0.6499 Accuracy Train: 64.598%
Epoch:  3 Batch:  61 Loss: 0.6371 Accuracy Train: 64.533%
Epoch:  3 Batch:  71 Loss: 0.6381 Accuracy Train: 64.611%
Epoch:  3 Batch:  81 Loss: 0.6307 Accuracy Train: 64.719%
Epoch:  4 Batch:   1 Loss: 0.6335 Accuracy Train: 64.600%
Epoch:  4 Batch:  11 Loss: 0.6341 Accuracy Train: 64.980%
Epoch:  4 Batch:  21 Loss: 0.6264 Accuracy Train: 65.346%
Epoch:  4 Batch:  31 Loss: 0.6251 Accuracy Train: 65.482%
Epoch:  4 Batch:  41 Loss: 0.6186 Accuracy Train: 65.529%
Epoch:  4 Batch:  51 Loss: 0.6172 Accuracy Train: 65.509%
Epoch:  4 Batch:  61 Loss: 0.6251 Accuracy Train: 65.500%
Epoch:  4 Batch:  71 Loss: 0.6097 Accuracy Train: 65.485%
Epoch:  4 Batch:  81 Loss: 0.6046 Accuracy Train: 65.495%
Epoch:  5 Batch:   1 Loss: 0.6031 Accuracy Train: 69.040%
Epoch:  5 Batch:  11 Loss: 0.5913 Accuracy Train: 66.331%
Epoch:  5 Batch:  21 Loss: 0.5946 Accuracy Train: 66.374%
Epoch:  5 Batch:  31 Loss: 0.5847 Accuracy Train: 66.775%
Epoch:  5 Batch:  41 Loss: 0.5878 Accuracy Train: 66.969%
Epoch:  5 Batch:  51 Loss: 0.5889 Accuracy Train: 67.207%
Epoch:  5 Batch:  61 Loss: 0.5861 Accuracy Train: 67.303%
Epoch:  5 Batch:  71 Loss: 0.5914 Accuracy Train: 67.509%
Epoch:  5 Batch:  81 Loss: 0.5889 Accuracy Train: 67.756%
Epoch:  6 Batch:   1 Loss: 0.5760 Accuracy Train: 70.240%
Epoch:  6 Batch:  11 Loss: 0.5810 Accuracy Train: 69.213%
Epoch:  6 Batch:  21 Loss: 0.6000 Accuracy Train: 69.132%
Epoch:  6 Batch:  31 Loss: 0.5765 Accuracy Train: 69.215%
Epoch:  6 Batch:  41 Loss: 0.5782 Accuracy Train: 69.220%
Epoch:  6 Batch:  51 Loss: 0.5834 Accuracy Train: 69.178%
Epoch:  6 Batch:  61 Loss: 0.5835 Accuracy Train: 69.156%
Epoch:  6 Batch:  71 Loss: 0.5812 Accuracy Train: 69.124%
Epoch:  6 Batch:  81 Loss: 0.5856 Accuracy Train: 69.147%
Epoch:  7 Batch:   1 Loss: 0.5794 Accuracy Train: 68.420%
Epoch:  7 Batch:  11 Loss: 0.5827 Accuracy Train: 69.676%
Epoch:  7 Batch:  21 Loss: 0.5737 Accuracy Train: 69.556%
Epoch:  7 Batch:  31 Loss: 0.5835 Accuracy Train: 69.468%
Epoch:  7 Batch:  41 Loss: 0.5709 Accuracy Train: 69.587%
Epoch:  7 Batch:  51 Loss: 0.5862 Accuracy Train: 69.545%
Epoch:  7 Batch:  61 Loss: 0.5771 Accuracy Train: 69.546%
Epoch:  7 Batch:  71 Loss: 0.5816 Accuracy Train: 69.564%
Epoch:  7 Batch:  81 Loss: 0.5775 Accuracy Train: 69.579%
Epoch:  8 Batch:   1 Loss: 0.5840 Accuracy Train: 68.540%
Epoch:  8 Batch:  11 Loss: 0.5806 Accuracy Train: 69.275%
Epoch:  8 Batch:  21 Loss: 0.5852 Accuracy Train: 69.604%
Epoch:  8 Batch:  31 Loss: 0.5770 Accuracy Train: 69.695%
Epoch:  8 Batch:  41 Loss: 0.5714 Accuracy Train: 69.778%
Epoch:  8 Batch:  51 Loss: 0.5786 Accuracy Train: 69.727%
Epoch:  8 Batch:  61 Loss: 0.5778 Accuracy Train: 69.698%
Epoch:  8 Batch:  71 Loss: 0.5655 Accuracy Train: 69.738%
Epoch:  8 Batch:  81 Loss: 0.5700 Accuracy Train: 69.662%
Epoch:  9 Batch:   1 Loss: 0.5693 Accuracy Train: 70.320%
Epoch:  9 Batch:  11 Loss: 0.5658 Accuracy Train: 69.424%
Epoch:  9 Batch:  21 Loss: 0.5733 Accuracy Train: 69.567%
Epoch:  9 Batch:  31 Loss: 0.5766 Accuracy Train: 69.519%
Epoch:  9 Batch:  41 Loss: 0.5708 Accuracy Train: 69.666%
Epoch:  9 Batch:  51 Loss: 0.5794 Accuracy Train: 69.682%
Epoch:  9 Batch:  61 Loss: 0.5645 Accuracy Train: 69.729%
Epoch:  9 Batch:  71 Loss: 0.5699 Accuracy Train: 69.742%
Epoch:  9 Batch:  81 Loss: 0.5724 Accuracy Train: 69.786%
Epoch: 10 Batch:   1 Loss: 0.5680 Accuracy Train: 72.140%
Epoch: 10 Batch:  11 Loss: 0.5766 Accuracy Train: 69.613%
Epoch: 10 Batch:  21 Loss: 0.5726 Accuracy Train: 69.925%
Epoch: 10 Batch:  31 Loss: 0.5760 Accuracy Train: 69.975%
Epoch: 10 Batch:  41 Loss: 0.5854 Accuracy Train: 69.924%
Epoch: 10 Batch:  51 Loss: 0.5720 Accuracy Train: 69.816%
Epoch: 10 Batch:  61 Loss: 0.5689 Accuracy Train: 69.940%
Epoch: 10 Batch:  71 Loss: 0.5741 Accuracy Train: 69.830%
Epoch: 10 Batch:  81 Loss: 0.5624 Accuracy Train: 69.837%
Epoch: 11 Batch:   1 Loss: 0.5701 Accuracy Train: 69.820%
Epoch: 11 Batch:  11 Loss: 0.5793 Accuracy Train: 69.611%
Epoch: 11 Batch:  21 Loss: 0.5651 Accuracy Train: 69.877%
Epoch: 11 Batch:  31 Loss: 0.5702 Accuracy Train: 69.754%
Epoch: 11 Batch:  41 Loss: 0.5755 Accuracy Train: 69.796%
Epoch: 11 Batch:  51 Loss: 0.5773 Accuracy Train: 69.960%
Epoch: 11 Batch:  61 Loss: 0.5776 Accuracy Train: 69.947%
Epoch: 11 Batch:  71 Loss: 0.5744 Accuracy Train: 69.993%
Epoch: 11 Batch:  81 Loss: 0.5651 Accuracy Train: 70.058%
Epoch: 12 Batch:   1 Loss: 0.5638 Accuracy Train: 71.040%
Epoch: 12 Batch:  11 Loss: 0.5715 Accuracy Train: 70.060%
Epoch: 12 Batch:  21 Loss: 0.5787 Accuracy Train: 70.009%
Epoch: 12 Batch:  31 Loss: 0.5665 Accuracy Train: 70.011%
Epoch: 12 Batch:  41 Loss: 0.5798 Accuracy Train: 69.755%
Epoch: 12 Batch:  51 Loss: 0.5733 Accuracy Train: 69.673%
Epoch: 12 Batch:  61 Loss: 0.5763 Accuracy Train: 69.670%
Epoch: 12 Batch:  71 Loss: 0.5687 Accuracy Train: 69.696%
Epoch: 12 Batch:  81 Loss: 0.5799 Accuracy Train: 69.757%
Epoch: 13 Batch:   1 Loss: 0.5729 Accuracy Train: 69.180%
Epoch: 13 Batch:  11 Loss: 0.5673 Accuracy Train: 69.867%
Epoch: 13 Batch:  21 Loss: 0.5649 Accuracy Train: 69.831%
Epoch: 13 Batch:  31 Loss: 0.5678 Accuracy Train: 69.924%
Epoch: 13 Batch:  41 Loss: 0.5661 Accuracy Train: 69.986%
Epoch: 13 Batch:  51 Loss: 0.5623 Accuracy Train: 70.008%
Epoch: 13 Batch:  61 Loss: 0.5808 Accuracy Train: 69.979%
Epoch: 13 Batch:  71 Loss: 0.5636 Accuracy Train: 70.010%
Epoch: 13 Batch:  81 Loss: 0.5591 Accuracy Train: 69.989%
Epoch: 14 Batch:   1 Loss: 0.5746 Accuracy Train: 69.200%
Epoch: 14 Batch:  11 Loss: 0.5763 Accuracy Train: 69.520%
Epoch: 14 Batch:  21 Loss: 0.5696 Accuracy Train: 69.540%
Epoch: 14 Batch:  31 Loss: 0.5590 Accuracy Train: 69.648%
Epoch: 14 Batch:  41 Loss: 0.5687 Accuracy Train: 69.661%
Epoch: 14 Batch:  51 Loss: 0.5663 Accuracy Train: 69.659%
Epoch: 14 Batch:  61 Loss: 0.5667 Accuracy Train: 69.658%
Epoch: 14 Batch:  71 Loss: 0.5739 Accuracy Train: 69.639%
Epoch: 14 Batch:  81 Loss: 0.5670 Accuracy Train: 69.634%
Epoch: 15 Batch:   1 Loss: 0.5697 Accuracy Train: 67.480%
Epoch: 15 Batch:  11 Loss: 0.5679 Accuracy Train: 69.709%
Epoch: 15 Batch:  21 Loss: 0.5722 Accuracy Train: 70.228%
Epoch: 15 Batch:  31 Loss: 0.5907 Accuracy Train: 69.955%
Epoch: 15 Batch:  41 Loss: 0.5763 Accuracy Train: 69.790%
Epoch: 15 Batch:  51 Loss: 0.5571 Accuracy Train: 69.775%
Epoch: 15 Batch:  61 Loss: 0.5570 Accuracy Train: 69.965%
Epoch: 15 Batch:  71 Loss: 0.5683 Accuracy Train: 70.009%
Epoch: 15 Batch:  81 Loss: 0.5726 Accuracy Train: 69.994%
Epoch: 16 Batch:   1 Loss: 0.5720 Accuracy Train: 70.620%
Epoch: 16 Batch:  11 Loss: 0.5656 Accuracy Train: 70.502%
Epoch: 16 Batch:  21 Loss: 0.5720 Accuracy Train: 70.330%
Epoch: 16 Batch:  31 Loss: 0.5802 Accuracy Train: 70.239%
Epoch: 16 Batch:  41 Loss: 0.5724 Accuracy Train: 70.125%
Epoch: 16 Batch:  51 Loss: 0.5847 Accuracy Train: 70.078%
Epoch: 16 Batch:  61 Loss: 0.5667 Accuracy Train: 70.088%
Epoch: 16 Batch:  71 Loss: 0.5773 Accuracy Train: 70.058%
Epoch: 16 Batch:  81 Loss: 0.5637 Accuracy Train: 70.069%
Epoch: 17 Batch:   1 Loss: 0.5624 Accuracy Train: 69.500%
Epoch: 17 Batch:  11 Loss: 0.5663 Accuracy Train: 70.431%
Epoch: 17 Batch:  21 Loss: 0.5792 Accuracy Train: 70.321%
Epoch: 17 Batch:  31 Loss: 0.5610 Accuracy Train: 70.328%
Epoch: 17 Batch:  41 Loss: 0.5582 Accuracy Train: 70.256%
Epoch: 17 Batch:  51 Loss: 0.5637 Accuracy Train: 70.309%
Epoch: 17 Batch:  61 Loss: 0.5634 Accuracy Train: 70.328%
Epoch: 17 Batch:  71 Loss: 0.5835 Accuracy Train: 70.327%
Epoch: 17 Batch:  81 Loss: 0.5676 Accuracy Train: 70.252%
Epoch: 18 Batch:   1 Loss: 0.5664 Accuracy Train: 69.960%
Epoch: 18 Batch:  11 Loss: 0.5777 Accuracy Train: 69.745%
Epoch: 18 Batch:  21 Loss: 0.5733 Accuracy Train: 69.957%
Epoch: 18 Batch:  31 Loss: 0.5656 Accuracy Train: 69.902%
Epoch: 18 Batch:  41 Loss: 0.5742 Accuracy Train: 69.871%
Epoch: 18 Batch:  51 Loss: 0.5696 Accuracy Train: 69.842%
Epoch: 18 Batch:  61 Loss: 0.5601 Accuracy Train: 69.839%
Epoch: 18 Batch:  71 Loss: 0.5781 Accuracy Train: 69.851%
Epoch: 18 Batch:  81 Loss: 0.5665 Accuracy Train: 69.904%
Epoch: 19 Batch:   1 Loss: 0.5653 Accuracy Train: 70.040%
Epoch: 19 Batch:  11 Loss: 0.5694 Accuracy Train: 69.996%
Epoch: 19 Batch:  21 Loss: 0.5732 Accuracy Train: 69.835%
Epoch: 19 Batch:  31 Loss: 0.5825 Accuracy Train: 69.889%
Epoch: 19 Batch:  41 Loss: 0.5770 Accuracy Train: 69.983%
Epoch: 19 Batch:  51 Loss: 0.5644 Accuracy Train: 69.993%
Epoch: 19 Batch:  61 Loss: 0.5559 Accuracy Train: 70.145%
Epoch: 19 Batch:  71 Loss: 0.5532 Accuracy Train: 70.235%
Epoch: 19 Batch:  81 Loss: 0.5620 Accuracy Train: 70.231%

Duration: 77 seconds
