Training DynNetGen(
  (layers): Sequential(
    (0): Sequential(
      (0): Conv2d(1, 32, kernel_size=(2, 2), stride=(1, 1))
      (1): ReLU()
    )
    (1): Sequential(
      (0): Conv2d(32, 64, kernel_size=(2, 2), stride=(1, 1))
      (1): ReLU()
    )
    (2): Sequential(
      (0): Conv2d(64, 128, kernel_size=(2, 2), stride=(1, 1))
      (1): ReLU()
    )
    (3): Sequential(
      (0): Flatten(start_dim=1, end_dim=-1)
      (1): Linear(in_features=3200, out_features=2, bias=True)
    )
  )
) in cuda
=================================================================
Layer (type:depth-idx)                   Param #
=================================================================
DynNetGen                                --
├─Sequential: 1-1                        --
│    └─Sequential: 2-1                   --
│    │    └─Conv2d: 3-1                  160
│    │    └─ReLU: 3-2                    --
│    └─Sequential: 2-2                   --
│    │    └─Conv2d: 3-3                  8,256
│    │    └─ReLU: 3-4                    --
│    └─Sequential: 2-3                   --
│    │    └─Conv2d: 3-5                  32,896
│    │    └─ReLU: 3-6                    --
│    └─Sequential: 2-4                   --
│    │    └─Flatten: 3-7                 --
│    │    └─Linear: 3-8                  6,402
=================================================================
Total params: 47,714
Trainable params: 47,714
Non-trainable params: 0
=================================================================
Epoch:  0 Batch:   1 Loss: 0.6935 Accuracy Train: 50.180%
Epoch:  0 Batch:  11 Loss: 0.6924 Accuracy Train: 50.429%
Epoch:  0 Batch:  21 Loss: 0.6741 Accuracy Train: 52.196%
Epoch:  0 Batch:  31 Loss: 0.6704 Accuracy Train: 53.075%
Epoch:  0 Batch:  41 Loss: 0.6690 Accuracy Train: 53.620%
Epoch:  0 Batch:  51 Loss: 0.6667 Accuracy Train: 54.444%
Epoch:  0 Batch:  61 Loss: 0.6697 Accuracy Train: 54.958%
Epoch:  0 Batch:  71 Loss: 0.6650 Accuracy Train: 55.388%
Epoch:  0 Batch:  81 Loss: 0.6633 Accuracy Train: 55.829%
Epoch:  1 Batch:   1 Loss: 0.6564 Accuracy Train: 50.640%
Epoch:  1 Batch:  11 Loss: 0.6586 Accuracy Train: 60.105%
Epoch:  1 Batch:  21 Loss: 0.6558 Accuracy Train: 61.051%
Epoch:  1 Batch:  31 Loss: 0.6511 Accuracy Train: 59.355%
Epoch:  1 Batch:  41 Loss: 0.6417 Accuracy Train: 60.652%
Epoch:  1 Batch:  51 Loss: 0.6467 Accuracy Train: 61.534%
Epoch:  1 Batch:  61 Loss: 0.6495 Accuracy Train: 61.851%
Epoch:  1 Batch:  71 Loss: 0.6294 Accuracy Train: 62.302%
Epoch:  1 Batch:  81 Loss: 0.6378 Accuracy Train: 62.687%
Epoch:  2 Batch:   1 Loss: 0.6327 Accuracy Train: 64.120%
Epoch:  2 Batch:  11 Loss: 0.6354 Accuracy Train: 65.545%
Epoch:  2 Batch:  21 Loss: 0.6329 Accuracy Train: 65.666%
Epoch:  2 Batch:  31 Loss: 0.6057 Accuracy Train: 65.614%
Epoch:  2 Batch:  41 Loss: 0.6087 Accuracy Train: 65.808%
Epoch:  2 Batch:  51 Loss: 0.6053 Accuracy Train: 65.887%
Epoch:  2 Batch:  61 Loss: 0.6040 Accuracy Train: 66.069%
Epoch:  2 Batch:  71 Loss: 0.6061 Accuracy Train: 66.224%
Epoch:  2 Batch:  81 Loss: 0.6030 Accuracy Train: 66.472%
Epoch:  3 Batch:   1 Loss: 0.5943 Accuracy Train: 68.740%
Epoch:  3 Batch:  11 Loss: 0.6027 Accuracy Train: 67.847%
Epoch:  3 Batch:  21 Loss: 0.5865 Accuracy Train: 68.272%
Epoch:  3 Batch:  31 Loss: 0.5797 Accuracy Train: 68.808%
Epoch:  3 Batch:  41 Loss: 0.5849 Accuracy Train: 69.103%
Epoch:  3 Batch:  51 Loss: 0.5932 Accuracy Train: 68.844%
Epoch:  3 Batch:  61 Loss: 0.5832 Accuracy Train: 69.000%
Epoch:  3 Batch:  71 Loss: 0.5766 Accuracy Train: 68.990%
Epoch:  3 Batch:  81 Loss: 0.5949 Accuracy Train: 68.823%
Epoch:  4 Batch:   1 Loss: 0.5949 Accuracy Train: 64.000%
Epoch:  4 Batch:  11 Loss: 0.5705 Accuracy Train: 70.162%
Epoch:  4 Batch:  21 Loss: 0.5636 Accuracy Train: 70.470%
Epoch:  4 Batch:  31 Loss: 0.5661 Accuracy Train: 70.543%
Epoch:  4 Batch:  41 Loss: 0.5554 Accuracy Train: 70.559%
Epoch:  4 Batch:  51 Loss: 0.5604 Accuracy Train: 70.738%
Epoch:  4 Batch:  61 Loss: 0.6618 Accuracy Train: 70.289%
Epoch:  4 Batch:  71 Loss: 0.5897 Accuracy Train: 69.864%
Epoch:  4 Batch:  81 Loss: 0.5768 Accuracy Train: 69.832%
Epoch:  5 Batch:   1 Loss: 0.5729 Accuracy Train: 69.620%
Epoch:  5 Batch:  11 Loss: 0.5497 Accuracy Train: 70.475%
Epoch:  5 Batch:  21 Loss: 0.5562 Accuracy Train: 70.774%
Epoch:  5 Batch:  31 Loss: 0.5456 Accuracy Train: 70.955%
Epoch:  5 Batch:  41 Loss: 0.5516 Accuracy Train: 70.855%
Epoch:  5 Batch:  51 Loss: 0.5539 Accuracy Train: 70.713%
Epoch:  5 Batch:  61 Loss: 0.5699 Accuracy Train: 70.655%
Epoch:  5 Batch:  71 Loss: 0.5558 Accuracy Train: 70.658%
Epoch:  5 Batch:  81 Loss: 0.5496 Accuracy Train: 70.695%
Epoch:  6 Batch:   1 Loss: 0.5466 Accuracy Train: 68.200%
Epoch:  6 Batch:  11 Loss: 0.5368 Accuracy Train: 70.502%
Epoch:  6 Batch:  21 Loss: 0.5245 Accuracy Train: 70.667%
Epoch:  6 Batch:  31 Loss: 0.5319 Accuracy Train: 70.659%
Epoch:  6 Batch:  41 Loss: 0.5270 Accuracy Train: 70.534%
Epoch:  6 Batch:  51 Loss: 0.5244 Accuracy Train: 70.676%
Epoch:  6 Batch:  61 Loss: 0.5156 Accuracy Train: 70.755%
Epoch:  6 Batch:  71 Loss: 0.5126 Accuracy Train: 70.817%
Epoch:  6 Batch:  81 Loss: 0.5217 Accuracy Train: 70.994%
Epoch:  7 Batch:   1 Loss: 0.5336 Accuracy Train: 74.300%
Epoch:  7 Batch:  11 Loss: 0.5137 Accuracy Train: 72.856%
Epoch:  7 Batch:  21 Loss: 0.5064 Accuracy Train: 73.084%
Epoch:  7 Batch:  31 Loss: 0.5105 Accuracy Train: 73.472%
Epoch:  7 Batch:  41 Loss: 0.5033 Accuracy Train: 73.400%
Epoch:  7 Batch:  51 Loss: 0.5192 Accuracy Train: 73.293%
Epoch:  7 Batch:  61 Loss: 0.5210 Accuracy Train: 73.243%
Epoch:  7 Batch:  71 Loss: 0.5161 Accuracy Train: 73.225%
Epoch:  7 Batch:  81 Loss: 0.5190 Accuracy Train: 73.255%
Epoch:  8 Batch:   1 Loss: 0.5215 Accuracy Train: 69.000%
Epoch:  8 Batch:  11 Loss: 0.5172 Accuracy Train: 71.998%
Epoch:  8 Batch:  21 Loss: 0.5168 Accuracy Train: 72.801%
Epoch:  8 Batch:  31 Loss: 0.5050 Accuracy Train: 73.339%
Epoch:  8 Batch:  41 Loss: 0.5088 Accuracy Train: 73.855%
Epoch:  8 Batch:  51 Loss: 0.4856 Accuracy Train: 74.227%
Epoch:  8 Batch:  61 Loss: 0.4870 Accuracy Train: 74.439%
Epoch:  8 Batch:  71 Loss: 0.4914 Accuracy Train: 74.653%
Epoch:  8 Batch:  81 Loss: 0.4924 Accuracy Train: 74.654%
Epoch:  9 Batch:   1 Loss: 0.5165 Accuracy Train: 75.800%
Epoch:  9 Batch:  11 Loss: 0.5016 Accuracy Train: 72.284%
Epoch:  9 Batch:  21 Loss: 0.4988 Accuracy Train: 73.321%
Epoch:  9 Batch:  31 Loss: 0.4856 Accuracy Train: 74.114%
Epoch:  9 Batch:  41 Loss: 0.5004 Accuracy Train: 74.566%
Epoch:  9 Batch:  51 Loss: 0.5018 Accuracy Train: 74.580%
Epoch:  9 Batch:  61 Loss: 0.4966 Accuracy Train: 74.555%
Epoch:  9 Batch:  71 Loss: 0.5133 Accuracy Train: 74.357%
Epoch:  9 Batch:  81 Loss: 0.5074 Accuracy Train: 74.485%
Epoch: 10 Batch:   1 Loss: 0.4974 Accuracy Train: 76.220%
Epoch: 10 Batch:  11 Loss: 0.4890 Accuracy Train: 75.845%
Epoch: 10 Batch:  21 Loss: 0.5017 Accuracy Train: 75.662%
Epoch: 10 Batch:  31 Loss: 0.4857 Accuracy Train: 75.647%
Epoch: 10 Batch:  41 Loss: 0.4962 Accuracy Train: 75.578%
Epoch: 10 Batch:  51 Loss: 0.5016 Accuracy Train: 75.544%
Epoch: 10 Batch:  61 Loss: 0.4992 Accuracy Train: 75.445%
Epoch: 10 Batch:  71 Loss: 0.4920 Accuracy Train: 75.276%
Epoch: 10 Batch:  81 Loss: 0.5805 Accuracy Train: 75.013%
Epoch: 11 Batch:   1 Loss: 0.5573 Accuracy Train: 75.100%
Epoch: 11 Batch:  11 Loss: 0.5142 Accuracy Train: 73.300%
Epoch: 11 Batch:  21 Loss: 0.5178 Accuracy Train: 73.202%
Epoch: 11 Batch:  31 Loss: 0.5214 Accuracy Train: 73.256%
Epoch: 11 Batch:  41 Loss: 0.5033 Accuracy Train: 73.684%
Epoch: 11 Batch:  51 Loss: 0.5045 Accuracy Train: 73.873%
Epoch: 11 Batch:  61 Loss: 0.5196 Accuracy Train: 74.194%
Epoch: 11 Batch:  71 Loss: 0.5112 Accuracy Train: 74.437%
Epoch: 11 Batch:  81 Loss: 0.5096 Accuracy Train: 74.575%
Epoch: 12 Batch:   1 Loss: 0.4991 Accuracy Train: 69.000%
Epoch: 12 Batch:  11 Loss: 0.4912 Accuracy Train: 75.187%
Epoch: 12 Batch:  21 Loss: 0.4849 Accuracy Train: 75.340%
Epoch: 12 Batch:  31 Loss: 0.5024 Accuracy Train: 75.508%
Epoch: 12 Batch:  41 Loss: 0.5005 Accuracy Train: 75.554%
Epoch: 12 Batch:  51 Loss: 0.5033 Accuracy Train: 75.517%
Epoch: 12 Batch:  61 Loss: 0.4842 Accuracy Train: 75.602%
Epoch: 12 Batch:  71 Loss: 0.4916 Accuracy Train: 75.607%
Epoch: 12 Batch:  81 Loss: 0.5075 Accuracy Train: 75.584%
Epoch: 13 Batch:   1 Loss: 0.4890 Accuracy Train: 75.920%
Epoch: 13 Batch:  11 Loss: 0.4961 Accuracy Train: 75.607%
Epoch: 13 Batch:  21 Loss: 0.4878 Accuracy Train: 75.868%
Epoch: 13 Batch:  31 Loss: 0.4875 Accuracy Train: 75.837%
Epoch: 13 Batch:  41 Loss: 0.4907 Accuracy Train: 75.787%
Epoch: 13 Batch:  51 Loss: 0.4938 Accuracy Train: 75.780%
Epoch: 13 Batch:  61 Loss: 0.4813 Accuracy Train: 75.802%
Epoch: 13 Batch:  71 Loss: 0.4874 Accuracy Train: 75.802%
Epoch: 13 Batch:  81 Loss: 0.4824 Accuracy Train: 75.778%
Epoch: 14 Batch:   1 Loss: 0.4947 Accuracy Train: 74.820%
Epoch: 14 Batch:  11 Loss: 0.4894 Accuracy Train: 75.595%
Epoch: 14 Batch:  21 Loss: 0.4822 Accuracy Train: 75.610%
Epoch: 14 Batch:  31 Loss: 0.4828 Accuracy Train: 75.668%
Epoch: 14 Batch:  41 Loss: 0.4858 Accuracy Train: 75.610%
Epoch: 14 Batch:  51 Loss: 0.4851 Accuracy Train: 75.659%
Epoch: 14 Batch:  61 Loss: 0.4923 Accuracy Train: 75.673%
Epoch: 14 Batch:  71 Loss: 0.4853 Accuracy Train: 75.728%
Epoch: 14 Batch:  81 Loss: 0.4906 Accuracy Train: 75.721%
Epoch: 15 Batch:   1 Loss: 0.4882 Accuracy Train: 75.680%
Epoch: 15 Batch:  11 Loss: 0.4826 Accuracy Train: 75.993%
Epoch: 15 Batch:  21 Loss: 0.4882 Accuracy Train: 75.828%
Epoch: 15 Batch:  31 Loss: 0.4876 Accuracy Train: 75.636%
Epoch: 15 Batch:  41 Loss: 0.5037 Accuracy Train: 75.615%
Epoch: 15 Batch:  51 Loss: 0.4906 Accuracy Train: 75.687%
Epoch: 15 Batch:  61 Loss: 0.4923 Accuracy Train: 75.690%
Epoch: 15 Batch:  71 Loss: 0.4923 Accuracy Train: 75.727%
Epoch: 15 Batch:  81 Loss: 0.4827 Accuracy Train: 75.717%
Epoch: 16 Batch:   1 Loss: 0.4800 Accuracy Train: 76.600%
Epoch: 16 Batch:  11 Loss: 0.4883 Accuracy Train: 75.731%
Epoch: 16 Batch:  21 Loss: 0.4824 Accuracy Train: 75.864%
Epoch: 16 Batch:  31 Loss: 0.4926 Accuracy Train: 75.823%
Epoch: 16 Batch:  41 Loss: 0.4991 Accuracy Train: 75.775%
Epoch: 16 Batch:  51 Loss: 0.4795 Accuracy Train: 75.789%
Epoch: 16 Batch:  61 Loss: 0.4712 Accuracy Train: 75.811%
Epoch: 16 Batch:  71 Loss: 0.4932 Accuracy Train: 75.846%
Epoch: 16 Batch:  81 Loss: 0.4809 Accuracy Train: 75.814%
Epoch: 17 Batch:   1 Loss: 0.4787 Accuracy Train: 76.060%
Epoch: 17 Batch:  11 Loss: 0.4696 Accuracy Train: 75.853%
Epoch: 17 Batch:  21 Loss: 0.4849 Accuracy Train: 75.851%
Epoch: 17 Batch:  31 Loss: 0.4895 Accuracy Train: 75.694%
Epoch: 17 Batch:  41 Loss: 0.4873 Accuracy Train: 75.690%
Epoch: 17 Batch:  51 Loss: 0.4924 Accuracy Train: 75.682%
Epoch: 17 Batch:  61 Loss: 0.4822 Accuracy Train: 75.730%
Epoch: 17 Batch:  71 Loss: 0.4859 Accuracy Train: 75.728%
Epoch: 17 Batch:  81 Loss: 0.4874 Accuracy Train: 75.809%
Epoch: 18 Batch:   1 Loss: 0.5003 Accuracy Train: 74.880%
Epoch: 18 Batch:  11 Loss: 0.4897 Accuracy Train: 75.735%
Epoch: 18 Batch:  21 Loss: 0.4753 Accuracy Train: 75.996%
Epoch: 18 Batch:  31 Loss: 0.4984 Accuracy Train: 75.844%
Epoch: 18 Batch:  41 Loss: 0.4831 Accuracy Train: 75.840%
Epoch: 18 Batch:  51 Loss: 0.4675 Accuracy Train: 75.963%
Epoch: 18 Batch:  61 Loss: 0.4788 Accuracy Train: 76.071%
Epoch: 18 Batch:  71 Loss: 0.4789 Accuracy Train: 76.014%
Epoch: 18 Batch:  81 Loss: 0.4951 Accuracy Train: 75.912%
Epoch: 19 Batch:   1 Loss: 0.4743 Accuracy Train: 76.320%
Epoch: 19 Batch:  11 Loss: 0.4852 Accuracy Train: 75.769%
Epoch: 19 Batch:  21 Loss: 0.4876 Accuracy Train: 75.867%
Epoch: 19 Batch:  31 Loss: 0.4828 Accuracy Train: 75.836%
Epoch: 19 Batch:  41 Loss: 0.5013 Accuracy Train: 75.768%
Epoch: 19 Batch:  51 Loss: 0.4832 Accuracy Train: 75.762%
Epoch: 19 Batch:  61 Loss: 0.4815 Accuracy Train: 75.810%
Epoch: 19 Batch:  71 Loss: 0.4858 Accuracy Train: 75.858%
Epoch: 19 Batch:  81 Loss: 0.4849 Accuracy Train: 75.892%

Duration: 125 seconds
