Training DynNetGen(
  (layers): Sequential(
    (0): Sequential(
      (0): Conv2d(1, 32, kernel_size=(2, 2), stride=(1, 1))
      (1): ReLU()
    )
    (1): Sequential(
      (0): Flatten(start_dim=1, end_dim=-1)
      (1): Linear(in_features=1568, out_features=2, bias=True)
    )
  )
) in cuda
=================================================================
Layer (type:depth-idx)                   Param #
=================================================================
DynNetGen                                --
├─Sequential: 1-1                        --
│    └─Sequential: 2-1                   --
│    │    └─Conv2d: 3-1                  160
│    │    └─ReLU: 3-2                    --
│    └─Sequential: 2-2                   --
│    │    └─Flatten: 3-3                 --
│    │    └─Linear: 3-4                  3,138
=================================================================
Total params: 3,298
Trainable params: 3,298
Non-trainable params: 0
=================================================================
Epoch:  0 Batch:   1 Loss: 0.6959 Accuracy Train: 50.620%
Epoch:  0 Batch:  11 Loss: 0.9701 Accuracy Train: 49.933%
Epoch:  0 Batch:  21 Loss: 0.6893 Accuracy Train: 50.620%
Epoch:  0 Batch:  31 Loss: 0.6943 Accuracy Train: 50.934%
Epoch:  0 Batch:  41 Loss: 0.6841 Accuracy Train: 51.677%
Epoch:  0 Batch:  51 Loss: 0.6678 Accuracy Train: 52.506%
Epoch:  0 Batch:  61 Loss: 0.6671 Accuracy Train: 53.234%
Epoch:  0 Batch:  71 Loss: 0.6649 Accuracy Train: 53.661%
Epoch:  0 Batch:  81 Loss: 0.6571 Accuracy Train: 54.271%
Epoch:  1 Batch:   1 Loss: 0.6659 Accuracy Train: 63.920%
Epoch:  1 Batch:  11 Loss: 0.6627 Accuracy Train: 60.145%
Epoch:  1 Batch:  21 Loss: 0.6600 Accuracy Train: 59.952%
Epoch:  1 Batch:  31 Loss: 0.6575 Accuracy Train: 59.606%
Epoch:  1 Batch:  41 Loss: 0.6585 Accuracy Train: 59.401%
Epoch:  1 Batch:  51 Loss: 0.6622 Accuracy Train: 59.041%
Epoch:  1 Batch:  61 Loss: 0.6601 Accuracy Train: 59.288%
Epoch:  1 Batch:  71 Loss: 0.6596 Accuracy Train: 59.625%
Epoch:  1 Batch:  81 Loss: 0.6546 Accuracy Train: 59.993%
Epoch:  2 Batch:   1 Loss: 0.6565 Accuracy Train: 63.940%
Epoch:  2 Batch:  11 Loss: 0.6548 Accuracy Train: 63.749%
Epoch:  2 Batch:  21 Loss: 0.6519 Accuracy Train: 63.816%
Epoch:  2 Batch:  31 Loss: 0.6591 Accuracy Train: 63.823%
Epoch:  2 Batch:  41 Loss: 0.6567 Accuracy Train: 63.695%
Epoch:  2 Batch:  51 Loss: 0.6592 Accuracy Train: 63.728%
Epoch:  2 Batch:  61 Loss: 0.6534 Accuracy Train: 63.899%
Epoch:  2 Batch:  71 Loss: 0.6484 Accuracy Train: 64.047%
Epoch:  2 Batch:  81 Loss: 0.6601 Accuracy Train: 63.947%
Epoch:  3 Batch:   1 Loss: 0.6567 Accuracy Train: 57.800%
Epoch:  3 Batch:  11 Loss: 0.6525 Accuracy Train: 63.144%
Epoch:  3 Batch:  21 Loss: 0.6464 Accuracy Train: 64.057%
Epoch:  3 Batch:  31 Loss: 0.6448 Accuracy Train: 64.479%
Epoch:  3 Batch:  41 Loss: 0.6477 Accuracy Train: 64.594%
Epoch:  3 Batch:  51 Loss: 0.6419 Accuracy Train: 64.762%
Epoch:  3 Batch:  61 Loss: 0.6424 Accuracy Train: 64.862%
Epoch:  3 Batch:  71 Loss: 0.6471 Accuracy Train: 64.733%
Epoch:  3 Batch:  81 Loss: 0.6456 Accuracy Train: 64.592%
Epoch:  4 Batch:   1 Loss: 0.6472 Accuracy Train: 64.660%
Epoch:  4 Batch:  11 Loss: 0.6413 Accuracy Train: 65.275%
Epoch:  4 Batch:  21 Loss: 0.6360 Accuracy Train: 65.376%
Epoch:  4 Batch:  31 Loss: 0.6409 Accuracy Train: 65.253%
Epoch:  4 Batch:  41 Loss: 0.6404 Accuracy Train: 65.022%
Epoch:  4 Batch:  51 Loss: 0.6360 Accuracy Train: 65.133%
Epoch:  4 Batch:  61 Loss: 0.6446 Accuracy Train: 65.248%
Epoch:  4 Batch:  71 Loss: 0.6351 Accuracy Train: 65.323%
Epoch:  4 Batch:  81 Loss: 0.6416 Accuracy Train: 65.368%
Epoch:  5 Batch:   1 Loss: 0.6406 Accuracy Train: 64.780%
Epoch:  5 Batch:  11 Loss: 0.6319 Accuracy Train: 65.555%
Epoch:  5 Batch:  21 Loss: 0.6397 Accuracy Train: 64.951%
Epoch:  5 Batch:  31 Loss: 0.6347 Accuracy Train: 64.195%
Epoch:  5 Batch:  41 Loss: 0.6312 Accuracy Train: 64.167%
Epoch:  5 Batch:  51 Loss: 0.6351 Accuracy Train: 64.230%
Epoch:  5 Batch:  61 Loss: 0.6348 Accuracy Train: 64.555%
Epoch:  5 Batch:  71 Loss: 0.6313 Accuracy Train: 64.741%
Epoch:  5 Batch:  81 Loss: 0.6283 Accuracy Train: 64.864%
Epoch:  6 Batch:   1 Loss: 0.6317 Accuracy Train: 66.660%
Epoch:  6 Batch:  11 Loss: 0.6347 Accuracy Train: 65.540%
Epoch:  6 Batch:  21 Loss: 0.6268 Accuracy Train: 65.054%
Epoch:  6 Batch:  31 Loss: 0.6209 Accuracy Train: 65.664%
Epoch:  6 Batch:  41 Loss: 0.6360 Accuracy Train: 65.774%
Epoch:  6 Batch:  51 Loss: 0.6355 Accuracy Train: 65.798%
Epoch:  6 Batch:  61 Loss: 0.6319 Accuracy Train: 65.398%
Epoch:  6 Batch:  71 Loss: 0.6301 Accuracy Train: 65.046%
Epoch:  6 Batch:  81 Loss: 0.6295 Accuracy Train: 65.299%
Epoch:  7 Batch:   1 Loss: 0.6282 Accuracy Train: 68.100%
Epoch:  7 Batch:  11 Loss: 0.6282 Accuracy Train: 65.771%
Epoch:  7 Batch:  21 Loss: 0.6276 Accuracy Train: 64.844%
Epoch:  7 Batch:  31 Loss: 0.6228 Accuracy Train: 65.346%
Epoch:  7 Batch:  41 Loss: 0.6240 Accuracy Train: 65.547%
Epoch:  7 Batch:  51 Loss: 0.6176 Accuracy Train: 65.564%
Epoch:  7 Batch:  61 Loss: 0.6253 Accuracy Train: 65.983%
Epoch:  7 Batch:  71 Loss: 0.6092 Accuracy Train: 66.277%
Epoch:  7 Batch:  81 Loss: 0.6177 Accuracy Train: 66.501%
Epoch:  8 Batch:   1 Loss: 0.6243 Accuracy Train: 67.940%
Epoch:  8 Batch:  11 Loss: 0.6235 Accuracy Train: 67.493%
Epoch:  8 Batch:  21 Loss: 0.6274 Accuracy Train: 67.768%
Epoch:  8 Batch:  31 Loss: 0.6168 Accuracy Train: 68.146%
Epoch:  8 Batch:  41 Loss: 0.6291 Accuracy Train: 68.212%
Epoch:  8 Batch:  51 Loss: 0.6233 Accuracy Train: 68.200%
Epoch:  8 Batch:  61 Loss: 0.6269 Accuracy Train: 68.213%
Epoch:  8 Batch:  71 Loss: 0.6199 Accuracy Train: 68.177%
Epoch:  8 Batch:  81 Loss: 0.6199 Accuracy Train: 68.177%
Epoch:  9 Batch:   1 Loss: 0.6276 Accuracy Train: 67.000%
Epoch:  9 Batch:  11 Loss: 0.6108 Accuracy Train: 67.842%
Epoch:  9 Batch:  21 Loss: 0.6101 Accuracy Train: 68.047%
Epoch:  9 Batch:  31 Loss: 0.6195 Accuracy Train: 68.198%
Epoch:  9 Batch:  41 Loss: 0.6255 Accuracy Train: 68.180%
Epoch:  9 Batch:  51 Loss: 0.6255 Accuracy Train: 67.889%
Epoch:  9 Batch:  61 Loss: 0.6232 Accuracy Train: 67.756%
Epoch:  9 Batch:  71 Loss: 0.6207 Accuracy Train: 67.394%
Epoch:  9 Batch:  81 Loss: 0.6179 Accuracy Train: 67.455%
Epoch: 10 Batch:   1 Loss: 0.6205 Accuracy Train: 68.520%
Epoch: 10 Batch:  11 Loss: 0.6279 Accuracy Train: 65.527%
Epoch: 10 Batch:  21 Loss: 0.6132 Accuracy Train: 66.332%
Epoch: 10 Batch:  31 Loss: 0.6172 Accuracy Train: 66.888%
Epoch: 10 Batch:  41 Loss: 0.6129 Accuracy Train: 67.153%
Epoch: 10 Batch:  51 Loss: 0.6150 Accuracy Train: 67.079%
Epoch: 10 Batch:  61 Loss: 0.6151 Accuracy Train: 66.596%
Epoch: 10 Batch:  71 Loss: 0.6158 Accuracy Train: 66.773%
Epoch: 10 Batch:  81 Loss: 0.6166 Accuracy Train: 66.961%
Epoch: 11 Batch:   1 Loss: 0.6133 Accuracy Train: 66.460%
Epoch: 11 Batch:  11 Loss: 0.6186 Accuracy Train: 67.938%
Epoch: 11 Batch:  21 Loss: 0.6151 Accuracy Train: 67.987%
Epoch: 11 Batch:  31 Loss: 0.6166 Accuracy Train: 68.104%
Epoch: 11 Batch:  41 Loss: 0.6129 Accuracy Train: 68.227%
Epoch: 11 Batch:  51 Loss: 0.6190 Accuracy Train: 68.216%
Epoch: 11 Batch:  61 Loss: 0.6108 Accuracy Train: 68.183%
Epoch: 11 Batch:  71 Loss: 0.6078 Accuracy Train: 68.171%
Epoch: 11 Batch:  81 Loss: 0.6119 Accuracy Train: 68.159%
Epoch: 12 Batch:   1 Loss: 0.6032 Accuracy Train: 68.940%
Epoch: 12 Batch:  11 Loss: 0.5981 Accuracy Train: 67.676%
Epoch: 12 Batch:  21 Loss: 0.6002 Accuracy Train: 67.795%
Epoch: 12 Batch:  31 Loss: 0.5894 Accuracy Train: 67.977%
Epoch: 12 Batch:  41 Loss: 0.5888 Accuracy Train: 68.128%
Epoch: 12 Batch:  51 Loss: 0.5865 Accuracy Train: 68.196%
Epoch: 12 Batch:  61 Loss: 0.5856 Accuracy Train: 68.247%
Epoch: 12 Batch:  71 Loss: 0.5828 Accuracy Train: 68.324%
Epoch: 12 Batch:  81 Loss: 0.5860 Accuracy Train: 68.398%
Epoch: 13 Batch:   1 Loss: 0.5862 Accuracy Train: 69.840%
Epoch: 13 Batch:  11 Loss: 0.5821 Accuracy Train: 69.033%
Epoch: 13 Batch:  21 Loss: 0.5765 Accuracy Train: 69.126%
Epoch: 13 Batch:  31 Loss: 0.5846 Accuracy Train: 69.163%
Epoch: 13 Batch:  41 Loss: 0.5769 Accuracy Train: 69.023%
Epoch: 13 Batch:  51 Loss: 0.5863 Accuracy Train: 69.071%
Epoch: 13 Batch:  61 Loss: 0.5722 Accuracy Train: 69.090%
Epoch: 13 Batch:  71 Loss: 0.5875 Accuracy Train: 69.143%
Epoch: 13 Batch:  81 Loss: 0.5732 Accuracy Train: 69.161%
Epoch: 14 Batch:   1 Loss: 0.5655 Accuracy Train: 70.660%
Epoch: 14 Batch:  11 Loss: 0.5775 Accuracy Train: 69.451%
Epoch: 14 Batch:  21 Loss: 0.5683 Accuracy Train: 69.472%
Epoch: 14 Batch:  31 Loss: 0.5848 Accuracy Train: 69.367%
Epoch: 14 Batch:  41 Loss: 0.5867 Accuracy Train: 69.283%
Epoch: 14 Batch:  51 Loss: 0.5757 Accuracy Train: 69.282%
Epoch: 14 Batch:  61 Loss: 0.5793 Accuracy Train: 69.332%
Epoch: 14 Batch:  71 Loss: 0.5710 Accuracy Train: 69.384%
Epoch: 14 Batch:  81 Loss: 0.5655 Accuracy Train: 69.396%
Epoch: 15 Batch:   1 Loss: 0.5727 Accuracy Train: 69.260%
Epoch: 15 Batch:  11 Loss: 0.5706 Accuracy Train: 69.551%
Epoch: 15 Batch:  21 Loss: 0.5702 Accuracy Train: 69.583%
Epoch: 15 Batch:  31 Loss: 0.5693 Accuracy Train: 69.541%
Epoch: 15 Batch:  41 Loss: 0.5702 Accuracy Train: 69.548%
Epoch: 15 Batch:  51 Loss: 0.5741 Accuracy Train: 69.496%
Epoch: 15 Batch:  61 Loss: 0.5754 Accuracy Train: 69.523%
Epoch: 15 Batch:  71 Loss: 0.5743 Accuracy Train: 69.572%
Epoch: 15 Batch:  81 Loss: 0.5728 Accuracy Train: 69.603%
Epoch: 16 Batch:   1 Loss: 0.5740 Accuracy Train: 71.200%
Epoch: 16 Batch:  11 Loss: 0.5769 Accuracy Train: 70.200%
Epoch: 16 Batch:  21 Loss: 0.5712 Accuracy Train: 70.008%
Epoch: 16 Batch:  31 Loss: 0.5725 Accuracy Train: 69.952%
Epoch: 16 Batch:  41 Loss: 0.5727 Accuracy Train: 69.831%
Epoch: 16 Batch:  51 Loss: 0.5595 Accuracy Train: 69.806%
Epoch: 16 Batch:  61 Loss: 0.5719 Accuracy Train: 69.804%
Epoch: 16 Batch:  71 Loss: 0.5648 Accuracy Train: 69.777%
Epoch: 16 Batch:  81 Loss: 0.5670 Accuracy Train: 69.775%
Epoch: 17 Batch:   1 Loss: 0.5669 Accuracy Train: 71.760%
Epoch: 17 Batch:  11 Loss: 0.5672 Accuracy Train: 69.885%
Epoch: 17 Batch:  21 Loss: 0.5578 Accuracy Train: 69.853%
Epoch: 17 Batch:  31 Loss: 0.5606 Accuracy Train: 69.874%
Epoch: 17 Batch:  41 Loss: 0.5760 Accuracy Train: 69.871%
Epoch: 17 Batch:  51 Loss: 0.5713 Accuracy Train: 69.849%
Epoch: 17 Batch:  61 Loss: 0.5628 Accuracy Train: 69.814%
Epoch: 17 Batch:  71 Loss: 0.5746 Accuracy Train: 69.852%
Epoch: 17 Batch:  81 Loss: 0.5767 Accuracy Train: 69.877%
Epoch: 18 Batch:   1 Loss: 0.5773 Accuracy Train: 69.240%
Epoch: 18 Batch:  11 Loss: 0.5722 Accuracy Train: 69.653%
Epoch: 18 Batch:  21 Loss: 0.5719 Accuracy Train: 69.654%
Epoch: 18 Batch:  31 Loss: 0.5701 Accuracy Train: 69.824%
Epoch: 18 Batch:  41 Loss: 0.5705 Accuracy Train: 69.839%
Epoch: 18 Batch:  51 Loss: 0.5600 Accuracy Train: 69.969%
Epoch: 18 Batch:  61 Loss: 0.5672 Accuracy Train: 69.998%
Epoch: 18 Batch:  71 Loss: 0.5663 Accuracy Train: 69.979%
Epoch: 18 Batch:  81 Loss: 0.5721 Accuracy Train: 70.006%
Epoch: 19 Batch:   1 Loss: 0.5736 Accuracy Train: 69.220%
Epoch: 19 Batch:  11 Loss: 0.5706 Accuracy Train: 69.775%
Epoch: 19 Batch:  21 Loss: 0.5664 Accuracy Train: 70.004%
Epoch: 19 Batch:  31 Loss: 0.5738 Accuracy Train: 69.995%
Epoch: 19 Batch:  41 Loss: 0.5759 Accuracy Train: 70.017%
Epoch: 19 Batch:  51 Loss: 0.5574 Accuracy Train: 70.135%
Epoch: 19 Batch:  61 Loss: 0.5691 Accuracy Train: 70.112%
Epoch: 19 Batch:  71 Loss: 0.5678 Accuracy Train: 70.058%
Epoch: 19 Batch:  81 Loss: 0.5700 Accuracy Train: 70.060%

Duration: 76 seconds
