Training DynNetGen(
  (layers): Sequential(
    (0): Sequential(
      (0): Conv2d(1, 8, kernel_size=(2, 2), stride=(1, 1))
      (1): ReLU()
    )
    (1): Sequential(
      (0): Conv2d(8, 16, kernel_size=(2, 2), stride=(1, 1))
      (1): ReLU()
    )
    (2): Sequential(
      (0): Conv2d(16, 32, kernel_size=(2, 2), stride=(1, 1))
      (1): ReLU()
    )
    (3): Sequential(
      (0): Flatten(start_dim=1, end_dim=-1)
      (1): Linear(in_features=2592, out_features=2, bias=True)
    )
  )
) in cuda
=================================================================
Layer (type:depth-idx)                   Param #
=================================================================
DynNetGen                                --
├─Sequential: 1-1                        --
│    └─Sequential: 2-1                   --
│    │    └─Conv2d: 3-1                  40
│    │    └─ReLU: 3-2                    --
│    └─Sequential: 2-2                   --
│    │    └─Conv2d: 3-3                  528
│    │    └─ReLU: 3-4                    --
│    └─Sequential: 2-3                   --
│    │    └─Conv2d: 3-5                  2,080
│    │    └─ReLU: 3-6                    --
│    └─Sequential: 2-4                   --
│    │    └─Flatten: 3-7                 --
│    │    └─Linear: 3-8                  5,186
=================================================================
Total params: 7,834
Trainable params: 7,834
Non-trainable params: 0
=================================================================
Epoch:  0 Batch:   1 Loss: 1791.8398 Accuracy Train: 53.100%
Epoch:  1 Batch:   1 Loss: 35783.9570 Accuracy Train: 50.080%
Epoch:  2 Batch:   1 Loss: 16087.0723 Accuracy Train: 49.600%
Epoch:  3 Batch:   1 Loss: 2175.9238 Accuracy Train: 49.420%
Epoch:  4 Batch:   1 Loss: 598.5178 Accuracy Train: 48.500%
Epoch:  5 Batch:   1 Loss: 170.9969 Accuracy Train: 51.560%
Epoch:  6 Batch:   1 Loss: 152.2449 Accuracy Train: 51.900%
Epoch:  7 Batch:   1 Loss: 162.3447 Accuracy Train: 53.080%
Epoch:  8 Batch:   1 Loss: 141.4233 Accuracy Train: 53.040%
Epoch:  9 Batch:   1 Loss: 114.4973 Accuracy Train: 58.780%
Epoch: 10 Batch:   1 Loss: 132.1384 Accuracy Train: 59.380%
Epoch: 11 Batch:   1 Loss: 45.4173 Accuracy Train: 56.440%
Epoch: 12 Batch:   1 Loss: 66.7374 Accuracy Train: 52.300%
Epoch: 13 Batch:   1 Loss: 120.1990 Accuracy Train: 50.500%
Epoch: 14 Batch:   1 Loss: 63.0830 Accuracy Train: 50.900%
Epoch: 15 Batch:   1 Loss: 30.6537 Accuracy Train: 47.920%
Epoch: 16 Batch:   1 Loss: 22.1726 Accuracy Train: 52.220%
Epoch: 17 Batch:   1 Loss: 21.0940 Accuracy Train: 53.500%
Epoch: 18 Batch:   1 Loss: 14.0710 Accuracy Train: 48.680%
Epoch: 19 Batch:   1 Loss: 0.6937 Accuracy Train: 50.680%

Duration: 3 seconds
