Training DynNetGen(
  (layers): Sequential(
    (0): Sequential(
      (0): Conv2d(1, 32, kernel_size=(2, 2), stride=(1, 1))
      (1): ReLU()
    )
    (1): Sequential(
      (0): Flatten(start_dim=1, end_dim=-1)
      (1): Linear(in_features=1568, out_features=2, bias=True)
    )
  )
) in cuda
=================================================================
Layer (type:depth-idx)                   Param #
=================================================================
DynNetGen                                --
├─Sequential: 1-1                        --
│    └─Sequential: 2-1                   --
│    │    └─Conv2d: 3-1                  160
│    │    └─ReLU: 3-2                    --
│    └─Sequential: 2-2                   --
│    │    └─Flatten: 3-3                 --
│    │    └─Linear: 3-4                  3,138
=================================================================
Total params: 3,298
Trainable params: 3,298
Non-trainable params: 0
=================================================================
Epoch:  0 Batch:   1 Loss: 0.6964 Accuracy Train: 50.220%
Epoch:  0 Batch:  11 Loss: 0.8934 Accuracy Train: 50.258%
Epoch:  0 Batch:  21 Loss: 0.6991 Accuracy Train: 50.720%
Epoch:  0 Batch:  31 Loss: 0.6875 Accuracy Train: 51.257%
Epoch:  0 Batch:  41 Loss: 0.6792 Accuracy Train: 52.269%
Epoch:  0 Batch:  51 Loss: 0.6632 Accuracy Train: 52.961%
Epoch:  0 Batch:  61 Loss: 0.6655 Accuracy Train: 53.910%
Epoch:  0 Batch:  71 Loss: 0.6622 Accuracy Train: 54.721%
Epoch:  0 Batch:  81 Loss: 0.6667 Accuracy Train: 55.336%
Epoch:  1 Batch:   1 Loss: 0.6703 Accuracy Train: 56.740%
Epoch:  1 Batch:  11 Loss: 0.6648 Accuracy Train: 58.827%
Epoch:  1 Batch:  21 Loss: 0.6644 Accuracy Train: 58.924%
Epoch:  1 Batch:  31 Loss: 0.6610 Accuracy Train: 58.638%
Epoch:  1 Batch:  41 Loss: 0.6578 Accuracy Train: 58.845%
Epoch:  1 Batch:  51 Loss: 0.6581 Accuracy Train: 59.132%
Epoch:  1 Batch:  61 Loss: 0.6618 Accuracy Train: 59.401%
Epoch:  1 Batch:  71 Loss: 0.6540 Accuracy Train: 59.626%
Epoch:  1 Batch:  81 Loss: 0.6605 Accuracy Train: 59.720%
Epoch:  2 Batch:   1 Loss: 0.6530 Accuracy Train: 64.400%
Epoch:  2 Batch:  11 Loss: 0.6507 Accuracy Train: 61.213%
Epoch:  2 Batch:  21 Loss: 0.6479 Accuracy Train: 61.250%
Epoch:  2 Batch:  31 Loss: 0.6551 Accuracy Train: 61.399%
Epoch:  2 Batch:  41 Loss: 0.6526 Accuracy Train: 61.841%
Epoch:  2 Batch:  51 Loss: 0.6593 Accuracy Train: 62.330%
Epoch:  2 Batch:  61 Loss: 0.6520 Accuracy Train: 62.771%
Epoch:  2 Batch:  71 Loss: 0.6442 Accuracy Train: 63.016%
Epoch:  2 Batch:  81 Loss: 0.6438 Accuracy Train: 63.198%
Epoch:  3 Batch:   1 Loss: 0.6472 Accuracy Train: 64.380%
Epoch:  3 Batch:  11 Loss: 0.6433 Accuracy Train: 63.605%
Epoch:  3 Batch:  21 Loss: 0.6532 Accuracy Train: 62.832%
Epoch:  3 Batch:  31 Loss: 0.6464 Accuracy Train: 62.628%
Epoch:  3 Batch:  41 Loss: 0.6450 Accuracy Train: 62.558%
Epoch:  3 Batch:  51 Loss: 0.6412 Accuracy Train: 63.025%
Epoch:  3 Batch:  61 Loss: 0.6432 Accuracy Train: 63.409%
Epoch:  3 Batch:  71 Loss: 0.6430 Accuracy Train: 63.399%
Epoch:  3 Batch:  81 Loss: 0.6484 Accuracy Train: 63.560%
Epoch:  4 Batch:   1 Loss: 0.6421 Accuracy Train: 64.700%
Epoch:  4 Batch:  11 Loss: 0.6406 Accuracy Train: 64.915%
Epoch:  4 Batch:  21 Loss: 0.6383 Accuracy Train: 64.710%
Epoch:  4 Batch:  31 Loss: 0.6345 Accuracy Train: 65.037%
Epoch:  4 Batch:  41 Loss: 0.6311 Accuracy Train: 64.837%
Epoch:  4 Batch:  51 Loss: 0.6371 Accuracy Train: 64.866%
Epoch:  4 Batch:  61 Loss: 0.6355 Accuracy Train: 65.005%
Epoch:  4 Batch:  71 Loss: 0.6349 Accuracy Train: 65.025%
Epoch:  4 Batch:  81 Loss: 0.6333 Accuracy Train: 65.071%
Epoch:  5 Batch:   1 Loss: 0.6290 Accuracy Train: 64.900%
Epoch:  5 Batch:  11 Loss: 0.6282 Accuracy Train: 64.935%
Epoch:  5 Batch:  21 Loss: 0.6307 Accuracy Train: 65.137%
Epoch:  5 Batch:  31 Loss: 0.6314 Accuracy Train: 65.111%
Epoch:  5 Batch:  41 Loss: 0.6360 Accuracy Train: 65.207%
Epoch:  5 Batch:  51 Loss: 0.6341 Accuracy Train: 65.354%
Epoch:  5 Batch:  61 Loss: 0.6245 Accuracy Train: 65.605%
Epoch:  5 Batch:  71 Loss: 0.6276 Accuracy Train: 65.845%
Epoch:  5 Batch:  81 Loss: 0.6300 Accuracy Train: 65.949%
Epoch:  6 Batch:   1 Loss: 0.6221 Accuracy Train: 69.900%
Epoch:  6 Batch:  11 Loss: 0.6304 Accuracy Train: 67.838%
Epoch:  6 Batch:  21 Loss: 0.6245 Accuracy Train: 67.609%
Epoch:  6 Batch:  31 Loss: 0.6202 Accuracy Train: 67.419%
Epoch:  6 Batch:  41 Loss: 0.6196 Accuracy Train: 67.440%
Epoch:  6 Batch:  51 Loss: 0.6265 Accuracy Train: 67.566%
Epoch:  6 Batch:  61 Loss: 0.6263 Accuracy Train: 67.532%
Epoch:  6 Batch:  71 Loss: 0.6242 Accuracy Train: 67.582%
Epoch:  6 Batch:  81 Loss: 0.6230 Accuracy Train: 67.604%
Epoch:  7 Batch:   1 Loss: 0.6261 Accuracy Train: 73.840%
Epoch:  7 Batch:  11 Loss: 0.6249 Accuracy Train: 68.638%
Epoch:  7 Batch:  21 Loss: 0.6214 Accuracy Train: 68.239%
Epoch:  7 Batch:  31 Loss: 0.6251 Accuracy Train: 68.051%
Epoch:  7 Batch:  41 Loss: 0.6212 Accuracy Train: 67.974%
Epoch:  7 Batch:  51 Loss: 0.6227 Accuracy Train: 67.957%
Epoch:  7 Batch:  61 Loss: 0.6275 Accuracy Train: 67.997%
Epoch:  7 Batch:  71 Loss: 0.6306 Accuracy Train: 67.990%
Epoch:  7 Batch:  81 Loss: 0.6278 Accuracy Train: 67.953%
Epoch:  8 Batch:   1 Loss: 0.6102 Accuracy Train: 55.360%
Epoch:  8 Batch:  11 Loss: 0.6210 Accuracy Train: 62.845%
Epoch:  8 Batch:  21 Loss: 0.6230 Accuracy Train: 64.697%
Epoch:  8 Batch:  31 Loss: 0.6204 Accuracy Train: 64.958%
Epoch:  8 Batch:  41 Loss: 0.6257 Accuracy Train: 64.960%
Epoch:  8 Batch:  51 Loss: 0.6367 Accuracy Train: 65.190%
Epoch:  8 Batch:  61 Loss: 0.6219 Accuracy Train: 65.706%
Epoch:  8 Batch:  71 Loss: 0.6166 Accuracy Train: 66.092%
Epoch:  8 Batch:  81 Loss: 0.6277 Accuracy Train: 66.362%
Epoch:  9 Batch:   1 Loss: 0.6218 Accuracy Train: 68.320%
Epoch:  9 Batch:  11 Loss: 0.6244 Accuracy Train: 67.425%
Epoch:  9 Batch:  21 Loss: 0.6143 Accuracy Train: 67.622%
Epoch:  9 Batch:  31 Loss: 0.6232 Accuracy Train: 67.753%
Epoch:  9 Batch:  41 Loss: 0.6104 Accuracy Train: 67.874%
Epoch:  9 Batch:  51 Loss: 0.6223 Accuracy Train: 67.878%
Epoch:  9 Batch:  61 Loss: 0.6230 Accuracy Train: 67.910%
Epoch:  9 Batch:  71 Loss: 0.6207 Accuracy Train: 67.922%
Epoch:  9 Batch:  81 Loss: 0.6212 Accuracy Train: 67.728%
Epoch: 10 Batch:   1 Loss: 0.6302 Accuracy Train: 66.360%
Epoch: 10 Batch:  11 Loss: 0.6187 Accuracy Train: 65.896%
Epoch: 10 Batch:  21 Loss: 0.6173 Accuracy Train: 67.242%
Epoch: 10 Batch:  31 Loss: 0.6168 Accuracy Train: 67.382%
Epoch: 10 Batch:  41 Loss: 0.6217 Accuracy Train: 67.552%
Epoch: 10 Batch:  51 Loss: 0.6133 Accuracy Train: 67.652%
Epoch: 10 Batch:  61 Loss: 0.6155 Accuracy Train: 67.762%
Epoch: 10 Batch:  71 Loss: 0.6212 Accuracy Train: 67.529%
Epoch: 10 Batch:  81 Loss: 0.6154 Accuracy Train: 67.591%
Epoch: 11 Batch:   1 Loss: 0.6179 Accuracy Train: 69.120%
Epoch: 11 Batch:  11 Loss: 0.6171 Accuracy Train: 66.842%
Epoch: 11 Batch:  21 Loss: 0.6285 Accuracy Train: 67.453%
Epoch: 11 Batch:  31 Loss: 0.6156 Accuracy Train: 67.628%
Epoch: 11 Batch:  41 Loss: 0.6204 Accuracy Train: 67.780%
Epoch: 11 Batch:  51 Loss: 0.6165 Accuracy Train: 67.867%
Epoch: 11 Batch:  61 Loss: 0.6237 Accuracy Train: 67.853%
Epoch: 11 Batch:  71 Loss: 0.6265 Accuracy Train: 67.675%
Epoch: 11 Batch:  81 Loss: 0.6149 Accuracy Train: 67.737%
Epoch: 12 Batch:   1 Loss: 0.6140 Accuracy Train: 68.420%
Epoch: 12 Batch:  11 Loss: 0.6235 Accuracy Train: 67.649%
Epoch: 12 Batch:  21 Loss: 0.6179 Accuracy Train: 67.970%
Epoch: 12 Batch:  31 Loss: 0.6145 Accuracy Train: 67.963%
Epoch: 12 Batch:  41 Loss: 0.6223 Accuracy Train: 68.001%
Epoch: 12 Batch:  51 Loss: 0.6144 Accuracy Train: 68.001%
Epoch: 12 Batch:  61 Loss: 0.6186 Accuracy Train: 68.025%
Epoch: 12 Batch:  71 Loss: 0.6252 Accuracy Train: 68.077%
Epoch: 12 Batch:  81 Loss: 0.6174 Accuracy Train: 68.099%
Epoch: 13 Batch:   1 Loss: 0.6187 Accuracy Train: 66.220%
Epoch: 13 Batch:  11 Loss: 0.6226 Accuracy Train: 66.269%
Epoch: 13 Batch:  21 Loss: 0.6212 Accuracy Train: 67.350%
Epoch: 13 Batch:  31 Loss: 0.6168 Accuracy Train: 67.562%
Epoch: 13 Batch:  41 Loss: 0.6202 Accuracy Train: 67.680%
Epoch: 13 Batch:  51 Loss: 0.6139 Accuracy Train: 67.834%
Epoch: 13 Batch:  61 Loss: 0.6171 Accuracy Train: 67.921%
Epoch: 13 Batch:  71 Loss: 0.6190 Accuracy Train: 67.780%
Epoch: 13 Batch:  81 Loss: 0.6066 Accuracy Train: 67.815%
Epoch: 14 Batch:   1 Loss: 0.6109 Accuracy Train: 69.340%
Epoch: 14 Batch:  11 Loss: 0.6112 Accuracy Train: 68.469%
Epoch: 14 Batch:  21 Loss: 0.6066 Accuracy Train: 68.327%
Epoch: 14 Batch:  31 Loss: 0.6141 Accuracy Train: 68.341%
Epoch: 14 Batch:  41 Loss: 0.6112 Accuracy Train: 68.341%
Epoch: 14 Batch:  51 Loss: 0.6098 Accuracy Train: 68.299%
Epoch: 14 Batch:  61 Loss: 0.6051 Accuracy Train: 68.324%
Epoch: 14 Batch:  71 Loss: 0.6142 Accuracy Train: 68.328%
Epoch: 14 Batch:  81 Loss: 0.6157 Accuracy Train: 68.467%
Epoch: 15 Batch:   1 Loss: 0.6151 Accuracy Train: 67.160%
Epoch: 15 Batch:  11 Loss: 0.6130 Accuracy Train: 68.173%
Epoch: 15 Batch:  21 Loss: 0.6103 Accuracy Train: 68.218%
Epoch: 15 Batch:  31 Loss: 0.6181 Accuracy Train: 68.105%
Epoch: 15 Batch:  41 Loss: 0.6135 Accuracy Train: 68.198%
Epoch: 15 Batch:  51 Loss: 0.6146 Accuracy Train: 68.233%
Epoch: 15 Batch:  61 Loss: 0.6158 Accuracy Train: 68.233%
Epoch: 15 Batch:  71 Loss: 0.6085 Accuracy Train: 68.223%
Epoch: 15 Batch:  81 Loss: 0.6042 Accuracy Train: 68.245%
Epoch: 16 Batch:   1 Loss: 0.6181 Accuracy Train: 67.260%
Epoch: 16 Batch:  11 Loss: 0.6136 Accuracy Train: 69.262%
Epoch: 16 Batch:  21 Loss: 0.6084 Accuracy Train: 68.726%
Epoch: 16 Batch:  31 Loss: 0.6091 Accuracy Train: 68.733%
Epoch: 16 Batch:  41 Loss: 0.6133 Accuracy Train: 68.824%
Epoch: 16 Batch:  51 Loss: 0.6150 Accuracy Train: 68.675%
Epoch: 16 Batch:  61 Loss: 0.6117 Accuracy Train: 68.728%
Epoch: 16 Batch:  71 Loss: 0.6113 Accuracy Train: 68.669%
Epoch: 16 Batch:  81 Loss: 0.6127 Accuracy Train: 68.659%
Epoch: 17 Batch:   1 Loss: 0.6132 Accuracy Train: 67.720%
Epoch: 17 Batch:  11 Loss: 0.6135 Accuracy Train: 69.198%
Epoch: 17 Batch:  21 Loss: 0.6072 Accuracy Train: 69.079%
Epoch: 17 Batch:  31 Loss: 0.6171 Accuracy Train: 68.439%
Epoch: 17 Batch:  41 Loss: 0.6193 Accuracy Train: 68.613%
Epoch: 17 Batch:  51 Loss: 0.6091 Accuracy Train: 68.510%
Epoch: 17 Batch:  61 Loss: 0.6143 Accuracy Train: 68.525%
Epoch: 17 Batch:  71 Loss: 0.6053 Accuracy Train: 68.526%
Epoch: 17 Batch:  81 Loss: 0.6092 Accuracy Train: 68.543%
Epoch: 18 Batch:   1 Loss: 0.6124 Accuracy Train: 66.980%
Epoch: 18 Batch:  11 Loss: 0.6100 Accuracy Train: 68.484%
Epoch: 18 Batch:  21 Loss: 0.6042 Accuracy Train: 68.352%
Epoch: 18 Batch:  31 Loss: 0.6236 Accuracy Train: 68.186%
Epoch: 18 Batch:  41 Loss: 0.6104 Accuracy Train: 68.237%
Epoch: 18 Batch:  51 Loss: 0.6111 Accuracy Train: 68.254%
Epoch: 18 Batch:  61 Loss: 0.6065 Accuracy Train: 68.265%
Epoch: 18 Batch:  71 Loss: 0.6101 Accuracy Train: 68.274%
Epoch: 18 Batch:  81 Loss: 0.6034 Accuracy Train: 68.275%
Epoch: 19 Batch:   1 Loss: 0.6136 Accuracy Train: 68.020%
Epoch: 19 Batch:  11 Loss: 0.6073 Accuracy Train: 68.409%
Epoch: 19 Batch:  21 Loss: 0.6143 Accuracy Train: 68.483%
Epoch: 19 Batch:  31 Loss: 0.6138 Accuracy Train: 68.365%
Epoch: 19 Batch:  41 Loss: 0.6131 Accuracy Train: 68.675%
Epoch: 19 Batch:  51 Loss: 0.6031 Accuracy Train: 68.708%
Epoch: 19 Batch:  61 Loss: 0.6096 Accuracy Train: 68.831%
Epoch: 19 Batch:  71 Loss: 0.6114 Accuracy Train: 68.653%
Epoch: 19 Batch:  81 Loss: 0.6043 Accuracy Train: 68.639%

Duration: 55 seconds
