Training DynNetGen(
  (layers): Sequential(
    (0): Sequential(
      (0): Conv2d(1, 8, kernel_size=(2, 2), stride=(1, 1))
      (1): ReLU()
    )
    (1): Sequential(
      (0): Conv2d(8, 16, kernel_size=(2, 2), stride=(1, 1))
      (1): ReLU()
    )
    (2): Sequential(
      (0): Conv2d(16, 32, kernel_size=(2, 2), stride=(1, 1))
      (1): ReLU()
    )
    (3): Sequential(
      (0): Flatten(start_dim=1, end_dim=-1)
      (1): Linear(in_features=2592, out_features=2, bias=True)
    )
  )
) in cuda
=================================================================
Layer (type:depth-idx)                   Param #
=================================================================
DynNetGen                                --
├─Sequential: 1-1                        --
│    └─Sequential: 2-1                   --
│    │    └─Conv2d: 3-1                  40
│    │    └─ReLU: 3-2                    --
│    └─Sequential: 2-2                   --
│    │    └─Conv2d: 3-3                  528
│    │    └─ReLU: 3-4                    --
│    └─Sequential: 2-3                   --
│    │    └─Conv2d: 3-5                  2,080
│    │    └─ReLU: 3-6                    --
│    └─Sequential: 2-4                   --
│    │    └─Flatten: 3-7                 --
│    │    └─Linear: 3-8                  5,186
=================================================================
Total params: 7,834
Trainable params: 7,834
Non-trainable params: 0
=================================================================
Epoch:  0 Batch:   1 Loss: 0.6946 Accuracy Train: 49.840%
Epoch:  0 Batch:  11 Loss: 0.6849 Accuracy Train: 52.664%
Epoch:  0 Batch:  21 Loss: 0.6509 Accuracy Train: 56.304%
Epoch:  0 Batch:  31 Loss: 0.6515 Accuracy Train: 58.306%
Epoch:  1 Batch:   1 Loss: 0.6490 Accuracy Train: 63.380%
Epoch:  1 Batch:  11 Loss: 0.6312 Accuracy Train: 64.605%
Epoch:  1 Batch:  21 Loss: 0.6240 Accuracy Train: 64.550%
Epoch:  1 Batch:  31 Loss: 0.6244 Accuracy Train: 64.663%
Epoch:  2 Batch:   1 Loss: 0.6243 Accuracy Train: 63.980%
Epoch:  2 Batch:  11 Loss: 0.6137 Accuracy Train: 65.678%
Epoch:  2 Batch:  21 Loss: 0.6066 Accuracy Train: 66.327%
Epoch:  2 Batch:  31 Loss: 0.5976 Accuracy Train: 66.707%
Epoch:  3 Batch:   1 Loss: 0.5918 Accuracy Train: 68.060%
Epoch:  3 Batch:  11 Loss: 0.6078 Accuracy Train: 68.180%
Epoch:  3 Batch:  21 Loss: 0.6089 Accuracy Train: 68.071%
Epoch:  3 Batch:  31 Loss: 0.6002 Accuracy Train: 68.050%
Epoch:  4 Batch:   1 Loss: 0.5915 Accuracy Train: 68.060%
Epoch:  4 Batch:  11 Loss: 0.5858 Accuracy Train: 69.033%
Epoch:  4 Batch:  21 Loss: 0.5971 Accuracy Train: 68.864%
Epoch:  4 Batch:  31 Loss: 0.5894 Accuracy Train: 68.872%
Epoch:  5 Batch:   1 Loss: 0.6023 Accuracy Train: 69.440%
Epoch:  5 Batch:  11 Loss: 0.5988 Accuracy Train: 68.853%
Epoch:  5 Batch:  21 Loss: 0.5937 Accuracy Train: 68.943%
Epoch:  5 Batch:  31 Loss: 0.5870 Accuracy Train: 68.976%
Epoch:  6 Batch:   1 Loss: 0.5926 Accuracy Train: 68.380%
Epoch:  6 Batch:  11 Loss: 0.5815 Accuracy Train: 69.627%
Epoch:  6 Batch:  21 Loss: 0.5897 Accuracy Train: 69.419%
Epoch:  6 Batch:  31 Loss: 0.5940 Accuracy Train: 69.486%
Epoch:  7 Batch:   1 Loss: 0.5805 Accuracy Train: 69.740%
Epoch:  7 Batch:  11 Loss: 0.5807 Accuracy Train: 69.936%
Epoch:  7 Batch:  21 Loss: 0.5918 Accuracy Train: 69.865%
Epoch:  7 Batch:  31 Loss: 0.5763 Accuracy Train: 69.699%
Epoch:  8 Batch:   1 Loss: 0.5880 Accuracy Train: 70.040%
Epoch:  8 Batch:  11 Loss: 0.5761 Accuracy Train: 69.849%
Epoch:  8 Batch:  21 Loss: 0.5978 Accuracy Train: 69.844%
Epoch:  8 Batch:  31 Loss: 0.5877 Accuracy Train: 69.906%
Epoch:  9 Batch:   1 Loss: 0.5687 Accuracy Train: 70.760%
Epoch:  9 Batch:  11 Loss: 0.5790 Accuracy Train: 69.691%
Epoch:  9 Batch:  21 Loss: 0.5968 Accuracy Train: 69.776%
Epoch:  9 Batch:  31 Loss: 0.5828 Accuracy Train: 69.755%
Epoch: 10 Batch:   1 Loss: 0.5826 Accuracy Train: 70.720%
Epoch: 10 Batch:  11 Loss: 0.5747 Accuracy Train: 69.980%
Epoch: 10 Batch:  21 Loss: 0.5756 Accuracy Train: 70.144%
Epoch: 10 Batch:  31 Loss: 0.5766 Accuracy Train: 70.230%
Epoch: 11 Batch:   1 Loss: 0.5800 Accuracy Train: 69.740%
Epoch: 11 Batch:  11 Loss: 0.5702 Accuracy Train: 70.258%
Epoch: 11 Batch:  21 Loss: 0.5641 Accuracy Train: 70.075%
Epoch: 11 Batch:  31 Loss: 0.5733 Accuracy Train: 70.173%
Epoch: 12 Batch:   1 Loss: 0.5714 Accuracy Train: 70.240%
Epoch: 12 Batch:  11 Loss: 0.5819 Accuracy Train: 70.153%
Epoch: 12 Batch:  21 Loss: 0.5730 Accuracy Train: 70.381%
Epoch: 12 Batch:  31 Loss: 0.5724 Accuracy Train: 70.286%
Epoch: 13 Batch:   1 Loss: 0.5852 Accuracy Train: 70.860%
Epoch: 13 Batch:  11 Loss: 0.5697 Accuracy Train: 70.349%
Epoch: 13 Batch:  21 Loss: 0.5574 Accuracy Train: 70.314%
Epoch: 13 Batch:  31 Loss: 0.5789 Accuracy Train: 70.310%
Epoch: 14 Batch:   1 Loss: 0.5711 Accuracy Train: 70.040%
Epoch: 14 Batch:  11 Loss: 0.5649 Accuracy Train: 70.271%
Epoch: 14 Batch:  21 Loss: 0.5657 Accuracy Train: 70.390%
Epoch: 14 Batch:  31 Loss: 0.5663 Accuracy Train: 70.405%
Epoch: 15 Batch:   1 Loss: 0.5806 Accuracy Train: 69.300%
Epoch: 15 Batch:  11 Loss: 0.5685 Accuracy Train: 70.233%
Epoch: 15 Batch:  21 Loss: 0.5780 Accuracy Train: 70.361%
Epoch: 15 Batch:  31 Loss: 0.5773 Accuracy Train: 70.368%
Epoch: 16 Batch:   1 Loss: 0.5713 Accuracy Train: 70.460%
Epoch: 16 Batch:  11 Loss: 0.5826 Accuracy Train: 70.431%
Epoch: 16 Batch:  21 Loss: 0.5569 Accuracy Train: 70.570%
Epoch: 16 Batch:  31 Loss: 0.5693 Accuracy Train: 70.481%
Epoch: 17 Batch:   1 Loss: 0.5718 Accuracy Train: 69.840%
Epoch: 17 Batch:  11 Loss: 0.5715 Accuracy Train: 70.364%
Epoch: 17 Batch:  21 Loss: 0.5708 Accuracy Train: 70.459%
Epoch: 17 Batch:  31 Loss: 0.5630 Accuracy Train: 70.353%
Epoch: 18 Batch:   1 Loss: 0.5715 Accuracy Train: 70.420%
Epoch: 18 Batch:  11 Loss: 0.5743 Accuracy Train: 70.647%
Epoch: 18 Batch:  21 Loss: 0.5758 Accuracy Train: 70.487%
Epoch: 18 Batch:  31 Loss: 0.5600 Accuracy Train: 70.503%
Epoch: 19 Batch:   1 Loss: 0.5643 Accuracy Train: 70.720%
Epoch: 19 Batch:  11 Loss: 0.5712 Accuracy Train: 70.664%
Epoch: 19 Batch:  21 Loss: 0.5716 Accuracy Train: 70.459%
Epoch: 19 Batch:  31 Loss: 0.5604 Accuracy Train: 70.514%

Duration: 44 seconds
