Training DynNetGen(
  (layers): Sequential(
    (0): Sequential(
      (0): Conv2d(1, 8, kernel_size=(2, 2), stride=(1, 1))
      (1): ReLU()
    )
    (1): Sequential(
      (0): Conv2d(8, 16, kernel_size=(2, 2), stride=(1, 1))
      (1): ReLU()
    )
    (2): Sequential(
      (0): Conv2d(16, 32, kernel_size=(2, 2), stride=(1, 1))
      (1): ReLU()
    )
    (3): Sequential(
      (0): Flatten(start_dim=1, end_dim=-1)
      (1): Linear(in_features=2592, out_features=2, bias=True)
    )
  )
) in cuda
=================================================================
Layer (type:depth-idx)                   Param #
=================================================================
DynNetGen                                --
├─Sequential: 1-1                        --
│    └─Sequential: 2-1                   --
│    │    └─Conv2d: 3-1                  40
│    │    └─ReLU: 3-2                    --
│    └─Sequential: 2-2                   --
│    │    └─Conv2d: 3-3                  528
│    │    └─ReLU: 3-4                    --
│    └─Sequential: 2-3                   --
│    │    └─Conv2d: 3-5                  2,080
│    │    └─ReLU: 3-6                    --
│    └─Sequential: 2-4                   --
│    │    └─Flatten: 3-7                 --
│    │    └─Linear: 3-8                  5,186
=================================================================
Total params: 7,834
Trainable params: 7,834
Non-trainable params: 0
=================================================================
Epoch:  0 Batch:   1 Loss: 4214.9927 Accuracy Train: 53.780%
Epoch:  1 Batch:   1 Loss: 26829.5566 Accuracy Train: 51.720%
Epoch:  2 Batch:   1 Loss: 18269.0215 Accuracy Train: 49.660%
Epoch:  3 Batch:   1 Loss: 2337.9392 Accuracy Train: 49.560%
Epoch:  4 Batch:   1 Loss: 1299.3380 Accuracy Train: 50.100%
Epoch:  5 Batch:   1 Loss: 504.0203 Accuracy Train: 53.400%
Epoch:  6 Batch:   1 Loss: 207.3400 Accuracy Train: 46.120%
Epoch:  7 Batch:   1 Loss: 169.2214 Accuracy Train: 51.700%
Epoch:  8 Batch:   1 Loss: 288.3693 Accuracy Train: 47.580%
Epoch:  9 Batch:   1 Loss: 173.4676 Accuracy Train: 55.660%
Epoch: 10 Batch:   1 Loss: 205.7260 Accuracy Train: 52.840%
Epoch: 11 Batch:   1 Loss: 152.4785 Accuracy Train: 54.560%
Epoch: 12 Batch:   1 Loss: 144.9741 Accuracy Train: 55.040%
Epoch: 13 Batch:   1 Loss: 206.4214 Accuracy Train: 47.400%
Epoch: 14 Batch:   1 Loss: 35.8338 Accuracy Train: 51.780%
Epoch: 15 Batch:   1 Loss: 82.4593 Accuracy Train: 46.660%
Epoch: 16 Batch:   1 Loss: 85.0392 Accuracy Train: 47.760%
Epoch: 17 Batch:   1 Loss: 35.4630 Accuracy Train: 49.000%
Epoch: 18 Batch:   1 Loss: 14.3710 Accuracy Train: 52.420%
Epoch: 19 Batch:   1 Loss: 53.5000 Accuracy Train: 49.020%

Duration: 4 seconds
