Training DynNetGen(
  (layers): Sequential(
    (0): Sequential(
      (0): Conv2d(1, 16, kernel_size=(2, 2), stride=(1, 1))
      (1): ReLU()
    )
    (1): Sequential(
      (0): Flatten(start_dim=1, end_dim=-1)
      (1): Linear(in_features=784, out_features=2, bias=True)
    )
  )
) in cuda
=================================================================
Layer (type:depth-idx)                   Param #
=================================================================
DynNetGen                                --
├─Sequential: 1-1                        --
│    └─Sequential: 2-1                   --
│    │    └─Conv2d: 3-1                  80
│    │    └─ReLU: 3-2                    --
│    └─Sequential: 2-2                   --
│    │    └─Flatten: 3-3                 --
│    │    └─Linear: 3-4                  1,570
=================================================================
Total params: 1,650
Trainable params: 1,650
Non-trainable params: 0
=================================================================
Epoch:  0 Batch:   1 Loss: 0.7214 Accuracy Train: 49.240%
Epoch:  0 Batch:  11 Loss: 0.7522 Accuracy Train: 50.513%
Epoch:  0 Batch:  21 Loss: 0.6802 Accuracy Train: 51.417%
Epoch:  0 Batch:  31 Loss: 0.6762 Accuracy Train: 52.201%
Epoch:  0 Batch:  41 Loss: 0.6667 Accuracy Train: 52.742%
Epoch:  0 Batch:  51 Loss: 0.6674 Accuracy Train: 53.719%
Epoch:  0 Batch:  61 Loss: 0.6632 Accuracy Train: 54.267%
Epoch:  0 Batch:  71 Loss: 0.6649 Accuracy Train: 54.976%
Epoch:  0 Batch:  81 Loss: 0.6621 Accuracy Train: 55.574%
Epoch:  1 Batch:   1 Loss: 0.6655 Accuracy Train: 56.800%
Epoch:  1 Batch:  11 Loss: 0.6645 Accuracy Train: 59.720%
Epoch:  1 Batch:  21 Loss: 0.6598 Accuracy Train: 60.331%
Epoch:  1 Batch:  31 Loss: 0.6649 Accuracy Train: 60.677%
Epoch:  1 Batch:  41 Loss: 0.6548 Accuracy Train: 61.163%
Epoch:  1 Batch:  51 Loss: 0.6608 Accuracy Train: 61.582%
Epoch:  1 Batch:  61 Loss: 0.6591 Accuracy Train: 61.745%
Epoch:  1 Batch:  71 Loss: 0.6550 Accuracy Train: 61.950%
Epoch:  1 Batch:  81 Loss: 0.6579 Accuracy Train: 62.295%
Epoch:  2 Batch:   1 Loss: 0.6501 Accuracy Train: 58.940%
Epoch:  2 Batch:  11 Loss: 0.6514 Accuracy Train: 63.420%
Epoch:  2 Batch:  21 Loss: 0.6498 Accuracy Train: 63.983%
Epoch:  2 Batch:  31 Loss: 0.6535 Accuracy Train: 64.319%
Epoch:  2 Batch:  41 Loss: 0.6528 Accuracy Train: 64.400%
Epoch:  2 Batch:  51 Loss: 0.6470 Accuracy Train: 64.501%
Epoch:  2 Batch:  61 Loss: 0.6493 Accuracy Train: 64.562%
Epoch:  2 Batch:  71 Loss: 0.6535 Accuracy Train: 64.609%
Epoch:  2 Batch:  81 Loss: 0.6419 Accuracy Train: 64.721%
Epoch:  3 Batch:   1 Loss: 0.6466 Accuracy Train: 64.460%
Epoch:  3 Batch:  11 Loss: 0.6432 Accuracy Train: 65.158%
Epoch:  3 Batch:  21 Loss: 0.6387 Accuracy Train: 65.299%
Epoch:  3 Batch:  31 Loss: 0.6422 Accuracy Train: 65.315%
Epoch:  3 Batch:  41 Loss: 0.6477 Accuracy Train: 64.204%
Epoch:  3 Batch:  51 Loss: 0.6406 Accuracy Train: 64.402%
Epoch:  3 Batch:  61 Loss: 0.6352 Accuracy Train: 64.525%
Epoch:  3 Batch:  71 Loss: 0.6373 Accuracy Train: 64.651%
Epoch:  3 Batch:  81 Loss: 0.6441 Accuracy Train: 64.759%
Epoch:  4 Batch:   1 Loss: 0.6380 Accuracy Train: 66.320%
Epoch:  4 Batch:  11 Loss: 0.6341 Accuracy Train: 65.735%
Epoch:  4 Batch:  21 Loss: 0.6293 Accuracy Train: 65.555%
Epoch:  4 Batch:  31 Loss: 0.6370 Accuracy Train: 65.590%
Epoch:  4 Batch:  41 Loss: 0.6460 Accuracy Train: 65.594%
Epoch:  4 Batch:  51 Loss: 0.6433 Accuracy Train: 65.504%
Epoch:  4 Batch:  61 Loss: 0.6339 Accuracy Train: 65.561%
Epoch:  4 Batch:  71 Loss: 0.6310 Accuracy Train: 65.366%
Epoch:  4 Batch:  81 Loss: 0.6415 Accuracy Train: 65.359%
Epoch:  5 Batch:   1 Loss: 0.6381 Accuracy Train: 65.620%
Epoch:  5 Batch:  11 Loss: 0.6313 Accuracy Train: 65.707%
Epoch:  5 Batch:  21 Loss: 0.6330 Accuracy Train: 65.471%
Epoch:  5 Batch:  31 Loss: 0.6295 Accuracy Train: 65.802%
Epoch:  5 Batch:  41 Loss: 0.6363 Accuracy Train: 65.753%
Epoch:  5 Batch:  51 Loss: 0.6364 Accuracy Train: 65.954%
Epoch:  5 Batch:  61 Loss: 0.6331 Accuracy Train: 65.951%
Epoch:  5 Batch:  71 Loss: 0.6239 Accuracy Train: 66.018%
Epoch:  5 Batch:  81 Loss: 0.6273 Accuracy Train: 66.094%
Epoch:  6 Batch:   1 Loss: 0.6233 Accuracy Train: 64.940%
Epoch:  6 Batch:  11 Loss: 0.6272 Accuracy Train: 64.620%
Epoch:  6 Batch:  21 Loss: 0.6287 Accuracy Train: 65.808%
Epoch:  6 Batch:  31 Loss: 0.6292 Accuracy Train: 66.188%
Epoch:  6 Batch:  41 Loss: 0.6245 Accuracy Train: 66.666%
Epoch:  6 Batch:  51 Loss: 0.6279 Accuracy Train: 66.894%
Epoch:  6 Batch:  61 Loss: 0.6351 Accuracy Train: 67.047%
Epoch:  6 Batch:  71 Loss: 0.6290 Accuracy Train: 66.965%
Epoch:  6 Batch:  81 Loss: 0.6224 Accuracy Train: 66.354%
Epoch:  7 Batch:   1 Loss: 0.6267 Accuracy Train: 67.100%
Epoch:  7 Batch:  11 Loss: 0.6204 Accuracy Train: 68.095%
Epoch:  7 Batch:  21 Loss: 0.6258 Accuracy Train: 67.951%
Epoch:  7 Batch:  31 Loss: 0.6287 Accuracy Train: 67.775%
Epoch:  7 Batch:  41 Loss: 0.6253 Accuracy Train: 67.799%
Epoch:  7 Batch:  51 Loss: 0.6212 Accuracy Train: 67.869%
Epoch:  7 Batch:  61 Loss: 0.6227 Accuracy Train: 67.889%
Epoch:  7 Batch:  71 Loss: 0.6128 Accuracy Train: 67.962%
Epoch:  7 Batch:  81 Loss: 0.6207 Accuracy Train: 67.984%
Epoch:  8 Batch:   1 Loss: 0.6221 Accuracy Train: 66.720%
Epoch:  8 Batch:  11 Loss: 0.6199 Accuracy Train: 66.716%
Epoch:  8 Batch:  21 Loss: 0.6205 Accuracy Train: 67.427%
Epoch:  8 Batch:  31 Loss: 0.6211 Accuracy Train: 67.660%
Epoch:  8 Batch:  41 Loss: 0.6139 Accuracy Train: 67.758%
Epoch:  8 Batch:  51 Loss: 0.6147 Accuracy Train: 67.744%
Epoch:  8 Batch:  61 Loss: 0.6160 Accuracy Train: 67.829%
Epoch:  8 Batch:  71 Loss: 0.6161 Accuracy Train: 67.250%
Epoch:  8 Batch:  81 Loss: 0.6153 Accuracy Train: 67.322%
Epoch:  9 Batch:   1 Loss: 0.6207 Accuracy Train: 54.440%
Epoch:  9 Batch:  11 Loss: 0.6247 Accuracy Train: 63.822%
Epoch:  9 Batch:  21 Loss: 0.6178 Accuracy Train: 64.517%
Epoch:  9 Batch:  31 Loss: 0.6151 Accuracy Train: 64.274%
Epoch:  9 Batch:  41 Loss: 0.6179 Accuracy Train: 65.089%
Epoch:  9 Batch:  51 Loss: 0.6197 Accuracy Train: 65.607%
Epoch:  9 Batch:  61 Loss: 0.6190 Accuracy Train: 66.050%
Epoch:  9 Batch:  71 Loss: 0.6175 Accuracy Train: 66.359%
Epoch:  9 Batch:  81 Loss: 0.6184 Accuracy Train: 66.560%
Epoch: 10 Batch:   1 Loss: 0.6144 Accuracy Train: 67.480%
Epoch: 10 Batch:  11 Loss: 0.6207 Accuracy Train: 68.100%
Epoch: 10 Batch:  21 Loss: 0.6152 Accuracy Train: 68.096%
Epoch: 10 Batch:  31 Loss: 0.6137 Accuracy Train: 68.192%
Epoch: 10 Batch:  41 Loss: 0.6124 Accuracy Train: 68.148%
Epoch: 10 Batch:  51 Loss: 0.6166 Accuracy Train: 68.177%
Epoch: 10 Batch:  61 Loss: 0.6178 Accuracy Train: 68.086%
Epoch: 10 Batch:  71 Loss: 0.6223 Accuracy Train: 68.161%
Epoch: 10 Batch:  81 Loss: 0.6146 Accuracy Train: 68.137%
Epoch: 11 Batch:   1 Loss: 0.6135 Accuracy Train: 68.280%
Epoch: 11 Batch:  11 Loss: 0.6164 Accuracy Train: 65.016%
Epoch: 11 Batch:  21 Loss: 0.6135 Accuracy Train: 64.575%
Epoch: 11 Batch:  31 Loss: 0.6133 Accuracy Train: 63.830%
Epoch: 11 Batch:  41 Loss: 0.6169 Accuracy Train: 64.887%
Epoch: 11 Batch:  51 Loss: 0.6206 Accuracy Train: 65.547%
Epoch: 11 Batch:  61 Loss: 0.6166 Accuracy Train: 65.995%
Epoch: 11 Batch:  71 Loss: 0.6177 Accuracy Train: 66.267%
Epoch: 11 Batch:  81 Loss: 0.6040 Accuracy Train: 66.495%
Epoch: 12 Batch:   1 Loss: 0.6086 Accuracy Train: 69.380%
Epoch: 12 Batch:  11 Loss: 0.6072 Accuracy Train: 68.773%
Epoch: 12 Batch:  21 Loss: 0.6219 Accuracy Train: 68.460%
Epoch: 12 Batch:  31 Loss: 0.6173 Accuracy Train: 68.343%
Epoch: 12 Batch:  41 Loss: 0.6159 Accuracy Train: 68.342%
Epoch: 12 Batch:  51 Loss: 0.6105 Accuracy Train: 68.355%
Epoch: 12 Batch:  61 Loss: 0.6208 Accuracy Train: 68.320%
Epoch: 12 Batch:  71 Loss: 0.6081 Accuracy Train: 68.115%
Epoch: 12 Batch:  81 Loss: 0.6203 Accuracy Train: 67.965%
Epoch: 13 Batch:   1 Loss: 0.6065 Accuracy Train: 68.920%
Epoch: 13 Batch:  11 Loss: 0.6132 Accuracy Train: 66.905%
Epoch: 13 Batch:  21 Loss: 0.6216 Accuracy Train: 67.678%
Epoch: 13 Batch:  31 Loss: 0.6105 Accuracy Train: 67.772%
Epoch: 13 Batch:  41 Loss: 0.6123 Accuracy Train: 67.940%
Epoch: 13 Batch:  51 Loss: 0.6128 Accuracy Train: 67.395%
Epoch: 13 Batch:  61 Loss: 0.6187 Accuracy Train: 67.648%
Epoch: 13 Batch:  71 Loss: 0.6194 Accuracy Train: 67.714%
Epoch: 13 Batch:  81 Loss: 0.6090 Accuracy Train: 67.844%
Epoch: 14 Batch:   1 Loss: 0.6169 Accuracy Train: 54.700%
Epoch: 14 Batch:  11 Loss: 0.6052 Accuracy Train: 65.996%
Epoch: 14 Batch:  21 Loss: 0.6170 Accuracy Train: 67.193%
Epoch: 14 Batch:  31 Loss: 0.6085 Accuracy Train: 67.585%
Epoch: 14 Batch:  41 Loss: 0.6137 Accuracy Train: 67.854%
Epoch: 14 Batch:  51 Loss: 0.6194 Accuracy Train: 67.902%
Epoch: 14 Batch:  61 Loss: 0.6114 Accuracy Train: 67.974%
Epoch: 14 Batch:  71 Loss: 0.6115 Accuracy Train: 68.002%
Epoch: 14 Batch:  81 Loss: 0.6102 Accuracy Train: 68.181%
Epoch: 15 Batch:   1 Loss: 0.6037 Accuracy Train: 68.960%
Epoch: 15 Batch:  11 Loss: 0.6119 Accuracy Train: 68.649%
Epoch: 15 Batch:  21 Loss: 0.6160 Accuracy Train: 68.490%
Epoch: 15 Batch:  31 Loss: 0.6076 Accuracy Train: 68.465%
Epoch: 15 Batch:  41 Loss: 0.6053 Accuracy Train: 68.496%
Epoch: 15 Batch:  51 Loss: 0.6117 Accuracy Train: 68.555%
Epoch: 15 Batch:  61 Loss: 0.6181 Accuracy Train: 68.355%
Epoch: 15 Batch:  71 Loss: 0.6108 Accuracy Train: 68.239%
Epoch: 15 Batch:  81 Loss: 0.6066 Accuracy Train: 68.279%
Epoch: 16 Batch:   1 Loss: 0.6068 Accuracy Train: 67.760%
Epoch: 16 Batch:  11 Loss: 0.6112 Accuracy Train: 68.645%
Epoch: 16 Batch:  21 Loss: 0.6036 Accuracy Train: 68.089%
Epoch: 16 Batch:  31 Loss: 0.6065 Accuracy Train: 68.473%
Epoch: 16 Batch:  41 Loss: 0.6006 Accuracy Train: 68.469%
Epoch: 16 Batch:  51 Loss: 0.6027 Accuracy Train: 68.401%
Epoch: 16 Batch:  61 Loss: 0.6126 Accuracy Train: 68.468%
Epoch: 16 Batch:  71 Loss: 0.6089 Accuracy Train: 68.398%
Epoch: 16 Batch:  81 Loss: 0.6098 Accuracy Train: 68.419%
Epoch: 17 Batch:   1 Loss: 0.6068 Accuracy Train: 67.680%
Epoch: 17 Batch:  11 Loss: 0.6068 Accuracy Train: 68.711%
Epoch: 17 Batch:  21 Loss: 0.6089 Accuracy Train: 68.845%
Epoch: 17 Batch:  31 Loss: 0.6054 Accuracy Train: 68.703%
Epoch: 17 Batch:  41 Loss: 0.5987 Accuracy Train: 68.675%
Epoch: 17 Batch:  51 Loss: 0.6072 Accuracy Train: 68.745%
Epoch: 17 Batch:  61 Loss: 0.6062 Accuracy Train: 68.769%
Epoch: 17 Batch:  71 Loss: 0.6074 Accuracy Train: 68.910%
Epoch: 17 Batch:  81 Loss: 0.6048 Accuracy Train: 68.935%
Epoch: 18 Batch:   1 Loss: 0.5995 Accuracy Train: 68.400%
Epoch: 18 Batch:  11 Loss: 0.6070 Accuracy Train: 68.145%
Epoch: 18 Batch:  21 Loss: 0.6054 Accuracy Train: 68.301%
Epoch: 18 Batch:  31 Loss: 0.6034 Accuracy Train: 68.034%
Epoch: 18 Batch:  41 Loss: 0.6096 Accuracy Train: 68.328%
Epoch: 18 Batch:  51 Loss: 0.6057 Accuracy Train: 68.632%
Epoch: 18 Batch:  61 Loss: 0.6030 Accuracy Train: 68.638%
Epoch: 18 Batch:  71 Loss: 0.6024 Accuracy Train: 68.668%
Epoch: 18 Batch:  81 Loss: 0.6053 Accuracy Train: 68.656%
Epoch: 19 Batch:   1 Loss: 0.6202 Accuracy Train: 66.960%
Epoch: 19 Batch:  11 Loss: 0.6017 Accuracy Train: 66.562%
Epoch: 19 Batch:  21 Loss: 0.5861 Accuracy Train: 67.246%
Epoch: 19 Batch:  31 Loss: 0.5908 Accuracy Train: 67.785%
Epoch: 19 Batch:  41 Loss: 0.5876 Accuracy Train: 68.010%
Epoch: 19 Batch:  51 Loss: 0.5823 Accuracy Train: 68.126%
Epoch: 19 Batch:  61 Loss: 0.5726 Accuracy Train: 68.266%
Epoch: 19 Batch:  71 Loss: 0.5793 Accuracy Train: 68.424%
Epoch: 19 Batch:  81 Loss: 0.5762 Accuracy Train: 68.425%

Duration: 74 seconds
