Training DynNetGen(
  (layers): Sequential(
    (0): Sequential(
      (0): Conv2d(1, 32, kernel_size=(2, 2), stride=(1, 1))
      (1): ReLU()
    )
    (1): Sequential(
      (0): Conv2d(32, 64, kernel_size=(2, 2), stride=(1, 1))
      (1): ReLU()
    )
    (2): Sequential(
      (0): Flatten(start_dim=1, end_dim=-1)
      (1): Linear(in_features=2304, out_features=2, bias=True)
    )
  )
) in cuda
=================================================================
Layer (type:depth-idx)                   Param #
=================================================================
DynNetGen                                --
├─Sequential: 1-1                        --
│    └─Sequential: 2-1                   --
│    │    └─Conv2d: 3-1                  160
│    │    └─ReLU: 3-2                    --
│    └─Sequential: 2-2                   --
│    │    └─Conv2d: 3-3                  8,256
│    │    └─ReLU: 3-4                    --
│    └─Sequential: 2-3                   --
│    │    └─Flatten: 3-5                 --
│    │    └─Linear: 3-6                  4,610
=================================================================
Total params: 13,026
Trainable params: 13,026
Non-trainable params: 0
=================================================================
Epoch:  0 Batch:   1 Loss: 0.6928 Accuracy Train: 50.640%
Epoch:  0 Batch:  11 Loss: 0.6785 Accuracy Train: 51.507%
Epoch:  0 Batch:  21 Loss: 0.6712 Accuracy Train: 53.863%
Epoch:  0 Batch:  31 Loss: 0.6648 Accuracy Train: 54.848%
Epoch:  0 Batch:  41 Loss: 0.6639 Accuracy Train: 55.796%
Epoch:  0 Batch:  51 Loss: 0.6594 Accuracy Train: 56.913%
Epoch:  0 Batch:  61 Loss: 0.6526 Accuracy Train: 57.974%
Epoch:  0 Batch:  71 Loss: 0.6554 Accuracy Train: 58.421%
Epoch:  0 Batch:  81 Loss: 0.6558 Accuracy Train: 58.945%
Epoch:  1 Batch:   1 Loss: 0.6496 Accuracy Train: 64.820%
Epoch:  1 Batch:  11 Loss: 0.6429 Accuracy Train: 64.842%
Epoch:  1 Batch:  21 Loss: 0.6445 Accuracy Train: 65.087%
Epoch:  1 Batch:  31 Loss: 0.6417 Accuracy Train: 64.655%
Epoch:  1 Batch:  41 Loss: 0.6391 Accuracy Train: 64.775%
Epoch:  1 Batch:  51 Loss: 0.6287 Accuracy Train: 64.751%
Epoch:  1 Batch:  61 Loss: 0.6191 Accuracy Train: 64.869%
Epoch:  1 Batch:  71 Loss: 0.6217 Accuracy Train: 64.909%
Epoch:  1 Batch:  81 Loss: 0.6152 Accuracy Train: 64.996%
Epoch:  2 Batch:   1 Loss: 0.6174 Accuracy Train: 66.360%
Epoch:  2 Batch:  11 Loss: 0.5954 Accuracy Train: 67.536%
Epoch:  2 Batch:  21 Loss: 0.5918 Accuracy Train: 67.570%
Epoch:  2 Batch:  31 Loss: 0.5866 Accuracy Train: 67.690%
Epoch:  2 Batch:  41 Loss: 0.5797 Accuracy Train: 67.805%
Epoch:  2 Batch:  51 Loss: 0.5771 Accuracy Train: 68.009%
Epoch:  2 Batch:  61 Loss: 0.5726 Accuracy Train: 68.230%
Epoch:  2 Batch:  71 Loss: 0.5816 Accuracy Train: 68.432%
Epoch:  2 Batch:  81 Loss: 0.5698 Accuracy Train: 68.646%
Epoch:  3 Batch:   1 Loss: 0.5747 Accuracy Train: 69.400%
Epoch:  3 Batch:  11 Loss: 0.5739 Accuracy Train: 69.967%
Epoch:  3 Batch:  21 Loss: 0.5670 Accuracy Train: 69.883%
Epoch:  3 Batch:  31 Loss: 0.5659 Accuracy Train: 70.063%
Epoch:  3 Batch:  41 Loss: 0.5656 Accuracy Train: 70.244%
Epoch:  3 Batch:  51 Loss: 0.5641 Accuracy Train: 70.350%
Epoch:  3 Batch:  61 Loss: 0.5660 Accuracy Train: 70.341%
Epoch:  3 Batch:  71 Loss: 0.5726 Accuracy Train: 70.373%
Epoch:  3 Batch:  81 Loss: 0.5540 Accuracy Train: 70.360%
Epoch:  4 Batch:   1 Loss: 0.5796 Accuracy Train: 70.040%
Epoch:  4 Batch:  11 Loss: 0.5625 Accuracy Train: 70.400%
Epoch:  4 Batch:  21 Loss: 0.5669 Accuracy Train: 70.674%
Epoch:  4 Batch:  31 Loss: 0.5578 Accuracy Train: 70.645%
Epoch:  4 Batch:  41 Loss: 0.5605 Accuracy Train: 70.665%
Epoch:  4 Batch:  51 Loss: 0.5688 Accuracy Train: 70.822%
Epoch:  4 Batch:  61 Loss: 0.5651 Accuracy Train: 70.840%
Epoch:  4 Batch:  71 Loss: 0.5571 Accuracy Train: 70.745%
Epoch:  4 Batch:  81 Loss: 0.5584 Accuracy Train: 70.782%
Epoch:  5 Batch:   1 Loss: 0.5607 Accuracy Train: 71.640%
Epoch:  5 Batch:  11 Loss: 0.5640 Accuracy Train: 71.080%
Epoch:  5 Batch:  21 Loss: 0.5580 Accuracy Train: 70.999%
Epoch:  5 Batch:  31 Loss: 0.5583 Accuracy Train: 70.878%
Epoch:  5 Batch:  41 Loss: 0.5526 Accuracy Train: 70.862%
Epoch:  5 Batch:  51 Loss: 0.5596 Accuracy Train: 70.860%
Epoch:  5 Batch:  61 Loss: 0.5485 Accuracy Train: 70.841%
Epoch:  5 Batch:  71 Loss: 0.5546 Accuracy Train: 70.846%
Epoch:  5 Batch:  81 Loss: 0.5491 Accuracy Train: 70.868%
Epoch:  6 Batch:   1 Loss: 0.5578 Accuracy Train: 71.180%
Epoch:  6 Batch:  11 Loss: 0.5634 Accuracy Train: 70.853%
Epoch:  6 Batch:  21 Loss: 0.5415 Accuracy Train: 70.656%
Epoch:  6 Batch:  31 Loss: 0.5352 Accuracy Train: 70.705%
Epoch:  6 Batch:  41 Loss: 0.5468 Accuracy Train: 70.734%
Epoch:  6 Batch:  51 Loss: 0.5399 Accuracy Train: 70.743%
Epoch:  6 Batch:  61 Loss: 0.5405 Accuracy Train: 70.730%
Epoch:  6 Batch:  71 Loss: 0.5320 Accuracy Train: 70.768%
Epoch:  6 Batch:  81 Loss: 0.5422 Accuracy Train: 70.750%
Epoch:  7 Batch:   1 Loss: 0.5701 Accuracy Train: 74.480%
Epoch:  7 Batch:  11 Loss: 0.5363 Accuracy Train: 71.902%
Epoch:  7 Batch:  21 Loss: 0.5326 Accuracy Train: 71.333%
Epoch:  7 Batch:  31 Loss: 0.5276 Accuracy Train: 71.177%
Epoch:  7 Batch:  41 Loss: 0.5253 Accuracy Train: 71.069%
Epoch:  7 Batch:  51 Loss: 0.5265 Accuracy Train: 70.996%
Epoch:  7 Batch:  61 Loss: 0.5427 Accuracy Train: 70.894%
Epoch:  7 Batch:  71 Loss: 0.5351 Accuracy Train: 70.801%
Epoch:  7 Batch:  81 Loss: 0.5124 Accuracy Train: 70.763%
Epoch:  8 Batch:   1 Loss: 0.5267 Accuracy Train: 70.760%
Epoch:  8 Batch:  11 Loss: 0.5229 Accuracy Train: 70.655%
Epoch:  8 Batch:  21 Loss: 0.5243 Accuracy Train: 71.021%
Epoch:  8 Batch:  31 Loss: 0.5322 Accuracy Train: 71.534%
Epoch:  8 Batch:  41 Loss: 0.5298 Accuracy Train: 71.480%
Epoch:  8 Batch:  51 Loss: 0.5136 Accuracy Train: 71.565%
Epoch:  8 Batch:  61 Loss: 0.5233 Accuracy Train: 71.777%
Epoch:  8 Batch:  71 Loss: 0.5168 Accuracy Train: 71.776%
Epoch:  8 Batch:  81 Loss: 0.5062 Accuracy Train: 71.823%
Epoch:  9 Batch:   1 Loss: 0.5246 Accuracy Train: 70.100%
Epoch:  9 Batch:  11 Loss: 0.5126 Accuracy Train: 71.838%
Epoch:  9 Batch:  21 Loss: 0.5015 Accuracy Train: 72.390%
Epoch:  9 Batch:  31 Loss: 0.4985 Accuracy Train: 72.418%
Epoch:  9 Batch:  41 Loss: 0.5194 Accuracy Train: 72.432%
Epoch:  9 Batch:  51 Loss: 0.5151 Accuracy Train: 72.595%
Epoch:  9 Batch:  61 Loss: 0.5181 Accuracy Train: 72.784%
Epoch:  9 Batch:  71 Loss: 0.5213 Accuracy Train: 72.930%
Epoch:  9 Batch:  81 Loss: 0.5065 Accuracy Train: 72.944%
Epoch: 10 Batch:   1 Loss: 0.5306 Accuracy Train: 74.860%
Epoch: 10 Batch:  11 Loss: 0.5137 Accuracy Train: 73.564%
Epoch: 10 Batch:  21 Loss: 0.5159 Accuracy Train: 73.470%
Epoch: 10 Batch:  31 Loss: 0.4950 Accuracy Train: 73.883%
Epoch: 10 Batch:  41 Loss: 0.5225 Accuracy Train: 73.944%
Epoch: 10 Batch:  51 Loss: 0.5007 Accuracy Train: 73.895%
Epoch: 10 Batch:  61 Loss: 0.5067 Accuracy Train: 74.111%
Epoch: 10 Batch:  71 Loss: 0.4915 Accuracy Train: 74.236%
Epoch: 10 Batch:  81 Loss: 0.4878 Accuracy Train: 74.369%
Epoch: 11 Batch:   1 Loss: 0.4973 Accuracy Train: 76.040%
Epoch: 11 Batch:  11 Loss: 0.5141 Accuracy Train: 75.585%
Epoch: 11 Batch:  21 Loss: 0.4977 Accuracy Train: 75.039%
Epoch: 11 Batch:  31 Loss: 0.5140 Accuracy Train: 74.965%
Epoch: 11 Batch:  41 Loss: 0.5085 Accuracy Train: 74.991%
Epoch: 11 Batch:  51 Loss: 0.5106 Accuracy Train: 75.051%
Epoch: 11 Batch:  61 Loss: 0.5008 Accuracy Train: 75.185%
Epoch: 11 Batch:  71 Loss: 0.4968 Accuracy Train: 75.208%
Epoch: 11 Batch:  81 Loss: 0.5025 Accuracy Train: 75.309%
Epoch: 12 Batch:   1 Loss: 0.4995 Accuracy Train: 70.940%
Epoch: 12 Batch:  11 Loss: 0.5060 Accuracy Train: 75.049%
Epoch: 12 Batch:  21 Loss: 0.5072 Accuracy Train: 75.336%
Epoch: 12 Batch:  31 Loss: 0.5119 Accuracy Train: 75.691%
Epoch: 12 Batch:  41 Loss: 0.4950 Accuracy Train: 75.701%
Epoch: 12 Batch:  51 Loss: 0.5065 Accuracy Train: 75.762%
Epoch: 12 Batch:  61 Loss: 0.5089 Accuracy Train: 75.568%
Epoch: 12 Batch:  71 Loss: 0.5073 Accuracy Train: 75.440%
Epoch: 12 Batch:  81 Loss: 0.5134 Accuracy Train: 75.463%
Epoch: 13 Batch:   1 Loss: 0.4947 Accuracy Train: 75.620%
Epoch: 13 Batch:  11 Loss: 0.4929 Accuracy Train: 76.047%
Epoch: 13 Batch:  21 Loss: 0.4865 Accuracy Train: 76.141%
Epoch: 13 Batch:  31 Loss: 0.5015 Accuracy Train: 75.660%
Epoch: 13 Batch:  41 Loss: 0.4914 Accuracy Train: 75.347%
Epoch: 13 Batch:  51 Loss: 0.4950 Accuracy Train: 75.102%
Epoch: 13 Batch:  61 Loss: 0.5011 Accuracy Train: 75.249%
Epoch: 13 Batch:  71 Loss: 0.4939 Accuracy Train: 75.363%
Epoch: 13 Batch:  81 Loss: 0.4952 Accuracy Train: 75.479%
Epoch: 14 Batch:   1 Loss: 0.4984 Accuracy Train: 75.620%
Epoch: 14 Batch:  11 Loss: 0.4902 Accuracy Train: 76.005%
Epoch: 14 Batch:  21 Loss: 0.4882 Accuracy Train: 75.648%
Epoch: 14 Batch:  31 Loss: 0.5060 Accuracy Train: 75.765%
Epoch: 14 Batch:  41 Loss: 0.4979 Accuracy Train: 75.873%
Epoch: 14 Batch:  51 Loss: 0.4871 Accuracy Train: 75.895%
Epoch: 14 Batch:  61 Loss: 0.4960 Accuracy Train: 75.806%
Epoch: 14 Batch:  71 Loss: 0.5016 Accuracy Train: 75.832%
Epoch: 14 Batch:  81 Loss: 0.4976 Accuracy Train: 75.857%
Epoch: 15 Batch:   1 Loss: 0.4875 Accuracy Train: 76.460%
Epoch: 15 Batch:  11 Loss: 0.5057 Accuracy Train: 75.820%
Epoch: 15 Batch:  21 Loss: 0.4763 Accuracy Train: 76.180%
Epoch: 15 Batch:  31 Loss: 0.4959 Accuracy Train: 75.772%
Epoch: 15 Batch:  41 Loss: 0.5059 Accuracy Train: 75.824%
Epoch: 15 Batch:  51 Loss: 0.5044 Accuracy Train: 75.856%
Epoch: 15 Batch:  61 Loss: 0.4980 Accuracy Train: 75.874%
Epoch: 15 Batch:  71 Loss: 0.5048 Accuracy Train: 75.795%
Epoch: 15 Batch:  81 Loss: 0.4919 Accuracy Train: 75.717%
Epoch: 16 Batch:   1 Loss: 0.5002 Accuracy Train: 76.000%
Epoch: 16 Batch:  11 Loss: 0.4936 Accuracy Train: 74.665%
Epoch: 16 Batch:  21 Loss: 0.5040 Accuracy Train: 75.205%
Epoch: 16 Batch:  31 Loss: 0.4980 Accuracy Train: 75.449%
Epoch: 16 Batch:  41 Loss: 0.4936 Accuracy Train: 75.479%
Epoch: 16 Batch:  51 Loss: 0.5069 Accuracy Train: 75.526%
Epoch: 16 Batch:  61 Loss: 0.5014 Accuracy Train: 75.672%
Epoch: 16 Batch:  71 Loss: 0.5000 Accuracy Train: 75.767%
Epoch: 16 Batch:  81 Loss: 0.5027 Accuracy Train: 75.792%
Epoch: 17 Batch:   1 Loss: 0.4883 Accuracy Train: 76.140%
Epoch: 17 Batch:  11 Loss: 0.5028 Accuracy Train: 76.242%
Epoch: 17 Batch:  21 Loss: 0.5057 Accuracy Train: 76.040%
Epoch: 17 Batch:  31 Loss: 0.4937 Accuracy Train: 75.989%
Epoch: 17 Batch:  41 Loss: 0.4909 Accuracy Train: 75.795%
Epoch: 17 Batch:  51 Loss: 0.4993 Accuracy Train: 75.700%
Epoch: 17 Batch:  61 Loss: 0.5047 Accuracy Train: 75.632%
Epoch: 17 Batch:  71 Loss: 0.4751 Accuracy Train: 75.661%
Epoch: 17 Batch:  81 Loss: 0.4997 Accuracy Train: 75.672%
Epoch: 18 Batch:   1 Loss: 0.4956 Accuracy Train: 76.240%
Epoch: 18 Batch:  11 Loss: 0.4838 Accuracy Train: 76.280%
Epoch: 18 Batch:  21 Loss: 0.4917 Accuracy Train: 76.028%
Epoch: 18 Batch:  31 Loss: 0.4973 Accuracy Train: 76.017%
Epoch: 18 Batch:  41 Loss: 0.4944 Accuracy Train: 75.731%
Epoch: 18 Batch:  51 Loss: 0.4987 Accuracy Train: 75.626%
Epoch: 18 Batch:  61 Loss: 0.4963 Accuracy Train: 75.735%
Epoch: 18 Batch:  71 Loss: 0.4943 Accuracy Train: 75.739%
Epoch: 18 Batch:  81 Loss: 0.4962 Accuracy Train: 75.736%
Epoch: 19 Batch:   1 Loss: 0.4896 Accuracy Train: 75.680%
Epoch: 19 Batch:  11 Loss: 0.4947 Accuracy Train: 75.236%
Epoch: 19 Batch:  21 Loss: 0.5078 Accuracy Train: 74.503%
Epoch: 19 Batch:  31 Loss: 0.4858 Accuracy Train: 74.772%
Epoch: 19 Batch:  41 Loss: 0.4870 Accuracy Train: 75.143%
Epoch: 19 Batch:  51 Loss: 0.4844 Accuracy Train: 75.196%
Epoch: 19 Batch:  61 Loss: 0.5004 Accuracy Train: 75.292%
Epoch: 19 Batch:  71 Loss: 0.5084 Accuracy Train: 75.294%
Epoch: 19 Batch:  81 Loss: 0.4971 Accuracy Train: 75.363%

Duration: 67 seconds
