Training DynNetGen(
  (layers): Sequential(
    (0): Sequential(
      (0): Conv2d(1, 8, kernel_size=(2, 2), stride=(1, 1))
      (1): ReLU()
    )
    (1): Sequential(
      (0): Conv2d(8, 16, kernel_size=(2, 2), stride=(1, 1))
      (1): ReLU()
    )
    (2): Sequential(
      (0): Flatten(start_dim=1, end_dim=-1)
      (1): Linear(in_features=576, out_features=2, bias=True)
    )
  )
) in cuda
=================================================================
Layer (type:depth-idx)                   Param #
=================================================================
DynNetGen                                --
├─Sequential: 1-1                        --
│    └─Sequential: 2-1                   --
│    │    └─Conv2d: 3-1                  40
│    │    └─ReLU: 3-2                    --
│    └─Sequential: 2-2                   --
│    │    └─Conv2d: 3-3                  528
│    │    └─ReLU: 3-4                    --
│    └─Sequential: 2-3                   --
│    │    └─Flatten: 3-5                 --
│    │    └─Linear: 3-6                  1,154
=================================================================
Total params: 1,722
Trainable params: 1,722
Non-trainable params: 0
=================================================================
Epoch:  0 Batch:   1 Loss: 0.6928 Accuracy Train: 50.100%
Epoch:  0 Batch:  11 Loss: 0.6860 Accuracy Train: 51.124%
Epoch:  0 Batch:  21 Loss: 0.6735 Accuracy Train: 52.233%
Epoch:  0 Batch:  31 Loss: 0.6693 Accuracy Train: 53.377%
Epoch:  0 Batch:  41 Loss: 0.6645 Accuracy Train: 54.852%
Epoch:  0 Batch:  51 Loss: 0.6696 Accuracy Train: 55.403%
Epoch:  0 Batch:  61 Loss: 0.6644 Accuracy Train: 56.011%
Epoch:  0 Batch:  71 Loss: 0.6633 Accuracy Train: 56.417%
Epoch:  0 Batch:  81 Loss: 0.6581 Accuracy Train: 56.920%
Epoch:  1 Batch:   1 Loss: 0.6532 Accuracy Train: 64.600%
Epoch:  1 Batch:  11 Loss: 0.6593 Accuracy Train: 62.151%
Epoch:  1 Batch:  21 Loss: 0.6550 Accuracy Train: 62.204%
Epoch:  1 Batch:  31 Loss: 0.6492 Accuracy Train: 62.974%
Epoch:  1 Batch:  41 Loss: 0.6466 Accuracy Train: 63.470%
Epoch:  1 Batch:  51 Loss: 0.6452 Accuracy Train: 63.798%
Epoch:  1 Batch:  61 Loss: 0.6404 Accuracy Train: 63.976%
Epoch:  1 Batch:  71 Loss: 0.6504 Accuracy Train: 64.144%
Epoch:  1 Batch:  81 Loss: 0.6373 Accuracy Train: 64.300%
Epoch:  2 Batch:   1 Loss: 0.6341 Accuracy Train: 64.540%
Epoch:  2 Batch:  11 Loss: 0.6346 Accuracy Train: 64.860%
Epoch:  2 Batch:  21 Loss: 0.6263 Accuracy Train: 65.100%
Epoch:  2 Batch:  31 Loss: 0.6160 Accuracy Train: 65.243%
Epoch:  2 Batch:  41 Loss: 0.6138 Accuracy Train: 65.320%
Epoch:  2 Batch:  51 Loss: 0.6110 Accuracy Train: 65.451%
Epoch:  2 Batch:  61 Loss: 0.6047 Accuracy Train: 65.571%
Epoch:  2 Batch:  71 Loss: 0.5968 Accuracy Train: 65.902%
Epoch:  2 Batch:  81 Loss: 0.5976 Accuracy Train: 66.153%
Epoch:  3 Batch:   1 Loss: 0.5976 Accuracy Train: 66.500%
Epoch:  3 Batch:  11 Loss: 0.5836 Accuracy Train: 67.735%
Epoch:  3 Batch:  21 Loss: 0.5883 Accuracy Train: 67.711%
Epoch:  3 Batch:  31 Loss: 0.5904 Accuracy Train: 67.634%
Epoch:  3 Batch:  41 Loss: 0.5838 Accuracy Train: 67.718%
Epoch:  3 Batch:  51 Loss: 0.5820 Accuracy Train: 67.700%
Epoch:  3 Batch:  61 Loss: 0.5747 Accuracy Train: 67.802%
Epoch:  3 Batch:  71 Loss: 0.5752 Accuracy Train: 67.894%
Epoch:  3 Batch:  81 Loss: 0.5670 Accuracy Train: 67.986%
Epoch:  4 Batch:   1 Loss: 0.5863 Accuracy Train: 66.820%
Epoch:  4 Batch:  11 Loss: 0.5784 Accuracy Train: 68.698%
Epoch:  4 Batch:  21 Loss: 0.5714 Accuracy Train: 68.655%
Epoch:  4 Batch:  31 Loss: 0.5700 Accuracy Train: 68.770%
Epoch:  4 Batch:  41 Loss: 0.5781 Accuracy Train: 68.919%
Epoch:  4 Batch:  51 Loss: 0.5677 Accuracy Train: 69.132%
Epoch:  4 Batch:  61 Loss: 0.5775 Accuracy Train: 69.355%
Epoch:  4 Batch:  71 Loss: 0.5685 Accuracy Train: 69.458%
Epoch:  4 Batch:  81 Loss: 0.5731 Accuracy Train: 69.557%
Epoch:  5 Batch:   1 Loss: 0.5648 Accuracy Train: 69.180%
Epoch:  5 Batch:  11 Loss: 0.5637 Accuracy Train: 70.729%
Epoch:  5 Batch:  21 Loss: 0.5739 Accuracy Train: 70.522%
Epoch:  5 Batch:  31 Loss: 0.5706 Accuracy Train: 70.537%
Epoch:  5 Batch:  41 Loss: 0.5658 Accuracy Train: 70.460%
Epoch:  5 Batch:  51 Loss: 0.5638 Accuracy Train: 70.547%
Epoch:  5 Batch:  61 Loss: 0.5681 Accuracy Train: 70.509%
Epoch:  5 Batch:  71 Loss: 0.5720 Accuracy Train: 70.404%
Epoch:  5 Batch:  81 Loss: 0.5761 Accuracy Train: 70.361%
Epoch:  6 Batch:   1 Loss: 0.5651 Accuracy Train: 70.280%
Epoch:  6 Batch:  11 Loss: 0.5590 Accuracy Train: 70.653%
Epoch:  6 Batch:  21 Loss: 0.5682 Accuracy Train: 70.702%
Epoch:  6 Batch:  31 Loss: 0.5602 Accuracy Train: 70.681%
Epoch:  6 Batch:  41 Loss: 0.5527 Accuracy Train: 70.740%
Epoch:  6 Batch:  51 Loss: 0.5604 Accuracy Train: 70.698%
Epoch:  6 Batch:  61 Loss: 0.5638 Accuracy Train: 70.688%
Epoch:  6 Batch:  71 Loss: 0.5628 Accuracy Train: 70.677%
Epoch:  6 Batch:  81 Loss: 0.5656 Accuracy Train: 70.581%
Epoch:  7 Batch:   1 Loss: 0.5708 Accuracy Train: 75.840%
Epoch:  7 Batch:  11 Loss: 0.5630 Accuracy Train: 70.778%
Epoch:  7 Batch:  21 Loss: 0.5561 Accuracy Train: 70.420%
Epoch:  7 Batch:  31 Loss: 0.5463 Accuracy Train: 70.514%
Epoch:  7 Batch:  41 Loss: 0.5619 Accuracy Train: 70.565%
Epoch:  7 Batch:  51 Loss: 0.5517 Accuracy Train: 70.464%
Epoch:  7 Batch:  61 Loss: 0.5507 Accuracy Train: 70.495%
Epoch:  7 Batch:  71 Loss: 0.5598 Accuracy Train: 70.522%
Epoch:  7 Batch:  81 Loss: 0.5563 Accuracy Train: 70.596%
Epoch:  8 Batch:   1 Loss: 0.5540 Accuracy Train: 69.500%
Epoch:  8 Batch:  11 Loss: 0.5460 Accuracy Train: 70.496%
Epoch:  8 Batch:  21 Loss: 0.5356 Accuracy Train: 70.530%
Epoch:  8 Batch:  31 Loss: 0.5461 Accuracy Train: 70.561%
Epoch:  8 Batch:  41 Loss: 0.5316 Accuracy Train: 70.561%
Epoch:  8 Batch:  51 Loss: 0.5489 Accuracy Train: 70.613%
Epoch:  8 Batch:  61 Loss: 0.5393 Accuracy Train: 70.513%
Epoch:  8 Batch:  71 Loss: 0.5444 Accuracy Train: 70.523%
Epoch:  8 Batch:  81 Loss: 0.5433 Accuracy Train: 70.501%
Epoch:  9 Batch:   1 Loss: 0.5495 Accuracy Train: 69.560%
Epoch:  9 Batch:  11 Loss: 0.5438 Accuracy Train: 70.104%
Epoch:  9 Batch:  21 Loss: 0.5155 Accuracy Train: 70.234%
Epoch:  9 Batch:  31 Loss: 0.5410 Accuracy Train: 70.327%
Epoch:  9 Batch:  41 Loss: 0.5254 Accuracy Train: 70.476%
Epoch:  9 Batch:  51 Loss: 0.5256 Accuracy Train: 70.406%
Epoch:  9 Batch:  61 Loss: 0.5368 Accuracy Train: 70.330%
Epoch:  9 Batch:  71 Loss: 0.5458 Accuracy Train: 70.343%
Epoch:  9 Batch:  81 Loss: 0.5404 Accuracy Train: 70.321%
Epoch: 10 Batch:   1 Loss: 0.5345 Accuracy Train: 70.240%
Epoch: 10 Batch:  11 Loss: 0.5331 Accuracy Train: 70.838%
Epoch: 10 Batch:  21 Loss: 0.5286 Accuracy Train: 71.518%
Epoch: 10 Batch:  31 Loss: 0.5411 Accuracy Train: 71.326%
Epoch: 10 Batch:  41 Loss: 0.5304 Accuracy Train: 71.425%
Epoch: 10 Batch:  51 Loss: 0.5337 Accuracy Train: 71.447%
Epoch: 10 Batch:  61 Loss: 0.5281 Accuracy Train: 71.313%
Epoch: 10 Batch:  71 Loss: 0.5270 Accuracy Train: 71.532%
Epoch: 10 Batch:  81 Loss: 0.5202 Accuracy Train: 71.607%
Epoch: 11 Batch:   1 Loss: 0.5322 Accuracy Train: 69.500%
Epoch: 11 Batch:  11 Loss: 0.5295 Accuracy Train: 72.385%
Epoch: 11 Batch:  21 Loss: 0.5037 Accuracy Train: 72.316%
Epoch: 11 Batch:  31 Loss: 0.5344 Accuracy Train: 72.479%
Epoch: 11 Batch:  41 Loss: 0.5299 Accuracy Train: 72.567%
Epoch: 11 Batch:  51 Loss: 0.5145 Accuracy Train: 72.560%
Epoch: 11 Batch:  61 Loss: 0.5245 Accuracy Train: 72.840%
Epoch: 11 Batch:  71 Loss: 0.5241 Accuracy Train: 72.848%
Epoch: 11 Batch:  81 Loss: 0.5171 Accuracy Train: 72.812%
Epoch: 12 Batch:   1 Loss: 0.5192 Accuracy Train: 69.740%
Epoch: 12 Batch:  11 Loss: 0.5234 Accuracy Train: 73.031%
Epoch: 12 Batch:  21 Loss: 0.5124 Accuracy Train: 73.191%
Epoch: 12 Batch:  31 Loss: 0.5010 Accuracy Train: 73.083%
Epoch: 12 Batch:  41 Loss: 0.5266 Accuracy Train: 73.041%
Epoch: 12 Batch:  51 Loss: 0.5264 Accuracy Train: 73.075%
Epoch: 12 Batch:  61 Loss: 0.5088 Accuracy Train: 73.207%
Epoch: 12 Batch:  71 Loss: 0.5254 Accuracy Train: 73.489%
Epoch: 12 Batch:  81 Loss: 0.5156 Accuracy Train: 73.611%
Epoch: 13 Batch:   1 Loss: 0.5125 Accuracy Train: 76.820%
Epoch: 13 Batch:  11 Loss: 0.5199 Accuracy Train: 74.233%
Epoch: 13 Batch:  21 Loss: 0.5141 Accuracy Train: 74.523%
Epoch: 13 Batch:  31 Loss: 0.5089 Accuracy Train: 74.565%
Epoch: 13 Batch:  41 Loss: 0.5240 Accuracy Train: 74.400%
Epoch: 13 Batch:  51 Loss: 0.5177 Accuracy Train: 74.211%
Epoch: 13 Batch:  61 Loss: 0.5170 Accuracy Train: 74.146%
Epoch: 13 Batch:  71 Loss: 0.5102 Accuracy Train: 73.902%
Epoch: 13 Batch:  81 Loss: 0.5165 Accuracy Train: 74.007%
Epoch: 14 Batch:   1 Loss: 0.5225 Accuracy Train: 74.740%
Epoch: 14 Batch:  11 Loss: 0.5109 Accuracy Train: 75.478%
Epoch: 14 Batch:  21 Loss: 0.5141 Accuracy Train: 75.210%
Epoch: 14 Batch:  31 Loss: 0.4976 Accuracy Train: 75.543%
Epoch: 14 Batch:  41 Loss: 0.5109 Accuracy Train: 75.491%
Epoch: 14 Batch:  51 Loss: 0.5094 Accuracy Train: 75.302%
Epoch: 14 Batch:  61 Loss: 0.5114 Accuracy Train: 75.094%
Epoch: 14 Batch:  71 Loss: 0.5124 Accuracy Train: 75.165%
Epoch: 14 Batch:  81 Loss: 0.5182 Accuracy Train: 75.111%
Epoch: 15 Batch:   1 Loss: 0.5133 Accuracy Train: 76.220%
Epoch: 15 Batch:  11 Loss: 0.4928 Accuracy Train: 75.060%
Epoch: 15 Batch:  21 Loss: 0.5198 Accuracy Train: 75.535%
Epoch: 15 Batch:  31 Loss: 0.5100 Accuracy Train: 75.605%
Epoch: 15 Batch:  41 Loss: 0.5031 Accuracy Train: 75.627%
Epoch: 15 Batch:  51 Loss: 0.5152 Accuracy Train: 75.505%
Epoch: 15 Batch:  61 Loss: 0.4995 Accuracy Train: 75.621%
Epoch: 15 Batch:  71 Loss: 0.4994 Accuracy Train: 75.669%
Epoch: 15 Batch:  81 Loss: 0.5095 Accuracy Train: 75.613%
Epoch: 16 Batch:   1 Loss: 0.5063 Accuracy Train: 76.040%
Epoch: 16 Batch:  11 Loss: 0.5051 Accuracy Train: 74.651%
Epoch: 16 Batch:  21 Loss: 0.4992 Accuracy Train: 75.187%
Epoch: 16 Batch:  31 Loss: 0.5116 Accuracy Train: 75.468%
Epoch: 16 Batch:  41 Loss: 0.5031 Accuracy Train: 75.633%
Epoch: 16 Batch:  51 Loss: 0.5149 Accuracy Train: 75.551%
Epoch: 16 Batch:  61 Loss: 0.5178 Accuracy Train: 75.392%
Epoch: 16 Batch:  71 Loss: 0.5104 Accuracy Train: 75.266%
Epoch: 16 Batch:  81 Loss: 0.5184 Accuracy Train: 75.293%
Epoch: 17 Batch:   1 Loss: 0.5138 Accuracy Train: 75.740%
Epoch: 17 Batch:  11 Loss: 0.5059 Accuracy Train: 74.425%
Epoch: 17 Batch:  21 Loss: 0.5011 Accuracy Train: 74.915%
Epoch: 17 Batch:  31 Loss: 0.5186 Accuracy Train: 74.912%
Epoch: 17 Batch:  41 Loss: 0.5177 Accuracy Train: 74.603%
Epoch: 17 Batch:  51 Loss: 0.5063 Accuracy Train: 74.620%
Epoch: 17 Batch:  61 Loss: 0.5089 Accuracy Train: 74.843%
Epoch: 17 Batch:  71 Loss: 0.5053 Accuracy Train: 75.067%
Epoch: 17 Batch:  81 Loss: 0.5145 Accuracy Train: 75.175%
Epoch: 18 Batch:   1 Loss: 0.5094 Accuracy Train: 75.480%
Epoch: 18 Batch:  11 Loss: 0.5059 Accuracy Train: 75.884%
Epoch: 18 Batch:  21 Loss: 0.4927 Accuracy Train: 75.591%
Epoch: 18 Batch:  31 Loss: 0.5099 Accuracy Train: 75.610%
Epoch: 18 Batch:  41 Loss: 0.5172 Accuracy Train: 75.625%
Epoch: 18 Batch:  51 Loss: 0.4893 Accuracy Train: 75.563%
Epoch: 18 Batch:  61 Loss: 0.5021 Accuracy Train: 75.634%
Epoch: 18 Batch:  71 Loss: 0.4917 Accuracy Train: 75.537%
Epoch: 18 Batch:  81 Loss: 0.5004 Accuracy Train: 75.615%
Epoch: 19 Batch:   1 Loss: 0.5007 Accuracy Train: 76.480%
Epoch: 19 Batch:  11 Loss: 0.5051 Accuracy Train: 75.955%
Epoch: 19 Batch:  21 Loss: 0.4960 Accuracy Train: 75.930%
Epoch: 19 Batch:  31 Loss: 0.5058 Accuracy Train: 76.014%
Epoch: 19 Batch:  41 Loss: 0.5084 Accuracy Train: 75.973%
Epoch: 19 Batch:  51 Loss: 0.5012 Accuracy Train: 76.031%
Epoch: 19 Batch:  61 Loss: 0.5001 Accuracy Train: 76.004%
Epoch: 19 Batch:  71 Loss: 0.5077 Accuracy Train: 75.860%
Epoch: 19 Batch:  81 Loss: 0.4966 Accuracy Train: 75.865%

Duration: 75 seconds
