Training DynNetGen(
  (layers): Sequential(
    (0): Sequential(
      (0): Conv2d(1, 4, kernel_size=(2, 2), stride=(1, 1))
      (1): ReLU()
    )
    (1): Sequential(
      (0): Flatten(start_dim=1, end_dim=-1)
      (1): Linear(in_features=196, out_features=2, bias=True)
    )
  )
) in cuda
=================================================================
Layer (type:depth-idx)                   Param #
=================================================================
DynNetGen                                --
├─Sequential: 1-1                        --
│    └─Sequential: 2-1                   --
│    │    └─Conv2d: 3-1                  20
│    │    └─ReLU: 3-2                    --
│    └─Sequential: 2-2                   --
│    │    └─Flatten: 3-3                 --
│    │    └─Linear: 3-4                  394
=================================================================
Total params: 414
Trainable params: 414
Non-trainable params: 0
=================================================================
Epoch:  0 Batch:   1 Loss: 0.6952 Accuracy Train: 50.020%
Epoch:  0 Batch:  11 Loss: 0.6875 Accuracy Train: 50.520%
Epoch:  0 Batch:  21 Loss: 0.6776 Accuracy Train: 52.373%
Epoch:  0 Batch:  31 Loss: 0.6704 Accuracy Train: 53.682%
Epoch:  0 Batch:  41 Loss: 0.6614 Accuracy Train: 55.002%
Epoch:  0 Batch:  51 Loss: 0.6646 Accuracy Train: 56.128%
Epoch:  0 Batch:  61 Loss: 0.6556 Accuracy Train: 56.890%
Epoch:  0 Batch:  71 Loss: 0.6615 Accuracy Train: 57.684%
Epoch:  0 Batch:  81 Loss: 0.6589 Accuracy Train: 58.189%
Epoch:  1 Batch:   1 Loss: 0.6550 Accuracy Train: 64.260%
Epoch:  1 Batch:  11 Loss: 0.6607 Accuracy Train: 62.296%
Epoch:  1 Batch:  21 Loss: 0.6560 Accuracy Train: 62.970%
Epoch:  1 Batch:  31 Loss: 0.6518 Accuracy Train: 63.388%
Epoch:  1 Batch:  41 Loss: 0.6535 Accuracy Train: 63.773%
Epoch:  1 Batch:  51 Loss: 0.6525 Accuracy Train: 63.945%
Epoch:  1 Batch:  61 Loss: 0.6483 Accuracy Train: 64.153%
Epoch:  1 Batch:  71 Loss: 0.6502 Accuracy Train: 64.221%
Epoch:  1 Batch:  81 Loss: 0.6475 Accuracy Train: 64.280%
Epoch:  2 Batch:   1 Loss: 0.6424 Accuracy Train: 66.960%
Epoch:  2 Batch:  11 Loss: 0.6449 Accuracy Train: 65.395%
Epoch:  2 Batch:  21 Loss: 0.6513 Accuracy Train: 65.225%
Epoch:  2 Batch:  31 Loss: 0.6430 Accuracy Train: 65.239%
Epoch:  2 Batch:  41 Loss: 0.6473 Accuracy Train: 65.255%
Epoch:  2 Batch:  51 Loss: 0.6381 Accuracy Train: 65.274%
Epoch:  2 Batch:  61 Loss: 0.6439 Accuracy Train: 65.342%
Epoch:  2 Batch:  71 Loss: 0.6453 Accuracy Train: 65.341%
Epoch:  2 Batch:  81 Loss: 0.6342 Accuracy Train: 65.372%
Epoch:  3 Batch:   1 Loss: 0.6434 Accuracy Train: 64.660%
Epoch:  3 Batch:  11 Loss: 0.6407 Accuracy Train: 65.207%
Epoch:  3 Batch:  21 Loss: 0.6405 Accuracy Train: 65.566%
Epoch:  3 Batch:  31 Loss: 0.6377 Accuracy Train: 65.589%
Epoch:  3 Batch:  41 Loss: 0.6352 Accuracy Train: 65.608%
Epoch:  3 Batch:  51 Loss: 0.6357 Accuracy Train: 65.578%
Epoch:  3 Batch:  61 Loss: 0.6375 Accuracy Train: 65.581%
Epoch:  3 Batch:  71 Loss: 0.6284 Accuracy Train: 65.630%
Epoch:  3 Batch:  81 Loss: 0.6310 Accuracy Train: 65.669%
Epoch:  4 Batch:   1 Loss: 0.6345 Accuracy Train: 64.320%
Epoch:  4 Batch:  11 Loss: 0.6245 Accuracy Train: 65.869%
Epoch:  4 Batch:  21 Loss: 0.6320 Accuracy Train: 65.614%
Epoch:  4 Batch:  31 Loss: 0.6386 Accuracy Train: 65.689%
Epoch:  4 Batch:  41 Loss: 0.6333 Accuracy Train: 65.658%
Epoch:  4 Batch:  51 Loss: 0.6318 Accuracy Train: 65.600%
Epoch:  4 Batch:  61 Loss: 0.6328 Accuracy Train: 65.557%
Epoch:  4 Batch:  71 Loss: 0.6232 Accuracy Train: 65.656%
Epoch:  4 Batch:  81 Loss: 0.6240 Accuracy Train: 65.766%
Epoch:  5 Batch:   1 Loss: 0.6364 Accuracy Train: 68.140%
Epoch:  5 Batch:  11 Loss: 0.6227 Accuracy Train: 66.787%
Epoch:  5 Batch:  21 Loss: 0.6249 Accuracy Train: 66.947%
Epoch:  5 Batch:  31 Loss: 0.6257 Accuracy Train: 67.415%
Epoch:  5 Batch:  41 Loss: 0.6313 Accuracy Train: 67.523%
Epoch:  5 Batch:  51 Loss: 0.6264 Accuracy Train: 67.580%
Epoch:  5 Batch:  61 Loss: 0.6245 Accuracy Train: 67.548%
Epoch:  5 Batch:  71 Loss: 0.6162 Accuracy Train: 67.634%
Epoch:  5 Batch:  81 Loss: 0.6178 Accuracy Train: 67.696%
Epoch:  6 Batch:   1 Loss: 0.6270 Accuracy Train: 68.020%
Epoch:  6 Batch:  11 Loss: 0.6217 Accuracy Train: 67.955%
Epoch:  6 Batch:  21 Loss: 0.6267 Accuracy Train: 67.947%
Epoch:  6 Batch:  31 Loss: 0.6222 Accuracy Train: 67.874%
Epoch:  6 Batch:  41 Loss: 0.6302 Accuracy Train: 67.886%
Epoch:  6 Batch:  51 Loss: 0.6238 Accuracy Train: 67.897%
Epoch:  6 Batch:  61 Loss: 0.6223 Accuracy Train: 67.927%
Epoch:  6 Batch:  71 Loss: 0.6198 Accuracy Train: 67.921%
Epoch:  6 Batch:  81 Loss: 0.6229 Accuracy Train: 67.972%
Epoch:  7 Batch:   1 Loss: 0.6239 Accuracy Train: 66.920%
Epoch:  7 Batch:  11 Loss: 0.6224 Accuracy Train: 68.105%
Epoch:  7 Batch:  21 Loss: 0.6283 Accuracy Train: 68.093%
Epoch:  7 Batch:  31 Loss: 0.6193 Accuracy Train: 68.155%
Epoch:  7 Batch:  41 Loss: 0.6235 Accuracy Train: 68.205%
Epoch:  7 Batch:  51 Loss: 0.6236 Accuracy Train: 68.090%
Epoch:  7 Batch:  61 Loss: 0.6150 Accuracy Train: 68.057%
Epoch:  7 Batch:  71 Loss: 0.6231 Accuracy Train: 67.863%
Epoch:  7 Batch:  81 Loss: 0.6256 Accuracy Train: 67.812%
Epoch:  8 Batch:   1 Loss: 0.6241 Accuracy Train: 67.060%
Epoch:  8 Batch:  11 Loss: 0.6210 Accuracy Train: 67.998%
Epoch:  8 Batch:  21 Loss: 0.6288 Accuracy Train: 67.873%
Epoch:  8 Batch:  31 Loss: 0.6118 Accuracy Train: 67.936%
Epoch:  8 Batch:  41 Loss: 0.6146 Accuracy Train: 68.160%
Epoch:  8 Batch:  51 Loss: 0.6186 Accuracy Train: 68.014%
Epoch:  8 Batch:  61 Loss: 0.6153 Accuracy Train: 68.064%
Epoch:  8 Batch:  71 Loss: 0.6267 Accuracy Train: 68.110%
Epoch:  8 Batch:  81 Loss: 0.6181 Accuracy Train: 68.146%
Epoch:  9 Batch:   1 Loss: 0.6189 Accuracy Train: 66.340%
Epoch:  9 Batch:  11 Loss: 0.6252 Accuracy Train: 67.887%
Epoch:  9 Batch:  21 Loss: 0.6163 Accuracy Train: 68.108%
Epoch:  9 Batch:  31 Loss: 0.6287 Accuracy Train: 67.974%
Epoch:  9 Batch:  41 Loss: 0.6208 Accuracy Train: 67.271%
Epoch:  9 Batch:  51 Loss: 0.6226 Accuracy Train: 67.436%
Epoch:  9 Batch:  61 Loss: 0.6197 Accuracy Train: 67.493%
Epoch:  9 Batch:  71 Loss: 0.6165 Accuracy Train: 67.645%
Epoch:  9 Batch:  81 Loss: 0.6229 Accuracy Train: 67.688%
Epoch: 10 Batch:   1 Loss: 0.6175 Accuracy Train: 67.740%
Epoch: 10 Batch:  11 Loss: 0.6203 Accuracy Train: 68.453%
Epoch: 10 Batch:  21 Loss: 0.6156 Accuracy Train: 68.314%
Epoch: 10 Batch:  31 Loss: 0.6203 Accuracy Train: 68.360%
Epoch: 10 Batch:  41 Loss: 0.6265 Accuracy Train: 68.290%
Epoch: 10 Batch:  51 Loss: 0.6205 Accuracy Train: 67.980%
Epoch: 10 Batch:  61 Loss: 0.6078 Accuracy Train: 67.834%
Epoch: 10 Batch:  71 Loss: 0.6112 Accuracy Train: 67.937%
Epoch: 10 Batch:  81 Loss: 0.6143 Accuracy Train: 67.958%
Epoch: 11 Batch:   1 Loss: 0.6164 Accuracy Train: 69.260%
Epoch: 11 Batch:  11 Loss: 0.6205 Accuracy Train: 68.064%
Epoch: 11 Batch:  21 Loss: 0.6158 Accuracy Train: 68.239%
Epoch: 11 Batch:  31 Loss: 0.6128 Accuracy Train: 68.222%
Epoch: 11 Batch:  41 Loss: 0.6069 Accuracy Train: 68.226%
Epoch: 11 Batch:  51 Loss: 0.6076 Accuracy Train: 67.882%
Epoch: 11 Batch:  61 Loss: 0.6120 Accuracy Train: 67.935%
Epoch: 11 Batch:  71 Loss: 0.6152 Accuracy Train: 67.973%
Epoch: 11 Batch:  81 Loss: 0.6139 Accuracy Train: 68.031%
Epoch: 12 Batch:   1 Loss: 0.6251 Accuracy Train: 67.720%
Epoch: 12 Batch:  11 Loss: 0.6092 Accuracy Train: 68.451%
Epoch: 12 Batch:  21 Loss: 0.6064 Accuracy Train: 68.255%
Epoch: 12 Batch:  31 Loss: 0.6139 Accuracy Train: 68.225%
Epoch: 12 Batch:  41 Loss: 0.6241 Accuracy Train: 68.278%
Epoch: 12 Batch:  51 Loss: 0.6200 Accuracy Train: 68.280%
Epoch: 12 Batch:  61 Loss: 0.6157 Accuracy Train: 68.236%
Epoch: 12 Batch:  71 Loss: 0.6141 Accuracy Train: 68.261%
Epoch: 12 Batch:  81 Loss: 0.6228 Accuracy Train: 68.237%
Epoch: 13 Batch:   1 Loss: 0.6166 Accuracy Train: 67.520%
Epoch: 13 Batch:  11 Loss: 0.6147 Accuracy Train: 68.015%
Epoch: 13 Batch:  21 Loss: 0.6100 Accuracy Train: 68.221%
Epoch: 13 Batch:  31 Loss: 0.6214 Accuracy Train: 68.234%
Epoch: 13 Batch:  41 Loss: 0.6071 Accuracy Train: 68.550%
Epoch: 13 Batch:  51 Loss: 0.6064 Accuracy Train: 68.477%
Epoch: 13 Batch:  61 Loss: 0.6119 Accuracy Train: 68.464%
Epoch: 13 Batch:  71 Loss: 0.6198 Accuracy Train: 68.377%
Epoch: 13 Batch:  81 Loss: 0.6155 Accuracy Train: 68.347%
Epoch: 14 Batch:   1 Loss: 0.6092 Accuracy Train: 69.340%
Epoch: 14 Batch:  11 Loss: 0.6126 Accuracy Train: 68.809%
Epoch: 14 Batch:  21 Loss: 0.6130 Accuracy Train: 68.611%
Epoch: 14 Batch:  31 Loss: 0.6147 Accuracy Train: 68.739%
Epoch: 14 Batch:  41 Loss: 0.6045 Accuracy Train: 68.661%
Epoch: 14 Batch:  51 Loss: 0.6076 Accuracy Train: 68.540%
Epoch: 14 Batch:  61 Loss: 0.6231 Accuracy Train: 68.495%
Epoch: 14 Batch:  71 Loss: 0.6096 Accuracy Train: 68.506%
Epoch: 14 Batch:  81 Loss: 0.6176 Accuracy Train: 68.392%
Epoch: 15 Batch:   1 Loss: 0.6154 Accuracy Train: 68.780%
Epoch: 15 Batch:  11 Loss: 0.6170 Accuracy Train: 68.562%
Epoch: 15 Batch:  21 Loss: 0.6173 Accuracy Train: 68.485%
Epoch: 15 Batch:  31 Loss: 0.6168 Accuracy Train: 68.269%
Epoch: 15 Batch:  41 Loss: 0.6155 Accuracy Train: 68.342%
Epoch: 15 Batch:  51 Loss: 0.6050 Accuracy Train: 68.406%
Epoch: 15 Batch:  61 Loss: 0.6222 Accuracy Train: 68.398%
Epoch: 15 Batch:  71 Loss: 0.6070 Accuracy Train: 68.505%
Epoch: 15 Batch:  81 Loss: 0.6086 Accuracy Train: 68.482%
Epoch: 16 Batch:   1 Loss: 0.6181 Accuracy Train: 68.300%
Epoch: 16 Batch:  11 Loss: 0.6122 Accuracy Train: 69.124%
Epoch: 16 Batch:  21 Loss: 0.6165 Accuracy Train: 69.281%
Epoch: 16 Batch:  31 Loss: 0.6126 Accuracy Train: 69.274%
Epoch: 16 Batch:  41 Loss: 0.6098 Accuracy Train: 69.141%
Epoch: 16 Batch:  51 Loss: 0.6140 Accuracy Train: 68.933%
Epoch: 16 Batch:  61 Loss: 0.6065 Accuracy Train: 68.860%
Epoch: 16 Batch:  71 Loss: 0.6156 Accuracy Train: 68.787%
Epoch: 16 Batch:  81 Loss: 0.6094 Accuracy Train: 68.729%
Epoch: 17 Batch:   1 Loss: 0.6213 Accuracy Train: 67.380%
Epoch: 17 Batch:  11 Loss: 0.6136 Accuracy Train: 68.431%
Epoch: 17 Batch:  21 Loss: 0.6108 Accuracy Train: 68.326%
Epoch: 17 Batch:  31 Loss: 0.6117 Accuracy Train: 68.290%
Epoch: 17 Batch:  41 Loss: 0.6208 Accuracy Train: 68.299%
Epoch: 17 Batch:  51 Loss: 0.6141 Accuracy Train: 68.251%
Epoch: 17 Batch:  61 Loss: 0.6104 Accuracy Train: 68.289%
Epoch: 17 Batch:  71 Loss: 0.6234 Accuracy Train: 68.307%
Epoch: 17 Batch:  81 Loss: 0.6182 Accuracy Train: 68.415%
Epoch: 18 Batch:   1 Loss: 0.6146 Accuracy Train: 68.080%
Epoch: 18 Batch:  11 Loss: 0.6219 Accuracy Train: 68.987%
Epoch: 18 Batch:  21 Loss: 0.6130 Accuracy Train: 68.846%
Epoch: 18 Batch:  31 Loss: 0.6118 Accuracy Train: 68.606%
Epoch: 18 Batch:  41 Loss: 0.6131 Accuracy Train: 68.574%
Epoch: 18 Batch:  51 Loss: 0.6100 Accuracy Train: 68.579%
Epoch: 18 Batch:  61 Loss: 0.6050 Accuracy Train: 68.556%
Epoch: 18 Batch:  71 Loss: 0.6206 Accuracy Train: 68.585%
Epoch: 18 Batch:  81 Loss: 0.6223 Accuracy Train: 68.576%
Epoch: 19 Batch:   1 Loss: 0.6177 Accuracy Train: 66.760%
Epoch: 19 Batch:  11 Loss: 0.6143 Accuracy Train: 68.295%
Epoch: 19 Batch:  21 Loss: 0.6139 Accuracy Train: 68.201%
Epoch: 19 Batch:  31 Loss: 0.6175 Accuracy Train: 68.292%
Epoch: 19 Batch:  41 Loss: 0.6086 Accuracy Train: 68.354%
Epoch: 19 Batch:  51 Loss: 0.6056 Accuracy Train: 68.376%
Epoch: 19 Batch:  61 Loss: 0.6217 Accuracy Train: 68.416%
Epoch: 19 Batch:  71 Loss: 0.6102 Accuracy Train: 68.438%
Epoch: 19 Batch:  81 Loss: 0.6096 Accuracy Train: 68.605%

Duration: 56 seconds
