Training ExpandedDynNetGen(
  (adaptation): Sequential(
    (0): Linear(in_features=58, out_features=1024, bias=True)
  )
  (layers): Sequential(
    (0): Sequential(
      (0): Conv2d(1, 4, kernel_size=(7, 7), stride=(1, 1))
      (1): ReLU()
    )
    (1): Sequential(
      (0): Conv2d(4, 8, kernel_size=(7, 7), stride=(1, 1))
      (1): ReLU()
    )
    (2): Sequential(
      (0): Conv2d(8, 16, kernel_size=(7, 7), stride=(1, 1))
      (1): ReLU()
    )
    (3): Sequential(
      (0): Flatten(start_dim=1, end_dim=-1)
      (1): Linear(in_features=3136, out_features=2, bias=True)
    )
  )
) in cuda
=================================================================
Layer (type:depth-idx)                   Param #
=================================================================
ExpandedDynNetGen                        --
├─Sequential: 1-1                        --
│    └─Linear: 2-1                       60,416
├─Sequential: 1-2                        --
│    └─Sequential: 2-2                   --
│    │    └─Conv2d: 3-1                  200
│    │    └─ReLU: 3-2                    --
│    └─Sequential: 2-3                   --
│    │    └─Conv2d: 3-3                  1,576
│    │    └─ReLU: 3-4                    --
│    └─Sequential: 2-4                   --
│    │    └─Conv2d: 3-5                  6,288
│    │    └─ReLU: 3-6                    --
│    └─Sequential: 2-5                   --
│    │    └─Flatten: 3-7                 --
│    │    └─Linear: 3-8                  6,274
=================================================================
Total params: 74,754
Trainable params: 74,754
Non-trainable params: 0
=================================================================
Epoch:  0 Batch:   1 Loss: 0.6930 Accuracy Train: 50.480%
Epoch:  0 Batch:  11 Loss: 0.6921 Accuracy Train: 50.671%
Epoch:  0 Batch:  21 Loss: 0.6776 Accuracy Train: 51.561%
Epoch:  0 Batch:  31 Loss: 0.6568 Accuracy Train: 53.681%
Epoch:  0 Batch:  41 Loss: 0.6500 Accuracy Train: 55.712%
Epoch:  0 Batch:  51 Loss: 0.6466 Accuracy Train: 56.751%
Epoch:  0 Batch:  61 Loss: 0.6395 Accuracy Train: 57.954%
Epoch:  0 Batch:  71 Loss: 0.6403 Accuracy Train: 58.720%
Epoch:  0 Batch:  81 Loss: 0.6092 Accuracy Train: 59.563%
Epoch:  1 Batch:   1 Loss: 0.6015 Accuracy Train: 68.140%
Epoch:  1 Batch:  11 Loss: 0.5967 Accuracy Train: 66.651%
Epoch:  1 Batch:  21 Loss: 0.6178 Accuracy Train: 66.880%
Epoch:  1 Batch:  31 Loss: 0.6010 Accuracy Train: 66.337%
Epoch:  1 Batch:  41 Loss: 0.6007 Accuracy Train: 66.670%
Epoch:  1 Batch:  51 Loss: 0.5824 Accuracy Train: 66.918%
Epoch:  1 Batch:  61 Loss: 0.5915 Accuracy Train: 66.977%
Epoch:  1 Batch:  71 Loss: 0.5792 Accuracy Train: 67.277%
Epoch:  1 Batch:  81 Loss: 0.5754 Accuracy Train: 67.406%
Epoch:  2 Batch:   1 Loss: 0.5823 Accuracy Train: 68.980%
Epoch:  2 Batch:  11 Loss: 0.5781 Accuracy Train: 68.229%
Epoch:  2 Batch:  21 Loss: 0.5751 Accuracy Train: 68.658%
Epoch:  2 Batch:  31 Loss: 0.6625 Accuracy Train: 68.368%
Epoch:  2 Batch:  41 Loss: 0.6095 Accuracy Train: 67.689%
Epoch:  2 Batch:  51 Loss: 0.5895 Accuracy Train: 67.600%
Epoch:  2 Batch:  61 Loss: 0.5831 Accuracy Train: 67.615%
Epoch:  2 Batch:  71 Loss: 0.5627 Accuracy Train: 67.635%
Epoch:  2 Batch:  81 Loss: 0.5758 Accuracy Train: 67.660%
Epoch:  3 Batch:   1 Loss: 0.5661 Accuracy Train: 68.500%
Epoch:  3 Batch:  11 Loss: 0.5740 Accuracy Train: 67.642%
Epoch:  3 Batch:  21 Loss: 0.5768 Accuracy Train: 67.821%
Epoch:  3 Batch:  31 Loss: 0.5700 Accuracy Train: 68.212%
Epoch:  3 Batch:  41 Loss: 0.5706 Accuracy Train: 68.556%
Epoch:  3 Batch:  51 Loss: 0.5539 Accuracy Train: 68.802%
Epoch:  3 Batch:  61 Loss: 0.5708 Accuracy Train: 68.940%
Epoch:  3 Batch:  71 Loss: 0.6326 Accuracy Train: 68.470%
Epoch:  3 Batch:  81 Loss: 0.5918 Accuracy Train: 68.398%
Epoch:  4 Batch:   1 Loss: 0.5841 Accuracy Train: 70.020%
Epoch:  4 Batch:  11 Loss: 0.5818 Accuracy Train: 68.695%
Epoch:  4 Batch:  21 Loss: 0.6132 Accuracy Train: 67.770%
Epoch:  4 Batch:  31 Loss: 0.6291 Accuracy Train: 66.737%
Epoch:  4 Batch:  41 Loss: 0.6067 Accuracy Train: 64.796%
Epoch:  4 Batch:  51 Loss: 0.5899 Accuracy Train: 65.316%
Epoch:  4 Batch:  61 Loss: 0.5867 Accuracy Train: 65.683%
Epoch:  4 Batch:  71 Loss: 0.5876 Accuracy Train: 65.847%
Epoch:  4 Batch:  81 Loss: 0.5932 Accuracy Train: 65.983%
Epoch:  5 Batch:   1 Loss: 0.5918 Accuracy Train: 66.780%
Epoch:  5 Batch:  11 Loss: 0.5832 Accuracy Train: 67.405%
Epoch:  5 Batch:  21 Loss: 0.5794 Accuracy Train: 67.620%
Epoch:  5 Batch:  31 Loss: 0.5799 Accuracy Train: 67.605%
Epoch:  5 Batch:  41 Loss: 0.5783 Accuracy Train: 67.670%
Epoch:  5 Batch:  51 Loss: 0.5856 Accuracy Train: 67.682%
Epoch:  5 Batch:  61 Loss: 0.5848 Accuracy Train: 67.713%
Epoch:  5 Batch:  71 Loss: 0.5823 Accuracy Train: 67.688%
Epoch:  5 Batch:  81 Loss: 0.5704 Accuracy Train: 67.743%
Epoch:  6 Batch:   1 Loss: 0.5758 Accuracy Train: 67.400%
Epoch:  6 Batch:  11 Loss: 0.5717 Accuracy Train: 67.858%
Epoch:  6 Batch:  21 Loss: 0.5687 Accuracy Train: 67.828%
Epoch:  6 Batch:  31 Loss: 0.5673 Accuracy Train: 67.975%
Epoch:  6 Batch:  41 Loss: 0.5760 Accuracy Train: 67.864%
Epoch:  6 Batch:  51 Loss: 0.5801 Accuracy Train: 67.807%
Epoch:  6 Batch:  61 Loss: 0.5661 Accuracy Train: 67.818%
Epoch:  6 Batch:  71 Loss: 0.5812 Accuracy Train: 67.838%
Epoch:  6 Batch:  81 Loss: 0.5724 Accuracy Train: 67.853%
Epoch:  7 Batch:   1 Loss: 0.5792 Accuracy Train: 66.940%
Epoch:  7 Batch:  11 Loss: 0.5753 Accuracy Train: 67.656%
Epoch:  7 Batch:  21 Loss: 0.5698 Accuracy Train: 67.643%
Epoch:  7 Batch:  31 Loss: 0.5812 Accuracy Train: 67.703%
Epoch:  7 Batch:  41 Loss: 0.5724 Accuracy Train: 67.826%
Epoch:  7 Batch:  51 Loss: 0.6822 Accuracy Train: 67.723%
Epoch:  7 Batch:  61 Loss: 0.5731 Accuracy Train: 67.745%
Epoch:  7 Batch:  71 Loss: 0.5876 Accuracy Train: 67.697%
Epoch:  7 Batch:  81 Loss: 0.5795 Accuracy Train: 67.668%
Epoch:  8 Batch:   1 Loss: 0.5853 Accuracy Train: 67.280%
Epoch:  8 Batch:  11 Loss: 0.5795 Accuracy Train: 67.702%
Epoch:  8 Batch:  21 Loss: 0.5736 Accuracy Train: 67.635%
Epoch:  8 Batch:  31 Loss: 0.5777 Accuracy Train: 67.828%
Epoch:  8 Batch:  41 Loss: 0.5832 Accuracy Train: 67.910%
Epoch:  8 Batch:  51 Loss: 0.5744 Accuracy Train: 67.902%
Epoch:  8 Batch:  61 Loss: 0.5854 Accuracy Train: 67.793%
Epoch:  8 Batch:  71 Loss: 0.5740 Accuracy Train: 67.843%
Epoch:  8 Batch:  81 Loss: 0.5848 Accuracy Train: 67.825%
Epoch:  9 Batch:   1 Loss: 0.5855 Accuracy Train: 67.940%
Epoch:  9 Batch:  11 Loss: 0.5913 Accuracy Train: 68.138%
Epoch:  9 Batch:  21 Loss: 0.5781 Accuracy Train: 68.642%
Epoch:  9 Batch:  31 Loss: 0.5827 Accuracy Train: 68.415%
Epoch:  9 Batch:  41 Loss: 0.5809 Accuracy Train: 68.140%
Epoch:  9 Batch:  51 Loss: 0.6901 Accuracy Train: 67.951%
Epoch:  9 Batch:  61 Loss: 0.5852 Accuracy Train: 67.802%
Epoch:  9 Batch:  71 Loss: 0.5791 Accuracy Train: 67.811%
Epoch:  9 Batch:  81 Loss: 0.5720 Accuracy Train: 67.927%
Epoch: 10 Batch:   1 Loss: 0.5828 Accuracy Train: 67.380%
Epoch: 10 Batch:  11 Loss: 0.5683 Accuracy Train: 67.555%
Epoch: 10 Batch:  21 Loss: 0.5951 Accuracy Train: 66.227%
Epoch: 10 Batch:  31 Loss: 0.5824 Accuracy Train: 66.700%
Epoch: 10 Batch:  41 Loss: 0.5786 Accuracy Train: 66.965%
Epoch: 10 Batch:  51 Loss: 0.5747 Accuracy Train: 67.084%
Epoch: 10 Batch:  61 Loss: 0.5755 Accuracy Train: 67.147%
Epoch: 10 Batch:  71 Loss: 0.5699 Accuracy Train: 67.252%
Epoch: 10 Batch:  81 Loss: 0.5763 Accuracy Train: 67.282%
Epoch: 11 Batch:   1 Loss: 0.5856 Accuracy Train: 66.700%
Epoch: 11 Batch:  11 Loss: 0.5733 Accuracy Train: 67.909%
Epoch: 11 Batch:  21 Loss: 0.5718 Accuracy Train: 68.023%
Epoch: 11 Batch:  31 Loss: 0.5692 Accuracy Train: 68.208%
Epoch: 11 Batch:  41 Loss: 0.5652 Accuracy Train: 68.269%
Epoch: 11 Batch:  51 Loss: 0.5791 Accuracy Train: 68.374%
Epoch: 11 Batch:  61 Loss: 0.5858 Accuracy Train: 68.071%
Epoch: 11 Batch:  71 Loss: 0.5818 Accuracy Train: 68.034%
Epoch: 11 Batch:  81 Loss: 0.5727 Accuracy Train: 68.145%
Epoch: 12 Batch:   1 Loss: 0.5742 Accuracy Train: 67.280%
Epoch: 12 Batch:  11 Loss: 0.5698 Accuracy Train: 68.473%
Epoch: 12 Batch:  21 Loss: 0.5737 Accuracy Train: 68.968%
Epoch: 12 Batch:  31 Loss: 0.5833 Accuracy Train: 68.249%
Epoch: 12 Batch:  41 Loss: 0.5855 Accuracy Train: 68.244%
Epoch: 12 Batch:  51 Loss: 0.5737 Accuracy Train: 68.193%
Epoch: 12 Batch:  61 Loss: 0.5768 Accuracy Train: 68.094%
Epoch: 12 Batch:  71 Loss: 0.5748 Accuracy Train: 68.047%
Epoch: 12 Batch:  81 Loss: 0.5738 Accuracy Train: 68.004%
Epoch: 13 Batch:   1 Loss: 0.5738 Accuracy Train: 68.000%
Epoch: 13 Batch:  11 Loss: 0.5728 Accuracy Train: 68.265%
Epoch: 13 Batch:  21 Loss: 0.5827 Accuracy Train: 68.030%
Epoch: 13 Batch:  31 Loss: 0.5705 Accuracy Train: 68.022%
Epoch: 13 Batch:  41 Loss: 0.5756 Accuracy Train: 67.925%
Epoch: 13 Batch:  51 Loss: 0.6102 Accuracy Train: 67.796%
Epoch: 13 Batch:  61 Loss: 0.5910 Accuracy Train: 67.752%
Epoch: 13 Batch:  71 Loss: 0.6029 Accuracy Train: 67.603%
Epoch: 13 Batch:  81 Loss: 0.5809 Accuracy Train: 67.620%
Epoch: 14 Batch:   1 Loss: 0.5751 Accuracy Train: 67.680%
Epoch: 14 Batch:  11 Loss: 0.5880 Accuracy Train: 67.491%
Epoch: 14 Batch:  21 Loss: 0.5690 Accuracy Train: 67.625%
Epoch: 14 Batch:  31 Loss: 0.5762 Accuracy Train: 67.694%
Epoch: 14 Batch:  41 Loss: 0.5881 Accuracy Train: 67.668%
Epoch: 14 Batch:  51 Loss: 0.5695 Accuracy Train: 67.721%
Epoch: 14 Batch:  61 Loss: 0.5699 Accuracy Train: 67.783%
Epoch: 14 Batch:  71 Loss: 0.6033 Accuracy Train: 67.230%
Epoch: 14 Batch:  81 Loss: 0.6893 Accuracy Train: 67.139%
Epoch: 15 Batch:   1 Loss: 0.6160 Accuracy Train: 65.560%
Epoch: 15 Batch:  11 Loss: 0.6100 Accuracy Train: 66.902%
Epoch: 15 Batch:  21 Loss: 0.5934 Accuracy Train: 67.244%
Epoch: 15 Batch:  31 Loss: 0.5832 Accuracy Train: 67.480%
Epoch: 15 Batch:  41 Loss: 0.5679 Accuracy Train: 67.925%
Epoch: 15 Batch:  51 Loss: 0.5746 Accuracy Train: 67.527%
Epoch: 15 Batch:  61 Loss: 0.6119 Accuracy Train: 67.493%
Epoch: 15 Batch:  71 Loss: 0.5669 Accuracy Train: 67.538%
Epoch: 15 Batch:  81 Loss: 0.5825 Accuracy Train: 67.552%
Epoch: 16 Batch:   1 Loss: 0.5748 Accuracy Train: 67.760%
Epoch: 16 Batch:  11 Loss: 0.5694 Accuracy Train: 67.782%
Epoch: 16 Batch:  21 Loss: 0.5660 Accuracy Train: 67.853%
Epoch: 16 Batch:  31 Loss: 0.5747 Accuracy Train: 67.911%
Epoch: 16 Batch:  41 Loss: 0.5693 Accuracy Train: 67.935%
Epoch: 16 Batch:  51 Loss: 0.5722 Accuracy Train: 67.884%
Epoch: 16 Batch:  61 Loss: 0.5858 Accuracy Train: 67.879%
Epoch: 16 Batch:  71 Loss: 0.5767 Accuracy Train: 67.909%
Epoch: 16 Batch:  81 Loss: 0.5698 Accuracy Train: 67.911%
Epoch: 17 Batch:   1 Loss: 0.5734 Accuracy Train: 67.800%
Epoch: 17 Batch:  11 Loss: 0.5683 Accuracy Train: 68.002%
Epoch: 17 Batch:  21 Loss: 0.5691 Accuracy Train: 68.025%
Epoch: 17 Batch:  31 Loss: 0.5720 Accuracy Train: 68.086%
Epoch: 17 Batch:  41 Loss: 0.5696 Accuracy Train: 68.018%
Epoch: 17 Batch:  51 Loss: 0.5738 Accuracy Train: 67.970%
Epoch: 17 Batch:  61 Loss: 0.5698 Accuracy Train: 67.922%
Epoch: 17 Batch:  71 Loss: 0.5574 Accuracy Train: 68.128%
Epoch: 17 Batch:  81 Loss: 0.5679 Accuracy Train: 68.280%
Epoch: 18 Batch:   1 Loss: 0.5567 Accuracy Train: 68.360%
Epoch: 18 Batch:  11 Loss: 0.5756 Accuracy Train: 67.991%
Epoch: 18 Batch:  21 Loss: 0.6093 Accuracy Train: 67.889%
Epoch: 18 Batch:  31 Loss: 0.6038 Accuracy Train: 67.141%
Epoch: 18 Batch:  41 Loss: 0.5914 Accuracy Train: 67.093%
Epoch: 18 Batch:  51 Loss: 0.5830 Accuracy Train: 67.139%
Epoch: 18 Batch:  61 Loss: 0.5847 Accuracy Train: 67.202%
Epoch: 18 Batch:  71 Loss: 0.5794 Accuracy Train: 67.303%
Epoch: 18 Batch:  81 Loss: 0.5778 Accuracy Train: 67.320%
Epoch: 19 Batch:   1 Loss: 0.5729 Accuracy Train: 67.560%
Epoch: 19 Batch:  11 Loss: 0.5792 Accuracy Train: 67.769%
Epoch: 19 Batch:  21 Loss: 0.5748 Accuracy Train: 67.783%
Epoch: 19 Batch:  31 Loss: 0.5757 Accuracy Train: 67.726%
Epoch: 19 Batch:  41 Loss: 0.5682 Accuracy Train: 67.725%
Epoch: 19 Batch:  51 Loss: 0.5803 Accuracy Train: 67.673%
Epoch: 19 Batch:  61 Loss: 0.5814 Accuracy Train: 67.606%
Epoch: 19 Batch:  71 Loss: 0.5761 Accuracy Train: 67.610%
Epoch: 19 Batch:  81 Loss: 0.5720 Accuracy Train: 67.619%

Duration: 510 seconds
