Training LinearDynNetGen(
  (layers): Sequential(
    (0): Sequential(
      (0): Linear(in_features=58, out_features=100, bias=True)
      (1): ReLU()
    )
    (1): Sequential(
      (0): Linear(in_features=100, out_features=200, bias=True)
      (1): ReLU()
    )
    (2): Sequential(
      (0): Linear(in_features=200, out_features=2, bias=True)
    )
  )
) in cuda
=================================================================
Layer (type:depth-idx)                   Param #
=================================================================
LinearDynNetGen                          --
├─Sequential: 1-1                        --
│    └─Sequential: 2-1                   --
│    │    └─Linear: 3-1                  5,900
│    │    └─ReLU: 3-2                    --
│    └─Sequential: 2-2                   --
│    │    └─Linear: 3-3                  20,200
│    │    └─ReLU: 3-4                    --
│    └─Sequential: 2-3                   --
│    │    └─Linear: 3-5                  402
=================================================================
Total params: 26,502
Trainable params: 26,502
Non-trainable params: 0
=================================================================
Epoch:  0 Batch:   1 Loss: 0.6981 Accuracy Train: 49.240%
Epoch:  0 Batch:  11 Loss: 0.6643 Accuracy Train: 53.536%
Epoch:  0 Batch:  21 Loss: 0.6570 Accuracy Train: 56.206%
Epoch:  0 Batch:  31 Loss: 0.6525 Accuracy Train: 57.239%
Epoch:  0 Batch:  41 Loss: 0.6446 Accuracy Train: 58.157%
Epoch:  0 Batch:  51 Loss: 0.6365 Accuracy Train: 58.768%
Epoch:  0 Batch:  61 Loss: 0.6389 Accuracy Train: 59.495%
Epoch:  0 Batch:  71 Loss: 0.6188 Accuracy Train: 60.312%
Epoch:  0 Batch:  81 Loss: 0.6195 Accuracy Train: 61.163%
Epoch:  1 Batch:   1 Loss: 0.6268 Accuracy Train: 64.600%
Epoch:  1 Batch:  11 Loss: 0.6132 Accuracy Train: 67.451%
Epoch:  1 Batch:  21 Loss: 0.5974 Accuracy Train: 67.510%
Epoch:  1 Batch:  31 Loss: 0.6083 Accuracy Train: 68.107%
Epoch:  1 Batch:  41 Loss: 0.6078 Accuracy Train: 67.842%
Epoch:  1 Batch:  51 Loss: 0.5805 Accuracy Train: 67.834%
Epoch:  1 Batch:  61 Loss: 0.5754 Accuracy Train: 67.685%
Epoch:  1 Batch:  71 Loss: 0.5760 Accuracy Train: 67.540%
Epoch:  1 Batch:  81 Loss: 0.5725 Accuracy Train: 67.636%
Epoch:  2 Batch:   1 Loss: 0.5680 Accuracy Train: 68.360%
Epoch:  2 Batch:  11 Loss: 0.5851 Accuracy Train: 68.191%
Epoch:  2 Batch:  21 Loss: 0.5877 Accuracy Train: 68.465%
Epoch:  2 Batch:  31 Loss: 0.5661 Accuracy Train: 68.704%
Epoch:  2 Batch:  41 Loss: 0.5674 Accuracy Train: 68.732%
Epoch:  2 Batch:  51 Loss: 0.5618 Accuracy Train: 68.891%
Epoch:  2 Batch:  61 Loss: 0.5675 Accuracy Train: 68.949%
Epoch:  2 Batch:  71 Loss: 0.5679 Accuracy Train: 68.985%
Epoch:  2 Batch:  81 Loss: 0.5485 Accuracy Train: 69.080%
Epoch:  3 Batch:   1 Loss: 0.5718 Accuracy Train: 70.920%
Epoch:  3 Batch:  11 Loss: 0.5693 Accuracy Train: 69.798%
Epoch:  3 Batch:  21 Loss: 0.5661 Accuracy Train: 70.138%
Epoch:  3 Batch:  31 Loss: 0.5663 Accuracy Train: 70.190%
Epoch:  3 Batch:  41 Loss: 0.5672 Accuracy Train: 70.066%
Epoch:  3 Batch:  51 Loss: 0.5463 Accuracy Train: 70.146%
Epoch:  3 Batch:  61 Loss: 0.5510 Accuracy Train: 70.115%
Epoch:  3 Batch:  71 Loss: 0.5638 Accuracy Train: 70.153%
Epoch:  3 Batch:  81 Loss: 0.5547 Accuracy Train: 70.201%
Epoch:  4 Batch:   1 Loss: 0.5379 Accuracy Train: 72.060%
Epoch:  4 Batch:  11 Loss: 0.5665 Accuracy Train: 72.000%
Epoch:  4 Batch:  21 Loss: 0.5593 Accuracy Train: 70.510%
Epoch:  4 Batch:  31 Loss: 0.5421 Accuracy Train: 70.625%
Epoch:  4 Batch:  41 Loss: 0.5553 Accuracy Train: 70.641%
Epoch:  4 Batch:  51 Loss: 0.5244 Accuracy Train: 70.662%
Epoch:  4 Batch:  61 Loss: 0.5464 Accuracy Train: 70.914%
Epoch:  4 Batch:  71 Loss: 0.5826 Accuracy Train: 70.890%
Epoch:  4 Batch:  81 Loss: 0.5478 Accuracy Train: 71.042%
Epoch:  5 Batch:   1 Loss: 0.5399 Accuracy Train: 70.640%
Epoch:  5 Batch:  11 Loss: 0.5252 Accuracy Train: 71.765%
Epoch:  5 Batch:  21 Loss: 0.5559 Accuracy Train: 72.330%
Epoch:  5 Batch:  31 Loss: 0.5282 Accuracy Train: 72.297%
Epoch:  5 Batch:  41 Loss: 0.5415 Accuracy Train: 72.298%
Epoch:  5 Batch:  51 Loss: 0.5228 Accuracy Train: 72.183%
Epoch:  5 Batch:  61 Loss: 0.6001 Accuracy Train: 71.966%
Epoch:  5 Batch:  71 Loss: 0.5307 Accuracy Train: 71.898%
Epoch:  5 Batch:  81 Loss: 0.5148 Accuracy Train: 71.918%
Epoch:  6 Batch:   1 Loss: 0.5307 Accuracy Train: 71.020%
Epoch:  6 Batch:  11 Loss: 0.5205 Accuracy Train: 70.949%
Epoch:  6 Batch:  21 Loss: 0.5248 Accuracy Train: 71.577%
Epoch:  6 Batch:  31 Loss: 0.5247 Accuracy Train: 71.837%
Epoch:  6 Batch:  41 Loss: 0.5132 Accuracy Train: 72.078%
Epoch:  6 Batch:  51 Loss: 0.5040 Accuracy Train: 72.004%
Epoch:  6 Batch:  61 Loss: 0.5499 Accuracy Train: 72.087%
Epoch:  6 Batch:  71 Loss: 0.5253 Accuracy Train: 72.232%
Epoch:  6 Batch:  81 Loss: 0.5216 Accuracy Train: 72.241%
Epoch:  7 Batch:   1 Loss: 0.5424 Accuracy Train: 71.100%
Epoch:  7 Batch:  11 Loss: 0.5373 Accuracy Train: 73.055%
Epoch:  7 Batch:  21 Loss: 0.5025 Accuracy Train: 73.101%
Epoch:  7 Batch:  31 Loss: 0.5169 Accuracy Train: 73.020%
Epoch:  7 Batch:  41 Loss: 0.5164 Accuracy Train: 72.930%
Epoch:  7 Batch:  51 Loss: 0.5233 Accuracy Train: 72.823%
Epoch:  7 Batch:  61 Loss: 0.4955 Accuracy Train: 72.808%
Epoch:  7 Batch:  71 Loss: 0.5385 Accuracy Train: 72.912%
Epoch:  7 Batch:  81 Loss: 0.5285 Accuracy Train: 72.867%
Epoch:  8 Batch:   1 Loss: 0.5242 Accuracy Train: 69.280%
Epoch:  8 Batch:  11 Loss: 0.4941 Accuracy Train: 71.756%
Epoch:  8 Batch:  21 Loss: 0.5405 Accuracy Train: 72.466%
Epoch:  8 Batch:  31 Loss: 0.5042 Accuracy Train: 72.677%
Epoch:  8 Batch:  41 Loss: 0.4872 Accuracy Train: 73.013%
Epoch:  8 Batch:  51 Loss: 0.5284 Accuracy Train: 72.731%
Epoch:  8 Batch:  61 Loss: 0.5042 Accuracy Train: 72.449%
Epoch:  8 Batch:  71 Loss: 0.5069 Accuracy Train: 72.579%
Epoch:  8 Batch:  81 Loss: 0.4909 Accuracy Train: 72.669%
Epoch:  9 Batch:   1 Loss: 0.4944 Accuracy Train: 71.440%
Epoch:  9 Batch:  11 Loss: 0.5185 Accuracy Train: 74.015%
Epoch:  9 Batch:  21 Loss: 0.4818 Accuracy Train: 73.747%
Epoch:  9 Batch:  31 Loss: 0.5124 Accuracy Train: 73.915%
Epoch:  9 Batch:  41 Loss: 0.5086 Accuracy Train: 73.862%
Epoch:  9 Batch:  51 Loss: 0.5122 Accuracy Train: 73.673%
Epoch:  9 Batch:  61 Loss: 0.5250 Accuracy Train: 73.766%
Epoch:  9 Batch:  71 Loss: 0.6838 Accuracy Train: 73.546%
Epoch:  9 Batch:  81 Loss: 0.5340 Accuracy Train: 72.689%
Epoch: 10 Batch:   1 Loss: 0.5464 Accuracy Train: 69.060%
Epoch: 10 Batch:  11 Loss: 0.5476 Accuracy Train: 72.302%
Epoch: 10 Batch:  21 Loss: 0.4951 Accuracy Train: 73.045%
Epoch: 10 Batch:  31 Loss: 0.5084 Accuracy Train: 73.155%
Epoch: 10 Batch:  41 Loss: 0.4866 Accuracy Train: 73.434%
Epoch: 10 Batch:  51 Loss: 0.5011 Accuracy Train: 73.530%
Epoch: 10 Batch:  61 Loss: 0.4996 Accuracy Train: 73.426%
Epoch: 10 Batch:  71 Loss: 0.4967 Accuracy Train: 73.441%
Epoch: 10 Batch:  81 Loss: 0.4819 Accuracy Train: 73.503%
Epoch: 11 Batch:   1 Loss: 0.4916 Accuracy Train: 76.040%
Epoch: 11 Batch:  11 Loss: 0.4823 Accuracy Train: 73.098%
Epoch: 11 Batch:  21 Loss: 0.4812 Accuracy Train: 74.038%
Epoch: 11 Batch:  31 Loss: 0.4926 Accuracy Train: 74.492%
Epoch: 11 Batch:  41 Loss: 0.5309 Accuracy Train: 74.291%
Epoch: 11 Batch:  51 Loss: 0.4749 Accuracy Train: 74.207%
Epoch: 11 Batch:  61 Loss: 0.4827 Accuracy Train: 74.209%
Epoch: 11 Batch:  71 Loss: 0.4820 Accuracy Train: 74.492%
Epoch: 11 Batch:  81 Loss: 0.4856 Accuracy Train: 74.417%
Epoch: 12 Batch:   1 Loss: 0.5022 Accuracy Train: 69.980%
Epoch: 12 Batch:  11 Loss: 0.5036 Accuracy Train: 73.771%
Epoch: 12 Batch:  21 Loss: 0.4796 Accuracy Train: 73.838%
Epoch: 12 Batch:  31 Loss: 0.4821 Accuracy Train: 74.386%
Epoch: 12 Batch:  41 Loss: 0.5544 Accuracy Train: 74.625%
Epoch: 12 Batch:  51 Loss: 0.4896 Accuracy Train: 74.344%
Epoch: 12 Batch:  61 Loss: 0.5344 Accuracy Train: 74.267%
Epoch: 12 Batch:  71 Loss: 0.4965 Accuracy Train: 74.219%
Epoch: 12 Batch:  81 Loss: 0.4996 Accuracy Train: 74.234%
Epoch: 13 Batch:   1 Loss: 0.4882 Accuracy Train: 76.840%
Epoch: 13 Batch:  11 Loss: 0.5265 Accuracy Train: 74.462%
Epoch: 13 Batch:  21 Loss: 0.4925 Accuracy Train: 74.386%
Epoch: 13 Batch:  31 Loss: 0.4612 Accuracy Train: 74.930%
Epoch: 13 Batch:  41 Loss: 0.5487 Accuracy Train: 74.849%
Epoch: 13 Batch:  51 Loss: 0.4737 Accuracy Train: 74.761%
Epoch: 13 Batch:  61 Loss: 0.4955 Accuracy Train: 74.682%
Epoch: 13 Batch:  71 Loss: 0.4825 Accuracy Train: 74.721%
Epoch: 13 Batch:  81 Loss: 0.4645 Accuracy Train: 74.774%
Epoch: 14 Batch:   1 Loss: 0.5505 Accuracy Train: 76.640%
Epoch: 14 Batch:  11 Loss: 0.5578 Accuracy Train: 74.656%
Epoch: 14 Batch:  21 Loss: 0.4822 Accuracy Train: 74.241%
Epoch: 14 Batch:  31 Loss: 0.4768 Accuracy Train: 74.359%
Epoch: 14 Batch:  41 Loss: 0.4722 Accuracy Train: 74.730%
Epoch: 14 Batch:  51 Loss: 0.4688 Accuracy Train: 75.145%
Epoch: 14 Batch:  61 Loss: 0.4756 Accuracy Train: 75.351%
Epoch: 14 Batch:  71 Loss: 0.4646 Accuracy Train: 75.308%
Epoch: 14 Batch:  81 Loss: 0.4831 Accuracy Train: 75.441%
Epoch: 15 Batch:   1 Loss: 0.4673 Accuracy Train: 76.380%
Epoch: 15 Batch:  11 Loss: 0.4800 Accuracy Train: 76.249%
Epoch: 15 Batch:  21 Loss: 0.4709 Accuracy Train: 76.283%
Epoch: 15 Batch:  31 Loss: 0.4671 Accuracy Train: 76.254%
Epoch: 15 Batch:  41 Loss: 0.4927 Accuracy Train: 75.855%
Epoch: 15 Batch:  51 Loss: 0.4675 Accuracy Train: 75.981%
Epoch: 15 Batch:  61 Loss: 0.4842 Accuracy Train: 75.980%
Epoch: 15 Batch:  71 Loss: 0.4827 Accuracy Train: 75.853%
Epoch: 15 Batch:  81 Loss: 0.4730 Accuracy Train: 75.900%
Epoch: 16 Batch:   1 Loss: 0.5492 Accuracy Train: 68.960%
Epoch: 16 Batch:  11 Loss: 0.5183 Accuracy Train: 74.655%
Epoch: 16 Batch:  21 Loss: 0.5224 Accuracy Train: 74.198%
Epoch: 16 Batch:  31 Loss: 0.4944 Accuracy Train: 74.668%
Epoch: 16 Batch:  41 Loss: 0.4731 Accuracy Train: 74.934%
Epoch: 16 Batch:  51 Loss: 0.4749 Accuracy Train: 75.132%
Epoch: 16 Batch:  61 Loss: 0.5008 Accuracy Train: 75.135%
Epoch: 16 Batch:  71 Loss: 0.4637 Accuracy Train: 75.354%
Epoch: 16 Batch:  81 Loss: 0.4734 Accuracy Train: 75.516%
Epoch: 17 Batch:   1 Loss: 0.4622 Accuracy Train: 77.840%
Epoch: 17 Batch:  11 Loss: 0.4703 Accuracy Train: 76.635%
Epoch: 17 Batch:  21 Loss: 0.4736 Accuracy Train: 76.589%
Epoch: 17 Batch:  31 Loss: 0.4821 Accuracy Train: 76.595%
Epoch: 17 Batch:  41 Loss: 0.4622 Accuracy Train: 76.587%
Epoch: 17 Batch:  51 Loss: 0.4670 Accuracy Train: 76.455%
Epoch: 17 Batch:  61 Loss: 0.4646 Accuracy Train: 76.388%
Epoch: 17 Batch:  71 Loss: 0.5033 Accuracy Train: 76.329%
Epoch: 17 Batch:  81 Loss: 0.4764 Accuracy Train: 76.138%
Epoch: 18 Batch:   1 Loss: 0.4818 Accuracy Train: 74.660%
Epoch: 18 Batch:  11 Loss: 0.4894 Accuracy Train: 74.595%
Epoch: 18 Batch:  21 Loss: 0.4929 Accuracy Train: 74.630%
Epoch: 18 Batch:  31 Loss: 0.4729 Accuracy Train: 75.068%
Epoch: 18 Batch:  41 Loss: 0.4585 Accuracy Train: 75.489%
Epoch: 18 Batch:  51 Loss: 0.4735 Accuracy Train: 75.721%
Epoch: 18 Batch:  61 Loss: 0.4731 Accuracy Train: 75.867%
Epoch: 18 Batch:  71 Loss: 0.4709 Accuracy Train: 75.790%
Epoch: 18 Batch:  81 Loss: 0.4562 Accuracy Train: 75.944%
Epoch: 19 Batch:   1 Loss: 0.4522 Accuracy Train: 77.320%
Epoch: 19 Batch:  11 Loss: 0.4914 Accuracy Train: 75.833%
Epoch: 19 Batch:  21 Loss: 0.4739 Accuracy Train: 76.189%
Epoch: 19 Batch:  31 Loss: 0.4882 Accuracy Train: 75.884%
Epoch: 19 Batch:  41 Loss: 0.4663 Accuracy Train: 75.904%
Epoch: 19 Batch:  51 Loss: 0.4808 Accuracy Train: 75.985%
Epoch: 19 Batch:  61 Loss: 0.4630 Accuracy Train: 75.850%
Epoch: 19 Batch:  71 Loss: 0.6363 Accuracy Train: 74.846%
Epoch: 19 Batch:  81 Loss: 0.5233 Accuracy Train: 74.246%

Duration: 70 seconds
