Training LinearDynNetGen(
  (layers): Sequential(
    (0): Sequential(
      (0): Linear(in_features=58, out_features=200, bias=True)
      (1): ReLU()
    )
    (1): Sequential(
      (0): Linear(in_features=200, out_features=2, bias=True)
    )
  )
) in cuda
=================================================================
Layer (type:depth-idx)                   Param #
=================================================================
LinearDynNetGen                          --
├─Sequential: 1-1                        --
│    └─Sequential: 2-1                   --
│    │    └─Linear: 3-1                  11,800
│    │    └─ReLU: 3-2                    --
│    └─Sequential: 2-2                   --
│    │    └─Linear: 3-3                  402
=================================================================
Total params: 12,202
Trainable params: 12,202
Non-trainable params: 0
=================================================================
Epoch:  0 Batch:   1 Loss: 0.6944 Accuracy Train: 51.140%
Epoch:  0 Batch:  11 Loss: 0.6669 Accuracy Train: 54.576%
Epoch:  0 Batch:  21 Loss: 0.6674 Accuracy Train: 55.220%
Epoch:  0 Batch:  31 Loss: 0.6566 Accuracy Train: 56.644%
Epoch:  0 Batch:  41 Loss: 0.6580 Accuracy Train: 58.076%
Epoch:  0 Batch:  51 Loss: 0.6445 Accuracy Train: 59.333%
Epoch:  0 Batch:  61 Loss: 0.6454 Accuracy Train: 60.356%
Epoch:  0 Batch:  71 Loss: 0.6467 Accuracy Train: 61.074%
Epoch:  0 Batch:  81 Loss: 0.6399 Accuracy Train: 61.702%
Epoch:  1 Batch:   1 Loss: 0.6378 Accuracy Train: 67.080%
Epoch:  1 Batch:  11 Loss: 0.6338 Accuracy Train: 63.549%
Epoch:  1 Batch:  21 Loss: 0.6351 Accuracy Train: 64.340%
Epoch:  1 Batch:  31 Loss: 0.6395 Accuracy Train: 63.519%
Epoch:  1 Batch:  41 Loss: 0.6237 Accuracy Train: 64.577%
Epoch:  1 Batch:  51 Loss: 0.6206 Accuracy Train: 65.028%
Epoch:  1 Batch:  61 Loss: 0.6266 Accuracy Train: 65.474%
Epoch:  1 Batch:  71 Loss: 0.6262 Accuracy Train: 65.865%
Epoch:  1 Batch:  81 Loss: 0.6161 Accuracy Train: 65.753%
Epoch:  2 Batch:   1 Loss: 0.6117 Accuracy Train: 69.540%
Epoch:  2 Batch:  11 Loss: 0.6147 Accuracy Train: 69.084%
Epoch:  2 Batch:  21 Loss: 0.6189 Accuracy Train: 68.455%
Epoch:  2 Batch:  31 Loss: 0.6168 Accuracy Train: 67.910%
Epoch:  2 Batch:  41 Loss: 0.6107 Accuracy Train: 67.848%
Epoch:  2 Batch:  51 Loss: 0.6300 Accuracy Train: 66.711%
Epoch:  2 Batch:  61 Loss: 0.6104 Accuracy Train: 66.623%
Epoch:  2 Batch:  71 Loss: 0.5985 Accuracy Train: 66.888%
Epoch:  2 Batch:  81 Loss: 0.6197 Accuracy Train: 67.140%
Epoch:  3 Batch:   1 Loss: 0.6160 Accuracy Train: 67.360%
Epoch:  3 Batch:  11 Loss: 0.6160 Accuracy Train: 64.551%
Epoch:  3 Batch:  21 Loss: 0.6097 Accuracy Train: 67.058%
Epoch:  3 Batch:  31 Loss: 0.5939 Accuracy Train: 67.789%
Epoch:  3 Batch:  41 Loss: 0.6020 Accuracy Train: 68.351%
Epoch:  3 Batch:  51 Loss: 0.5973 Accuracy Train: 68.681%
Epoch:  3 Batch:  61 Loss: 0.5959 Accuracy Train: 67.874%
Epoch:  3 Batch:  71 Loss: 0.5976 Accuracy Train: 67.687%
Epoch:  3 Batch:  81 Loss: 0.5903 Accuracy Train: 67.810%
Epoch:  4 Batch:   1 Loss: 0.5896 Accuracy Train: 68.900%
Epoch:  4 Batch:  11 Loss: 0.5889 Accuracy Train: 69.173%
Epoch:  4 Batch:  21 Loss: 0.5938 Accuracy Train: 69.467%
Epoch:  4 Batch:  31 Loss: 0.5965 Accuracy Train: 68.401%
Epoch:  4 Batch:  41 Loss: 0.5796 Accuracy Train: 68.730%
Epoch:  4 Batch:  51 Loss: 0.5773 Accuracy Train: 68.713%
Epoch:  4 Batch:  61 Loss: 0.5731 Accuracy Train: 68.612%
Epoch:  4 Batch:  71 Loss: 0.5787 Accuracy Train: 68.804%
Epoch:  4 Batch:  81 Loss: 0.5698 Accuracy Train: 68.896%
Epoch:  5 Batch:   1 Loss: 0.5634 Accuracy Train: 69.860%
Epoch:  5 Batch:  11 Loss: 0.5679 Accuracy Train: 69.084%
Epoch:  5 Batch:  21 Loss: 0.5895 Accuracy Train: 69.230%
Epoch:  5 Batch:  31 Loss: 0.5572 Accuracy Train: 69.045%
Epoch:  5 Batch:  41 Loss: 0.5627 Accuracy Train: 69.180%
Epoch:  5 Batch:  51 Loss: 0.5687 Accuracy Train: 69.074%
Epoch:  5 Batch:  61 Loss: 0.5517 Accuracy Train: 69.204%
Epoch:  5 Batch:  71 Loss: 0.5738 Accuracy Train: 69.184%
Epoch:  5 Batch:  81 Loss: 0.5492 Accuracy Train: 69.272%
Epoch:  6 Batch:   1 Loss: 0.5580 Accuracy Train: 72.240%
Epoch:  6 Batch:  11 Loss: 0.5604 Accuracy Train: 69.765%
Epoch:  6 Batch:  21 Loss: 0.5569 Accuracy Train: 69.693%
Epoch:  6 Batch:  31 Loss: 0.5665 Accuracy Train: 69.716%
Epoch:  6 Batch:  41 Loss: 0.5556 Accuracy Train: 70.008%
Epoch:  6 Batch:  51 Loss: 0.5639 Accuracy Train: 70.136%
Epoch:  6 Batch:  61 Loss: 0.5674 Accuracy Train: 70.105%
Epoch:  6 Batch:  71 Loss: 0.5670 Accuracy Train: 70.096%
Epoch:  6 Batch:  81 Loss: 0.5497 Accuracy Train: 70.061%
Epoch:  7 Batch:   1 Loss: 0.5516 Accuracy Train: 70.460%
Epoch:  7 Batch:  11 Loss: 0.5336 Accuracy Train: 70.309%
Epoch:  7 Batch:  21 Loss: 0.5354 Accuracy Train: 70.414%
Epoch:  7 Batch:  31 Loss: 0.5406 Accuracy Train: 70.465%
Epoch:  7 Batch:  41 Loss: 0.5373 Accuracy Train: 70.375%
Epoch:  7 Batch:  51 Loss: 0.5261 Accuracy Train: 70.361%
Epoch:  7 Batch:  61 Loss: 0.5341 Accuracy Train: 70.381%
Epoch:  7 Batch:  71 Loss: 0.5432 Accuracy Train: 70.373%
Epoch:  7 Batch:  81 Loss: 0.5359 Accuracy Train: 70.498%
Epoch:  8 Batch:   1 Loss: 0.5357 Accuracy Train: 69.800%
Epoch:  8 Batch:  11 Loss: 0.5433 Accuracy Train: 71.004%
Epoch:  8 Batch:  21 Loss: 0.5349 Accuracy Train: 70.813%
Epoch:  8 Batch:  31 Loss: 0.5292 Accuracy Train: 70.894%
Epoch:  8 Batch:  41 Loss: 0.5311 Accuracy Train: 70.825%
Epoch:  8 Batch:  51 Loss: 0.5430 Accuracy Train: 70.852%
Epoch:  8 Batch:  61 Loss: 0.5562 Accuracy Train: 71.037%
Epoch:  8 Batch:  71 Loss: 0.5450 Accuracy Train: 71.028%
Epoch:  8 Batch:  81 Loss: 0.5282 Accuracy Train: 71.023%
Epoch:  9 Batch:   1 Loss: 0.5257 Accuracy Train: 71.000%
Epoch:  9 Batch:  11 Loss: 0.5298 Accuracy Train: 70.347%
Epoch:  9 Batch:  21 Loss: 0.5399 Accuracy Train: 70.678%
Epoch:  9 Batch:  31 Loss: 0.5407 Accuracy Train: 70.914%
Epoch:  9 Batch:  41 Loss: 0.5160 Accuracy Train: 71.077%
Epoch:  9 Batch:  51 Loss: 0.5388 Accuracy Train: 71.028%
Epoch:  9 Batch:  61 Loss: 0.5292 Accuracy Train: 71.015%
Epoch:  9 Batch:  71 Loss: 0.5365 Accuracy Train: 71.115%
Epoch:  9 Batch:  81 Loss: 0.5150 Accuracy Train: 71.058%
Epoch: 10 Batch:   1 Loss: 0.5139 Accuracy Train: 71.300%
Epoch: 10 Batch:  11 Loss: 0.5297 Accuracy Train: 71.375%
Epoch: 10 Batch:  21 Loss: 0.5392 Accuracy Train: 71.458%
Epoch: 10 Batch:  31 Loss: 0.5299 Accuracy Train: 71.317%
Epoch: 10 Batch:  41 Loss: 0.5204 Accuracy Train: 71.325%
Epoch: 10 Batch:  51 Loss: 0.5314 Accuracy Train: 71.351%
Epoch: 10 Batch:  61 Loss: 0.5249 Accuracy Train: 71.445%
Epoch: 10 Batch:  71 Loss: 0.5279 Accuracy Train: 71.532%
Epoch: 10 Batch:  81 Loss: 0.5293 Accuracy Train: 71.520%
Epoch: 11 Batch:   1 Loss: 0.5281 Accuracy Train: 70.840%
Epoch: 11 Batch:  11 Loss: 0.5064 Accuracy Train: 71.802%
Epoch: 11 Batch:  21 Loss: 0.5275 Accuracy Train: 72.059%
Epoch: 11 Batch:  31 Loss: 0.5102 Accuracy Train: 72.192%
Epoch: 11 Batch:  41 Loss: 0.5200 Accuracy Train: 72.097%
Epoch: 11 Batch:  51 Loss: 0.5161 Accuracy Train: 71.964%
Epoch: 11 Batch:  61 Loss: 0.5478 Accuracy Train: 72.141%
Epoch: 11 Batch:  71 Loss: 0.5125 Accuracy Train: 72.123%
Epoch: 11 Batch:  81 Loss: 0.5252 Accuracy Train: 72.171%
Epoch: 12 Batch:   1 Loss: 0.5459 Accuracy Train: 67.660%
Epoch: 12 Batch:  11 Loss: 0.5201 Accuracy Train: 71.864%
Epoch: 12 Batch:  21 Loss: 0.5050 Accuracy Train: 71.986%
Epoch: 12 Batch:  31 Loss: 0.5153 Accuracy Train: 71.846%
Epoch: 12 Batch:  41 Loss: 0.5166 Accuracy Train: 71.826%
Epoch: 12 Batch:  51 Loss: 0.5164 Accuracy Train: 71.953%
Epoch: 12 Batch:  61 Loss: 0.5043 Accuracy Train: 71.795%
Epoch: 12 Batch:  71 Loss: 0.5141 Accuracy Train: 71.878%
Epoch: 12 Batch:  81 Loss: 0.5105 Accuracy Train: 71.958%
Epoch: 13 Batch:   1 Loss: 0.5230 Accuracy Train: 75.600%
Epoch: 13 Batch:  11 Loss: 0.5011 Accuracy Train: 72.178%
Epoch: 13 Batch:  21 Loss: 0.5218 Accuracy Train: 72.411%
Epoch: 13 Batch:  31 Loss: 0.5130 Accuracy Train: 72.599%
Epoch: 13 Batch:  41 Loss: 0.5114 Accuracy Train: 72.781%
Epoch: 13 Batch:  51 Loss: 0.5104 Accuracy Train: 72.789%
Epoch: 13 Batch:  61 Loss: 0.5088 Accuracy Train: 72.834%
Epoch: 13 Batch:  71 Loss: 0.5171 Accuracy Train: 72.832%
Epoch: 13 Batch:  81 Loss: 0.5291 Accuracy Train: 72.882%
Epoch: 14 Batch:   1 Loss: 0.5078 Accuracy Train: 70.680%
Epoch: 14 Batch:  11 Loss: 0.5114 Accuracy Train: 72.907%
Epoch: 14 Batch:  21 Loss: 0.5761 Accuracy Train: 72.468%
Epoch: 14 Batch:  31 Loss: 0.5158 Accuracy Train: 72.883%
Epoch: 14 Batch:  41 Loss: 0.4994 Accuracy Train: 73.011%
Epoch: 14 Batch:  51 Loss: 0.4937 Accuracy Train: 73.070%
Epoch: 14 Batch:  61 Loss: 0.5076 Accuracy Train: 73.013%
Epoch: 14 Batch:  71 Loss: 0.5036 Accuracy Train: 73.081%
Epoch: 14 Batch:  81 Loss: 0.5132 Accuracy Train: 73.040%
Epoch: 15 Batch:   1 Loss: 0.5746 Accuracy Train: 66.860%
Epoch: 15 Batch:  11 Loss: 0.5041 Accuracy Train: 73.156%
Epoch: 15 Batch:  21 Loss: 0.4999 Accuracy Train: 73.527%
Epoch: 15 Batch:  31 Loss: 0.5039 Accuracy Train: 73.566%
Epoch: 15 Batch:  41 Loss: 0.4952 Accuracy Train: 73.613%
Epoch: 15 Batch:  51 Loss: 0.5038 Accuracy Train: 73.626%
Epoch: 15 Batch:  61 Loss: 0.4999 Accuracy Train: 73.456%
Epoch: 15 Batch:  71 Loss: 0.5102 Accuracy Train: 73.477%
Epoch: 15 Batch:  81 Loss: 0.4993 Accuracy Train: 73.589%
Epoch: 16 Batch:   1 Loss: 0.5017 Accuracy Train: 75.420%
Epoch: 16 Batch:  11 Loss: 0.5050 Accuracy Train: 73.464%
Epoch: 16 Batch:  21 Loss: 0.4940 Accuracy Train: 73.595%
Epoch: 16 Batch:  31 Loss: 0.5012 Accuracy Train: 73.508%
Epoch: 16 Batch:  41 Loss: 0.4913 Accuracy Train: 73.567%
Epoch: 16 Batch:  51 Loss: 0.4935 Accuracy Train: 73.653%
Epoch: 16 Batch:  61 Loss: 0.5172 Accuracy Train: 73.591%
Epoch: 16 Batch:  71 Loss: 0.4974 Accuracy Train: 73.606%
Epoch: 16 Batch:  81 Loss: 0.4956 Accuracy Train: 73.643%
Epoch: 17 Batch:   1 Loss: 0.5164 Accuracy Train: 69.080%
Epoch: 17 Batch:  11 Loss: 0.5025 Accuracy Train: 72.500%
Epoch: 17 Batch:  21 Loss: 0.4985 Accuracy Train: 73.328%
Epoch: 17 Batch:  31 Loss: 0.5191 Accuracy Train: 73.361%
Epoch: 17 Batch:  41 Loss: 0.5093 Accuracy Train: 73.334%
Epoch: 17 Batch:  51 Loss: 0.5486 Accuracy Train: 73.124%
Epoch: 17 Batch:  61 Loss: 0.4884 Accuracy Train: 73.124%
Epoch: 17 Batch:  71 Loss: 0.5020 Accuracy Train: 72.965%
Epoch: 17 Batch:  81 Loss: 0.4866 Accuracy Train: 73.128%
Epoch: 18 Batch:   1 Loss: 0.5025 Accuracy Train: 76.660%
Epoch: 18 Batch:  11 Loss: 0.4978 Accuracy Train: 73.042%
Epoch: 18 Batch:  21 Loss: 0.4888 Accuracy Train: 73.607%
Epoch: 18 Batch:  31 Loss: 0.4900 Accuracy Train: 73.623%
Epoch: 18 Batch:  41 Loss: 0.4892 Accuracy Train: 74.132%
Epoch: 18 Batch:  51 Loss: 0.4830 Accuracy Train: 74.554%
Epoch: 18 Batch:  61 Loss: 0.4861 Accuracy Train: 74.610%
Epoch: 18 Batch:  71 Loss: 0.5023 Accuracy Train: 74.476%
Epoch: 18 Batch:  81 Loss: 0.4890 Accuracy Train: 74.360%
Epoch: 19 Batch:   1 Loss: 0.5160 Accuracy Train: 67.780%
Epoch: 19 Batch:  11 Loss: 0.5224 Accuracy Train: 73.282%
Epoch: 19 Batch:  21 Loss: 0.5069 Accuracy Train: 72.476%
Epoch: 19 Batch:  31 Loss: 0.4946 Accuracy Train: 72.950%
Epoch: 19 Batch:  41 Loss: 0.4878 Accuracy Train: 73.075%
Epoch: 19 Batch:  51 Loss: 0.5015 Accuracy Train: 73.149%
Epoch: 19 Batch:  61 Loss: 0.4984 Accuracy Train: 73.148%
Epoch: 19 Batch:  71 Loss: 0.4967 Accuracy Train: 73.328%
Epoch: 19 Batch:  81 Loss: 0.4805 Accuracy Train: 73.546%

Duration: 70 seconds
