Training DynNetGen(
  (layers): Sequential(
    (0): Sequential(
      (0): Conv2d(1, 8, kernel_size=(2, 2), stride=(1, 1))
      (1): ReLU()
    )
    (1): Sequential(
      (0): Conv2d(8, 16, kernel_size=(2, 2), stride=(1, 1))
      (1): ReLU()
    )
    (2): Sequential(
      (0): Conv2d(16, 32, kernel_size=(2, 2), stride=(1, 1))
      (1): ReLU()
    )
    (3): Sequential(
      (0): Flatten(start_dim=1, end_dim=-1)
      (1): Linear(in_features=2592, out_features=2, bias=True)
    )
  )
) in cuda
=================================================================
Layer (type:depth-idx)                   Param #
=================================================================
DynNetGen                                --
├─Sequential: 1-1                        --
│    └─Sequential: 2-1                   --
│    │    └─Conv2d: 3-1                  40
│    │    └─ReLU: 3-2                    --
│    └─Sequential: 2-2                   --
│    │    └─Conv2d: 3-3                  528
│    │    └─ReLU: 3-4                    --
│    └─Sequential: 2-3                   --
│    │    └─Conv2d: 3-5                  2,080
│    │    └─ReLU: 3-6                    --
│    └─Sequential: 2-4                   --
│    │    └─Flatten: 3-7                 --
│    │    └─Linear: 3-8                  5,186
=================================================================
Total params: 7,834
Trainable params: 7,834
Non-trainable params: 0
=================================================================
Epoch:  0 Batch:   1 Loss: 0.6932 Accuracy Train: 51.140%
Epoch:  0 Batch:  11 Loss: 0.6853 Accuracy Train: 51.540%
Epoch:  0 Batch:  21 Loss: 0.6606 Accuracy Train: 55.547%
Epoch:  0 Batch:  31 Loss: 0.6618 Accuracy Train: 57.348%
Epoch:  1 Batch:   1 Loss: 0.6553 Accuracy Train: 61.940%
Epoch:  1 Batch:  11 Loss: 0.6442 Accuracy Train: 62.676%
Epoch:  1 Batch:  21 Loss: 0.6454 Accuracy Train: 62.374%
Epoch:  1 Batch:  31 Loss: 0.6443 Accuracy Train: 62.650%
Epoch:  2 Batch:   1 Loss: 0.6372 Accuracy Train: 64.340%
Epoch:  2 Batch:  11 Loss: 0.6303 Accuracy Train: 64.433%
Epoch:  2 Batch:  21 Loss: 0.6267 Accuracy Train: 64.633%
Epoch:  2 Batch:  31 Loss: 0.6252 Accuracy Train: 64.934%
Epoch:  3 Batch:   1 Loss: 0.6303 Accuracy Train: 65.940%
Epoch:  3 Batch:  11 Loss: 0.6231 Accuracy Train: 65.924%
Epoch:  3 Batch:  21 Loss: 0.6227 Accuracy Train: 65.901%
Epoch:  3 Batch:  31 Loss: 0.6138 Accuracy Train: 66.177%
Epoch:  4 Batch:   1 Loss: 0.6301 Accuracy Train: 66.480%
Epoch:  4 Batch:  11 Loss: 0.6146 Accuracy Train: 66.469%
Epoch:  4 Batch:  21 Loss: 0.6182 Accuracy Train: 66.510%
Epoch:  4 Batch:  31 Loss: 0.6152 Accuracy Train: 66.603%
Epoch:  5 Batch:   1 Loss: 0.6178 Accuracy Train: 66.620%
Epoch:  5 Batch:  11 Loss: 0.6234 Accuracy Train: 66.742%
Epoch:  5 Batch:  21 Loss: 0.6175 Accuracy Train: 66.699%
Epoch:  5 Batch:  31 Loss: 0.6184 Accuracy Train: 66.745%
Epoch:  6 Batch:   1 Loss: 0.6164 Accuracy Train: 66.280%
Epoch:  6 Batch:  11 Loss: 0.6085 Accuracy Train: 66.907%
Epoch:  6 Batch:  21 Loss: 0.6227 Accuracy Train: 66.930%
Epoch:  6 Batch:  31 Loss: 0.6074 Accuracy Train: 67.033%
Epoch:  7 Batch:   1 Loss: 0.6133 Accuracy Train: 67.400%
Epoch:  7 Batch:  11 Loss: 0.6053 Accuracy Train: 66.925%
Epoch:  7 Batch:  21 Loss: 0.6110 Accuracy Train: 67.166%
Epoch:  7 Batch:  31 Loss: 0.6078 Accuracy Train: 67.134%
Epoch:  8 Batch:   1 Loss: 0.6124 Accuracy Train: 67.340%
Epoch:  8 Batch:  11 Loss: 0.6016 Accuracy Train: 67.602%
Epoch:  8 Batch:  21 Loss: 0.6084 Accuracy Train: 67.550%
Epoch:  8 Batch:  31 Loss: 0.6045 Accuracy Train: 67.471%
Epoch:  9 Batch:   1 Loss: 0.6094 Accuracy Train: 67.100%
Epoch:  9 Batch:  11 Loss: 0.6109 Accuracy Train: 67.207%
Epoch:  9 Batch:  21 Loss: 0.6067 Accuracy Train: 67.356%
Epoch:  9 Batch:  31 Loss: 0.6067 Accuracy Train: 67.453%
Epoch: 10 Batch:   1 Loss: 0.6109 Accuracy Train: 67.220%
Epoch: 10 Batch:  11 Loss: 0.5994 Accuracy Train: 67.716%
Epoch: 10 Batch:  21 Loss: 0.6084 Accuracy Train: 67.571%
Epoch: 10 Batch:  31 Loss: 0.6026 Accuracy Train: 67.517%
Epoch: 11 Batch:   1 Loss: 0.6098 Accuracy Train: 66.860%
Epoch: 11 Batch:  11 Loss: 0.6088 Accuracy Train: 67.224%
Epoch: 11 Batch:  21 Loss: 0.6041 Accuracy Train: 67.481%
Epoch: 11 Batch:  31 Loss: 0.6150 Accuracy Train: 67.629%
Epoch: 12 Batch:   1 Loss: 0.6192 Accuracy Train: 66.480%
Epoch: 12 Batch:  11 Loss: 0.6043 Accuracy Train: 67.682%
Epoch: 12 Batch:  21 Loss: 0.5987 Accuracy Train: 67.869%
Epoch: 12 Batch:  31 Loss: 0.5946 Accuracy Train: 67.959%
Epoch: 13 Batch:   1 Loss: 0.5915 Accuracy Train: 68.580%
Epoch: 13 Batch:  11 Loss: 0.6031 Accuracy Train: 67.811%
Epoch: 13 Batch:  21 Loss: 0.5927 Accuracy Train: 67.881%
Epoch: 13 Batch:  31 Loss: 0.6002 Accuracy Train: 68.075%
Epoch: 14 Batch:   1 Loss: 0.5991 Accuracy Train: 68.120%
Epoch: 14 Batch:  11 Loss: 0.5929 Accuracy Train: 67.915%
Epoch: 14 Batch:  21 Loss: 0.5967 Accuracy Train: 68.108%
Epoch: 14 Batch:  31 Loss: 0.5993 Accuracy Train: 68.206%
Epoch: 15 Batch:   1 Loss: 0.6063 Accuracy Train: 67.960%
Epoch: 15 Batch:  11 Loss: 0.6024 Accuracy Train: 68.204%
Epoch: 15 Batch:  21 Loss: 0.5988 Accuracy Train: 68.158%
Epoch: 15 Batch:  31 Loss: 0.5878 Accuracy Train: 68.267%
Epoch: 16 Batch:   1 Loss: 0.5859 Accuracy Train: 69.120%
Epoch: 16 Batch:  11 Loss: 0.5916 Accuracy Train: 68.256%
Epoch: 16 Batch:  21 Loss: 0.5907 Accuracy Train: 68.393%
Epoch: 16 Batch:  31 Loss: 0.5890 Accuracy Train: 68.465%
Epoch: 17 Batch:   1 Loss: 0.5856 Accuracy Train: 69.180%
Epoch: 17 Batch:  11 Loss: 0.5908 Accuracy Train: 68.435%
Epoch: 17 Batch:  21 Loss: 0.5932 Accuracy Train: 68.460%
Epoch: 17 Batch:  31 Loss: 0.5968 Accuracy Train: 68.477%
Epoch: 18 Batch:   1 Loss: 0.5921 Accuracy Train: 68.620%
Epoch: 18 Batch:  11 Loss: 0.6004 Accuracy Train: 68.351%
Epoch: 18 Batch:  21 Loss: 0.5755 Accuracy Train: 68.442%
Epoch: 18 Batch:  31 Loss: 0.5927 Accuracy Train: 68.369%
Epoch: 19 Batch:   1 Loss: 0.5888 Accuracy Train: 68.920%
Epoch: 19 Batch:  11 Loss: 0.5856 Accuracy Train: 68.689%
Epoch: 19 Batch:  21 Loss: 0.5810 Accuracy Train: 68.978%
Epoch: 19 Batch:  31 Loss: 0.5878 Accuracy Train: 68.708%

Duration: 66 seconds
