Training DynNetGen(
  (layers): Sequential(
    (0): Sequential(
      (0): Conv2d(1, 8, kernel_size=(2, 2), stride=(1, 1))
      (1): ReLU()
    )
    (1): Sequential(
      (0): Conv2d(8, 16, kernel_size=(2, 2), stride=(1, 1))
      (1): ReLU()
    )
    (2): Sequential(
      (0): Conv2d(16, 32, kernel_size=(2, 2), stride=(1, 1))
      (1): ReLU()
    )
    (3): Sequential(
      (0): Flatten(start_dim=1, end_dim=-1)
      (1): Linear(in_features=2592, out_features=2, bias=True)
    )
  )
) in cuda
=================================================================
Layer (type:depth-idx)                   Param #
=================================================================
DynNetGen                                --
├─Sequential: 1-1                        --
│    └─Sequential: 2-1                   --
│    │    └─Conv2d: 3-1                  40
│    │    └─ReLU: 3-2                    --
│    └─Sequential: 2-2                   --
│    │    └─Conv2d: 3-3                  528
│    │    └─ReLU: 3-4                    --
│    └─Sequential: 2-3                   --
│    │    └─Conv2d: 3-5                  2,080
│    │    └─ReLU: 3-6                    --
│    └─Sequential: 2-4                   --
│    │    └─Flatten: 3-7                 --
│    │    └─Linear: 3-8                  5,186
=================================================================
Total params: 7,834
Trainable params: 7,834
Non-trainable params: 0
=================================================================
Epoch:  0 Batch:   1 Loss: 11120.2100 Accuracy Train: 50.060%
Epoch:  1 Batch:   1 Loss: 61581.4922 Accuracy Train: 49.780%
Epoch:  2 Batch:   1 Loss: 2308.5696 Accuracy Train: 49.640%
Epoch:  3 Batch:   1 Loss: 4706.8066 Accuracy Train: 51.400%
Epoch:  4 Batch:   1 Loss: 1252.5594 Accuracy Train: 53.880%
Epoch:  5 Batch:   1 Loss: 444.5779 Accuracy Train: 50.260%
Epoch:  6 Batch:   1 Loss: 250.6094 Accuracy Train: 53.240%
Epoch:  7 Batch:   1 Loss: 199.8630 Accuracy Train: 51.240%
Epoch:  8 Batch:   1 Loss: 147.2508 Accuracy Train: 46.000%
Epoch:  9 Batch:   1 Loss: 89.3156 Accuracy Train: 54.260%
Epoch: 10 Batch:   1 Loss: 76.1081 Accuracy Train: 53.600%
Epoch: 11 Batch:   1 Loss: 86.8383 Accuracy Train: 56.480%
Epoch: 12 Batch:   1 Loss: 98.6605 Accuracy Train: 54.020%
Epoch: 13 Batch:   1 Loss: 103.9331 Accuracy Train: 55.120%
Epoch: 14 Batch:   1 Loss: 59.0981 Accuracy Train: 52.280%
Epoch: 15 Batch:   1 Loss: 61.2595 Accuracy Train: 55.080%
Epoch: 16 Batch:   1 Loss: 44.2934 Accuracy Train: 57.540%
Epoch: 17 Batch:   1 Loss: 42.7980 Accuracy Train: 58.240%
Epoch: 18 Batch:   1 Loss: 36.0619 Accuracy Train: 57.760%
Epoch: 19 Batch:   1 Loss: 52.1665 Accuracy Train: 49.240%

Duration: 4 seconds
