Training DynNetGen(
  (layers): Sequential(
    (0): Sequential(
      (0): Conv2d(1, 4, kernel_size=(2, 2), stride=(1, 1))
      (1): ReLU()
    )
    (1): Sequential(
      (0): Conv2d(4, 8, kernel_size=(2, 2), stride=(1, 1))
      (1): ReLU()
    )
    (2): Sequential(
      (0): Conv2d(8, 16, kernel_size=(2, 2), stride=(1, 1))
      (1): ReLU()
    )
    (3): Sequential(
      (0): Conv2d(16, 8, kernel_size=(2, 2), stride=(1, 1))
      (1): ReLU()
    )
    (4): Sequential(
      (0): Conv2d(8, 4, kernel_size=(2, 2), stride=(1, 1))
      (1): ReLU()
    )
    (5): Sequential(
      (0): Flatten(start_dim=1, end_dim=-1)
      (1): Linear(in_features=36, out_features=2, bias=True)
    )
  )
) in cuda
=================================================================
Layer (type:depth-idx)                   Param #
=================================================================
DynNetGen                                --
├─Sequential: 1-1                        --
│    └─Sequential: 2-1                   --
│    │    └─Conv2d: 3-1                  20
│    │    └─ReLU: 3-2                    --
│    └─Sequential: 2-2                   --
│    │    └─Conv2d: 3-3                  136
│    │    └─ReLU: 3-4                    --
│    └─Sequential: 2-3                   --
│    │    └─Conv2d: 3-5                  528
│    │    └─ReLU: 3-6                    --
│    └─Sequential: 2-4                   --
│    │    └─Conv2d: 3-7                  520
│    │    └─ReLU: 3-8                    --
│    └─Sequential: 2-5                   --
│    │    └─Conv2d: 3-9                  132
│    │    └─ReLU: 3-10                   --
│    └─Sequential: 2-6                   --
│    │    └─Flatten: 3-11                --
│    │    └─Linear: 3-12                 74
=================================================================
Total params: 1,410
Trainable params: 1,410
Non-trainable params: 0
=================================================================
Epoch:  0 Batch:   1 Loss: 0.6951 Accuracy Train: 50.200%
Epoch:  0 Batch:  11 Loss: 0.6829 Accuracy Train: 52.453%
Epoch:  0 Batch:  21 Loss: 0.6712 Accuracy Train: 53.609%
Epoch:  0 Batch:  31 Loss: 0.6684 Accuracy Train: 54.176%
Epoch:  0 Batch:  41 Loss: 0.6669 Accuracy Train: 54.677%
Epoch:  0 Batch:  51 Loss: 0.6726 Accuracy Train: 54.969%
Epoch:  0 Batch:  61 Loss: 0.6696 Accuracy Train: 55.317%
Epoch:  0 Batch:  71 Loss: 0.6578 Accuracy Train: 55.749%
Epoch:  0 Batch:  81 Loss: 0.6506 Accuracy Train: 56.642%
Epoch:  1 Batch:   1 Loss: 0.6537 Accuracy Train: 63.900%
Epoch:  1 Batch:  11 Loss: 0.6931 Accuracy Train: 61.313%
Epoch:  1 Batch:  21 Loss: 0.6699 Accuracy Train: 58.668%
Epoch:  1 Batch:  31 Loss: 0.6718 Accuracy Train: 57.417%
Epoch:  1 Batch:  41 Loss: 0.6728 Accuracy Train: 57.436%
Epoch:  1 Batch:  51 Loss: 0.6703 Accuracy Train: 58.007%
Epoch:  1 Batch:  61 Loss: 0.6653 Accuracy Train: 58.440%
Epoch:  1 Batch:  71 Loss: 0.6594 Accuracy Train: 58.827%
Epoch:  1 Batch:  81 Loss: 0.6558 Accuracy Train: 59.483%
Epoch:  2 Batch:   1 Loss: 0.6562 Accuracy Train: 51.140%
Epoch:  2 Batch:  11 Loss: 0.6528 Accuracy Train: 58.645%
Epoch:  2 Batch:  21 Loss: 0.6467 Accuracy Train: 61.576%
Epoch:  2 Batch:  31 Loss: 0.6356 Accuracy Train: 61.430%
Epoch:  2 Batch:  41 Loss: 0.6610 Accuracy Train: 61.578%
Epoch:  2 Batch:  51 Loss: 0.6417 Accuracy Train: 61.815%
Epoch:  2 Batch:  61 Loss: 0.6339 Accuracy Train: 62.215%
Epoch:  2 Batch:  71 Loss: 0.6190 Accuracy Train: 62.668%
Epoch:  2 Batch:  81 Loss: 0.6560 Accuracy Train: 62.964%
Epoch:  3 Batch:   1 Loss: 0.6278 Accuracy Train: 64.340%
Epoch:  3 Batch:  11 Loss: 0.6202 Accuracy Train: 64.389%
Epoch:  3 Batch:  21 Loss: 0.6164 Accuracy Train: 65.020%
Epoch:  3 Batch:  31 Loss: 0.5971 Accuracy Train: 65.672%
Epoch:  3 Batch:  41 Loss: 0.6009 Accuracy Train: 66.147%
Epoch:  3 Batch:  51 Loss: 0.5984 Accuracy Train: 66.519%
Epoch:  3 Batch:  61 Loss: 0.6047 Accuracy Train: 66.708%
Epoch:  3 Batch:  71 Loss: 0.6175 Accuracy Train: 66.783%
Epoch:  3 Batch:  81 Loss: 0.5966 Accuracy Train: 66.864%
Epoch:  4 Batch:   1 Loss: 0.6130 Accuracy Train: 68.600%
Epoch:  4 Batch:  11 Loss: 0.5976 Accuracy Train: 67.964%
Epoch:  4 Batch:  21 Loss: 0.6010 Accuracy Train: 68.233%
Epoch:  4 Batch:  31 Loss: 0.6066 Accuracy Train: 68.254%
Epoch:  4 Batch:  41 Loss: 0.5902 Accuracy Train: 68.232%
Epoch:  4 Batch:  51 Loss: 0.5903 Accuracy Train: 68.407%
Epoch:  4 Batch:  61 Loss: 0.5820 Accuracy Train: 68.418%
Epoch:  4 Batch:  71 Loss: 0.6024 Accuracy Train: 68.397%
Epoch:  4 Batch:  81 Loss: 0.5781 Accuracy Train: 68.465%
Epoch:  5 Batch:   1 Loss: 0.5832 Accuracy Train: 68.780%
Epoch:  5 Batch:  11 Loss: 0.5756 Accuracy Train: 69.740%
Epoch:  5 Batch:  21 Loss: 0.5658 Accuracy Train: 70.149%
Epoch:  5 Batch:  31 Loss: 0.5538 Accuracy Train: 70.554%
Epoch:  5 Batch:  41 Loss: 0.5591 Accuracy Train: 70.550%
Epoch:  5 Batch:  51 Loss: 0.5599 Accuracy Train: 70.585%
Epoch:  5 Batch:  61 Loss: 0.5704 Accuracy Train: 70.617%
Epoch:  5 Batch:  71 Loss: 0.6295 Accuracy Train: 70.258%
Epoch:  5 Batch:  81 Loss: 0.5877 Accuracy Train: 69.911%
Epoch:  6 Batch:   1 Loss: 0.5778 Accuracy Train: 69.600%
Epoch:  6 Batch:  11 Loss: 0.5713 Accuracy Train: 70.180%
Epoch:  6 Batch:  21 Loss: 0.5671 Accuracy Train: 70.591%
Epoch:  6 Batch:  31 Loss: 0.5637 Accuracy Train: 70.830%
Epoch:  6 Batch:  41 Loss: 0.5567 Accuracy Train: 70.817%
Epoch:  6 Batch:  51 Loss: 0.5468 Accuracy Train: 70.921%
Epoch:  6 Batch:  61 Loss: 0.5674 Accuracy Train: 70.935%
Epoch:  6 Batch:  71 Loss: 0.5520 Accuracy Train: 70.934%
Epoch:  6 Batch:  81 Loss: 0.5628 Accuracy Train: 70.948%
Epoch:  7 Batch:   1 Loss: 0.5578 Accuracy Train: 71.820%
Epoch:  7 Batch:  11 Loss: 0.5570 Accuracy Train: 70.829%
Epoch:  7 Batch:  21 Loss: 0.5651 Accuracy Train: 70.862%
Epoch:  7 Batch:  31 Loss: 0.5804 Accuracy Train: 70.890%
Epoch:  7 Batch:  41 Loss: 0.5574 Accuracy Train: 70.820%
Epoch:  7 Batch:  51 Loss: 0.5614 Accuracy Train: 70.884%
Epoch:  7 Batch:  61 Loss: 0.5519 Accuracy Train: 70.941%
Epoch:  7 Batch:  71 Loss: 0.5576 Accuracy Train: 70.988%
Epoch:  7 Batch:  81 Loss: 0.5388 Accuracy Train: 71.033%
Epoch:  8 Batch:   1 Loss: 0.5528 Accuracy Train: 70.600%
Epoch:  8 Batch:  11 Loss: 0.5673 Accuracy Train: 68.965%
Epoch:  8 Batch:  21 Loss: 0.6561 Accuracy Train: 68.543%
Epoch:  8 Batch:  31 Loss: 0.6965 Accuracy Train: 63.354%
Epoch:  8 Batch:  41 Loss: 0.6928 Accuracy Train: 60.171%
Epoch:  8 Batch:  51 Loss: 0.6929 Accuracy Train: 58.115%
Epoch:  8 Batch:  61 Loss: 0.6931 Accuracy Train: 56.759%
Epoch:  8 Batch:  71 Loss: 0.6937 Accuracy Train: 55.774%
Epoch:  8 Batch:  81 Loss: 0.6930 Accuracy Train: 55.135%
Epoch:  9 Batch:   1 Loss: 0.6931 Accuracy Train: 50.680%
Epoch:  9 Batch:  11 Loss: 0.6929 Accuracy Train: 50.629%
Epoch:  9 Batch:  21 Loss: 0.6931 Accuracy Train: 50.428%
Epoch:  9 Batch:  31 Loss: 0.6932 Accuracy Train: 50.385%
Epoch:  9 Batch:  41 Loss: 0.6931 Accuracy Train: 50.384%
Epoch:  9 Batch:  51 Loss: 0.6931 Accuracy Train: 50.317%
Epoch:  9 Batch:  61 Loss: 0.6932 Accuracy Train: 50.293%
Epoch:  9 Batch:  71 Loss: 0.6932 Accuracy Train: 50.263%
Epoch:  9 Batch:  81 Loss: 0.6931 Accuracy Train: 50.231%
Epoch: 10 Batch:   1 Loss: 0.6930 Accuracy Train: 50.980%
Epoch: 10 Batch:  11 Loss: 0.6932 Accuracy Train: 50.216%
Epoch: 10 Batch:  21 Loss: 0.6932 Accuracy Train: 49.994%
Epoch: 10 Batch:  31 Loss: 0.6931 Accuracy Train: 49.974%
Epoch: 10 Batch:  41 Loss: 0.6934 Accuracy Train: 49.902%
Epoch: 10 Batch:  51 Loss: 0.6938 Accuracy Train: 49.913%
Epoch: 10 Batch:  61 Loss: 0.6936 Accuracy Train: 49.951%
Epoch: 10 Batch:  71 Loss: 0.6932 Accuracy Train: 49.963%
Epoch: 10 Batch:  81 Loss: 0.6931 Accuracy Train: 49.995%
Epoch: 11 Batch:   1 Loss: 0.6934 Accuracy Train: 49.820%
Epoch: 11 Batch:  11 Loss: 0.6929 Accuracy Train: 50.076%
Epoch: 11 Batch:  21 Loss: 0.6935 Accuracy Train: 50.010%
Epoch: 11 Batch:  31 Loss: 0.6934 Accuracy Train: 49.923%
Epoch: 11 Batch:  41 Loss: 0.6931 Accuracy Train: 49.893%
Epoch: 11 Batch:  51 Loss: 0.6932 Accuracy Train: 49.791%
Epoch: 11 Batch:  61 Loss: 0.6932 Accuracy Train: 49.806%
Epoch: 11 Batch:  71 Loss: 0.6931 Accuracy Train: 49.838%
Epoch: 11 Batch:  81 Loss: 0.6935 Accuracy Train: 49.892%
Epoch: 12 Batch:   1 Loss: 0.6930 Accuracy Train: 50.940%
Epoch: 12 Batch:  11 Loss: 0.6932 Accuracy Train: 50.193%
Epoch: 12 Batch:  21 Loss: 0.6939 Accuracy Train: 50.022%
Epoch: 12 Batch:  31 Loss: 0.6931 Accuracy Train: 50.083%
Epoch: 12 Batch:  41 Loss: 0.6932 Accuracy Train: 50.041%
Epoch: 12 Batch:  51 Loss: 0.6932 Accuracy Train: 50.087%
Epoch: 12 Batch:  61 Loss: 0.6932 Accuracy Train: 50.069%
Epoch: 12 Batch:  71 Loss: 0.6931 Accuracy Train: 50.010%
Epoch: 12 Batch:  81 Loss: 0.6933 Accuracy Train: 50.062%
Epoch: 13 Batch:   1 Loss: 0.6932 Accuracy Train: 50.460%
Epoch: 13 Batch:  11 Loss: 0.6939 Accuracy Train: 49.718%
Epoch: 13 Batch:  21 Loss: 0.6942 Accuracy Train: 49.770%
Epoch: 13 Batch:  31 Loss: 0.6931 Accuracy Train: 49.832%
Epoch: 13 Batch:  41 Loss: 0.6932 Accuracy Train: 49.880%
Epoch: 13 Batch:  51 Loss: 0.6931 Accuracy Train: 49.898%
Epoch: 13 Batch:  61 Loss: 0.6931 Accuracy Train: 49.899%
Epoch: 13 Batch:  71 Loss: 0.6932 Accuracy Train: 49.950%
Epoch: 13 Batch:  81 Loss: 0.6931 Accuracy Train: 49.961%
Epoch: 14 Batch:   1 Loss: 0.6930 Accuracy Train: 51.920%
Epoch: 14 Batch:  11 Loss: 0.6933 Accuracy Train: 49.969%
Epoch: 14 Batch:  21 Loss: 0.6931 Accuracy Train: 50.013%
Epoch: 14 Batch:  31 Loss: 0.6932 Accuracy Train: 50.018%
Epoch: 14 Batch:  41 Loss: 0.6931 Accuracy Train: 50.027%
Epoch: 14 Batch:  51 Loss: 0.6931 Accuracy Train: 50.045%
Epoch: 14 Batch:  61 Loss: 0.6930 Accuracy Train: 50.008%
Epoch: 14 Batch:  71 Loss: 0.6933 Accuracy Train: 50.032%
Epoch: 14 Batch:  81 Loss: 0.6932 Accuracy Train: 50.037%
Epoch: 15 Batch:   1 Loss: 0.6932 Accuracy Train: 49.580%
Epoch: 15 Batch:  11 Loss: 0.6931 Accuracy Train: 50.035%
Epoch: 15 Batch:  21 Loss: 0.6931 Accuracy Train: 50.195%
Epoch: 15 Batch:  31 Loss: 0.6932 Accuracy Train: 50.080%
Epoch: 15 Batch:  41 Loss: 0.6932 Accuracy Train: 49.994%
Epoch: 15 Batch:  51 Loss: 0.6931 Accuracy Train: 50.044%
Epoch: 15 Batch:  61 Loss: 0.6931 Accuracy Train: 50.081%
Epoch: 15 Batch:  71 Loss: 0.6935 Accuracy Train: 50.076%
Epoch: 15 Batch:  81 Loss: 0.6931 Accuracy Train: 50.073%
Epoch: 16 Batch:   1 Loss: 0.6931 Accuracy Train: 50.080%
Epoch: 16 Batch:  11 Loss: 0.6931 Accuracy Train: 50.133%
Epoch: 16 Batch:  21 Loss: 0.6930 Accuracy Train: 50.230%
Epoch: 16 Batch:  31 Loss: 0.6934 Accuracy Train: 50.023%
Epoch: 16 Batch:  41 Loss: 0.6934 Accuracy Train: 50.070%
Epoch: 16 Batch:  51 Loss: 0.6931 Accuracy Train: 50.070%
Epoch: 16 Batch:  61 Loss: 0.6933 Accuracy Train: 50.026%
Epoch: 16 Batch:  71 Loss: 0.6932 Accuracy Train: 50.002%
Epoch: 16 Batch:  81 Loss: 0.6932 Accuracy Train: 49.984%
Epoch: 17 Batch:   1 Loss: 0.6930 Accuracy Train: 50.900%
Epoch: 17 Batch:  11 Loss: 0.6931 Accuracy Train: 50.031%
Epoch: 17 Batch:  21 Loss: 0.6931 Accuracy Train: 50.000%
Epoch: 17 Batch:  31 Loss: 0.6933 Accuracy Train: 49.895%
Epoch: 17 Batch:  41 Loss: 0.6929 Accuracy Train: 50.022%
Epoch: 17 Batch:  51 Loss: 0.6931 Accuracy Train: 49.975%
Epoch: 17 Batch:  61 Loss: 0.6934 Accuracy Train: 49.931%
Epoch: 17 Batch:  71 Loss: 0.6931 Accuracy Train: 49.923%
Epoch: 17 Batch:  81 Loss: 0.6932 Accuracy Train: 49.860%
Epoch: 18 Batch:   1 Loss: 0.6931 Accuracy Train: 50.720%
Epoch: 18 Batch:  11 Loss: 0.6932 Accuracy Train: 50.353%
Epoch: 18 Batch:  21 Loss: 0.6934 Accuracy Train: 50.141%
Epoch: 18 Batch:  31 Loss: 0.6931 Accuracy Train: 50.198%
Epoch: 18 Batch:  41 Loss: 0.6931 Accuracy Train: 50.142%
Epoch: 18 Batch:  51 Loss: 0.6932 Accuracy Train: 50.113%
Epoch: 18 Batch:  61 Loss: 0.6932 Accuracy Train: 50.142%
Epoch: 18 Batch:  71 Loss: 0.6936 Accuracy Train: 50.117%
Epoch: 18 Batch:  81 Loss: 0.6939 Accuracy Train: 50.069%
Epoch: 19 Batch:   1 Loss: 0.6934 Accuracy Train: 50.180%
Epoch: 19 Batch:  11 Loss: 0.6933 Accuracy Train: 49.585%
Epoch: 19 Batch:  21 Loss: 0.6939 Accuracy Train: 49.853%
Epoch: 19 Batch:  31 Loss: 0.6933 Accuracy Train: 49.834%
Epoch: 19 Batch:  41 Loss: 0.6931 Accuracy Train: 49.860%
Epoch: 19 Batch:  51 Loss: 0.6934 Accuracy Train: 49.739%
Epoch: 19 Batch:  61 Loss: 0.6931 Accuracy Train: 49.865%
Epoch: 19 Batch:  71 Loss: 0.6934 Accuracy Train: 49.870%
Epoch: 19 Batch:  81 Loss: 0.6932 Accuracy Train: 49.860%

Duration: 76 seconds
