Training DynNetGen(
  (layers): Sequential(
    (0): Sequential(
      (0): Conv2d(1, 8, kernel_size=(2, 2), stride=(1, 1))
      (1): ReLU()
    )
    (1): Sequential(
      (0): Conv2d(8, 16, kernel_size=(2, 2), stride=(1, 1))
      (1): ReLU()
    )
    (2): Sequential(
      (0): Flatten(start_dim=1, end_dim=-1)
      (1): Linear(in_features=1600, out_features=2, bias=True)
    )
  )
) in cuda
=================================================================
Layer (type:depth-idx)                   Param #
=================================================================
DynNetGen                                --
├─Sequential: 1-1                        --
│    └─Sequential: 2-1                   --
│    │    └─Conv2d: 3-1                  40
│    │    └─ReLU: 3-2                    --
│    └─Sequential: 2-2                   --
│    │    └─Conv2d: 3-3                  528
│    │    └─ReLU: 3-4                    --
│    └─Sequential: 2-3                   --
│    │    └─Flatten: 3-5                 --
│    │    └─Linear: 3-6                  3,202
=================================================================
Total params: 3,770
Trainable params: 3,770
Non-trainable params: 0
=================================================================
Epoch:  0 Batch:   1 Loss: 0.6946 Accuracy Train: 49.780%
Epoch:  0 Batch:  11 Loss: 0.6919 Accuracy Train: 50.456%
Epoch:  0 Batch:  21 Loss: 0.6867 Accuracy Train: 52.130%
Epoch:  0 Batch:  31 Loss: 0.6690 Accuracy Train: 54.463%
Epoch:  1 Batch:   1 Loss: 0.6500 Accuracy Train: 63.180%
Epoch:  1 Batch:  11 Loss: 0.6563 Accuracy Train: 62.658%
Epoch:  1 Batch:  21 Loss: 0.6445 Accuracy Train: 62.568%
Epoch:  1 Batch:  31 Loss: 0.6507 Accuracy Train: 62.759%
Epoch:  2 Batch:   1 Loss: 0.6341 Accuracy Train: 64.120%
Epoch:  2 Batch:  11 Loss: 0.6356 Accuracy Train: 64.282%
Epoch:  2 Batch:  21 Loss: 0.6336 Accuracy Train: 64.636%
Epoch:  2 Batch:  31 Loss: 0.6343 Accuracy Train: 64.656%
Epoch:  3 Batch:   1 Loss: 0.6277 Accuracy Train: 65.060%
Epoch:  3 Batch:  11 Loss: 0.6347 Accuracy Train: 64.958%
Epoch:  3 Batch:  21 Loss: 0.6305 Accuracy Train: 64.907%
Epoch:  3 Batch:  31 Loss: 0.6345 Accuracy Train: 65.093%
Epoch:  4 Batch:   1 Loss: 0.6324 Accuracy Train: 64.740%
Epoch:  4 Batch:  11 Loss: 0.6278 Accuracy Train: 65.540%
Epoch:  4 Batch:  21 Loss: 0.6281 Accuracy Train: 65.766%
Epoch:  4 Batch:  31 Loss: 0.6271 Accuracy Train: 65.710%
Epoch:  5 Batch:   1 Loss: 0.6256 Accuracy Train: 66.660%
Epoch:  5 Batch:  11 Loss: 0.6290 Accuracy Train: 65.955%
Epoch:  5 Batch:  21 Loss: 0.6236 Accuracy Train: 65.990%
Epoch:  5 Batch:  31 Loss: 0.6229 Accuracy Train: 65.910%
Epoch:  6 Batch:   1 Loss: 0.6256 Accuracy Train: 65.780%
Epoch:  6 Batch:  11 Loss: 0.6166 Accuracy Train: 66.260%
Epoch:  6 Batch:  21 Loss: 0.6214 Accuracy Train: 66.138%
Epoch:  6 Batch:  31 Loss: 0.6162 Accuracy Train: 66.232%
Epoch:  7 Batch:   1 Loss: 0.6248 Accuracy Train: 66.200%
Epoch:  7 Batch:  11 Loss: 0.6265 Accuracy Train: 66.338%
Epoch:  7 Batch:  21 Loss: 0.6136 Accuracy Train: 66.303%
Epoch:  7 Batch:  31 Loss: 0.6328 Accuracy Train: 66.292%
Epoch:  8 Batch:   1 Loss: 0.6213 Accuracy Train: 66.240%
Epoch:  8 Batch:  11 Loss: 0.6299 Accuracy Train: 66.169%
Epoch:  8 Batch:  21 Loss: 0.6243 Accuracy Train: 66.279%
Epoch:  8 Batch:  31 Loss: 0.6161 Accuracy Train: 66.452%
Epoch:  9 Batch:   1 Loss: 0.6226 Accuracy Train: 66.480%
Epoch:  9 Batch:  11 Loss: 0.6081 Accuracy Train: 66.593%
Epoch:  9 Batch:  21 Loss: 0.6219 Accuracy Train: 66.606%
Epoch:  9 Batch:  31 Loss: 0.6089 Accuracy Train: 66.699%
Epoch: 10 Batch:   1 Loss: 0.6145 Accuracy Train: 67.540%
Epoch: 10 Batch:  11 Loss: 0.6144 Accuracy Train: 66.609%
Epoch: 10 Batch:  21 Loss: 0.6178 Accuracy Train: 66.600%
Epoch: 10 Batch:  31 Loss: 0.6250 Accuracy Train: 66.684%
Epoch: 11 Batch:   1 Loss: 0.6157 Accuracy Train: 67.320%
Epoch: 11 Batch:  11 Loss: 0.6220 Accuracy Train: 66.909%
Epoch: 11 Batch:  21 Loss: 0.6189 Accuracy Train: 67.042%
Epoch: 11 Batch:  31 Loss: 0.6176 Accuracy Train: 66.856%
Epoch: 12 Batch:   1 Loss: 0.6276 Accuracy Train: 65.720%
Epoch: 12 Batch:  11 Loss: 0.6101 Accuracy Train: 66.809%
Epoch: 12 Batch:  21 Loss: 0.6197 Accuracy Train: 66.822%
Epoch: 12 Batch:  31 Loss: 0.6209 Accuracy Train: 66.899%
Epoch: 13 Batch:   1 Loss: 0.6189 Accuracy Train: 66.420%
Epoch: 13 Batch:  11 Loss: 0.6082 Accuracy Train: 66.662%
Epoch: 13 Batch:  21 Loss: 0.6160 Accuracy Train: 66.856%
Epoch: 13 Batch:  31 Loss: 0.6106 Accuracy Train: 66.805%
Epoch: 14 Batch:   1 Loss: 0.6055 Accuracy Train: 67.600%
Epoch: 14 Batch:  11 Loss: 0.6164 Accuracy Train: 66.960%
Epoch: 14 Batch:  21 Loss: 0.6056 Accuracy Train: 66.955%
Epoch: 14 Batch:  31 Loss: 0.6094 Accuracy Train: 66.912%
Epoch: 15 Batch:   1 Loss: 0.6168 Accuracy Train: 66.320%
Epoch: 15 Batch:  11 Loss: 0.6122 Accuracy Train: 67.056%
Epoch: 15 Batch:  21 Loss: 0.6177 Accuracy Train: 66.877%
Epoch: 15 Batch:  31 Loss: 0.6097 Accuracy Train: 66.872%
Epoch: 16 Batch:   1 Loss: 0.6146 Accuracy Train: 67.080%
Epoch: 16 Batch:  11 Loss: 0.6122 Accuracy Train: 66.853%
Epoch: 16 Batch:  21 Loss: 0.6143 Accuracy Train: 67.016%
Epoch: 16 Batch:  31 Loss: 0.6071 Accuracy Train: 66.954%
Epoch: 17 Batch:   1 Loss: 0.6138 Accuracy Train: 67.040%
Epoch: 17 Batch:  11 Loss: 0.6182 Accuracy Train: 67.145%
Epoch: 17 Batch:  21 Loss: 0.6149 Accuracy Train: 67.034%
Epoch: 17 Batch:  31 Loss: 0.6123 Accuracy Train: 67.026%
Epoch: 18 Batch:   1 Loss: 0.6122 Accuracy Train: 66.940%
Epoch: 18 Batch:  11 Loss: 0.6123 Accuracy Train: 67.340%
Epoch: 18 Batch:  21 Loss: 0.6143 Accuracy Train: 67.258%
Epoch: 18 Batch:  31 Loss: 0.6124 Accuracy Train: 67.161%
Epoch: 19 Batch:   1 Loss: 0.6075 Accuracy Train: 66.860%
Epoch: 19 Batch:  11 Loss: 0.6097 Accuracy Train: 67.387%
Epoch: 19 Batch:  21 Loss: 0.6069 Accuracy Train: 67.242%
Epoch: 19 Batch:  31 Loss: 0.6081 Accuracy Train: 67.041%

Duration: 35 seconds
