Training DynNetGen(
  (layers): Sequential(
    (0): Sequential(
      (0): Conv2d(1, 8, kernel_size=(2, 2), stride=(1, 1))
      (1): ReLU()
    )
    (1): Sequential(
      (0): Conv2d(8, 16, kernel_size=(2, 2), stride=(1, 1))
      (1): ReLU()
    )
    (2): Sequential(
      (0): Conv2d(16, 32, kernel_size=(2, 2), stride=(1, 1))
      (1): ReLU()
    )
    (3): Sequential(
      (0): Flatten(start_dim=1, end_dim=-1)
      (1): Linear(in_features=2592, out_features=2, bias=True)
    )
  )
) in cuda
=================================================================
Layer (type:depth-idx)                   Param #
=================================================================
DynNetGen                                --
├─Sequential: 1-1                        --
│    └─Sequential: 2-1                   --
│    │    └─Conv2d: 3-1                  40
│    │    └─ReLU: 3-2                    --
│    └─Sequential: 2-2                   --
│    │    └─Conv2d: 3-3                  528
│    │    └─ReLU: 3-4                    --
│    └─Sequential: 2-3                   --
│    │    └─Conv2d: 3-5                  2,080
│    │    └─ReLU: 3-6                    --
│    └─Sequential: 2-4                   --
│    │    └─Flatten: 3-7                 --
│    │    └─Linear: 3-8                  5,186
=================================================================
Total params: 7,834
Trainable params: 7,834
Non-trainable params: 0
=================================================================
Epoch:  0 Batch:   1 Loss: 3736.1028 Accuracy Train: 54.720%
Epoch:  1 Batch:   1 Loss: 77465.7891 Accuracy Train: 49.900%
Epoch:  2 Batch:   1 Loss: 1407.7729 Accuracy Train: 53.240%
Epoch:  3 Batch:   1 Loss: 2337.4319 Accuracy Train: 49.940%
Epoch:  4 Batch:   1 Loss: 227.9805 Accuracy Train: 51.640%
Epoch:  5 Batch:   1 Loss: 815.4053 Accuracy Train: 56.280%
Epoch:  6 Batch:   1 Loss: 338.8809 Accuracy Train: 56.820%
Epoch:  7 Batch:   1 Loss: 234.8858 Accuracy Train: 49.680%
Epoch:  8 Batch:   1 Loss: 164.2455 Accuracy Train: 48.400%
Epoch:  9 Batch:   1 Loss: 128.6060 Accuracy Train: 56.920%
Epoch: 10 Batch:   1 Loss: 58.1518 Accuracy Train: 54.480%
Epoch: 11 Batch:   1 Loss: 85.4987 Accuracy Train: 53.500%
Epoch: 12 Batch:   1 Loss: 98.0282 Accuracy Train: 43.460%
Epoch: 13 Batch:   1 Loss: 19.9679 Accuracy Train: 43.440%
Epoch: 14 Batch:   1 Loss: 89.0062 Accuracy Train: 51.400%
Epoch: 15 Batch:   1 Loss: 39.0556 Accuracy Train: 47.860%
Epoch: 16 Batch:   1 Loss: 21.1791 Accuracy Train: 50.920%
Epoch: 17 Batch:   1 Loss: 1.5551 Accuracy Train: 52.000%
Epoch: 18 Batch:   1 Loss: 0.8535 Accuracy Train: 49.880%
Epoch: 19 Batch:   1 Loss: 0.7564 Accuracy Train: 49.780%

Duration: 3 seconds
