Training DynNetGen(
  (layers): Sequential(
    (0): Sequential(
      (0): Conv2d(1, 4, kernel_size=(2, 2), stride=(1, 1))
      (1): ReLU()
    )
    (1): Sequential(
      (0): Conv2d(4, 8, kernel_size=(2, 2), stride=(1, 1))
      (1): ReLU()
    )
    (2): Sequential(
      (0): Conv2d(8, 16, kernel_size=(2, 2), stride=(1, 1))
      (1): ReLU()
    )
    (3): Sequential(
      (0): Conv2d(16, 32, kernel_size=(2, 2), stride=(1, 1))
      (1): ReLU()
    )
    (4): Sequential(
      (0): Conv2d(32, 16, kernel_size=(2, 2), stride=(1, 1))
      (1): ReLU()
    )
    (5): Sequential(
      (0): Flatten(start_dim=1, end_dim=-1)
      (1): Linear(in_features=64, out_features=2, bias=True)
    )
  )
) in cuda
=================================================================
Layer (type:depth-idx)                   Param #
=================================================================
DynNetGen                                --
├─Sequential: 1-1                        --
│    └─Sequential: 2-1                   --
│    │    └─Conv2d: 3-1                  20
│    │    └─ReLU: 3-2                    --
│    └─Sequential: 2-2                   --
│    │    └─Conv2d: 3-3                  136
│    │    └─ReLU: 3-4                    --
│    └─Sequential: 2-3                   --
│    │    └─Conv2d: 3-5                  528
│    │    └─ReLU: 3-6                    --
│    └─Sequential: 2-4                   --
│    │    └─Conv2d: 3-7                  2,080
│    │    └─ReLU: 3-8                    --
│    └─Sequential: 2-5                   --
│    │    └─Conv2d: 3-9                  2,064
│    │    └─ReLU: 3-10                   --
│    └─Sequential: 2-6                   --
│    │    └─Flatten: 3-11                --
│    │    └─Linear: 3-12                 130
=================================================================
Total params: 4,958
Trainable params: 4,958
Non-trainable params: 0
=================================================================
Epoch:  0 Batch:   1 Loss: 0.6938 Accuracy Train: 50.300%
Epoch:  0 Batch:  11 Loss: 0.5460 Accuracy Train: 67.185%
Epoch:  0 Batch:  21 Loss: 0.4336 Accuracy Train: 75.632%
Epoch:  0 Batch:  31 Loss: 0.3850 Accuracy Train: 78.650%
Epoch:  0 Batch:  41 Loss: 0.3089 Accuracy Train: 80.399%
Epoch:  0 Batch:  51 Loss: 0.2506 Accuracy Train: 82.352%
Epoch:  0 Batch:  61 Loss: 0.2444 Accuracy Train: 83.713%
Epoch:  0 Batch:  71 Loss: 0.2457 Accuracy Train: 84.690%
Epoch:  0 Batch:  81 Loss: 0.2421 Accuracy Train: 85.472%
Epoch:  0 Batch:  91 Loss: 0.2354 Accuracy Train: 86.071%
Epoch:  0 Batch: 101 Loss: 0.2316 Accuracy Train: 86.549%
Epoch:  1 Batch:   1 Loss: 0.2291 Accuracy Train: 91.300%
Epoch:  1 Batch:  11 Loss: 0.2243 Accuracy Train: 90.800%
Epoch:  1 Batch:  21 Loss: 0.2419 Accuracy Train: 90.860%
Epoch:  1 Batch:  31 Loss: 0.2264 Accuracy Train: 90.913%
Epoch:  1 Batch:  41 Loss: 0.2287 Accuracy Train: 90.947%
Epoch:  1 Batch:  51 Loss: 0.2272 Accuracy Train: 90.934%
Epoch:  1 Batch:  61 Loss: 0.2203 Accuracy Train: 90.885%
Epoch:  1 Batch:  71 Loss: 0.2293 Accuracy Train: 90.810%
Epoch:  1 Batch:  81 Loss: 0.2207 Accuracy Train: 90.878%
Epoch:  1 Batch:  91 Loss: 0.2211 Accuracy Train: 90.918%
Epoch:  1 Batch: 101 Loss: 0.2238 Accuracy Train: 90.963%
Epoch:  2 Batch:   1 Loss: 0.2207 Accuracy Train: 91.460%
Epoch:  2 Batch:  11 Loss: 0.2176 Accuracy Train: 91.176%
Epoch:  2 Batch:  21 Loss: 0.2161 Accuracy Train: 91.250%
Epoch:  2 Batch:  31 Loss: 0.2021 Accuracy Train: 91.279%
Epoch:  2 Batch:  41 Loss: 0.2137 Accuracy Train: 91.299%
Epoch:  2 Batch:  51 Loss: 0.2222 Accuracy Train: 91.320%
Epoch:  2 Batch:  61 Loss: 0.2146 Accuracy Train: 91.245%
Epoch:  2 Batch:  71 Loss: 0.2229 Accuracy Train: 91.250%
Epoch:  2 Batch:  81 Loss: 0.2225 Accuracy Train: 91.277%
Epoch:  2 Batch:  91 Loss: 0.2084 Accuracy Train: 91.211%
Epoch:  2 Batch: 101 Loss: 0.2148 Accuracy Train: 91.213%
Epoch:  3 Batch:   1 Loss: 0.2078 Accuracy Train: 91.620%
Epoch:  3 Batch:  11 Loss: 0.2173 Accuracy Train: 91.333%
Epoch:  3 Batch:  21 Loss: 0.2136 Accuracy Train: 91.359%
Epoch:  3 Batch:  31 Loss: 0.2303 Accuracy Train: 91.246%
Epoch:  3 Batch:  41 Loss: 0.2036 Accuracy Train: 91.288%
Epoch:  3 Batch:  51 Loss: 0.2161 Accuracy Train: 91.267%
Epoch:  3 Batch:  61 Loss: 0.2043 Accuracy Train: 91.285%
Epoch:  3 Batch:  71 Loss: 0.2112 Accuracy Train: 91.269%
Epoch:  3 Batch:  81 Loss: 0.2106 Accuracy Train: 91.219%
Epoch:  3 Batch:  91 Loss: 0.2162 Accuracy Train: 91.230%
Epoch:  3 Batch: 101 Loss: 0.1952 Accuracy Train: 91.237%
Epoch:  4 Batch:   1 Loss: 0.1941 Accuracy Train: 92.100%
Epoch:  4 Batch:  11 Loss: 0.2015 Accuracy Train: 91.291%
Epoch:  4 Batch:  21 Loss: 0.2112 Accuracy Train: 91.324%
Epoch:  4 Batch:  31 Loss: 0.2058 Accuracy Train: 91.452%
Epoch:  4 Batch:  41 Loss: 0.2064 Accuracy Train: 91.414%
Epoch:  4 Batch:  51 Loss: 0.2054 Accuracy Train: 91.510%
Epoch:  4 Batch:  61 Loss: 0.2141 Accuracy Train: 91.541%
Epoch:  4 Batch:  71 Loss: 0.1922 Accuracy Train: 91.608%
Epoch:  4 Batch:  81 Loss: 0.1866 Accuracy Train: 91.618%
Epoch:  4 Batch:  91 Loss: 0.2037 Accuracy Train: 91.630%
Epoch:  4 Batch: 101 Loss: 0.2063 Accuracy Train: 91.642%
Epoch:  5 Batch:   1 Loss: 0.2017 Accuracy Train: 92.120%
Epoch:  5 Batch:  11 Loss: 0.2045 Accuracy Train: 92.147%
Epoch:  5 Batch:  21 Loss: 0.1887 Accuracy Train: 92.210%
Epoch:  5 Batch:  31 Loss: 0.2082 Accuracy Train: 92.201%
Epoch:  5 Batch:  41 Loss: 0.1936 Accuracy Train: 92.286%
Epoch:  5 Batch:  51 Loss: 0.1934 Accuracy Train: 92.351%
Epoch:  5 Batch:  61 Loss: 0.2019 Accuracy Train: 92.303%
Epoch:  5 Batch:  71 Loss: 0.1979 Accuracy Train: 92.299%
Epoch:  5 Batch:  81 Loss: 0.1961 Accuracy Train: 92.328%
Epoch:  5 Batch:  91 Loss: 0.1844 Accuracy Train: 92.360%
Epoch:  5 Batch: 101 Loss: 0.1976 Accuracy Train: 92.362%
Epoch:  6 Batch:   1 Loss: 0.1969 Accuracy Train: 92.480%
Epoch:  6 Batch:  11 Loss: 0.1954 Accuracy Train: 92.665%
Epoch:  6 Batch:  21 Loss: 0.1930 Accuracy Train: 92.695%
Epoch:  6 Batch:  31 Loss: 0.2008 Accuracy Train: 92.617%
Epoch:  6 Batch:  41 Loss: 0.1869 Accuracy Train: 92.521%
Epoch:  6 Batch:  51 Loss: 0.2030 Accuracy Train: 92.482%
Epoch:  6 Batch:  61 Loss: 0.1873 Accuracy Train: 92.496%
Epoch:  6 Batch:  71 Loss: 0.1855 Accuracy Train: 92.526%
Epoch:  6 Batch:  81 Loss: 0.1919 Accuracy Train: 92.516%
Epoch:  6 Batch:  91 Loss: 0.2030 Accuracy Train: 92.500%
Epoch:  6 Batch: 101 Loss: 0.1900 Accuracy Train: 92.515%
Epoch:  7 Batch:   1 Loss: 0.1901 Accuracy Train: 92.100%
Epoch:  7 Batch:  11 Loss: 0.1895 Accuracy Train: 92.753%
Epoch:  7 Batch:  21 Loss: 0.1880 Accuracy Train: 92.786%
Epoch:  7 Batch:  31 Loss: 0.1875 Accuracy Train: 92.661%
Epoch:  7 Batch:  41 Loss: 0.1816 Accuracy Train: 92.751%
Epoch:  7 Batch:  51 Loss: 0.1791 Accuracy Train: 92.773%
Epoch:  7 Batch:  61 Loss: 0.1945 Accuracy Train: 92.744%
Epoch:  7 Batch:  71 Loss: 0.1831 Accuracy Train: 92.701%
Epoch:  7 Batch:  81 Loss: 0.1958 Accuracy Train: 92.698%
Epoch:  7 Batch:  91 Loss: 0.1868 Accuracy Train: 92.703%
Epoch:  7 Batch: 101 Loss: 0.1897 Accuracy Train: 92.733%
Epoch:  8 Batch:   1 Loss: 0.1846 Accuracy Train: 93.220%
Epoch:  8 Batch:  11 Loss: 0.1897 Accuracy Train: 93.156%
Epoch:  8 Batch:  21 Loss: 0.1835 Accuracy Train: 93.193%
Epoch:  8 Batch:  31 Loss: 0.1849 Accuracy Train: 93.180%
Epoch:  8 Batch:  41 Loss: 0.1894 Accuracy Train: 93.152%
Epoch:  8 Batch:  51 Loss: 0.1872 Accuracy Train: 93.115%
Epoch:  8 Batch:  61 Loss: 0.1862 Accuracy Train: 93.062%
Epoch:  8 Batch:  71 Loss: 0.1747 Accuracy Train: 93.091%
Epoch:  8 Batch:  81 Loss: 0.1884 Accuracy Train: 93.114%
Epoch:  8 Batch:  91 Loss: 0.1766 Accuracy Train: 93.076%
Epoch:  8 Batch: 101 Loss: 0.1832 Accuracy Train: 93.115%
Epoch:  9 Batch:   1 Loss: 0.1707 Accuracy Train: 93.380%
Epoch:  9 Batch:  11 Loss: 0.1814 Accuracy Train: 93.296%
Epoch:  9 Batch:  21 Loss: 0.1687 Accuracy Train: 93.159%
Epoch:  9 Batch:  31 Loss: 0.1823 Accuracy Train: 93.055%
Epoch:  9 Batch:  41 Loss: 0.1780 Accuracy Train: 93.079%
Epoch:  9 Batch:  51 Loss: 0.1961 Accuracy Train: 93.013%
Epoch:  9 Batch:  61 Loss: 0.1772 Accuracy Train: 92.997%
Epoch:  9 Batch:  71 Loss: 0.1844 Accuracy Train: 93.018%
Epoch:  9 Batch:  81 Loss: 0.1877 Accuracy Train: 93.028%
Epoch:  9 Batch:  91 Loss: 0.1681 Accuracy Train: 93.053%
Epoch:  9 Batch: 101 Loss: 0.1945 Accuracy Train: 93.059%
Epoch: 10 Batch:   1 Loss: 0.1836 Accuracy Train: 93.060%
Epoch: 10 Batch:  11 Loss: 0.1840 Accuracy Train: 92.798%
Epoch: 10 Batch:  21 Loss: 0.1698 Accuracy Train: 93.124%
Epoch: 10 Batch:  31 Loss: 0.1799 Accuracy Train: 93.206%
Epoch: 10 Batch:  41 Loss: 0.1803 Accuracy Train: 93.147%
Epoch: 10 Batch:  51 Loss: 0.1898 Accuracy Train: 93.048%
Epoch: 10 Batch:  61 Loss: 0.1716 Accuracy Train: 93.054%
Epoch: 10 Batch:  71 Loss: 0.1681 Accuracy Train: 93.097%
Epoch: 10 Batch:  81 Loss: 0.1716 Accuracy Train: 93.137%
Epoch: 10 Batch:  91 Loss: 0.1776 Accuracy Train: 93.138%
Epoch: 10 Batch: 101 Loss: 0.1738 Accuracy Train: 93.148%
Epoch: 11 Batch:   1 Loss: 0.1927 Accuracy Train: 92.840%
Epoch: 11 Batch:  11 Loss: 0.1687 Accuracy Train: 93.487%
Epoch: 11 Batch:  21 Loss: 0.1790 Accuracy Train: 93.520%
Epoch: 11 Batch:  31 Loss: 0.1900 Accuracy Train: 93.411%
Epoch: 11 Batch:  41 Loss: 0.1748 Accuracy Train: 93.354%
Epoch: 11 Batch:  51 Loss: 0.1755 Accuracy Train: 93.358%
Epoch: 11 Batch:  61 Loss: 0.1762 Accuracy Train: 93.308%
Epoch: 11 Batch:  71 Loss: 0.1801 Accuracy Train: 93.284%
Epoch: 11 Batch:  81 Loss: 0.1983 Accuracy Train: 93.228%
Epoch: 11 Batch:  91 Loss: 0.1684 Accuracy Train: 93.255%
Epoch: 11 Batch: 101 Loss: 0.1796 Accuracy Train: 93.263%
Epoch: 12 Batch:   1 Loss: 0.1751 Accuracy Train: 93.200%
Epoch: 12 Batch:  11 Loss: 0.1771 Accuracy Train: 93.178%
Epoch: 12 Batch:  21 Loss: 0.1797 Accuracy Train: 93.327%
Epoch: 12 Batch:  31 Loss: 0.1917 Accuracy Train: 93.255%
Epoch: 12 Batch:  41 Loss: 0.1851 Accuracy Train: 93.285%
Epoch: 12 Batch:  51 Loss: 0.1695 Accuracy Train: 93.302%
Epoch: 12 Batch:  61 Loss: 0.1623 Accuracy Train: 93.337%
Epoch: 12 Batch:  71 Loss: 0.1712 Accuracy Train: 93.350%
Epoch: 12 Batch:  81 Loss: 0.1752 Accuracy Train: 93.342%
Epoch: 12 Batch:  91 Loss: 0.1688 Accuracy Train: 93.331%
Epoch: 12 Batch: 101 Loss: 0.1784 Accuracy Train: 93.312%
Epoch: 13 Batch:   1 Loss: 0.1781 Accuracy Train: 92.760%
Epoch: 13 Batch:  11 Loss: 0.1824 Accuracy Train: 93.062%
Epoch: 13 Batch:  21 Loss: 0.1684 Accuracy Train: 93.252%
Epoch: 13 Batch:  31 Loss: 0.1742 Accuracy Train: 93.285%
Epoch: 13 Batch:  41 Loss: 0.1875 Accuracy Train: 93.249%
Epoch: 13 Batch:  51 Loss: 0.1724 Accuracy Train: 93.274%
Epoch: 13 Batch:  61 Loss: 0.1746 Accuracy Train: 93.269%
Epoch: 13 Batch:  71 Loss: 0.1769 Accuracy Train: 93.228%
Epoch: 13 Batch:  81 Loss: 0.1792 Accuracy Train: 93.225%
Epoch: 13 Batch:  91 Loss: 0.1825 Accuracy Train: 93.198%
Epoch: 13 Batch: 101 Loss: 0.1756 Accuracy Train: 93.188%
Epoch: 14 Batch:   1 Loss: 0.1704 Accuracy Train: 93.300%
Epoch: 14 Batch:  11 Loss: 0.1736 Accuracy Train: 93.311%
Epoch: 14 Batch:  21 Loss: 0.1818 Accuracy Train: 93.272%
Epoch: 14 Batch:  31 Loss: 0.1829 Accuracy Train: 93.301%
Epoch: 14 Batch:  41 Loss: 0.1776 Accuracy Train: 93.299%
Epoch: 14 Batch:  51 Loss: 0.1715 Accuracy Train: 93.319%
Epoch: 14 Batch:  61 Loss: 0.1670 Accuracy Train: 93.295%
Epoch: 14 Batch:  71 Loss: 0.1814 Accuracy Train: 93.304%
Epoch: 14 Batch:  81 Loss: 0.1683 Accuracy Train: 93.296%
Epoch: 14 Batch:  91 Loss: 0.1772 Accuracy Train: 93.302%
Epoch: 14 Batch: 101 Loss: 0.1612 Accuracy Train: 93.309%
Epoch: 15 Batch:   1 Loss: 0.1768 Accuracy Train: 93.060%
Epoch: 15 Batch:  11 Loss: 0.1717 Accuracy Train: 93.216%
Epoch: 15 Batch:  21 Loss: 0.1694 Accuracy Train: 93.255%
Epoch: 15 Batch:  31 Loss: 0.1715 Accuracy Train: 93.352%
Epoch: 15 Batch:  41 Loss: 0.1669 Accuracy Train: 93.395%
Epoch: 15 Batch:  51 Loss: 0.1856 Accuracy Train: 93.427%
Epoch: 15 Batch:  61 Loss: 0.1802 Accuracy Train: 93.363%
Epoch: 15 Batch:  71 Loss: 0.1681 Accuracy Train: 93.353%
Epoch: 15 Batch:  81 Loss: 0.1812 Accuracy Train: 93.371%
Epoch: 15 Batch:  91 Loss: 0.1890 Accuracy Train: 93.335%
Epoch: 15 Batch: 101 Loss: 0.1761 Accuracy Train: 93.341%
Epoch: 16 Batch:   1 Loss: 0.1784 Accuracy Train: 92.840%
Epoch: 16 Batch:  11 Loss: 0.1743 Accuracy Train: 93.245%
Epoch: 16 Batch:  21 Loss: 0.1731 Accuracy Train: 93.360%
Epoch: 16 Batch:  31 Loss: 0.1658 Accuracy Train: 93.405%
Epoch: 16 Batch:  41 Loss: 0.1640 Accuracy Train: 93.441%
Epoch: 16 Batch:  51 Loss: 0.1761 Accuracy Train: 93.355%
Epoch: 16 Batch:  61 Loss: 0.1717 Accuracy Train: 93.370%
Epoch: 16 Batch:  71 Loss: 0.1707 Accuracy Train: 93.309%
Epoch: 16 Batch:  81 Loss: 0.1743 Accuracy Train: 93.308%
Epoch: 16 Batch:  91 Loss: 0.1781 Accuracy Train: 93.333%
Epoch: 16 Batch: 101 Loss: 0.1649 Accuracy Train: 93.364%
Epoch: 17 Batch:   1 Loss: 0.1707 Accuracy Train: 93.080%
Epoch: 17 Batch:  11 Loss: 0.1686 Accuracy Train: 93.340%
Epoch: 17 Batch:  21 Loss: 0.1745 Accuracy Train: 93.435%
Epoch: 17 Batch:  31 Loss: 0.1641 Accuracy Train: 93.423%
Epoch: 17 Batch:  41 Loss: 0.1647 Accuracy Train: 93.460%
Epoch: 17 Batch:  51 Loss: 0.1761 Accuracy Train: 93.444%
Epoch: 17 Batch:  61 Loss: 0.1764 Accuracy Train: 93.457%
Epoch: 17 Batch:  71 Loss: 0.1672 Accuracy Train: 93.429%
Epoch: 17 Batch:  81 Loss: 0.1667 Accuracy Train: 93.412%
Epoch: 17 Batch:  91 Loss: 0.1806 Accuracy Train: 93.410%
Epoch: 17 Batch: 101 Loss: 0.1738 Accuracy Train: 93.409%
Epoch: 18 Batch:   1 Loss: 0.1765 Accuracy Train: 92.980%
Epoch: 18 Batch:  11 Loss: 0.1833 Accuracy Train: 93.422%
Epoch: 18 Batch:  21 Loss: 0.1698 Accuracy Train: 93.476%
Epoch: 18 Batch:  31 Loss: 0.1678 Accuracy Train: 93.428%
Epoch: 18 Batch:  41 Loss: 0.1790 Accuracy Train: 93.381%
Epoch: 18 Batch:  51 Loss: 0.1697 Accuracy Train: 93.355%
Epoch: 18 Batch:  61 Loss: 0.1715 Accuracy Train: 93.359%
Epoch: 18 Batch:  71 Loss: 0.1747 Accuracy Train: 93.388%
Epoch: 18 Batch:  81 Loss: 0.1859 Accuracy Train: 93.377%
Epoch: 18 Batch:  91 Loss: 0.1818 Accuracy Train: 93.380%
Epoch: 18 Batch: 101 Loss: 0.1726 Accuracy Train: 93.386%
Epoch: 19 Batch:   1 Loss: 0.1673 Accuracy Train: 93.620%
Epoch: 19 Batch:  11 Loss: 0.1685 Accuracy Train: 93.362%
Epoch: 19 Batch:  21 Loss: 0.1796 Accuracy Train: 93.406%
Epoch: 19 Batch:  31 Loss: 0.1722 Accuracy Train: 93.334%
Epoch: 19 Batch:  41 Loss: 0.1665 Accuracy Train: 93.385%
Epoch: 19 Batch:  51 Loss: 0.1706 Accuracy Train: 93.404%
Epoch: 19 Batch:  61 Loss: 0.1757 Accuracy Train: 93.417%
Epoch: 19 Batch:  71 Loss: 0.1783 Accuracy Train: 93.404%
Epoch: 19 Batch:  81 Loss: 0.1806 Accuracy Train: 93.391%
Epoch: 19 Batch:  91 Loss: 0.1700 Accuracy Train: 93.405%
Epoch: 19 Batch: 101 Loss: 0.1626 Accuracy Train: 93.425%

Duration: 74 seconds
