Training DynNetGen(
  (layers): Sequential(
    (0): Sequential(
      (0): Conv2d(1, 8, kernel_size=(2, 2), stride=(1, 1))
      (1): ReLU()
    )
    (1): Sequential(
      (0): Conv2d(8, 16, kernel_size=(2, 2), stride=(1, 1))
      (1): ReLU()
    )
    (2): Sequential(
      (0): Conv2d(16, 32, kernel_size=(2, 2), stride=(1, 1))
      (1): ReLU()
    )
    (3): Sequential(
      (0): Flatten(start_dim=1, end_dim=-1)
      (1): Linear(in_features=2592, out_features=2, bias=True)
    )
  )
) in cuda
=================================================================
Layer (type:depth-idx)                   Param #
=================================================================
DynNetGen                                --
├─Sequential: 1-1                        --
│    └─Sequential: 2-1                   --
│    │    └─Conv2d: 3-1                  40
│    │    └─ReLU: 3-2                    --
│    └─Sequential: 2-2                   --
│    │    └─Conv2d: 3-3                  528
│    │    └─ReLU: 3-4                    --
│    └─Sequential: 2-3                   --
│    │    └─Conv2d: 3-5                  2,080
│    │    └─ReLU: 3-6                    --
│    └─Sequential: 2-4                   --
│    │    └─Flatten: 3-7                 --
│    │    └─Linear: 3-8                  5,186
=================================================================
Total params: 7,834
Trainable params: 7,834
Non-trainable params: 0
=================================================================
Epoch:  0 Batch:   1 Loss: 2588.9995 Accuracy Train: 51.940%
Epoch:  1 Batch:   1 Loss: 52167.3008 Accuracy Train: 50.420%
Epoch:  2 Batch:   1 Loss: 1426.9902 Accuracy Train: 53.380%
Epoch:  3 Batch:   1 Loss: 3818.2131 Accuracy Train: 51.360%
Epoch:  4 Batch:   1 Loss: 325.8075 Accuracy Train: 55.040%
Epoch:  5 Batch:   1 Loss: 1841.4148 Accuracy Train: 55.960%
Epoch:  6 Batch:   1 Loss: 532.0282 Accuracy Train: 56.400%
Epoch:  7 Batch:   1 Loss: 190.4316 Accuracy Train: 57.720%
Epoch:  8 Batch:   1 Loss: 251.5958 Accuracy Train: 48.260%
Epoch:  9 Batch:   1 Loss: 579.1183 Accuracy Train: 51.800%
Epoch: 10 Batch:   1 Loss: 191.6319 Accuracy Train: 58.740%
Epoch: 11 Batch:   1 Loss: 262.6697 Accuracy Train: 47.900%
Epoch: 12 Batch:   1 Loss: 152.8370 Accuracy Train: 53.560%
Epoch: 13 Batch:   1 Loss: 218.3644 Accuracy Train: 52.960%
Epoch: 14 Batch:   1 Loss: 70.2179 Accuracy Train: 51.520%
Epoch: 15 Batch:   1 Loss: 188.5759 Accuracy Train: 48.360%
Epoch: 16 Batch:   1 Loss: 82.9955 Accuracy Train: 53.000%
Epoch: 17 Batch:   1 Loss: 92.5730 Accuracy Train: 48.860%
Epoch: 18 Batch:   1 Loss: 70.8279 Accuracy Train: 54.860%
Epoch: 19 Batch:   1 Loss: 43.3387 Accuracy Train: 45.740%

Duration: 3 seconds
