Training DynNetGen(
  (layers): Sequential(
    (0): Sequential(
      (0): Conv2d(1, 8, kernel_size=(2, 2), stride=(1, 1))
      (1): ReLU()
    )
    (1): Sequential(
      (0): Conv2d(8, 4, kernel_size=(2, 2), stride=(1, 1))
      (1): ReLU()
    )
    (2): Sequential(
      (0): Flatten(start_dim=1, end_dim=-1)
      (1): Linear(in_features=144, out_features=2, bias=True)
    )
  )
) in cuda
=================================================================
Layer (type:depth-idx)                   Param #
=================================================================
DynNetGen                                --
├─Sequential: 1-1                        --
│    └─Sequential: 2-1                   --
│    │    └─Conv2d: 3-1                  40
│    │    └─ReLU: 3-2                    --
│    └─Sequential: 2-2                   --
│    │    └─Conv2d: 3-3                  132
│    │    └─ReLU: 3-4                    --
│    └─Sequential: 2-3                   --
│    │    └─Flatten: 3-5                 --
│    │    └─Linear: 3-6                  290
=================================================================
Total params: 462
Trainable params: 462
Non-trainable params: 0
=================================================================
Epoch:  0 Batch:   1 Loss: 0.6933 Accuracy Train: 45.500%
Epoch:  0 Batch:  11 Loss: 0.6831 Accuracy Train: 51.700%
Epoch:  0 Batch:  21 Loss: 0.6722 Accuracy Train: 52.777%
Epoch:  0 Batch:  31 Loss: 0.6725 Accuracy Train: 53.910%
Epoch:  0 Batch:  41 Loss: 0.6676 Accuracy Train: 55.243%
Epoch:  0 Batch:  51 Loss: 0.6666 Accuracy Train: 55.798%
Epoch:  0 Batch:  61 Loss: 0.6678 Accuracy Train: 56.382%
Epoch:  0 Batch:  71 Loss: 0.6664 Accuracy Train: 56.477%
Epoch:  0 Batch:  81 Loss: 0.6643 Accuracy Train: 57.135%
Epoch:  1 Batch:   1 Loss: 0.6619 Accuracy Train: 66.400%
Epoch:  1 Batch:  11 Loss: 0.6622 Accuracy Train: 60.193%
Epoch:  1 Batch:  21 Loss: 0.6576 Accuracy Train: 61.407%
Epoch:  1 Batch:  31 Loss: 0.6544 Accuracy Train: 61.011%
Epoch:  1 Batch:  41 Loss: 0.6503 Accuracy Train: 61.756%
Epoch:  1 Batch:  51 Loss: 0.6524 Accuracy Train: 62.212%
Epoch:  1 Batch:  61 Loss: 0.6564 Accuracy Train: 62.642%
Epoch:  1 Batch:  71 Loss: 0.6512 Accuracy Train: 62.996%
Epoch:  1 Batch:  81 Loss: 0.6471 Accuracy Train: 63.207%
Epoch:  2 Batch:   1 Loss: 0.6507 Accuracy Train: 64.580%
Epoch:  2 Batch:  11 Loss: 0.6435 Accuracy Train: 64.005%
Epoch:  2 Batch:  21 Loss: 0.6442 Accuracy Train: 63.859%
Epoch:  2 Batch:  31 Loss: 0.6469 Accuracy Train: 64.137%
Epoch:  2 Batch:  41 Loss: 0.6503 Accuracy Train: 64.086%
Epoch:  2 Batch:  51 Loss: 0.6364 Accuracy Train: 64.212%
Epoch:  2 Batch:  61 Loss: 0.6335 Accuracy Train: 64.023%
Epoch:  2 Batch:  71 Loss: 0.6366 Accuracy Train: 64.035%
Epoch:  2 Batch:  81 Loss: 0.6359 Accuracy Train: 64.212%
Epoch:  3 Batch:   1 Loss: 0.6362 Accuracy Train: 67.180%
Epoch:  3 Batch:  11 Loss: 0.6404 Accuracy Train: 65.933%
Epoch:  3 Batch:  21 Loss: 0.6304 Accuracy Train: 65.322%
Epoch:  3 Batch:  31 Loss: 0.6296 Accuracy Train: 65.817%
Epoch:  3 Batch:  41 Loss: 0.6257 Accuracy Train: 65.819%
Epoch:  3 Batch:  51 Loss: 0.6208 Accuracy Train: 65.951%
Epoch:  3 Batch:  61 Loss: 0.6153 Accuracy Train: 66.026%
Epoch:  3 Batch:  71 Loss: 0.6159 Accuracy Train: 66.327%
Epoch:  3 Batch:  81 Loss: 0.6173 Accuracy Train: 66.488%
Epoch:  4 Batch:   1 Loss: 0.6138 Accuracy Train: 67.700%
Epoch:  4 Batch:  11 Loss: 0.6176 Accuracy Train: 67.676%
Epoch:  4 Batch:  21 Loss: 0.6163 Accuracy Train: 67.622%
Epoch:  4 Batch:  31 Loss: 0.6069 Accuracy Train: 67.596%
Epoch:  4 Batch:  41 Loss: 0.6163 Accuracy Train: 67.479%
Epoch:  4 Batch:  51 Loss: 0.6054 Accuracy Train: 67.453%
Epoch:  4 Batch:  61 Loss: 0.6096 Accuracy Train: 67.405%
Epoch:  4 Batch:  71 Loss: 0.6031 Accuracy Train: 67.398%
Epoch:  4 Batch:  81 Loss: 0.5968 Accuracy Train: 67.454%
Epoch:  5 Batch:   1 Loss: 0.5992 Accuracy Train: 67.400%
Epoch:  5 Batch:  11 Loss: 0.5959 Accuracy Train: 67.520%
Epoch:  5 Batch:  21 Loss: 0.5950 Accuracy Train: 67.414%
Epoch:  5 Batch:  31 Loss: 0.5896 Accuracy Train: 67.468%
Epoch:  5 Batch:  41 Loss: 0.5954 Accuracy Train: 67.427%
Epoch:  5 Batch:  51 Loss: 0.5943 Accuracy Train: 67.509%
Epoch:  5 Batch:  61 Loss: 0.5813 Accuracy Train: 67.570%
Epoch:  5 Batch:  71 Loss: 0.5880 Accuracy Train: 67.560%
Epoch:  5 Batch:  81 Loss: 0.5801 Accuracy Train: 67.595%
Epoch:  6 Batch:   1 Loss: 0.5920 Accuracy Train: 68.640%
Epoch:  6 Batch:  11 Loss: 0.5842 Accuracy Train: 68.142%
Epoch:  6 Batch:  21 Loss: 0.5737 Accuracy Train: 68.184%
Epoch:  6 Batch:  31 Loss: 0.5801 Accuracy Train: 68.220%
Epoch:  6 Batch:  41 Loss: 0.5785 Accuracy Train: 68.468%
Epoch:  6 Batch:  51 Loss: 0.5834 Accuracy Train: 68.565%
Epoch:  6 Batch:  61 Loss: 0.5820 Accuracy Train: 68.660%
Epoch:  6 Batch:  71 Loss: 0.5824 Accuracy Train: 68.721%
Epoch:  6 Batch:  81 Loss: 0.5708 Accuracy Train: 68.729%
Epoch:  7 Batch:   1 Loss: 0.5800 Accuracy Train: 69.400%
Epoch:  7 Batch:  11 Loss: 0.5754 Accuracy Train: 69.458%
Epoch:  7 Batch:  21 Loss: 0.5653 Accuracy Train: 69.659%
Epoch:  7 Batch:  31 Loss: 0.5678 Accuracy Train: 69.696%
Epoch:  7 Batch:  41 Loss: 0.5696 Accuracy Train: 69.775%
Epoch:  7 Batch:  51 Loss: 0.5787 Accuracy Train: 69.767%
Epoch:  7 Batch:  61 Loss: 0.5840 Accuracy Train: 69.761%
Epoch:  7 Batch:  71 Loss: 0.5822 Accuracy Train: 69.711%
Epoch:  7 Batch:  81 Loss: 0.5783 Accuracy Train: 69.738%
Epoch:  8 Batch:   1 Loss: 0.5791 Accuracy Train: 70.640%
Epoch:  8 Batch:  11 Loss: 0.5705 Accuracy Train: 69.391%
Epoch:  8 Batch:  21 Loss: 0.5648 Accuracy Train: 69.764%
Epoch:  8 Batch:  31 Loss: 0.5659 Accuracy Train: 69.706%
Epoch:  8 Batch:  41 Loss: 0.5774 Accuracy Train: 69.790%
Epoch:  8 Batch:  51 Loss: 0.5763 Accuracy Train: 69.788%
Epoch:  8 Batch:  61 Loss: 0.5641 Accuracy Train: 69.853%
Epoch:  8 Batch:  71 Loss: 0.5796 Accuracy Train: 69.863%
Epoch:  8 Batch:  81 Loss: 0.5716 Accuracy Train: 69.879%
Epoch:  9 Batch:   1 Loss: 0.5692 Accuracy Train: 70.860%
Epoch:  9 Batch:  11 Loss: 0.5731 Accuracy Train: 70.024%
Epoch:  9 Batch:  21 Loss: 0.5809 Accuracy Train: 70.118%
Epoch:  9 Batch:  31 Loss: 0.5732 Accuracy Train: 70.072%
Epoch:  9 Batch:  41 Loss: 0.5714 Accuracy Train: 70.064%
Epoch:  9 Batch:  51 Loss: 0.5724 Accuracy Train: 70.055%
Epoch:  9 Batch:  61 Loss: 0.5750 Accuracy Train: 70.100%
Epoch:  9 Batch:  71 Loss: 0.5714 Accuracy Train: 70.137%
Epoch:  9 Batch:  81 Loss: 0.5697 Accuracy Train: 70.106%
Epoch: 10 Batch:   1 Loss: 0.5556 Accuracy Train: 69.460%
Epoch: 10 Batch:  11 Loss: 0.5616 Accuracy Train: 70.138%
Epoch: 10 Batch:  21 Loss: 0.5730 Accuracy Train: 69.986%
Epoch: 10 Batch:  31 Loss: 0.5622 Accuracy Train: 70.087%
Epoch: 10 Batch:  41 Loss: 0.5564 Accuracy Train: 70.203%
Epoch: 10 Batch:  51 Loss: 0.5648 Accuracy Train: 70.219%
Epoch: 10 Batch:  61 Loss: 0.5595 Accuracy Train: 70.239%
Epoch: 10 Batch:  71 Loss: 0.5749 Accuracy Train: 70.236%
Epoch: 10 Batch:  81 Loss: 0.5677 Accuracy Train: 70.226%
Epoch: 11 Batch:   1 Loss: 0.5683 Accuracy Train: 68.920%
Epoch: 11 Batch:  11 Loss: 0.5600 Accuracy Train: 70.587%
Epoch: 11 Batch:  21 Loss: 0.5705 Accuracy Train: 70.343%
Epoch: 11 Batch:  31 Loss: 0.5563 Accuracy Train: 70.435%
Epoch: 11 Batch:  41 Loss: 0.5597 Accuracy Train: 70.461%
Epoch: 11 Batch:  51 Loss: 0.5626 Accuracy Train: 70.496%
Epoch: 11 Batch:  61 Loss: 0.5624 Accuracy Train: 70.544%
Epoch: 11 Batch:  71 Loss: 0.5637 Accuracy Train: 70.564%
Epoch: 11 Batch:  81 Loss: 0.5564 Accuracy Train: 70.501%
Epoch: 12 Batch:   1 Loss: 0.5628 Accuracy Train: 70.120%
Epoch: 12 Batch:  11 Loss: 0.5575 Accuracy Train: 70.564%
Epoch: 12 Batch:  21 Loss: 0.5546 Accuracy Train: 70.661%
Epoch: 12 Batch:  31 Loss: 0.5492 Accuracy Train: 70.718%
Epoch: 12 Batch:  41 Loss: 0.5487 Accuracy Train: 70.768%
Epoch: 12 Batch:  51 Loss: 0.5540 Accuracy Train: 70.753%
Epoch: 12 Batch:  61 Loss: 0.5448 Accuracy Train: 70.715%
Epoch: 12 Batch:  71 Loss: 0.5517 Accuracy Train: 70.708%
Epoch: 12 Batch:  81 Loss: 0.5472 Accuracy Train: 70.741%
Epoch: 13 Batch:   1 Loss: 0.5409 Accuracy Train: 71.520%
Epoch: 13 Batch:  11 Loss: 0.5500 Accuracy Train: 70.942%
Epoch: 13 Batch:  21 Loss: 0.5480 Accuracy Train: 70.941%
Epoch: 13 Batch:  31 Loss: 0.5568 Accuracy Train: 70.820%
Epoch: 13 Batch:  41 Loss: 0.5423 Accuracy Train: 70.783%
Epoch: 13 Batch:  51 Loss: 0.5440 Accuracy Train: 70.800%
Epoch: 13 Batch:  61 Loss: 0.5406 Accuracy Train: 70.901%
Epoch: 13 Batch:  71 Loss: 0.5552 Accuracy Train: 70.854%
Epoch: 13 Batch:  81 Loss: 0.5537 Accuracy Train: 70.812%
Epoch: 14 Batch:   1 Loss: 0.5393 Accuracy Train: 71.040%
Epoch: 14 Batch:  11 Loss: 0.5532 Accuracy Train: 70.844%
Epoch: 14 Batch:  21 Loss: 0.5418 Accuracy Train: 70.747%
Epoch: 14 Batch:  31 Loss: 0.5431 Accuracy Train: 70.492%
Epoch: 14 Batch:  41 Loss: 0.5472 Accuracy Train: 70.438%
Epoch: 14 Batch:  51 Loss: 0.5459 Accuracy Train: 70.527%
Epoch: 14 Batch:  61 Loss: 0.5553 Accuracy Train: 70.532%
Epoch: 14 Batch:  71 Loss: 0.5364 Accuracy Train: 70.609%
Epoch: 14 Batch:  81 Loss: 0.5344 Accuracy Train: 70.611%
Epoch: 15 Batch:   1 Loss: 0.5450 Accuracy Train: 70.800%
Epoch: 15 Batch:  11 Loss: 0.5421 Accuracy Train: 70.667%
Epoch: 15 Batch:  21 Loss: 0.5462 Accuracy Train: 70.616%
Epoch: 15 Batch:  31 Loss: 0.5352 Accuracy Train: 70.665%
Epoch: 15 Batch:  41 Loss: 0.5394 Accuracy Train: 70.718%
Epoch: 15 Batch:  51 Loss: 0.5347 Accuracy Train: 70.736%
Epoch: 15 Batch:  61 Loss: 0.5503 Accuracy Train: 70.683%
Epoch: 15 Batch:  71 Loss: 0.5452 Accuracy Train: 70.688%
Epoch: 15 Batch:  81 Loss: 0.5350 Accuracy Train: 70.778%
Epoch: 16 Batch:   1 Loss: 0.5366 Accuracy Train: 70.980%
Epoch: 16 Batch:  11 Loss: 0.5342 Accuracy Train: 70.682%
Epoch: 16 Batch:  21 Loss: 0.5385 Accuracy Train: 70.535%
Epoch: 16 Batch:  31 Loss: 0.5317 Accuracy Train: 70.652%
Epoch: 16 Batch:  41 Loss: 0.5271 Accuracy Train: 70.799%
Epoch: 16 Batch:  51 Loss: 0.5391 Accuracy Train: 70.747%
Epoch: 16 Batch:  61 Loss: 0.5254 Accuracy Train: 70.900%
Epoch: 16 Batch:  71 Loss: 0.5222 Accuracy Train: 70.852%
Epoch: 16 Batch:  81 Loss: 0.5414 Accuracy Train: 70.818%
Epoch: 17 Batch:   1 Loss: 0.5283 Accuracy Train: 70.480%
Epoch: 17 Batch:  11 Loss: 0.5401 Accuracy Train: 70.802%
Epoch: 17 Batch:  21 Loss: 0.5368 Accuracy Train: 71.408%
Epoch: 17 Batch:  31 Loss: 0.5321 Accuracy Train: 71.171%
Epoch: 17 Batch:  41 Loss: 0.5283 Accuracy Train: 71.171%
Epoch: 17 Batch:  51 Loss: 0.5168 Accuracy Train: 71.209%
Epoch: 17 Batch:  61 Loss: 0.5258 Accuracy Train: 71.076%
Epoch: 17 Batch:  71 Loss: 0.5326 Accuracy Train: 71.031%
Epoch: 17 Batch:  81 Loss: 0.5258 Accuracy Train: 71.081%
Epoch: 18 Batch:   1 Loss: 0.5364 Accuracy Train: 68.680%
Epoch: 18 Batch:  11 Loss: 0.5320 Accuracy Train: 70.962%
Epoch: 18 Batch:  21 Loss: 0.5258 Accuracy Train: 71.077%
Epoch: 18 Batch:  31 Loss: 0.5135 Accuracy Train: 71.578%
Epoch: 18 Batch:  41 Loss: 0.5207 Accuracy Train: 71.587%
Epoch: 18 Batch:  51 Loss: 0.5162 Accuracy Train: 71.703%
Epoch: 18 Batch:  61 Loss: 0.5179 Accuracy Train: 71.585%
Epoch: 18 Batch:  71 Loss: 0.5230 Accuracy Train: 71.745%
Epoch: 18 Batch:  81 Loss: 0.5389 Accuracy Train: 71.755%
Epoch: 19 Batch:   1 Loss: 0.5400 Accuracy Train: 68.780%
Epoch: 19 Batch:  11 Loss: 0.5201 Accuracy Train: 72.502%
Epoch: 19 Batch:  21 Loss: 0.5184 Accuracy Train: 72.648%
Epoch: 19 Batch:  31 Loss: 0.5167 Accuracy Train: 72.432%
Epoch: 19 Batch:  41 Loss: 0.5336 Accuracy Train: 72.352%
Epoch: 19 Batch:  51 Loss: 0.5134 Accuracy Train: 72.533%
Epoch: 19 Batch:  61 Loss: 0.5062 Accuracy Train: 72.586%
Epoch: 19 Batch:  71 Loss: 0.5269 Accuracy Train: 72.459%
Epoch: 19 Batch:  81 Loss: 0.5098 Accuracy Train: 72.385%

Duration: 75 seconds
