Training DynNetGen(
  (layers): Sequential(
    (0): Sequential(
      (0): Conv2d(1, 8, kernel_size=(2, 2), stride=(1, 1))
      (1): ReLU()
    )
    (1): Sequential(
      (0): Conv2d(8, 16, kernel_size=(2, 2), stride=(1, 1))
      (1): ReLU()
    )
    (2): Sequential(
      (0): Conv2d(16, 32, kernel_size=(2, 2), stride=(1, 1))
      (1): ReLU()
    )
    (3): Sequential(
      (0): Conv2d(32, 64, kernel_size=(2, 2), stride=(1, 1))
      (1): ReLU()
    )
    (4): Sequential(
      (0): Conv2d(64, 128, kernel_size=(2, 2), stride=(1, 1))
      (1): ReLU()
    )
    (5): Sequential(
      (0): Flatten(start_dim=1, end_dim=-1)
      (1): Linear(in_features=6272, out_features=2, bias=True)
    )
  )
) in cuda
=================================================================
Layer (type:depth-idx)                   Param #
=================================================================
DynNetGen                                --
├─Sequential: 1-1                        --
│    └─Sequential: 2-1                   --
│    │    └─Conv2d: 3-1                  40
│    │    └─ReLU: 3-2                    --
│    └─Sequential: 2-2                   --
│    │    └─Conv2d: 3-3                  528
│    │    └─ReLU: 3-4                    --
│    └─Sequential: 2-3                   --
│    │    └─Conv2d: 3-5                  2,080
│    │    └─ReLU: 3-6                    --
│    └─Sequential: 2-4                   --
│    │    └─Conv2d: 3-7                  8,256
│    │    └─ReLU: 3-8                    --
│    └─Sequential: 2-5                   --
│    │    └─Conv2d: 3-9                  32,896
│    │    └─ReLU: 3-10                   --
│    └─Sequential: 2-6                   --
│    │    └─Flatten: 3-11                --
│    │    └─Linear: 3-12                 12,546
=================================================================
Total params: 56,346
Trainable params: 56,346
Non-trainable params: 0
=================================================================
Epoch:  0 Batch:   1 Loss: 0.6930 Accuracy Train: 50.960%
Epoch:  0 Batch:  11 Loss: 0.6931 Accuracy Train: 50.104%
Epoch:  0 Batch:  21 Loss: 0.6930 Accuracy Train: 50.011%
Epoch:  0 Batch:  31 Loss: 0.6897 Accuracy Train: 50.589%
Epoch:  1 Batch:   1 Loss: 0.6788 Accuracy Train: 59.500%
Epoch:  1 Batch:  11 Loss: 0.6629 Accuracy Train: 60.355%
Epoch:  1 Batch:  21 Loss: 0.6599 Accuracy Train: 60.689%
Epoch:  1 Batch:  31 Loss: 0.6539 Accuracy Train: 61.701%
Epoch:  2 Batch:   1 Loss: 0.6504 Accuracy Train: 61.580%
Epoch:  2 Batch:  11 Loss: 0.6302 Accuracy Train: 64.018%
Epoch:  2 Batch:  21 Loss: 0.6293 Accuracy Train: 64.280%
Epoch:  2 Batch:  31 Loss: 0.6318 Accuracy Train: 64.524%
Epoch:  3 Batch:   1 Loss: 0.6286 Accuracy Train: 64.960%
Epoch:  3 Batch:  11 Loss: 0.6147 Accuracy Train: 66.371%
Epoch:  3 Batch:  21 Loss: 0.6035 Accuracy Train: 66.710%
Epoch:  3 Batch:  31 Loss: 0.6149 Accuracy Train: 66.900%
Epoch:  4 Batch:   1 Loss: 0.6053 Accuracy Train: 69.060%
Epoch:  4 Batch:  11 Loss: 0.6116 Accuracy Train: 67.771%
Epoch:  4 Batch:  21 Loss: 0.6005 Accuracy Train: 67.993%
Epoch:  4 Batch:  31 Loss: 0.5927 Accuracy Train: 68.116%
Epoch:  5 Batch:   1 Loss: 0.6017 Accuracy Train: 67.960%
Epoch:  5 Batch:  11 Loss: 0.5969 Accuracy Train: 68.998%
Epoch:  5 Batch:  21 Loss: 0.5889 Accuracy Train: 69.025%
Epoch:  5 Batch:  31 Loss: 0.5938 Accuracy Train: 69.034%
Epoch:  6 Batch:   1 Loss: 0.5804 Accuracy Train: 70.060%
Epoch:  6 Batch:  11 Loss: 0.5943 Accuracy Train: 69.796%
Epoch:  6 Batch:  21 Loss: 0.5813 Accuracy Train: 69.907%
Epoch:  6 Batch:  31 Loss: 0.5910 Accuracy Train: 69.756%
Epoch:  7 Batch:   1 Loss: 0.6139 Accuracy Train: 68.820%
Epoch:  7 Batch:  11 Loss: 0.5768 Accuracy Train: 69.771%
Epoch:  7 Batch:  21 Loss: 0.5821 Accuracy Train: 69.804%
Epoch:  7 Batch:  31 Loss: 0.5810 Accuracy Train: 69.837%
Epoch:  8 Batch:   1 Loss: 0.5848 Accuracy Train: 67.900%
Epoch:  8 Batch:  11 Loss: 0.5738 Accuracy Train: 69.698%
Epoch:  8 Batch:  21 Loss: 0.5747 Accuracy Train: 69.730%
Epoch:  8 Batch:  31 Loss: 0.5830 Accuracy Train: 69.825%
Epoch:  9 Batch:   1 Loss: 0.5944 Accuracy Train: 69.260%
Epoch:  9 Batch:  11 Loss: 0.5826 Accuracy Train: 69.827%
Epoch:  9 Batch:  21 Loss: 0.5734 Accuracy Train: 70.039%
Epoch:  9 Batch:  31 Loss: 0.5659 Accuracy Train: 70.108%
Epoch: 10 Batch:   1 Loss: 0.5811 Accuracy Train: 70.180%
Epoch: 10 Batch:  11 Loss: 0.5737 Accuracy Train: 70.167%
Epoch: 10 Batch:  21 Loss: 0.5596 Accuracy Train: 70.258%
Epoch: 10 Batch:  31 Loss: 0.5703 Accuracy Train: 70.246%
Epoch: 11 Batch:   1 Loss: 0.5705 Accuracy Train: 71.180%
Epoch: 11 Batch:  11 Loss: 0.5767 Accuracy Train: 70.629%
Epoch: 11 Batch:  21 Loss: 0.5661 Accuracy Train: 70.660%
Epoch: 11 Batch:  31 Loss: 0.5727 Accuracy Train: 70.748%
Epoch: 12 Batch:   1 Loss: 0.5734 Accuracy Train: 69.960%
Epoch: 12 Batch:  11 Loss: 0.5683 Accuracy Train: 70.558%
Epoch: 12 Batch:  21 Loss: 0.5630 Accuracy Train: 70.904%
Epoch: 12 Batch:  31 Loss: 0.5668 Accuracy Train: 70.847%
Epoch: 13 Batch:   1 Loss: 0.6012 Accuracy Train: 68.140%
Epoch: 13 Batch:  11 Loss: 0.5701 Accuracy Train: 70.464%
Epoch: 13 Batch:  21 Loss: 0.5598 Accuracy Train: 70.869%
Epoch: 13 Batch:  31 Loss: 0.5638 Accuracy Train: 70.860%
Epoch: 14 Batch:   1 Loss: 0.5806 Accuracy Train: 69.420%
Epoch: 14 Batch:  11 Loss: 0.5544 Accuracy Train: 70.956%
Epoch: 14 Batch:  21 Loss: 0.5565 Accuracy Train: 71.187%
Epoch: 14 Batch:  31 Loss: 0.5551 Accuracy Train: 71.132%
Epoch: 15 Batch:   1 Loss: 0.5669 Accuracy Train: 70.980%
Epoch: 15 Batch:  11 Loss: 0.5796 Accuracy Train: 70.933%
Epoch: 15 Batch:  21 Loss: 0.5600 Accuracy Train: 71.209%
Epoch: 15 Batch:  31 Loss: 0.5653 Accuracy Train: 71.190%
Epoch: 16 Batch:   1 Loss: 0.5639 Accuracy Train: 71.120%
Epoch: 16 Batch:  11 Loss: 0.5603 Accuracy Train: 71.356%
Epoch: 16 Batch:  21 Loss: 0.5544 Accuracy Train: 71.481%
Epoch: 16 Batch:  31 Loss: 0.5541 Accuracy Train: 71.531%
Epoch: 17 Batch:   1 Loss: 0.5714 Accuracy Train: 69.840%
Epoch: 17 Batch:  11 Loss: 0.5485 Accuracy Train: 71.173%
Epoch: 17 Batch:  21 Loss: 0.5561 Accuracy Train: 71.572%
Epoch: 17 Batch:  31 Loss: 0.5479 Accuracy Train: 71.634%
Epoch: 18 Batch:   1 Loss: 0.5691 Accuracy Train: 69.980%
Epoch: 18 Batch:  11 Loss: 0.5524 Accuracy Train: 71.556%
Epoch: 18 Batch:  21 Loss: 0.5462 Accuracy Train: 71.793%
Epoch: 18 Batch:  31 Loss: 0.5487 Accuracy Train: 71.854%
Epoch: 19 Batch:   1 Loss: 0.5792 Accuracy Train: 70.040%
Epoch: 19 Batch:  11 Loss: 0.5574 Accuracy Train: 71.613%
Epoch: 19 Batch:  21 Loss: 0.5520 Accuracy Train: 71.623%
Epoch: 19 Batch:  31 Loss: 0.5504 Accuracy Train: 71.728%

Duration: 56 seconds
