Training DynNetGen(
  (layers): Sequential(
    (0): Sequential(
      (0): Conv2d(1, 4, kernel_size=(2, 2), stride=(1, 1))
      (1): ReLU()
    )
    (1): Sequential(
      (0): Conv2d(4, 8, kernel_size=(2, 2), stride=(1, 1))
      (1): ReLU()
    )
    (2): Sequential(
      (0): Flatten(start_dim=1, end_dim=-1)
      (1): Linear(in_features=288, out_features=2, bias=True)
    )
  )
) in cuda
=================================================================
Layer (type:depth-idx)                   Param #
=================================================================
DynNetGen                                --
├─Sequential: 1-1                        --
│    └─Sequential: 2-1                   --
│    │    └─Conv2d: 3-1                  20
│    │    └─ReLU: 3-2                    --
│    └─Sequential: 2-2                   --
│    │    └─Conv2d: 3-3                  136
│    │    └─ReLU: 3-4                    --
│    └─Sequential: 2-3                   --
│    │    └─Flatten: 3-5                 --
│    │    └─Linear: 3-6                  578
=================================================================
Total params: 734
Trainable params: 734
Non-trainable params: 0
=================================================================
Epoch:  0 Batch:   1 Loss: 0.6925 Accuracy Train: 51.260%
Epoch:  0 Batch:  11 Loss: 0.6836 Accuracy Train: 52.607%
Epoch:  0 Batch:  21 Loss: 0.6704 Accuracy Train: 54.682%
Epoch:  0 Batch:  31 Loss: 0.6644 Accuracy Train: 55.977%
Epoch:  0 Batch:  41 Loss: 0.6676 Accuracy Train: 57.025%
Epoch:  0 Batch:  51 Loss: 0.6655 Accuracy Train: 57.678%
Epoch:  0 Batch:  61 Loss: 0.6636 Accuracy Train: 58.028%
Epoch:  0 Batch:  71 Loss: 0.6603 Accuracy Train: 58.116%
Epoch:  0 Batch:  81 Loss: 0.6659 Accuracy Train: 57.878%
Epoch:  1 Batch:   1 Loss: 0.6594 Accuracy Train: 64.560%
Epoch:  1 Batch:  11 Loss: 0.6588 Accuracy Train: 62.364%
Epoch:  1 Batch:  21 Loss: 0.6611 Accuracy Train: 61.872%
Epoch:  1 Batch:  31 Loss: 0.6605 Accuracy Train: 61.567%
Epoch:  1 Batch:  41 Loss: 0.6553 Accuracy Train: 62.245%
Epoch:  1 Batch:  51 Loss: 0.6642 Accuracy Train: 62.442%
Epoch:  1 Batch:  61 Loss: 0.6600 Accuracy Train: 62.747%
Epoch:  1 Batch:  71 Loss: 0.6523 Accuracy Train: 63.053%
Epoch:  1 Batch:  81 Loss: 0.6584 Accuracy Train: 63.220%
Epoch:  2 Batch:   1 Loss: 0.6580 Accuracy Train: 64.400%
Epoch:  2 Batch:  11 Loss: 0.6509 Accuracy Train: 64.758%
Epoch:  2 Batch:  21 Loss: 0.6536 Accuracy Train: 64.757%
Epoch:  2 Batch:  31 Loss: 0.6492 Accuracy Train: 64.481%
Epoch:  2 Batch:  41 Loss: 0.6478 Accuracy Train: 64.260%
Epoch:  2 Batch:  51 Loss: 0.6437 Accuracy Train: 64.415%
Epoch:  2 Batch:  61 Loss: 0.6469 Accuracy Train: 64.576%
Epoch:  2 Batch:  71 Loss: 0.6457 Accuracy Train: 64.557%
Epoch:  2 Batch:  81 Loss: 0.6481 Accuracy Train: 64.655%
Epoch:  3 Batch:   1 Loss: 0.6460 Accuracy Train: 65.180%
Epoch:  3 Batch:  11 Loss: 0.6450 Accuracy Train: 65.642%
Epoch:  3 Batch:  21 Loss: 0.6322 Accuracy Train: 65.548%
Epoch:  3 Batch:  31 Loss: 0.6432 Accuracy Train: 65.388%
Epoch:  3 Batch:  41 Loss: 0.6285 Accuracy Train: 65.389%
Epoch:  3 Batch:  51 Loss: 0.6351 Accuracy Train: 65.361%
Epoch:  3 Batch:  61 Loss: 0.6238 Accuracy Train: 65.335%
Epoch:  3 Batch:  71 Loss: 0.6291 Accuracy Train: 65.309%
Epoch:  3 Batch:  81 Loss: 0.6207 Accuracy Train: 65.318%
Epoch:  4 Batch:   1 Loss: 0.6082 Accuracy Train: 67.080%
Epoch:  4 Batch:  11 Loss: 0.6094 Accuracy Train: 65.609%
Epoch:  4 Batch:  21 Loss: 0.6085 Accuracy Train: 65.561%
Epoch:  4 Batch:  31 Loss: 0.5958 Accuracy Train: 65.712%
Epoch:  4 Batch:  41 Loss: 0.5914 Accuracy Train: 65.963%
Epoch:  4 Batch:  51 Loss: 0.6015 Accuracy Train: 66.299%
Epoch:  4 Batch:  61 Loss: 0.5768 Accuracy Train: 66.640%
Epoch:  4 Batch:  71 Loss: 0.5836 Accuracy Train: 66.823%
Epoch:  4 Batch:  81 Loss: 0.5703 Accuracy Train: 67.076%
Epoch:  5 Batch:   1 Loss: 0.5819 Accuracy Train: 70.920%
Epoch:  5 Batch:  11 Loss: 0.5817 Accuracy Train: 68.840%
Epoch:  5 Batch:  21 Loss: 0.5869 Accuracy Train: 69.020%
Epoch:  5 Batch:  31 Loss: 0.5728 Accuracy Train: 69.003%
Epoch:  5 Batch:  41 Loss: 0.5847 Accuracy Train: 69.223%
Epoch:  5 Batch:  51 Loss: 0.5758 Accuracy Train: 69.335%
Epoch:  5 Batch:  61 Loss: 0.5683 Accuracy Train: 69.417%
Epoch:  5 Batch:  71 Loss: 0.5758 Accuracy Train: 69.453%
Epoch:  5 Batch:  81 Loss: 0.5781 Accuracy Train: 69.469%
Epoch:  6 Batch:   1 Loss: 0.5768 Accuracy Train: 70.180%
Epoch:  6 Batch:  11 Loss: 0.5720 Accuracy Train: 69.807%
Epoch:  6 Batch:  21 Loss: 0.5728 Accuracy Train: 70.025%
Epoch:  6 Batch:  31 Loss: 0.5662 Accuracy Train: 70.019%
Epoch:  6 Batch:  41 Loss: 0.5723 Accuracy Train: 69.953%
Epoch:  6 Batch:  51 Loss: 0.5715 Accuracy Train: 69.982%
Epoch:  6 Batch:  61 Loss: 0.5772 Accuracy Train: 69.939%
Epoch:  6 Batch:  71 Loss: 0.5733 Accuracy Train: 69.922%
Epoch:  6 Batch:  81 Loss: 0.5739 Accuracy Train: 69.986%
Epoch:  7 Batch:   1 Loss: 0.5755 Accuracy Train: 70.800%
Epoch:  7 Batch:  11 Loss: 0.5730 Accuracy Train: 69.720%
Epoch:  7 Batch:  21 Loss: 0.5722 Accuracy Train: 69.774%
Epoch:  7 Batch:  31 Loss: 0.5737 Accuracy Train: 69.803%
Epoch:  7 Batch:  41 Loss: 0.5720 Accuracy Train: 69.811%
Epoch:  7 Batch:  51 Loss: 0.5699 Accuracy Train: 69.862%
Epoch:  7 Batch:  61 Loss: 0.5709 Accuracy Train: 69.863%
Epoch:  7 Batch:  71 Loss: 0.5708 Accuracy Train: 69.864%
Epoch:  7 Batch:  81 Loss: 0.5688 Accuracy Train: 69.917%
Epoch:  8 Batch:   1 Loss: 0.5753 Accuracy Train: 70.900%
Epoch:  8 Batch:  11 Loss: 0.5631 Accuracy Train: 70.195%
Epoch:  8 Batch:  21 Loss: 0.5758 Accuracy Train: 70.127%
Epoch:  8 Batch:  31 Loss: 0.5710 Accuracy Train: 70.340%
Epoch:  8 Batch:  41 Loss: 0.5685 Accuracy Train: 70.337%
Epoch:  8 Batch:  51 Loss: 0.5664 Accuracy Train: 70.173%
Epoch:  8 Batch:  61 Loss: 0.5662 Accuracy Train: 70.154%
Epoch:  8 Batch:  71 Loss: 0.5626 Accuracy Train: 70.121%
Epoch:  8 Batch:  81 Loss: 0.5688 Accuracy Train: 70.108%
Epoch:  9 Batch:   1 Loss: 0.5782 Accuracy Train: 68.260%
Epoch:  9 Batch:  11 Loss: 0.5704 Accuracy Train: 70.065%
Epoch:  9 Batch:  21 Loss: 0.5681 Accuracy Train: 70.003%
Epoch:  9 Batch:  31 Loss: 0.5626 Accuracy Train: 69.998%
Epoch:  9 Batch:  41 Loss: 0.5641 Accuracy Train: 70.079%
Epoch:  9 Batch:  51 Loss: 0.5747 Accuracy Train: 70.256%
Epoch:  9 Batch:  61 Loss: 0.5655 Accuracy Train: 70.324%
Epoch:  9 Batch:  71 Loss: 0.5556 Accuracy Train: 70.345%
Epoch:  9 Batch:  81 Loss: 0.5556 Accuracy Train: 70.359%
Epoch: 10 Batch:   1 Loss: 0.5538 Accuracy Train: 71.880%
Epoch: 10 Batch:  11 Loss: 0.5739 Accuracy Train: 70.705%
Epoch: 10 Batch:  21 Loss: 0.5558 Accuracy Train: 70.748%
Epoch: 10 Batch:  31 Loss: 0.5673 Accuracy Train: 70.603%
Epoch: 10 Batch:  41 Loss: 0.5610 Accuracy Train: 70.647%
Epoch: 10 Batch:  51 Loss: 0.5718 Accuracy Train: 70.627%
Epoch: 10 Batch:  61 Loss: 0.5540 Accuracy Train: 70.633%
Epoch: 10 Batch:  71 Loss: 0.5587 Accuracy Train: 70.606%
Epoch: 10 Batch:  81 Loss: 0.5732 Accuracy Train: 70.589%
Epoch: 11 Batch:   1 Loss: 0.5564 Accuracy Train: 70.220%
Epoch: 11 Batch:  11 Loss: 0.5657 Accuracy Train: 70.585%
Epoch: 11 Batch:  21 Loss: 0.5631 Accuracy Train: 70.381%
Epoch: 11 Batch:  31 Loss: 0.5695 Accuracy Train: 70.316%
Epoch: 11 Batch:  41 Loss: 0.5669 Accuracy Train: 70.306%
Epoch: 11 Batch:  51 Loss: 0.5563 Accuracy Train: 70.350%
Epoch: 11 Batch:  61 Loss: 0.5690 Accuracy Train: 70.365%
Epoch: 11 Batch:  71 Loss: 0.5631 Accuracy Train: 70.404%
Epoch: 11 Batch:  81 Loss: 0.5501 Accuracy Train: 70.448%
Epoch: 12 Batch:   1 Loss: 0.5572 Accuracy Train: 71.200%
Epoch: 12 Batch:  11 Loss: 0.5506 Accuracy Train: 70.722%
Epoch: 12 Batch:  21 Loss: 0.5523 Accuracy Train: 70.606%
Epoch: 12 Batch:  31 Loss: 0.5549 Accuracy Train: 70.615%
Epoch: 12 Batch:  41 Loss: 0.5586 Accuracy Train: 70.595%
Epoch: 12 Batch:  51 Loss: 0.5524 Accuracy Train: 70.565%
Epoch: 12 Batch:  61 Loss: 0.5464 Accuracy Train: 70.580%
Epoch: 12 Batch:  71 Loss: 0.5413 Accuracy Train: 70.616%
Epoch: 12 Batch:  81 Loss: 0.5438 Accuracy Train: 70.590%
Epoch: 13 Batch:   1 Loss: 0.5664 Accuracy Train: 70.780%
Epoch: 13 Batch:  11 Loss: 0.5670 Accuracy Train: 69.822%
Epoch: 13 Batch:  21 Loss: 0.5658 Accuracy Train: 70.071%
Epoch: 13 Batch:  31 Loss: 0.5541 Accuracy Train: 69.976%
Epoch: 13 Batch:  41 Loss: 0.5427 Accuracy Train: 70.240%
Epoch: 13 Batch:  51 Loss: 0.5578 Accuracy Train: 70.305%
Epoch: 13 Batch:  61 Loss: 0.5538 Accuracy Train: 70.367%
Epoch: 13 Batch:  71 Loss: 0.5442 Accuracy Train: 70.455%
Epoch: 13 Batch:  81 Loss: 0.5453 Accuracy Train: 70.467%
Epoch: 14 Batch:   1 Loss: 0.5540 Accuracy Train: 70.840%
Epoch: 14 Batch:  11 Loss: 0.5483 Accuracy Train: 70.611%
Epoch: 14 Batch:  21 Loss: 0.5460 Accuracy Train: 70.579%
Epoch: 14 Batch:  31 Loss: 0.5387 Accuracy Train: 70.501%
Epoch: 14 Batch:  41 Loss: 0.5494 Accuracy Train: 70.636%
Epoch: 14 Batch:  51 Loss: 0.5468 Accuracy Train: 70.644%
Epoch: 14 Batch:  61 Loss: 0.5627 Accuracy Train: 70.596%
Epoch: 14 Batch:  71 Loss: 0.5455 Accuracy Train: 70.577%
Epoch: 14 Batch:  81 Loss: 0.5388 Accuracy Train: 70.580%
Epoch: 15 Batch:   1 Loss: 0.5354 Accuracy Train: 70.380%
Epoch: 15 Batch:  11 Loss: 0.5447 Accuracy Train: 70.305%
Epoch: 15 Batch:  21 Loss: 0.5344 Accuracy Train: 70.590%
Epoch: 15 Batch:  31 Loss: 0.5268 Accuracy Train: 70.514%
Epoch: 15 Batch:  41 Loss: 0.5375 Accuracy Train: 70.484%
Epoch: 15 Batch:  51 Loss: 0.5443 Accuracy Train: 70.524%
Epoch: 15 Batch:  61 Loss: 0.5316 Accuracy Train: 70.535%
Epoch: 15 Batch:  71 Loss: 0.5444 Accuracy Train: 70.506%
Epoch: 15 Batch:  81 Loss: 0.5366 Accuracy Train: 70.528%
Epoch: 16 Batch:   1 Loss: 0.5451 Accuracy Train: 69.320%
Epoch: 16 Batch:  11 Loss: 0.5305 Accuracy Train: 71.653%
Epoch: 16 Batch:  21 Loss: 0.5381 Accuracy Train: 71.542%
Epoch: 16 Batch:  31 Loss: 0.5368 Accuracy Train: 71.105%
Epoch: 16 Batch:  41 Loss: 0.5383 Accuracy Train: 70.969%
Epoch: 16 Batch:  51 Loss: 0.5274 Accuracy Train: 70.876%
Epoch: 16 Batch:  61 Loss: 0.5204 Accuracy Train: 70.797%
Epoch: 16 Batch:  71 Loss: 0.5346 Accuracy Train: 70.768%
Epoch: 16 Batch:  81 Loss: 0.5166 Accuracy Train: 70.883%
Epoch: 17 Batch:   1 Loss: 0.5488 Accuracy Train: 69.180%
Epoch: 17 Batch:  11 Loss: 0.5351 Accuracy Train: 71.558%
Epoch: 17 Batch:  21 Loss: 0.5226 Accuracy Train: 71.038%
Epoch: 17 Batch:  31 Loss: 0.5330 Accuracy Train: 71.021%
Epoch: 17 Batch:  41 Loss: 0.5148 Accuracy Train: 71.057%
Epoch: 17 Batch:  51 Loss: 0.5177 Accuracy Train: 71.011%
Epoch: 17 Batch:  61 Loss: 0.5078 Accuracy Train: 71.083%
Epoch: 17 Batch:  71 Loss: 0.5155 Accuracy Train: 71.237%
Epoch: 17 Batch:  81 Loss: 0.5368 Accuracy Train: 71.191%
Epoch: 18 Batch:   1 Loss: 0.5227 Accuracy Train: 70.720%
Epoch: 18 Batch:  11 Loss: 0.5124 Accuracy Train: 71.467%
Epoch: 18 Batch:  21 Loss: 0.5226 Accuracy Train: 71.747%
Epoch: 18 Batch:  31 Loss: 0.5148 Accuracy Train: 71.545%
Epoch: 18 Batch:  41 Loss: 0.5161 Accuracy Train: 71.440%
Epoch: 18 Batch:  51 Loss: 0.5282 Accuracy Train: 71.365%
Epoch: 18 Batch:  61 Loss: 0.5198 Accuracy Train: 71.446%
Epoch: 18 Batch:  71 Loss: 0.5206 Accuracy Train: 71.438%
Epoch: 18 Batch:  81 Loss: 0.5245 Accuracy Train: 71.594%
Epoch: 19 Batch:   1 Loss: 0.5147 Accuracy Train: 75.660%
Epoch: 19 Batch:  11 Loss: 0.5237 Accuracy Train: 72.653%
Epoch: 19 Batch:  21 Loss: 0.5176 Accuracy Train: 73.140%
Epoch: 19 Batch:  31 Loss: 0.5128 Accuracy Train: 72.950%
Epoch: 19 Batch:  41 Loss: 0.5087 Accuracy Train: 72.857%
Epoch: 19 Batch:  51 Loss: 0.5135 Accuracy Train: 73.007%
Epoch: 19 Batch:  61 Loss: 0.5171 Accuracy Train: 72.931%
Epoch: 19 Batch:  71 Loss: 0.5082 Accuracy Train: 73.155%
Epoch: 19 Batch:  81 Loss: 0.5183 Accuracy Train: 73.160%

Duration: 72 seconds
