Training DynNetGen(
  (layers): Sequential(
    (0): Sequential(
      (0): Conv2d(1, 8, kernel_size=(2, 2), stride=(1, 1))
      (1): ReLU()
    )
    (1): Sequential(
      (0): Conv2d(8, 16, kernel_size=(2, 2), stride=(1, 1))
      (1): ReLU()
    )
    (2): Sequential(
      (0): Conv2d(16, 32, kernel_size=(2, 2), stride=(1, 1))
      (1): ReLU()
    )
    (3): Sequential(
      (0): Conv2d(32, 64, kernel_size=(2, 2), stride=(1, 1))
      (1): ReLU()
    )
    (4): Sequential(
      (0): Flatten(start_dim=1, end_dim=-1)
      (1): Linear(in_features=4096, out_features=2, bias=True)
    )
  )
) in cuda
=================================================================
Layer (type:depth-idx)                   Param #
=================================================================
DynNetGen                                --
├─Sequential: 1-1                        --
│    └─Sequential: 2-1                   --
│    │    └─Conv2d: 3-1                  40
│    │    └─ReLU: 3-2                    --
│    └─Sequential: 2-2                   --
│    │    └─Conv2d: 3-3                  528
│    │    └─ReLU: 3-4                    --
│    └─Sequential: 2-3                   --
│    │    └─Conv2d: 3-5                  2,080
│    │    └─ReLU: 3-6                    --
│    └─Sequential: 2-4                   --
│    │    └─Conv2d: 3-7                  8,256
│    │    └─ReLU: 3-8                    --
│    └─Sequential: 2-5                   --
│    │    └─Flatten: 3-9                 --
│    │    └─Linear: 3-10                 8,194
=================================================================
Total params: 19,098
Trainable params: 19,098
Non-trainable params: 0
=================================================================
Epoch:  0 Batch:   1 Loss: 0.6926 Accuracy Train: 51.520%
Epoch:  0 Batch:  11 Loss: 0.6838 Accuracy Train: 53.138%
Epoch:  0 Batch:  21 Loss: 0.6677 Accuracy Train: 56.095%
Epoch:  0 Batch:  31 Loss: 0.6610 Accuracy Train: 57.430%
Epoch:  1 Batch:   1 Loss: 0.6501 Accuracy Train: 62.940%
Epoch:  1 Batch:  11 Loss: 0.6290 Accuracy Train: 64.060%
Epoch:  1 Batch:  21 Loss: 0.6337 Accuracy Train: 64.713%
Epoch:  1 Batch:  31 Loss: 0.6296 Accuracy Train: 65.125%
Epoch:  2 Batch:   1 Loss: 0.6349 Accuracy Train: 65.380%
Epoch:  2 Batch:  11 Loss: 0.6147 Accuracy Train: 66.431%
Epoch:  2 Batch:  21 Loss: 0.6101 Accuracy Train: 67.004%
Epoch:  2 Batch:  31 Loss: 0.6059 Accuracy Train: 67.194%
Epoch:  3 Batch:   1 Loss: 0.6054 Accuracy Train: 67.420%
Epoch:  3 Batch:  11 Loss: 0.6010 Accuracy Train: 67.576%
Epoch:  3 Batch:  21 Loss: 0.5976 Accuracy Train: 67.697%
Epoch:  3 Batch:  31 Loss: 0.5890 Accuracy Train: 67.769%
Epoch:  4 Batch:   1 Loss: 0.6201 Accuracy Train: 65.940%
Epoch:  4 Batch:  11 Loss: 0.5988 Accuracy Train: 67.927%
Epoch:  4 Batch:  21 Loss: 0.5945 Accuracy Train: 67.921%
Epoch:  4 Batch:  31 Loss: 0.5989 Accuracy Train: 67.988%
Epoch:  5 Batch:   1 Loss: 0.6071 Accuracy Train: 69.580%
Epoch:  5 Batch:  11 Loss: 0.5919 Accuracy Train: 68.698%
Epoch:  5 Batch:  21 Loss: 0.5890 Accuracy Train: 68.723%
Epoch:  5 Batch:  31 Loss: 0.5917 Accuracy Train: 68.650%
Epoch:  6 Batch:   1 Loss: 0.5930 Accuracy Train: 68.660%
Epoch:  6 Batch:  11 Loss: 0.5831 Accuracy Train: 68.829%
Epoch:  6 Batch:  21 Loss: 0.5954 Accuracy Train: 68.883%
Epoch:  6 Batch:  31 Loss: 0.5842 Accuracy Train: 69.041%
Epoch:  7 Batch:   1 Loss: 0.5907 Accuracy Train: 68.860%
Epoch:  7 Batch:  11 Loss: 0.5826 Accuracy Train: 69.196%
Epoch:  7 Batch:  21 Loss: 0.5917 Accuracy Train: 69.266%
Epoch:  7 Batch:  31 Loss: 0.5891 Accuracy Train: 69.404%
Epoch:  8 Batch:   1 Loss: 0.5874 Accuracy Train: 69.940%
Epoch:  8 Batch:  11 Loss: 0.5804 Accuracy Train: 69.635%
Epoch:  8 Batch:  21 Loss: 0.5719 Accuracy Train: 69.662%
Epoch:  8 Batch:  31 Loss: 0.5794 Accuracy Train: 69.565%
Epoch:  9 Batch:   1 Loss: 0.5908 Accuracy Train: 69.760%
Epoch:  9 Batch:  11 Loss: 0.5787 Accuracy Train: 69.620%
Epoch:  9 Batch:  21 Loss: 0.5897 Accuracy Train: 69.510%
Epoch:  9 Batch:  31 Loss: 0.5741 Accuracy Train: 69.536%
Epoch: 10 Batch:   1 Loss: 0.5865 Accuracy Train: 68.980%
Epoch: 10 Batch:  11 Loss: 0.5785 Accuracy Train: 69.936%
Epoch: 10 Batch:  21 Loss: 0.5675 Accuracy Train: 70.048%
Epoch: 10 Batch:  31 Loss: 0.5877 Accuracy Train: 70.077%
Epoch: 11 Batch:   1 Loss: 0.5800 Accuracy Train: 70.320%
Epoch: 11 Batch:  11 Loss: 0.5592 Accuracy Train: 70.155%
Epoch: 11 Batch:  21 Loss: 0.5762 Accuracy Train: 70.166%
Epoch: 11 Batch:  31 Loss: 0.5693 Accuracy Train: 70.306%
Epoch: 12 Batch:   1 Loss: 0.5633 Accuracy Train: 70.760%
Epoch: 12 Batch:  11 Loss: 0.5682 Accuracy Train: 70.404%
Epoch: 12 Batch:  21 Loss: 0.5740 Accuracy Train: 70.372%
Epoch: 12 Batch:  31 Loss: 0.5747 Accuracy Train: 70.467%
Epoch: 13 Batch:   1 Loss: 0.5830 Accuracy Train: 71.000%
Epoch: 13 Batch:  11 Loss: 0.5766 Accuracy Train: 70.555%
Epoch: 13 Batch:  21 Loss: 0.5640 Accuracy Train: 70.478%
Epoch: 13 Batch:  31 Loss: 0.5753 Accuracy Train: 70.419%
Epoch: 14 Batch:   1 Loss: 0.5684 Accuracy Train: 70.400%
Epoch: 14 Batch:  11 Loss: 0.5810 Accuracy Train: 70.231%
Epoch: 14 Batch:  21 Loss: 0.5686 Accuracy Train: 70.524%
Epoch: 14 Batch:  31 Loss: 0.5691 Accuracy Train: 70.560%
Epoch: 15 Batch:   1 Loss: 0.6091 Accuracy Train: 67.680%
Epoch: 15 Batch:  11 Loss: 0.5739 Accuracy Train: 69.864%
Epoch: 15 Batch:  21 Loss: 0.5722 Accuracy Train: 70.209%
Epoch: 15 Batch:  31 Loss: 0.5587 Accuracy Train: 70.350%
Epoch: 16 Batch:   1 Loss: 0.5769 Accuracy Train: 70.620%
Epoch: 16 Batch:  11 Loss: 0.5668 Accuracy Train: 71.096%
Epoch: 16 Batch:  21 Loss: 0.5616 Accuracy Train: 71.007%
Epoch: 16 Batch:  31 Loss: 0.5672 Accuracy Train: 70.996%
Epoch: 17 Batch:   1 Loss: 0.5763 Accuracy Train: 70.220%
Epoch: 17 Batch:  11 Loss: 0.5651 Accuracy Train: 71.225%
Epoch: 17 Batch:  21 Loss: 0.5659 Accuracy Train: 71.330%
Epoch: 17 Batch:  31 Loss: 0.5522 Accuracy Train: 71.263%
Epoch: 18 Batch:   1 Loss: 0.5915 Accuracy Train: 70.060%
Epoch: 18 Batch:  11 Loss: 0.5564 Accuracy Train: 70.796%
Epoch: 18 Batch:  21 Loss: 0.5681 Accuracy Train: 71.050%
Epoch: 18 Batch:  31 Loss: 0.5575 Accuracy Train: 71.140%
Epoch: 19 Batch:   1 Loss: 0.5732 Accuracy Train: 69.620%
Epoch: 19 Batch:  11 Loss: 0.5629 Accuracy Train: 71.353%
Epoch: 19 Batch:  21 Loss: 0.5556 Accuracy Train: 71.475%
Epoch: 19 Batch:  31 Loss: 0.5585 Accuracy Train: 71.456%

Duration: 41 seconds
