Training DynNetGen(
  (layers): Sequential(
    (0): Sequential(
      (0): Conv2d(1, 1, kernel_size=(2, 2), stride=(1, 1))
      (1): ReLU()
    )
    (1): Sequential(
      (0): Flatten(start_dim=1, end_dim=-1)
      (1): Linear(in_features=49, out_features=2, bias=True)
    )
  )
) in cuda
=================================================================
Layer (type:depth-idx)                   Param #
=================================================================
DynNetGen                                --
├─Sequential: 1-1                        --
│    └─Sequential: 2-1                   --
│    │    └─Conv2d: 3-1                  5
│    │    └─ReLU: 3-2                    --
│    └─Sequential: 2-2                   --
│    │    └─Flatten: 3-3                 --
│    │    └─Linear: 3-4                  100
=================================================================
Total params: 105
Trainable params: 105
Non-trainable params: 0
=================================================================
Epoch:  0 Batch:   1 Loss: 0.6925 Accuracy Train: 51.820%
Epoch:  0 Batch:  11 Loss: 0.6891 Accuracy Train: 51.773%
Epoch:  0 Batch:  21 Loss: 0.6848 Accuracy Train: 53.462%
Epoch:  0 Batch:  31 Loss: 0.6801 Accuracy Train: 53.918%
Epoch:  0 Batch:  41 Loss: 0.6749 Accuracy Train: 54.000%
Epoch:  0 Batch:  51 Loss: 0.6704 Accuracy Train: 54.895%
Epoch:  0 Batch:  61 Loss: 0.6673 Accuracy Train: 55.043%
Epoch:  0 Batch:  71 Loss: 0.6676 Accuracy Train: 55.251%
Epoch:  0 Batch:  81 Loss: 0.6668 Accuracy Train: 55.248%
Epoch:  1 Batch:   1 Loss: 0.6703 Accuracy Train: 56.900%
Epoch:  1 Batch:  11 Loss: 0.6691 Accuracy Train: 57.231%
Epoch:  1 Batch:  21 Loss: 0.6657 Accuracy Train: 57.806%
Epoch:  1 Batch:  31 Loss: 0.6637 Accuracy Train: 58.009%
Epoch:  1 Batch:  41 Loss: 0.6647 Accuracy Train: 58.604%
Epoch:  1 Batch:  51 Loss: 0.6698 Accuracy Train: 58.689%
Epoch:  1 Batch:  61 Loss: 0.6625 Accuracy Train: 58.813%
Epoch:  1 Batch:  71 Loss: 0.6638 Accuracy Train: 58.918%
Epoch:  1 Batch:  81 Loss: 0.6666 Accuracy Train: 59.066%
Epoch:  2 Batch:   1 Loss: 0.6652 Accuracy Train: 56.240%
Epoch:  2 Batch:  11 Loss: 0.6631 Accuracy Train: 57.838%
Epoch:  2 Batch:  21 Loss: 0.6611 Accuracy Train: 59.398%
Epoch:  2 Batch:  31 Loss: 0.6689 Accuracy Train: 59.829%
Epoch:  2 Batch:  41 Loss: 0.6619 Accuracy Train: 59.777%
Epoch:  2 Batch:  51 Loss: 0.6659 Accuracy Train: 59.929%
Epoch:  2 Batch:  61 Loss: 0.6644 Accuracy Train: 60.210%
Epoch:  2 Batch:  71 Loss: 0.6624 Accuracy Train: 60.343%
Epoch:  2 Batch:  81 Loss: 0.6613 Accuracy Train: 60.520%
Epoch:  3 Batch:   1 Loss: 0.6607 Accuracy Train: 62.560%
Epoch:  3 Batch:  11 Loss: 0.6606 Accuracy Train: 60.862%
Epoch:  3 Batch:  21 Loss: 0.6635 Accuracy Train: 61.395%
Epoch:  3 Batch:  31 Loss: 0.6604 Accuracy Train: 61.803%
Epoch:  3 Batch:  41 Loss: 0.6576 Accuracy Train: 62.089%
Epoch:  3 Batch:  51 Loss: 0.6550 Accuracy Train: 62.584%
Epoch:  3 Batch:  61 Loss: 0.6542 Accuracy Train: 62.871%
Epoch:  3 Batch:  71 Loss: 0.6528 Accuracy Train: 62.871%
Epoch:  3 Batch:  81 Loss: 0.6571 Accuracy Train: 63.040%
Epoch:  4 Batch:   1 Loss: 0.6603 Accuracy Train: 64.220%
Epoch:  4 Batch:  11 Loss: 0.6503 Accuracy Train: 64.636%
Epoch:  4 Batch:  21 Loss: 0.6591 Accuracy Train: 64.613%
Epoch:  4 Batch:  31 Loss: 0.6580 Accuracy Train: 64.576%
Epoch:  4 Batch:  41 Loss: 0.6537 Accuracy Train: 64.579%
Epoch:  4 Batch:  51 Loss: 0.6481 Accuracy Train: 64.612%
Epoch:  4 Batch:  61 Loss: 0.6480 Accuracy Train: 64.595%
Epoch:  4 Batch:  71 Loss: 0.6474 Accuracy Train: 64.614%
Epoch:  4 Batch:  81 Loss: 0.6493 Accuracy Train: 64.651%
Epoch:  5 Batch:   1 Loss: 0.6565 Accuracy Train: 63.680%
Epoch:  5 Batch:  11 Loss: 0.6491 Accuracy Train: 64.720%
Epoch:  5 Batch:  21 Loss: 0.6434 Accuracy Train: 64.673%
Epoch:  5 Batch:  31 Loss: 0.6443 Accuracy Train: 64.695%
Epoch:  5 Batch:  41 Loss: 0.6528 Accuracy Train: 64.647%
Epoch:  5 Batch:  51 Loss: 0.6463 Accuracy Train: 64.658%
Epoch:  5 Batch:  61 Loss: 0.6449 Accuracy Train: 64.678%
Epoch:  5 Batch:  71 Loss: 0.6466 Accuracy Train: 64.655%
Epoch:  5 Batch:  81 Loss: 0.6454 Accuracy Train: 64.717%
Epoch:  6 Batch:   1 Loss: 0.6429 Accuracy Train: 64.620%
Epoch:  6 Batch:  11 Loss: 0.6420 Accuracy Train: 64.698%
Epoch:  6 Batch:  21 Loss: 0.6395 Accuracy Train: 64.806%
Epoch:  6 Batch:  31 Loss: 0.6427 Accuracy Train: 64.815%
Epoch:  6 Batch:  41 Loss: 0.6419 Accuracy Train: 64.751%
Epoch:  6 Batch:  51 Loss: 0.6388 Accuracy Train: 64.720%
Epoch:  6 Batch:  61 Loss: 0.6330 Accuracy Train: 64.732%
Epoch:  6 Batch:  71 Loss: 0.6427 Accuracy Train: 64.748%
Epoch:  6 Batch:  81 Loss: 0.6414 Accuracy Train: 64.810%
Epoch:  7 Batch:   1 Loss: 0.6424 Accuracy Train: 64.500%
Epoch:  7 Batch:  11 Loss: 0.6353 Accuracy Train: 65.182%
Epoch:  7 Batch:  21 Loss: 0.6327 Accuracy Train: 65.227%
Epoch:  7 Batch:  31 Loss: 0.6423 Accuracy Train: 65.117%
Epoch:  7 Batch:  41 Loss: 0.6368 Accuracy Train: 65.083%
Epoch:  7 Batch:  51 Loss: 0.6383 Accuracy Train: 65.203%
Epoch:  7 Batch:  61 Loss: 0.6366 Accuracy Train: 65.148%
Epoch:  7 Batch:  71 Loss: 0.6397 Accuracy Train: 65.171%
Epoch:  7 Batch:  81 Loss: 0.6329 Accuracy Train: 65.200%
Epoch:  8 Batch:   1 Loss: 0.6317 Accuracy Train: 67.160%
Epoch:  8 Batch:  11 Loss: 0.6341 Accuracy Train: 64.956%
Epoch:  8 Batch:  21 Loss: 0.6358 Accuracy Train: 64.991%
Epoch:  8 Batch:  31 Loss: 0.6289 Accuracy Train: 65.118%
Epoch:  8 Batch:  41 Loss: 0.6403 Accuracy Train: 65.107%
Epoch:  8 Batch:  51 Loss: 0.6313 Accuracy Train: 65.205%
Epoch:  8 Batch:  61 Loss: 0.6324 Accuracy Train: 65.274%
Epoch:  8 Batch:  71 Loss: 0.6343 Accuracy Train: 65.281%
Epoch:  8 Batch:  81 Loss: 0.6322 Accuracy Train: 65.291%
Epoch:  9 Batch:   1 Loss: 0.6352 Accuracy Train: 64.640%
Epoch:  9 Batch:  11 Loss: 0.6300 Accuracy Train: 65.078%
Epoch:  9 Batch:  21 Loss: 0.6319 Accuracy Train: 65.217%
Epoch:  9 Batch:  31 Loss: 0.6335 Accuracy Train: 65.392%
Epoch:  9 Batch:  41 Loss: 0.6339 Accuracy Train: 65.316%
Epoch:  9 Batch:  51 Loss: 0.6266 Accuracy Train: 65.358%
Epoch:  9 Batch:  61 Loss: 0.6264 Accuracy Train: 65.380%
Epoch:  9 Batch:  71 Loss: 0.6276 Accuracy Train: 65.464%
Epoch:  9 Batch:  81 Loss: 0.6276 Accuracy Train: 65.395%
Epoch: 10 Batch:   1 Loss: 0.6355 Accuracy Train: 64.340%
Epoch: 10 Batch:  11 Loss: 0.6316 Accuracy Train: 65.151%
Epoch: 10 Batch:  21 Loss: 0.6313 Accuracy Train: 65.794%
Epoch: 10 Batch:  31 Loss: 0.6264 Accuracy Train: 65.897%
Epoch: 10 Batch:  41 Loss: 0.6247 Accuracy Train: 65.752%
Epoch: 10 Batch:  51 Loss: 0.6246 Accuracy Train: 66.022%
Epoch: 10 Batch:  61 Loss: 0.6264 Accuracy Train: 66.100%
Epoch: 10 Batch:  71 Loss: 0.6313 Accuracy Train: 66.054%
Epoch: 10 Batch:  81 Loss: 0.6217 Accuracy Train: 66.117%
Epoch: 11 Batch:   1 Loss: 0.6269 Accuracy Train: 69.720%
Epoch: 11 Batch:  11 Loss: 0.6230 Accuracy Train: 67.324%
Epoch: 11 Batch:  21 Loss: 0.6251 Accuracy Train: 67.616%
Epoch: 11 Batch:  31 Loss: 0.6238 Accuracy Train: 67.700%
Epoch: 11 Batch:  41 Loss: 0.6271 Accuracy Train: 67.700%
Epoch: 11 Batch:  51 Loss: 0.6195 Accuracy Train: 67.591%
Epoch: 11 Batch:  61 Loss: 0.6300 Accuracy Train: 67.602%
Epoch: 11 Batch:  71 Loss: 0.6207 Accuracy Train: 67.640%
Epoch: 11 Batch:  81 Loss: 0.6283 Accuracy Train: 67.667%
Epoch: 12 Batch:   1 Loss: 0.6266 Accuracy Train: 67.700%
Epoch: 12 Batch:  11 Loss: 0.6272 Accuracy Train: 67.553%
Epoch: 12 Batch:  21 Loss: 0.6237 Accuracy Train: 67.707%
Epoch: 12 Batch:  31 Loss: 0.6252 Accuracy Train: 67.847%
Epoch: 12 Batch:  41 Loss: 0.6154 Accuracy Train: 67.859%
Epoch: 12 Batch:  51 Loss: 0.6256 Accuracy Train: 67.769%
Epoch: 12 Batch:  61 Loss: 0.6202 Accuracy Train: 67.745%
Epoch: 12 Batch:  71 Loss: 0.6224 Accuracy Train: 67.768%
Epoch: 12 Batch:  81 Loss: 0.6183 Accuracy Train: 67.731%
Epoch: 13 Batch:   1 Loss: 0.6190 Accuracy Train: 67.820%
Epoch: 13 Batch:  11 Loss: 0.6236 Accuracy Train: 67.909%
Epoch: 13 Batch:  21 Loss: 0.6198 Accuracy Train: 67.991%
Epoch: 13 Batch:  31 Loss: 0.6199 Accuracy Train: 68.015%
Epoch: 13 Batch:  41 Loss: 0.6220 Accuracy Train: 67.959%
Epoch: 13 Batch:  51 Loss: 0.6272 Accuracy Train: 67.884%
Epoch: 13 Batch:  61 Loss: 0.6240 Accuracy Train: 67.924%
Epoch: 13 Batch:  71 Loss: 0.6156 Accuracy Train: 67.964%
Epoch: 13 Batch:  81 Loss: 0.6167 Accuracy Train: 67.947%
Epoch: 14 Batch:   1 Loss: 0.6292 Accuracy Train: 68.480%
Epoch: 14 Batch:  11 Loss: 0.6198 Accuracy Train: 68.256%
Epoch: 14 Batch:  21 Loss: 0.6269 Accuracy Train: 68.025%
Epoch: 14 Batch:  31 Loss: 0.6236 Accuracy Train: 67.912%
Epoch: 14 Batch:  41 Loss: 0.6232 Accuracy Train: 67.960%
Epoch: 14 Batch:  51 Loss: 0.6213 Accuracy Train: 67.885%
Epoch: 14 Batch:  61 Loss: 0.6243 Accuracy Train: 67.849%
Epoch: 14 Batch:  71 Loss: 0.6179 Accuracy Train: 67.892%
Epoch: 14 Batch:  81 Loss: 0.6142 Accuracy Train: 67.940%
Epoch: 15 Batch:   1 Loss: 0.6264 Accuracy Train: 68.300%
Epoch: 15 Batch:  11 Loss: 0.6196 Accuracy Train: 67.967%
Epoch: 15 Batch:  21 Loss: 0.6123 Accuracy Train: 68.075%
Epoch: 15 Batch:  31 Loss: 0.6144 Accuracy Train: 68.272%
Epoch: 15 Batch:  41 Loss: 0.6260 Accuracy Train: 68.202%
Epoch: 15 Batch:  51 Loss: 0.6174 Accuracy Train: 68.213%
Epoch: 15 Batch:  61 Loss: 0.6108 Accuracy Train: 68.174%
Epoch: 15 Batch:  71 Loss: 0.6175 Accuracy Train: 68.148%
Epoch: 15 Batch:  81 Loss: 0.6118 Accuracy Train: 68.185%
Epoch: 16 Batch:   1 Loss: 0.6251 Accuracy Train: 67.280%
Epoch: 16 Batch:  11 Loss: 0.6087 Accuracy Train: 67.949%
Epoch: 16 Batch:  21 Loss: 0.6205 Accuracy Train: 68.187%
Epoch: 16 Batch:  31 Loss: 0.6220 Accuracy Train: 68.046%
Epoch: 16 Batch:  41 Loss: 0.6160 Accuracy Train: 68.049%
Epoch: 16 Batch:  51 Loss: 0.6221 Accuracy Train: 68.049%
Epoch: 16 Batch:  61 Loss: 0.6126 Accuracy Train: 68.130%
Epoch: 16 Batch:  71 Loss: 0.6133 Accuracy Train: 68.095%
Epoch: 16 Batch:  81 Loss: 0.6239 Accuracy Train: 68.094%
Epoch: 17 Batch:   1 Loss: 0.6146 Accuracy Train: 68.020%
Epoch: 17 Batch:  11 Loss: 0.6245 Accuracy Train: 68.027%
Epoch: 17 Batch:  21 Loss: 0.6151 Accuracy Train: 68.160%
Epoch: 17 Batch:  31 Loss: 0.6260 Accuracy Train: 68.161%
Epoch: 17 Batch:  41 Loss: 0.6109 Accuracy Train: 68.211%
Epoch: 17 Batch:  51 Loss: 0.6162 Accuracy Train: 68.236%
Epoch: 17 Batch:  61 Loss: 0.6175 Accuracy Train: 68.143%
Epoch: 17 Batch:  71 Loss: 0.6175 Accuracy Train: 68.153%
Epoch: 17 Batch:  81 Loss: 0.6218 Accuracy Train: 68.147%
Epoch: 18 Batch:   1 Loss: 0.6063 Accuracy Train: 69.340%
Epoch: 18 Batch:  11 Loss: 0.6201 Accuracy Train: 68.295%
Epoch: 18 Batch:  21 Loss: 0.6136 Accuracy Train: 68.134%
Epoch: 18 Batch:  31 Loss: 0.6187 Accuracy Train: 68.045%
Epoch: 18 Batch:  41 Loss: 0.6191 Accuracy Train: 68.131%
Epoch: 18 Batch:  51 Loss: 0.6173 Accuracy Train: 68.140%
Epoch: 18 Batch:  61 Loss: 0.6193 Accuracy Train: 68.155%
Epoch: 18 Batch:  71 Loss: 0.6213 Accuracy Train: 68.129%
Epoch: 18 Batch:  81 Loss: 0.6182 Accuracy Train: 68.151%
Epoch: 19 Batch:   1 Loss: 0.6058 Accuracy Train: 67.700%
Epoch: 19 Batch:  11 Loss: 0.6152 Accuracy Train: 68.496%
Epoch: 19 Batch:  21 Loss: 0.6185 Accuracy Train: 68.423%
Epoch: 19 Batch:  31 Loss: 0.6166 Accuracy Train: 68.392%
Epoch: 19 Batch:  41 Loss: 0.6173 Accuracy Train: 68.405%
Epoch: 19 Batch:  51 Loss: 0.6220 Accuracy Train: 68.333%
Epoch: 19 Batch:  61 Loss: 0.6181 Accuracy Train: 68.315%
Epoch: 19 Batch:  71 Loss: 0.6218 Accuracy Train: 68.325%
Epoch: 19 Batch:  81 Loss: 0.6139 Accuracy Train: 68.293%

Duration: 65 seconds
