Training DynNetGen(
  (layers): Sequential(
    (0): Sequential(
      (0): Conv2d(1, 8, kernel_size=(2, 2), stride=(1, 1))
      (1): ReLU()
    )
    (1): Sequential(
      (0): Conv2d(8, 16, kernel_size=(2, 2), stride=(1, 1))
      (1): ReLU()
    )
    (2): Sequential(
      (0): Conv2d(16, 32, kernel_size=(2, 2), stride=(1, 1))
      (1): ReLU()
    )
    (3): Sequential(
      (0): Flatten(start_dim=1, end_dim=-1)
      (1): Linear(in_features=2592, out_features=2, bias=True)
    )
  )
) in cuda
=================================================================
Layer (type:depth-idx)                   Param #
=================================================================
DynNetGen                                --
├─Sequential: 1-1                        --
│    └─Sequential: 2-1                   --
│    │    └─Conv2d: 3-1                  40
│    │    └─ReLU: 3-2                    --
│    └─Sequential: 2-2                   --
│    │    └─Conv2d: 3-3                  528
│    │    └─ReLU: 3-4                    --
│    └─Sequential: 2-3                   --
│    │    └─Conv2d: 3-5                  2,080
│    │    └─ReLU: 3-6                    --
│    └─Sequential: 2-4                   --
│    │    └─Flatten: 3-7                 --
│    │    └─Linear: 3-8                  5,186
=================================================================
Total params: 7,834
Trainable params: 7,834
Non-trainable params: 0
=================================================================
Epoch:  0 Batch:   1 Loss: 2886.6895 Accuracy Train: 51.700%
Epoch:  0 Batch:  11 Loss: 2261.5791 Accuracy Train: 50.524%
Epoch:  0 Batch:  21 Loss: 522.8173 Accuracy Train: 50.251%
Epoch:  0 Batch:  31 Loss: 197.6097 Accuracy Train: 50.333%
Epoch:  1 Batch:   1 Loss: 27.1052 Accuracy Train: 49.100%
Epoch:  1 Batch:  11 Loss: 9.1400 Accuracy Train: 52.956%
Epoch:  1 Batch:  21 Loss: 37.8015 Accuracy Train: 53.494%
Epoch:  1 Batch:  31 Loss: 9.8260 Accuracy Train: 53.757%
Epoch:  2 Batch:   1 Loss: 6.9692 Accuracy Train: 49.900%
Epoch:  2 Batch:  11 Loss: 21.3460 Accuracy Train: 48.369%
Epoch:  2 Batch:  21 Loss: 6.0781 Accuracy Train: 48.382%
Epoch:  2 Batch:  31 Loss: 6.4241 Accuracy Train: 48.641%
Epoch:  3 Batch:   1 Loss: 10.1297 Accuracy Train: 48.220%
Epoch:  3 Batch:  11 Loss: 3.5987 Accuracy Train: 53.375%
Epoch:  3 Batch:  21 Loss: 5.8652 Accuracy Train: 53.354%
Epoch:  3 Batch:  31 Loss: 3.4613 Accuracy Train: 53.492%
Epoch:  4 Batch:   1 Loss: 2.2820 Accuracy Train: 53.240%
Epoch:  4 Batch:  11 Loss: 2.4319 Accuracy Train: 53.065%
Epoch:  4 Batch:  21 Loss: 2.3141 Accuracy Train: 53.698%
Epoch:  4 Batch:  31 Loss: 1.7711 Accuracy Train: 53.688%
Epoch:  5 Batch:   1 Loss: 1.2845 Accuracy Train: 53.180%
Epoch:  5 Batch:  11 Loss: 1.0620 Accuracy Train: 54.562%
Epoch:  5 Batch:  21 Loss: 1.0196 Accuracy Train: 54.711%
Epoch:  5 Batch:  31 Loss: 0.9930 Accuracy Train: 54.823%
Epoch:  6 Batch:   1 Loss: 0.9007 Accuracy Train: 55.020%
Epoch:  6 Batch:  11 Loss: 0.9112 Accuracy Train: 56.304%
Epoch:  6 Batch:  21 Loss: 0.8680 Accuracy Train: 56.671%
Epoch:  6 Batch:  31 Loss: 0.8515 Accuracy Train: 57.092%
Epoch:  7 Batch:   1 Loss: 0.8568 Accuracy Train: 56.960%
Epoch:  7 Batch:  11 Loss: 0.8116 Accuracy Train: 57.644%
Epoch:  7 Batch:  21 Loss: 0.8391 Accuracy Train: 57.913%
Epoch:  7 Batch:  31 Loss: 0.8029 Accuracy Train: 58.147%
Epoch:  8 Batch:   1 Loss: 0.9057 Accuracy Train: 58.660%
Epoch:  8 Batch:  11 Loss: 0.8072 Accuracy Train: 58.424%
Epoch:  8 Batch:  21 Loss: 0.7625 Accuracy Train: 58.721%
Epoch:  8 Batch:  31 Loss: 0.7962 Accuracy Train: 58.859%
Epoch:  9 Batch:   1 Loss: 0.7635 Accuracy Train: 60.080%
Epoch:  9 Batch:  11 Loss: 0.7812 Accuracy Train: 59.778%
Epoch:  9 Batch:  21 Loss: 0.7574 Accuracy Train: 59.983%
Epoch:  9 Batch:  31 Loss: 0.7819 Accuracy Train: 60.181%
Epoch: 10 Batch:   1 Loss: 0.7851 Accuracy Train: 62.040%
Epoch: 10 Batch:  11 Loss: 0.7427 Accuracy Train: 61.058%
Epoch: 10 Batch:  21 Loss: 0.7372 Accuracy Train: 61.267%
Epoch: 10 Batch:  31 Loss: 0.7047 Accuracy Train: 61.515%
Epoch: 11 Batch:   1 Loss: 0.7234 Accuracy Train: 62.200%
Epoch: 11 Batch:  11 Loss: 0.7035 Accuracy Train: 61.958%
Epoch: 11 Batch:  21 Loss: 0.7145 Accuracy Train: 61.902%
Epoch: 11 Batch:  31 Loss: 0.7060 Accuracy Train: 61.921%
Epoch: 12 Batch:   1 Loss: 0.6887 Accuracy Train: 62.520%
Epoch: 12 Batch:  11 Loss: 0.6835 Accuracy Train: 62.102%
Epoch: 12 Batch:  21 Loss: 0.7172 Accuracy Train: 62.097%
Epoch: 12 Batch:  31 Loss: 0.7346 Accuracy Train: 62.114%
Epoch: 13 Batch:   1 Loss: 0.6811 Accuracy Train: 62.300%
Epoch: 13 Batch:  11 Loss: 0.7190 Accuracy Train: 62.440%
Epoch: 13 Batch:  21 Loss: 0.6944 Accuracy Train: 62.423%
Epoch: 13 Batch:  31 Loss: 0.6952 Accuracy Train: 62.353%
Epoch: 14 Batch:   1 Loss: 0.6744 Accuracy Train: 62.880%
Epoch: 14 Batch:  11 Loss: 0.6857 Accuracy Train: 62.307%
Epoch: 14 Batch:  21 Loss: 0.6733 Accuracy Train: 62.365%
Epoch: 14 Batch:  31 Loss: 0.6615 Accuracy Train: 62.389%
Epoch: 15 Batch:   1 Loss: 0.6669 Accuracy Train: 61.380%
Epoch: 15 Batch:  11 Loss: 0.6706 Accuracy Train: 62.307%
Epoch: 15 Batch:  21 Loss: 0.6713 Accuracy Train: 62.479%
Epoch: 15 Batch:  31 Loss: 0.6598 Accuracy Train: 62.440%
Epoch: 16 Batch:   1 Loss: 0.6706 Accuracy Train: 63.500%
Epoch: 16 Batch:  11 Loss: 0.6631 Accuracy Train: 62.676%
Epoch: 16 Batch:  21 Loss: 0.6719 Accuracy Train: 62.393%
Epoch: 16 Batch:  31 Loss: 0.6586 Accuracy Train: 62.414%
Epoch: 17 Batch:   1 Loss: 0.6813 Accuracy Train: 64.140%
Epoch: 17 Batch:  11 Loss: 0.6555 Accuracy Train: 62.600%
Epoch: 17 Batch:  21 Loss: 0.6477 Accuracy Train: 62.608%
Epoch: 17 Batch:  31 Loss: 0.6538 Accuracy Train: 62.654%
Epoch: 18 Batch:   1 Loss: 0.6559 Accuracy Train: 62.780%
Epoch: 18 Batch:  11 Loss: 0.6567 Accuracy Train: 62.495%
Epoch: 18 Batch:  21 Loss: 0.6637 Accuracy Train: 62.575%
Epoch: 18 Batch:  31 Loss: 0.6591 Accuracy Train: 62.668%
Epoch: 19 Batch:   1 Loss: 0.6683 Accuracy Train: 61.760%
Epoch: 19 Batch:  11 Loss: 0.6550 Accuracy Train: 62.727%
Epoch: 19 Batch:  21 Loss: 0.6619 Accuracy Train: 62.583%
Epoch: 19 Batch:  31 Loss: 0.6485 Accuracy Train: 62.639%

Duration: 103 seconds
