Training DynNetGen(
  (layers): Sequential(
    (0): Sequential(
      (0): Conv2d(1, 8, kernel_size=(2, 2), stride=(1, 1))
      (1): ReLU()
    )
    (1): Sequential(
      (0): Conv2d(8, 16, kernel_size=(2, 2), stride=(1, 1))
      (1): ReLU()
    )
    (2): Sequential(
      (0): Conv2d(16, 32, kernel_size=(2, 2), stride=(1, 1))
      (1): ReLU()
    )
    (3): Sequential(
      (0): Flatten(start_dim=1, end_dim=-1)
      (1): Linear(in_features=2592, out_features=2, bias=True)
    )
  )
) in cuda
=================================================================
Layer (type:depth-idx)                   Param #
=================================================================
DynNetGen                                --
├─Sequential: 1-1                        --
│    └─Sequential: 2-1                   --
│    │    └─Conv2d: 3-1                  40
│    │    └─ReLU: 3-2                    --
│    └─Sequential: 2-2                   --
│    │    └─Conv2d: 3-3                  528
│    │    └─ReLU: 3-4                    --
│    └─Sequential: 2-3                   --
│    │    └─Conv2d: 3-5                  2,080
│    │    └─ReLU: 3-6                    --
│    └─Sequential: 2-4                   --
│    │    └─Flatten: 3-7                 --
│    │    └─Linear: 3-8                  5,186
=================================================================
Total params: 7,834
Trainable params: 7,834
Non-trainable params: 0
=================================================================
Epoch:  0 Batch:   1 Loss: 0.6931 Accuracy Train: 49.100%
Epoch:  0 Batch:  11 Loss: 0.6926 Accuracy Train: 50.475%
Epoch:  0 Batch:  21 Loss: 0.6748 Accuracy Train: 54.004%
Epoch:  0 Batch:  31 Loss: 0.6600 Accuracy Train: 56.406%
Epoch:  1 Batch:   1 Loss: 0.6601 Accuracy Train: 61.580%
Epoch:  1 Batch:  11 Loss: 0.6583 Accuracy Train: 62.896%
Epoch:  1 Batch:  21 Loss: 0.6491 Accuracy Train: 62.661%
Epoch:  1 Batch:  31 Loss: 0.6499 Accuracy Train: 62.752%
Epoch:  2 Batch:   1 Loss: 0.6418 Accuracy Train: 62.900%
Epoch:  2 Batch:  11 Loss: 0.6418 Accuracy Train: 62.993%
Epoch:  2 Batch:  21 Loss: 0.6360 Accuracy Train: 63.079%
Epoch:  2 Batch:  31 Loss: 0.6465 Accuracy Train: 63.327%
Epoch:  3 Batch:   1 Loss: 0.6342 Accuracy Train: 64.180%
Epoch:  3 Batch:  11 Loss: 0.6214 Accuracy Train: 64.909%
Epoch:  3 Batch:  21 Loss: 0.6282 Accuracy Train: 65.103%
Epoch:  3 Batch:  31 Loss: 0.6219 Accuracy Train: 65.223%
Epoch:  4 Batch:   1 Loss: 0.6351 Accuracy Train: 65.340%
Epoch:  4 Batch:  11 Loss: 0.6208 Accuracy Train: 65.647%
Epoch:  4 Batch:  21 Loss: 0.6252 Accuracy Train: 65.723%
Epoch:  4 Batch:  31 Loss: 0.6187 Accuracy Train: 65.854%
Epoch:  5 Batch:   1 Loss: 0.6238 Accuracy Train: 66.080%
Epoch:  5 Batch:  11 Loss: 0.6189 Accuracy Train: 66.625%
Epoch:  5 Batch:  21 Loss: 0.6331 Accuracy Train: 66.403%
Epoch:  5 Batch:  31 Loss: 0.6239 Accuracy Train: 66.270%
Epoch:  6 Batch:   1 Loss: 0.6171 Accuracy Train: 66.540%
Epoch:  6 Batch:  11 Loss: 0.6253 Accuracy Train: 66.378%
Epoch:  6 Batch:  21 Loss: 0.6206 Accuracy Train: 66.398%
Epoch:  6 Batch:  31 Loss: 0.6327 Accuracy Train: 66.388%
Epoch:  7 Batch:   1 Loss: 0.6246 Accuracy Train: 66.200%
Epoch:  7 Batch:  11 Loss: 0.6237 Accuracy Train: 66.395%
Epoch:  7 Batch:  21 Loss: 0.6213 Accuracy Train: 66.410%
Epoch:  7 Batch:  31 Loss: 0.6237 Accuracy Train: 66.529%
Epoch:  8 Batch:   1 Loss: 0.6126 Accuracy Train: 66.740%
Epoch:  8 Batch:  11 Loss: 0.6180 Accuracy Train: 66.782%
Epoch:  8 Batch:  21 Loss: 0.6083 Accuracy Train: 66.792%
Epoch:  8 Batch:  31 Loss: 0.6141 Accuracy Train: 66.767%
Epoch:  9 Batch:   1 Loss: 0.6182 Accuracy Train: 67.040%
Epoch:  9 Batch:  11 Loss: 0.6058 Accuracy Train: 66.953%
Epoch:  9 Batch:  21 Loss: 0.6205 Accuracy Train: 67.042%
Epoch:  9 Batch:  31 Loss: 0.6187 Accuracy Train: 66.899%
Epoch: 10 Batch:   1 Loss: 0.6056 Accuracy Train: 67.660%
Epoch: 10 Batch:  11 Loss: 0.6084 Accuracy Train: 67.398%
Epoch: 10 Batch:  21 Loss: 0.6176 Accuracy Train: 67.045%
Epoch: 10 Batch:  31 Loss: 0.6115 Accuracy Train: 67.157%
Epoch: 11 Batch:   1 Loss: 0.6114 Accuracy Train: 67.940%
Epoch: 11 Batch:  11 Loss: 0.6174 Accuracy Train: 67.375%
Epoch: 11 Batch:  21 Loss: 0.6126 Accuracy Train: 67.258%
Epoch: 11 Batch:  31 Loss: 0.6160 Accuracy Train: 67.278%
Epoch: 12 Batch:   1 Loss: 0.6108 Accuracy Train: 67.400%
Epoch: 12 Batch:  11 Loss: 0.6158 Accuracy Train: 67.304%
Epoch: 12 Batch:  21 Loss: 0.6093 Accuracy Train: 67.166%
Epoch: 12 Batch:  31 Loss: 0.6138 Accuracy Train: 67.146%
Epoch: 13 Batch:   1 Loss: 0.6149 Accuracy Train: 66.900%
Epoch: 13 Batch:  11 Loss: 0.6110 Accuracy Train: 67.473%
Epoch: 13 Batch:  21 Loss: 0.6135 Accuracy Train: 67.236%
Epoch: 13 Batch:  31 Loss: 0.6049 Accuracy Train: 67.306%
Epoch: 14 Batch:   1 Loss: 0.6055 Accuracy Train: 67.580%
Epoch: 14 Batch:  11 Loss: 0.6084 Accuracy Train: 67.515%
Epoch: 14 Batch:  21 Loss: 0.6251 Accuracy Train: 67.206%
Epoch: 14 Batch:  31 Loss: 0.6038 Accuracy Train: 67.346%
Epoch: 15 Batch:   1 Loss: 0.6064 Accuracy Train: 68.380%
Epoch: 15 Batch:  11 Loss: 0.6121 Accuracy Train: 67.258%
Epoch: 15 Batch:  21 Loss: 0.6235 Accuracy Train: 67.245%
Epoch: 15 Batch:  31 Loss: 0.6095 Accuracy Train: 67.348%
Epoch: 16 Batch:   1 Loss: 0.6084 Accuracy Train: 67.940%
Epoch: 16 Batch:  11 Loss: 0.6088 Accuracy Train: 67.456%
Epoch: 16 Batch:  21 Loss: 0.6120 Accuracy Train: 67.468%
Epoch: 16 Batch:  31 Loss: 0.6130 Accuracy Train: 67.517%
Epoch: 17 Batch:   1 Loss: 0.6014 Accuracy Train: 68.440%
Epoch: 17 Batch:  11 Loss: 0.6013 Accuracy Train: 67.684%
Epoch: 17 Batch:  21 Loss: 0.6187 Accuracy Train: 67.706%
Epoch: 17 Batch:  31 Loss: 0.6104 Accuracy Train: 67.523%
Epoch: 18 Batch:   1 Loss: 0.6051 Accuracy Train: 68.840%
Epoch: 18 Batch:  11 Loss: 0.6077 Accuracy Train: 67.675%
Epoch: 18 Batch:  21 Loss: 0.6016 Accuracy Train: 67.496%
Epoch: 18 Batch:  31 Loss: 0.6146 Accuracy Train: 67.540%
Epoch: 19 Batch:   1 Loss: 0.6149 Accuracy Train: 66.720%
Epoch: 19 Batch:  11 Loss: 0.6159 Accuracy Train: 67.242%
Epoch: 19 Batch:  21 Loss: 0.5969 Accuracy Train: 67.478%
Epoch: 19 Batch:  31 Loss: 0.6098 Accuracy Train: 67.453%

Duration: 50 seconds
