Training DynNetGen(
  (layers): Sequential(
    (0): Sequential(
      (0): Conv2d(1, 32, kernel_size=(3, 3), stride=(1, 1))
      (1): BatchNorm2d(32, eps=1e-05, momentum=0.1, affine=True, track_running_stats=True)
      (2): ReLU()
    )
    (1): Sequential(
      (0): Flatten(start_dim=1, end_dim=-1)
      (1): Linear(in_features=1152, out_features=2, bias=True)
    )
  )
) in cuda
=================================================================
Layer (type:depth-idx)                   Param #
=================================================================
DynNetGen                                --
├─Sequential: 1-1                        --
│    └─Sequential: 2-1                   --
│    │    └─Conv2d: 3-1                  320
│    │    └─BatchNorm2d: 3-2             64
│    │    └─ReLU: 3-3                    --
│    └─Sequential: 2-2                   --
│    │    └─Flatten: 3-4                 --
│    │    └─Linear: 3-5                  2,306
=================================================================
Total params: 2,690
Trainable params: 2,690
Non-trainable params: 0
=================================================================
Epoch:  0 Batch:   1 Loss: 0.7226 Accuracy Train: 45.900%
Epoch:  0 Batch:  11 Loss: 0.9358 Accuracy Train: 57.307%
Epoch:  0 Batch:  21 Loss: 0.6363 Accuracy Train: 60.586%
Epoch:  0 Batch:  31 Loss: 0.5737 Accuracy Train: 61.914%
Epoch:  0 Batch:  41 Loss: 0.5470 Accuracy Train: 63.071%
Epoch:  0 Batch:  51 Loss: 0.5374 Accuracy Train: 64.330%
Epoch:  0 Batch:  61 Loss: 0.5387 Accuracy Train: 65.586%
Epoch:  0 Batch:  71 Loss: 0.5231 Accuracy Train: 66.486%
Epoch:  0 Batch:  81 Loss: 0.5204 Accuracy Train: 67.167%
Epoch:  0 Batch:  91 Loss: 0.5246 Accuracy Train: 67.765%
Epoch:  0 Batch: 101 Loss: 0.5182 Accuracy Train: 68.294%
Epoch:  1 Batch:   1 Loss: 0.5161 Accuracy Train: 72.720%
Epoch:  1 Batch:  11 Loss: 0.5189 Accuracy Train: 74.209%
Epoch:  1 Batch:  21 Loss: 0.5098 Accuracy Train: 74.513%
Epoch:  1 Batch:  31 Loss: 0.5147 Accuracy Train: 74.597%
Epoch:  1 Batch:  41 Loss: 0.5047 Accuracy Train: 74.844%
Epoch:  1 Batch:  51 Loss: 0.5018 Accuracy Train: 75.109%
Epoch:  1 Batch:  61 Loss: 0.5062 Accuracy Train: 75.280%
Epoch:  1 Batch:  71 Loss: 0.5070 Accuracy Train: 75.440%
Epoch:  1 Batch:  81 Loss: 0.5188 Accuracy Train: 75.548%
Epoch:  1 Batch:  91 Loss: 0.5227 Accuracy Train: 75.638%
Epoch:  1 Batch: 101 Loss: 0.5133 Accuracy Train: 75.727%
Epoch:  2 Batch:   1 Loss: 0.4970 Accuracy Train: 76.240%
Epoch:  2 Batch:  11 Loss: 0.4918 Accuracy Train: 76.860%
Epoch:  2 Batch:  21 Loss: 0.4973 Accuracy Train: 77.209%
Epoch:  2 Batch:  31 Loss: 0.5104 Accuracy Train: 77.115%
Epoch:  2 Batch:  41 Loss: 0.5015 Accuracy Train: 77.061%
Epoch:  2 Batch:  51 Loss: 0.5042 Accuracy Train: 77.061%
Epoch:  2 Batch:  61 Loss: 0.4858 Accuracy Train: 77.094%
Epoch:  2 Batch:  71 Loss: 0.4948 Accuracy Train: 77.190%
Epoch:  2 Batch:  81 Loss: 0.4873 Accuracy Train: 77.241%
Epoch:  2 Batch:  91 Loss: 0.4939 Accuracy Train: 77.282%
Epoch:  2 Batch: 101 Loss: 0.4803 Accuracy Train: 77.297%
Epoch:  3 Batch:   1 Loss: 0.4954 Accuracy Train: 77.540%
Epoch:  3 Batch:  11 Loss: 0.4812 Accuracy Train: 77.511%
Epoch:  3 Batch:  21 Loss: 0.4823 Accuracy Train: 77.452%
Epoch:  3 Batch:  31 Loss: 0.4709 Accuracy Train: 77.617%
Epoch:  3 Batch:  41 Loss: 0.4850 Accuracy Train: 77.586%
Epoch:  3 Batch:  51 Loss: 0.4807 Accuracy Train: 77.738%
Epoch:  3 Batch:  61 Loss: 0.4946 Accuracy Train: 77.700%
Epoch:  3 Batch:  71 Loss: 0.5024 Accuracy Train: 77.791%
Epoch:  3 Batch:  81 Loss: 0.4840 Accuracy Train: 77.796%
Epoch:  3 Batch:  91 Loss: 0.4799 Accuracy Train: 77.884%
Epoch:  3 Batch: 101 Loss: 0.4847 Accuracy Train: 77.891%
Epoch:  4 Batch:   1 Loss: 0.4943 Accuracy Train: 76.620%
Epoch:  4 Batch:  11 Loss: 0.4862 Accuracy Train: 78.000%
Epoch:  4 Batch:  21 Loss: 0.4799 Accuracy Train: 77.919%
Epoch:  4 Batch:  31 Loss: 0.4601 Accuracy Train: 78.017%
Epoch:  4 Batch:  41 Loss: 0.4920 Accuracy Train: 78.221%
Epoch:  4 Batch:  51 Loss: 0.4840 Accuracy Train: 78.185%
Epoch:  4 Batch:  61 Loss: 0.4686 Accuracy Train: 78.189%
Epoch:  4 Batch:  71 Loss: 0.4913 Accuracy Train: 78.237%
Epoch:  4 Batch:  81 Loss: 0.4827 Accuracy Train: 78.173%
Epoch:  4 Batch:  91 Loss: 0.4742 Accuracy Train: 78.190%
Epoch:  4 Batch: 101 Loss: 0.4791 Accuracy Train: 78.148%
Epoch:  5 Batch:   1 Loss: 0.4545 Accuracy Train: 79.520%
Epoch:  5 Batch:  11 Loss: 0.4694 Accuracy Train: 78.275%
Epoch:  5 Batch:  21 Loss: 0.4886 Accuracy Train: 78.584%
Epoch:  5 Batch:  31 Loss: 0.4940 Accuracy Train: 78.859%
Epoch:  5 Batch:  41 Loss: 0.4715 Accuracy Train: 78.804%
Epoch:  5 Batch:  51 Loss: 0.4704 Accuracy Train: 78.715%
Epoch:  5 Batch:  61 Loss: 0.4703 Accuracy Train: 78.584%
Epoch:  5 Batch:  71 Loss: 0.4755 Accuracy Train: 78.540%
Epoch:  5 Batch:  81 Loss: 0.4734 Accuracy Train: 78.473%
Epoch:  5 Batch:  91 Loss: 0.4795 Accuracy Train: 78.542%
Epoch:  5 Batch: 101 Loss: 0.4651 Accuracy Train: 78.525%
Epoch:  6 Batch:   1 Loss: 0.4855 Accuracy Train: 77.460%
Epoch:  6 Batch:  11 Loss: 0.4746 Accuracy Train: 78.429%
Epoch:  6 Batch:  21 Loss: 0.4718 Accuracy Train: 78.575%
Epoch:  6 Batch:  31 Loss: 0.4752 Accuracy Train: 78.650%
Epoch:  6 Batch:  41 Loss: 0.4763 Accuracy Train: 78.706%
Epoch:  6 Batch:  51 Loss: 0.4815 Accuracy Train: 78.595%
Epoch:  6 Batch:  61 Loss: 0.4553 Accuracy Train: 78.508%
Epoch:  6 Batch:  71 Loss: 0.4794 Accuracy Train: 78.593%
Epoch:  6 Batch:  81 Loss: 0.4878 Accuracy Train: 78.620%
Epoch:  6 Batch:  91 Loss: 0.4901 Accuracy Train: 78.636%
Epoch:  6 Batch: 101 Loss: 0.4678 Accuracy Train: 78.610%
Epoch:  7 Batch:   1 Loss: 0.4579 Accuracy Train: 78.440%
Epoch:  7 Batch:  11 Loss: 0.4792 Accuracy Train: 78.749%
Epoch:  7 Batch:  21 Loss: 0.4597 Accuracy Train: 78.810%
Epoch:  7 Batch:  31 Loss: 0.4695 Accuracy Train: 78.782%
Epoch:  7 Batch:  41 Loss: 0.4554 Accuracy Train: 78.891%
Epoch:  7 Batch:  51 Loss: 0.4619 Accuracy Train: 78.839%
Epoch:  7 Batch:  61 Loss: 0.4566 Accuracy Train: 78.940%
Epoch:  7 Batch:  71 Loss: 0.4635 Accuracy Train: 79.023%
Epoch:  7 Batch:  81 Loss: 0.4697 Accuracy Train: 78.985%
Epoch:  7 Batch:  91 Loss: 0.4704 Accuracy Train: 78.972%
Epoch:  7 Batch: 101 Loss: 0.4724 Accuracy Train: 79.001%
Epoch:  8 Batch:   1 Loss: 0.4641 Accuracy Train: 77.420%
Epoch:  8 Batch:  11 Loss: 0.4564 Accuracy Train: 79.187%
Epoch:  8 Batch:  21 Loss: 0.4608 Accuracy Train: 79.286%
Epoch:  8 Batch:  31 Loss: 0.4780 Accuracy Train: 79.194%
Epoch:  8 Batch:  41 Loss: 0.4644 Accuracy Train: 79.234%
Epoch:  8 Batch:  51 Loss: 0.4641 Accuracy Train: 79.249%
Epoch:  8 Batch:  61 Loss: 0.4670 Accuracy Train: 79.284%
Epoch:  8 Batch:  71 Loss: 0.4598 Accuracy Train: 79.265%
Epoch:  8 Batch:  81 Loss: 0.4498 Accuracy Train: 79.271%
Epoch:  8 Batch:  91 Loss: 0.4593 Accuracy Train: 79.338%
Epoch:  8 Batch: 101 Loss: 0.4668 Accuracy Train: 79.340%
Epoch:  9 Batch:   1 Loss: 0.4687 Accuracy Train: 77.320%
Epoch:  9 Batch:  11 Loss: 0.4604 Accuracy Train: 78.958%
Epoch:  9 Batch:  21 Loss: 0.4487 Accuracy Train: 79.185%
Epoch:  9 Batch:  31 Loss: 0.4621 Accuracy Train: 79.468%
Epoch:  9 Batch:  41 Loss: 0.4590 Accuracy Train: 79.559%
Epoch:  9 Batch:  51 Loss: 0.4581 Accuracy Train: 79.503%
Epoch:  9 Batch:  61 Loss: 0.4606 Accuracy Train: 79.543%
Epoch:  9 Batch:  71 Loss: 0.4526 Accuracy Train: 79.606%
Epoch:  9 Batch:  81 Loss: 0.4606 Accuracy Train: 79.668%
Epoch:  9 Batch:  91 Loss: 0.4795 Accuracy Train: 79.662%
Epoch:  9 Batch: 101 Loss: 0.4677 Accuracy Train: 79.628%
Epoch: 10 Batch:   1 Loss: 0.4483 Accuracy Train: 80.920%
Epoch: 10 Batch:  11 Loss: 0.4541 Accuracy Train: 80.329%
Epoch: 10 Batch:  21 Loss: 0.4654 Accuracy Train: 80.143%
Epoch: 10 Batch:  31 Loss: 0.4449 Accuracy Train: 80.055%
Epoch: 10 Batch:  41 Loss: 0.4727 Accuracy Train: 79.958%
Epoch: 10 Batch:  51 Loss: 0.4627 Accuracy Train: 79.895%
Epoch: 10 Batch:  61 Loss: 0.4573 Accuracy Train: 79.890%
Epoch: 10 Batch:  71 Loss: 0.4877 Accuracy Train: 79.841%
Epoch: 10 Batch:  81 Loss: 0.4555 Accuracy Train: 79.824%
Epoch: 10 Batch:  91 Loss: 0.4617 Accuracy Train: 79.833%
Epoch: 10 Batch: 101 Loss: 0.4572 Accuracy Train: 79.933%
Epoch: 11 Batch:   1 Loss: 0.4705 Accuracy Train: 79.720%
Epoch: 11 Batch:  11 Loss: 0.4480 Accuracy Train: 80.209%
Epoch: 11 Batch:  21 Loss: 0.4630 Accuracy Train: 79.964%
Epoch: 11 Batch:  31 Loss: 0.4563 Accuracy Train: 80.043%
Epoch: 11 Batch:  41 Loss: 0.4423 Accuracy Train: 80.207%
Epoch: 11 Batch:  51 Loss: 0.4416 Accuracy Train: 80.231%
Epoch: 11 Batch:  61 Loss: 0.4622 Accuracy Train: 80.120%
Epoch: 11 Batch:  71 Loss: 0.4680 Accuracy Train: 80.125%
Epoch: 11 Batch:  81 Loss: 0.4580 Accuracy Train: 80.162%
Epoch: 11 Batch:  91 Loss: 0.4421 Accuracy Train: 80.227%
Epoch: 11 Batch: 101 Loss: 0.4512 Accuracy Train: 80.214%
Epoch: 12 Batch:   1 Loss: 0.4384 Accuracy Train: 81.540%
Epoch: 12 Batch:  11 Loss: 0.4472 Accuracy Train: 80.296%
Epoch: 12 Batch:  21 Loss: 0.4450 Accuracy Train: 80.239%
Epoch: 12 Batch:  31 Loss: 0.4451 Accuracy Train: 80.295%
Epoch: 12 Batch:  41 Loss: 0.4394 Accuracy Train: 80.208%
Epoch: 12 Batch:  51 Loss: 0.4633 Accuracy Train: 80.125%
Epoch: 12 Batch:  61 Loss: 0.4446 Accuracy Train: 80.187%
Epoch: 12 Batch:  71 Loss: 0.4399 Accuracy Train: 80.274%
Epoch: 12 Batch:  81 Loss: 0.4519 Accuracy Train: 80.348%
Epoch: 12 Batch:  91 Loss: 0.4402 Accuracy Train: 80.409%
Epoch: 12 Batch: 101 Loss: 0.4367 Accuracy Train: 80.419%
Epoch: 13 Batch:   1 Loss: 0.4416 Accuracy Train: 80.500%
Epoch: 13 Batch:  11 Loss: 0.4406 Accuracy Train: 80.364%
Epoch: 13 Batch:  21 Loss: 0.4427 Accuracy Train: 80.467%
Epoch: 13 Batch:  31 Loss: 0.4369 Accuracy Train: 80.430%
Epoch: 13 Batch:  41 Loss: 0.4556 Accuracy Train: 80.489%
Epoch: 13 Batch:  51 Loss: 0.4516 Accuracy Train: 80.513%
Epoch: 13 Batch:  61 Loss: 0.4350 Accuracy Train: 80.455%
Epoch: 13 Batch:  71 Loss: 0.4365 Accuracy Train: 80.503%
Epoch: 13 Batch:  81 Loss: 0.4368 Accuracy Train: 80.547%
Epoch: 13 Batch:  91 Loss: 0.4282 Accuracy Train: 80.611%
Epoch: 13 Batch: 101 Loss: 0.4387 Accuracy Train: 80.618%
Epoch: 14 Batch:   1 Loss: 0.4350 Accuracy Train: 80.880%
Epoch: 14 Batch:  11 Loss: 0.4440 Accuracy Train: 80.915%
Epoch: 14 Batch:  21 Loss: 0.4504 Accuracy Train: 80.747%
Epoch: 14 Batch:  31 Loss: 0.4587 Accuracy Train: 80.841%
Epoch: 14 Batch:  41 Loss: 0.4280 Accuracy Train: 80.829%
Epoch: 14 Batch:  51 Loss: 0.4373 Accuracy Train: 80.812%
Epoch: 14 Batch:  61 Loss: 0.4387 Accuracy Train: 80.820%
Epoch: 14 Batch:  71 Loss: 0.4472 Accuracy Train: 80.786%
Epoch: 14 Batch:  81 Loss: 0.4516 Accuracy Train: 80.766%
Epoch: 14 Batch:  91 Loss: 0.4302 Accuracy Train: 80.781%
Epoch: 14 Batch: 101 Loss: 0.4356 Accuracy Train: 80.787%
Epoch: 15 Batch:   1 Loss: 0.4350 Accuracy Train: 81.380%
Epoch: 15 Batch:  11 Loss: 0.4449 Accuracy Train: 80.807%
Epoch: 15 Batch:  21 Loss: 0.4310 Accuracy Train: 80.785%
Epoch: 15 Batch:  31 Loss: 0.4436 Accuracy Train: 80.793%
Epoch: 15 Batch:  41 Loss: 0.4202 Accuracy Train: 80.834%
Epoch: 15 Batch:  51 Loss: 0.4432 Accuracy Train: 80.680%
Epoch: 15 Batch:  61 Loss: 0.4320 Accuracy Train: 80.689%
Epoch: 15 Batch:  71 Loss: 0.4596 Accuracy Train: 80.668%
Epoch: 15 Batch:  81 Loss: 0.4382 Accuracy Train: 80.714%
Epoch: 15 Batch:  91 Loss: 0.4349 Accuracy Train: 80.700%
Epoch: 15 Batch: 101 Loss: 0.4335 Accuracy Train: 80.715%
Epoch: 16 Batch:   1 Loss: 0.4305 Accuracy Train: 80.800%
Epoch: 16 Batch:  11 Loss: 0.4365 Accuracy Train: 80.985%
Epoch: 16 Batch:  21 Loss: 0.4211 Accuracy Train: 80.928%
Epoch: 16 Batch:  31 Loss: 0.4237 Accuracy Train: 80.863%
Epoch: 16 Batch:  41 Loss: 0.4293 Accuracy Train: 80.867%
Epoch: 16 Batch:  51 Loss: 0.4302 Accuracy Train: 80.805%
Epoch: 16 Batch:  61 Loss: 0.4493 Accuracy Train: 80.930%
Epoch: 16 Batch:  71 Loss: 0.4432 Accuracy Train: 80.853%
Epoch: 16 Batch:  81 Loss: 0.4254 Accuracy Train: 80.842%
Epoch: 16 Batch:  91 Loss: 0.4296 Accuracy Train: 80.811%
Epoch: 16 Batch: 101 Loss: 0.4466 Accuracy Train: 80.866%
Epoch: 17 Batch:   1 Loss: 0.4237 Accuracy Train: 81.100%
Epoch: 17 Batch:  11 Loss: 0.4245 Accuracy Train: 80.936%
Epoch: 17 Batch:  21 Loss: 0.4171 Accuracy Train: 81.013%
Epoch: 17 Batch:  31 Loss: 0.4265 Accuracy Train: 81.224%
Epoch: 17 Batch:  41 Loss: 0.4415 Accuracy Train: 81.142%
Epoch: 17 Batch:  51 Loss: 0.4198 Accuracy Train: 81.052%
Epoch: 17 Batch:  61 Loss: 0.4414 Accuracy Train: 80.937%
Epoch: 17 Batch:  71 Loss: 0.4258 Accuracy Train: 81.016%
Epoch: 17 Batch:  81 Loss: 0.4344 Accuracy Train: 80.979%
Epoch: 17 Batch:  91 Loss: 0.4364 Accuracy Train: 80.935%
Epoch: 17 Batch: 101 Loss: 0.4297 Accuracy Train: 80.912%
Epoch: 18 Batch:   1 Loss: 0.4238 Accuracy Train: 80.580%
Epoch: 18 Batch:  11 Loss: 0.4126 Accuracy Train: 80.731%
Epoch: 18 Batch:  21 Loss: 0.4191 Accuracy Train: 80.814%
Epoch: 18 Batch:  31 Loss: 0.4330 Accuracy Train: 81.094%
Epoch: 18 Batch:  41 Loss: 0.4337 Accuracy Train: 80.961%
Epoch: 18 Batch:  51 Loss: 0.4287 Accuracy Train: 80.889%
Epoch: 18 Batch:  61 Loss: 0.4319 Accuracy Train: 80.866%
Epoch: 18 Batch:  71 Loss: 0.4242 Accuracy Train: 80.873%
Epoch: 18 Batch:  81 Loss: 0.4290 Accuracy Train: 80.882%
Epoch: 18 Batch:  91 Loss: 0.4269 Accuracy Train: 80.961%
Epoch: 18 Batch: 101 Loss: 0.4363 Accuracy Train: 81.004%
Epoch: 19 Batch:   1 Loss: 0.4407 Accuracy Train: 79.720%
Epoch: 19 Batch:  11 Loss: 0.4339 Accuracy Train: 80.785%
Epoch: 19 Batch:  21 Loss: 0.4372 Accuracy Train: 80.690%
Epoch: 19 Batch:  31 Loss: 0.4204 Accuracy Train: 80.666%
Epoch: 19 Batch:  41 Loss: 0.4270 Accuracy Train: 80.729%
Epoch: 19 Batch:  51 Loss: 0.4258 Accuracy Train: 80.724%
Epoch: 19 Batch:  61 Loss: 0.4228 Accuracy Train: 81.013%
Epoch: 19 Batch:  71 Loss: 0.4112 Accuracy Train: 80.976%
Epoch: 19 Batch:  81 Loss: 0.4330 Accuracy Train: 80.949%
Epoch: 19 Batch:  91 Loss: 0.4158 Accuracy Train: 80.964%
Epoch: 19 Batch: 101 Loss: 0.4064 Accuracy Train: 80.967%

Duration: 80 seconds
