Training DynNetGen(
  (layers): Sequential(
    (0): Sequential(
      (0): Conv2d(1, 32, kernel_size=(2, 2), stride=(1, 1))
      (1): ReLU()
    )
    (1): Sequential(
      (0): Conv2d(32, 64, kernel_size=(2, 2), stride=(1, 1))
      (1): ReLU()
    )
    (2): Sequential(
      (0): Conv2d(64, 128, kernel_size=(2, 2), stride=(1, 1))
      (1): ReLU()
    )
    (3): Sequential(
      (0): Flatten(start_dim=1, end_dim=-1)
      (1): Linear(in_features=3200, out_features=2, bias=True)
    )
  )
) in cuda
=================================================================
Layer (type:depth-idx)                   Param #
=================================================================
DynNetGen                                --
├─Sequential: 1-1                        --
│    └─Sequential: 2-1                   --
│    │    └─Conv2d: 3-1                  160
│    │    └─ReLU: 3-2                    --
│    └─Sequential: 2-2                   --
│    │    └─Conv2d: 3-3                  8,256
│    │    └─ReLU: 3-4                    --
│    └─Sequential: 2-3                   --
│    │    └─Conv2d: 3-5                  32,896
│    │    └─ReLU: 3-6                    --
│    └─Sequential: 2-4                   --
│    │    └─Flatten: 3-7                 --
│    │    └─Linear: 3-8                  6,402
=================================================================
Total params: 47,714
Trainable params: 47,714
Non-trainable params: 0
=================================================================
Epoch:  0 Batch:   1 Loss: 0.6938 Accuracy Train: 50.040%
Epoch:  0 Batch:  11 Loss: 0.6763 Accuracy Train: 52.025%
Epoch:  0 Batch:  21 Loss: 0.6867 Accuracy Train: 55.950%
Epoch:  0 Batch:  31 Loss: 0.6121 Accuracy Train: 57.526%
Epoch:  0 Batch:  41 Loss: 0.5659 Accuracy Train: 60.031%
Epoch:  0 Batch:  51 Loss: 0.5592 Accuracy Train: 62.530%
Epoch:  0 Batch:  61 Loss: 0.5390 Accuracy Train: 64.200%
Epoch:  0 Batch:  71 Loss: 0.5999 Accuracy Train: 65.432%
Epoch:  0 Batch:  81 Loss: 0.5498 Accuracy Train: 65.873%
Epoch:  0 Batch:  91 Loss: 0.5274 Accuracy Train: 66.851%
Epoch:  0 Batch: 101 Loss: 0.5114 Accuracy Train: 67.734%
Epoch:  1 Batch:   1 Loss: 0.5110 Accuracy Train: 77.460%
Epoch:  1 Batch:  11 Loss: 0.4988 Accuracy Train: 76.962%
Epoch:  1 Batch:  21 Loss: 0.4993 Accuracy Train: 77.030%
Epoch:  1 Batch:  31 Loss: 0.4992 Accuracy Train: 77.322%
Epoch:  1 Batch:  41 Loss: 0.4902 Accuracy Train: 77.385%
Epoch:  1 Batch:  51 Loss: 0.5123 Accuracy Train: 77.428%
Epoch:  1 Batch:  61 Loss: 0.5231 Accuracy Train: 77.472%
Epoch:  1 Batch:  71 Loss: 0.5207 Accuracy Train: 77.465%
Epoch:  1 Batch:  81 Loss: 0.4899 Accuracy Train: 77.503%
Epoch:  1 Batch:  91 Loss: 0.4873 Accuracy Train: 77.594%
Epoch:  1 Batch: 101 Loss: 0.4927 Accuracy Train: 77.642%
Epoch:  2 Batch:   1 Loss: 0.4767 Accuracy Train: 77.960%
Epoch:  2 Batch:  11 Loss: 0.4587 Accuracy Train: 78.605%
Epoch:  2 Batch:  21 Loss: 0.6162 Accuracy Train: 74.227%
Epoch:  2 Batch:  31 Loss: 0.5492 Accuracy Train: 74.010%
Epoch:  2 Batch:  41 Loss: 0.4952 Accuracy Train: 74.698%
Epoch:  2 Batch:  51 Loss: 0.5036 Accuracy Train: 75.208%
Epoch:  2 Batch:  61 Loss: 0.4919 Accuracy Train: 75.603%
Epoch:  2 Batch:  71 Loss: 0.4855 Accuracy Train: 75.908%
Epoch:  2 Batch:  81 Loss: 0.4927 Accuracy Train: 76.129%
Epoch:  2 Batch:  91 Loss: 0.4802 Accuracy Train: 76.381%
Epoch:  2 Batch: 101 Loss: 0.4809 Accuracy Train: 76.635%
Epoch:  3 Batch:   1 Loss: 0.4698 Accuracy Train: 78.260%
Epoch:  3 Batch:  11 Loss: 0.4779 Accuracy Train: 78.845%
Epoch:  3 Batch:  21 Loss: 0.4823 Accuracy Train: 79.185%
Epoch:  3 Batch:  31 Loss: 0.4634 Accuracy Train: 79.560%
Epoch:  3 Batch:  41 Loss: 0.4719 Accuracy Train: 79.896%
Epoch:  3 Batch:  51 Loss: 0.4604 Accuracy Train: 80.050%
Epoch:  3 Batch:  61 Loss: 0.4635 Accuracy Train: 80.229%
Epoch:  3 Batch:  71 Loss: 0.4848 Accuracy Train: 80.262%
Epoch:  3 Batch:  81 Loss: 0.4853 Accuracy Train: 79.749%
Epoch:  3 Batch:  91 Loss: 0.4701 Accuracy Train: 79.831%
Epoch:  3 Batch: 101 Loss: 0.4540 Accuracy Train: 79.954%
Epoch:  4 Batch:   1 Loss: 0.4635 Accuracy Train: 79.880%
Epoch:  4 Batch:  11 Loss: 0.4539 Accuracy Train: 80.620%
Epoch:  4 Batch:  21 Loss: 0.4501 Accuracy Train: 80.641%
Epoch:  4 Batch:  31 Loss: 0.4509 Accuracy Train: 80.643%
Epoch:  4 Batch:  41 Loss: 0.4491 Accuracy Train: 80.650%
Epoch:  4 Batch:  51 Loss: 0.4638 Accuracy Train: 80.683%
Epoch:  4 Batch:  61 Loss: 0.4461 Accuracy Train: 80.697%
Epoch:  4 Batch:  71 Loss: 0.4496 Accuracy Train: 80.693%
Epoch:  4 Batch:  81 Loss: 0.4430 Accuracy Train: 80.733%
Epoch:  4 Batch:  91 Loss: 0.4406 Accuracy Train: 80.717%
Epoch:  4 Batch: 101 Loss: 0.4473 Accuracy Train: 80.701%
Epoch:  5 Batch:   1 Loss: 0.4481 Accuracy Train: 80.780%
Epoch:  5 Batch:  11 Loss: 0.4285 Accuracy Train: 80.909%
Epoch:  5 Batch:  21 Loss: 0.4412 Accuracy Train: 80.960%
Epoch:  5 Batch:  31 Loss: 0.4494 Accuracy Train: 80.899%
Epoch:  5 Batch:  41 Loss: 0.4454 Accuracy Train: 80.801%
Epoch:  5 Batch:  51 Loss: 0.4491 Accuracy Train: 80.724%
Epoch:  5 Batch:  61 Loss: 0.4256 Accuracy Train: 80.713%
Epoch:  5 Batch:  71 Loss: 0.4273 Accuracy Train: 80.717%
Epoch:  5 Batch:  81 Loss: 0.4396 Accuracy Train: 80.673%
Epoch:  5 Batch:  91 Loss: 0.4177 Accuracy Train: 80.694%
Epoch:  5 Batch: 101 Loss: 0.4343 Accuracy Train: 80.684%
Epoch:  6 Batch:   1 Loss: 0.4246 Accuracy Train: 81.240%
Epoch:  6 Batch:  11 Loss: 0.4161 Accuracy Train: 80.973%
Epoch:  6 Batch:  21 Loss: 0.4328 Accuracy Train: 80.950%
Epoch:  6 Batch:  31 Loss: 0.4739 Accuracy Train: 80.694%
Epoch:  6 Batch:  41 Loss: 0.4334 Accuracy Train: 80.587%
Epoch:  6 Batch:  51 Loss: 0.4297 Accuracy Train: 80.576%
Epoch:  6 Batch:  61 Loss: 0.4379 Accuracy Train: 80.606%
Epoch:  6 Batch:  71 Loss: 0.5514 Accuracy Train: 79.999%
Epoch:  6 Batch:  81 Loss: 0.5066 Accuracy Train: 79.384%
Epoch:  6 Batch:  91 Loss: 0.4954 Accuracy Train: 79.095%
Epoch:  6 Batch: 101 Loss: 0.4771 Accuracy Train: 78.957%
Epoch:  7 Batch:   1 Loss: 0.4831 Accuracy Train: 77.500%
Epoch:  7 Batch:  11 Loss: 0.4800 Accuracy Train: 77.895%
Epoch:  7 Batch:  21 Loss: 0.4632 Accuracy Train: 78.808%
Epoch:  7 Batch:  31 Loss: 0.4619 Accuracy Train: 79.412%
Epoch:  7 Batch:  41 Loss: 0.4535 Accuracy Train: 79.729%
Epoch:  7 Batch:  51 Loss: 0.4411 Accuracy Train: 79.885%
Epoch:  7 Batch:  61 Loss: 0.4515 Accuracy Train: 80.029%
Epoch:  7 Batch:  71 Loss: 0.5904 Accuracy Train: 79.791%
Epoch:  7 Batch:  81 Loss: 0.4684 Accuracy Train: 79.219%
Epoch:  7 Batch:  91 Loss: 0.4576 Accuracy Train: 79.207%
Epoch:  7 Batch: 101 Loss: 0.4564 Accuracy Train: 79.331%
Epoch:  8 Batch:   1 Loss: 0.4406 Accuracy Train: 81.100%
Epoch:  8 Batch:  11 Loss: 0.4307 Accuracy Train: 80.956%
Epoch:  8 Batch:  21 Loss: 0.4409 Accuracy Train: 80.681%
Epoch:  8 Batch:  31 Loss: 0.4259 Accuracy Train: 80.754%
Epoch:  8 Batch:  41 Loss: 0.4154 Accuracy Train: 80.702%
Epoch:  8 Batch:  51 Loss: 0.4075 Accuracy Train: 80.722%
Epoch:  8 Batch:  61 Loss: 0.4244 Accuracy Train: 80.745%
Epoch:  8 Batch:  71 Loss: 0.4804 Accuracy Train: 80.632%
Epoch:  8 Batch:  81 Loss: 0.4253 Accuracy Train: 80.747%
Epoch:  8 Batch:  91 Loss: 0.4226 Accuracy Train: 80.764%
Epoch:  8 Batch: 101 Loss: 0.4107 Accuracy Train: 80.769%
Epoch:  9 Batch:   1 Loss: 0.4078 Accuracy Train: 80.460%
Epoch:  9 Batch:  11 Loss: 0.4036 Accuracy Train: 80.904%
Epoch:  9 Batch:  21 Loss: 0.3966 Accuracy Train: 82.251%
Epoch:  9 Batch:  31 Loss: 0.4001 Accuracy Train: 83.481%
Epoch:  9 Batch:  41 Loss: 0.3774 Accuracy Train: 84.814%
Epoch:  9 Batch:  51 Loss: 0.3818 Accuracy Train: 85.827%
Epoch:  9 Batch:  61 Loss: 0.3553 Accuracy Train: 86.510%
Epoch:  9 Batch:  71 Loss: 0.3517 Accuracy Train: 86.859%
Epoch:  9 Batch:  81 Loss: 0.3847 Accuracy Train: 87.239%
Epoch:  9 Batch:  91 Loss: 0.3629 Accuracy Train: 87.530%
Epoch:  9 Batch: 101 Loss: 0.3501 Accuracy Train: 87.760%
Epoch: 10 Batch:   1 Loss: 0.3601 Accuracy Train: 89.780%
Epoch: 10 Batch:  11 Loss: 0.3475 Accuracy Train: 89.682%
Epoch: 10 Batch:  21 Loss: 0.3447 Accuracy Train: 89.747%
Epoch: 10 Batch:  31 Loss: 0.3530 Accuracy Train: 89.733%
Epoch: 10 Batch:  41 Loss: 0.3644 Accuracy Train: 89.828%
Epoch: 10 Batch:  51 Loss: 0.5334 Accuracy Train: 88.188%
Epoch: 10 Batch:  61 Loss: 0.4897 Accuracy Train: 86.375%
Epoch: 10 Batch:  71 Loss: 0.4561 Accuracy Train: 85.208%
Epoch: 10 Batch:  81 Loss: 0.4625 Accuracy Train: 84.507%
Epoch: 10 Batch:  91 Loss: 0.4508 Accuracy Train: 84.103%
Epoch: 10 Batch: 101 Loss: 0.4619 Accuracy Train: 83.775%
Epoch: 11 Batch:   1 Loss: 0.4620 Accuracy Train: 79.440%
Epoch: 11 Batch:  11 Loss: 0.4389 Accuracy Train: 80.696%
Epoch: 11 Batch:  21 Loss: 0.4644 Accuracy Train: 80.754%
Epoch: 11 Batch:  31 Loss: 0.4385 Accuracy Train: 80.788%
Epoch: 11 Batch:  41 Loss: 0.4156 Accuracy Train: 80.786%
Epoch: 11 Batch:  51 Loss: 0.4125 Accuracy Train: 80.777%
Epoch: 11 Batch:  61 Loss: 0.3929 Accuracy Train: 80.746%
Epoch: 11 Batch:  71 Loss: 0.4474 Accuracy Train: 81.002%
Epoch: 11 Batch:  81 Loss: 0.4601 Accuracy Train: 80.965%
Epoch: 11 Batch:  91 Loss: 0.4519 Accuracy Train: 80.980%
Epoch: 11 Batch: 101 Loss: 0.4230 Accuracy Train: 81.129%
Epoch: 12 Batch:   1 Loss: 0.4203 Accuracy Train: 80.640%
Epoch: 12 Batch:  11 Loss: 0.4128 Accuracy Train: 80.725%
Epoch: 12 Batch:  21 Loss: 0.4114 Accuracy Train: 80.622%
Epoch: 12 Batch:  31 Loss: 0.4114 Accuracy Train: 80.699%
Epoch: 12 Batch:  41 Loss: 0.4001 Accuracy Train: 81.092%
Epoch: 12 Batch:  51 Loss: 0.4000 Accuracy Train: 81.366%
Epoch: 12 Batch:  61 Loss: 0.3918 Accuracy Train: 82.070%
Epoch: 12 Batch:  71 Loss: 0.4022 Accuracy Train: 82.154%
Epoch: 12 Batch:  81 Loss: 0.3908 Accuracy Train: 82.594%
Epoch: 12 Batch:  91 Loss: 0.3765 Accuracy Train: 83.347%
Epoch: 12 Batch: 101 Loss: 0.3814 Accuracy Train: 83.830%
Epoch: 13 Batch:   1 Loss: 0.3827 Accuracy Train: 79.720%
Epoch: 13 Batch:  11 Loss: 0.3763 Accuracy Train: 86.647%
Epoch: 13 Batch:  21 Loss: 0.3764 Accuracy Train: 87.340%
Epoch: 13 Batch:  31 Loss: 0.3556 Accuracy Train: 88.317%
Epoch: 13 Batch:  41 Loss: 0.3578 Accuracy Train: 88.722%
Epoch: 13 Batch:  51 Loss: 0.3697 Accuracy Train: 88.960%
Epoch: 13 Batch:  61 Loss: 0.3536 Accuracy Train: 89.114%
Epoch: 13 Batch:  71 Loss: 0.3411 Accuracy Train: 89.238%
Epoch: 13 Batch:  81 Loss: 0.3372 Accuracy Train: 89.355%
Epoch: 13 Batch:  91 Loss: 0.3476 Accuracy Train: 89.402%
Epoch: 13 Batch: 101 Loss: 0.3628 Accuracy Train: 89.453%
Epoch: 14 Batch:   1 Loss: 0.3469 Accuracy Train: 89.680%
Epoch: 14 Batch:  11 Loss: 0.3567 Accuracy Train: 89.847%
Epoch: 14 Batch:  21 Loss: 0.3354 Accuracy Train: 89.873%
Epoch: 14 Batch:  31 Loss: 0.3141 Accuracy Train: 89.958%
Epoch: 14 Batch:  41 Loss: 0.3194 Accuracy Train: 89.959%
Epoch: 14 Batch:  51 Loss: 0.3277 Accuracy Train: 89.965%
Epoch: 14 Batch:  61 Loss: 0.3455 Accuracy Train: 89.986%
Epoch: 14 Batch:  71 Loss: 0.3312 Accuracy Train: 89.997%
Epoch: 14 Batch:  81 Loss: 0.3553 Accuracy Train: 89.970%
Epoch: 14 Batch:  91 Loss: 0.3048 Accuracy Train: 89.983%
Epoch: 14 Batch: 101 Loss: 0.3034 Accuracy Train: 89.982%
Epoch: 15 Batch:   1 Loss: 0.3108 Accuracy Train: 89.280%
Epoch: 15 Batch:  11 Loss: 0.2979 Accuracy Train: 89.945%
Epoch: 15 Batch:  21 Loss: 0.2883 Accuracy Train: 89.918%
Epoch: 15 Batch:  31 Loss: 0.3068 Accuracy Train: 89.986%
Epoch: 15 Batch:  41 Loss: 0.2960 Accuracy Train: 89.947%
Epoch: 15 Batch:  51 Loss: 0.2901 Accuracy Train: 89.974%
Epoch: 15 Batch:  61 Loss: 0.3088 Accuracy Train: 89.997%
Epoch: 15 Batch:  71 Loss: 0.3011 Accuracy Train: 90.050%
Epoch: 15 Batch:  81 Loss: 0.2991 Accuracy Train: 90.048%
Epoch: 15 Batch:  91 Loss: 0.2854 Accuracy Train: 90.059%
Epoch: 15 Batch: 101 Loss: 0.3053 Accuracy Train: 90.074%
Epoch: 16 Batch:   1 Loss: 0.3106 Accuracy Train: 90.980%
Epoch: 16 Batch:  11 Loss: 0.3167 Accuracy Train: 90.062%
Epoch: 16 Batch:  21 Loss: 0.2951 Accuracy Train: 90.022%
Epoch: 16 Batch:  31 Loss: 0.3025 Accuracy Train: 90.020%
Epoch: 16 Batch:  41 Loss: 0.2914 Accuracy Train: 90.048%
Epoch: 16 Batch:  51 Loss: 0.2988 Accuracy Train: 90.097%
Epoch: 16 Batch:  61 Loss: 0.2962 Accuracy Train: 90.095%
Epoch: 16 Batch:  71 Loss: 0.2899 Accuracy Train: 90.114%
Epoch: 16 Batch:  81 Loss: 0.2769 Accuracy Train: 90.117%
Epoch: 16 Batch:  91 Loss: 0.2930 Accuracy Train: 90.131%
Epoch: 16 Batch: 101 Loss: 0.2967 Accuracy Train: 90.109%
Epoch: 17 Batch:   1 Loss: 0.2811 Accuracy Train: 90.620%
Epoch: 17 Batch:  11 Loss: 0.2960 Accuracy Train: 90.158%
Epoch: 17 Batch:  21 Loss: 0.2856 Accuracy Train: 90.347%
Epoch: 17 Batch:  31 Loss: 0.2934 Accuracy Train: 90.374%
Epoch: 17 Batch:  41 Loss: 0.2764 Accuracy Train: 90.329%
Epoch: 17 Batch:  51 Loss: 0.2898 Accuracy Train: 90.316%
Epoch: 17 Batch:  61 Loss: 0.2876 Accuracy Train: 90.294%
Epoch: 17 Batch:  71 Loss: 0.2970 Accuracy Train: 90.288%
Epoch: 17 Batch:  81 Loss: 0.2935 Accuracy Train: 90.277%
Epoch: 17 Batch:  91 Loss: 0.3048 Accuracy Train: 90.253%
Epoch: 17 Batch: 101 Loss: 0.2787 Accuracy Train: 90.278%
Epoch: 18 Batch:   1 Loss: 0.2917 Accuracy Train: 90.160%
Epoch: 18 Batch:  11 Loss: 0.2843 Accuracy Train: 90.591%
Epoch: 18 Batch:  21 Loss: 0.2894 Accuracy Train: 90.605%
Epoch: 18 Batch:  31 Loss: 0.2807 Accuracy Train: 90.473%
Epoch: 18 Batch:  41 Loss: 0.2940 Accuracy Train: 90.426%
Epoch: 18 Batch:  51 Loss: 0.3017 Accuracy Train: 90.395%
Epoch: 18 Batch:  61 Loss: 0.2847 Accuracy Train: 90.375%
Epoch: 18 Batch:  71 Loss: 0.2882 Accuracy Train: 90.396%
Epoch: 18 Batch:  81 Loss: 0.2900 Accuracy Train: 90.402%
Epoch: 18 Batch:  91 Loss: 0.2822 Accuracy Train: 90.429%
Epoch: 18 Batch: 101 Loss: 0.2888 Accuracy Train: 90.418%
Epoch: 19 Batch:   1 Loss: 0.2928 Accuracy Train: 90.260%
Epoch: 19 Batch:  11 Loss: 0.2814 Accuracy Train: 90.484%
Epoch: 19 Batch:  21 Loss: 0.3020 Accuracy Train: 90.439%
Epoch: 19 Batch:  31 Loss: 0.2959 Accuracy Train: 90.401%
Epoch: 19 Batch:  41 Loss: 0.2870 Accuracy Train: 90.400%
Epoch: 19 Batch:  51 Loss: 0.2911 Accuracy Train: 90.455%
Epoch: 19 Batch:  61 Loss: 0.2817 Accuracy Train: 90.445%
Epoch: 19 Batch:  71 Loss: 0.2690 Accuracy Train: 90.468%
Epoch: 19 Batch:  81 Loss: 0.2899 Accuracy Train: 90.485%
Epoch: 19 Batch:  91 Loss: 0.2871 Accuracy Train: 90.494%
Epoch: 19 Batch: 101 Loss: 0.2746 Accuracy Train: 90.505%

Duration: 139 seconds
