Training DynNetGen(
  (layers): Sequential(
    (0): Sequential(
      (0): Flatten(start_dim=1, end_dim=-1)
      (1): Linear(in_features=64, out_features=2, bias=True)
    )
  )
) in cuda
=================================================================
Layer (type:depth-idx)                   Param #
=================================================================
DynNetGen                                --
├─Sequential: 1-1                        --
│    └─Sequential: 2-1                   --
│    │    └─Flatten: 3-1                 --
│    │    └─Linear: 3-2                  130
=================================================================
Total params: 130
Trainable params: 130
Non-trainable params: 0
=================================================================
Epoch:  0 Batch:   1 Loss: 0.7016 Accuracy Train: 49.860%
Epoch:  0 Batch:  11 Loss: 0.6784 Accuracy Train: 52.473%
Epoch:  0 Batch:  21 Loss: 0.6642 Accuracy Train: 56.071%
Epoch:  0 Batch:  31 Loss: 0.6608 Accuracy Train: 56.812%
Epoch:  0 Batch:  41 Loss: 0.6657 Accuracy Train: 57.078%
Epoch:  0 Batch:  51 Loss: 0.6500 Accuracy Train: 57.274%
Epoch:  0 Batch:  61 Loss: 0.6524 Accuracy Train: 57.433%
Epoch:  0 Batch:  71 Loss: 0.6591 Accuracy Train: 57.532%
Epoch:  0 Batch:  81 Loss: 0.6499 Accuracy Train: 57.642%
Epoch:  0 Batch:  91 Loss: 0.6552 Accuracy Train: 57.680%
Epoch:  0 Batch: 101 Loss: 0.6533 Accuracy Train: 57.761%
Epoch:  0 Batch: 111 Loss: 0.6464 Accuracy Train: 57.955%
Epoch:  0 Batch: 121 Loss: 0.6497 Accuracy Train: 58.078%
Epoch:  0 Batch: 131 Loss: 0.6490 Accuracy Train: 58.230%
Epoch:  0 Batch: 141 Loss: 0.6493 Accuracy Train: 58.494%
Epoch:  0 Batch: 151 Loss: 0.6487 Accuracy Train: 58.853%
Epoch:  0 Batch: 161 Loss: 0.6449 Accuracy Train: 59.159%
Epoch:  0 Batch: 171 Loss: 0.6420 Accuracy Train: 59.437%
Epoch:  0 Batch: 181 Loss: 0.6425 Accuracy Train: 59.669%
Epoch:  1 Batch:   1 Loss: 0.6418 Accuracy Train: 63.760%
Epoch:  1 Batch:  11 Loss: 0.6427 Accuracy Train: 64.302%
Epoch:  1 Batch:  21 Loss: 0.6436 Accuracy Train: 64.650%
Epoch:  1 Batch:  31 Loss: 0.6369 Accuracy Train: 64.677%
Epoch:  1 Batch:  41 Loss: 0.6438 Accuracy Train: 64.620%
Epoch:  1 Batch:  51 Loss: 0.6478 Accuracy Train: 64.715%
Epoch:  1 Batch:  61 Loss: 0.6492 Accuracy Train: 64.829%
Epoch:  1 Batch:  71 Loss: 0.6435 Accuracy Train: 64.788%
Epoch:  1 Batch:  81 Loss: 0.6406 Accuracy Train: 64.794%
Epoch:  1 Batch:  91 Loss: 0.6398 Accuracy Train: 64.867%
Epoch:  1 Batch: 101 Loss: 0.6413 Accuracy Train: 64.942%
Epoch:  1 Batch: 111 Loss: 0.6310 Accuracy Train: 64.965%
Epoch:  1 Batch: 121 Loss: 0.6420 Accuracy Train: 64.961%
Epoch:  1 Batch: 131 Loss: 0.6388 Accuracy Train: 65.098%
Epoch:  1 Batch: 141 Loss: 0.6396 Accuracy Train: 65.124%
Epoch:  1 Batch: 151 Loss: 0.6363 Accuracy Train: 65.152%
Epoch:  1 Batch: 161 Loss: 0.6415 Accuracy Train: 65.207%
Epoch:  1 Batch: 171 Loss: 0.6366 Accuracy Train: 65.212%
Epoch:  1 Batch: 181 Loss: 0.6344 Accuracy Train: 65.195%
Epoch:  2 Batch:   1 Loss: 0.6429 Accuracy Train: 63.180%
Epoch:  2 Batch:  11 Loss: 0.6409 Accuracy Train: 65.256%
Epoch:  2 Batch:  21 Loss: 0.6405 Accuracy Train: 65.178%
Epoch:  2 Batch:  31 Loss: 0.6287 Accuracy Train: 65.416%
Epoch:  2 Batch:  41 Loss: 0.6332 Accuracy Train: 65.494%
Epoch:  2 Batch:  51 Loss: 0.6348 Accuracy Train: 65.410%
Epoch:  2 Batch:  61 Loss: 0.6288 Accuracy Train: 65.659%
Epoch:  2 Batch:  71 Loss: 0.6332 Accuracy Train: 65.783%
Epoch:  2 Batch:  81 Loss: 0.6352 Accuracy Train: 65.701%
Epoch:  2 Batch:  91 Loss: 0.6319 Accuracy Train: 65.651%
Epoch:  2 Batch: 101 Loss: 0.6321 Accuracy Train: 65.627%
Epoch:  2 Batch: 111 Loss: 0.6364 Accuracy Train: 65.623%
Epoch:  2 Batch: 121 Loss: 0.6447 Accuracy Train: 65.593%
Epoch:  2 Batch: 131 Loss: 0.6379 Accuracy Train: 65.499%
Epoch:  2 Batch: 141 Loss: 0.6321 Accuracy Train: 65.438%
Epoch:  2 Batch: 151 Loss: 0.6262 Accuracy Train: 65.351%
Epoch:  2 Batch: 161 Loss: 0.6268 Accuracy Train: 65.351%
Epoch:  2 Batch: 171 Loss: 0.6345 Accuracy Train: 65.335%
Epoch:  2 Batch: 181 Loss: 0.6409 Accuracy Train: 65.328%
Epoch:  3 Batch:   1 Loss: 0.6292 Accuracy Train: 66.840%
Epoch:  3 Batch:  11 Loss: 0.6353 Accuracy Train: 65.611%
Epoch:  3 Batch:  21 Loss: 0.6303 Accuracy Train: 65.547%
Epoch:  3 Batch:  31 Loss: 0.6304 Accuracy Train: 65.295%
Epoch:  3 Batch:  41 Loss: 0.6354 Accuracy Train: 65.269%
Epoch:  3 Batch:  51 Loss: 0.6366 Accuracy Train: 65.227%
Epoch:  3 Batch:  61 Loss: 0.6323 Accuracy Train: 65.358%
Epoch:  3 Batch:  71 Loss: 0.6344 Accuracy Train: 65.285%
Epoch:  3 Batch:  81 Loss: 0.6402 Accuracy Train: 65.312%
Epoch:  3 Batch:  91 Loss: 0.6366 Accuracy Train: 65.305%
Epoch:  3 Batch: 101 Loss: 0.6294 Accuracy Train: 65.257%
Epoch:  3 Batch: 111 Loss: 0.6365 Accuracy Train: 65.233%
Epoch:  3 Batch: 121 Loss: 0.6285 Accuracy Train: 65.237%
Epoch:  3 Batch: 131 Loss: 0.6284 Accuracy Train: 65.292%
Epoch:  3 Batch: 141 Loss: 0.6418 Accuracy Train: 65.340%
Epoch:  3 Batch: 151 Loss: 0.6239 Accuracy Train: 65.359%
Epoch:  3 Batch: 161 Loss: 0.6328 Accuracy Train: 65.333%
Epoch:  3 Batch: 171 Loss: 0.6381 Accuracy Train: 65.316%
Epoch:  3 Batch: 181 Loss: 0.6340 Accuracy Train: 65.284%
Epoch:  4 Batch:   1 Loss: 0.6368 Accuracy Train: 67.060%
Epoch:  4 Batch:  11 Loss: 0.6247 Accuracy Train: 66.029%
Epoch:  4 Batch:  21 Loss: 0.6293 Accuracy Train: 65.257%
Epoch:  4 Batch:  31 Loss: 0.6463 Accuracy Train: 65.199%
Epoch:  4 Batch:  41 Loss: 0.6438 Accuracy Train: 65.079%
Epoch:  4 Batch:  51 Loss: 0.6313 Accuracy Train: 65.152%
Epoch:  4 Batch:  61 Loss: 0.6352 Accuracy Train: 65.186%
Epoch:  4 Batch:  71 Loss: 0.6329 Accuracy Train: 65.090%
Epoch:  4 Batch:  81 Loss: 0.6322 Accuracy Train: 65.019%
Epoch:  4 Batch:  91 Loss: 0.6357 Accuracy Train: 65.012%
Epoch:  4 Batch: 101 Loss: 0.6372 Accuracy Train: 65.025%
Epoch:  4 Batch: 111 Loss: 0.6397 Accuracy Train: 64.983%
Epoch:  4 Batch: 121 Loss: 0.6247 Accuracy Train: 64.954%
Epoch:  4 Batch: 131 Loss: 0.6385 Accuracy Train: 64.842%
Epoch:  4 Batch: 141 Loss: 0.6318 Accuracy Train: 64.753%
Epoch:  4 Batch: 151 Loss: 0.6262 Accuracy Train: 64.781%
Epoch:  4 Batch: 161 Loss: 0.6328 Accuracy Train: 64.810%
Epoch:  4 Batch: 171 Loss: 0.6319 Accuracy Train: 64.836%
Epoch:  4 Batch: 181 Loss: 0.6243 Accuracy Train: 64.808%
Epoch:  5 Batch:   1 Loss: 0.6254 Accuracy Train: 67.180%
Epoch:  5 Batch:  11 Loss: 0.6298 Accuracy Train: 65.185%
Epoch:  5 Batch:  21 Loss: 0.6273 Accuracy Train: 65.267%
Epoch:  5 Batch:  31 Loss: 0.6341 Accuracy Train: 65.185%
Epoch:  5 Batch:  41 Loss: 0.6320 Accuracy Train: 65.032%
Epoch:  5 Batch:  51 Loss: 0.6319 Accuracy Train: 64.989%
Epoch:  5 Batch:  61 Loss: 0.6294 Accuracy Train: 64.981%
Epoch:  5 Batch:  71 Loss: 0.6362 Accuracy Train: 64.927%
Epoch:  5 Batch:  81 Loss: 0.6347 Accuracy Train: 64.848%
Epoch:  5 Batch:  91 Loss: 0.6222 Accuracy Train: 64.846%
Epoch:  5 Batch: 101 Loss: 0.6292 Accuracy Train: 64.824%
Epoch:  5 Batch: 111 Loss: 0.6279 Accuracy Train: 64.724%
Epoch:  5 Batch: 121 Loss: 0.6310 Accuracy Train: 64.704%
Epoch:  5 Batch: 131 Loss: 0.6266 Accuracy Train: 64.635%
Epoch:  5 Batch: 141 Loss: 0.6336 Accuracy Train: 64.568%
Epoch:  5 Batch: 151 Loss: 0.6342 Accuracy Train: 64.612%
Epoch:  5 Batch: 161 Loss: 0.6281 Accuracy Train: 64.612%
Epoch:  5 Batch: 171 Loss: 0.6302 Accuracy Train: 64.593%
Epoch:  5 Batch: 181 Loss: 0.6349 Accuracy Train: 64.574%
Epoch:  6 Batch:   1 Loss: 0.6293 Accuracy Train: 66.540%
Epoch:  6 Batch:  11 Loss: 0.6276 Accuracy Train: 65.036%
Epoch:  6 Batch:  21 Loss: 0.6340 Accuracy Train: 65.072%
Epoch:  6 Batch:  31 Loss: 0.6324 Accuracy Train: 65.006%
Epoch:  6 Batch:  41 Loss: 0.6355 Accuracy Train: 64.952%
Epoch:  6 Batch:  51 Loss: 0.6278 Accuracy Train: 64.955%
Epoch:  6 Batch:  61 Loss: 0.6312 Accuracy Train: 64.911%
Epoch:  6 Batch:  71 Loss: 0.6286 Accuracy Train: 64.960%
Epoch:  6 Batch:  81 Loss: 0.6325 Accuracy Train: 64.935%
Epoch:  6 Batch:  91 Loss: 0.6210 Accuracy Train: 64.902%
Epoch:  6 Batch: 101 Loss: 0.6292 Accuracy Train: 64.859%
Epoch:  6 Batch: 111 Loss: 0.6267 Accuracy Train: 64.806%
Epoch:  6 Batch: 121 Loss: 0.6338 Accuracy Train: 64.851%
Epoch:  6 Batch: 131 Loss: 0.6193 Accuracy Train: 64.875%
Epoch:  6 Batch: 141 Loss: 0.6334 Accuracy Train: 64.788%
Epoch:  6 Batch: 151 Loss: 0.6172 Accuracy Train: 64.709%
Epoch:  6 Batch: 161 Loss: 0.6322 Accuracy Train: 64.727%
Epoch:  6 Batch: 171 Loss: 0.6336 Accuracy Train: 64.770%
Epoch:  6 Batch: 181 Loss: 0.6323 Accuracy Train: 64.751%
Epoch:  7 Batch:   1 Loss: 0.6197 Accuracy Train: 63.640%
Epoch:  7 Batch:  11 Loss: 0.6318 Accuracy Train: 63.749%
Epoch:  7 Batch:  21 Loss: 0.6289 Accuracy Train: 64.107%
Epoch:  7 Batch:  31 Loss: 0.6327 Accuracy Train: 64.125%
Epoch:  7 Batch:  41 Loss: 0.6269 Accuracy Train: 64.219%
Epoch:  7 Batch:  51 Loss: 0.6347 Accuracy Train: 64.410%
Epoch:  7 Batch:  61 Loss: 0.6337 Accuracy Train: 64.523%
Epoch:  7 Batch:  71 Loss: 0.6232 Accuracy Train: 64.583%
Epoch:  7 Batch:  81 Loss: 0.6289 Accuracy Train: 64.529%
Epoch:  7 Batch:  91 Loss: 0.6301 Accuracy Train: 64.537%
Epoch:  7 Batch: 101 Loss: 0.6314 Accuracy Train: 64.414%
Epoch:  7 Batch: 111 Loss: 0.6253 Accuracy Train: 64.342%
Epoch:  7 Batch: 121 Loss: 0.6338 Accuracy Train: 64.283%
Epoch:  7 Batch: 131 Loss: 0.6294 Accuracy Train: 64.256%
Epoch:  7 Batch: 141 Loss: 0.6297 Accuracy Train: 64.364%
Epoch:  7 Batch: 151 Loss: 0.6286 Accuracy Train: 64.385%
Epoch:  7 Batch: 161 Loss: 0.6266 Accuracy Train: 64.409%
Epoch:  7 Batch: 171 Loss: 0.6190 Accuracy Train: 64.422%
Epoch:  7 Batch: 181 Loss: 0.6285 Accuracy Train: 64.423%
Epoch:  8 Batch:   1 Loss: 0.6306 Accuracy Train: 62.860%
Epoch:  8 Batch:  11 Loss: 0.6347 Accuracy Train: 64.269%
Epoch:  8 Batch:  21 Loss: 0.6303 Accuracy Train: 64.196%
Epoch:  8 Batch:  31 Loss: 0.6350 Accuracy Train: 63.974%
Epoch:  8 Batch:  41 Loss: 0.6377 Accuracy Train: 63.868%
Epoch:  8 Batch:  51 Loss: 0.6240 Accuracy Train: 64.015%
Epoch:  8 Batch:  61 Loss: 0.6316 Accuracy Train: 64.216%
Epoch:  8 Batch:  71 Loss: 0.6262 Accuracy Train: 64.284%
Epoch:  8 Batch:  81 Loss: 0.6303 Accuracy Train: 64.346%
Epoch:  8 Batch:  91 Loss: 0.6333 Accuracy Train: 64.371%
Epoch:  8 Batch: 101 Loss: 0.6291 Accuracy Train: 64.392%
Epoch:  8 Batch: 111 Loss: 0.6485 Accuracy Train: 64.463%
Epoch:  8 Batch: 121 Loss: 0.6251 Accuracy Train: 64.483%
Epoch:  8 Batch: 131 Loss: 0.6293 Accuracy Train: 64.490%
Epoch:  8 Batch: 141 Loss: 0.6272 Accuracy Train: 64.454%
Epoch:  8 Batch: 151 Loss: 0.6231 Accuracy Train: 64.478%
Epoch:  8 Batch: 161 Loss: 0.6317 Accuracy Train: 64.439%
Epoch:  8 Batch: 171 Loss: 0.6211 Accuracy Train: 64.447%
Epoch:  8 Batch: 181 Loss: 0.6212 Accuracy Train: 64.491%
Epoch:  9 Batch:   1 Loss: 0.6251 Accuracy Train: 67.700%
Epoch:  9 Batch:  11 Loss: 0.6311 Accuracy Train: 65.022%
Epoch:  9 Batch:  21 Loss: 0.6308 Accuracy Train: 65.015%
Epoch:  9 Batch:  31 Loss: 0.6307 Accuracy Train: 64.712%
Epoch:  9 Batch:  41 Loss: 0.6337 Accuracy Train: 64.456%
Epoch:  9 Batch:  51 Loss: 0.6236 Accuracy Train: 64.291%
Epoch:  9 Batch:  61 Loss: 0.6199 Accuracy Train: 64.259%
Epoch:  9 Batch:  71 Loss: 0.6197 Accuracy Train: 64.194%
Epoch:  9 Batch:  81 Loss: 0.6319 Accuracy Train: 64.246%
Epoch:  9 Batch:  91 Loss: 0.6174 Accuracy Train: 64.151%
Epoch:  9 Batch: 101 Loss: 0.6214 Accuracy Train: 64.125%
Epoch:  9 Batch: 111 Loss: 0.6343 Accuracy Train: 64.168%
Epoch:  9 Batch: 121 Loss: 0.6319 Accuracy Train: 64.197%
Epoch:  9 Batch: 131 Loss: 0.6197 Accuracy Train: 64.155%
Epoch:  9 Batch: 141 Loss: 0.6290 Accuracy Train: 64.118%
Epoch:  9 Batch: 151 Loss: 0.6265 Accuracy Train: 64.157%
Epoch:  9 Batch: 161 Loss: 0.6248 Accuracy Train: 64.132%
Epoch:  9 Batch: 171 Loss: 0.6169 Accuracy Train: 64.142%
Epoch:  9 Batch: 181 Loss: 0.6191 Accuracy Train: 64.113%
Epoch: 10 Batch:   1 Loss: 0.6227 Accuracy Train: 66.920%
Epoch: 10 Batch:  11 Loss: 0.6253 Accuracy Train: 64.024%
Epoch: 10 Batch:  21 Loss: 0.6200 Accuracy Train: 64.517%
Epoch: 10 Batch:  31 Loss: 0.6224 Accuracy Train: 64.525%
Epoch: 10 Batch:  41 Loss: 0.6298 Accuracy Train: 64.697%
Epoch: 10 Batch:  51 Loss: 0.6355 Accuracy Train: 64.676%
Epoch: 10 Batch:  61 Loss: 0.6235 Accuracy Train: 64.687%
Epoch: 10 Batch:  71 Loss: 0.6260 Accuracy Train: 64.731%
Epoch: 10 Batch:  81 Loss: 0.6251 Accuracy Train: 64.680%
Epoch: 10 Batch:  91 Loss: 0.6285 Accuracy Train: 64.548%
Epoch: 10 Batch: 101 Loss: 0.6342 Accuracy Train: 64.555%
Epoch: 10 Batch: 111 Loss: 0.6301 Accuracy Train: 64.508%
Epoch: 10 Batch: 121 Loss: 0.6270 Accuracy Train: 64.510%
Epoch: 10 Batch: 131 Loss: 0.6225 Accuracy Train: 64.429%
Epoch: 10 Batch: 141 Loss: 0.6256 Accuracy Train: 64.381%
Epoch: 10 Batch: 151 Loss: 0.6180 Accuracy Train: 64.369%
Epoch: 10 Batch: 161 Loss: 0.6283 Accuracy Train: 64.365%
Epoch: 10 Batch: 171 Loss: 0.6328 Accuracy Train: 64.320%
Epoch: 10 Batch: 181 Loss: 0.6167 Accuracy Train: 64.274%
Epoch: 11 Batch:   1 Loss: 0.6248 Accuracy Train: 64.380%
Epoch: 11 Batch:  11 Loss: 0.6264 Accuracy Train: 63.751%
Epoch: 11 Batch:  21 Loss: 0.6302 Accuracy Train: 63.678%
Epoch: 11 Batch:  31 Loss: 0.6380 Accuracy Train: 63.865%
Epoch: 11 Batch:  41 Loss: 0.6139 Accuracy Train: 63.825%
Epoch: 11 Batch:  51 Loss: 0.6259 Accuracy Train: 63.832%
Epoch: 11 Batch:  61 Loss: 0.6144 Accuracy Train: 63.970%
Epoch: 11 Batch:  71 Loss: 0.6201 Accuracy Train: 64.070%
Epoch: 11 Batch:  81 Loss: 0.6267 Accuracy Train: 64.068%
Epoch: 11 Batch:  91 Loss: 0.6237 Accuracy Train: 63.999%
Epoch: 11 Batch: 101 Loss: 0.6241 Accuracy Train: 63.935%
Epoch: 11 Batch: 111 Loss: 0.6364 Accuracy Train: 63.863%
Epoch: 11 Batch: 121 Loss: 0.6368 Accuracy Train: 63.840%
Epoch: 11 Batch: 131 Loss: 0.6355 Accuracy Train: 63.830%
Epoch: 11 Batch: 141 Loss: 0.6210 Accuracy Train: 63.817%
Epoch: 11 Batch: 151 Loss: 0.6267 Accuracy Train: 63.831%
Epoch: 11 Batch: 161 Loss: 0.6272 Accuracy Train: 63.863%
Epoch: 11 Batch: 171 Loss: 0.6157 Accuracy Train: 63.840%
Epoch: 11 Batch: 181 Loss: 0.6326 Accuracy Train: 63.883%
Epoch: 12 Batch:   1 Loss: 0.6240 Accuracy Train: 63.800%
Epoch: 12 Batch:  11 Loss: 0.6241 Accuracy Train: 64.429%
Epoch: 12 Batch:  21 Loss: 0.6226 Accuracy Train: 64.274%
Epoch: 12 Batch:  31 Loss: 0.6284 Accuracy Train: 64.259%
Epoch: 12 Batch:  41 Loss: 0.6172 Accuracy Train: 64.180%
Epoch: 12 Batch:  51 Loss: 0.6212 Accuracy Train: 64.192%
Epoch: 12 Batch:  61 Loss: 0.6241 Accuracy Train: 64.126%
Epoch: 12 Batch:  71 Loss: 0.6175 Accuracy Train: 64.005%
Epoch: 12 Batch:  81 Loss: 0.6153 Accuracy Train: 63.957%
Epoch: 12 Batch:  91 Loss: 0.6122 Accuracy Train: 63.935%
Epoch: 12 Batch: 101 Loss: 0.6291 Accuracy Train: 63.866%
Epoch: 12 Batch: 111 Loss: 0.6329 Accuracy Train: 63.838%
Epoch: 12 Batch: 121 Loss: 0.6268 Accuracy Train: 63.840%
Epoch: 12 Batch: 131 Loss: 0.6240 Accuracy Train: 63.818%
Epoch: 12 Batch: 141 Loss: 0.6301 Accuracy Train: 63.774%
Epoch: 12 Batch: 151 Loss: 0.6196 Accuracy Train: 63.834%
Epoch: 12 Batch: 161 Loss: 0.6479 Accuracy Train: 63.895%
Epoch: 12 Batch: 171 Loss: 0.6259 Accuracy Train: 63.932%
Epoch: 12 Batch: 181 Loss: 0.6231 Accuracy Train: 63.966%
Epoch: 13 Batch:   1 Loss: 0.6246 Accuracy Train: 63.280%
Epoch: 13 Batch:  11 Loss: 0.6346 Accuracy Train: 64.078%
Epoch: 13 Batch:  21 Loss: 0.6169 Accuracy Train: 64.017%
Epoch: 13 Batch:  31 Loss: 0.6362 Accuracy Train: 63.930%
Epoch: 13 Batch:  41 Loss: 0.6199 Accuracy Train: 63.929%
Epoch: 13 Batch:  51 Loss: 0.6222 Accuracy Train: 63.867%
Epoch: 13 Batch:  61 Loss: 0.6270 Accuracy Train: 63.823%
Epoch: 13 Batch:  71 Loss: 0.6507 Accuracy Train: 63.789%
Epoch: 13 Batch:  81 Loss: 0.6418 Accuracy Train: 63.744%
Epoch: 13 Batch:  91 Loss: 0.6317 Accuracy Train: 63.703%
Epoch: 13 Batch: 101 Loss: 0.6261 Accuracy Train: 63.730%
Epoch: 13 Batch: 111 Loss: 0.6187 Accuracy Train: 63.737%
Epoch: 13 Batch: 121 Loss: 0.6183 Accuracy Train: 63.725%
Epoch: 13 Batch: 131 Loss: 0.6269 Accuracy Train: 63.771%
Epoch: 13 Batch: 141 Loss: 0.6260 Accuracy Train: 63.843%
Epoch: 13 Batch: 151 Loss: 0.6150 Accuracy Train: 63.824%
Epoch: 13 Batch: 161 Loss: 0.6292 Accuracy Train: 63.842%
Epoch: 13 Batch: 171 Loss: 0.6235 Accuracy Train: 63.811%
Epoch: 13 Batch: 181 Loss: 0.6238 Accuracy Train: 63.860%
Epoch: 14 Batch:   1 Loss: 0.6288 Accuracy Train: 63.700%
Epoch: 14 Batch:  11 Loss: 0.6276 Accuracy Train: 63.471%
Epoch: 14 Batch:  21 Loss: 0.6272 Accuracy Train: 63.615%
Epoch: 14 Batch:  31 Loss: 0.6169 Accuracy Train: 63.870%
Epoch: 14 Batch:  41 Loss: 0.6191 Accuracy Train: 63.863%
Epoch: 14 Batch:  51 Loss: 0.6216 Accuracy Train: 63.917%
Epoch: 14 Batch:  61 Loss: 0.6180 Accuracy Train: 64.066%
Epoch: 14 Batch:  71 Loss: 0.6413 Accuracy Train: 64.026%
Epoch: 14 Batch:  81 Loss: 0.6200 Accuracy Train: 64.051%
Epoch: 14 Batch:  91 Loss: 0.6237 Accuracy Train: 64.015%
Epoch: 14 Batch: 101 Loss: 0.6251 Accuracy Train: 63.972%
Epoch: 14 Batch: 111 Loss: 0.6314 Accuracy Train: 64.021%
Epoch: 14 Batch: 121 Loss: 0.6379 Accuracy Train: 64.008%
Epoch: 14 Batch: 131 Loss: 0.6141 Accuracy Train: 63.981%
Epoch: 14 Batch: 141 Loss: 0.6341 Accuracy Train: 64.003%
Epoch: 14 Batch: 151 Loss: 0.6171 Accuracy Train: 63.985%
Epoch: 14 Batch: 161 Loss: 0.6215 Accuracy Train: 63.961%
Epoch: 14 Batch: 171 Loss: 0.6290 Accuracy Train: 63.939%
Epoch: 14 Batch: 181 Loss: 0.6240 Accuracy Train: 63.904%
Epoch: 15 Batch:   1 Loss: 0.6403 Accuracy Train: 64.020%
Epoch: 15 Batch:  11 Loss: 0.6239 Accuracy Train: 63.407%
Epoch: 15 Batch:  21 Loss: 0.6252 Accuracy Train: 63.650%
Epoch: 15 Batch:  31 Loss: 0.6188 Accuracy Train: 63.634%
Epoch: 15 Batch:  41 Loss: 0.6158 Accuracy Train: 63.711%
Epoch: 15 Batch:  51 Loss: 0.6180 Accuracy Train: 63.674%
Epoch: 15 Batch:  61 Loss: 0.6241 Accuracy Train: 63.771%
Epoch: 15 Batch:  71 Loss: 0.6231 Accuracy Train: 63.728%
Epoch: 15 Batch:  81 Loss: 0.6164 Accuracy Train: 63.700%
Epoch: 15 Batch:  91 Loss: 0.6226 Accuracy Train: 63.660%
Epoch: 15 Batch: 101 Loss: 0.6187 Accuracy Train: 63.640%
Epoch: 15 Batch: 111 Loss: 0.6176 Accuracy Train: 63.641%
Epoch: 15 Batch: 121 Loss: 0.6330 Accuracy Train: 63.645%
Epoch: 15 Batch: 131 Loss: 0.6225 Accuracy Train: 63.687%
Epoch: 15 Batch: 141 Loss: 0.6254 Accuracy Train: 63.689%
Epoch: 15 Batch: 151 Loss: 0.6272 Accuracy Train: 63.676%
Epoch: 15 Batch: 161 Loss: 0.6190 Accuracy Train: 63.666%
Epoch: 15 Batch: 171 Loss: 0.6205 Accuracy Train: 63.655%
Epoch: 15 Batch: 181 Loss: 0.6197 Accuracy Train: 63.665%
Epoch: 16 Batch:   1 Loss: 0.6282 Accuracy Train: 62.520%
Epoch: 16 Batch:  11 Loss: 0.6327 Accuracy Train: 64.740%
Epoch: 16 Batch:  21 Loss: 0.6175 Accuracy Train: 64.901%
Epoch: 16 Batch:  31 Loss: 0.6338 Accuracy Train: 64.482%
Epoch: 16 Batch:  41 Loss: 0.6260 Accuracy Train: 64.365%
Epoch: 16 Batch:  51 Loss: 0.6267 Accuracy Train: 64.247%
Epoch: 16 Batch:  61 Loss: 0.6251 Accuracy Train: 64.079%
Epoch: 16 Batch:  71 Loss: 0.6224 Accuracy Train: 63.972%
Epoch: 16 Batch:  81 Loss: 0.6175 Accuracy Train: 63.937%
Epoch: 16 Batch:  91 Loss: 0.6239 Accuracy Train: 63.891%
Epoch: 16 Batch: 101 Loss: 0.6228 Accuracy Train: 63.873%
Epoch: 16 Batch: 111 Loss: 0.6438 Accuracy Train: 63.831%
Epoch: 16 Batch: 121 Loss: 0.6054 Accuracy Train: 63.845%
Epoch: 16 Batch: 131 Loss: 0.6149 Accuracy Train: 63.822%
Epoch: 16 Batch: 141 Loss: 0.6280 Accuracy Train: 63.800%
Epoch: 16 Batch: 151 Loss: 0.6237 Accuracy Train: 63.755%
Epoch: 16 Batch: 161 Loss: 0.6139 Accuracy Train: 63.752%
Epoch: 16 Batch: 171 Loss: 0.6209 Accuracy Train: 63.824%
Epoch: 16 Batch: 181 Loss: 0.6190 Accuracy Train: 63.873%
Epoch: 17 Batch:   1 Loss: 0.6050 Accuracy Train: 64.660%
Epoch: 17 Batch:  11 Loss: 0.6131 Accuracy Train: 63.831%
Epoch: 17 Batch:  21 Loss: 0.6261 Accuracy Train: 63.500%
Epoch: 17 Batch:  31 Loss: 0.6171 Accuracy Train: 63.548%
Epoch: 17 Batch:  41 Loss: 0.6428 Accuracy Train: 63.675%
Epoch: 17 Batch:  51 Loss: 0.6393 Accuracy Train: 63.694%
Epoch: 17 Batch:  61 Loss: 0.6261 Accuracy Train: 63.723%
Epoch: 17 Batch:  71 Loss: 0.6174 Accuracy Train: 63.710%
Epoch: 17 Batch:  81 Loss: 0.6253 Accuracy Train: 63.688%
Epoch: 17 Batch:  91 Loss: 0.6312 Accuracy Train: 63.681%
Epoch: 17 Batch: 101 Loss: 0.6262 Accuracy Train: 63.636%
Epoch: 17 Batch: 111 Loss: 0.6276 Accuracy Train: 63.648%
Epoch: 17 Batch: 121 Loss: 0.6230 Accuracy Train: 63.637%
Epoch: 17 Batch: 131 Loss: 0.6289 Accuracy Train: 63.713%
Epoch: 17 Batch: 141 Loss: 0.6201 Accuracy Train: 63.721%
Epoch: 17 Batch: 151 Loss: 0.6217 Accuracy Train: 63.717%
Epoch: 17 Batch: 161 Loss: 0.6223 Accuracy Train: 63.705%
Epoch: 17 Batch: 171 Loss: 0.6280 Accuracy Train: 63.680%
Epoch: 17 Batch: 181 Loss: 0.6220 Accuracy Train: 63.675%
Epoch: 18 Batch:   1 Loss: 0.6305 Accuracy Train: 63.820%
Epoch: 18 Batch:  11 Loss: 0.6179 Accuracy Train: 64.340%
Epoch: 18 Batch:  21 Loss: 0.6219 Accuracy Train: 63.921%
Epoch: 18 Batch:  31 Loss: 0.6214 Accuracy Train: 63.781%
Epoch: 18 Batch:  41 Loss: 0.6219 Accuracy Train: 63.706%
Epoch: 18 Batch:  51 Loss: 0.6195 Accuracy Train: 63.723%
Epoch: 18 Batch:  61 Loss: 0.6285 Accuracy Train: 63.759%
Epoch: 18 Batch:  71 Loss: 0.6179 Accuracy Train: 63.721%
Epoch: 18 Batch:  81 Loss: 0.6302 Accuracy Train: 63.708%
Epoch: 18 Batch:  91 Loss: 0.6215 Accuracy Train: 63.746%
Epoch: 18 Batch: 101 Loss: 0.6278 Accuracy Train: 63.704%
Epoch: 18 Batch: 111 Loss: 0.6251 Accuracy Train: 63.674%
Epoch: 18 Batch: 121 Loss: 0.6282 Accuracy Train: 63.686%
Epoch: 18 Batch: 131 Loss: 0.6293 Accuracy Train: 63.679%
Epoch: 18 Batch: 141 Loss: 0.6159 Accuracy Train: 63.666%
Epoch: 18 Batch: 151 Loss: 0.6264 Accuracy Train: 63.661%
Epoch: 18 Batch: 161 Loss: 0.6174 Accuracy Train: 63.704%
Epoch: 18 Batch: 171 Loss: 0.6243 Accuracy Train: 63.748%
Epoch: 18 Batch: 181 Loss: 0.6191 Accuracy Train: 63.739%
Epoch: 19 Batch:   1 Loss: 0.6150 Accuracy Train: 64.940%
Epoch: 19 Batch:  11 Loss: 0.6135 Accuracy Train: 63.384%
Epoch: 19 Batch:  21 Loss: 0.6351 Accuracy Train: 63.690%
Epoch: 19 Batch:  31 Loss: 0.6280 Accuracy Train: 63.629%
Epoch: 19 Batch:  41 Loss: 0.6194 Accuracy Train: 63.668%
Epoch: 19 Batch:  51 Loss: 0.6360 Accuracy Train: 63.678%
Epoch: 19 Batch:  61 Loss: 0.6282 Accuracy Train: 63.704%
Epoch: 19 Batch:  71 Loss: 0.6202 Accuracy Train: 63.726%
Epoch: 19 Batch:  81 Loss: 0.6208 Accuracy Train: 63.692%
Epoch: 19 Batch:  91 Loss: 0.6170 Accuracy Train: 63.665%
Epoch: 19 Batch: 101 Loss: 0.6228 Accuracy Train: 63.658%
Epoch: 19 Batch: 111 Loss: 0.6279 Accuracy Train: 63.645%
Epoch: 19 Batch: 121 Loss: 0.6148 Accuracy Train: 63.658%
Epoch: 19 Batch: 131 Loss: 0.6218 Accuracy Train: 63.643%
Epoch: 19 Batch: 141 Loss: 0.6271 Accuracy Train: 63.648%
Epoch: 19 Batch: 151 Loss: 0.6398 Accuracy Train: 63.643%
Epoch: 19 Batch: 161 Loss: 0.6260 Accuracy Train: 63.675%
Epoch: 19 Batch: 171 Loss: 0.6207 Accuracy Train: 63.661%
Epoch: 19 Batch: 181 Loss: 0.6246 Accuracy Train: 63.667%

Duration: 172 seconds
