Training DynNetGen(
  (layers): Sequential(
    (0): Sequential(
      (0): Conv2d(1, 32, kernel_size=(3, 3), stride=(1, 1))
      (1): BatchNorm2d(32, eps=1e-05, momentum=0.1, affine=True, track_running_stats=True)
      (2): ReLU()
    )
    (1): Sequential(
      (0): Flatten(start_dim=1, end_dim=-1)
      (1): Linear(in_features=1152, out_features=2, bias=True)
    )
  )
) in cuda
=================================================================
Layer (type:depth-idx)                   Param #
=================================================================
DynNetGen                                --
├─Sequential: 1-1                        --
│    └─Sequential: 2-1                   --
│    │    └─Conv2d: 3-1                  320
│    │    └─BatchNorm2d: 3-2             64
│    │    └─ReLU: 3-3                    --
│    └─Sequential: 2-2                   --
│    │    └─Flatten: 3-4                 --
│    │    └─Linear: 3-5                  2,306
=================================================================
Total params: 2,690
Trainable params: 2,690
Non-trainable params: 0
=================================================================
Epoch:  0 Batch:   1 Loss: 0.6902 Accuracy Train: 52.740%
Epoch:  0 Batch:  11 Loss: 0.9783 Accuracy Train: 51.513%
Epoch:  0 Batch:  21 Loss: 0.7662 Accuracy Train: 52.148%
Epoch:  0 Batch:  31 Loss: 0.7034 Accuracy Train: 52.725%
Epoch:  0 Batch:  41 Loss: 0.6774 Accuracy Train: 53.358%
Epoch:  0 Batch:  51 Loss: 0.6644 Accuracy Train: 53.777%
Epoch:  0 Batch:  61 Loss: 0.6634 Accuracy Train: 54.367%
Epoch:  0 Batch:  71 Loss: 0.6553 Accuracy Train: 55.345%
Epoch:  0 Batch:  81 Loss: 0.6524 Accuracy Train: 56.238%
Epoch:  1 Batch:   1 Loss: 0.6545 Accuracy Train: 63.580%
Epoch:  1 Batch:  11 Loss: 0.6534 Accuracy Train: 65.198%
Epoch:  1 Batch:  21 Loss: 0.6547 Accuracy Train: 64.188%
Epoch:  1 Batch:  31 Loss: 0.6502 Accuracy Train: 63.336%
Epoch:  1 Batch:  41 Loss: 0.6431 Accuracy Train: 63.785%
Epoch:  1 Batch:  51 Loss: 0.6433 Accuracy Train: 64.137%
Epoch:  1 Batch:  61 Loss: 0.6483 Accuracy Train: 64.350%
Epoch:  1 Batch:  71 Loss: 0.6466 Accuracy Train: 64.320%
Epoch:  1 Batch:  81 Loss: 0.6413 Accuracy Train: 64.468%
Epoch:  2 Batch:   1 Loss: 0.6418 Accuracy Train: 64.820%
Epoch:  2 Batch:  11 Loss: 0.6362 Accuracy Train: 65.567%
Epoch:  2 Batch:  21 Loss: 0.6338 Accuracy Train: 64.992%
Epoch:  2 Batch:  31 Loss: 0.6311 Accuracy Train: 65.119%
Epoch:  2 Batch:  41 Loss: 0.6420 Accuracy Train: 64.843%
Epoch:  2 Batch:  51 Loss: 0.6408 Accuracy Train: 65.006%
Epoch:  2 Batch:  61 Loss: 0.6328 Accuracy Train: 64.828%
Epoch:  2 Batch:  71 Loss: 0.6356 Accuracy Train: 64.822%
Epoch:  2 Batch:  81 Loss: 0.6482 Accuracy Train: 64.734%
Epoch:  3 Batch:   1 Loss: 0.6350 Accuracy Train: 64.320%
Epoch:  3 Batch:  11 Loss: 0.6408 Accuracy Train: 65.709%
Epoch:  3 Batch:  21 Loss: 0.6303 Accuracy Train: 65.287%
Epoch:  3 Batch:  31 Loss: 0.6329 Accuracy Train: 64.770%
Epoch:  3 Batch:  41 Loss: 0.6222 Accuracy Train: 64.839%
Epoch:  3 Batch:  51 Loss: 0.6498 Accuracy Train: 63.770%
Epoch:  3 Batch:  61 Loss: 0.6339 Accuracy Train: 63.571%
Epoch:  3 Batch:  71 Loss: 0.6206 Accuracy Train: 64.064%
Epoch:  3 Batch:  81 Loss: 0.6228 Accuracy Train: 64.386%
Epoch:  4 Batch:   1 Loss: 0.6253 Accuracy Train: 54.260%
Epoch:  4 Batch:  11 Loss: 0.6285 Accuracy Train: 66.867%
Epoch:  4 Batch:  21 Loss: 0.6236 Accuracy Train: 66.190%
Epoch:  4 Batch:  31 Loss: 0.6304 Accuracy Train: 65.485%
Epoch:  4 Batch:  41 Loss: 0.6375 Accuracy Train: 64.674%
Epoch:  4 Batch:  51 Loss: 0.6215 Accuracy Train: 64.205%
Epoch:  4 Batch:  61 Loss: 0.6262 Accuracy Train: 64.885%
Epoch:  4 Batch:  71 Loss: 0.6242 Accuracy Train: 64.680%
Epoch:  4 Batch:  81 Loss: 0.6100 Accuracy Train: 64.830%
Epoch:  5 Batch:   1 Loss: 0.6365 Accuracy Train: 54.420%
Epoch:  5 Batch:  11 Loss: 0.6277 Accuracy Train: 67.151%
Epoch:  5 Batch:  21 Loss: 0.6207 Accuracy Train: 67.624%
Epoch:  5 Batch:  31 Loss: 0.6192 Accuracy Train: 66.105%
Epoch:  5 Batch:  41 Loss: 0.6252 Accuracy Train: 66.268%
Epoch:  5 Batch:  51 Loss: 0.6167 Accuracy Train: 65.858%
Epoch:  5 Batch:  61 Loss: 0.6239 Accuracy Train: 65.722%
Epoch:  5 Batch:  71 Loss: 0.6210 Accuracy Train: 66.036%
Epoch:  5 Batch:  81 Loss: 0.6232 Accuracy Train: 65.985%
Epoch:  6 Batch:   1 Loss: 0.6309 Accuracy Train: 52.860%
Epoch:  6 Batch:  11 Loss: 0.6233 Accuracy Train: 63.796%
Epoch:  6 Batch:  21 Loss: 0.6263 Accuracy Train: 65.391%
Epoch:  6 Batch:  31 Loss: 0.6119 Accuracy Train: 66.225%
Epoch:  6 Batch:  41 Loss: 0.6262 Accuracy Train: 66.592%
Epoch:  6 Batch:  51 Loss: 0.6181 Accuracy Train: 66.721%
Epoch:  6 Batch:  61 Loss: 0.6134 Accuracy Train: 66.931%
Epoch:  6 Batch:  71 Loss: 0.6126 Accuracy Train: 66.990%
Epoch:  6 Batch:  81 Loss: 0.6126 Accuracy Train: 66.973%
Epoch:  7 Batch:   1 Loss: 0.6139 Accuracy Train: 68.700%
Epoch:  7 Batch:  11 Loss: 0.6137 Accuracy Train: 68.535%
Epoch:  7 Batch:  21 Loss: 0.6106 Accuracy Train: 67.095%
Epoch:  7 Batch:  31 Loss: 0.6174 Accuracy Train: 65.533%
Epoch:  7 Batch:  41 Loss: 0.6185 Accuracy Train: 65.917%
Epoch:  7 Batch:  51 Loss: 0.6139 Accuracy Train: 66.585%
Epoch:  7 Batch:  61 Loss: 0.6182 Accuracy Train: 66.342%
Epoch:  7 Batch:  71 Loss: 0.6043 Accuracy Train: 66.451%
Epoch:  7 Batch:  81 Loss: 0.6061 Accuracy Train: 66.640%
Epoch:  8 Batch:   1 Loss: 0.6149 Accuracy Train: 66.780%
Epoch:  8 Batch:  11 Loss: 0.6122 Accuracy Train: 65.104%
Epoch:  8 Batch:  21 Loss: 0.6017 Accuracy Train: 66.079%
Epoch:  8 Batch:  31 Loss: 0.6066 Accuracy Train: 66.276%
Epoch:  8 Batch:  41 Loss: 0.6092 Accuracy Train: 66.373%
Epoch:  8 Batch:  51 Loss: 0.6056 Accuracy Train: 66.051%
Epoch:  8 Batch:  61 Loss: 0.6079 Accuracy Train: 66.285%
Epoch:  8 Batch:  71 Loss: 0.6019 Accuracy Train: 66.507%
Epoch:  8 Batch:  81 Loss: 0.5968 Accuracy Train: 66.686%
Epoch:  9 Batch:   1 Loss: 0.6096 Accuracy Train: 68.300%
Epoch:  9 Batch:  11 Loss: 0.6015 Accuracy Train: 67.935%
Epoch:  9 Batch:  21 Loss: 0.5907 Accuracy Train: 67.926%
Epoch:  9 Batch:  31 Loss: 0.5988 Accuracy Train: 67.483%
Epoch:  9 Batch:  41 Loss: 0.5929 Accuracy Train: 67.628%
Epoch:  9 Batch:  51 Loss: 0.6000 Accuracy Train: 67.458%
Epoch:  9 Batch:  61 Loss: 0.5979 Accuracy Train: 67.521%
Epoch:  9 Batch:  71 Loss: 0.6025 Accuracy Train: 67.396%
Epoch:  9 Batch:  81 Loss: 0.5948 Accuracy Train: 67.409%
Epoch: 10 Batch:   1 Loss: 0.5999 Accuracy Train: 67.620%
Epoch: 10 Batch:  11 Loss: 0.5893 Accuracy Train: 68.191%
Epoch: 10 Batch:  21 Loss: 0.5939 Accuracy Train: 67.964%
Epoch: 10 Batch:  31 Loss: 0.5879 Accuracy Train: 67.886%
Epoch: 10 Batch:  41 Loss: 0.5963 Accuracy Train: 67.906%
Epoch: 10 Batch:  51 Loss: 0.6035 Accuracy Train: 67.578%
Epoch: 10 Batch:  61 Loss: 0.5977 Accuracy Train: 67.737%
Epoch: 10 Batch:  71 Loss: 0.5926 Accuracy Train: 67.735%
Epoch: 10 Batch:  81 Loss: 0.6027 Accuracy Train: 67.735%
Epoch: 11 Batch:   1 Loss: 0.6090 Accuracy Train: 66.440%
Epoch: 11 Batch:  11 Loss: 0.6149 Accuracy Train: 67.011%
Epoch: 11 Batch:  21 Loss: 0.5871 Accuracy Train: 67.660%
Epoch: 11 Batch:  31 Loss: 0.5971 Accuracy Train: 67.808%
Epoch: 11 Batch:  41 Loss: 0.6072 Accuracy Train: 67.163%
Epoch: 11 Batch:  51 Loss: 0.5883 Accuracy Train: 67.427%
Epoch: 11 Batch:  61 Loss: 0.5894 Accuracy Train: 67.529%
Epoch: 11 Batch:  71 Loss: 0.5929 Accuracy Train: 67.617%
Epoch: 11 Batch:  81 Loss: 0.5976 Accuracy Train: 67.781%
Epoch: 12 Batch:   1 Loss: 0.5892 Accuracy Train: 68.200%
Epoch: 12 Batch:  11 Loss: 0.5819 Accuracy Train: 68.318%
Epoch: 12 Batch:  21 Loss: 0.5910 Accuracy Train: 68.337%
Epoch: 12 Batch:  31 Loss: 0.5936 Accuracy Train: 68.255%
Epoch: 12 Batch:  41 Loss: 0.5847 Accuracy Train: 68.306%
Epoch: 12 Batch:  51 Loss: 0.5900 Accuracy Train: 68.259%
Epoch: 12 Batch:  61 Loss: 0.5825 Accuracy Train: 68.286%
Epoch: 12 Batch:  71 Loss: 0.5804 Accuracy Train: 68.359%
Epoch: 12 Batch:  81 Loss: 0.5897 Accuracy Train: 68.367%
Epoch: 13 Batch:   1 Loss: 0.5962 Accuracy Train: 66.580%
Epoch: 13 Batch:  11 Loss: 0.5906 Accuracy Train: 68.287%
Epoch: 13 Batch:  21 Loss: 0.5813 Accuracy Train: 68.326%
Epoch: 13 Batch:  31 Loss: 0.5844 Accuracy Train: 68.521%
Epoch: 13 Batch:  41 Loss: 0.5847 Accuracy Train: 68.576%
Epoch: 13 Batch:  51 Loss: 0.5902 Accuracy Train: 68.445%
Epoch: 13 Batch:  61 Loss: 0.5850 Accuracy Train: 68.370%
Epoch: 13 Batch:  71 Loss: 0.5909 Accuracy Train: 68.435%
Epoch: 13 Batch:  81 Loss: 0.5913 Accuracy Train: 68.297%
Epoch: 14 Batch:   1 Loss: 0.5905 Accuracy Train: 68.440%
Epoch: 14 Batch:  11 Loss: 0.5806 Accuracy Train: 69.205%
Epoch: 14 Batch:  21 Loss: 0.5759 Accuracy Train: 68.940%
Epoch: 14 Batch:  31 Loss: 0.5808 Accuracy Train: 68.939%
Epoch: 14 Batch:  41 Loss: 0.5664 Accuracy Train: 68.874%
Epoch: 14 Batch:  51 Loss: 0.5799 Accuracy Train: 68.856%
Epoch: 14 Batch:  61 Loss: 0.5712 Accuracy Train: 68.897%
Epoch: 14 Batch:  71 Loss: 0.5708 Accuracy Train: 68.927%
Epoch: 14 Batch:  81 Loss: 0.5843 Accuracy Train: 68.926%
Epoch: 15 Batch:   1 Loss: 0.5799 Accuracy Train: 67.980%
Epoch: 15 Batch:  11 Loss: 0.5738 Accuracy Train: 69.180%
Epoch: 15 Batch:  21 Loss: 0.5700 Accuracy Train: 69.156%
Epoch: 15 Batch:  31 Loss: 0.5858 Accuracy Train: 69.153%
Epoch: 15 Batch:  41 Loss: 0.5862 Accuracy Train: 69.273%
Epoch: 15 Batch:  51 Loss: 0.5858 Accuracy Train: 68.602%
Epoch: 15 Batch:  61 Loss: 0.5858 Accuracy Train: 68.565%
Epoch: 15 Batch:  71 Loss: 0.5791 Accuracy Train: 68.650%
Epoch: 15 Batch:  81 Loss: 0.5700 Accuracy Train: 68.715%
Epoch: 16 Batch:   1 Loss: 0.5689 Accuracy Train: 67.460%
Epoch: 16 Batch:  11 Loss: 0.5836 Accuracy Train: 68.873%
Epoch: 16 Batch:  21 Loss: 0.5781 Accuracy Train: 68.858%
Epoch: 16 Batch:  31 Loss: 0.5705 Accuracy Train: 69.030%
Epoch: 16 Batch:  41 Loss: 0.5783 Accuracy Train: 68.946%
Epoch: 16 Batch:  51 Loss: 0.5913 Accuracy Train: 68.919%
Epoch: 16 Batch:  61 Loss: 0.5827 Accuracy Train: 69.127%
Epoch: 16 Batch:  71 Loss: 0.5715 Accuracy Train: 69.138%
Epoch: 16 Batch:  81 Loss: 0.5622 Accuracy Train: 69.133%
Epoch: 17 Batch:   1 Loss: 0.5860 Accuracy Train: 66.880%
Epoch: 17 Batch:  11 Loss: 0.5787 Accuracy Train: 69.480%
Epoch: 17 Batch:  21 Loss: 0.5677 Accuracy Train: 69.318%
Epoch: 17 Batch:  31 Loss: 0.5638 Accuracy Train: 69.401%
Epoch: 17 Batch:  41 Loss: 0.5791 Accuracy Train: 69.420%
Epoch: 17 Batch:  51 Loss: 0.5787 Accuracy Train: 69.365%
Epoch: 17 Batch:  61 Loss: 0.5693 Accuracy Train: 69.290%
Epoch: 17 Batch:  71 Loss: 0.5606 Accuracy Train: 69.341%
Epoch: 17 Batch:  81 Loss: 0.5713 Accuracy Train: 69.387%
Epoch: 18 Batch:   1 Loss: 0.5725 Accuracy Train: 68.360%
Epoch: 18 Batch:  11 Loss: 0.5722 Accuracy Train: 69.382%
Epoch: 18 Batch:  21 Loss: 0.5750 Accuracy Train: 69.339%
Epoch: 18 Batch:  31 Loss: 0.5724 Accuracy Train: 69.432%
Epoch: 18 Batch:  41 Loss: 0.5671 Accuracy Train: 69.365%
Epoch: 18 Batch:  51 Loss: 0.5652 Accuracy Train: 69.431%
Epoch: 18 Batch:  61 Loss: 0.5720 Accuracy Train: 69.423%
Epoch: 18 Batch:  71 Loss: 0.5723 Accuracy Train: 69.399%
Epoch: 18 Batch:  81 Loss: 0.5574 Accuracy Train: 69.418%
Epoch: 19 Batch:   1 Loss: 0.5722 Accuracy Train: 70.800%
Epoch: 19 Batch:  11 Loss: 0.5773 Accuracy Train: 69.713%
Epoch: 19 Batch:  21 Loss: 0.5580 Accuracy Train: 69.607%
Epoch: 19 Batch:  31 Loss: 0.5616 Accuracy Train: 69.609%
Epoch: 19 Batch:  41 Loss: 0.5811 Accuracy Train: 69.467%
Epoch: 19 Batch:  51 Loss: 0.5737 Accuracy Train: 69.352%
Epoch: 19 Batch:  61 Loss: 0.5628 Accuracy Train: 69.352%
Epoch: 19 Batch:  71 Loss: 0.5486 Accuracy Train: 69.382%
Epoch: 19 Batch:  81 Loss: 0.5694 Accuracy Train: 69.409%

Duration: 84 seconds
