Training DynNetGen(
  (layers): Sequential(
    (0): Sequential(
      (0): Conv2d(1, 32, kernel_size=(2, 2), stride=(1, 1))
      (1): BatchNorm2d(32, eps=1e-05, momentum=0.1, affine=True, track_running_stats=True)
      (2): ReLU()
    )
    (1): Sequential(
      (0): Conv2d(32, 64, kernel_size=(2, 2), stride=(1, 1))
      (1): BatchNorm2d(64, eps=1e-05, momentum=0.1, affine=True, track_running_stats=True)
      (2): ReLU()
    )
    (2): Sequential(
      (0): Conv2d(64, 128, kernel_size=(2, 2), stride=(1, 1))
      (1): BatchNorm2d(128, eps=1e-05, momentum=0.1, affine=True, track_running_stats=True)
      (2): ReLU()
    )
    (3): Sequential(
      (0): Conv2d(128, 256, kernel_size=(2, 2), stride=(1, 1))
      (1): BatchNorm2d(256, eps=1e-05, momentum=0.1, affine=True, track_running_stats=True)
      (2): ReLU()
    )
    (4): Sequential(
      (0): Conv2d(256, 128, kernel_size=(2, 2), stride=(1, 1))
      (1): BatchNorm2d(128, eps=1e-05, momentum=0.1, affine=True, track_running_stats=True)
      (2): ReLU()
    )
    (5): Sequential(
      (0): Conv2d(128, 64, kernel_size=(2, 2), stride=(1, 1))
      (1): BatchNorm2d(64, eps=1e-05, momentum=0.1, affine=True, track_running_stats=True)
      (2): ReLU()
    )
    (6): Sequential(
      (0): Flatten(start_dim=1, end_dim=-1)
      (1): Linear(in_features=256, out_features=2, bias=True)
    )
  )
) in cuda
=================================================================
Layer (type:depth-idx)                   Param #
=================================================================
DynNetGen                                --
├─Sequential: 1-1                        --
│    └─Sequential: 2-1                   --
│    │    └─Conv2d: 3-1                  160
│    │    └─BatchNorm2d: 3-2             64
│    │    └─ReLU: 3-3                    --
│    └─Sequential: 2-2                   --
│    │    └─Conv2d: 3-4                  8,256
│    │    └─BatchNorm2d: 3-5             128
│    │    └─ReLU: 3-6                    --
│    └─Sequential: 2-3                   --
│    │    └─Conv2d: 3-7                  32,896
│    │    └─BatchNorm2d: 3-8             256
│    │    └─ReLU: 3-9                    --
│    └─Sequential: 2-4                   --
│    │    └─Conv2d: 3-10                 131,328
│    │    └─BatchNorm2d: 3-11            512
│    │    └─ReLU: 3-12                   --
│    └─Sequential: 2-5                   --
│    │    └─Conv2d: 3-13                 131,200
│    │    └─BatchNorm2d: 3-14            256
│    │    └─ReLU: 3-15                   --
│    └─Sequential: 2-6                   --
│    │    └─Conv2d: 3-16                 32,832
│    │    └─BatchNorm2d: 3-17            128
│    │    └─ReLU: 3-18                   --
│    └─Sequential: 2-7                   --
│    │    └─Flatten: 3-19                --
│    │    └─Linear: 3-20                 514
=================================================================
Total params: 338,530
Trainable params: 338,530
Non-trainable params: 0
=================================================================
Epoch:  0 Batch:   1 Loss: 0.7953 Accuracy Train: 46.460%
Epoch:  0 Batch:  11 Loss: 0.6145 Accuracy Train: 57.118%
Epoch:  0 Batch:  21 Loss: 0.5749 Accuracy Train: 60.416%
Epoch:  0 Batch:  31 Loss: 0.5449 Accuracy Train: 63.726%
Epoch:  0 Batch:  41 Loss: 0.4964 Accuracy Train: 66.636%
Epoch:  0 Batch:  51 Loss: 0.4977 Accuracy Train: 68.422%
Epoch:  0 Batch:  61 Loss: 0.4704 Accuracy Train: 70.254%
Epoch:  0 Batch:  71 Loss: 0.4537 Accuracy Train: 71.652%
Epoch:  0 Batch:  81 Loss: 0.4543 Accuracy Train: 72.777%
Epoch:  0 Batch:  91 Loss: 0.4489 Accuracy Train: 73.682%
Epoch:  0 Batch: 101 Loss: 0.4393 Accuracy Train: 74.374%
Epoch:  1 Batch:   1 Loss: 0.4506 Accuracy Train: 80.780%
Epoch:  1 Batch:  11 Loss: 0.4553 Accuracy Train: 80.920%
Epoch:  1 Batch:  21 Loss: 0.4530 Accuracy Train: 80.877%
Epoch:  1 Batch:  31 Loss: 0.4533 Accuracy Train: 80.852%
Epoch:  1 Batch:  41 Loss: 0.4565 Accuracy Train: 80.868%
Epoch:  1 Batch:  51 Loss: 0.4478 Accuracy Train: 80.868%
Epoch:  1 Batch:  61 Loss: 0.4422 Accuracy Train: 80.860%
Epoch:  1 Batch:  71 Loss: 0.4475 Accuracy Train: 80.877%
Epoch:  1 Batch:  81 Loss: 0.4672 Accuracy Train: 80.992%
Epoch:  1 Batch:  91 Loss: 0.4578 Accuracy Train: 80.962%
Epoch:  1 Batch: 101 Loss: 0.4451 Accuracy Train: 80.971%
Epoch:  2 Batch:   1 Loss: 0.4445 Accuracy Train: 81.240%
Epoch:  2 Batch:  11 Loss: 0.4494 Accuracy Train: 80.900%
Epoch:  2 Batch:  21 Loss: 0.4481 Accuracy Train: 80.940%
Epoch:  2 Batch:  31 Loss: 0.4241 Accuracy Train: 80.963%
Epoch:  2 Batch:  41 Loss: 0.4943 Accuracy Train: 79.986%
Epoch:  2 Batch:  51 Loss: 0.4703 Accuracy Train: 79.792%
Epoch:  2 Batch:  61 Loss: 0.4423 Accuracy Train: 79.901%
Epoch:  2 Batch:  71 Loss: 0.4614 Accuracy Train: 80.033%
Epoch:  2 Batch:  81 Loss: 0.4454 Accuracy Train: 80.160%
Epoch:  2 Batch:  91 Loss: 0.4478 Accuracy Train: 80.204%
Epoch:  2 Batch: 101 Loss: 0.4402 Accuracy Train: 80.270%
Epoch:  3 Batch:   1 Loss: 0.4287 Accuracy Train: 81.520%
Epoch:  3 Batch:  11 Loss: 0.4438 Accuracy Train: 80.911%
Epoch:  3 Batch:  21 Loss: 0.4372 Accuracy Train: 80.976%
Epoch:  3 Batch:  31 Loss: 0.4131 Accuracy Train: 80.856%
Epoch:  3 Batch:  41 Loss: 0.4630 Accuracy Train: 81.317%
Epoch:  3 Batch:  51 Loss: 0.4332 Accuracy Train: 81.259%
Epoch:  3 Batch:  61 Loss: 0.4142 Accuracy Train: 81.547%
Epoch:  3 Batch:  71 Loss: 0.3532 Accuracy Train: 82.343%
Epoch:  3 Batch:  81 Loss: 0.3433 Accuracy Train: 83.200%
Epoch:  3 Batch:  91 Loss: 0.2913 Accuracy Train: 84.007%
Epoch:  3 Batch: 101 Loss: 0.3283 Accuracy Train: 84.614%
Epoch:  4 Batch:   1 Loss: 0.3265 Accuracy Train: 90.540%
Epoch:  4 Batch:  11 Loss: 0.3166 Accuracy Train: 90.318%
Epoch:  4 Batch:  21 Loss: 0.2894 Accuracy Train: 90.591%
Epoch:  4 Batch:  31 Loss: 0.2949 Accuracy Train: 90.570%
Epoch:  4 Batch:  41 Loss: 0.2938 Accuracy Train: 90.612%
Epoch:  4 Batch:  51 Loss: 0.2821 Accuracy Train: 90.583%
Epoch:  4 Batch:  61 Loss: 0.2940 Accuracy Train: 90.615%
Epoch:  4 Batch:  71 Loss: 0.2940 Accuracy Train: 90.639%
Epoch:  4 Batch:  81 Loss: 0.2769 Accuracy Train: 90.649%
Epoch:  4 Batch:  91 Loss: 0.2821 Accuracy Train: 90.651%
Epoch:  4 Batch: 101 Loss: 0.2990 Accuracy Train: 90.657%
Epoch:  5 Batch:   1 Loss: 0.2816 Accuracy Train: 90.880%
Epoch:  5 Batch:  11 Loss: 0.2893 Accuracy Train: 90.698%
Epoch:  5 Batch:  21 Loss: 0.2763 Accuracy Train: 90.686%
Epoch:  5 Batch:  31 Loss: 0.2769 Accuracy Train: 90.729%
Epoch:  5 Batch:  41 Loss: 0.2755 Accuracy Train: 90.760%
Epoch:  5 Batch:  51 Loss: 0.2961 Accuracy Train: 90.749%
Epoch:  5 Batch:  61 Loss: 0.2941 Accuracy Train: 90.727%
Epoch:  5 Batch:  71 Loss: 0.2874 Accuracy Train: 90.732%
Epoch:  5 Batch:  81 Loss: 0.2896 Accuracy Train: 90.755%
Epoch:  5 Batch:  91 Loss: 0.2719 Accuracy Train: 90.773%
Epoch:  5 Batch: 101 Loss: 0.2856 Accuracy Train: 90.802%
Epoch:  6 Batch:   1 Loss: 0.2766 Accuracy Train: 90.860%
Epoch:  6 Batch:  11 Loss: 0.2823 Accuracy Train: 90.933%
Epoch:  6 Batch:  21 Loss: 0.2697 Accuracy Train: 90.870%
Epoch:  6 Batch:  31 Loss: 0.2690 Accuracy Train: 90.943%
Epoch:  6 Batch:  41 Loss: 0.2769 Accuracy Train: 90.881%
Epoch:  6 Batch:  51 Loss: 0.2747 Accuracy Train: 90.892%
Epoch:  6 Batch:  61 Loss: 0.2793 Accuracy Train: 90.891%
Epoch:  6 Batch:  71 Loss: 0.2845 Accuracy Train: 90.892%
Epoch:  6 Batch:  81 Loss: 0.2565 Accuracy Train: 90.894%
Epoch:  6 Batch:  91 Loss: 0.2918 Accuracy Train: 90.875%
Epoch:  6 Batch: 101 Loss: 0.2643 Accuracy Train: 90.886%
Epoch:  7 Batch:   1 Loss: 0.2688 Accuracy Train: 91.480%
Epoch:  7 Batch:  11 Loss: 0.2682 Accuracy Train: 90.947%
Epoch:  7 Batch:  21 Loss: 0.2774 Accuracy Train: 90.990%
Epoch:  7 Batch:  31 Loss: 0.2898 Accuracy Train: 90.931%
Epoch:  7 Batch:  41 Loss: 0.2724 Accuracy Train: 90.993%
Epoch:  7 Batch:  51 Loss: 0.2812 Accuracy Train: 90.963%
Epoch:  7 Batch:  61 Loss: 0.2771 Accuracy Train: 90.949%
Epoch:  7 Batch:  71 Loss: 0.2665 Accuracy Train: 90.976%
Epoch:  7 Batch:  81 Loss: 0.2875 Accuracy Train: 90.960%
Epoch:  7 Batch:  91 Loss: 0.2773 Accuracy Train: 90.966%
Epoch:  7 Batch: 101 Loss: 0.2721 Accuracy Train: 90.967%
Epoch:  8 Batch:   1 Loss: 0.2739 Accuracy Train: 90.940%
Epoch:  8 Batch:  11 Loss: 0.2820 Accuracy Train: 91.118%
Epoch:  8 Batch:  21 Loss: 0.2774 Accuracy Train: 91.182%
Epoch:  8 Batch:  31 Loss: 0.2727 Accuracy Train: 91.168%
Epoch:  8 Batch:  41 Loss: 0.2664 Accuracy Train: 91.161%
Epoch:  8 Batch:  51 Loss: 0.2772 Accuracy Train: 91.155%
Epoch:  8 Batch:  61 Loss: 0.2832 Accuracy Train: 91.154%
Epoch:  8 Batch:  71 Loss: 0.2990 Accuracy Train: 91.143%
Epoch:  8 Batch:  81 Loss: 0.2780 Accuracy Train: 91.151%
Epoch:  8 Batch:  91 Loss: 0.2814 Accuracy Train: 91.148%
Epoch:  8 Batch: 101 Loss: 0.2756 Accuracy Train: 91.154%
Epoch:  9 Batch:   1 Loss: 0.2590 Accuracy Train: 92.000%
Epoch:  9 Batch:  11 Loss: 0.2703 Accuracy Train: 91.247%
Epoch:  9 Batch:  21 Loss: 0.2697 Accuracy Train: 91.273%
Epoch:  9 Batch:  31 Loss: 0.2710 Accuracy Train: 91.279%
Epoch:  9 Batch:  41 Loss: 0.2826 Accuracy Train: 91.289%
Epoch:  9 Batch:  51 Loss: 0.2743 Accuracy Train: 91.310%
Epoch:  9 Batch:  61 Loss: 0.2769 Accuracy Train: 91.265%
Epoch:  9 Batch:  71 Loss: 0.2682 Accuracy Train: 91.261%
Epoch:  9 Batch:  81 Loss: 0.2809 Accuracy Train: 91.246%
Epoch:  9 Batch:  91 Loss: 0.2799 Accuracy Train: 91.234%
Epoch:  9 Batch: 101 Loss: 0.2659 Accuracy Train: 91.236%
Epoch: 10 Batch:   1 Loss: 0.2692 Accuracy Train: 91.500%
Epoch: 10 Batch:  11 Loss: 0.2744 Accuracy Train: 91.507%
Epoch: 10 Batch:  21 Loss: 0.2733 Accuracy Train: 91.377%
Epoch: 10 Batch:  31 Loss: 0.2768 Accuracy Train: 91.302%
Epoch: 10 Batch:  41 Loss: 0.2679 Accuracy Train: 91.329%
Epoch: 10 Batch:  51 Loss: 0.2647 Accuracy Train: 91.333%
Epoch: 10 Batch:  61 Loss: 0.2650 Accuracy Train: 91.336%
Epoch: 10 Batch:  71 Loss: 0.2554 Accuracy Train: 91.348%
Epoch: 10 Batch:  81 Loss: 0.2728 Accuracy Train: 91.319%
Epoch: 10 Batch:  91 Loss: 0.2732 Accuracy Train: 91.328%
Epoch: 10 Batch: 101 Loss: 0.2763 Accuracy Train: 91.328%
Epoch: 11 Batch:   1 Loss: 0.2658 Accuracy Train: 91.860%
Epoch: 11 Batch:  11 Loss: 0.2767 Accuracy Train: 91.213%
Epoch: 11 Batch:  21 Loss: 0.2748 Accuracy Train: 91.279%
Epoch: 11 Batch:  31 Loss: 0.2742 Accuracy Train: 91.290%
Epoch: 11 Batch:  41 Loss: 0.2747 Accuracy Train: 91.272%
Epoch: 11 Batch:  51 Loss: 0.2769 Accuracy Train: 91.307%
Epoch: 11 Batch:  61 Loss: 0.2744 Accuracy Train: 91.296%
Epoch: 11 Batch:  71 Loss: 0.2678 Accuracy Train: 91.323%
Epoch: 11 Batch:  81 Loss: 0.2678 Accuracy Train: 91.332%
Epoch: 11 Batch:  91 Loss: 0.2900 Accuracy Train: 91.316%
Epoch: 11 Batch: 101 Loss: 0.2628 Accuracy Train: 91.306%
Epoch: 12 Batch:   1 Loss: 0.2746 Accuracy Train: 91.400%
Epoch: 12 Batch:  11 Loss: 0.2573 Accuracy Train: 91.264%
Epoch: 12 Batch:  21 Loss: 0.2583 Accuracy Train: 91.355%
Epoch: 12 Batch:  31 Loss: 0.2653 Accuracy Train: 91.359%
Epoch: 12 Batch:  41 Loss: 0.2765 Accuracy Train: 91.338%
Epoch: 12 Batch:  51 Loss: 0.2748 Accuracy Train: 91.344%
Epoch: 12 Batch:  61 Loss: 0.2491 Accuracy Train: 91.345%
Epoch: 12 Batch:  71 Loss: 0.2624 Accuracy Train: 91.351%
Epoch: 12 Batch:  81 Loss: 0.2742 Accuracy Train: 91.318%
Epoch: 12 Batch:  91 Loss: 0.2707 Accuracy Train: 91.278%
Epoch: 12 Batch: 101 Loss: 0.2736 Accuracy Train: 91.292%
Epoch: 13 Batch:   1 Loss: 0.2776 Accuracy Train: 91.380%
Epoch: 13 Batch:  11 Loss: 0.2751 Accuracy Train: 91.351%
Epoch: 13 Batch:  21 Loss: 0.2602 Accuracy Train: 91.396%
Epoch: 13 Batch:  31 Loss: 0.2757 Accuracy Train: 91.417%
Epoch: 13 Batch:  41 Loss: 0.2766 Accuracy Train: 91.400%
Epoch: 13 Batch:  51 Loss: 0.2720 Accuracy Train: 91.412%
Epoch: 13 Batch:  61 Loss: 0.2711 Accuracy Train: 91.405%
Epoch: 13 Batch:  71 Loss: 0.2704 Accuracy Train: 91.379%
Epoch: 13 Batch:  81 Loss: 0.2693 Accuracy Train: 91.408%
Epoch: 13 Batch:  91 Loss: 0.2825 Accuracy Train: 91.360%
Epoch: 13 Batch: 101 Loss: 0.2632 Accuracy Train: 91.312%
Epoch: 14 Batch:   1 Loss: 0.2639 Accuracy Train: 91.680%
Epoch: 14 Batch:  11 Loss: 0.2725 Accuracy Train: 91.016%
Epoch: 14 Batch:  21 Loss: 0.2749 Accuracy Train: 90.933%
Epoch: 14 Batch:  31 Loss: 0.2707 Accuracy Train: 91.024%
Epoch: 14 Batch:  41 Loss: 0.2677 Accuracy Train: 91.031%
Epoch: 14 Batch:  51 Loss: 0.2699 Accuracy Train: 91.049%
Epoch: 14 Batch:  61 Loss: 0.2674 Accuracy Train: 91.053%
Epoch: 14 Batch:  71 Loss: 0.2743 Accuracy Train: 91.081%
Epoch: 14 Batch:  81 Loss: 0.2588 Accuracy Train: 91.096%
Epoch: 14 Batch:  91 Loss: 0.2702 Accuracy Train: 91.143%
Epoch: 14 Batch: 101 Loss: 0.2725 Accuracy Train: 91.166%
Epoch: 15 Batch:   1 Loss: 0.2920 Accuracy Train: 90.400%
Epoch: 15 Batch:  11 Loss: 0.2801 Accuracy Train: 91.282%
Epoch: 15 Batch:  21 Loss: 0.2636 Accuracy Train: 91.420%
Epoch: 15 Batch:  31 Loss: 0.2756 Accuracy Train: 91.523%
Epoch: 15 Batch:  41 Loss: 0.2594 Accuracy Train: 91.479%
Epoch: 15 Batch:  51 Loss: 0.2574 Accuracy Train: 91.503%
Epoch: 15 Batch:  61 Loss: 0.2868 Accuracy Train: 91.481%
Epoch: 15 Batch:  71 Loss: 0.2815 Accuracy Train: 91.476%
Epoch: 15 Batch:  81 Loss: 0.2671 Accuracy Train: 91.465%
Epoch: 15 Batch:  91 Loss: 0.2800 Accuracy Train: 91.467%
Epoch: 15 Batch: 101 Loss: 0.2691 Accuracy Train: 91.485%
Epoch: 16 Batch:   1 Loss: 0.2598 Accuracy Train: 91.840%
Epoch: 16 Batch:  11 Loss: 0.2562 Accuracy Train: 91.627%
Epoch: 16 Batch:  21 Loss: 0.2759 Accuracy Train: 91.548%
Epoch: 16 Batch:  31 Loss: 0.2575 Accuracy Train: 91.527%
Epoch: 16 Batch:  41 Loss: 0.2640 Accuracy Train: 91.510%
Epoch: 16 Batch:  51 Loss: 0.2785 Accuracy Train: 91.509%
Epoch: 16 Batch:  61 Loss: 0.2593 Accuracy Train: 91.501%
Epoch: 16 Batch:  71 Loss: 0.2691 Accuracy Train: 91.510%
Epoch: 16 Batch:  81 Loss: 0.2783 Accuracy Train: 91.519%
Epoch: 16 Batch:  91 Loss: 0.2636 Accuracy Train: 91.527%
Epoch: 16 Batch: 101 Loss: 0.2783 Accuracy Train: 91.533%
Epoch: 17 Batch:   1 Loss: 0.2720 Accuracy Train: 91.640%
Epoch: 17 Batch:  11 Loss: 0.2681 Accuracy Train: 91.658%
Epoch: 17 Batch:  21 Loss: 0.2541 Accuracy Train: 91.582%
Epoch: 17 Batch:  31 Loss: 0.2806 Accuracy Train: 91.437%
Epoch: 17 Batch:  41 Loss: 0.2678 Accuracy Train: 91.471%
Epoch: 17 Batch:  51 Loss: 0.2676 Accuracy Train: 91.474%
Epoch: 17 Batch:  61 Loss: 0.2654 Accuracy Train: 91.484%
Epoch: 17 Batch:  71 Loss: 0.2650 Accuracy Train: 91.455%
Epoch: 17 Batch:  81 Loss: 0.2628 Accuracy Train: 91.431%
Epoch: 17 Batch:  91 Loss: 0.2699 Accuracy Train: 91.392%
Epoch: 17 Batch: 101 Loss: 0.2792 Accuracy Train: 91.408%
Epoch: 18 Batch:   1 Loss: 0.2732 Accuracy Train: 91.320%
Epoch: 18 Batch:  11 Loss: 0.2728 Accuracy Train: 91.413%
Epoch: 18 Batch:  21 Loss: 0.2551 Accuracy Train: 91.422%
Epoch: 18 Batch:  31 Loss: 0.2704 Accuracy Train: 91.471%
Epoch: 18 Batch:  41 Loss: 0.2829 Accuracy Train: 91.463%
Epoch: 18 Batch:  51 Loss: 0.2732 Accuracy Train: 91.525%
Epoch: 18 Batch:  61 Loss: 0.2649 Accuracy Train: 91.551%
Epoch: 18 Batch:  71 Loss: 0.2675 Accuracy Train: 91.545%
Epoch: 18 Batch:  81 Loss: 0.2535 Accuracy Train: 91.563%
Epoch: 18 Batch:  91 Loss: 0.2589 Accuracy Train: 91.553%
Epoch: 18 Batch: 101 Loss: 0.2720 Accuracy Train: 91.548%
Epoch: 19 Batch:   1 Loss: 0.2724 Accuracy Train: 91.000%
Epoch: 19 Batch:  11 Loss: 0.2641 Accuracy Train: 91.105%
Epoch: 19 Batch:  21 Loss: 0.2691 Accuracy Train: 91.295%
Epoch: 19 Batch:  31 Loss: 0.2714 Accuracy Train: 91.284%
Epoch: 19 Batch:  41 Loss: 0.2592 Accuracy Train: 91.363%
Epoch: 19 Batch:  51 Loss: 0.2726 Accuracy Train: 91.425%
Epoch: 19 Batch:  61 Loss: 0.2775 Accuracy Train: 91.475%
Epoch: 19 Batch:  71 Loss: 0.2587 Accuracy Train: 91.499%
Epoch: 19 Batch:  81 Loss: 0.2630 Accuracy Train: 91.526%
Epoch: 19 Batch:  91 Loss: 0.2665 Accuracy Train: 91.500%
Epoch: 19 Batch: 101 Loss: 0.2713 Accuracy Train: 91.500%

Duration: 355 seconds
