Training DynNetGen(
  (layers): Sequential(
    (0): Sequential(
      (0): Flatten(start_dim=1, end_dim=-1)
      (1): Linear(in_features=64, out_features=2, bias=True)
    )
  )
) in cuda
=================================================================
Layer (type:depth-idx)                   Param #
=================================================================
DynNetGen                                --
├─Sequential: 1-1                        --
│    └─Sequential: 2-1                   --
│    │    └─Flatten: 3-1                 --
│    │    └─Linear: 3-2                  130
=================================================================
Total params: 130
Trainable params: 130
Non-trainable params: 0
=================================================================
Epoch:  0 Batch:   1 Loss: 0.6923 Accuracy Train: 52.000%
Epoch:  0 Batch:  11 Loss: 0.6714 Accuracy Train: 55.918%
Epoch:  0 Batch:  21 Loss: 0.6687 Accuracy Train: 56.690%
Epoch:  0 Batch:  31 Loss: 0.6646 Accuracy Train: 57.002%
Epoch:  0 Batch:  41 Loss: 0.6639 Accuracy Train: 57.261%
Epoch:  0 Batch:  51 Loss: 0.6698 Accuracy Train: 57.458%
Epoch:  0 Batch:  61 Loss: 0.6713 Accuracy Train: 57.480%
Epoch:  0 Batch:  71 Loss: 0.6669 Accuracy Train: 57.800%
Epoch:  0 Batch:  81 Loss: 0.6697 Accuracy Train: 57.809%
Epoch:  1 Batch:   1 Loss: 0.6693 Accuracy Train: 55.620%
Epoch:  1 Batch:  11 Loss: 0.6671 Accuracy Train: 57.842%
Epoch:  1 Batch:  21 Loss: 0.6599 Accuracy Train: 57.937%
Epoch:  1 Batch:  31 Loss: 0.6562 Accuracy Train: 57.955%
Epoch:  1 Batch:  41 Loss: 0.6617 Accuracy Train: 57.963%
Epoch:  1 Batch:  51 Loss: 0.6684 Accuracy Train: 58.067%
Epoch:  1 Batch:  61 Loss: 0.6649 Accuracy Train: 58.068%
Epoch:  1 Batch:  71 Loss: 0.6646 Accuracy Train: 58.055%
Epoch:  1 Batch:  81 Loss: 0.6576 Accuracy Train: 58.102%
Epoch:  2 Batch:   1 Loss: 0.6596 Accuracy Train: 59.300%
Epoch:  2 Batch:  11 Loss: 0.6571 Accuracy Train: 58.418%
Epoch:  2 Batch:  21 Loss: 0.6584 Accuracy Train: 58.200%
Epoch:  2 Batch:  31 Loss: 0.6592 Accuracy Train: 58.326%
Epoch:  2 Batch:  41 Loss: 0.6609 Accuracy Train: 58.236%
Epoch:  2 Batch:  51 Loss: 0.6567 Accuracy Train: 58.546%
Epoch:  2 Batch:  61 Loss: 0.6574 Accuracy Train: 58.444%
Epoch:  2 Batch:  71 Loss: 0.6648 Accuracy Train: 58.454%
Epoch:  2 Batch:  81 Loss: 0.6622 Accuracy Train: 58.475%
Epoch:  3 Batch:   1 Loss: 0.6718 Accuracy Train: 56.160%
Epoch:  3 Batch:  11 Loss: 0.6628 Accuracy Train: 59.020%
Epoch:  3 Batch:  21 Loss: 0.6586 Accuracy Train: 59.531%
Epoch:  3 Batch:  31 Loss: 0.6662 Accuracy Train: 59.053%
Epoch:  3 Batch:  41 Loss: 0.6669 Accuracy Train: 58.711%
Epoch:  3 Batch:  51 Loss: 0.6673 Accuracy Train: 58.753%
Epoch:  3 Batch:  61 Loss: 0.6639 Accuracy Train: 58.965%
Epoch:  3 Batch:  71 Loss: 0.6603 Accuracy Train: 58.872%
Epoch:  3 Batch:  81 Loss: 0.6578 Accuracy Train: 58.796%
Epoch:  4 Batch:   1 Loss: 0.6602 Accuracy Train: 58.240%
Epoch:  4 Batch:  11 Loss: 0.6602 Accuracy Train: 58.965%
Epoch:  4 Batch:  21 Loss: 0.6648 Accuracy Train: 58.789%
Epoch:  4 Batch:  31 Loss: 0.6640 Accuracy Train: 58.532%
Epoch:  4 Batch:  41 Loss: 0.6612 Accuracy Train: 58.441%
Epoch:  4 Batch:  51 Loss: 0.6603 Accuracy Train: 58.514%
Epoch:  4 Batch:  61 Loss: 0.6610 Accuracy Train: 58.451%
Epoch:  4 Batch:  71 Loss: 0.6644 Accuracy Train: 58.383%
Epoch:  4 Batch:  81 Loss: 0.6576 Accuracy Train: 58.332%
Epoch:  5 Batch:   1 Loss: 0.6613 Accuracy Train: 57.200%
Epoch:  5 Batch:  11 Loss: 0.6604 Accuracy Train: 58.055%
Epoch:  5 Batch:  21 Loss: 0.6596 Accuracy Train: 57.987%
Epoch:  5 Batch:  31 Loss: 0.6658 Accuracy Train: 58.063%
Epoch:  5 Batch:  41 Loss: 0.6643 Accuracy Train: 58.083%
Epoch:  5 Batch:  51 Loss: 0.6635 Accuracy Train: 58.129%
Epoch:  5 Batch:  61 Loss: 0.6620 Accuracy Train: 58.215%
Epoch:  5 Batch:  71 Loss: 0.6549 Accuracy Train: 58.425%
Epoch:  5 Batch:  81 Loss: 0.6600 Accuracy Train: 58.390%
Epoch:  6 Batch:   1 Loss: 0.6599 Accuracy Train: 58.160%
Epoch:  6 Batch:  11 Loss: 0.6627 Accuracy Train: 57.987%
Epoch:  6 Batch:  21 Loss: 0.6567 Accuracy Train: 59.090%
Epoch:  6 Batch:  31 Loss: 0.6637 Accuracy Train: 58.757%
Epoch:  6 Batch:  41 Loss: 0.6556 Accuracy Train: 58.584%
Epoch:  6 Batch:  51 Loss: 0.6680 Accuracy Train: 58.467%
Epoch:  6 Batch:  61 Loss: 0.6589 Accuracy Train: 58.703%
Epoch:  6 Batch:  71 Loss: 0.6648 Accuracy Train: 58.631%
Epoch:  6 Batch:  81 Loss: 0.6609 Accuracy Train: 58.540%
Epoch:  7 Batch:   1 Loss: 0.6640 Accuracy Train: 58.440%
Epoch:  7 Batch:  11 Loss: 0.6554 Accuracy Train: 57.896%
Epoch:  7 Batch:  21 Loss: 0.6599 Accuracy Train: 58.341%
Epoch:  7 Batch:  31 Loss: 0.6612 Accuracy Train: 58.623%
Epoch:  7 Batch:  41 Loss: 0.6607 Accuracy Train: 59.098%
Epoch:  7 Batch:  51 Loss: 0.6588 Accuracy Train: 59.041%
Epoch:  7 Batch:  61 Loss: 0.6634 Accuracy Train: 59.126%
Epoch:  7 Batch:  71 Loss: 0.6601 Accuracy Train: 59.012%
Epoch:  7 Batch:  81 Loss: 0.6651 Accuracy Train: 58.941%
Epoch:  8 Batch:   1 Loss: 0.6682 Accuracy Train: 57.540%
Epoch:  8 Batch:  11 Loss: 0.6538 Accuracy Train: 58.247%
Epoch:  8 Batch:  21 Loss: 0.6576 Accuracy Train: 58.228%
Epoch:  8 Batch:  31 Loss: 0.6631 Accuracy Train: 58.226%
Epoch:  8 Batch:  41 Loss: 0.6619 Accuracy Train: 58.419%
Epoch:  8 Batch:  51 Loss: 0.6576 Accuracy Train: 58.405%
Epoch:  8 Batch:  61 Loss: 0.6630 Accuracy Train: 58.375%
Epoch:  8 Batch:  71 Loss: 0.6654 Accuracy Train: 58.370%
Epoch:  8 Batch:  81 Loss: 0.6630 Accuracy Train: 58.318%
Epoch:  9 Batch:   1 Loss: 0.6620 Accuracy Train: 58.620%
Epoch:  9 Batch:  11 Loss: 0.6642 Accuracy Train: 59.004%
Epoch:  9 Batch:  21 Loss: 0.6652 Accuracy Train: 58.859%
Epoch:  9 Batch:  31 Loss: 0.6597 Accuracy Train: 58.597%
Epoch:  9 Batch:  41 Loss: 0.6555 Accuracy Train: 58.486%
Epoch:  9 Batch:  51 Loss: 0.6562 Accuracy Train: 58.363%
Epoch:  9 Batch:  61 Loss: 0.6526 Accuracy Train: 58.367%
Epoch:  9 Batch:  71 Loss: 0.6598 Accuracy Train: 58.523%
Epoch:  9 Batch:  81 Loss: 0.6604 Accuracy Train: 58.464%
Epoch: 10 Batch:   1 Loss: 0.6617 Accuracy Train: 58.500%
Epoch: 10 Batch:  11 Loss: 0.6615 Accuracy Train: 58.149%
Epoch: 10 Batch:  21 Loss: 0.6562 Accuracy Train: 58.127%
Epoch: 10 Batch:  31 Loss: 0.6599 Accuracy Train: 58.709%
Epoch: 10 Batch:  41 Loss: 0.6578 Accuracy Train: 59.015%
Epoch: 10 Batch:  51 Loss: 0.6552 Accuracy Train: 58.863%
Epoch: 10 Batch:  61 Loss: 0.6572 Accuracy Train: 58.751%
Epoch: 10 Batch:  71 Loss: 0.6584 Accuracy Train: 58.902%
Epoch: 10 Batch:  81 Loss: 0.6589 Accuracy Train: 58.798%
Epoch: 11 Batch:   1 Loss: 0.6594 Accuracy Train: 57.840%
Epoch: 11 Batch:  11 Loss: 0.6561 Accuracy Train: 58.036%
Epoch: 11 Batch:  21 Loss: 0.6590 Accuracy Train: 58.075%
Epoch: 11 Batch:  31 Loss: 0.6643 Accuracy Train: 58.094%
Epoch: 11 Batch:  41 Loss: 0.6610 Accuracy Train: 58.114%
Epoch: 11 Batch:  51 Loss: 0.6595 Accuracy Train: 58.099%
Epoch: 11 Batch:  61 Loss: 0.6596 Accuracy Train: 58.089%
Epoch: 11 Batch:  71 Loss: 0.6567 Accuracy Train: 58.201%
Epoch: 11 Batch:  81 Loss: 0.6593 Accuracy Train: 58.206%
Epoch: 12 Batch:   1 Loss: 0.6571 Accuracy Train: 57.400%
Epoch: 12 Batch:  11 Loss: 0.6542 Accuracy Train: 58.062%
Epoch: 12 Batch:  21 Loss: 0.6609 Accuracy Train: 58.185%
Epoch: 12 Batch:  31 Loss: 0.6563 Accuracy Train: 58.125%
Epoch: 12 Batch:  41 Loss: 0.6592 Accuracy Train: 58.140%
Epoch: 12 Batch:  51 Loss: 0.6587 Accuracy Train: 58.169%
Epoch: 12 Batch:  61 Loss: 0.6570 Accuracy Train: 58.287%
Epoch: 12 Batch:  71 Loss: 0.6603 Accuracy Train: 58.236%
Epoch: 12 Batch:  81 Loss: 0.6593 Accuracy Train: 58.228%
Epoch: 13 Batch:   1 Loss: 0.6536 Accuracy Train: 58.320%
Epoch: 13 Batch:  11 Loss: 0.6586 Accuracy Train: 57.989%
Epoch: 13 Batch:  21 Loss: 0.6570 Accuracy Train: 57.985%
Epoch: 13 Batch:  31 Loss: 0.6553 Accuracy Train: 58.047%
Epoch: 13 Batch:  41 Loss: 0.6551 Accuracy Train: 58.062%
Epoch: 13 Batch:  51 Loss: 0.6606 Accuracy Train: 58.071%
Epoch: 13 Batch:  61 Loss: 0.6592 Accuracy Train: 58.086%
Epoch: 13 Batch:  71 Loss: 0.6570 Accuracy Train: 58.112%
Epoch: 13 Batch:  81 Loss: 0.6554 Accuracy Train: 58.138%
Epoch: 14 Batch:   1 Loss: 0.6608 Accuracy Train: 57.640%
Epoch: 14 Batch:  11 Loss: 0.6594 Accuracy Train: 58.133%
Epoch: 14 Batch:  21 Loss: 0.6530 Accuracy Train: 58.108%
Epoch: 14 Batch:  31 Loss: 0.6601 Accuracy Train: 58.132%
Epoch: 14 Batch:  41 Loss: 0.6663 Accuracy Train: 58.149%
Epoch: 14 Batch:  51 Loss: 0.6571 Accuracy Train: 58.187%
Epoch: 14 Batch:  61 Loss: 0.6608 Accuracy Train: 58.589%
Epoch: 14 Batch:  71 Loss: 0.6599 Accuracy Train: 58.522%
Epoch: 14 Batch:  81 Loss: 0.6563 Accuracy Train: 58.468%
Epoch: 15 Batch:   1 Loss: 0.6600 Accuracy Train: 58.680%
Epoch: 15 Batch:  11 Loss: 0.6481 Accuracy Train: 58.889%
Epoch: 15 Batch:  21 Loss: 0.6611 Accuracy Train: 59.741%
Epoch: 15 Batch:  31 Loss: 0.6607 Accuracy Train: 59.192%
Epoch: 15 Batch:  41 Loss: 0.6548 Accuracy Train: 58.914%
Epoch: 15 Batch:  51 Loss: 0.6568 Accuracy Train: 58.749%
Epoch: 15 Batch:  61 Loss: 0.6592 Accuracy Train: 58.672%
Epoch: 15 Batch:  71 Loss: 0.6579 Accuracy Train: 58.596%
Epoch: 15 Batch:  81 Loss: 0.6580 Accuracy Train: 58.555%
Epoch: 16 Batch:   1 Loss: 0.6591 Accuracy Train: 57.900%
Epoch: 16 Batch:  11 Loss: 0.6592 Accuracy Train: 58.100%
Epoch: 16 Batch:  21 Loss: 0.6574 Accuracy Train: 58.048%
Epoch: 16 Batch:  31 Loss: 0.6583 Accuracy Train: 58.121%
Epoch: 16 Batch:  41 Loss: 0.6575 Accuracy Train: 58.064%
Epoch: 16 Batch:  51 Loss: 0.6710 Accuracy Train: 58.040%
Epoch: 16 Batch:  61 Loss: 0.6564 Accuracy Train: 58.077%
Epoch: 16 Batch:  71 Loss: 0.6607 Accuracy Train: 58.112%
Epoch: 16 Batch:  81 Loss: 0.6519 Accuracy Train: 58.119%
Epoch: 17 Batch:   1 Loss: 0.6569 Accuracy Train: 56.540%
Epoch: 17 Batch:  11 Loss: 0.6606 Accuracy Train: 58.020%
Epoch: 17 Batch:  21 Loss: 0.6567 Accuracy Train: 59.964%
Epoch: 17 Batch:  31 Loss: 0.6570 Accuracy Train: 59.391%
Epoch: 17 Batch:  41 Loss: 0.6566 Accuracy Train: 59.041%
Epoch: 17 Batch:  51 Loss: 0.6565 Accuracy Train: 58.874%
Epoch: 17 Batch:  61 Loss: 0.6672 Accuracy Train: 58.844%
Epoch: 17 Batch:  71 Loss: 0.6533 Accuracy Train: 58.775%
Epoch: 17 Batch:  81 Loss: 0.6596 Accuracy Train: 58.833%
Epoch: 18 Batch:   1 Loss: 0.6572 Accuracy Train: 57.680%
Epoch: 18 Batch:  11 Loss: 0.6592 Accuracy Train: 59.296%
Epoch: 18 Batch:  21 Loss: 0.6577 Accuracy Train: 59.247%
Epoch: 18 Batch:  31 Loss: 0.6534 Accuracy Train: 58.943%
Epoch: 18 Batch:  41 Loss: 0.6522 Accuracy Train: 58.672%
Epoch: 18 Batch:  51 Loss: 0.6627 Accuracy Train: 58.576%
Epoch: 18 Batch:  61 Loss: 0.6557 Accuracy Train: 58.469%
Epoch: 18 Batch:  71 Loss: 0.6550 Accuracy Train: 58.450%
Epoch: 18 Batch:  81 Loss: 0.6588 Accuracy Train: 58.428%
Epoch: 19 Batch:   1 Loss: 0.6577 Accuracy Train: 59.700%
Epoch: 19 Batch:  11 Loss: 0.6512 Accuracy Train: 57.895%
Epoch: 19 Batch:  21 Loss: 0.6624 Accuracy Train: 57.964%
Epoch: 19 Batch:  31 Loss: 0.6610 Accuracy Train: 57.990%
Epoch: 19 Batch:  41 Loss: 0.6534 Accuracy Train: 58.053%
Epoch: 19 Batch:  51 Loss: 0.6553 Accuracy Train: 58.135%
Epoch: 19 Batch:  61 Loss: 0.6625 Accuracy Train: 58.178%
Epoch: 19 Batch:  71 Loss: 0.6597 Accuracy Train: 58.177%
Epoch: 19 Batch:  81 Loss: 0.6518 Accuracy Train: 58.388%

Duration: 53 seconds
