Training DynNetGen(
  (layers): Sequential(
    (0): Sequential(
      (0): Conv2d(1, 32, kernel_size=(3, 3), stride=(1, 1))
      (1): BatchNorm2d(32, eps=1e-05, momentum=0.1, affine=True, track_running_stats=True)
      (2): ReLU()
    )
    (1): Sequential(
      (0): Conv2d(32, 64, kernel_size=(2, 2), stride=(1, 1))
      (1): BatchNorm2d(64, eps=1e-05, momentum=0.1, affine=True, track_running_stats=True)
      (2): ReLU()
    )
    (2): Sequential(
      (0): Conv2d(64, 128, kernel_size=(2, 2), stride=(1, 1))
      (1): BatchNorm2d(128, eps=1e-05, momentum=0.1, affine=True, track_running_stats=True)
      (2): ReLU()
    )
    (3): Sequential(
      (0): Flatten(start_dim=1, end_dim=-1)
      (1): Linear(in_features=2048, out_features=2, bias=True)
    )
  )
) in cuda
=================================================================
Layer (type:depth-idx)                   Param #
=================================================================
DynNetGen                                --
├─Sequential: 1-1                        --
│    └─Sequential: 2-1                   --
│    │    └─Conv2d: 3-1                  320
│    │    └─BatchNorm2d: 3-2             64
│    │    └─ReLU: 3-3                    --
│    └─Sequential: 2-2                   --
│    │    └─Conv2d: 3-4                  8,256
│    │    └─BatchNorm2d: 3-5             128
│    │    └─ReLU: 3-6                    --
│    └─Sequential: 2-3                   --
│    │    └─Conv2d: 3-7                  32,896
│    │    └─BatchNorm2d: 3-8             256
│    │    └─ReLU: 3-9                    --
│    └─Sequential: 2-4                   --
│    │    └─Flatten: 3-10                --
│    │    └─Linear: 3-11                 4,098
=================================================================
Total params: 46,018
Trainable params: 46,018
Non-trainable params: 0
=================================================================
Epoch:  0 Batch:   1 Loss: 0.6989 Accuracy Train: 49.720%
Epoch:  0 Batch:  11 Loss: 0.8498 Accuracy Train: 55.735%
Epoch:  0 Batch:  21 Loss: 0.6308 Accuracy Train: 57.661%
Epoch:  0 Batch:  31 Loss: 0.6099 Accuracy Train: 59.019%
Epoch:  0 Batch:  41 Loss: 0.5817 Accuracy Train: 60.732%
Epoch:  1 Batch:   1 Loss: 0.5778 Accuracy Train: 69.100%
Epoch:  1 Batch:  11 Loss: 0.5606 Accuracy Train: 68.051%
Epoch:  1 Batch:  21 Loss: 0.5603 Accuracy Train: 68.470%
Epoch:  1 Batch:  31 Loss: 0.5474 Accuracy Train: 67.922%
Epoch:  1 Batch:  41 Loss: 0.5455 Accuracy Train: 68.173%
Epoch:  2 Batch:   1 Loss: 0.5531 Accuracy Train: 58.280%
Epoch:  2 Batch:  11 Loss: 0.5509 Accuracy Train: 68.416%
Epoch:  2 Batch:  21 Loss: 0.5405 Accuracy Train: 69.818%
Epoch:  2 Batch:  31 Loss: 0.5448 Accuracy Train: 70.331%
Epoch:  2 Batch:  41 Loss: 0.5501 Accuracy Train: 70.372%
Epoch:  3 Batch:   1 Loss: 0.5341 Accuracy Train: 71.200%
Epoch:  3 Batch:  11 Loss: 0.5293 Accuracy Train: 72.362%
Epoch:  3 Batch:  21 Loss: 0.5793 Accuracy Train: 69.838%
Epoch:  3 Batch:  31 Loss: 0.5601 Accuracy Train: 69.379%
Epoch:  3 Batch:  41 Loss: 0.5481 Accuracy Train: 69.845%
Epoch:  4 Batch:   1 Loss: 0.5203 Accuracy Train: 72.280%
Epoch:  4 Batch:  11 Loss: 0.5446 Accuracy Train: 71.969%
Epoch:  4 Batch:  21 Loss: 0.5251 Accuracy Train: 71.685%
Epoch:  4 Batch:  31 Loss: 0.5402 Accuracy Train: 71.037%
Epoch:  4 Batch:  41 Loss: 0.5308 Accuracy Train: 71.131%
Epoch:  5 Batch:   1 Loss: 0.5250 Accuracy Train: 72.120%
Epoch:  5 Batch:  11 Loss: 0.5272 Accuracy Train: 72.360%
Epoch:  5 Batch:  21 Loss: 0.5236 Accuracy Train: 72.867%
Epoch:  5 Batch:  31 Loss: 0.5422 Accuracy Train: 72.433%
Epoch:  5 Batch:  41 Loss: 0.5173 Accuracy Train: 72.304%
Epoch:  6 Batch:   1 Loss: 0.5092 Accuracy Train: 75.020%
Epoch:  6 Batch:  11 Loss: 0.5379 Accuracy Train: 73.318%
Epoch:  6 Batch:  21 Loss: 0.5257 Accuracy Train: 73.560%
Epoch:  6 Batch:  31 Loss: 0.5068 Accuracy Train: 73.618%
Epoch:  6 Batch:  41 Loss: 0.5085 Accuracy Train: 73.717%
Epoch:  7 Batch:   1 Loss: 0.5217 Accuracy Train: 72.980%
Epoch:  7 Batch:  11 Loss: 0.5240 Accuracy Train: 72.076%
Epoch:  7 Batch:  21 Loss: 0.5263 Accuracy Train: 72.917%
Epoch:  7 Batch:  31 Loss: 0.4997 Accuracy Train: 73.305%
Epoch:  7 Batch:  41 Loss: 0.5105 Accuracy Train: 73.562%
Epoch:  8 Batch:   1 Loss: 0.5275 Accuracy Train: 58.820%
Epoch:  8 Batch:  11 Loss: 0.5138 Accuracy Train: 72.722%
Epoch:  8 Batch:  21 Loss: 0.5383 Accuracy Train: 73.117%
Epoch:  8 Batch:  31 Loss: 0.5160 Accuracy Train: 73.272%
Epoch:  8 Batch:  41 Loss: 0.5328 Accuracy Train: 73.470%
Epoch:  9 Batch:   1 Loss: 0.5039 Accuracy Train: 74.480%
Epoch:  9 Batch:  11 Loss: 0.4995 Accuracy Train: 74.060%
Epoch:  9 Batch:  21 Loss: 0.5100 Accuracy Train: 74.119%
Epoch:  9 Batch:  31 Loss: 0.5240 Accuracy Train: 74.112%
Epoch:  9 Batch:  41 Loss: 0.5177 Accuracy Train: 73.298%
Epoch: 10 Batch:   1 Loss: 0.5357 Accuracy Train: 72.560%
Epoch: 10 Batch:  11 Loss: 0.5210 Accuracy Train: 75.189%
Epoch: 10 Batch:  21 Loss: 0.5009 Accuracy Train: 74.640%
Epoch: 10 Batch:  31 Loss: 0.5048 Accuracy Train: 74.777%
Epoch: 10 Batch:  41 Loss: 0.5165 Accuracy Train: 74.631%
Epoch: 11 Batch:   1 Loss: 0.5243 Accuracy Train: 58.300%
Epoch: 11 Batch:  11 Loss: 0.4963 Accuracy Train: 71.278%
Epoch: 11 Batch:  21 Loss: 0.4966 Accuracy Train: 73.254%
Epoch: 11 Batch:  31 Loss: 0.5001 Accuracy Train: 73.572%
Epoch: 11 Batch:  41 Loss: 0.4899 Accuracy Train: 73.951%
Epoch: 12 Batch:   1 Loss: 0.4801 Accuracy Train: 74.520%
Epoch: 12 Batch:  11 Loss: 0.5333 Accuracy Train: 72.315%
Epoch: 12 Batch:  21 Loss: 0.5462 Accuracy Train: 72.098%
Epoch: 12 Batch:  31 Loss: 0.5219 Accuracy Train: 72.955%
Epoch: 12 Batch:  41 Loss: 0.4976 Accuracy Train: 73.225%
Epoch: 13 Batch:   1 Loss: 0.4915 Accuracy Train: 74.280%
Epoch: 13 Batch:  11 Loss: 0.4963 Accuracy Train: 74.633%
Epoch: 13 Batch:  21 Loss: 0.4848 Accuracy Train: 72.083%
Epoch: 13 Batch:  31 Loss: 0.4926 Accuracy Train: 72.551%
Epoch: 13 Batch:  41 Loss: 1.0218 Accuracy Train: 72.205%
Epoch: 14 Batch:   1 Loss: 0.7814 Accuracy Train: 69.040%
Epoch: 14 Batch:  11 Loss: 0.5621 Accuracy Train: 68.516%
Epoch: 14 Batch:  21 Loss: 0.5501 Accuracy Train: 68.851%
Epoch: 14 Batch:  31 Loss: 0.5335 Accuracy Train: 69.781%
Epoch: 14 Batch:  41 Loss: 0.5265 Accuracy Train: 70.063%
Epoch: 15 Batch:   1 Loss: 0.5271 Accuracy Train: 74.020%
Epoch: 15 Batch:  11 Loss: 0.5349 Accuracy Train: 72.784%
Epoch: 15 Batch:  21 Loss: 0.5240 Accuracy Train: 72.926%
Epoch: 15 Batch:  31 Loss: 0.5173 Accuracy Train: 73.232%
Epoch: 15 Batch:  41 Loss: 0.5095 Accuracy Train: 73.262%
Epoch: 16 Batch:   1 Loss: 0.5203 Accuracy Train: 73.240%
Epoch: 16 Batch:  11 Loss: 0.5056 Accuracy Train: 74.256%
Epoch: 16 Batch:  21 Loss: 0.5266 Accuracy Train: 74.002%
Epoch: 16 Batch:  31 Loss: 0.5277 Accuracy Train: 72.333%
Epoch: 16 Batch:  41 Loss: 0.5109 Accuracy Train: 72.995%
Epoch: 17 Batch:   1 Loss: 0.5093 Accuracy Train: 74.160%
Epoch: 17 Batch:  11 Loss: 0.5050 Accuracy Train: 74.029%
Epoch: 17 Batch:  21 Loss: 0.5049 Accuracy Train: 74.108%
Epoch: 17 Batch:  31 Loss: 0.5009 Accuracy Train: 74.136%
Epoch: 17 Batch:  41 Loss: 0.4904 Accuracy Train: 74.122%
Epoch: 18 Batch:   1 Loss: 0.5033 Accuracy Train: 73.200%
Epoch: 18 Batch:  11 Loss: 0.4908 Accuracy Train: 75.327%
Epoch: 18 Batch:  21 Loss: 0.5025 Accuracy Train: 74.665%
Epoch: 18 Batch:  31 Loss: 0.4914 Accuracy Train: 74.939%
Epoch: 18 Batch:  41 Loss: 0.5178 Accuracy Train: 74.969%
Epoch: 19 Batch:   1 Loss: 0.4974 Accuracy Train: 74.080%
Epoch: 19 Batch:  11 Loss: 0.4721 Accuracy Train: 75.169%
Epoch: 19 Batch:  21 Loss: 0.4606 Accuracy Train: 75.452%
Epoch: 19 Batch:  31 Loss: 0.4903 Accuracy Train: 74.774%
Epoch: 19 Batch:  41 Loss: 0.4687 Accuracy Train: 74.867%

Duration: 84 seconds
