Training DynNetGen(
  (layers): Sequential(
    (0): Sequential(
      (0): Conv2d(1, 32, kernel_size=(3, 3), stride=(1, 1))
      (1): BatchNorm2d(32, eps=1e-05, momentum=0.1, affine=True, track_running_stats=True)
      (2): ReLU()
    )
    (1): Sequential(
      (0): Conv2d(32, 64, kernel_size=(2, 2), stride=(1, 1))
      (1): BatchNorm2d(64, eps=1e-05, momentum=0.1, affine=True, track_running_stats=True)
      (2): ReLU()
    )
    (2): Sequential(
      (0): Conv2d(64, 128, kernel_size=(2, 2), stride=(1, 1))
      (1): BatchNorm2d(128, eps=1e-05, momentum=0.1, affine=True, track_running_stats=True)
      (2): ReLU()
    )
    (3): Sequential(
      (0): Flatten(start_dim=1, end_dim=-1)
      (1): Linear(in_features=2048, out_features=2, bias=True)
    )
  )
) in cuda
=================================================================
Layer (type:depth-idx)                   Param #
=================================================================
DynNetGen                                --
├─Sequential: 1-1                        --
│    └─Sequential: 2-1                   --
│    │    └─Conv2d: 3-1                  320
│    │    └─BatchNorm2d: 3-2             64
│    │    └─ReLU: 3-3                    --
│    └─Sequential: 2-2                   --
│    │    └─Conv2d: 3-4                  8,256
│    │    └─BatchNorm2d: 3-5             128
│    │    └─ReLU: 3-6                    --
│    └─Sequential: 2-3                   --
│    │    └─Conv2d: 3-7                  32,896
│    │    └─BatchNorm2d: 3-8             256
│    │    └─ReLU: 3-9                    --
│    └─Sequential: 2-4                   --
│    │    └─Flatten: 3-10                --
│    │    └─Linear: 3-11                 4,098
=================================================================
Total params: 46,018
Trainable params: 46,018
Non-trainable params: 0
=================================================================
Epoch:  0 Batch:   1 Loss: 0.7305 Accuracy Train: 51.560%
Epoch:  0 Batch:  11 Loss: 0.9643 Accuracy Train: 50.338%
Epoch:  0 Batch:  21 Loss: 0.8499 Accuracy Train: 51.749%
Epoch:  0 Batch:  31 Loss: 0.6484 Accuracy Train: 53.501%
Epoch:  0 Batch:  41 Loss: 0.6303 Accuracy Train: 55.136%
Epoch:  0 Batch:  51 Loss: 0.6033 Accuracy Train: 56.977%
Epoch:  0 Batch:  61 Loss: 0.6010 Accuracy Train: 58.455%
Epoch:  0 Batch:  71 Loss: 0.6048 Accuracy Train: 59.669%
Epoch:  0 Batch:  81 Loss: 0.6016 Accuracy Train: 60.600%
Epoch:  0 Batch:  91 Loss: 0.5888 Accuracy Train: 61.279%
Epoch:  0 Batch: 101 Loss: 0.5907 Accuracy Train: 61.833%
Epoch:  0 Batch: 111 Loss: 0.5850 Accuracy Train: 62.277%
Epoch:  0 Batch: 121 Loss: 0.5815 Accuracy Train: 62.661%
Epoch:  0 Batch: 131 Loss: 0.5806 Accuracy Train: 62.983%
Epoch:  0 Batch: 141 Loss: 0.5948 Accuracy Train: 63.262%
Epoch:  0 Batch: 151 Loss: 0.5906 Accuracy Train: 63.473%
Epoch:  0 Batch: 161 Loss: 0.5922 Accuracy Train: 63.486%
Epoch:  0 Batch: 171 Loss: 0.5676 Accuracy Train: 63.633%
Epoch:  0 Batch: 181 Loss: 0.5677 Accuracy Train: 63.838%
Epoch:  1 Batch:   1 Loss: 0.6095 Accuracy Train: 55.320%
Epoch:  1 Batch:  11 Loss: 0.5887 Accuracy Train: 64.453%
Epoch:  1 Batch:  21 Loss: 0.5909 Accuracy Train: 65.651%
Epoch:  1 Batch:  31 Loss: 0.5747 Accuracy Train: 66.399%
Epoch:  1 Batch:  41 Loss: 0.5690 Accuracy Train: 66.578%
Epoch:  1 Batch:  51 Loss: 0.5517 Accuracy Train: 66.971%
Epoch:  1 Batch:  61 Loss: 0.5778 Accuracy Train: 66.655%
Epoch:  1 Batch:  71 Loss: 0.5768 Accuracy Train: 66.715%
Epoch:  1 Batch:  81 Loss: 0.5880 Accuracy Train: 66.687%
Epoch:  1 Batch:  91 Loss: 0.5607 Accuracy Train: 66.918%
Epoch:  1 Batch: 101 Loss: 0.5544 Accuracy Train: 67.058%
Epoch:  1 Batch: 111 Loss: 0.5557 Accuracy Train: 67.228%
Epoch:  1 Batch: 121 Loss: 0.5578 Accuracy Train: 67.399%
Epoch:  1 Batch: 131 Loss: 0.5479 Accuracy Train: 67.505%
Epoch:  1 Batch: 141 Loss: 0.5724 Accuracy Train: 67.575%
Epoch:  1 Batch: 151 Loss: 0.5656 Accuracy Train: 67.659%
Epoch:  1 Batch: 161 Loss: 0.5512 Accuracy Train: 67.757%
Epoch:  1 Batch: 171 Loss: 0.5558 Accuracy Train: 67.864%
Epoch:  1 Batch: 181 Loss: 0.5562 Accuracy Train: 67.930%
Epoch:  2 Batch:   1 Loss: 0.5559 Accuracy Train: 69.520%
Epoch:  2 Batch:  11 Loss: 0.5761 Accuracy Train: 68.762%
Epoch:  2 Batch:  21 Loss: 0.5592 Accuracy Train: 68.866%
Epoch:  2 Batch:  31 Loss: 0.5532 Accuracy Train: 69.017%
Epoch:  2 Batch:  41 Loss: 0.5513 Accuracy Train: 69.245%
Epoch:  2 Batch:  51 Loss: 0.5414 Accuracy Train: 69.279%
Epoch:  2 Batch:  61 Loss: 0.5540 Accuracy Train: 69.103%
Epoch:  2 Batch:  71 Loss: 0.5562 Accuracy Train: 69.165%
Epoch:  2 Batch:  81 Loss: 0.5515 Accuracy Train: 69.187%
Epoch:  2 Batch:  91 Loss: 0.5351 Accuracy Train: 69.169%
Epoch:  2 Batch: 101 Loss: 0.5402 Accuracy Train: 69.150%
Epoch:  2 Batch: 111 Loss: 0.5521 Accuracy Train: 69.209%
Epoch:  2 Batch: 121 Loss: 0.5512 Accuracy Train: 69.323%
Epoch:  2 Batch: 131 Loss: 0.5430 Accuracy Train: 69.320%
Epoch:  2 Batch: 141 Loss: 0.5426 Accuracy Train: 69.450%
Epoch:  2 Batch: 151 Loss: 0.5511 Accuracy Train: 69.491%
Epoch:  2 Batch: 161 Loss: 0.5359 Accuracy Train: 69.443%
Epoch:  2 Batch: 171 Loss: 0.5339 Accuracy Train: 69.490%
Epoch:  2 Batch: 181 Loss: 0.5305 Accuracy Train: 69.501%
Epoch:  3 Batch:   1 Loss: 0.5424 Accuracy Train: 71.380%
Epoch:  3 Batch:  11 Loss: 0.5355 Accuracy Train: 69.995%
Epoch:  3 Batch:  21 Loss: 0.5306 Accuracy Train: 69.932%
Epoch:  3 Batch:  31 Loss: 0.5302 Accuracy Train: 70.162%
Epoch:  3 Batch:  41 Loss: 0.5451 Accuracy Train: 70.185%
Epoch:  3 Batch:  51 Loss: 0.5341 Accuracy Train: 70.333%
Epoch:  3 Batch:  61 Loss: 0.5590 Accuracy Train: 70.458%
Epoch:  3 Batch:  71 Loss: 0.5675 Accuracy Train: 70.163%
Epoch:  3 Batch:  81 Loss: 0.5521 Accuracy Train: 69.956%
Epoch:  3 Batch:  91 Loss: 0.5421 Accuracy Train: 69.882%
Epoch:  3 Batch: 101 Loss: 0.5419 Accuracy Train: 69.898%
Epoch:  3 Batch: 111 Loss: 0.5359 Accuracy Train: 69.912%
Epoch:  3 Batch: 121 Loss: 0.5416 Accuracy Train: 69.894%
Epoch:  3 Batch: 131 Loss: 0.5384 Accuracy Train: 69.882%
Epoch:  3 Batch: 141 Loss: 0.5297 Accuracy Train: 69.904%
Epoch:  3 Batch: 151 Loss: 0.5237 Accuracy Train: 69.930%
Epoch:  3 Batch: 161 Loss: 0.5343 Accuracy Train: 69.953%
Epoch:  3 Batch: 171 Loss: 0.5373 Accuracy Train: 69.959%
Epoch:  3 Batch: 181 Loss: 0.5371 Accuracy Train: 69.953%
Epoch:  4 Batch:   1 Loss: 0.5271 Accuracy Train: 71.040%
Epoch:  4 Batch:  11 Loss: 0.5352 Accuracy Train: 70.956%
Epoch:  4 Batch:  21 Loss: 0.5264 Accuracy Train: 71.213%
Epoch:  4 Batch:  31 Loss: 0.5351 Accuracy Train: 71.091%
Epoch:  4 Batch:  41 Loss: 0.5319 Accuracy Train: 70.927%
Epoch:  4 Batch:  51 Loss: 0.5227 Accuracy Train: 71.044%
Epoch:  4 Batch:  61 Loss: 0.5197 Accuracy Train: 70.859%
Epoch:  4 Batch:  71 Loss: 0.5430 Accuracy Train: 70.729%
Epoch:  4 Batch:  81 Loss: 0.5276 Accuracy Train: 70.634%
Epoch:  4 Batch:  91 Loss: 0.5338 Accuracy Train: 70.697%
Epoch:  4 Batch: 101 Loss: 0.5099 Accuracy Train: 70.825%
Epoch:  4 Batch: 111 Loss: 0.5292 Accuracy Train: 70.840%
Epoch:  4 Batch: 121 Loss: 0.5144 Accuracy Train: 70.906%
Epoch:  4 Batch: 131 Loss: 0.5285 Accuracy Train: 70.964%
Epoch:  4 Batch: 141 Loss: 0.5508 Accuracy Train: 70.993%
Epoch:  4 Batch: 151 Loss: 0.5352 Accuracy Train: 71.017%
Epoch:  4 Batch: 161 Loss: 0.5407 Accuracy Train: 70.995%
Epoch:  4 Batch: 171 Loss: 0.5154 Accuracy Train: 71.029%
Epoch:  4 Batch: 181 Loss: 0.5331 Accuracy Train: 71.067%
Epoch:  5 Batch:   1 Loss: 0.5394 Accuracy Train: 71.340%
Epoch:  5 Batch:  11 Loss: 0.5214 Accuracy Train: 71.395%
Epoch:  5 Batch:  21 Loss: 0.5258 Accuracy Train: 70.878%
Epoch:  5 Batch:  31 Loss: 0.5290 Accuracy Train: 71.292%
Epoch:  5 Batch:  41 Loss: 0.5181 Accuracy Train: 71.275%
Epoch:  5 Batch:  51 Loss: 0.5160 Accuracy Train: 71.478%
Epoch:  5 Batch:  61 Loss: 0.5184 Accuracy Train: 71.461%
Epoch:  5 Batch:  71 Loss: 0.5189 Accuracy Train: 71.597%
Epoch:  5 Batch:  81 Loss: 0.5280 Accuracy Train: 71.648%
Epoch:  5 Batch:  91 Loss: 0.5295 Accuracy Train: 71.750%
Epoch:  5 Batch: 101 Loss: 0.5093 Accuracy Train: 71.717%
Epoch:  5 Batch: 111 Loss: 0.5236 Accuracy Train: 71.824%
Epoch:  5 Batch: 121 Loss: 0.5183 Accuracy Train: 71.814%
Epoch:  5 Batch: 131 Loss: 0.5190 Accuracy Train: 71.817%
Epoch:  5 Batch: 141 Loss: 0.5259 Accuracy Train: 71.802%
Epoch:  5 Batch: 151 Loss: 0.5217 Accuracy Train: 71.800%
Epoch:  5 Batch: 161 Loss: 0.5154 Accuracy Train: 71.825%
Epoch:  5 Batch: 171 Loss: 0.5448 Accuracy Train: 71.789%
Epoch:  5 Batch: 181 Loss: 0.5106 Accuracy Train: 71.792%
Epoch:  6 Batch:   1 Loss: 0.5167 Accuracy Train: 69.100%
Epoch:  6 Batch:  11 Loss: 0.5172 Accuracy Train: 72.071%
Epoch:  6 Batch:  21 Loss: 0.5163 Accuracy Train: 72.314%
Epoch:  6 Batch:  31 Loss: 0.5241 Accuracy Train: 72.055%
Epoch:  6 Batch:  41 Loss: 0.5157 Accuracy Train: 72.189%
Epoch:  6 Batch:  51 Loss: 0.5282 Accuracy Train: 72.203%
Epoch:  6 Batch:  61 Loss: 0.5227 Accuracy Train: 72.202%
Epoch:  6 Batch:  71 Loss: 0.5190 Accuracy Train: 72.090%
Epoch:  6 Batch:  81 Loss: 0.5210 Accuracy Train: 72.076%
Epoch:  6 Batch:  91 Loss: 0.5397 Accuracy Train: 72.012%
Epoch:  6 Batch: 101 Loss: 0.5453 Accuracy Train: 71.965%
Epoch:  6 Batch: 111 Loss: 0.5126 Accuracy Train: 71.918%
Epoch:  6 Batch: 121 Loss: 0.5242 Accuracy Train: 71.911%
Epoch:  6 Batch: 131 Loss: 0.5258 Accuracy Train: 71.859%
Epoch:  6 Batch: 141 Loss: 0.5082 Accuracy Train: 71.867%
Epoch:  6 Batch: 151 Loss: 0.5127 Accuracy Train: 71.893%
Epoch:  6 Batch: 161 Loss: 0.5194 Accuracy Train: 71.879%
Epoch:  6 Batch: 171 Loss: 0.5386 Accuracy Train: 71.869%
Epoch:  6 Batch: 181 Loss: 0.5153 Accuracy Train: 71.870%
Epoch:  7 Batch:   1 Loss: 0.5305 Accuracy Train: 71.540%
Epoch:  7 Batch:  11 Loss: 0.5091 Accuracy Train: 71.831%
Epoch:  7 Batch:  21 Loss: 0.5244 Accuracy Train: 71.715%
Epoch:  7 Batch:  31 Loss: 0.5259 Accuracy Train: 71.846%
Epoch:  7 Batch:  41 Loss: 0.5069 Accuracy Train: 71.991%
Epoch:  7 Batch:  51 Loss: 0.5312 Accuracy Train: 71.817%
Epoch:  7 Batch:  61 Loss: 0.5173 Accuracy Train: 71.923%
Epoch:  7 Batch:  71 Loss: 0.5101 Accuracy Train: 72.033%
Epoch:  7 Batch:  81 Loss: 0.5108 Accuracy Train: 72.097%
Epoch:  7 Batch:  91 Loss: 0.5195 Accuracy Train: 72.014%
Epoch:  7 Batch: 101 Loss: 0.5253 Accuracy Train: 72.035%
Epoch:  7 Batch: 111 Loss: 0.5305 Accuracy Train: 72.018%
Epoch:  7 Batch: 121 Loss: 0.5159 Accuracy Train: 71.987%
Epoch:  7 Batch: 131 Loss: 0.5119 Accuracy Train: 72.019%
Epoch:  7 Batch: 141 Loss: 0.5145 Accuracy Train: 72.027%
Epoch:  7 Batch: 151 Loss: 0.5205 Accuracy Train: 72.060%
Epoch:  7 Batch: 161 Loss: 0.5140 Accuracy Train: 72.113%
Epoch:  7 Batch: 171 Loss: 0.5166 Accuracy Train: 72.106%
Epoch:  7 Batch: 181 Loss: 0.5429 Accuracy Train: 72.122%
Epoch:  8 Batch:   1 Loss: 0.5106 Accuracy Train: 72.620%
Epoch:  8 Batch:  11 Loss: 0.5199 Accuracy Train: 72.020%
Epoch:  8 Batch:  21 Loss: 0.5100 Accuracy Train: 72.145%
Epoch:  8 Batch:  31 Loss: 0.5199 Accuracy Train: 72.186%
Epoch:  8 Batch:  41 Loss: 0.5143 Accuracy Train: 72.254%
Epoch:  8 Batch:  51 Loss: 0.5253 Accuracy Train: 72.156%
Epoch:  8 Batch:  61 Loss: 0.5149 Accuracy Train: 72.222%
Epoch:  8 Batch:  71 Loss: 0.5146 Accuracy Train: 72.256%
Epoch:  8 Batch:  81 Loss: 0.5072 Accuracy Train: 72.330%
Epoch:  8 Batch:  91 Loss: 0.5077 Accuracy Train: 72.335%
Epoch:  8 Batch: 101 Loss: 0.5187 Accuracy Train: 72.307%
Epoch:  8 Batch: 111 Loss: 0.5244 Accuracy Train: 72.330%
Epoch:  8 Batch: 121 Loss: 0.5251 Accuracy Train: 72.251%
Epoch:  8 Batch: 131 Loss: 0.5280 Accuracy Train: 72.198%
Epoch:  8 Batch: 141 Loss: 0.5277 Accuracy Train: 72.237%
Epoch:  8 Batch: 151 Loss: 0.5103 Accuracy Train: 72.227%
Epoch:  8 Batch: 161 Loss: 0.5269 Accuracy Train: 72.248%
Epoch:  8 Batch: 171 Loss: 0.5181 Accuracy Train: 72.253%
Epoch:  8 Batch: 181 Loss: 0.5181 Accuracy Train: 72.264%
Epoch:  9 Batch:   1 Loss: 0.5214 Accuracy Train: 72.020%
Epoch:  9 Batch:  11 Loss: 0.5114 Accuracy Train: 72.675%
Epoch:  9 Batch:  21 Loss: 0.5094 Accuracy Train: 72.452%
Epoch:  9 Batch:  31 Loss: 0.5063 Accuracy Train: 72.473%
Epoch:  9 Batch:  41 Loss: 0.5220 Accuracy Train: 72.442%
Epoch:  9 Batch:  51 Loss: 0.5235 Accuracy Train: 72.344%
Epoch:  9 Batch:  61 Loss: 0.5220 Accuracy Train: 72.337%
Epoch:  9 Batch:  71 Loss: 0.5226 Accuracy Train: 72.254%
Epoch:  9 Batch:  81 Loss: 0.5128 Accuracy Train: 72.210%
Epoch:  9 Batch:  91 Loss: 0.5103 Accuracy Train: 72.245%
Epoch:  9 Batch: 101 Loss: 0.5074 Accuracy Train: 72.261%
Epoch:  9 Batch: 111 Loss: 0.5187 Accuracy Train: 72.259%
Epoch:  9 Batch: 121 Loss: 0.5380 Accuracy Train: 72.236%
Epoch:  9 Batch: 131 Loss: 0.5071 Accuracy Train: 72.280%
Epoch:  9 Batch: 141 Loss: 0.5299 Accuracy Train: 72.257%
Epoch:  9 Batch: 151 Loss: 0.5154 Accuracy Train: 72.241%
Epoch:  9 Batch: 161 Loss: 0.5139 Accuracy Train: 72.210%
Epoch:  9 Batch: 171 Loss: 0.5188 Accuracy Train: 72.184%
Epoch:  9 Batch: 181 Loss: 0.5243 Accuracy Train: 72.196%
Epoch: 10 Batch:   1 Loss: 0.5246 Accuracy Train: 71.840%
Epoch: 10 Batch:  11 Loss: 0.5251 Accuracy Train: 72.258%
Epoch: 10 Batch:  21 Loss: 0.5202 Accuracy Train: 72.162%
Epoch: 10 Batch:  31 Loss: 0.5244 Accuracy Train: 72.316%
Epoch: 10 Batch:  41 Loss: 0.5151 Accuracy Train: 72.321%
Epoch: 10 Batch:  51 Loss: 0.5165 Accuracy Train: 72.428%
Epoch: 10 Batch:  61 Loss: 0.5159 Accuracy Train: 72.379%
Epoch: 10 Batch:  71 Loss: 0.5143 Accuracy Train: 72.376%
Epoch: 10 Batch:  81 Loss: 0.5205 Accuracy Train: 72.354%
Epoch: 10 Batch:  91 Loss: 0.5073 Accuracy Train: 72.389%
Epoch: 10 Batch: 101 Loss: 0.5221 Accuracy Train: 72.389%
Epoch: 10 Batch: 111 Loss: 0.5173 Accuracy Train: 72.382%
Epoch: 10 Batch: 121 Loss: 0.5090 Accuracy Train: 72.390%
Epoch: 10 Batch: 131 Loss: 0.5083 Accuracy Train: 72.410%
Epoch: 10 Batch: 141 Loss: 0.5134 Accuracy Train: 72.377%
Epoch: 10 Batch: 151 Loss: 0.5131 Accuracy Train: 72.385%
Epoch: 10 Batch: 161 Loss: 0.5113 Accuracy Train: 72.374%
Epoch: 10 Batch: 171 Loss: 0.5099 Accuracy Train: 72.386%
Epoch: 10 Batch: 181 Loss: 0.5206 Accuracy Train: 72.357%
Epoch: 11 Batch:   1 Loss: 0.5161 Accuracy Train: 72.700%
Epoch: 11 Batch:  11 Loss: 0.5232 Accuracy Train: 72.269%
Epoch: 11 Batch:  21 Loss: 0.5171 Accuracy Train: 72.431%
Epoch: 11 Batch:  31 Loss: 0.5203 Accuracy Train: 72.525%
Epoch: 11 Batch:  41 Loss: 0.5100 Accuracy Train: 72.560%
Epoch: 11 Batch:  51 Loss: 0.5147 Accuracy Train: 72.491%
Epoch: 11 Batch:  61 Loss: 0.5122 Accuracy Train: 72.391%
Epoch: 11 Batch:  71 Loss: 0.5174 Accuracy Train: 72.407%
Epoch: 11 Batch:  81 Loss: 0.5111 Accuracy Train: 72.433%
Epoch: 11 Batch:  91 Loss: 0.5106 Accuracy Train: 72.438%
Epoch: 11 Batch: 101 Loss: 0.5106 Accuracy Train: 72.470%
Epoch: 11 Batch: 111 Loss: 0.5075 Accuracy Train: 72.484%
Epoch: 11 Batch: 121 Loss: 0.5126 Accuracy Train: 72.476%
Epoch: 11 Batch: 131 Loss: 0.5235 Accuracy Train: 72.476%
Epoch: 11 Batch: 141 Loss: 0.5249 Accuracy Train: 72.468%
Epoch: 11 Batch: 151 Loss: 0.5140 Accuracy Train: 72.466%
Epoch: 11 Batch: 161 Loss: 0.5188 Accuracy Train: 72.417%
Epoch: 11 Batch: 171 Loss: 0.5163 Accuracy Train: 72.413%
Epoch: 11 Batch: 181 Loss: 0.5262 Accuracy Train: 72.428%
Epoch: 12 Batch:   1 Loss: 0.5197 Accuracy Train: 72.540%
Epoch: 12 Batch:  11 Loss: 0.5258 Accuracy Train: 72.255%
Epoch: 12 Batch:  21 Loss: 0.5076 Accuracy Train: 72.282%
Epoch: 12 Batch:  31 Loss: 0.5152 Accuracy Train: 72.417%
Epoch: 12 Batch:  41 Loss: 0.5196 Accuracy Train: 72.366%
Epoch: 12 Batch:  51 Loss: 0.5161 Accuracy Train: 72.470%
Epoch: 12 Batch:  61 Loss: 0.5176 Accuracy Train: 72.494%
Epoch: 12 Batch:  71 Loss: 0.5143 Accuracy Train: 72.531%
Epoch: 12 Batch:  81 Loss: 0.5113 Accuracy Train: 72.510%
Epoch: 12 Batch:  91 Loss: 0.5097 Accuracy Train: 72.505%
Epoch: 12 Batch: 101 Loss: 0.5218 Accuracy Train: 72.500%
Epoch: 12 Batch: 111 Loss: 0.5198 Accuracy Train: 72.512%
Epoch: 12 Batch: 121 Loss: 0.5047 Accuracy Train: 72.529%
Epoch: 12 Batch: 131 Loss: 0.5299 Accuracy Train: 72.505%
Epoch: 12 Batch: 141 Loss: 0.5048 Accuracy Train: 72.463%
Epoch: 12 Batch: 151 Loss: 0.5087 Accuracy Train: 72.486%
Epoch: 12 Batch: 161 Loss: 0.5247 Accuracy Train: 72.480%
Epoch: 12 Batch: 171 Loss: 0.5040 Accuracy Train: 72.476%
Epoch: 12 Batch: 181 Loss: 0.5170 Accuracy Train: 72.494%
Epoch: 13 Batch:   1 Loss: 0.5157 Accuracy Train: 73.480%
Epoch: 13 Batch:  11 Loss: 0.5142 Accuracy Train: 72.535%
Epoch: 13 Batch:  21 Loss: 0.5086 Accuracy Train: 72.655%
Epoch: 13 Batch:  31 Loss: 0.5055 Accuracy Train: 72.594%
Epoch: 13 Batch:  41 Loss: 0.5181 Accuracy Train: 72.520%
Epoch: 13 Batch:  51 Loss: 0.5183 Accuracy Train: 72.544%
Epoch: 13 Batch:  61 Loss: 0.5060 Accuracy Train: 72.563%
Epoch: 13 Batch:  71 Loss: 0.5199 Accuracy Train: 72.574%
Epoch: 13 Batch:  81 Loss: 0.5216 Accuracy Train: 72.563%
Epoch: 13 Batch:  91 Loss: 0.5208 Accuracy Train: 72.570%
Epoch: 13 Batch: 101 Loss: 0.5209 Accuracy Train: 72.532%
Epoch: 13 Batch: 111 Loss: 0.5158 Accuracy Train: 72.554%
Epoch: 13 Batch: 121 Loss: 0.5156 Accuracy Train: 72.575%
Epoch: 13 Batch: 131 Loss: 0.5265 Accuracy Train: 72.541%
Epoch: 13 Batch: 141 Loss: 0.5120 Accuracy Train: 72.533%
Epoch: 13 Batch: 151 Loss: 0.5138 Accuracy Train: 72.531%
Epoch: 13 Batch: 161 Loss: 0.5193 Accuracy Train: 72.533%
Epoch: 13 Batch: 171 Loss: 0.5164 Accuracy Train: 72.501%
Epoch: 13 Batch: 181 Loss: 0.5235 Accuracy Train: 72.511%
Epoch: 14 Batch:   1 Loss: 0.5157 Accuracy Train: 72.760%
Epoch: 14 Batch:  11 Loss: 0.5139 Accuracy Train: 72.853%
Epoch: 14 Batch:  21 Loss: 0.5113 Accuracy Train: 72.704%
Epoch: 14 Batch:  31 Loss: 0.5152 Accuracy Train: 72.641%
Epoch: 14 Batch:  41 Loss: 0.5185 Accuracy Train: 72.696%
Epoch: 14 Batch:  51 Loss: 0.5203 Accuracy Train: 72.728%
Epoch: 14 Batch:  61 Loss: 0.5236 Accuracy Train: 72.695%
Epoch: 14 Batch:  71 Loss: 0.5274 Accuracy Train: 72.571%
Epoch: 14 Batch:  81 Loss: 0.5150 Accuracy Train: 72.498%
Epoch: 14 Batch:  91 Loss: 0.5243 Accuracy Train: 72.473%
Epoch: 14 Batch: 101 Loss: 0.5102 Accuracy Train: 72.454%
Epoch: 14 Batch: 111 Loss: 0.5090 Accuracy Train: 72.461%
Epoch: 14 Batch: 121 Loss: 0.5218 Accuracy Train: 72.442%
Epoch: 14 Batch: 131 Loss: 0.5088 Accuracy Train: 72.455%
Epoch: 14 Batch: 141 Loss: 0.5212 Accuracy Train: 72.486%
Epoch: 14 Batch: 151 Loss: 0.5288 Accuracy Train: 72.467%
Epoch: 14 Batch: 161 Loss: 0.5194 Accuracy Train: 72.486%
Epoch: 14 Batch: 171 Loss: 0.5273 Accuracy Train: 72.486%
Epoch: 14 Batch: 181 Loss: 0.5099 Accuracy Train: 72.486%
Epoch: 15 Batch:   1 Loss: 0.5018 Accuracy Train: 73.440%
Epoch: 15 Batch:  11 Loss: 0.5145 Accuracy Train: 71.802%
Epoch: 15 Batch:  21 Loss: 0.5174 Accuracy Train: 71.973%
Epoch: 15 Batch:  31 Loss: 0.5216 Accuracy Train: 72.123%
Epoch: 15 Batch:  41 Loss: 0.5249 Accuracy Train: 72.252%
Epoch: 15 Batch:  51 Loss: 0.5112 Accuracy Train: 72.245%
Epoch: 15 Batch:  61 Loss: 0.5059 Accuracy Train: 72.273%
Epoch: 15 Batch:  71 Loss: 0.5094 Accuracy Train: 72.352%
Epoch: 15 Batch:  81 Loss: 0.5168 Accuracy Train: 72.397%
Epoch: 15 Batch:  91 Loss: 0.5259 Accuracy Train: 72.409%
Epoch: 15 Batch: 101 Loss: 0.5152 Accuracy Train: 72.370%
Epoch: 15 Batch: 111 Loss: 0.5179 Accuracy Train: 72.398%
Epoch: 15 Batch: 121 Loss: 0.5234 Accuracy Train: 72.400%
Epoch: 15 Batch: 131 Loss: 0.5258 Accuracy Train: 72.391%
Epoch: 15 Batch: 141 Loss: 0.5270 Accuracy Train: 72.424%
Epoch: 15 Batch: 151 Loss: 0.5172 Accuracy Train: 72.430%
Epoch: 15 Batch: 161 Loss: 0.5175 Accuracy Train: 72.455%
Epoch: 15 Batch: 171 Loss: 0.5121 Accuracy Train: 72.460%
Epoch: 15 Batch: 181 Loss: 0.5150 Accuracy Train: 72.482%
Epoch: 16 Batch:   1 Loss: 0.5052 Accuracy Train: 73.260%
Epoch: 16 Batch:  11 Loss: 0.5186 Accuracy Train: 72.324%
Epoch: 16 Batch:  21 Loss: 0.5126 Accuracy Train: 72.407%
Epoch: 16 Batch:  31 Loss: 0.4992 Accuracy Train: 72.452%
Epoch: 16 Batch:  41 Loss: 0.5146 Accuracy Train: 72.475%
Epoch: 16 Batch:  51 Loss: 0.5165 Accuracy Train: 72.513%
Epoch: 16 Batch:  61 Loss: 0.5147 Accuracy Train: 72.561%
Epoch: 16 Batch:  71 Loss: 0.5161 Accuracy Train: 72.570%
Epoch: 16 Batch:  81 Loss: 0.5135 Accuracy Train: 72.576%
Epoch: 16 Batch:  91 Loss: 0.5137 Accuracy Train: 72.551%
Epoch: 16 Batch: 101 Loss: 0.5166 Accuracy Train: 72.531%
Epoch: 16 Batch: 111 Loss: 0.5233 Accuracy Train: 72.477%
Epoch: 16 Batch: 121 Loss: 0.5174 Accuracy Train: 72.514%
Epoch: 16 Batch: 131 Loss: 0.5125 Accuracy Train: 72.503%
Epoch: 16 Batch: 141 Loss: 0.5182 Accuracy Train: 72.513%
Epoch: 16 Batch: 151 Loss: 0.5196 Accuracy Train: 72.513%
Epoch: 16 Batch: 161 Loss: 0.5210 Accuracy Train: 72.533%
Epoch: 16 Batch: 171 Loss: 0.5083 Accuracy Train: 72.534%
Epoch: 16 Batch: 181 Loss: 0.5112 Accuracy Train: 72.526%
Epoch: 17 Batch:   1 Loss: 0.5088 Accuracy Train: 73.180%
Epoch: 17 Batch:  11 Loss: 0.5140 Accuracy Train: 72.782%
Epoch: 17 Batch:  21 Loss: 0.5143 Accuracy Train: 72.853%
Epoch: 17 Batch:  31 Loss: 0.5254 Accuracy Train: 72.728%
Epoch: 17 Batch:  41 Loss: 0.5083 Accuracy Train: 72.682%
Epoch: 17 Batch:  51 Loss: 0.5145 Accuracy Train: 72.716%
Epoch: 17 Batch:  61 Loss: 0.5201 Accuracy Train: 72.684%
Epoch: 17 Batch:  71 Loss: 0.5140 Accuracy Train: 72.599%
Epoch: 17 Batch:  81 Loss: 0.5170 Accuracy Train: 72.642%
Epoch: 17 Batch:  91 Loss: 0.4992 Accuracy Train: 72.650%
Epoch: 17 Batch: 101 Loss: 0.5213 Accuracy Train: 72.610%
Epoch: 17 Batch: 111 Loss: 0.5027 Accuracy Train: 72.625%
Epoch: 17 Batch: 121 Loss: 0.5033 Accuracy Train: 72.638%
Epoch: 17 Batch: 131 Loss: 0.5127 Accuracy Train: 72.624%
Epoch: 17 Batch: 141 Loss: 0.5093 Accuracy Train: 72.609%
Epoch: 17 Batch: 151 Loss: 0.5155 Accuracy Train: 72.605%
Epoch: 17 Batch: 161 Loss: 0.5129 Accuracy Train: 72.592%
Epoch: 17 Batch: 171 Loss: 0.4946 Accuracy Train: 72.577%
Epoch: 17 Batch: 181 Loss: 0.5266 Accuracy Train: 72.605%
Epoch: 18 Batch:   1 Loss: 0.5145 Accuracy Train: 72.980%
Epoch: 18 Batch:  11 Loss: 0.5090 Accuracy Train: 72.480%
Epoch: 18 Batch:  21 Loss: 0.4973 Accuracy Train: 72.682%
Epoch: 18 Batch:  31 Loss: 0.5184 Accuracy Train: 72.651%
Epoch: 18 Batch:  41 Loss: 0.5134 Accuracy Train: 72.653%
Epoch: 18 Batch:  51 Loss: 0.5107 Accuracy Train: 72.680%
Epoch: 18 Batch:  61 Loss: 0.5102 Accuracy Train: 72.623%
Epoch: 18 Batch:  71 Loss: 0.5286 Accuracy Train: 72.597%
Epoch: 18 Batch:  81 Loss: 0.5158 Accuracy Train: 72.571%
Epoch: 18 Batch:  91 Loss: 0.5042 Accuracy Train: 72.536%
Epoch: 18 Batch: 101 Loss: 0.5048 Accuracy Train: 72.473%
Epoch: 18 Batch: 111 Loss: 0.5105 Accuracy Train: 72.472%
Epoch: 18 Batch: 121 Loss: 0.5089 Accuracy Train: 72.476%
Epoch: 18 Batch: 131 Loss: 0.5073 Accuracy Train: 72.495%
Epoch: 18 Batch: 141 Loss: 0.5171 Accuracy Train: 72.511%
Epoch: 18 Batch: 151 Loss: 0.5102 Accuracy Train: 72.504%
Epoch: 18 Batch: 161 Loss: 0.5049 Accuracy Train: 72.523%
Epoch: 18 Batch: 171 Loss: 0.5144 Accuracy Train: 72.537%
Epoch: 18 Batch: 181 Loss: 0.5278 Accuracy Train: 72.566%
Epoch: 19 Batch:   1 Loss: 0.5210 Accuracy Train: 72.420%
Epoch: 19 Batch:  11 Loss: 0.5169 Accuracy Train: 72.453%
Epoch: 19 Batch:  21 Loss: 0.5004 Accuracy Train: 72.620%
Epoch: 19 Batch:  31 Loss: 0.5177 Accuracy Train: 72.527%
Epoch: 19 Batch:  41 Loss: 0.5149 Accuracy Train: 72.595%
Epoch: 19 Batch:  51 Loss: 0.4962 Accuracy Train: 72.633%
Epoch: 19 Batch:  61 Loss: 0.5153 Accuracy Train: 72.672%
Epoch: 19 Batch:  71 Loss: 0.5105 Accuracy Train: 72.721%
Epoch: 19 Batch:  81 Loss: 0.5168 Accuracy Train: 72.724%
Epoch: 19 Batch:  91 Loss: 0.5082 Accuracy Train: 72.704%
Epoch: 19 Batch: 101 Loss: 0.5183 Accuracy Train: 72.689%
Epoch: 19 Batch: 111 Loss: 0.5084 Accuracy Train: 72.697%
Epoch: 19 Batch: 121 Loss: 0.5122 Accuracy Train: 72.710%
Epoch: 19 Batch: 131 Loss: 0.5067 Accuracy Train: 72.711%
Epoch: 19 Batch: 141 Loss: 0.5169 Accuracy Train: 72.696%
Epoch: 19 Batch: 151 Loss: 0.5104 Accuracy Train: 72.689%
Epoch: 19 Batch: 161 Loss: 0.5107 Accuracy Train: 72.676%
Epoch: 19 Batch: 171 Loss: 0.5178 Accuracy Train: 72.670%
Epoch: 19 Batch: 181 Loss: 0.5180 Accuracy Train: 72.647%

Duration: 355 seconds
