Training DynNetGen(
  (layers): Sequential(
    (0): Sequential(
      (0): Conv2d(1, 32, kernel_size=(3, 3), stride=(1, 1))
      (1): BatchNorm2d(32, eps=1e-05, momentum=0.1, affine=True, track_running_stats=True)
      (2): ReLU()
    )
    (1): Sequential(
      (0): Conv2d(32, 64, kernel_size=(2, 2), stride=(1, 1))
      (1): BatchNorm2d(64, eps=1e-05, momentum=0.1, affine=True, track_running_stats=True)
      (2): ReLU()
    )
    (2): Sequential(
      (0): Flatten(start_dim=1, end_dim=-1)
      (1): Linear(in_features=1600, out_features=2, bias=True)
    )
  )
) in cuda
=================================================================
Layer (type:depth-idx)                   Param #
=================================================================
DynNetGen                                --
├─Sequential: 1-1                        --
│    └─Sequential: 2-1                   --
│    │    └─Conv2d: 3-1                  320
│    │    └─BatchNorm2d: 3-2             64
│    │    └─ReLU: 3-3                    --
│    └─Sequential: 2-2                   --
│    │    └─Conv2d: 3-4                  8,256
│    │    └─BatchNorm2d: 3-5             128
│    │    └─ReLU: 3-6                    --
│    └─Sequential: 2-3                   --
│    │    └─Flatten: 3-7                 --
│    │    └─Linear: 3-8                  3,202
=================================================================
Total params: 11,970
Trainable params: 11,970
Non-trainable params: 0
=================================================================
Epoch:  0 Batch:   1 Loss: 0.6879 Accuracy Train: 50.100%
Epoch:  0 Batch:  11 Loss: 0.7934 Accuracy Train: 57.227%
Epoch:  0 Batch:  21 Loss: 0.8659 Accuracy Train: 60.364%
Epoch:  0 Batch:  31 Loss: 0.5976 Accuracy Train: 61.841%
Epoch:  0 Batch:  41 Loss: 0.5346 Accuracy Train: 63.531%
Epoch:  0 Batch:  51 Loss: 0.5383 Accuracy Train: 64.972%
Epoch:  0 Batch:  61 Loss: 0.5269 Accuracy Train: 66.448%
Epoch:  0 Batch:  71 Loss: 0.5248 Accuracy Train: 67.375%
Epoch:  0 Batch:  81 Loss: 0.5155 Accuracy Train: 68.187%
Epoch:  0 Batch:  91 Loss: 0.5171 Accuracy Train: 68.880%
Epoch:  0 Batch: 101 Loss: 0.5115 Accuracy Train: 69.428%
Epoch:  1 Batch:   1 Loss: 0.5089 Accuracy Train: 73.600%
Epoch:  1 Batch:  11 Loss: 0.4986 Accuracy Train: 75.504%
Epoch:  1 Batch:  21 Loss: 0.5166 Accuracy Train: 75.714%
Epoch:  1 Batch:  31 Loss: 0.5000 Accuracy Train: 75.958%
Epoch:  1 Batch:  41 Loss: 0.4999 Accuracy Train: 76.131%
Epoch:  1 Batch:  51 Loss: 0.5079 Accuracy Train: 76.349%
Epoch:  1 Batch:  61 Loss: 0.5213 Accuracy Train: 76.574%
Epoch:  1 Batch:  71 Loss: 0.4844 Accuracy Train: 76.776%
Epoch:  1 Batch:  81 Loss: 0.4941 Accuracy Train: 76.837%
Epoch:  1 Batch:  91 Loss: 0.4885 Accuracy Train: 77.014%
Epoch:  1 Batch: 101 Loss: 0.5102 Accuracy Train: 77.147%
Epoch:  2 Batch:   1 Loss: 0.5005 Accuracy Train: 75.960%
Epoch:  2 Batch:  11 Loss: 0.4756 Accuracy Train: 78.491%
Epoch:  2 Batch:  21 Loss: 0.4748 Accuracy Train: 78.391%
Epoch:  2 Batch:  31 Loss: 0.4818 Accuracy Train: 78.355%
Epoch:  2 Batch:  41 Loss: 0.4875 Accuracy Train: 78.339%
Epoch:  2 Batch:  51 Loss: 0.4735 Accuracy Train: 78.359%
Epoch:  2 Batch:  61 Loss: 0.4735 Accuracy Train: 78.473%
Epoch:  2 Batch:  71 Loss: 0.4655 Accuracy Train: 78.543%
Epoch:  2 Batch:  81 Loss: 0.4709 Accuracy Train: 78.627%
Epoch:  2 Batch:  91 Loss: 0.4706 Accuracy Train: 78.723%
Epoch:  2 Batch: 101 Loss: 0.4742 Accuracy Train: 78.712%
Epoch:  3 Batch:   1 Loss: 0.4736 Accuracy Train: 80.360%
Epoch:  3 Batch:  11 Loss: 0.4692 Accuracy Train: 79.400%
Epoch:  3 Batch:  21 Loss: 0.4670 Accuracy Train: 79.345%
Epoch:  3 Batch:  31 Loss: 0.4670 Accuracy Train: 79.356%
Epoch:  3 Batch:  41 Loss: 0.4508 Accuracy Train: 79.636%
Epoch:  3 Batch:  51 Loss: 0.4827 Accuracy Train: 79.780%
Epoch:  3 Batch:  61 Loss: 0.4950 Accuracy Train: 79.015%
Epoch:  3 Batch:  71 Loss: 0.4688 Accuracy Train: 79.095%
Epoch:  3 Batch:  81 Loss: 0.4681 Accuracy Train: 79.178%
Epoch:  3 Batch:  91 Loss: 0.4512 Accuracy Train: 79.286%
Epoch:  3 Batch: 101 Loss: 0.4626 Accuracy Train: 79.436%
Epoch:  4 Batch:   1 Loss: 0.4780 Accuracy Train: 79.820%
Epoch:  4 Batch:  11 Loss: 0.4750 Accuracy Train: 80.591%
Epoch:  4 Batch:  21 Loss: 0.4783 Accuracy Train: 80.572%
Epoch:  4 Batch:  31 Loss: 0.5126 Accuracy Train: 79.638%
Epoch:  4 Batch:  41 Loss: 0.4671 Accuracy Train: 79.567%
Epoch:  4 Batch:  51 Loss: 0.4673 Accuracy Train: 79.317%
Epoch:  4 Batch:  61 Loss: 0.4883 Accuracy Train: 79.414%
Epoch:  4 Batch:  71 Loss: 0.4630 Accuracy Train: 79.566%
Epoch:  4 Batch:  81 Loss: 0.4506 Accuracy Train: 79.742%
Epoch:  4 Batch:  91 Loss: 0.4585 Accuracy Train: 79.866%
Epoch:  4 Batch: 101 Loss: 0.4542 Accuracy Train: 79.974%
Epoch:  5 Batch:   1 Loss: 0.4310 Accuracy Train: 81.700%
Epoch:  5 Batch:  11 Loss: 0.4558 Accuracy Train: 81.135%
Epoch:  5 Batch:  21 Loss: 0.4366 Accuracy Train: 81.076%
Epoch:  5 Batch:  31 Loss: 0.4614 Accuracy Train: 80.984%
Epoch:  5 Batch:  41 Loss: 0.4476 Accuracy Train: 80.943%
Epoch:  5 Batch:  51 Loss: 0.4460 Accuracy Train: 80.918%
Epoch:  5 Batch:  61 Loss: 0.4503 Accuracy Train: 80.839%
Epoch:  5 Batch:  71 Loss: 0.4445 Accuracy Train: 81.024%
Epoch:  5 Batch:  81 Loss: 0.4404 Accuracy Train: 80.980%
Epoch:  5 Batch:  91 Loss: 0.4425 Accuracy Train: 80.964%
Epoch:  5 Batch: 101 Loss: 0.4279 Accuracy Train: 80.989%
Epoch:  6 Batch:   1 Loss: 0.4525 Accuracy Train: 81.080%
Epoch:  6 Batch:  11 Loss: 0.4885 Accuracy Train: 82.473%
Epoch:  6 Batch:  21 Loss: 0.4441 Accuracy Train: 81.670%
Epoch:  6 Batch:  31 Loss: 0.4472 Accuracy Train: 81.406%
Epoch:  6 Batch:  41 Loss: 0.4606 Accuracy Train: 81.196%
Epoch:  6 Batch:  51 Loss: 0.4208 Accuracy Train: 81.197%
Epoch:  6 Batch:  61 Loss: 0.4373 Accuracy Train: 81.165%
Epoch:  6 Batch:  71 Loss: 0.4383 Accuracy Train: 81.261%
Epoch:  6 Batch:  81 Loss: 0.4342 Accuracy Train: 81.327%
Epoch:  6 Batch:  91 Loss: 0.4279 Accuracy Train: 81.293%
Epoch:  6 Batch: 101 Loss: 0.4629 Accuracy Train: 81.294%
Epoch:  7 Batch:   1 Loss: 0.4328 Accuracy Train: 81.380%
Epoch:  7 Batch:  11 Loss: 0.4251 Accuracy Train: 80.784%
Epoch:  7 Batch:  21 Loss: 0.4217 Accuracy Train: 80.897%
Epoch:  7 Batch:  31 Loss: 0.4260 Accuracy Train: 80.844%
Epoch:  7 Batch:  41 Loss: 0.4429 Accuracy Train: 80.845%
Epoch:  7 Batch:  51 Loss: 0.4109 Accuracy Train: 81.049%
Epoch:  7 Batch:  61 Loss: 0.4158 Accuracy Train: 81.191%
Epoch:  7 Batch:  71 Loss: 0.4254 Accuracy Train: 81.210%
Epoch:  7 Batch:  81 Loss: 0.4175 Accuracy Train: 81.014%
Epoch:  7 Batch:  91 Loss: 0.4799 Accuracy Train: 81.211%
Epoch:  7 Batch: 101 Loss: 0.4198 Accuracy Train: 81.245%
Epoch:  8 Batch:   1 Loss: 0.4083 Accuracy Train: 80.920%
Epoch:  8 Batch:  11 Loss: 0.4117 Accuracy Train: 82.864%
Epoch:  8 Batch:  21 Loss: 0.4099 Accuracy Train: 80.628%
Epoch:  8 Batch:  31 Loss: 0.4254 Accuracy Train: 80.986%
Epoch:  8 Batch:  41 Loss: 0.4082 Accuracy Train: 80.977%
Epoch:  8 Batch:  51 Loss: 0.4109 Accuracy Train: 81.043%
Epoch:  8 Batch:  61 Loss: 0.3935 Accuracy Train: 81.007%
Epoch:  8 Batch:  71 Loss: 0.4646 Accuracy Train: 81.312%
Epoch:  8 Batch:  81 Loss: 0.4185 Accuracy Train: 81.339%
Epoch:  8 Batch:  91 Loss: 0.4027 Accuracy Train: 81.371%
Epoch:  8 Batch: 101 Loss: 0.5403 Accuracy Train: 80.714%
Epoch:  9 Batch:   1 Loss: 0.5270 Accuracy Train: 75.480%
Epoch:  9 Batch:  11 Loss: 0.4757 Accuracy Train: 75.964%
Epoch:  9 Batch:  21 Loss: 0.4714 Accuracy Train: 77.911%
Epoch:  9 Batch:  31 Loss: 0.4673 Accuracy Train: 78.190%
Epoch:  9 Batch:  41 Loss: 0.4678 Accuracy Train: 78.410%
Epoch:  9 Batch:  51 Loss: 0.4562 Accuracy Train: 78.749%
Epoch:  9 Batch:  61 Loss: 0.4414 Accuracy Train: 78.954%
Epoch:  9 Batch:  71 Loss: 0.4501 Accuracy Train: 79.187%
Epoch:  9 Batch:  81 Loss: 0.4526 Accuracy Train: 79.423%
Epoch:  9 Batch:  91 Loss: 0.4605 Accuracy Train: 79.604%
Epoch:  9 Batch: 101 Loss: 0.4921 Accuracy Train: 79.828%
Epoch: 10 Batch:   1 Loss: 0.4366 Accuracy Train: 80.560%
Epoch: 10 Batch:  11 Loss: 0.4540 Accuracy Train: 81.776%
Epoch: 10 Batch:  21 Loss: 0.4318 Accuracy Train: 81.454%
Epoch: 10 Batch:  31 Loss: 0.4222 Accuracy Train: 81.175%
Epoch: 10 Batch:  41 Loss: 0.4241 Accuracy Train: 81.354%
Epoch: 10 Batch:  51 Loss: 0.4230 Accuracy Train: 81.284%
Epoch: 10 Batch:  61 Loss: 0.4309 Accuracy Train: 81.225%
Epoch: 10 Batch:  71 Loss: 0.4200 Accuracy Train: 81.162%
Epoch: 10 Batch:  81 Loss: 0.6089 Accuracy Train: 80.148%
Epoch: 10 Batch:  91 Loss: 0.4681 Accuracy Train: 80.161%
Epoch: 10 Batch: 101 Loss: 0.4661 Accuracy Train: 80.085%
Epoch: 11 Batch:   1 Loss: 0.4715 Accuracy Train: 77.180%
Epoch: 11 Batch:  11 Loss: 0.4366 Accuracy Train: 80.415%
Epoch: 11 Batch:  21 Loss: 0.4411 Accuracy Train: 80.629%
Epoch: 11 Batch:  31 Loss: 0.4432 Accuracy Train: 80.754%
Epoch: 11 Batch:  41 Loss: 0.4376 Accuracy Train: 80.751%
Epoch: 11 Batch:  51 Loss: 0.4362 Accuracy Train: 80.809%
Epoch: 11 Batch:  61 Loss: 0.4398 Accuracy Train: 80.810%
Epoch: 11 Batch:  71 Loss: 0.4371 Accuracy Train: 80.814%
Epoch: 11 Batch:  81 Loss: 0.4332 Accuracy Train: 80.858%
Epoch: 11 Batch:  91 Loss: 0.4386 Accuracy Train: 80.848%
Epoch: 11 Batch: 101 Loss: 0.4187 Accuracy Train: 80.854%
Epoch: 12 Batch:   1 Loss: 0.4253 Accuracy Train: 80.900%
Epoch: 12 Batch:  11 Loss: 0.4130 Accuracy Train: 81.913%
Epoch: 12 Batch:  21 Loss: 0.4023 Accuracy Train: 82.860%
Epoch: 12 Batch:  31 Loss: 0.4232 Accuracy Train: 82.632%
Epoch: 12 Batch:  41 Loss: 0.4358 Accuracy Train: 82.602%
Epoch: 12 Batch:  51 Loss: 0.4085 Accuracy Train: 82.745%
Epoch: 12 Batch:  61 Loss: 0.4155 Accuracy Train: 82.875%
Epoch: 12 Batch:  71 Loss: 0.3989 Accuracy Train: 82.929%
Epoch: 12 Batch:  81 Loss: 0.4132 Accuracy Train: 83.102%
Epoch: 12 Batch:  91 Loss: 0.4613 Accuracy Train: 81.994%
Epoch: 12 Batch: 101 Loss: 0.4788 Accuracy Train: 81.392%
Epoch: 13 Batch:   1 Loss: 0.4659 Accuracy Train: 80.920%
Epoch: 13 Batch:  11 Loss: 0.4545 Accuracy Train: 79.371%
Epoch: 13 Batch:  21 Loss: 0.4605 Accuracy Train: 79.428%
Epoch: 13 Batch:  31 Loss: 0.4677 Accuracy Train: 79.786%
Epoch: 13 Batch:  41 Loss: 0.4547 Accuracy Train: 80.071%
Epoch: 13 Batch:  51 Loss: 0.4690 Accuracy Train: 80.220%
Epoch: 13 Batch:  61 Loss: 0.4525 Accuracy Train: 80.341%
Epoch: 13 Batch:  71 Loss: 0.4638 Accuracy Train: 80.425%
Epoch: 13 Batch:  81 Loss: 0.4514 Accuracy Train: 80.485%
Epoch: 13 Batch:  91 Loss: 0.4384 Accuracy Train: 80.538%
Epoch: 13 Batch: 101 Loss: 0.4462 Accuracy Train: 80.590%
Epoch: 14 Batch:   1 Loss: 0.4364 Accuracy Train: 81.180%
Epoch: 14 Batch:  11 Loss: 0.4427 Accuracy Train: 81.069%
Epoch: 14 Batch:  21 Loss: 0.4589 Accuracy Train: 81.048%
Epoch: 14 Batch:  31 Loss: 0.4379 Accuracy Train: 80.738%
Epoch: 14 Batch:  41 Loss: 0.4437 Accuracy Train: 80.767%
Epoch: 14 Batch:  51 Loss: 0.4182 Accuracy Train: 80.828%
Epoch: 14 Batch:  61 Loss: 0.4116 Accuracy Train: 80.822%
Epoch: 14 Batch:  71 Loss: 0.4389 Accuracy Train: 80.965%
Epoch: 14 Batch:  81 Loss: 0.4339 Accuracy Train: 80.951%
Epoch: 14 Batch:  91 Loss: 0.4329 Accuracy Train: 80.925%
Epoch: 14 Batch: 101 Loss: 0.4058 Accuracy Train: 80.941%
Epoch: 15 Batch:   1 Loss: 0.4003 Accuracy Train: 81.980%
Epoch: 15 Batch:  11 Loss: 0.5152 Accuracy Train: 70.860%
Epoch: 15 Batch:  21 Loss: 0.5795 Accuracy Train: 71.220%
Epoch: 15 Batch:  31 Loss: 0.4935 Accuracy Train: 71.852%
Epoch: 15 Batch:  41 Loss: 0.4884 Accuracy Train: 73.233%
Epoch: 15 Batch:  51 Loss: 0.4855 Accuracy Train: 74.102%
Epoch: 15 Batch:  61 Loss: 0.4806 Accuracy Train: 74.704%
Epoch: 15 Batch:  71 Loss: 0.4857 Accuracy Train: 75.146%
Epoch: 15 Batch:  81 Loss: 0.4572 Accuracy Train: 75.508%
Epoch: 15 Batch:  91 Loss: 0.4794 Accuracy Train: 75.786%
Epoch: 15 Batch: 101 Loss: 0.4748 Accuracy Train: 76.014%
Epoch: 16 Batch:   1 Loss: 0.4737 Accuracy Train: 77.680%
Epoch: 16 Batch:  11 Loss: 0.4836 Accuracy Train: 77.971%
Epoch: 16 Batch:  21 Loss: 0.4653 Accuracy Train: 78.020%
Epoch: 16 Batch:  31 Loss: 0.5054 Accuracy Train: 78.307%
Epoch: 16 Batch:  41 Loss: 0.5150 Accuracy Train: 77.488%
Epoch: 16 Batch:  51 Loss: 0.4679 Accuracy Train: 77.768%
Epoch: 16 Batch:  61 Loss: 0.4605 Accuracy Train: 77.894%
Epoch: 16 Batch:  71 Loss: 0.4676 Accuracy Train: 77.904%
Epoch: 16 Batch:  81 Loss: 0.4573 Accuracy Train: 77.984%
Epoch: 16 Batch:  91 Loss: 0.4628 Accuracy Train: 78.088%
Epoch: 16 Batch: 101 Loss: 0.4649 Accuracy Train: 78.143%
Epoch: 17 Batch:   1 Loss: 0.4670 Accuracy Train: 77.980%
Epoch: 17 Batch:  11 Loss: 0.4692 Accuracy Train: 78.329%
Epoch: 17 Batch:  21 Loss: 0.4549 Accuracy Train: 78.803%
Epoch: 17 Batch:  31 Loss: 0.4782 Accuracy Train: 78.790%
Epoch: 17 Batch:  41 Loss: 0.4671 Accuracy Train: 79.012%
Epoch: 17 Batch:  51 Loss: 0.4668 Accuracy Train: 79.138%
Epoch: 17 Batch:  61 Loss: 0.4786 Accuracy Train: 79.173%
Epoch: 17 Batch:  71 Loss: 0.4648 Accuracy Train: 79.269%
Epoch: 17 Batch:  81 Loss: 0.4496 Accuracy Train: 79.329%
Epoch: 17 Batch:  91 Loss: 0.4504 Accuracy Train: 79.436%
Epoch: 17 Batch: 101 Loss: 0.4609 Accuracy Train: 79.418%
Epoch: 18 Batch:   1 Loss: 0.4623 Accuracy Train: 80.760%
Epoch: 18 Batch:  11 Loss: 0.4568 Accuracy Train: 79.642%
Epoch: 18 Batch:  21 Loss: 0.4547 Accuracy Train: 79.608%
Epoch: 18 Batch:  31 Loss: 0.4694 Accuracy Train: 79.688%
