Training DynNetGen(
  (layers): Sequential(
    (0): Sequential(
      (0): Conv2d(1, 64, kernel_size=(3, 3), stride=(1, 1))
      (1): BatchNorm2d(64, eps=1e-05, momentum=0.1, affine=True, track_running_stats=True)
      (2): ReLU()
    )
    (1): Sequential(
      (0): Conv2d(64, 32, kernel_size=(2, 2), stride=(1, 1))
      (1): BatchNorm2d(32, eps=1e-05, momentum=0.1, affine=True, track_running_stats=True)
      (2): ReLU()
    )
    (2): Sequential(
      (0): Flatten(start_dim=1, end_dim=-1)
      (1): Linear(in_features=800, out_features=2, bias=True)
    )
  )
) in cuda
=================================================================
Layer (type:depth-idx)                   Param #
=================================================================
DynNetGen                                --
├─Sequential: 1-1                        --
│    └─Sequential: 2-1                   --
│    │    └─Conv2d: 3-1                  640
│    │    └─BatchNorm2d: 3-2             128
│    │    └─ReLU: 3-3                    --
│    └─Sequential: 2-2                   --
│    │    └─Conv2d: 3-4                  8,224
│    │    └─BatchNorm2d: 3-5             64
│    │    └─ReLU: 3-6                    --
│    └─Sequential: 2-3                   --
│    │    └─Flatten: 3-7                 --
│    │    └─Linear: 3-8                  1,602
=================================================================
Total params: 10,658
Trainable params: 10,658
Non-trainable params: 0
=================================================================
Epoch:  0 Batch:   1 Loss: 0.7435 Accuracy Train: 50.460%
Epoch:  0 Batch:  11 Loss: 0.6892 Accuracy Train: 55.358%
Epoch:  0 Batch:  21 Loss: 0.5808 Accuracy Train: 58.552%
Epoch:  0 Batch:  31 Loss: 0.5586 Accuracy Train: 60.670%
Epoch:  0 Batch:  41 Loss: 0.5573 Accuracy Train: 62.262%
Epoch:  0 Batch:  51 Loss: 0.5487 Accuracy Train: 63.607%
Epoch:  0 Batch:  61 Loss: 0.5374 Accuracy Train: 64.977%
Epoch:  0 Batch:  71 Loss: 0.5412 Accuracy Train: 66.001%
Epoch:  0 Batch:  81 Loss: 0.5249 Accuracy Train: 66.784%
Epoch:  0 Batch:  91 Loss: 0.5197 Accuracy Train: 67.504%
Epoch:  0 Batch: 101 Loss: 0.5235 Accuracy Train: 68.158%
Epoch:  1 Batch:   1 Loss: 0.5219 Accuracy Train: 75.680%
Epoch:  1 Batch:  11 Loss: 0.5300 Accuracy Train: 74.776%
Epoch:  1 Batch:  21 Loss: 0.5190 Accuracy Train: 74.785%
Epoch:  1 Batch:  31 Loss: 0.5159 Accuracy Train: 74.874%
Epoch:  1 Batch:  41 Loss: 0.5151 Accuracy Train: 75.149%
Epoch:  1 Batch:  51 Loss: 0.5231 Accuracy Train: 75.393%
Epoch:  1 Batch:  61 Loss: 0.4993 Accuracy Train: 75.436%
Epoch:  1 Batch:  71 Loss: 0.5121 Accuracy Train: 75.605%
Epoch:  1 Batch:  81 Loss: 0.5096 Accuracy Train: 75.739%
Epoch:  1 Batch:  91 Loss: 0.5045 Accuracy Train: 75.918%
Epoch:  1 Batch: 101 Loss: 0.4902 Accuracy Train: 76.058%
Epoch:  2 Batch:   1 Loss: 0.4866 Accuracy Train: 78.740%
Epoch:  2 Batch:  11 Loss: 0.4942 Accuracy Train: 77.651%
Epoch:  2 Batch:  21 Loss: 0.4802 Accuracy Train: 78.075%
Epoch:  2 Batch:  31 Loss: 0.4980 Accuracy Train: 78.005%
Epoch:  2 Batch:  41 Loss: 0.4875 Accuracy Train: 78.022%
Epoch:  2 Batch:  51 Loss: 0.4856 Accuracy Train: 78.016%
Epoch:  2 Batch:  61 Loss: 0.4782 Accuracy Train: 78.052%
Epoch:  2 Batch:  71 Loss: 0.4649 Accuracy Train: 78.054%
Epoch:  2 Batch:  81 Loss: 0.4702 Accuracy Train: 78.144%
Epoch:  2 Batch:  91 Loss: 0.4697 Accuracy Train: 78.192%
Epoch:  2 Batch: 101 Loss: 0.4725 Accuracy Train: 78.324%
Epoch:  3 Batch:   1 Loss: 0.4716 Accuracy Train: 80.960%
Epoch:  3 Batch:  11 Loss: 0.4837 Accuracy Train: 79.060%
Epoch:  3 Batch:  21 Loss: 0.4786 Accuracy Train: 79.087%
Epoch:  3 Batch:  31 Loss: 0.4629 Accuracy Train: 79.155%
Epoch:  3 Batch:  41 Loss: 0.4950 Accuracy Train: 79.122%
Epoch:  3 Batch:  51 Loss: 0.4741 Accuracy Train: 79.182%
Epoch:  3 Batch:  61 Loss: 0.4610 Accuracy Train: 79.242%
Epoch:  3 Batch:  71 Loss: 0.4834 Accuracy Train: 79.242%
Epoch:  3 Batch:  81 Loss: 0.4702 Accuracy Train: 79.296%
Epoch:  3 Batch:  91 Loss: 0.4724 Accuracy Train: 79.336%
Epoch:  3 Batch: 101 Loss: 0.4640 Accuracy Train: 79.409%
Epoch:  4 Batch:   1 Loss: 0.4822 Accuracy Train: 79.580%
Epoch:  4 Batch:  11 Loss: 0.4522 Accuracy Train: 81.125%
Epoch:  4 Batch:  21 Loss: 0.4722 Accuracy Train: 80.850%
Epoch:  4 Batch:  31 Loss: 0.4980 Accuracy Train: 80.499%
Epoch:  4 Batch:  41 Loss: 0.4659 Accuracy Train: 80.312%
Epoch:  4 Batch:  51 Loss: 0.4650 Accuracy Train: 80.355%
Epoch:  4 Batch:  61 Loss: 0.4490 Accuracy Train: 80.414%
Epoch:  4 Batch:  71 Loss: 0.4516 Accuracy Train: 80.478%
Epoch:  4 Batch:  81 Loss: 0.4660 Accuracy Train: 80.561%
Epoch:  4 Batch:  91 Loss: 0.4530 Accuracy Train: 80.600%
Epoch:  4 Batch: 101 Loss: 0.4543 Accuracy Train: 80.620%
Epoch:  5 Batch:   1 Loss: 0.4460 Accuracy Train: 81.280%
Epoch:  5 Batch:  11 Loss: 0.4797 Accuracy Train: 81.171%
Epoch:  5 Batch:  21 Loss: 0.4445 Accuracy Train: 81.139%
Epoch:  5 Batch:  31 Loss: 0.4268 Accuracy Train: 81.061%
Epoch:  5 Batch:  41 Loss: 0.4415 Accuracy Train: 81.023%
Epoch:  5 Batch:  51 Loss: 0.4369 Accuracy Train: 81.003%
Epoch:  5 Batch:  61 Loss: 0.4603 Accuracy Train: 80.986%
Epoch:  5 Batch:  71 Loss: 0.4435 Accuracy Train: 80.995%
Epoch:  5 Batch:  81 Loss: 0.4503 Accuracy Train: 80.979%
Epoch:  5 Batch:  91 Loss: 0.4357 Accuracy Train: 80.942%
Epoch:  5 Batch: 101 Loss: 0.4479 Accuracy Train: 80.929%
Epoch:  6 Batch:   1 Loss: 0.4565 Accuracy Train: 80.880%
Epoch:  6 Batch:  11 Loss: 0.4358 Accuracy Train: 80.884%
Epoch:  6 Batch:  21 Loss: 0.4344 Accuracy Train: 81.009%
Epoch:  6 Batch:  31 Loss: 0.5350 Accuracy Train: 81.135%
Epoch:  6 Batch:  41 Loss: 0.4750 Accuracy Train: 81.010%
Epoch:  6 Batch:  51 Loss: 0.4387 Accuracy Train: 80.937%
Epoch:  6 Batch:  61 Loss: 0.4495 Accuracy Train: 80.949%
Epoch:  6 Batch:  71 Loss: 0.4471 Accuracy Train: 80.986%
Epoch:  6 Batch:  81 Loss: 0.4418 Accuracy Train: 81.007%
Epoch:  6 Batch:  91 Loss: 0.4420 Accuracy Train: 80.983%
Epoch:  6 Batch: 101 Loss: 0.4595 Accuracy Train: 81.022%
Epoch:  7 Batch:   1 Loss: 0.4471 Accuracy Train: 81.180%
Epoch:  7 Batch:  11 Loss: 0.4402 Accuracy Train: 80.685%
Epoch:  7 Batch:  21 Loss: 0.4657 Accuracy Train: 81.313%
Epoch:  7 Batch:  31 Loss: 0.4219 Accuracy Train: 81.189%
Epoch:  7 Batch:  41 Loss: 0.4313 Accuracy Train: 81.147%
Epoch:  7 Batch:  51 Loss: 0.4440 Accuracy Train: 81.306%
Epoch:  7 Batch:  61 Loss: 0.4315 Accuracy Train: 81.238%
Epoch:  7 Batch:  71 Loss: 0.5094 Accuracy Train: 80.945%
Epoch:  7 Batch:  81 Loss: 0.4758 Accuracy Train: 80.862%
Epoch:  7 Batch:  91 Loss: 0.4555 Accuracy Train: 80.773%
Epoch:  7 Batch: 101 Loss: 0.4583 Accuracy Train: 80.792%
Epoch:  8 Batch:   1 Loss: 0.4482 Accuracy Train: 81.060%
Epoch:  8 Batch:  11 Loss: 0.4471 Accuracy Train: 80.936%
Epoch:  8 Batch:  21 Loss: 0.4262 Accuracy Train: 81.090%
Epoch:  8 Batch:  31 Loss: 0.4398 Accuracy Train: 80.945%
Epoch:  8 Batch:  41 Loss: 0.4117 Accuracy Train: 80.950%
Epoch:  8 Batch:  51 Loss: 0.4453 Accuracy Train: 81.149%
Epoch:  8 Batch:  61 Loss: 0.4346 Accuracy Train: 81.310%
Epoch:  8 Batch:  71 Loss: 0.4392 Accuracy Train: 81.369%
Epoch:  8 Batch:  81 Loss: 0.4142 Accuracy Train: 81.536%
Epoch:  8 Batch:  91 Loss: 0.4219 Accuracy Train: 81.480%
Epoch:  8 Batch: 101 Loss: 0.4160 Accuracy Train: 81.522%
Epoch:  9 Batch:   1 Loss: 0.4192 Accuracy Train: 80.340%
Epoch:  9 Batch:  11 Loss: 0.4081 Accuracy Train: 81.207%
Epoch:  9 Batch:  21 Loss: 0.4188 Accuracy Train: 81.579%
Epoch:  9 Batch:  31 Loss: 0.4193 Accuracy Train: 81.300%
Epoch:  9 Batch:  41 Loss: 0.4192 Accuracy Train: 81.189%
Epoch:  9 Batch:  51 Loss: 0.4357 Accuracy Train: 81.135%
Epoch:  9 Batch:  61 Loss: 0.5696 Accuracy Train: 80.339%
Epoch:  9 Batch:  71 Loss: 0.4610 Accuracy Train: 80.437%
Epoch:  9 Batch:  81 Loss: 0.4389 Accuracy Train: 80.486%
Epoch:  9 Batch:  91 Loss: 0.4217 Accuracy Train: 80.540%
Epoch:  9 Batch: 101 Loss: 0.4395 Accuracy Train: 80.771%
Epoch: 10 Batch:   1 Loss: 0.4426 Accuracy Train: 90.960%
Epoch: 10 Batch:  11 Loss: 0.4119 Accuracy Train: 82.709%
Epoch: 10 Batch:  21 Loss: 0.4227 Accuracy Train: 81.703%
Epoch: 10 Batch:  31 Loss: 0.4636 Accuracy Train: 80.715%
Epoch: 10 Batch:  41 Loss: 0.4377 Accuracy Train: 80.787%
Epoch: 10 Batch:  51 Loss: 0.4189 Accuracy Train: 80.779%
Epoch: 10 Batch:  61 Loss: 0.4115 Accuracy Train: 80.853%
Epoch: 10 Batch:  71 Loss: 0.4183 Accuracy Train: 80.997%
Epoch: 10 Batch:  81 Loss: 0.4131 Accuracy Train: 80.955%
Epoch: 10 Batch:  91 Loss: 0.4202 Accuracy Train: 81.094%
Epoch: 10 Batch: 101 Loss: 0.4276 Accuracy Train: 81.223%
Epoch: 11 Batch:   1 Loss: 0.4273 Accuracy Train: 81.000%
Epoch: 11 Batch:  11 Loss: 0.4175 Accuracy Train: 81.416%
Epoch: 11 Batch:  21 Loss: 0.4291 Accuracy Train: 81.977%
Epoch: 11 Batch:  31 Loss: 0.4255 Accuracy Train: 81.136%
Epoch: 11 Batch:  41 Loss: 0.4106 Accuracy Train: 81.503%
Epoch: 11 Batch:  51 Loss: 0.4386 Accuracy Train: 81.545%
Epoch: 11 Batch:  61 Loss: 0.4292 Accuracy Train: 81.343%
Epoch: 11 Batch:  71 Loss: 0.4158 Accuracy Train: 81.398%
Epoch: 11 Batch:  81 Loss: 0.4461 Accuracy Train: 81.670%
Epoch: 11 Batch:  91 Loss: 0.3961 Accuracy Train: 81.759%
Epoch: 11 Batch: 101 Loss: 0.4185 Accuracy Train: 81.940%
Epoch: 12 Batch:   1 Loss: 0.4388 Accuracy Train: 74.900%
Epoch: 12 Batch:  11 Loss: 0.3862 Accuracy Train: 82.420%
Epoch: 12 Batch:  21 Loss: 0.3952 Accuracy Train: 83.001%
Epoch: 12 Batch:  31 Loss: 0.4197 Accuracy Train: 83.502%
Epoch: 12 Batch:  41 Loss: 0.4226 Accuracy Train: 84.640%
Epoch: 12 Batch:  51 Loss: 0.4278 Accuracy Train: 84.246%
Epoch: 12 Batch:  61 Loss: 0.4086 Accuracy Train: 84.129%
Epoch: 12 Batch:  71 Loss: 0.3873 Accuracy Train: 84.075%
Epoch: 12 Batch:  81 Loss: 0.3807 Accuracy Train: 84.030%
Epoch: 12 Batch:  91 Loss: 0.3582 Accuracy Train: 84.607%
Epoch: 12 Batch: 101 Loss: 0.4747 Accuracy Train: 83.968%
Epoch: 13 Batch:   1 Loss: 0.5467 Accuracy Train: 58.100%
Epoch: 13 Batch:  11 Loss: 0.5086 Accuracy Train: 77.038%
Epoch: 13 Batch:  21 Loss: 0.4615 Accuracy Train: 78.539%
Epoch: 13 Batch:  31 Loss: 0.4383 Accuracy Train: 79.222%
Epoch: 13 Batch:  41 Loss: 0.4123 Accuracy Train: 79.612%
Epoch: 13 Batch:  51 Loss: 0.4758 Accuracy Train: 80.605%
Epoch: 13 Batch:  61 Loss: 0.4588 Accuracy Train: 80.387%
Epoch: 13 Batch:  71 Loss: 0.4571 Accuracy Train: 80.199%
Epoch: 13 Batch:  81 Loss: 0.4249 Accuracy Train: 80.182%
Epoch: 13 Batch:  91 Loss: 0.4418 Accuracy Train: 80.199%
Epoch: 13 Batch: 101 Loss: 0.4307 Accuracy Train: 80.276%
Epoch: 14 Batch:   1 Loss: 0.4304 Accuracy Train: 80.060%
Epoch: 14 Batch:  11 Loss: 0.4097 Accuracy Train: 81.620%
Epoch: 14 Batch:  21 Loss: 0.3916 Accuracy Train: 82.087%
Epoch: 14 Batch:  31 Loss: 0.4684 Accuracy Train: 80.834%
Epoch: 14 Batch:  41 Loss: 0.4681 Accuracy Train: 80.450%
Epoch: 14 Batch:  51 Loss: 0.4475 Accuracy Train: 80.219%
Epoch: 14 Batch:  61 Loss: 0.4487 Accuracy Train: 80.117%
Epoch: 14 Batch:  71 Loss: 0.4442 Accuracy Train: 80.045%
Epoch: 14 Batch:  81 Loss: 0.4473 Accuracy Train: 80.083%
Epoch: 14 Batch:  91 Loss: 0.4483 Accuracy Train: 80.135%
Epoch: 14 Batch: 101 Loss: 0.4445 Accuracy Train: 80.191%
Epoch: 15 Batch:   1 Loss: 0.4358 Accuracy Train: 81.020%
Epoch: 15 Batch:  11 Loss: 0.4382 Accuracy Train: 80.855%
Epoch: 15 Batch:  21 Loss: 0.4140 Accuracy Train: 80.851%
Epoch: 15 Batch:  31 Loss: 0.4131 Accuracy Train: 80.887%
Epoch: 15 Batch:  41 Loss: 0.4018 Accuracy Train: 80.951%
Epoch: 15 Batch:  51 Loss: 0.4135 Accuracy Train: 81.103%
Epoch: 15 Batch:  61 Loss: 0.4038 Accuracy Train: 81.169%
Epoch: 15 Batch:  71 Loss: 0.4118 Accuracy Train: 81.641%
Epoch: 15 Batch:  81 Loss: 0.3928 Accuracy Train: 82.121%
Epoch: 15 Batch:  91 Loss: 0.3856 Accuracy Train: 82.683%
Epoch: 15 Batch: 101 Loss: 0.3707 Accuracy Train: 83.406%
Epoch: 16 Batch:   1 Loss: 0.3790 Accuracy Train: 89.840%
Epoch: 16 Batch:  11 Loss: 0.4105 Accuracy Train: 89.791%
Epoch: 16 Batch:  21 Loss: 0.4268 Accuracy Train: 88.308%
Epoch: 16 Batch:  31 Loss: 0.4160 Accuracy Train: 86.692%
Epoch: 16 Batch:  41 Loss: 0.3811 Accuracy Train: 86.896%
Epoch: 16 Batch:  51 Loss: 0.3327 Accuracy Train: 87.501%
Epoch: 16 Batch:  61 Loss: 0.4468 Accuracy Train: 85.873%
Epoch: 16 Batch:  71 Loss: 0.4677 Accuracy Train: 84.606%
Epoch: 16 Batch:  81 Loss: 0.4482 Accuracy Train: 83.932%
Epoch: 16 Batch:  91 Loss: 0.4626 Accuracy Train: 83.554%
Epoch: 16 Batch: 101 Loss: 0.4576 Accuracy Train: 83.105%
Epoch: 17 Batch:   1 Loss: 0.4857 Accuracy Train: 77.060%
Epoch: 17 Batch:  11 Loss: 0.4695 Accuracy Train: 79.351%
Epoch: 17 Batch:  21 Loss: 0.4473 Accuracy Train: 80.011%
Epoch: 17 Batch:  31 Loss: 0.4539 Accuracy Train: 79.068%
Epoch: 17 Batch:  41 Loss: 0.4516 Accuracy Train: 79.340%
Epoch: 17 Batch:  51 Loss: 0.4394 Accuracy Train: 79.488%
Epoch: 17 Batch:  61 Loss: 0.4483 Accuracy Train: 79.544%
Epoch: 17 Batch:  71 Loss: 0.4449 Accuracy Train: 79.776%
Epoch: 17 Batch:  81 Loss: 0.4432 Accuracy Train: 79.978%
Epoch: 17 Batch:  91 Loss: 0.4533 Accuracy Train: 80.001%
Epoch: 17 Batch: 101 Loss: 0.4397 Accuracy Train: 80.033%
Epoch: 18 Batch:   1 Loss: 0.4520 Accuracy Train: 81.140%
Epoch: 18 Batch:  11 Loss: 0.4403 Accuracy Train: 81.580%
Epoch: 18 Batch:  21 Loss: 0.4909 Accuracy Train: 81.160%
Epoch: 18 Batch:  31 Loss: 0.4432 Accuracy Train: 81.651%
Epoch: 18 Batch:  41 Loss: 0.4400 Accuracy Train: 81.303%
Epoch: 18 Batch:  51 Loss: 0.4231 Accuracy Train: 81.181%
Epoch: 18 Batch:  61 Loss: 0.4881 Accuracy Train: 81.276%
Epoch: 18 Batch:  71 Loss: 0.4129 Accuracy Train: 81.350%
Epoch: 18 Batch:  81 Loss: 0.4475 Accuracy Train: 81.318%
Epoch: 18 Batch:  91 Loss: 0.4303 Accuracy Train: 81.269%
Epoch: 18 Batch: 101 Loss: 0.4256 Accuracy Train: 81.336%
Epoch: 19 Batch:   1 Loss: 0.4179 Accuracy Train: 81.100%
Epoch: 19 Batch:  11 Loss: 0.4165 Accuracy Train: 81.629%
Epoch: 19 Batch:  21 Loss: 0.4245 Accuracy Train: 81.246%
Epoch: 19 Batch:  31 Loss: 0.4322 Accuracy Train: 81.082%
Epoch: 19 Batch:  41 Loss: 0.4241 Accuracy Train: 81.258%
Epoch: 19 Batch:  51 Loss: 0.4096 Accuracy Train: 81.398%
Epoch: 19 Batch:  61 Loss: 0.4163 Accuracy Train: 81.330%
Epoch: 19 Batch:  71 Loss: 0.4223 Accuracy Train: 81.377%
Epoch: 19 Batch:  81 Loss: 0.4371 Accuracy Train: 81.484%
Epoch: 19 Batch:  91 Loss: 0.4299 Accuracy Train: 81.593%
Epoch: 19 Batch: 101 Loss: 0.4166 Accuracy Train: 81.503%

Duration: 116 seconds
