Training DynNetGen(
  (layers): Sequential(
    (0): Sequential(
      (0): Conv2d(1, 32, kernel_size=(4, 4), stride=(1, 1))
      (1): BatchNorm2d(32, eps=1e-05, momentum=0.1, affine=True, track_running_stats=True)
      (2): ReLU()
    )
    (1): Sequential(
      (0): Conv2d(32, 64, kernel_size=(2, 2), stride=(1, 1))
      (1): BatchNorm2d(64, eps=1e-05, momentum=0.1, affine=True, track_running_stats=True)
      (2): ReLU()
    )
    (2): Sequential(
      (0): Conv2d(64, 128, kernel_size=(2, 2), stride=(1, 1))
      (1): BatchNorm2d(128, eps=1e-05, momentum=0.1, affine=True, track_running_stats=True)
      (2): ReLU()
    )
    (3): Sequential(
      (0): Conv2d(128, 64, kernel_size=(2, 2), stride=(1, 1))
      (1): BatchNorm2d(64, eps=1e-05, momentum=0.1, affine=True, track_running_stats=True)
      (2): ReLU()
    )
    (4): Sequential(
      (0): Flatten(start_dim=1, end_dim=-1)
      (1): Linear(in_features=256, out_features=2, bias=True)
    )
  )
) in cuda
=================================================================
Layer (type:depth-idx)                   Param #
=================================================================
DynNetGen                                --
├─Sequential: 1-1                        --
│    └─Sequential: 2-1                   --
│    │    └─Conv2d: 3-1                  544
│    │    └─BatchNorm2d: 3-2             64
│    │    └─ReLU: 3-3                    --
│    └─Sequential: 2-2                   --
│    │    └─Conv2d: 3-4                  8,256
│    │    └─BatchNorm2d: 3-5             128
│    │    └─ReLU: 3-6                    --
│    └─Sequential: 2-3                   --
│    │    └─Conv2d: 3-7                  32,896
│    │    └─BatchNorm2d: 3-8             256
│    │    └─ReLU: 3-9                    --
│    └─Sequential: 2-4                   --
│    │    └─Conv2d: 3-10                 32,832
│    │    └─BatchNorm2d: 3-11            128
│    │    └─ReLU: 3-12                   --
│    └─Sequential: 2-5                   --
│    │    └─Flatten: 3-13                --
│    │    └─Linear: 3-14                 514
=================================================================
Total params: 75,618
Trainable params: 75,618
Non-trainable params: 0
=================================================================
Epoch:  0 Batch:   1 Loss: 0.6726 Accuracy Train: 57.920%
Epoch:  0 Batch:  11 Loss: 0.5793 Accuracy Train: 61.811%
Epoch:  0 Batch:  21 Loss: 0.5582 Accuracy Train: 65.301%
Epoch:  0 Batch:  31 Loss: 0.5381 Accuracy Train: 67.608%
Epoch:  0 Batch:  41 Loss: 0.5222 Accuracy Train: 69.343%
Epoch:  0 Batch:  51 Loss: 0.5383 Accuracy Train: 70.357%
Epoch:  0 Batch:  61 Loss: 0.5028 Accuracy Train: 70.770%
Epoch:  0 Batch:  71 Loss: 0.5093 Accuracy Train: 71.667%
Epoch:  0 Batch:  81 Loss: 0.4979 Accuracy Train: 72.442%
Epoch:  0 Batch:  91 Loss: 0.4800 Accuracy Train: 73.062%
Epoch:  0 Batch: 101 Loss: 0.5412 Accuracy Train: 73.628%
Epoch:  1 Batch:   1 Loss: 0.4740 Accuracy Train: 81.360%
Epoch:  1 Batch:  11 Loss: 0.4785 Accuracy Train: 79.233%
Epoch:  1 Batch:  21 Loss: 0.4651 Accuracy Train: 79.293%
Epoch:  1 Batch:  31 Loss: 0.4678 Accuracy Train: 79.263%
Epoch:  1 Batch:  41 Loss: 0.4904 Accuracy Train: 79.260%
Epoch:  1 Batch:  51 Loss: 0.4902 Accuracy Train: 79.121%
Epoch:  1 Batch:  61 Loss: 0.4654 Accuracy Train: 79.320%
Epoch:  1 Batch:  71 Loss: 0.4674 Accuracy Train: 79.357%
Epoch:  1 Batch:  81 Loss: 0.4594 Accuracy Train: 79.452%
Epoch:  1 Batch:  91 Loss: 0.4776 Accuracy Train: 79.525%
Epoch:  1 Batch: 101 Loss: 0.4692 Accuracy Train: 79.651%
Epoch:  2 Batch:   1 Loss: 0.4502 Accuracy Train: 81.980%
Epoch:  2 Batch:  11 Loss: 0.4580 Accuracy Train: 80.964%
Epoch:  2 Batch:  21 Loss: 0.4378 Accuracy Train: 80.873%
Epoch:  2 Batch:  31 Loss: 0.4632 Accuracy Train: 80.859%
Epoch:  2 Batch:  41 Loss: 0.4483 Accuracy Train: 80.908%
Epoch:  2 Batch:  51 Loss: 0.4493 Accuracy Train: 80.904%
Epoch:  2 Batch:  61 Loss: 0.4552 Accuracy Train: 80.939%
Epoch:  2 Batch:  71 Loss: 0.4445 Accuracy Train: 81.001%
Epoch:  2 Batch:  81 Loss: 0.4493 Accuracy Train: 80.979%
Epoch:  2 Batch:  91 Loss: 0.4605 Accuracy Train: 80.947%
Epoch:  2 Batch: 101 Loss: 0.4398 Accuracy Train: 80.969%
Epoch:  3 Batch:   1 Loss: 0.4554 Accuracy Train: 80.380%
Epoch:  3 Batch:  11 Loss: 0.4561 Accuracy Train: 81.055%
Epoch:  3 Batch:  21 Loss: 0.4719 Accuracy Train: 81.018%
Epoch:  3 Batch:  31 Loss: 0.4429 Accuracy Train: 80.957%
Epoch:  3 Batch:  41 Loss: 0.4507 Accuracy Train: 81.008%
Epoch:  3 Batch:  51 Loss: 0.4533 Accuracy Train: 80.993%
Epoch:  3 Batch:  61 Loss: 0.4431 Accuracy Train: 81.028%
Epoch:  3 Batch:  71 Loss: 0.5049 Accuracy Train: 80.736%
Epoch:  3 Batch:  81 Loss: 0.4790 Accuracy Train: 80.629%
Epoch:  3 Batch:  91 Loss: 0.4511 Accuracy Train: 80.605%
Epoch:  3 Batch: 101 Loss: 0.4513 Accuracy Train: 80.632%
Epoch:  4 Batch:   1 Loss: 0.4591 Accuracy Train: 80.960%
Epoch:  4 Batch:  11 Loss: 0.4502 Accuracy Train: 81.224%
Epoch:  4 Batch:  21 Loss: 0.4532 Accuracy Train: 81.037%
Epoch:  4 Batch:  31 Loss: 0.4497 Accuracy Train: 81.081%
Epoch:  4 Batch:  41 Loss: 0.4372 Accuracy Train: 81.070%
Epoch:  4 Batch:  51 Loss: 0.4317 Accuracy Train: 81.091%
Epoch:  4 Batch:  61 Loss: 0.4455 Accuracy Train: 81.066%
Epoch:  4 Batch:  71 Loss: 0.4413 Accuracy Train: 81.052%
Epoch:  4 Batch:  81 Loss: 0.4545 Accuracy Train: 81.043%
Epoch:  4 Batch:  91 Loss: 0.4475 Accuracy Train: 80.993%
Epoch:  4 Batch: 101 Loss: 0.4580 Accuracy Train: 81.001%
Epoch:  5 Batch:   1 Loss: 0.4419 Accuracy Train: 80.820%
Epoch:  5 Batch:  11 Loss: 0.4381 Accuracy Train: 80.976%
Epoch:  5 Batch:  21 Loss: 0.4487 Accuracy Train: 80.948%
Epoch:  5 Batch:  31 Loss: 0.4400 Accuracy Train: 80.959%
Epoch:  5 Batch:  41 Loss: 0.4430 Accuracy Train: 80.930%
Epoch:  5 Batch:  51 Loss: 0.4348 Accuracy Train: 80.964%
Epoch:  5 Batch:  61 Loss: 0.4613 Accuracy Train: 81.129%
Epoch:  5 Batch:  71 Loss: 0.4590 Accuracy Train: 81.092%
Epoch:  5 Batch:  81 Loss: 0.4330 Accuracy Train: 81.108%
Epoch:  5 Batch:  91 Loss: 0.4505 Accuracy Train: 81.094%
Epoch:  5 Batch: 101 Loss: 0.4551 Accuracy Train: 81.101%
Epoch:  6 Batch:   1 Loss: 0.4567 Accuracy Train: 81.040%
Epoch:  6 Batch:  11 Loss: 0.4248 Accuracy Train: 81.038%
Epoch:  6 Batch:  21 Loss: 0.4588 Accuracy Train: 81.068%
Epoch:  6 Batch:  31 Loss: 0.4567 Accuracy Train: 81.015%
Epoch:  6 Batch:  41 Loss: 0.4360 Accuracy Train: 81.018%
Epoch:  6 Batch:  51 Loss: 0.4286 Accuracy Train: 81.020%
Epoch:  6 Batch:  61 Loss: 0.4252 Accuracy Train: 81.017%
Epoch:  6 Batch:  71 Loss: 0.4302 Accuracy Train: 81.021%
Epoch:  6 Batch:  81 Loss: 0.4670 Accuracy Train: 81.229%
Epoch:  6 Batch:  91 Loss: 0.4556 Accuracy Train: 81.158%
Epoch:  6 Batch: 101 Loss: 0.4187 Accuracy Train: 81.228%
Epoch:  7 Batch:   1 Loss: 0.4455 Accuracy Train: 80.860%
Epoch:  7 Batch:  11 Loss: 0.5119 Accuracy Train: 78.971%
Epoch:  7 Batch:  21 Loss: 0.4807 Accuracy Train: 78.578%
Epoch:  7 Batch:  31 Loss: 0.4366 Accuracy Train: 79.147%
Epoch:  7 Batch:  41 Loss: 0.4350 Accuracy Train: 79.545%
Epoch:  7 Batch:  51 Loss: 0.3878 Accuracy Train: 79.840%
Epoch:  7 Batch:  61 Loss: 0.4164 Accuracy Train: 80.770%
Epoch:  7 Batch:  71 Loss: 0.4407 Accuracy Train: 81.010%
Epoch:  7 Batch:  81 Loss: 0.4063 Accuracy Train: 80.757%
Epoch:  7 Batch:  91 Loss: 0.4741 Accuracy Train: 80.967%
Epoch:  7 Batch: 101 Loss: 0.4535 Accuracy Train: 81.007%
Epoch:  8 Batch:   1 Loss: 0.4408 Accuracy Train: 81.640%
Epoch:  8 Batch:  11 Loss: 0.4330 Accuracy Train: 80.389%
Epoch:  8 Batch:  21 Loss: 0.4177 Accuracy Train: 81.199%
Epoch:  8 Batch:  31 Loss: 0.4099 Accuracy Train: 81.159%
Epoch:  8 Batch:  41 Loss: 0.4161 Accuracy Train: 82.062%
Epoch:  8 Batch:  51 Loss: 0.3578 Accuracy Train: 82.553%
Epoch:  8 Batch:  61 Loss: 0.3436 Accuracy Train: 83.477%
Epoch:  8 Batch:  71 Loss: 0.3182 Accuracy Train: 84.414%
Epoch:  8 Batch:  81 Loss: 0.3190 Accuracy Train: 85.182%
Epoch:  8 Batch:  91 Loss: 0.4275 Accuracy Train: 85.135%
Epoch:  8 Batch: 101 Loss: 0.4072 Accuracy Train: 85.009%
Epoch:  9 Batch:   1 Loss: 0.3927 Accuracy Train: 80.700%
Epoch:  9 Batch:  11 Loss: 0.3556 Accuracy Train: 86.800%
Epoch:  9 Batch:  21 Loss: 0.3036 Accuracy Train: 88.461%
Epoch:  9 Batch:  31 Loss: 0.3003 Accuracy Train: 89.042%
Epoch:  9 Batch:  41 Loss: 0.3139 Accuracy Train: 89.327%
Epoch:  9 Batch:  51 Loss: 0.2898 Accuracy Train: 89.515%
Epoch:  9 Batch:  61 Loss: 0.3137 Accuracy Train: 89.608%
Epoch:  9 Batch:  71 Loss: 0.3114 Accuracy Train: 89.711%
Epoch:  9 Batch:  81 Loss: 0.2946 Accuracy Train: 89.810%
Epoch:  9 Batch:  91 Loss: 0.2795 Accuracy Train: 89.920%
Epoch:  9 Batch: 101 Loss: 0.3023 Accuracy Train: 89.970%
Epoch: 10 Batch:   1 Loss: 0.2890 Accuracy Train: 90.520%
Epoch: 10 Batch:  11 Loss: 0.2810 Accuracy Train: 90.656%
Epoch: 10 Batch:  21 Loss: 0.3055 Accuracy Train: 90.709%
Epoch: 10 Batch:  31 Loss: 0.2800 Accuracy Train: 90.699%
Epoch: 10 Batch:  41 Loss: 0.3042 Accuracy Train: 90.647%
Epoch: 10 Batch:  51 Loss: 0.2852 Accuracy Train: 90.619%
Epoch: 10 Batch:  61 Loss: 0.2865 Accuracy Train: 90.603%
Epoch: 10 Batch:  71 Loss: 0.2995 Accuracy Train: 90.592%
Epoch: 10 Batch:  81 Loss: 0.2872 Accuracy Train: 90.600%
Epoch: 10 Batch:  91 Loss: 0.2801 Accuracy Train: 90.592%
Epoch: 10 Batch: 101 Loss: 0.2936 Accuracy Train: 90.593%
Epoch: 11 Batch:   1 Loss: 0.3139 Accuracy Train: 89.900%
Epoch: 11 Batch:  11 Loss: 0.2780 Accuracy Train: 90.660%
Epoch: 11 Batch:  21 Loss: 0.2890 Accuracy Train: 90.657%
Epoch: 11 Batch:  31 Loss: 0.3017 Accuracy Train: 90.588%
Epoch: 11 Batch:  41 Loss: 0.2728 Accuracy Train: 90.647%
Epoch: 11 Batch:  51 Loss: 0.2902 Accuracy Train: 90.672%
Epoch: 11 Batch:  61 Loss: 0.2750 Accuracy Train: 90.692%
Epoch: 11 Batch:  71 Loss: 0.2734 Accuracy Train: 90.703%
Epoch: 11 Batch:  81 Loss: 0.2721 Accuracy Train: 90.715%
Epoch: 11 Batch:  91 Loss: 0.2701 Accuracy Train: 90.748%
Epoch: 11 Batch: 101 Loss: 0.2968 Accuracy Train: 90.728%
Epoch: 12 Batch:   1 Loss: 0.3014 Accuracy Train: 89.760%
Epoch: 12 Batch:  11 Loss: 0.2812 Accuracy Train: 90.625%
Epoch: 12 Batch:  21 Loss: 0.2825 Accuracy Train: 90.727%
Epoch: 12 Batch:  31 Loss: 0.2742 Accuracy Train: 90.779%
Epoch: 12 Batch:  41 Loss: 0.2799 Accuracy Train: 90.804%
Epoch: 12 Batch:  51 Loss: 0.2743 Accuracy Train: 90.777%
Epoch: 12 Batch:  61 Loss: 0.2802 Accuracy Train: 90.771%
Epoch: 12 Batch:  71 Loss: 0.2871 Accuracy Train: 90.756%
Epoch: 12 Batch:  81 Loss: 0.3022 Accuracy Train: 90.752%
Epoch: 12 Batch:  91 Loss: 0.2890 Accuracy Train: 90.760%
Epoch: 12 Batch: 101 Loss: 0.2975 Accuracy Train: 90.759%
Epoch: 13 Batch:   1 Loss: 0.2693 Accuracy Train: 91.240%
Epoch: 13 Batch:  11 Loss: 0.2768 Accuracy Train: 90.824%
Epoch: 13 Batch:  21 Loss: 0.2896 Accuracy Train: 90.633%
Epoch: 13 Batch:  31 Loss: 0.2858 Accuracy Train: 90.665%
Epoch: 13 Batch:  41 Loss: 0.2741 Accuracy Train: 90.749%
Epoch: 13 Batch:  51 Loss: 0.2795 Accuracy Train: 90.741%
Epoch: 13 Batch:  61 Loss: 0.2875 Accuracy Train: 90.760%
Epoch: 13 Batch:  71 Loss: 0.2764 Accuracy Train: 90.771%
Epoch: 13 Batch:  81 Loss: 0.2716 Accuracy Train: 90.770%
Epoch: 13 Batch:  91 Loss: 0.2851 Accuracy Train: 90.777%
Epoch: 13 Batch: 101 Loss: 0.2775 Accuracy Train: 90.793%
Epoch: 14 Batch:   1 Loss: 0.2721 Accuracy Train: 91.260%
Epoch: 14 Batch:  11 Loss: 0.2827 Accuracy Train: 90.827%
Epoch: 14 Batch:  21 Loss: 0.2779 Accuracy Train: 90.837%
Epoch: 14 Batch:  31 Loss: 0.2771 Accuracy Train: 90.797%
Epoch: 14 Batch:  41 Loss: 0.2900 Accuracy Train: 90.841%
Epoch: 14 Batch:  51 Loss: 0.2948 Accuracy Train: 90.825%
Epoch: 14 Batch:  61 Loss: 0.2804 Accuracy Train: 90.821%
Epoch: 14 Batch:  71 Loss: 0.2841 Accuracy Train: 90.838%
Epoch: 14 Batch:  81 Loss: 0.2845 Accuracy Train: 90.840%
Epoch: 14 Batch:  91 Loss: 0.2889 Accuracy Train: 90.854%
Epoch: 14 Batch: 101 Loss: 0.2892 Accuracy Train: 90.874%
Epoch: 15 Batch:   1 Loss: 0.2866 Accuracy Train: 90.500%
Epoch: 15 Batch:  11 Loss: 0.2791 Accuracy Train: 90.736%
Epoch: 15 Batch:  21 Loss: 0.2881 Accuracy Train: 90.803%
Epoch: 15 Batch:  31 Loss: 0.2894 Accuracy Train: 90.862%
Epoch: 15 Batch:  41 Loss: 0.2810 Accuracy Train: 90.834%
Epoch: 15 Batch:  51 Loss: 0.2874 Accuracy Train: 90.822%
Epoch: 15 Batch:  61 Loss: 0.2500 Accuracy Train: 90.802%
Epoch: 15 Batch:  71 Loss: 0.2780 Accuracy Train: 90.805%
Epoch: 15 Batch:  81 Loss: 0.2705 Accuracy Train: 90.823%
Epoch: 15 Batch:  91 Loss: 0.2657 Accuracy Train: 90.847%
Epoch: 15 Batch: 101 Loss: 0.2858 Accuracy Train: 90.875%
Epoch: 16 Batch:   1 Loss: 0.2842 Accuracy Train: 90.840%
Epoch: 16 Batch:  11 Loss: 0.2737 Accuracy Train: 91.145%
Epoch: 16 Batch:  21 Loss: 0.2820 Accuracy Train: 90.942%
Epoch: 16 Batch:  31 Loss: 0.2900 Accuracy Train: 90.925%
Epoch: 16 Batch:  41 Loss: 0.2833 Accuracy Train: 90.890%
Epoch: 16 Batch:  51 Loss: 0.2668 Accuracy Train: 90.945%
Epoch: 16 Batch:  61 Loss: 0.2897 Accuracy Train: 90.946%
Epoch: 16 Batch:  71 Loss: 0.2862 Accuracy Train: 90.930%
Epoch: 16 Batch:  81 Loss: 0.2904 Accuracy Train: 90.902%
Epoch: 16 Batch:  91 Loss: 0.2703 Accuracy Train: 90.903%
Epoch: 16 Batch: 101 Loss: 0.2906 Accuracy Train: 90.865%
Epoch: 17 Batch:   1 Loss: 0.2740 Accuracy Train: 91.120%
Epoch: 17 Batch:  11 Loss: 0.2859 Accuracy Train: 90.776%
Epoch: 17 Batch:  21 Loss: 0.2723 Accuracy Train: 90.939%
Epoch: 17 Batch:  31 Loss: 0.2718 Accuracy Train: 90.943%
Epoch: 17 Batch:  41 Loss: 0.2702 Accuracy Train: 90.938%
Epoch: 17 Batch:  51 Loss: 0.2757 Accuracy Train: 90.920%
Epoch: 17 Batch:  61 Loss: 0.2797 Accuracy Train: 90.944%
Epoch: 17 Batch:  71 Loss: 0.2721 Accuracy Train: 90.931%
Epoch: 17 Batch:  81 Loss: 0.2750 Accuracy Train: 90.936%
Epoch: 17 Batch:  91 Loss: 0.2764 Accuracy Train: 90.926%
Epoch: 17 Batch: 101 Loss: 0.2916 Accuracy Train: 90.914%
Epoch: 18 Batch:   1 Loss: 0.2957 Accuracy Train: 90.240%
Epoch: 18 Batch:  11 Loss: 0.2676 Accuracy Train: 90.909%
Epoch: 18 Batch:  21 Loss: 0.2861 Accuracy Train: 90.876%
Epoch: 18 Batch:  31 Loss: 0.2656 Accuracy Train: 90.893%
Epoch: 18 Batch:  41 Loss: 0.2550 Accuracy Train: 90.936%
Epoch: 18 Batch:  51 Loss: 0.2657 Accuracy Train: 90.949%
Epoch: 18 Batch:  61 Loss: 0.2754 Accuracy Train: 90.941%
Epoch: 18 Batch:  71 Loss: 0.2720 Accuracy Train: 90.972%
Epoch: 18 Batch:  81 Loss: 0.2786 Accuracy Train: 90.969%
Epoch: 18 Batch:  91 Loss: 0.2651 Accuracy Train: 90.994%
Epoch: 18 Batch: 101 Loss: 0.2837 Accuracy Train: 90.984%
Epoch: 19 Batch:   1 Loss: 0.2820 Accuracy Train: 90.880%
Epoch: 19 Batch:  11 Loss: 0.2918 Accuracy Train: 90.880%
Epoch: 19 Batch:  21 Loss: 0.2688 Accuracy Train: 90.955%
Epoch: 19 Batch:  31 Loss: 0.2578 Accuracy Train: 91.005%
Epoch: 19 Batch:  41 Loss: 0.2828 Accuracy Train: 91.047%
Epoch: 19 Batch:  51 Loss: 0.2823 Accuracy Train: 90.992%
Epoch: 19 Batch:  61 Loss: 0.2782 Accuracy Train: 90.970%
Epoch: 19 Batch:  71 Loss: 0.2802 Accuracy Train: 90.941%
Epoch: 19 Batch:  81 Loss: 0.2874 Accuracy Train: 90.948%
Epoch: 19 Batch:  91 Loss: 0.2689 Accuracy Train: 90.943%
Epoch: 19 Batch: 101 Loss: 0.2718 Accuracy Train: 90.926%

Duration: 171 seconds
