Training DynNetGen(
  (layers): Sequential(
    (0): Sequential(
      (0): Conv2d(1, 32, kernel_size=(3, 3), stride=(1, 1))
      (1): BatchNorm2d(32, eps=1e-05, momentum=0.1, affine=True, track_running_stats=True)
      (2): ReLU()
    )
    (1): Sequential(
      (0): Flatten(start_dim=1, end_dim=-1)
      (1): Linear(in_features=1152, out_features=2, bias=True)
    )
  )
) in cuda
=================================================================
Layer (type:depth-idx)                   Param #
=================================================================
DynNetGen                                --
├─Sequential: 1-1                        --
│    └─Sequential: 2-1                   --
│    │    └─Conv2d: 3-1                  320
│    │    └─BatchNorm2d: 3-2             64
│    │    └─ReLU: 3-3                    --
│    └─Sequential: 2-2                   --
│    │    └─Flatten: 3-4                 --
│    │    └─Linear: 3-5                  2,306
=================================================================
Total params: 2,690
Trainable params: 2,690
Non-trainable params: 0
=================================================================
Epoch:  0 Batch:   1 Loss: 0.6889 Accuracy Train: 45.980%
Epoch:  0 Batch:  11 Loss: 0.8211 Accuracy Train: 59.880%
Epoch:  0 Batch:  21 Loss: 0.6676 Accuracy Train: 60.830%
Epoch:  0 Batch:  31 Loss: 0.5721 Accuracy Train: 61.418%
Epoch:  0 Batch:  41 Loss: 0.5623 Accuracy Train: 61.998%
Epoch:  1 Batch:   1 Loss: 0.5698 Accuracy Train: 66.880%
Epoch:  1 Batch:  11 Loss: 0.5649 Accuracy Train: 65.958%
Epoch:  1 Batch:  21 Loss: 0.5584 Accuracy Train: 67.027%
Epoch:  1 Batch:  31 Loss: 0.5649 Accuracy Train: 67.355%
Epoch:  1 Batch:  41 Loss: 0.5648 Accuracy Train: 67.732%
Epoch:  2 Batch:   1 Loss: 0.5524 Accuracy Train: 67.780%
Epoch:  2 Batch:  11 Loss: 0.5585 Accuracy Train: 68.729%
Epoch:  2 Batch:  21 Loss: 0.5513 Accuracy Train: 68.890%
Epoch:  2 Batch:  31 Loss: 0.5491 Accuracy Train: 69.034%
Epoch:  2 Batch:  41 Loss: 0.5543 Accuracy Train: 69.105%
Epoch:  3 Batch:   1 Loss: 0.5584 Accuracy Train: 69.900%
Epoch:  3 Batch:  11 Loss: 0.5542 Accuracy Train: 69.625%
Epoch:  3 Batch:  21 Loss: 0.5529 Accuracy Train: 69.513%
Epoch:  3 Batch:  31 Loss: 0.5453 Accuracy Train: 69.692%
Epoch:  3 Batch:  41 Loss: 0.5434 Accuracy Train: 69.747%
Epoch:  4 Batch:   1 Loss: 0.5468 Accuracy Train: 70.020%
Epoch:  4 Batch:  11 Loss: 0.5444 Accuracy Train: 70.345%
Epoch:  4 Batch:  21 Loss: 0.5433 Accuracy Train: 69.452%
Epoch:  4 Batch:  31 Loss: 0.5366 Accuracy Train: 69.714%
Epoch:  4 Batch:  41 Loss: 0.5493 Accuracy Train: 69.851%
Epoch:  5 Batch:   1 Loss: 0.5369 Accuracy Train: 69.840%
Epoch:  5 Batch:  11 Loss: 0.5360 Accuracy Train: 70.229%
Epoch:  5 Batch:  21 Loss: 0.5307 Accuracy Train: 70.322%
Epoch:  5 Batch:  31 Loss: 0.5381 Accuracy Train: 70.233%
Epoch:  5 Batch:  41 Loss: 0.5395 Accuracy Train: 70.305%
Epoch:  6 Batch:   1 Loss: 0.5310 Accuracy Train: 70.580%
Epoch:  6 Batch:  11 Loss: 0.5459 Accuracy Train: 71.753%
Epoch:  6 Batch:  21 Loss: 0.5274 Accuracy Train: 70.659%
Epoch:  6 Batch:  31 Loss: 0.5246 Accuracy Train: 70.612%
Epoch:  6 Batch:  41 Loss: 0.5401 Accuracy Train: 70.570%
Epoch:  7 Batch:   1 Loss: 0.5274 Accuracy Train: 70.940%
Epoch:  7 Batch:  11 Loss: 0.5302 Accuracy Train: 70.627%
Epoch:  7 Batch:  21 Loss: 0.5382 Accuracy Train: 70.562%
Epoch:  7 Batch:  31 Loss: 0.5296 Accuracy Train: 70.729%
Epoch:  7 Batch:  41 Loss: 0.5330 Accuracy Train: 70.890%
Epoch:  8 Batch:   1 Loss: 0.5417 Accuracy Train: 75.040%
Epoch:  8 Batch:  11 Loss: 0.5258 Accuracy Train: 71.284%
Epoch:  8 Batch:  21 Loss: 0.5320 Accuracy Train: 71.257%
Epoch:  8 Batch:  31 Loss: 0.5285 Accuracy Train: 71.244%
Epoch:  8 Batch:  41 Loss: 0.5524 Accuracy Train: 70.995%
Epoch:  9 Batch:   1 Loss: 0.5405 Accuracy Train: 69.260%
Epoch:  9 Batch:  11 Loss: 0.5236 Accuracy Train: 68.555%
Epoch:  9 Batch:  21 Loss: 0.5367 Accuracy Train: 69.097%
Epoch:  9 Batch:  31 Loss: 0.5352 Accuracy Train: 69.423%
Epoch:  9 Batch:  41 Loss: 0.5296 Accuracy Train: 69.459%
Epoch: 10 Batch:   1 Loss: 0.5181 Accuracy Train: 71.960%
Epoch: 10 Batch:  11 Loss: 0.5352 Accuracy Train: 71.353%
Epoch: 10 Batch:  21 Loss: 0.5464 Accuracy Train: 71.032%
Epoch: 10 Batch:  31 Loss: 0.5240 Accuracy Train: 71.103%
Epoch: 10 Batch:  41 Loss: 0.5191 Accuracy Train: 71.160%
Epoch: 11 Batch:   1 Loss: 0.5300 Accuracy Train: 70.700%
Epoch: 11 Batch:  11 Loss: 0.5309 Accuracy Train: 71.436%
Epoch: 11 Batch:  21 Loss: 0.5378 Accuracy Train: 71.584%
Epoch: 11 Batch:  31 Loss: 0.5357 Accuracy Train: 71.719%
Epoch: 11 Batch:  41 Loss: 0.5261 Accuracy Train: 71.760%
Epoch: 12 Batch:   1 Loss: 0.5220 Accuracy Train: 74.760%
Epoch: 12 Batch:  11 Loss: 0.5226 Accuracy Train: 72.335%
Epoch: 12 Batch:  21 Loss: 0.5109 Accuracy Train: 72.124%
Epoch: 12 Batch:  31 Loss: 0.5442 Accuracy Train: 72.170%
Epoch: 12 Batch:  41 Loss: 0.5202 Accuracy Train: 71.959%
Epoch: 13 Batch:   1 Loss: 0.5172 Accuracy Train: 71.340%
Epoch: 13 Batch:  11 Loss: 0.5323 Accuracy Train: 71.698%
Epoch: 13 Batch:  21 Loss: 0.5193 Accuracy Train: 71.450%
Epoch: 13 Batch:  31 Loss: 0.5127 Accuracy Train: 71.540%
Epoch: 13 Batch:  41 Loss: 0.5224 Accuracy Train: 71.725%
Epoch: 14 Batch:   1 Loss: 0.5228 Accuracy Train: 70.940%
Epoch: 14 Batch:  11 Loss: 0.5100 Accuracy Train: 71.835%
Epoch: 14 Batch:  21 Loss: 0.5173 Accuracy Train: 72.108%
Epoch: 14 Batch:  31 Loss: 0.5255 Accuracy Train: 72.063%
Epoch: 14 Batch:  41 Loss: 0.5206 Accuracy Train: 72.157%
Epoch: 15 Batch:   1 Loss: 0.5145 Accuracy Train: 71.960%
Epoch: 15 Batch:  11 Loss: 0.5258 Accuracy Train: 71.400%
Epoch: 15 Batch:  21 Loss: 0.5051 Accuracy Train: 71.436%
Epoch: 15 Batch:  31 Loss: 0.5462 Accuracy Train: 70.214%
Epoch: 15 Batch:  41 Loss: 0.5276 Accuracy Train: 71.340%
Epoch: 16 Batch:   1 Loss: 0.5435 Accuracy Train: 58.160%
Epoch: 16 Batch:  11 Loss: 0.5280 Accuracy Train: 69.511%
Epoch: 16 Batch:  21 Loss: 0.5279 Accuracy Train: 70.771%
Epoch: 16 Batch:  31 Loss: 0.5166 Accuracy Train: 71.014%
Epoch: 16 Batch:  41 Loss: 0.5216 Accuracy Train: 71.368%
Epoch: 17 Batch:   1 Loss: 0.5136 Accuracy Train: 71.820%
Epoch: 17 Batch:  11 Loss: 0.5237 Accuracy Train: 71.989%
Epoch: 17 Batch:  21 Loss: 0.4984 Accuracy Train: 72.201%
Epoch: 17 Batch:  31 Loss: 0.5084 Accuracy Train: 72.255%
Epoch: 17 Batch:  41 Loss: 0.5176 Accuracy Train: 72.320%
Epoch: 18 Batch:   1 Loss: 0.5229 Accuracy Train: 72.840%
Epoch: 18 Batch:  11 Loss: 0.5128 Accuracy Train: 72.215%
Epoch: 18 Batch:  21 Loss: 0.5149 Accuracy Train: 72.142%
Epoch: 18 Batch:  31 Loss: 0.5157 Accuracy Train: 72.274%
Epoch: 18 Batch:  41 Loss: 0.5162 Accuracy Train: 72.582%
Epoch: 19 Batch:   1 Loss: 0.5310 Accuracy Train: 73.400%
Epoch: 19 Batch:  11 Loss: 0.5120 Accuracy Train: 72.371%
Epoch: 19 Batch:  21 Loss: 0.5036 Accuracy Train: 72.208%
Epoch: 19 Batch:  31 Loss: 0.5027 Accuracy Train: 72.403%
Epoch: 19 Batch:  41 Loss: 0.5067 Accuracy Train: 72.040%

Duration: 30 seconds
