Training DynNetGen(
  (layers): Sequential(
    (0): Sequential(
      (0): Conv2d(1, 32, kernel_size=(3, 3), stride=(1, 1))
      (1): BatchNorm2d(32, eps=1e-05, momentum=0.1, affine=True, track_running_stats=True)
      (2): ReLU()
    )
    (1): Sequential(
      (0): Flatten(start_dim=1, end_dim=-1)
      (1): Linear(in_features=1152, out_features=2, bias=True)
    )
  )
) in cuda
=================================================================
Layer (type:depth-idx)                   Param #
=================================================================
DynNetGen                                --
├─Sequential: 1-1                        --
│    └─Sequential: 2-1                   --
│    │    └─Conv2d: 3-1                  320
│    │    └─BatchNorm2d: 3-2             64
│    │    └─ReLU: 3-3                    --
│    └─Sequential: 2-2                   --
│    │    └─Flatten: 3-4                 --
│    │    └─Linear: 3-5                  2,306
=================================================================
Total params: 2,690
Trainable params: 2,690
Non-trainable params: 0
=================================================================
Epoch:  0 Batch:   1 Loss: 0.7211 Accuracy Train: 49.940%
Epoch:  0 Batch:  11 Loss: 0.7303 Accuracy Train: 53.956%
Epoch:  0 Batch:  21 Loss: 0.6898 Accuracy Train: 54.195%
Epoch:  0 Batch:  31 Loss: 0.6686 Accuracy Train: 55.186%
Epoch:  0 Batch:  41 Loss: 0.6474 Accuracy Train: 56.002%
Epoch:  0 Batch:  51 Loss: 0.6232 Accuracy Train: 58.075%
Epoch:  0 Batch:  61 Loss: 0.6109 Accuracy Train: 59.554%
Epoch:  0 Batch:  71 Loss: 0.6157 Accuracy Train: 60.393%
Epoch:  0 Batch:  81 Loss: 0.6029 Accuracy Train: 61.270%
Epoch:  0 Batch:  91 Loss: 0.5945 Accuracy Train: 61.936%
Epoch:  0 Batch: 101 Loss: 0.6016 Accuracy Train: 62.459%
Epoch:  0 Batch: 111 Loss: 0.5954 Accuracy Train: 62.842%
Epoch:  0 Batch: 121 Loss: 0.5975 Accuracy Train: 63.165%
Epoch:  0 Batch: 131 Loss: 0.6014 Accuracy Train: 63.445%
Epoch:  0 Batch: 141 Loss: 0.6001 Accuracy Train: 63.669%
Epoch:  0 Batch: 151 Loss: 0.5972 Accuracy Train: 63.881%
Epoch:  0 Batch: 161 Loss: 0.5958 Accuracy Train: 64.044%
Epoch:  0 Batch: 171 Loss: 0.5849 Accuracy Train: 64.231%
Epoch:  0 Batch: 181 Loss: 0.5851 Accuracy Train: 64.392%
Epoch:  1 Batch:   1 Loss: 0.5951 Accuracy Train: 66.340%
Epoch:  1 Batch:  11 Loss: 0.5801 Accuracy Train: 67.202%
Epoch:  1 Batch:  21 Loss: 0.5860 Accuracy Train: 67.093%
Epoch:  1 Batch:  31 Loss: 0.5838 Accuracy Train: 67.105%
Epoch:  1 Batch:  41 Loss: 0.5991 Accuracy Train: 67.211%
Epoch:  1 Batch:  51 Loss: 0.5940 Accuracy Train: 66.758%
Epoch:  1 Batch:  61 Loss: 0.5865 Accuracy Train: 66.837%
Epoch:  1 Batch:  71 Loss: 0.5769 Accuracy Train: 67.034%
Epoch:  1 Batch:  81 Loss: 0.5849 Accuracy Train: 67.039%
Epoch:  1 Batch:  91 Loss: 0.5807 Accuracy Train: 67.026%
Epoch:  1 Batch: 101 Loss: 0.5654 Accuracy Train: 67.032%
Epoch:  1 Batch: 111 Loss: 0.5693 Accuracy Train: 67.067%
Epoch:  1 Batch: 121 Loss: 0.5723 Accuracy Train: 67.049%
Epoch:  1 Batch: 131 Loss: 0.5701 Accuracy Train: 67.051%
Epoch:  1 Batch: 141 Loss: 0.5728 Accuracy Train: 67.056%
Epoch:  1 Batch: 151 Loss: 0.5663 Accuracy Train: 67.075%
Epoch:  1 Batch: 161 Loss: 0.5703 Accuracy Train: 67.183%
Epoch:  1 Batch: 171 Loss: 0.5758 Accuracy Train: 67.257%
Epoch:  1 Batch: 181 Loss: 0.5704 Accuracy Train: 67.255%
Epoch:  2 Batch:   1 Loss: 0.5795 Accuracy Train: 69.280%
Epoch:  2 Batch:  11 Loss: 0.5625 Accuracy Train: 68.331%
Epoch:  2 Batch:  21 Loss: 0.5670 Accuracy Train: 68.037%
Epoch:  2 Batch:  31 Loss: 0.5659 Accuracy Train: 68.041%
Epoch:  2 Batch:  41 Loss: 0.5596 Accuracy Train: 68.100%
Epoch:  2 Batch:  51 Loss: 0.5660 Accuracy Train: 68.047%
Epoch:  2 Batch:  61 Loss: 0.5597 Accuracy Train: 68.005%
Epoch:  2 Batch:  71 Loss: 0.5770 Accuracy Train: 68.056%
Epoch:  2 Batch:  81 Loss: 0.5709 Accuracy Train: 68.150%
Epoch:  2 Batch:  91 Loss: 0.5618 Accuracy Train: 68.165%
Epoch:  2 Batch: 101 Loss: 0.5564 Accuracy Train: 68.250%
Epoch:  2 Batch: 111 Loss: 0.5507 Accuracy Train: 68.250%
Epoch:  2 Batch: 121 Loss: 0.5691 Accuracy Train: 68.263%
Epoch:  2 Batch: 131 Loss: 0.5460 Accuracy Train: 68.330%
Epoch:  2 Batch: 141 Loss: 0.5634 Accuracy Train: 68.360%
Epoch:  2 Batch: 151 Loss: 0.5627 Accuracy Train: 68.319%
Epoch:  2 Batch: 161 Loss: 0.5478 Accuracy Train: 68.373%
Epoch:  2 Batch: 171 Loss: 0.5536 Accuracy Train: 68.373%
Epoch:  2 Batch: 181 Loss: 0.5574 Accuracy Train: 68.407%
Epoch:  3 Batch:   1 Loss: 0.5567 Accuracy Train: 70.680%
Epoch:  3 Batch:  11 Loss: 0.5567 Accuracy Train: 68.756%
Epoch:  3 Batch:  21 Loss: 0.5586 Accuracy Train: 68.874%
Epoch:  3 Batch:  31 Loss: 0.5540 Accuracy Train: 68.867%
Epoch:  3 Batch:  41 Loss: 0.5575 Accuracy Train: 68.840%
Epoch:  3 Batch:  51 Loss: 0.5519 Accuracy Train: 68.939%
Epoch:  3 Batch:  61 Loss: 0.5502 Accuracy Train: 68.985%
Epoch:  3 Batch:  71 Loss: 0.5422 Accuracy Train: 68.953%
Epoch:  3 Batch:  81 Loss: 0.5481 Accuracy Train: 68.999%
Epoch:  3 Batch:  91 Loss: 0.5629 Accuracy Train: 68.967%
Epoch:  3 Batch: 101 Loss: 0.5619 Accuracy Train: 68.961%
Epoch:  3 Batch: 111 Loss: 0.5551 Accuracy Train: 68.865%
Epoch:  3 Batch: 121 Loss: 0.5448 Accuracy Train: 68.889%
Epoch:  3 Batch: 131 Loss: 0.5521 Accuracy Train: 68.895%
Epoch:  3 Batch: 141 Loss: 0.5501 Accuracy Train: 68.921%
Epoch:  3 Batch: 151 Loss: 0.5514 Accuracy Train: 68.897%
Epoch:  3 Batch: 161 Loss: 0.5377 Accuracy Train: 68.938%
Epoch:  3 Batch: 171 Loss: 0.5676 Accuracy Train: 68.912%
Epoch:  3 Batch: 181 Loss: 0.5589 Accuracy Train: 68.902%
Epoch:  4 Batch:   1 Loss: 0.5572 Accuracy Train: 69.280%
Epoch:  4 Batch:  11 Loss: 0.5526 Accuracy Train: 69.469%
Epoch:  4 Batch:  21 Loss: 0.5469 Accuracy Train: 68.921%
Epoch:  4 Batch:  31 Loss: 0.5508 Accuracy Train: 69.016%
Epoch:  4 Batch:  41 Loss: 0.5584 Accuracy Train: 68.972%
Epoch:  4 Batch:  51 Loss: 0.5396 Accuracy Train: 69.124%
Epoch:  4 Batch:  61 Loss: 0.5504 Accuracy Train: 69.091%
Epoch:  4 Batch:  71 Loss: 0.5506 Accuracy Train: 69.174%
Epoch:  4 Batch:  81 Loss: 0.5496 Accuracy Train: 69.153%
Epoch:  4 Batch:  91 Loss: 0.5413 Accuracy Train: 69.148%
Epoch:  4 Batch: 101 Loss: 0.5487 Accuracy Train: 69.145%
Epoch:  4 Batch: 111 Loss: 0.5447 Accuracy Train: 69.150%
Epoch:  4 Batch: 121 Loss: 0.5454 Accuracy Train: 69.205%
Epoch:  4 Batch: 131 Loss: 0.5488 Accuracy Train: 69.176%
Epoch:  4 Batch: 141 Loss: 0.5428 Accuracy Train: 69.173%
Epoch:  4 Batch: 151 Loss: 0.5519 Accuracy Train: 69.167%
Epoch:  4 Batch: 161 Loss: 0.5509 Accuracy Train: 69.171%
Epoch:  4 Batch: 171 Loss: 0.5513 Accuracy Train: 69.174%
Epoch:  4 Batch: 181 Loss: 0.5496 Accuracy Train: 69.179%
Epoch:  5 Batch:   1 Loss: 0.5398 Accuracy Train: 70.580%
Epoch:  5 Batch:  11 Loss: 0.5461 Accuracy Train: 68.862%
Epoch:  5 Batch:  21 Loss: 0.5455 Accuracy Train: 68.886%
Epoch:  5 Batch:  31 Loss: 0.5425 Accuracy Train: 68.932%
Epoch:  5 Batch:  41 Loss: 0.5525 Accuracy Train: 68.897%
Epoch:  5 Batch:  51 Loss: 0.5508 Accuracy Train: 68.935%
Epoch:  5 Batch:  61 Loss: 0.5467 Accuracy Train: 69.029%
Epoch:  5 Batch:  71 Loss: 0.5567 Accuracy Train: 69.068%
Epoch:  5 Batch:  81 Loss: 0.5520 Accuracy Train: 69.040%
Epoch:  5 Batch:  91 Loss: 0.5488 Accuracy Train: 69.077%
Epoch:  5 Batch: 101 Loss: 0.5411 Accuracy Train: 69.180%
Epoch:  5 Batch: 111 Loss: 0.5552 Accuracy Train: 69.184%
Epoch:  5 Batch: 121 Loss: 0.5513 Accuracy Train: 69.181%
Epoch:  5 Batch: 131 Loss: 0.5544 Accuracy Train: 69.210%
Epoch:  5 Batch: 141 Loss: 0.5476 Accuracy Train: 69.193%
Epoch:  5 Batch: 151 Loss: 0.5552 Accuracy Train: 69.127%
Epoch:  5 Batch: 161 Loss: 0.5402 Accuracy Train: 69.135%
Epoch:  5 Batch: 171 Loss: 0.5581 Accuracy Train: 69.099%
Epoch:  5 Batch: 181 Loss: 0.5480 Accuracy Train: 69.072%
Epoch:  6 Batch:   1 Loss: 0.5564 Accuracy Train: 69.640%
Epoch:  6 Batch:  11 Loss: 0.5568 Accuracy Train: 69.471%
Epoch:  6 Batch:  21 Loss: 0.5496 Accuracy Train: 69.499%
Epoch:  6 Batch:  31 Loss: 0.5496 Accuracy Train: 69.577%
Epoch:  6 Batch:  41 Loss: 0.5468 Accuracy Train: 69.633%
Epoch:  6 Batch:  51 Loss: 0.5477 Accuracy Train: 69.586%
Epoch:  6 Batch:  61 Loss: 0.5573 Accuracy Train: 69.513%
Epoch:  6 Batch:  71 Loss: 0.5484 Accuracy Train: 69.543%
Epoch:  6 Batch:  81 Loss: 0.5444 Accuracy Train: 69.630%
Epoch:  6 Batch:  91 Loss: 0.5497 Accuracy Train: 69.621%
Epoch:  6 Batch: 101 Loss: 0.5400 Accuracy Train: 69.646%
Epoch:  6 Batch: 111 Loss: 0.5463 Accuracy Train: 69.614%
Epoch:  6 Batch: 121 Loss: 0.5452 Accuracy Train: 69.567%
Epoch:  6 Batch: 131 Loss: 0.5562 Accuracy Train: 69.513%
Epoch:  6 Batch: 141 Loss: 0.5410 Accuracy Train: 69.500%
Epoch:  6 Batch: 151 Loss: 0.5522 Accuracy Train: 69.458%
Epoch:  6 Batch: 161 Loss: 0.5422 Accuracy Train: 69.449%
Epoch:  6 Batch: 171 Loss: 0.5455 Accuracy Train: 69.428%
Epoch:  6 Batch: 181 Loss: 0.5374 Accuracy Train: 69.465%
Epoch:  7 Batch:   1 Loss: 0.5473 Accuracy Train: 70.540%
Epoch:  7 Batch:  11 Loss: 0.5427 Accuracy Train: 69.405%
Epoch:  7 Batch:  21 Loss: 0.5408 Accuracy Train: 69.515%
Epoch:  7 Batch:  31 Loss: 0.5445 Accuracy Train: 69.535%
Epoch:  7 Batch:  41 Loss: 0.5425 Accuracy Train: 69.442%
Epoch:  7 Batch:  51 Loss: 0.5537 Accuracy Train: 69.372%
Epoch:  7 Batch:  61 Loss: 0.5425 Accuracy Train: 69.520%
Epoch:  7 Batch:  71 Loss: 0.5458 Accuracy Train: 69.420%
Epoch:  7 Batch:  81 Loss: 0.5358 Accuracy Train: 69.435%
Epoch:  7 Batch:  91 Loss: 0.5515 Accuracy Train: 69.418%
Epoch:  7 Batch: 101 Loss: 0.5453 Accuracy Train: 69.374%
Epoch:  7 Batch: 111 Loss: 0.5352 Accuracy Train: 69.428%
Epoch:  7 Batch: 121 Loss: 0.5492 Accuracy Train: 69.480%
Epoch:  7 Batch: 131 Loss: 0.5364 Accuracy Train: 69.470%
Epoch:  7 Batch: 141 Loss: 0.5483 Accuracy Train: 69.469%
Epoch:  7 Batch: 151 Loss: 0.5474 Accuracy Train: 69.430%
Epoch:  7 Batch: 161 Loss: 0.5426 Accuracy Train: 69.451%
Epoch:  7 Batch: 171 Loss: 0.5460 Accuracy Train: 69.468%
Epoch:  7 Batch: 181 Loss: 0.5488 Accuracy Train: 69.496%
Epoch:  8 Batch:   1 Loss: 0.5487 Accuracy Train: 69.980%
Epoch:  8 Batch:  11 Loss: 0.5392 Accuracy Train: 69.664%
Epoch:  8 Batch:  21 Loss: 0.5432 Accuracy Train: 69.557%
Epoch:  8 Batch:  31 Loss: 0.5587 Accuracy Train: 69.638%
Epoch:  8 Batch:  41 Loss: 0.5457 Accuracy Train: 69.498%
Epoch:  8 Batch:  51 Loss: 0.5479 Accuracy Train: 69.457%
Epoch:  8 Batch:  61 Loss: 0.5470 Accuracy Train: 69.457%
Epoch:  8 Batch:  71 Loss: 0.5379 Accuracy Train: 69.376%
Epoch:  8 Batch:  81 Loss: 0.5530 Accuracy Train: 69.291%
Epoch:  8 Batch:  91 Loss: 0.5410 Accuracy Train: 69.325%
Epoch:  8 Batch: 101 Loss: 0.5457 Accuracy Train: 69.300%
Epoch:  8 Batch: 111 Loss: 0.5434 Accuracy Train: 69.243%
Epoch:  8 Batch: 121 Loss: 0.5428 Accuracy Train: 69.286%
Epoch:  8 Batch: 131 Loss: 0.5569 Accuracy Train: 69.281%
Epoch:  8 Batch: 141 Loss: 0.5524 Accuracy Train: 69.241%
Epoch:  8 Batch: 151 Loss: 0.5456 Accuracy Train: 69.276%
Epoch:  8 Batch: 161 Loss: 0.5496 Accuracy Train: 69.256%
Epoch:  8 Batch: 171 Loss: 0.5373 Accuracy Train: 69.286%
Epoch:  8 Batch: 181 Loss: 0.5403 Accuracy Train: 69.297%
Epoch:  9 Batch:   1 Loss: 0.5317 Accuracy Train: 71.200%
Epoch:  9 Batch:  11 Loss: 0.5545 Accuracy Train: 69.591%
Epoch:  9 Batch:  21 Loss: 0.5411 Accuracy Train: 69.650%
Epoch:  9 Batch:  31 Loss: 0.5395 Accuracy Train: 69.345%
Epoch:  9 Batch:  41 Loss: 0.5437 Accuracy Train: 69.373%
Epoch:  9 Batch:  51 Loss: 0.5479 Accuracy Train: 69.570%
Epoch:  9 Batch:  61 Loss: 0.5375 Accuracy Train: 69.506%
Epoch:  9 Batch:  71 Loss: 0.5345 Accuracy Train: 69.548%
Epoch:  9 Batch:  81 Loss: 0.5491 Accuracy Train: 69.542%
Epoch:  9 Batch:  91 Loss: 0.5483 Accuracy Train: 69.536%
Epoch:  9 Batch: 101 Loss: 0.5335 Accuracy Train: 69.508%
Epoch:  9 Batch: 111 Loss: 0.5474 Accuracy Train: 69.521%
Epoch:  9 Batch: 121 Loss: 0.5516 Accuracy Train: 69.525%
Epoch:  9 Batch: 131 Loss: 0.5500 Accuracy Train: 69.498%
Epoch:  9 Batch: 141 Loss: 0.5334 Accuracy Train: 69.541%
Epoch:  9 Batch: 151 Loss: 0.5489 Accuracy Train: 69.557%
Epoch:  9 Batch: 161 Loss: 0.5564 Accuracy Train: 69.557%
Epoch:  9 Batch: 171 Loss: 0.5421 Accuracy Train: 69.565%
Epoch:  9 Batch: 181 Loss: 0.5404 Accuracy Train: 69.530%
Epoch: 10 Batch:   1 Loss: 0.5440 Accuracy Train: 70.660%
Epoch: 10 Batch:  11 Loss: 0.5411 Accuracy Train: 69.247%
Epoch: 10 Batch:  21 Loss: 0.5382 Accuracy Train: 69.430%
Epoch: 10 Batch:  31 Loss: 0.5394 Accuracy Train: 69.712%
Epoch: 10 Batch:  41 Loss: 0.5413 Accuracy Train: 69.647%
Epoch: 10 Batch:  51 Loss: 0.5351 Accuracy Train: 69.710%
Epoch: 10 Batch:  61 Loss: 0.5536 Accuracy Train: 69.530%
Epoch: 10 Batch:  71 Loss: 0.5544 Accuracy Train: 69.519%
Epoch: 10 Batch:  81 Loss: 0.5435 Accuracy Train: 69.443%
Epoch: 10 Batch:  91 Loss: 0.5473 Accuracy Train: 69.455%
Epoch: 10 Batch: 101 Loss: 0.5578 Accuracy Train: 69.513%
Epoch: 10 Batch: 111 Loss: 0.5393 Accuracy Train: 69.522%
Epoch: 10 Batch: 121 Loss: 0.5259 Accuracy Train: 69.526%
Epoch: 10 Batch: 131 Loss: 0.5546 Accuracy Train: 69.522%
Epoch: 10 Batch: 141 Loss: 0.5716 Accuracy Train: 69.459%
Epoch: 10 Batch: 151 Loss: 0.5484 Accuracy Train: 69.428%
Epoch: 10 Batch: 161 Loss: 0.5486 Accuracy Train: 69.445%
Epoch: 10 Batch: 171 Loss: 0.5501 Accuracy Train: 69.439%
Epoch: 10 Batch: 181 Loss: 0.5546 Accuracy Train: 69.445%
Epoch: 11 Batch:   1 Loss: 0.5509 Accuracy Train: 68.740%
Epoch: 11 Batch:  11 Loss: 0.5471 Accuracy Train: 69.045%
Epoch: 11 Batch:  21 Loss: 0.5462 Accuracy Train: 69.228%
Epoch: 11 Batch:  31 Loss: 0.5620 Accuracy Train: 69.265%
Epoch: 11 Batch:  41 Loss: 0.5570 Accuracy Train: 69.029%
Epoch: 11 Batch:  51 Loss: 0.5508 Accuracy Train: 69.147%
Epoch: 11 Batch:  61 Loss: 0.5478 Accuracy Train: 69.273%
Epoch: 11 Batch:  71 Loss: 0.5283 Accuracy Train: 69.397%
Epoch: 11 Batch:  81 Loss: 0.5534 Accuracy Train: 69.396%
Epoch: 11 Batch:  91 Loss: 0.5555 Accuracy Train: 69.388%
Epoch: 11 Batch: 101 Loss: 0.5468 Accuracy Train: 69.443%
Epoch: 11 Batch: 111 Loss: 0.5338 Accuracy Train: 69.484%
Epoch: 11 Batch: 121 Loss: 0.5493 Accuracy Train: 69.493%
Epoch: 11 Batch: 131 Loss: 0.5470 Accuracy Train: 69.489%
Epoch: 11 Batch: 141 Loss: 0.5523 Accuracy Train: 69.487%
Epoch: 11 Batch: 151 Loss: 0.5528 Accuracy Train: 69.464%
Epoch: 11 Batch: 161 Loss: 0.5354 Accuracy Train: 69.474%
Epoch: 11 Batch: 171 Loss: 0.5408 Accuracy Train: 69.524%
Epoch: 11 Batch: 181 Loss: 0.5460 Accuracy Train: 69.517%
Epoch: 12 Batch:   1 Loss: 0.5490 Accuracy Train: 69.220%
Epoch: 12 Batch:  11 Loss: 0.5386 Accuracy Train: 69.673%
Epoch: 12 Batch:  21 Loss: 0.5478 Accuracy Train: 69.593%
Epoch: 12 Batch:  31 Loss: 0.5474 Accuracy Train: 69.633%
Epoch: 12 Batch:  41 Loss: 0.5466 Accuracy Train: 69.506%
Epoch: 12 Batch:  51 Loss: 0.5395 Accuracy Train: 69.517%
Epoch: 12 Batch:  61 Loss: 0.5484 Accuracy Train: 69.581%
Epoch: 12 Batch:  71 Loss: 0.5518 Accuracy Train: 69.466%
Epoch: 12 Batch:  81 Loss: 0.5348 Accuracy Train: 69.451%
Epoch: 12 Batch:  91 Loss: 0.5500 Accuracy Train: 69.507%
Epoch: 12 Batch: 101 Loss: 0.5454 Accuracy Train: 69.448%
Epoch: 12 Batch: 111 Loss: 0.5434 Accuracy Train: 69.423%
Epoch: 12 Batch: 121 Loss: 0.5537 Accuracy Train: 69.450%
Epoch: 12 Batch: 131 Loss: 0.5436 Accuracy Train: 69.416%
Epoch: 12 Batch: 141 Loss: 0.5368 Accuracy Train: 69.400%
Epoch: 12 Batch: 151 Loss: 0.5359 Accuracy Train: 69.387%
Epoch: 12 Batch: 161 Loss: 0.5341 Accuracy Train: 69.382%
Epoch: 12 Batch: 171 Loss: 0.5479 Accuracy Train: 69.376%
Epoch: 12 Batch: 181 Loss: 0.5524 Accuracy Train: 69.426%
Epoch: 13 Batch:   1 Loss: 0.5423 Accuracy Train: 67.600%
Epoch: 13 Batch:  11 Loss: 0.5400 Accuracy Train: 69.618%
Epoch: 13 Batch:  21 Loss: 0.5470 Accuracy Train: 69.482%
Epoch: 13 Batch:  31 Loss: 0.5447 Accuracy Train: 69.581%
Epoch: 13 Batch:  41 Loss: 0.5407 Accuracy Train: 69.533%
Epoch: 13 Batch:  51 Loss: 0.5415 Accuracy Train: 69.594%
Epoch: 13 Batch:  61 Loss: 0.5445 Accuracy Train: 69.565%
Epoch: 13 Batch:  71 Loss: 0.5564 Accuracy Train: 69.612%
Epoch: 13 Batch:  81 Loss: 0.5551 Accuracy Train: 69.570%
Epoch: 13 Batch:  91 Loss: 0.5382 Accuracy Train: 69.449%
Epoch: 13 Batch: 101 Loss: 0.5451 Accuracy Train: 69.483%
Epoch: 13 Batch: 111 Loss: 0.5456 Accuracy Train: 69.449%
Epoch: 13 Batch: 121 Loss: 0.5389 Accuracy Train: 69.462%
Epoch: 13 Batch: 131 Loss: 0.5484 Accuracy Train: 69.429%
Epoch: 13 Batch: 141 Loss: 0.5407 Accuracy Train: 69.350%
Epoch: 13 Batch: 151 Loss: 0.5624 Accuracy Train: 69.364%
Epoch: 13 Batch: 161 Loss: 0.5608 Accuracy Train: 69.329%
Epoch: 13 Batch: 171 Loss: 0.5444 Accuracy Train: 69.308%
Epoch: 13 Batch: 181 Loss: 0.5453 Accuracy Train: 69.333%
Epoch: 14 Batch:   1 Loss: 0.5375 Accuracy Train: 71.060%
Epoch: 14 Batch:  11 Loss: 0.5462 Accuracy Train: 69.915%
Epoch: 14 Batch:  21 Loss: 0.5640 Accuracy Train: 69.447%
Epoch: 14 Batch:  31 Loss: 0.5503 Accuracy Train: 69.299%
Epoch: 14 Batch:  41 Loss: 0.5483 Accuracy Train: 69.443%
Epoch: 14 Batch:  51 Loss: 0.5439 Accuracy Train: 69.527%
Epoch: 14 Batch:  61 Loss: 0.5314 Accuracy Train: 69.565%
Epoch: 14 Batch:  71 Loss: 0.5423 Accuracy Train: 69.545%
Epoch: 14 Batch:  81 Loss: 0.5346 Accuracy Train: 69.514%
Epoch: 14 Batch:  91 Loss: 0.5341 Accuracy Train: 69.471%
Epoch: 14 Batch: 101 Loss: 0.5423 Accuracy Train: 69.469%
Epoch: 14 Batch: 111 Loss: 0.5610 Accuracy Train: 69.395%
Epoch: 14 Batch: 121 Loss: 0.5438 Accuracy Train: 69.435%
Epoch: 14 Batch: 131 Loss: 0.5401 Accuracy Train: 69.511%
Epoch: 14 Batch: 141 Loss: 0.5498 Accuracy Train: 69.461%
Epoch: 14 Batch: 151 Loss: 0.5504 Accuracy Train: 69.471%
Epoch: 14 Batch: 161 Loss: 0.5559 Accuracy Train: 69.451%
Epoch: 14 Batch: 171 Loss: 0.5346 Accuracy Train: 69.488%
Epoch: 14 Batch: 181 Loss: 0.5423 Accuracy Train: 69.522%
Epoch: 15 Batch:   1 Loss: 0.5352 Accuracy Train: 71.120%
Epoch: 15 Batch:  11 Loss: 0.5399 Accuracy Train: 69.665%
Epoch: 15 Batch:  21 Loss: 0.5503 Accuracy Train: 69.729%
Epoch: 15 Batch:  31 Loss: 0.5380 Accuracy Train: 69.954%
Epoch: 15 Batch:  41 Loss: 0.5376 Accuracy Train: 69.810%
Epoch: 15 Batch:  51 Loss: 0.5538 Accuracy Train: 69.735%
Epoch: 15 Batch:  61 Loss: 0.5441 Accuracy Train: 69.751%
Epoch: 15 Batch:  71 Loss: 0.5525 Accuracy Train: 69.843%
Epoch: 15 Batch:  81 Loss: 0.5374 Accuracy Train: 69.899%
Epoch: 15 Batch:  91 Loss: 0.5477 Accuracy Train: 69.886%
Epoch: 15 Batch: 101 Loss: 0.5437 Accuracy Train: 69.892%
Epoch: 15 Batch: 111 Loss: 0.5357 Accuracy Train: 69.901%
Epoch: 15 Batch: 121 Loss: 0.5529 Accuracy Train: 69.856%
Epoch: 15 Batch: 131 Loss: 0.5368 Accuracy Train: 69.736%
Epoch: 15 Batch: 141 Loss: 0.5389 Accuracy Train: 69.712%
Epoch: 15 Batch: 151 Loss: 0.5419 Accuracy Train: 69.704%
Epoch: 15 Batch: 161 Loss: 0.5385 Accuracy Train: 69.701%
Epoch: 15 Batch: 171 Loss: 0.5441 Accuracy Train: 69.659%
Epoch: 15 Batch: 181 Loss: 0.5441 Accuracy Train: 69.636%
Epoch: 16 Batch:   1 Loss: 0.5474 Accuracy Train: 69.700%
Epoch: 16 Batch:  11 Loss: 0.5443 Accuracy Train: 69.842%
Epoch: 16 Batch:  21 Loss: 0.5409 Accuracy Train: 69.710%
Epoch: 16 Batch:  31 Loss: 0.5383 Accuracy Train: 69.769%
Epoch: 16 Batch:  41 Loss: 0.5435 Accuracy Train: 69.862%
Epoch: 16 Batch:  51 Loss: 0.5361 Accuracy Train: 69.847%
Epoch: 16 Batch:  61 Loss: 0.5469 Accuracy Train: 69.959%
Epoch: 16 Batch:  71 Loss: 0.5510 Accuracy Train: 69.882%
Epoch: 16 Batch:  81 Loss: 0.5366 Accuracy Train: 69.887%
Epoch: 16 Batch:  91 Loss: 0.5468 Accuracy Train: 69.837%
Epoch: 16 Batch: 101 Loss: 0.5479 Accuracy Train: 69.785%
Epoch: 16 Batch: 111 Loss: 0.5562 Accuracy Train: 69.717%
Epoch: 16 Batch: 121 Loss: 0.5473 Accuracy Train: 69.722%
Epoch: 16 Batch: 131 Loss: 0.5559 Accuracy Train: 69.723%
Epoch: 16 Batch: 141 Loss: 0.5373 Accuracy Train: 69.693%
Epoch: 16 Batch: 151 Loss: 0.5611 Accuracy Train: 69.676%
Epoch: 16 Batch: 161 Loss: 0.5351 Accuracy Train: 69.667%
Epoch: 16 Batch: 171 Loss: 0.5382 Accuracy Train: 69.668%
Epoch: 16 Batch: 181 Loss: 0.5353 Accuracy Train: 69.630%
Epoch: 17 Batch:   1 Loss: 0.5613 Accuracy Train: 69.400%
Epoch: 17 Batch:  11 Loss: 0.5397 Accuracy Train: 70.325%
Epoch: 17 Batch:  21 Loss: 0.5496 Accuracy Train: 70.067%
Epoch: 17 Batch:  31 Loss: 0.5431 Accuracy Train: 69.861%
Epoch: 17 Batch:  41 Loss: 0.5577 Accuracy Train: 69.714%
Epoch: 17 Batch:  51 Loss: 0.5507 Accuracy Train: 69.590%
Epoch: 17 Batch:  61 Loss: 0.5362 Accuracy Train: 69.633%
Epoch: 17 Batch:  71 Loss: 0.5520 Accuracy Train: 69.507%
Epoch: 17 Batch:  81 Loss: 0.5393 Accuracy Train: 69.569%
Epoch: 17 Batch:  91 Loss: 0.5418 Accuracy Train: 69.563%
Epoch: 17 Batch: 101 Loss: 0.5465 Accuracy Train: 69.515%
Epoch: 17 Batch: 111 Loss: 0.5480 Accuracy Train: 69.545%
Epoch: 17 Batch: 121 Loss: 0.5407 Accuracy Train: 69.547%
Epoch: 17 Batch: 131 Loss: 0.5404 Accuracy Train: 69.526%
Epoch: 17 Batch: 141 Loss: 0.5452 Accuracy Train: 69.534%
Epoch: 17 Batch: 151 Loss: 0.5380 Accuracy Train: 69.560%
Epoch: 17 Batch: 161 Loss: 0.5262 Accuracy Train: 69.587%
Epoch: 17 Batch: 171 Loss: 0.5285 Accuracy Train: 69.598%
Epoch: 17 Batch: 181 Loss: 0.5464 Accuracy Train: 69.605%
Epoch: 18 Batch:   1 Loss: 0.5479 Accuracy Train: 69.480%
Epoch: 18 Batch:  11 Loss: 0.5511 Accuracy Train: 69.167%
Epoch: 18 Batch:  21 Loss: 0.5366 Accuracy Train: 69.323%
Epoch: 18 Batch:  31 Loss: 0.5541 Accuracy Train: 69.326%
Epoch: 18 Batch:  41 Loss: 0.5411 Accuracy Train: 69.346%
Epoch: 18 Batch:  51 Loss: 0.5466 Accuracy Train: 69.442%
Epoch: 18 Batch:  61 Loss: 0.5349 Accuracy Train: 69.582%
Epoch: 18 Batch:  71 Loss: 0.5430 Accuracy Train: 69.633%
Epoch: 18 Batch:  81 Loss: 0.5269 Accuracy Train: 69.616%
Epoch: 18 Batch:  91 Loss: 0.5400 Accuracy Train: 69.612%
Epoch: 18 Batch: 101 Loss: 0.5452 Accuracy Train: 69.514%
Epoch: 18 Batch: 111 Loss: 0.5414 Accuracy Train: 69.514%
Epoch: 18 Batch: 121 Loss: 0.5424 Accuracy Train: 69.568%
Epoch: 18 Batch: 131 Loss: 0.5427 Accuracy Train: 69.522%
Epoch: 18 Batch: 141 Loss: 0.5440 Accuracy Train: 69.538%
Epoch: 18 Batch: 151 Loss: 0.5370 Accuracy Train: 69.563%
Epoch: 18 Batch: 161 Loss: 0.5363 Accuracy Train: 69.613%
Epoch: 18 Batch: 171 Loss: 0.5496 Accuracy Train: 69.569%
Epoch: 18 Batch: 181 Loss: 0.5483 Accuracy Train: 69.567%
Epoch: 19 Batch:   1 Loss: 0.5310 Accuracy Train: 71.440%
Epoch: 19 Batch:  11 Loss: 0.5416 Accuracy Train: 69.956%
Epoch: 19 Batch:  21 Loss: 0.5361 Accuracy Train: 69.880%
Epoch: 19 Batch:  31 Loss: 0.5436 Accuracy Train: 69.943%
Epoch: 19 Batch:  41 Loss: 0.5427 Accuracy Train: 69.876%
Epoch: 19 Batch:  51 Loss: 0.5466 Accuracy Train: 69.715%
Epoch: 19 Batch:  61 Loss: 0.5405 Accuracy Train: 69.701%
Epoch: 19 Batch:  71 Loss: 0.5409 Accuracy Train: 69.641%
Epoch: 19 Batch:  81 Loss: 0.5489 Accuracy Train: 69.666%
Epoch: 19 Batch:  91 Loss: 0.5390 Accuracy Train: 69.669%
Epoch: 19 Batch: 101 Loss: 0.5426 Accuracy Train: 69.679%
Epoch: 19 Batch: 111 Loss: 0.5401 Accuracy Train: 69.715%
Epoch: 19 Batch: 121 Loss: 0.5504 Accuracy Train: 69.677%
Epoch: 19 Batch: 131 Loss: 0.5394 Accuracy Train: 69.658%
Epoch: 19 Batch: 141 Loss: 0.5530 Accuracy Train: 69.641%
Epoch: 19 Batch: 151 Loss: 0.5351 Accuracy Train: 69.634%
Epoch: 19 Batch: 161 Loss: 0.5427 Accuracy Train: 69.618%
Epoch: 19 Batch: 171 Loss: 0.5384 Accuracy Train: 69.610%
Epoch: 19 Batch: 181 Loss: 0.5403 Accuracy Train: 69.612%

Duration: 154 seconds
