Training DynNetGen(
  (layers): Sequential(
    (0): Sequential(
      (0): Conv2d(1, 32, kernel_size=(3, 3), stride=(1, 1))
      (1): BatchNorm2d(32, eps=1e-05, momentum=0.1, affine=True, track_running_stats=True)
      (2): ReLU()
    )
    (1): Sequential(
      (0): Flatten(start_dim=1, end_dim=-1)
      (1): Linear(in_features=288, out_features=2, bias=True)
    )
  )
) in cuda
=================================================================
Layer (type:depth-idx)                   Param #
=================================================================
DynNetGen                                --
├─Sequential: 1-1                        --
│    └─Sequential: 2-1                   --
│    │    └─Conv2d: 3-1                  320
│    │    └─BatchNorm2d: 3-2             64
│    │    └─ReLU: 3-3                    --
│    └─Sequential: 2-2                   --
│    │    └─Flatten: 3-4                 --
│    │    └─Linear: 3-5                  578
=================================================================
Total params: 962
Trainable params: 962
Non-trainable params: 0
=================================================================
Epoch:  0 Batch:   1 Loss: 0.6629 Accuracy Train: 75.840%
Epoch:  0 Batch:  11 Loss: 0.3738 Accuracy Train: 81.633%
Epoch:  0 Batch:  21 Loss: 0.3229 Accuracy Train: 83.200%
Epoch:  0 Batch:  31 Loss: 0.3216 Accuracy Train: 83.894%
Epoch:  0 Batch:  41 Loss: 0.3159 Accuracy Train: 84.298%
Epoch:  1 Batch:   1 Loss: 0.3020 Accuracy Train: 86.960%
Epoch:  1 Batch:  11 Loss: 0.2928 Accuracy Train: 86.071%
Epoch:  1 Batch:  21 Loss: 0.2863 Accuracy Train: 86.987%
Epoch:  1 Batch:  31 Loss: 0.2930 Accuracy Train: 87.317%
Epoch:  1 Batch:  41 Loss: 0.2988 Accuracy Train: 87.532%
Epoch:  2 Batch:   1 Loss: 0.2820 Accuracy Train: 88.660%
Epoch:  2 Batch:  11 Loss: 0.2858 Accuracy Train: 88.218%
Epoch:  2 Batch:  21 Loss: 0.2889 Accuracy Train: 88.125%
Epoch:  2 Batch:  31 Loss: 0.2951 Accuracy Train: 88.210%
Epoch:  2 Batch:  41 Loss: 0.2767 Accuracy Train: 88.221%
Epoch:  3 Batch:   1 Loss: 0.2832 Accuracy Train: 88.440%
Epoch:  3 Batch:  11 Loss: 0.3053 Accuracy Train: 88.105%
Epoch:  3 Batch:  21 Loss: 0.2908 Accuracy Train: 88.212%
Epoch:  3 Batch:  31 Loss: 0.2891 Accuracy Train: 88.185%
Epoch:  3 Batch:  41 Loss: 0.2681 Accuracy Train: 88.214%
Epoch:  4 Batch:   1 Loss: 0.2879 Accuracy Train: 87.960%
Epoch:  4 Batch:  11 Loss: 0.2879 Accuracy Train: 88.147%
Epoch:  4 Batch:  21 Loss: 0.2970 Accuracy Train: 88.171%
Epoch:  4 Batch:  31 Loss: 0.2944 Accuracy Train: 88.243%
Epoch:  4 Batch:  41 Loss: 0.2777 Accuracy Train: 88.213%
Epoch:  5 Batch:   1 Loss: 0.2856 Accuracy Train: 88.140%
Epoch:  5 Batch:  11 Loss: 0.2895 Accuracy Train: 88.251%
Epoch:  5 Batch:  21 Loss: 0.2808 Accuracy Train: 88.162%
Epoch:  5 Batch:  31 Loss: 0.2959 Accuracy Train: 88.165%
Epoch:  5 Batch:  41 Loss: 0.2794 Accuracy Train: 88.220%
Epoch:  6 Batch:   1 Loss: 0.2756 Accuracy Train: 88.940%
Epoch:  6 Batch:  11 Loss: 0.2909 Accuracy Train: 88.324%
Epoch:  6 Batch:  21 Loss: 0.2882 Accuracy Train: 88.230%
Epoch:  6 Batch:  31 Loss: 0.2863 Accuracy Train: 88.290%
Epoch:  6 Batch:  41 Loss: 0.2828 Accuracy Train: 88.224%
Epoch:  7 Batch:   1 Loss: 0.2968 Accuracy Train: 87.560%
Epoch:  7 Batch:  11 Loss: 0.2855 Accuracy Train: 88.033%
Epoch:  7 Batch:  21 Loss: 0.2905 Accuracy Train: 88.198%
Epoch:  7 Batch:  31 Loss: 0.2762 Accuracy Train: 88.183%
Epoch:  7 Batch:  41 Loss: 0.2908 Accuracy Train: 88.222%
Epoch:  8 Batch:   1 Loss: 0.2801 Accuracy Train: 88.300%
Epoch:  8 Batch:  11 Loss: 0.2914 Accuracy Train: 88.253%
Epoch:  8 Batch:  21 Loss: 0.2782 Accuracy Train: 88.250%
Epoch:  8 Batch:  31 Loss: 0.2879 Accuracy Train: 88.221%
Epoch:  8 Batch:  41 Loss: 0.2925 Accuracy Train: 88.217%
Epoch:  9 Batch:   1 Loss: 0.2923 Accuracy Train: 88.120%
Epoch:  9 Batch:  11 Loss: 0.2805 Accuracy Train: 88.149%
Epoch:  9 Batch:  21 Loss: 0.2845 Accuracy Train: 88.080%
Epoch:  9 Batch:  31 Loss: 0.2831 Accuracy Train: 88.172%
Epoch:  9 Batch:  41 Loss: 0.2880 Accuracy Train: 88.227%
Epoch: 10 Batch:   1 Loss: 0.2892 Accuracy Train: 88.320%
Epoch: 10 Batch:  11 Loss: 0.2988 Accuracy Train: 88.338%
Epoch: 10 Batch:  21 Loss: 0.2951 Accuracy Train: 88.314%
Epoch: 10 Batch:  31 Loss: 0.2773 Accuracy Train: 88.197%
Epoch: 10 Batch:  41 Loss: 0.2935 Accuracy Train: 88.218%
Epoch: 11 Batch:   1 Loss: 0.2849 Accuracy Train: 88.480%
Epoch: 11 Batch:  11 Loss: 0.3010 Accuracy Train: 88.431%
Epoch: 11 Batch:  21 Loss: 0.2834 Accuracy Train: 88.420%
Epoch: 11 Batch:  31 Loss: 0.2894 Accuracy Train: 88.286%
Epoch: 11 Batch:  41 Loss: 0.2777 Accuracy Train: 88.212%
Epoch: 12 Batch:   1 Loss: 0.2846 Accuracy Train: 88.940%
Epoch: 12 Batch:  11 Loss: 0.3044 Accuracy Train: 88.140%
Epoch: 12 Batch:  21 Loss: 0.2950 Accuracy Train: 88.165%
Epoch: 12 Batch:  31 Loss: 0.2863 Accuracy Train: 88.252%
Epoch: 12 Batch:  41 Loss: 0.2794 Accuracy Train: 88.226%
Epoch: 13 Batch:   1 Loss: 0.2883 Accuracy Train: 88.140%
Epoch: 13 Batch:  11 Loss: 0.2733 Accuracy Train: 88.149%
Epoch: 13 Batch:  21 Loss: 0.2862 Accuracy Train: 88.223%
Epoch: 13 Batch:  31 Loss: 0.2879 Accuracy Train: 88.200%
Epoch: 13 Batch:  41 Loss: 0.2777 Accuracy Train: 88.224%
Epoch: 14 Batch:   1 Loss: 0.2689 Accuracy Train: 89.240%
Epoch: 14 Batch:  11 Loss: 0.2793 Accuracy Train: 88.327%
Epoch: 14 Batch:  21 Loss: 0.2819 Accuracy Train: 88.315%
Epoch: 14 Batch:  31 Loss: 0.2991 Accuracy Train: 88.229%
Epoch: 14 Batch:  41 Loss: 0.2837 Accuracy Train: 88.218%
Epoch: 15 Batch:   1 Loss: 0.2866 Accuracy Train: 88.440%
Epoch: 15 Batch:  11 Loss: 0.2826 Accuracy Train: 88.160%
Epoch: 15 Batch:  21 Loss: 0.2805 Accuracy Train: 88.235%
Epoch: 15 Batch:  31 Loss: 0.2969 Accuracy Train: 88.223%
Epoch: 15 Batch:  41 Loss: 0.2778 Accuracy Train: 88.223%
Epoch: 16 Batch:   1 Loss: 0.2830 Accuracy Train: 88.360%
Epoch: 16 Batch:  11 Loss: 0.2839 Accuracy Train: 88.293%
Epoch: 16 Batch:  21 Loss: 0.2850 Accuracy Train: 88.207%
Epoch: 16 Batch:  31 Loss: 0.2975 Accuracy Train: 88.224%
Epoch: 16 Batch:  41 Loss: 0.2832 Accuracy Train: 88.235%
Epoch: 17 Batch:   1 Loss: 0.2771 Accuracy Train: 89.280%
Epoch: 17 Batch:  11 Loss: 0.2906 Accuracy Train: 88.264%
Epoch: 17 Batch:  21 Loss: 0.2709 Accuracy Train: 88.261%
Epoch: 17 Batch:  31 Loss: 0.2872 Accuracy Train: 88.224%
Epoch: 17 Batch:  41 Loss: 0.2940 Accuracy Train: 88.228%
Epoch: 18 Batch:   1 Loss: 0.2972 Accuracy Train: 87.440%
Epoch: 18 Batch:  11 Loss: 0.2971 Accuracy Train: 88.131%
Epoch: 18 Batch:  21 Loss: 0.2862 Accuracy Train: 88.272%
Epoch: 18 Batch:  31 Loss: 0.2868 Accuracy Train: 88.176%
Epoch: 18 Batch:  41 Loss: 0.2876 Accuracy Train: 88.217%
Epoch: 19 Batch:   1 Loss: 0.2850 Accuracy Train: 88.480%
Epoch: 19 Batch:  11 Loss: 0.2958 Accuracy Train: 88.198%
Epoch: 19 Batch:  21 Loss: 0.2834 Accuracy Train: 88.229%
Epoch: 19 Batch:  31 Loss: 0.2791 Accuracy Train: 88.260%
Epoch: 19 Batch:  41 Loss: 0.2880 Accuracy Train: 88.234%

Duration: 27 seconds
