Training DynNetGen(
  (layers): Sequential(
    (0): Sequential(
      (0): Conv2d(1, 32, kernel_size=(3, 3), stride=(1, 1))
      (1): BatchNorm2d(32, eps=1e-05, momentum=0.1, affine=True, track_running_stats=True)
      (2): ReLU()
    )
    (1): Sequential(
      (0): Flatten(start_dim=1, end_dim=-1)
      (1): Linear(in_features=288, out_features=2, bias=True)
    )
  )
) in cuda
=================================================================
Layer (type:depth-idx)                   Param #
=================================================================
DynNetGen                                --
├─Sequential: 1-1                        --
│    └─Sequential: 2-1                   --
│    │    └─Conv2d: 3-1                  320
│    │    └─BatchNorm2d: 3-2             64
│    │    └─ReLU: 3-3                    --
│    └─Sequential: 2-2                   --
│    │    └─Flatten: 3-4                 --
│    │    └─Linear: 3-5                  578
=================================================================
Total params: 962
Trainable params: 962
Non-trainable params: 0
=================================================================
Epoch:  0 Batch:   1 Loss: 0.7326 Accuracy Train: 38.700%
Epoch:  0 Batch:  11 Loss: 0.6111 Accuracy Train: 56.753%
Epoch:  0 Batch:  21 Loss: 0.5790 Accuracy Train: 60.399%
Epoch:  0 Batch:  31 Loss: 0.5712 Accuracy Train: 63.304%
Epoch:  0 Batch:  41 Loss: 0.5615 Accuracy Train: 65.204%
Epoch:  0 Batch:  51 Loss: 0.5585 Accuracy Train: 66.336%
Epoch:  0 Batch:  61 Loss: 0.5561 Accuracy Train: 67.110%
Epoch:  0 Batch:  71 Loss: 0.5451 Accuracy Train: 67.690%
Epoch:  0 Batch:  81 Loss: 0.5440 Accuracy Train: 68.137%
Epoch:  0 Batch:  91 Loss: 0.5403 Accuracy Train: 68.451%
Epoch:  0 Batch: 101 Loss: 0.5409 Accuracy Train: 68.641%
Epoch:  0 Batch: 111 Loss: 0.5464 Accuracy Train: 68.841%
Epoch:  0 Batch: 121 Loss: 0.5399 Accuracy Train: 69.065%
Epoch:  0 Batch: 131 Loss: 0.5378 Accuracy Train: 69.183%
Epoch:  0 Batch: 141 Loss: 0.5454 Accuracy Train: 69.318%
Epoch:  0 Batch: 151 Loss: 0.5303 Accuracy Train: 69.447%
Epoch:  0 Batch: 161 Loss: 0.5393 Accuracy Train: 69.545%
Epoch:  0 Batch: 171 Loss: 0.5256 Accuracy Train: 69.640%
Epoch:  0 Batch: 181 Loss: 0.5463 Accuracy Train: 69.704%
Epoch:  1 Batch:   1 Loss: 0.5565 Accuracy Train: 70.500%
Epoch:  1 Batch:  11 Loss: 0.5400 Accuracy Train: 71.098%
Epoch:  1 Batch:  21 Loss: 0.5439 Accuracy Train: 71.119%
Epoch:  1 Batch:  31 Loss: 0.5541 Accuracy Train: 71.096%
Epoch:  1 Batch:  41 Loss: 0.5364 Accuracy Train: 71.057%
Epoch:  1 Batch:  51 Loss: 0.5395 Accuracy Train: 71.102%
Epoch:  1 Batch:  61 Loss: 0.5364 Accuracy Train: 71.001%
Epoch:  1 Batch:  71 Loss: 0.5492 Accuracy Train: 70.984%
Epoch:  1 Batch:  81 Loss: 0.5321 Accuracy Train: 70.986%
Epoch:  1 Batch:  91 Loss: 0.5417 Accuracy Train: 70.969%
Epoch:  1 Batch: 101 Loss: 0.5409 Accuracy Train: 70.981%
Epoch:  1 Batch: 111 Loss: 0.5375 Accuracy Train: 70.979%
Epoch:  1 Batch: 121 Loss: 0.5378 Accuracy Train: 70.967%
Epoch:  1 Batch: 131 Loss: 0.5513 Accuracy Train: 70.990%
Epoch:  1 Batch: 141 Loss: 0.5549 Accuracy Train: 70.999%
Epoch:  1 Batch: 151 Loss: 0.5431 Accuracy Train: 70.920%
Epoch:  1 Batch: 161 Loss: 0.5571 Accuracy Train: 70.876%
Epoch:  1 Batch: 171 Loss: 0.5397 Accuracy Train: 70.867%
Epoch:  1 Batch: 181 Loss: 0.5300 Accuracy Train: 70.906%
Epoch:  2 Batch:   1 Loss: 0.5317 Accuracy Train: 72.020%
Epoch:  2 Batch:  11 Loss: 0.5486 Accuracy Train: 70.405%
Epoch:  2 Batch:  21 Loss: 0.5483 Accuracy Train: 70.770%
Epoch:  2 Batch:  31 Loss: 0.5419 Accuracy Train: 70.873%
Epoch:  2 Batch:  41 Loss: 0.5376 Accuracy Train: 70.975%
Epoch:  2 Batch:  51 Loss: 0.5472 Accuracy Train: 70.973%
Epoch:  2 Batch:  61 Loss: 0.5645 Accuracy Train: 70.981%
Epoch:  2 Batch:  71 Loss: 0.5380 Accuracy Train: 71.025%
Epoch:  2 Batch:  81 Loss: 0.5315 Accuracy Train: 71.045%
Epoch:  2 Batch:  91 Loss: 0.5445 Accuracy Train: 71.059%
Epoch:  2 Batch: 101 Loss: 0.5350 Accuracy Train: 71.096%
Epoch:  2 Batch: 111 Loss: 0.5313 Accuracy Train: 71.059%
Epoch:  2 Batch: 121 Loss: 0.5376 Accuracy Train: 71.063%
Epoch:  2 Batch: 131 Loss: 0.5334 Accuracy Train: 71.076%
Epoch:  2 Batch: 141 Loss: 0.5484 Accuracy Train: 71.078%
Epoch:  2 Batch: 151 Loss: 0.5387 Accuracy Train: 71.056%
Epoch:  2 Batch: 161 Loss: 0.5428 Accuracy Train: 71.038%
Epoch:  2 Batch: 171 Loss: 0.5381 Accuracy Train: 71.046%
Epoch:  2 Batch: 181 Loss: 0.5489 Accuracy Train: 71.024%
Epoch:  3 Batch:   1 Loss: 0.5359 Accuracy Train: 71.820%
Epoch:  3 Batch:  11 Loss: 0.5398 Accuracy Train: 71.093%
Epoch:  3 Batch:  21 Loss: 0.5419 Accuracy Train: 70.914%
Epoch:  3 Batch:  31 Loss: 0.5322 Accuracy Train: 71.092%
Epoch:  3 Batch:  41 Loss: 0.5343 Accuracy Train: 71.085%
Epoch:  3 Batch:  51 Loss: 0.5460 Accuracy Train: 70.940%
Epoch:  3 Batch:  61 Loss: 0.5355 Accuracy Train: 70.851%
Epoch:  3 Batch:  71 Loss: 0.5416 Accuracy Train: 70.876%
Epoch:  3 Batch:  81 Loss: 0.5419 Accuracy Train: 70.913%
Epoch:  3 Batch:  91 Loss: 0.5350 Accuracy Train: 70.933%
Epoch:  3 Batch: 101 Loss: 0.5283 Accuracy Train: 70.930%
Epoch:  3 Batch: 111 Loss: 0.5350 Accuracy Train: 70.840%
Epoch:  3 Batch: 121 Loss: 0.5529 Accuracy Train: 70.845%
Epoch:  3 Batch: 131 Loss: 0.5470 Accuracy Train: 70.851%
Epoch:  3 Batch: 141 Loss: 0.5403 Accuracy Train: 70.857%
Epoch:  3 Batch: 151 Loss: 0.5468 Accuracy Train: 70.881%
Epoch:  3 Batch: 161 Loss: 0.5418 Accuracy Train: 70.872%
Epoch:  3 Batch: 171 Loss: 0.5387 Accuracy Train: 70.883%
Epoch:  3 Batch: 181 Loss: 0.5394 Accuracy Train: 70.898%
Epoch:  4 Batch:   1 Loss: 0.5484 Accuracy Train: 70.940%
Epoch:  4 Batch:  11 Loss: 0.5311 Accuracy Train: 71.084%
Epoch:  4 Batch:  21 Loss: 0.5388 Accuracy Train: 71.121%
Epoch:  4 Batch:  31 Loss: 0.5391 Accuracy Train: 70.893%
Epoch:  4 Batch:  41 Loss: 0.5228 Accuracy Train: 70.999%
Epoch:  4 Batch:  51 Loss: 0.5393 Accuracy Train: 71.056%
Epoch:  4 Batch:  61 Loss: 0.5356 Accuracy Train: 71.077%
Epoch:  4 Batch:  71 Loss: 0.5349 Accuracy Train: 71.083%
Epoch:  4 Batch:  81 Loss: 0.5328 Accuracy Train: 71.096%
Epoch:  4 Batch:  91 Loss: 0.5387 Accuracy Train: 71.114%
Epoch:  4 Batch: 101 Loss: 0.5408 Accuracy Train: 71.109%
Epoch:  4 Batch: 111 Loss: 0.5367 Accuracy Train: 71.122%
Epoch:  4 Batch: 121 Loss: 0.5372 Accuracy Train: 71.120%
Epoch:  4 Batch: 131 Loss: 0.5320 Accuracy Train: 71.087%
Epoch:  4 Batch: 141 Loss: 0.5404 Accuracy Train: 71.096%
Epoch:  4 Batch: 151 Loss: 0.5306 Accuracy Train: 71.097%
Epoch:  4 Batch: 161 Loss: 0.5452 Accuracy Train: 71.049%
Epoch:  4 Batch: 171 Loss: 0.5467 Accuracy Train: 71.033%
Epoch:  4 Batch: 181 Loss: 0.5524 Accuracy Train: 71.019%
Epoch:  5 Batch:   1 Loss: 0.5430 Accuracy Train: 70.560%
Epoch:  5 Batch:  11 Loss: 0.5302 Accuracy Train: 70.658%
Epoch:  5 Batch:  21 Loss: 0.5387 Accuracy Train: 70.618%
Epoch:  5 Batch:  31 Loss: 0.5333 Accuracy Train: 70.868%
Epoch:  5 Batch:  41 Loss: 0.5221 Accuracy Train: 70.990%
Epoch:  5 Batch:  51 Loss: 0.5418 Accuracy Train: 70.935%
Epoch:  5 Batch:  61 Loss: 0.5294 Accuracy Train: 70.916%
Epoch:  5 Batch:  71 Loss: 0.5366 Accuracy Train: 70.789%
Epoch:  5 Batch:  81 Loss: 0.5302 Accuracy Train: 70.815%
Epoch:  5 Batch:  91 Loss: 0.5384 Accuracy Train: 70.882%
Epoch:  5 Batch: 101 Loss: 0.5458 Accuracy Train: 70.901%
Epoch:  5 Batch: 111 Loss: 0.5426 Accuracy Train: 70.920%
Epoch:  5 Batch: 121 Loss: 0.5405 Accuracy Train: 70.948%
Epoch:  5 Batch: 131 Loss: 0.5472 Accuracy Train: 70.931%
Epoch:  5 Batch: 141 Loss: 0.5448 Accuracy Train: 70.925%
Epoch:  5 Batch: 151 Loss: 0.5419 Accuracy Train: 70.935%
Epoch:  5 Batch: 161 Loss: 0.5408 Accuracy Train: 70.951%
Epoch:  5 Batch: 171 Loss: 0.5235 Accuracy Train: 70.959%
Epoch:  5 Batch: 181 Loss: 0.5427 Accuracy Train: 70.952%
Epoch:  6 Batch:   1 Loss: 0.5276 Accuracy Train: 71.940%
Epoch:  6 Batch:  11 Loss: 0.5434 Accuracy Train: 71.445%
Epoch:  6 Batch:  21 Loss: 0.5424 Accuracy Train: 71.266%
Epoch:  6 Batch:  31 Loss: 0.5357 Accuracy Train: 71.144%
Epoch:  6 Batch:  41 Loss: 0.5417 Accuracy Train: 71.145%
Epoch:  6 Batch:  51 Loss: 0.5417 Accuracy Train: 71.035%
Epoch:  6 Batch:  61 Loss: 0.5336 Accuracy Train: 70.954%
Epoch:  6 Batch:  71 Loss: 0.5468 Accuracy Train: 70.907%
Epoch:  6 Batch:  81 Loss: 0.5395 Accuracy Train: 70.884%
Epoch:  6 Batch:  91 Loss: 0.5400 Accuracy Train: 70.891%
Epoch:  6 Batch: 101 Loss: 0.5463 Accuracy Train: 70.915%
Epoch:  6 Batch: 111 Loss: 0.5439 Accuracy Train: 70.891%
Epoch:  6 Batch: 121 Loss: 0.5396 Accuracy Train: 70.903%
Epoch:  6 Batch: 131 Loss: 0.5404 Accuracy Train: 70.927%
Epoch:  6 Batch: 141 Loss: 0.5439 Accuracy Train: 70.930%
Epoch:  6 Batch: 151 Loss: 0.5408 Accuracy Train: 70.920%
Epoch:  6 Batch: 161 Loss: 0.5350 Accuracy Train: 70.894%
Epoch:  6 Batch: 171 Loss: 0.5308 Accuracy Train: 70.909%
Epoch:  6 Batch: 181 Loss: 0.5399 Accuracy Train: 70.902%
Epoch:  7 Batch:   1 Loss: 0.5376 Accuracy Train: 70.940%
Epoch:  7 Batch:  11 Loss: 0.5439 Accuracy Train: 70.715%
Epoch:  7 Batch:  21 Loss: 0.5373 Accuracy Train: 70.188%
Epoch:  7 Batch:  31 Loss: 0.5448 Accuracy Train: 70.561%
Epoch:  7 Batch:  41 Loss: 0.5402 Accuracy Train: 70.760%
Epoch:  7 Batch:  51 Loss: 0.5313 Accuracy Train: 70.780%
Epoch:  7 Batch:  61 Loss: 0.5195 Accuracy Train: 70.858%
Epoch:  7 Batch:  71 Loss: 0.5393 Accuracy Train: 70.867%
Epoch:  7 Batch:  81 Loss: 0.5358 Accuracy Train: 70.909%
Epoch:  7 Batch:  91 Loss: 0.5367 Accuracy Train: 70.947%
Epoch:  7 Batch: 101 Loss: 0.5323 Accuracy Train: 70.970%
Epoch:  7 Batch: 111 Loss: 0.5410 Accuracy Train: 70.947%
Epoch:  7 Batch: 121 Loss: 0.5300 Accuracy Train: 70.929%
Epoch:  7 Batch: 131 Loss: 0.5424 Accuracy Train: 70.925%
Epoch:  7 Batch: 141 Loss: 0.5420 Accuracy Train: 70.911%
Epoch:  7 Batch: 151 Loss: 0.5394 Accuracy Train: 70.881%
Epoch:  7 Batch: 161 Loss: 0.5358 Accuracy Train: 70.903%
Epoch:  7 Batch: 171 Loss: 0.5343 Accuracy Train: 70.869%
Epoch:  7 Batch: 181 Loss: 0.5342 Accuracy Train: 70.867%
Epoch:  8 Batch:   1 Loss: 0.5349 Accuracy Train: 71.120%
Epoch:  8 Batch:  11 Loss: 0.5372 Accuracy Train: 70.920%
Epoch:  8 Batch:  21 Loss: 0.5487 Accuracy Train: 70.937%
Epoch:  8 Batch:  31 Loss: 0.5503 Accuracy Train: 70.974%
Epoch:  8 Batch:  41 Loss: 0.5319 Accuracy Train: 71.024%
Epoch:  8 Batch:  51 Loss: 0.5260 Accuracy Train: 71.015%
Epoch:  8 Batch:  61 Loss: 0.5468 Accuracy Train: 70.947%
Epoch:  8 Batch:  71 Loss: 0.5322 Accuracy Train: 70.966%
Epoch:  8 Batch:  81 Loss: 0.5314 Accuracy Train: 70.915%
Epoch:  8 Batch:  91 Loss: 0.5356 Accuracy Train: 70.964%
Epoch:  8 Batch: 101 Loss: 0.5222 Accuracy Train: 70.917%
Epoch:  8 Batch: 111 Loss: 0.5303 Accuracy Train: 70.895%
Epoch:  8 Batch: 121 Loss: 0.5414 Accuracy Train: 70.864%
Epoch:  8 Batch: 131 Loss: 0.5435 Accuracy Train: 70.887%
Epoch:  8 Batch: 141 Loss: 0.5350 Accuracy Train: 70.825%
Epoch:  8 Batch: 151 Loss: 0.5385 Accuracy Train: 70.813%
Epoch:  8 Batch: 161 Loss: 0.5420 Accuracy Train: 70.789%
Epoch:  8 Batch: 171 Loss: 0.5371 Accuracy Train: 70.772%
Epoch:  8 Batch: 181 Loss: 0.5212 Accuracy Train: 70.789%
Epoch:  9 Batch:   1 Loss: 0.5360 Accuracy Train: 71.600%
Epoch:  9 Batch:  11 Loss: 0.5476 Accuracy Train: 70.289%
Epoch:  9 Batch:  21 Loss: 0.5404 Accuracy Train: 70.621%
Epoch:  9 Batch:  31 Loss: 0.5342 Accuracy Train: 70.890%
Epoch:  9 Batch:  41 Loss: 0.5359 Accuracy Train: 70.977%
Epoch:  9 Batch:  51 Loss: 0.5465 Accuracy Train: 70.929%
Epoch:  9 Batch:  61 Loss: 0.5340 Accuracy Train: 71.004%
Epoch:  9 Batch:  71 Loss: 0.5364 Accuracy Train: 70.957%
Epoch:  9 Batch:  81 Loss: 0.5419 Accuracy Train: 70.950%
Epoch:  9 Batch:  91 Loss: 0.5522 Accuracy Train: 70.983%
Epoch:  9 Batch: 101 Loss: 0.5247 Accuracy Train: 70.999%
Epoch:  9 Batch: 111 Loss: 0.5528 Accuracy Train: 71.003%
Epoch:  9 Batch: 121 Loss: 0.5370 Accuracy Train: 70.987%
Epoch:  9 Batch: 131 Loss: 0.5350 Accuracy Train: 70.981%
Epoch:  9 Batch: 141 Loss: 0.5358 Accuracy Train: 70.990%
Epoch:  9 Batch: 151 Loss: 0.5189 Accuracy Train: 71.012%
Epoch:  9 Batch: 161 Loss: 0.5296 Accuracy Train: 70.996%
Epoch:  9 Batch: 171 Loss: 0.5367 Accuracy Train: 70.964%
Epoch:  9 Batch: 181 Loss: 0.5376 Accuracy Train: 70.983%
Epoch: 10 Batch:   1 Loss: 0.5337 Accuracy Train: 71.080%
Epoch: 10 Batch:  11 Loss: 0.5398 Accuracy Train: 71.442%
Epoch: 10 Batch:  21 Loss: 0.5399 Accuracy Train: 70.895%
Epoch: 10 Batch:  31 Loss: 0.5386 Accuracy Train: 70.992%
Epoch: 10 Batch:  41 Loss: 0.5267 Accuracy Train: 70.852%
Epoch: 10 Batch:  51 Loss: 0.5359 Accuracy Train: 70.782%
Epoch: 10 Batch:  61 Loss: 0.5356 Accuracy Train: 70.708%
Epoch: 10 Batch:  71 Loss: 0.5243 Accuracy Train: 70.726%
Epoch: 10 Batch:  81 Loss: 0.5497 Accuracy Train: 70.772%
Epoch: 10 Batch:  91 Loss: 0.5384 Accuracy Train: 70.840%
Epoch: 10 Batch: 101 Loss: 0.5383 Accuracy Train: 70.823%
Epoch: 10 Batch: 111 Loss: 0.5330 Accuracy Train: 70.848%
Epoch: 10 Batch: 121 Loss: 0.5358 Accuracy Train: 70.843%
Epoch: 10 Batch: 131 Loss: 0.5343 Accuracy Train: 70.859%
Epoch: 10 Batch: 141 Loss: 0.5392 Accuracy Train: 70.866%
Epoch: 10 Batch: 151 Loss: 0.5335 Accuracy Train: 70.858%
Epoch: 10 Batch: 161 Loss: 0.5385 Accuracy Train: 70.870%
Epoch: 10 Batch: 171 Loss: 0.5478 Accuracy Train: 70.858%
Epoch: 10 Batch: 181 Loss: 0.5341 Accuracy Train: 70.844%
Epoch: 11 Batch:   1 Loss: 0.5404 Accuracy Train: 70.860%
Epoch: 11 Batch:  11 Loss: 0.5350 Accuracy Train: 71.000%
Epoch: 11 Batch:  21 Loss: 0.5334 Accuracy Train: 71.046%
Epoch: 11 Batch:  31 Loss: 0.5381 Accuracy Train: 71.149%
Epoch: 11 Batch:  41 Loss: 0.5415 Accuracy Train: 71.056%
Epoch: 11 Batch:  51 Loss: 0.5384 Accuracy Train: 71.082%
Epoch: 11 Batch:  61 Loss: 0.5248 Accuracy Train: 70.993%
Epoch: 11 Batch:  71 Loss: 0.5361 Accuracy Train: 70.991%
Epoch: 11 Batch:  81 Loss: 0.5269 Accuracy Train: 71.005%
Epoch: 11 Batch:  91 Loss: 0.5319 Accuracy Train: 71.017%
Epoch: 11 Batch: 101 Loss: 0.5465 Accuracy Train: 71.015%
Epoch: 11 Batch: 111 Loss: 0.5348 Accuracy Train: 71.034%
Epoch: 11 Batch: 121 Loss: 0.5322 Accuracy Train: 70.946%
Epoch: 11 Batch: 131 Loss: 0.5488 Accuracy Train: 70.906%
Epoch: 11 Batch: 141 Loss: 0.5329 Accuracy Train: 70.879%
Epoch: 11 Batch: 151 Loss: 0.5392 Accuracy Train: 70.904%
Epoch: 11 Batch: 161 Loss: 0.5345 Accuracy Train: 70.914%
Epoch: 11 Batch: 171 Loss: 0.5398 Accuracy Train: 70.938%
Epoch: 11 Batch: 181 Loss: 0.5353 Accuracy Train: 70.945%
Epoch: 12 Batch:   1 Loss: 0.5400 Accuracy Train: 70.480%
Epoch: 12 Batch:  11 Loss: 0.5364 Accuracy Train: 70.725%
Epoch: 12 Batch:  21 Loss: 0.5327 Accuracy Train: 70.600%
Epoch: 12 Batch:  31 Loss: 0.5414 Accuracy Train: 70.595%
Epoch: 12 Batch:  41 Loss: 0.5399 Accuracy Train: 70.667%
Epoch: 12 Batch:  51 Loss: 0.5496 Accuracy Train: 70.615%
Epoch: 12 Batch:  61 Loss: 0.5381 Accuracy Train: 70.725%
Epoch: 12 Batch:  71 Loss: 0.5397 Accuracy Train: 70.768%
Epoch: 12 Batch:  81 Loss: 0.5276 Accuracy Train: 70.819%
Epoch: 12 Batch:  91 Loss: 0.5253 Accuracy Train: 70.843%
Epoch: 12 Batch: 101 Loss: 0.5303 Accuracy Train: 70.887%
Epoch: 12 Batch: 111 Loss: 0.5517 Accuracy Train: 70.912%
Epoch: 12 Batch: 121 Loss: 0.5345 Accuracy Train: 70.906%
Epoch: 12 Batch: 131 Loss: 0.5240 Accuracy Train: 70.896%
Epoch: 12 Batch: 141 Loss: 0.5386 Accuracy Train: 70.868%
Epoch: 12 Batch: 151 Loss: 0.5329 Accuracy Train: 70.876%
Epoch: 12 Batch: 161 Loss: 0.5375 Accuracy Train: 70.884%
Epoch: 12 Batch: 171 Loss: 0.5371 Accuracy Train: 70.856%
Epoch: 12 Batch: 181 Loss: 0.5341 Accuracy Train: 70.888%
Epoch: 13 Batch:   1 Loss: 0.5366 Accuracy Train: 70.660%
Epoch: 13 Batch:  11 Loss: 0.5469 Accuracy Train: 70.498%
Epoch: 13 Batch:  21 Loss: 0.5295 Accuracy Train: 70.634%
Epoch: 13 Batch:  31 Loss: 0.5322 Accuracy Train: 70.834%
Epoch: 13 Batch:  41 Loss: 0.5405 Accuracy Train: 70.853%
Epoch: 13 Batch:  51 Loss: 0.5334 Accuracy Train: 70.718%
Epoch: 13 Batch:  61 Loss: 0.5387 Accuracy Train: 70.765%
Epoch: 13 Batch:  71 Loss: 0.5358 Accuracy Train: 70.742%
Epoch: 13 Batch:  81 Loss: 0.5373 Accuracy Train: 70.681%
Epoch: 13 Batch:  91 Loss: 0.5499 Accuracy Train: 70.670%
Epoch: 13 Batch: 101 Loss: 0.5384 Accuracy Train: 70.704%
Epoch: 13 Batch: 111 Loss: 0.5438 Accuracy Train: 70.661%
Epoch: 13 Batch: 121 Loss: 0.5416 Accuracy Train: 70.700%
Epoch: 13 Batch: 131 Loss: 0.5388 Accuracy Train: 70.748%
Epoch: 13 Batch: 141 Loss: 0.5443 Accuracy Train: 70.728%
Epoch: 13 Batch: 151 Loss: 0.5342 Accuracy Train: 70.670%
Epoch: 13 Batch: 161 Loss: 0.5401 Accuracy Train: 70.655%
Epoch: 13 Batch: 171 Loss: 0.5417 Accuracy Train: 70.658%
Epoch: 13 Batch: 181 Loss: 0.5355 Accuracy Train: 70.654%
Epoch: 14 Batch:   1 Loss: 0.5403 Accuracy Train: 71.920%
Epoch: 14 Batch:  11 Loss: 0.5343 Accuracy Train: 70.027%
Epoch: 14 Batch:  21 Loss: 0.5348 Accuracy Train: 70.088%
Epoch: 14 Batch:  31 Loss: 0.5418 Accuracy Train: 70.126%
Epoch: 14 Batch:  41 Loss: 0.5394 Accuracy Train: 70.257%
Epoch: 14 Batch:  51 Loss: 0.5398 Accuracy Train: 70.396%
Epoch: 14 Batch:  61 Loss: 0.5298 Accuracy Train: 70.496%
Epoch: 14 Batch:  71 Loss: 0.5456 Accuracy Train: 70.533%
Epoch: 14 Batch:  81 Loss: 0.5222 Accuracy Train: 70.621%
Epoch: 14 Batch:  91 Loss: 0.5309 Accuracy Train: 70.705%
Epoch: 14 Batch: 101 Loss: 0.5323 Accuracy Train: 70.812%
Epoch: 14 Batch: 111 Loss: 0.5367 Accuracy Train: 70.860%
Epoch: 14 Batch: 121 Loss: 0.5379 Accuracy Train: 70.875%
Epoch: 14 Batch: 131 Loss: 0.5256 Accuracy Train: 70.896%
Epoch: 14 Batch: 141 Loss: 0.5349 Accuracy Train: 70.925%
Epoch: 14 Batch: 151 Loss: 0.5455 Accuracy Train: 70.906%
Epoch: 14 Batch: 161 Loss: 0.5265 Accuracy Train: 70.896%
Epoch: 14 Batch: 171 Loss: 0.5402 Accuracy Train: 70.842%
Epoch: 14 Batch: 181 Loss: 0.5168 Accuracy Train: 70.858%
Epoch: 15 Batch:   1 Loss: 0.5294 Accuracy Train: 71.300%
Epoch: 15 Batch:  11 Loss: 0.5354 Accuracy Train: 70.945%
Epoch: 15 Batch:  21 Loss: 0.5272 Accuracy Train: 70.864%
Epoch: 15 Batch:  31 Loss: 0.5410 Accuracy Train: 70.777%
Epoch: 15 Batch:  41 Loss: 0.5327 Accuracy Train: 70.849%
Epoch: 15 Batch:  51 Loss: 0.5326 Accuracy Train: 70.939%
Epoch: 15 Batch:  61 Loss: 0.5359 Accuracy Train: 70.934%
Epoch: 15 Batch:  71 Loss: 0.5337 Accuracy Train: 70.862%
Epoch: 15 Batch:  81 Loss: 0.5286 Accuracy Train: 70.872%
Epoch: 15 Batch:  91 Loss: 0.5267 Accuracy Train: 70.918%
Epoch: 15 Batch: 101 Loss: 0.5262 Accuracy Train: 70.823%
Epoch: 15 Batch: 111 Loss: 0.5285 Accuracy Train: 70.800%
Epoch: 15 Batch: 121 Loss: 0.5332 Accuracy Train: 70.760%
Epoch: 15 Batch: 131 Loss: 0.5287 Accuracy Train: 70.769%
Epoch: 15 Batch: 141 Loss: 0.5318 Accuracy Train: 70.799%
Epoch: 15 Batch: 151 Loss: 0.5351 Accuracy Train: 70.791%
Epoch: 15 Batch: 161 Loss: 0.5212 Accuracy Train: 70.823%
Epoch: 15 Batch: 171 Loss: 0.5310 Accuracy Train: 70.789%
Epoch: 15 Batch: 181 Loss: 0.5368 Accuracy Train: 70.769%
Epoch: 16 Batch:   1 Loss: 0.5376 Accuracy Train: 67.440%
Epoch: 16 Batch:  11 Loss: 0.5370 Accuracy Train: 70.571%
Epoch: 16 Batch:  21 Loss: 0.5372 Accuracy Train: 70.556%
Epoch: 16 Batch:  31 Loss: 0.5373 Accuracy Train: 70.638%
Epoch: 16 Batch:  41 Loss: 0.5268 Accuracy Train: 70.740%
Epoch: 16 Batch:  51 Loss: 0.5220 Accuracy Train: 70.771%
Epoch: 16 Batch:  61 Loss: 0.5274 Accuracy Train: 70.826%
Epoch: 16 Batch:  71 Loss: 0.5201 Accuracy Train: 70.835%
Epoch: 16 Batch:  81 Loss: 0.5314 Accuracy Train: 70.874%
Epoch: 16 Batch:  91 Loss: 0.5214 Accuracy Train: 70.884%
Epoch: 16 Batch: 101 Loss: 0.5253 Accuracy Train: 70.879%
Epoch: 16 Batch: 111 Loss: 0.5308 Accuracy Train: 70.905%
Epoch: 16 Batch: 121 Loss: 0.5257 Accuracy Train: 70.928%
Epoch: 16 Batch: 131 Loss: 0.5341 Accuracy Train: 70.888%
Epoch: 16 Batch: 141 Loss: 0.5382 Accuracy Train: 70.869%
Epoch: 16 Batch: 151 Loss: 0.5222 Accuracy Train: 70.863%
Epoch: 16 Batch: 161 Loss: 0.5379 Accuracy Train: 70.852%
Epoch: 16 Batch: 171 Loss: 0.5418 Accuracy Train: 70.848%
Epoch: 16 Batch: 181 Loss: 0.5386 Accuracy Train: 70.871%
Epoch: 17 Batch:   1 Loss: 0.5313 Accuracy Train: 70.980%
Epoch: 17 Batch:  11 Loss: 0.5401 Accuracy Train: 71.084%
Epoch: 17 Batch:  21 Loss: 0.5252 Accuracy Train: 71.200%
Epoch: 17 Batch:  31 Loss: 0.5362 Accuracy Train: 71.255%
Epoch: 17 Batch:  41 Loss: 0.5321 Accuracy Train: 70.845%
Epoch: 17 Batch:  51 Loss: 0.5253 Accuracy Train: 70.818%
Epoch: 17 Batch:  61 Loss: 0.5286 Accuracy Train: 70.727%
Epoch: 17 Batch:  71 Loss: 0.5464 Accuracy Train: 70.637%
Epoch: 17 Batch:  81 Loss: 0.5282 Accuracy Train: 70.621%
Epoch: 17 Batch:  91 Loss: 0.5391 Accuracy Train: 70.602%
Epoch: 17 Batch: 101 Loss: 0.5329 Accuracy Train: 70.575%
Epoch: 17 Batch: 111 Loss: 0.5345 Accuracy Train: 70.534%
Epoch: 17 Batch: 121 Loss: 0.5316 Accuracy Train: 70.526%
Epoch: 17 Batch: 131 Loss: 0.5393 Accuracy Train: 70.553%
Epoch: 17 Batch: 141 Loss: 0.5424 Accuracy Train: 70.576%
Epoch: 17 Batch: 151 Loss: 0.5296 Accuracy Train: 70.618%
Epoch: 17 Batch: 161 Loss: 0.5185 Accuracy Train: 70.616%
Epoch: 17 Batch: 171 Loss: 0.5247 Accuracy Train: 70.633%
Epoch: 17 Batch: 181 Loss: 0.5231 Accuracy Train: 70.633%
Epoch: 18 Batch:   1 Loss: 0.5340 Accuracy Train: 70.860%
Epoch: 18 Batch:  11 Loss: 0.5344 Accuracy Train: 71.020%
Epoch: 18 Batch:  21 Loss: 0.5394 Accuracy Train: 70.978%
Epoch: 18 Batch:  31 Loss: 0.5331 Accuracy Train: 70.800%
Epoch: 18 Batch:  41 Loss: 0.5366 Accuracy Train: 70.705%
Epoch: 18 Batch:  51 Loss: 0.5335 Accuracy Train: 70.803%
Epoch: 18 Batch:  61 Loss: 0.5341 Accuracy Train: 70.813%
Epoch: 18 Batch:  71 Loss: 0.5318 Accuracy Train: 70.850%
Epoch: 18 Batch:  81 Loss: 0.5257 Accuracy Train: 70.840%
Epoch: 18 Batch:  91 Loss: 0.5390 Accuracy Train: 70.851%
Epoch: 18 Batch: 101 Loss: 0.5310 Accuracy Train: 70.875%
Epoch: 18 Batch: 111 Loss: 0.5319 Accuracy Train: 70.912%
Epoch: 18 Batch: 121 Loss: 0.5356 Accuracy Train: 70.877%
Epoch: 18 Batch: 131 Loss: 0.5197 Accuracy Train: 70.888%
Epoch: 18 Batch: 141 Loss: 0.5325 Accuracy Train: 70.886%
Epoch: 18 Batch: 151 Loss: 0.5387 Accuracy Train: 70.892%
Epoch: 18 Batch: 161 Loss: 0.5356 Accuracy Train: 70.874%
Epoch: 18 Batch: 171 Loss: 0.5288 Accuracy Train: 70.880%
Epoch: 18 Batch: 181 Loss: 0.5376 Accuracy Train: 70.881%
Epoch: 19 Batch:   1 Loss: 0.5272 Accuracy Train: 70.660%
Epoch: 19 Batch:  11 Loss: 0.5255 Accuracy Train: 70.860%
Epoch: 19 Batch:  21 Loss: 0.5328 Accuracy Train: 70.892%
Epoch: 19 Batch:  31 Loss: 0.5359 Accuracy Train: 70.775%
Epoch: 19 Batch:  41 Loss: 0.5252 Accuracy Train: 70.852%
Epoch: 19 Batch:  51 Loss: 0.5300 Accuracy Train: 70.752%
Epoch: 19 Batch:  61 Loss: 0.5253 Accuracy Train: 70.782%
Epoch: 19 Batch:  71 Loss: 0.5325 Accuracy Train: 70.796%
Epoch: 19 Batch:  81 Loss: 0.5504 Accuracy Train: 70.752%
Epoch: 19 Batch:  91 Loss: 0.5331 Accuracy Train: 70.741%
Epoch: 19 Batch: 101 Loss: 0.5311 Accuracy Train: 70.764%
Epoch: 19 Batch: 111 Loss: 0.5323 Accuracy Train: 70.789%
Epoch: 19 Batch: 121 Loss: 0.5401 Accuracy Train: 70.806%
Epoch: 19 Batch: 131 Loss: 0.5174 Accuracy Train: 70.855%
Epoch: 19 Batch: 141 Loss: 0.5310 Accuracy Train: 70.795%
Epoch: 19 Batch: 151 Loss: 0.5356 Accuracy Train: 70.747%
Epoch: 19 Batch: 161 Loss: 0.5355 Accuracy Train: 70.732%
Epoch: 19 Batch: 171 Loss: 0.5391 Accuracy Train: 70.722%
Epoch: 19 Batch: 181 Loss: 0.5273 Accuracy Train: 70.723%

Duration: 156 seconds
