Training DynNetGen(
  (layers): Sequential(
    (0): Sequential(
      (0): Flatten(start_dim=1, end_dim=-1)
      (1): Linear(in_features=25, out_features=2, bias=True)
    )
  )
) in cuda
=================================================================
Layer (type:depth-idx)                   Param #
=================================================================
DynNetGen                                --
├─Sequential: 1-1                        --
│    └─Sequential: 2-1                   --
│    │    └─Flatten: 3-1                 --
│    │    └─Linear: 3-2                  52
=================================================================
Total params: 52
Trainable params: 52
Non-trainable params: 0
=================================================================
Epoch:  0 Batch:   1 Loss: 0.6987 Accuracy Train: 51.500%
Epoch:  0 Batch:  11 Loss: 0.6387 Accuracy Train: 63.449%
Epoch:  0 Batch:  21 Loss: 0.5997 Accuracy Train: 67.768%
Epoch:  0 Batch:  31 Loss: 0.5690 Accuracy Train: 74.808%
Epoch:  0 Batch:  41 Loss: 0.5441 Accuracy Train: 77.875%
Epoch:  0 Batch:  51 Loss: 0.5200 Accuracy Train: 79.503%
Epoch:  0 Batch:  61 Loss: 0.4986 Accuracy Train: 80.908%
Epoch:  0 Batch:  71 Loss: 0.4822 Accuracy Train: 81.770%
Epoch:  0 Batch:  81 Loss: 0.4698 Accuracy Train: 82.400%
Epoch:  0 Batch:  91 Loss: 0.4546 Accuracy Train: 83.033%
Epoch:  0 Batch: 101 Loss: 0.4464 Accuracy Train: 83.442%
Epoch:  1 Batch:   1 Loss: 0.4441 Accuracy Train: 87.220%
Epoch:  1 Batch:  11 Loss: 0.4408 Accuracy Train: 87.002%
Epoch:  1 Batch:  21 Loss: 0.4223 Accuracy Train: 87.709%
Epoch:  1 Batch:  31 Loss: 0.4129 Accuracy Train: 87.880%
Epoch:  1 Batch:  41 Loss: 0.4074 Accuracy Train: 87.883%
Epoch:  1 Batch:  51 Loss: 0.4027 Accuracy Train: 87.985%
Epoch:  1 Batch:  61 Loss: 0.3995 Accuracy Train: 88.037%
Epoch:  1 Batch:  71 Loss: 0.3918 Accuracy Train: 88.022%
Epoch:  1 Batch:  81 Loss: 0.3908 Accuracy Train: 88.087%
Epoch:  1 Batch:  91 Loss: 0.3841 Accuracy Train: 88.093%
Epoch:  1 Batch: 101 Loss: 0.3858 Accuracy Train: 88.142%
Epoch:  2 Batch:   1 Loss: 0.3665 Accuracy Train: 88.380%
Epoch:  2 Batch:  11 Loss: 0.3781 Accuracy Train: 88.285%
Epoch:  2 Batch:  21 Loss: 0.3730 Accuracy Train: 88.400%
Epoch:  2 Batch:  31 Loss: 0.3689 Accuracy Train: 88.497%
Epoch:  2 Batch:  41 Loss: 0.3627 Accuracy Train: 88.557%
Epoch:  2 Batch:  51 Loss: 0.3526 Accuracy Train: 88.589%
Epoch:  2 Batch:  61 Loss: 0.3638 Accuracy Train: 88.602%
Epoch:  2 Batch:  71 Loss: 0.3584 Accuracy Train: 88.651%
Epoch:  2 Batch:  81 Loss: 0.3527 Accuracy Train: 88.680%
Epoch:  2 Batch:  91 Loss: 0.3470 Accuracy Train: 88.766%
Epoch:  2 Batch: 101 Loss: 0.3422 Accuracy Train: 88.809%
Epoch:  3 Batch:   1 Loss: 0.3570 Accuracy Train: 89.980%
Epoch:  3 Batch:  11 Loss: 0.3457 Accuracy Train: 90.133%
Epoch:  3 Batch:  21 Loss: 0.3572 Accuracy Train: 89.983%
Epoch:  3 Batch:  31 Loss: 0.3445 Accuracy Train: 90.101%
Epoch:  3 Batch:  41 Loss: 0.3447 Accuracy Train: 89.884%
Epoch:  3 Batch:  51 Loss: 0.3494 Accuracy Train: 89.862%
Epoch:  3 Batch:  61 Loss: 0.3422 Accuracy Train: 89.920%
Epoch:  3 Batch:  71 Loss: 0.3313 Accuracy Train: 89.976%
Epoch:  3 Batch:  81 Loss: 0.3257 Accuracy Train: 90.029%
Epoch:  3 Batch:  91 Loss: 0.3386 Accuracy Train: 90.044%
Epoch:  3 Batch: 101 Loss: 0.3350 Accuracy Train: 90.010%
Epoch:  4 Batch:   1 Loss: 0.3428 Accuracy Train: 90.280%
Epoch:  4 Batch:  11 Loss: 0.3315 Accuracy Train: 90.298%
Epoch:  4 Batch:  21 Loss: 0.3345 Accuracy Train: 90.220%
Epoch:  4 Batch:  31 Loss: 0.3413 Accuracy Train: 90.237%
Epoch:  4 Batch:  41 Loss: 0.3405 Accuracy Train: 90.208%
Epoch:  4 Batch:  51 Loss: 0.3289 Accuracy Train: 90.285%
Epoch:  4 Batch:  61 Loss: 0.3346 Accuracy Train: 90.085%
Epoch:  4 Batch:  71 Loss: 0.3408 Accuracy Train: 90.146%
Epoch:  4 Batch:  81 Loss: 0.3357 Accuracy Train: 90.171%
Epoch:  4 Batch:  91 Loss: 0.3313 Accuracy Train: 90.213%
Epoch:  4 Batch: 101 Loss: 0.3283 Accuracy Train: 90.263%
Epoch:  5 Batch:   1 Loss: 0.3423 Accuracy Train: 89.720%
Epoch:  5 Batch:  11 Loss: 0.3285 Accuracy Train: 90.349%
Epoch:  5 Batch:  21 Loss: 0.3314 Accuracy Train: 90.294%
Epoch:  5 Batch:  31 Loss: 0.3394 Accuracy Train: 90.314%
Epoch:  5 Batch:  41 Loss: 0.3345 Accuracy Train: 90.290%
Epoch:  5 Batch:  51 Loss: 0.3142 Accuracy Train: 90.286%
Epoch:  5 Batch:  61 Loss: 0.3253 Accuracy Train: 90.284%
Epoch:  5 Batch:  71 Loss: 0.3328 Accuracy Train: 90.244%
Epoch:  5 Batch:  81 Loss: 0.3315 Accuracy Train: 90.193%
Epoch:  5 Batch:  91 Loss: 0.3216 Accuracy Train: 90.196%
Epoch:  5 Batch: 101 Loss: 0.3208 Accuracy Train: 90.204%
Epoch:  6 Batch:   1 Loss: 0.3193 Accuracy Train: 90.280%
Epoch:  6 Batch:  11 Loss: 0.3209 Accuracy Train: 90.009%
Epoch:  6 Batch:  21 Loss: 0.3257 Accuracy Train: 90.008%
Epoch:  6 Batch:  31 Loss: 0.3223 Accuracy Train: 89.957%
Epoch:  6 Batch:  41 Loss: 0.3158 Accuracy Train: 89.952%
Epoch:  6 Batch:  51 Loss: 0.3206 Accuracy Train: 89.933%
Epoch:  6 Batch:  61 Loss: 0.3155 Accuracy Train: 89.961%
Epoch:  6 Batch:  71 Loss: 0.3141 Accuracy Train: 89.977%
Epoch:  6 Batch:  81 Loss: 0.3264 Accuracy Train: 89.934%
Epoch:  6 Batch:  91 Loss: 0.3422 Accuracy Train: 89.973%
Epoch:  6 Batch: 101 Loss: 0.3189 Accuracy Train: 89.998%
Epoch:  7 Batch:   1 Loss: 0.3182 Accuracy Train: 90.320%
Epoch:  7 Batch:  11 Loss: 0.3216 Accuracy Train: 90.022%
Epoch:  7 Batch:  21 Loss: 0.3037 Accuracy Train: 89.947%
Epoch:  7 Batch:  31 Loss: 0.3201 Accuracy Train: 89.949%
Epoch:  7 Batch:  41 Loss: 0.3146 Accuracy Train: 90.000%
Epoch:  7 Batch:  51 Loss: 0.3170 Accuracy Train: 90.013%
Epoch:  7 Batch:  61 Loss: 0.3127 Accuracy Train: 90.012%
Epoch:  7 Batch:  71 Loss: 0.3272 Accuracy Train: 90.013%
Epoch:  7 Batch:  81 Loss: 0.3156 Accuracy Train: 89.991%
Epoch:  7 Batch:  91 Loss: 0.3194 Accuracy Train: 89.971%
Epoch:  7 Batch: 101 Loss: 0.3238 Accuracy Train: 89.954%
Epoch:  8 Batch:   1 Loss: 0.3330 Accuracy Train: 89.120%
Epoch:  8 Batch:  11 Loss: 0.3239 Accuracy Train: 89.905%
Epoch:  8 Batch:  21 Loss: 0.3152 Accuracy Train: 89.816%
Epoch:  8 Batch:  31 Loss: 0.3338 Accuracy Train: 89.883%
Epoch:  8 Batch:  41 Loss: 0.3387 Accuracy Train: 89.934%
Epoch:  8 Batch:  51 Loss: 0.3411 Accuracy Train: 89.962%
Epoch:  8 Batch:  61 Loss: 0.3104 Accuracy Train: 89.990%
Epoch:  8 Batch:  71 Loss: 0.3154 Accuracy Train: 89.987%
Epoch:  8 Batch:  81 Loss: 0.3318 Accuracy Train: 89.952%
Epoch:  8 Batch:  91 Loss: 0.3267 Accuracy Train: 89.941%
Epoch:  8 Batch: 101 Loss: 0.3192 Accuracy Train: 89.954%
Epoch:  9 Batch:   1 Loss: 0.3187 Accuracy Train: 90.020%
Epoch:  9 Batch:  11 Loss: 0.3255 Accuracy Train: 89.904%
Epoch:  9 Batch:  21 Loss: 0.3170 Accuracy Train: 90.031%
Epoch:  9 Batch:  31 Loss: 0.3305 Accuracy Train: 90.034%
Epoch:  9 Batch:  41 Loss: 0.3092 Accuracy Train: 90.016%
Epoch:  9 Batch:  51 Loss: 0.3223 Accuracy Train: 89.986%
Epoch:  9 Batch:  61 Loss: 0.3249 Accuracy Train: 89.969%
Epoch:  9 Batch:  71 Loss: 0.3142 Accuracy Train: 89.945%
Epoch:  9 Batch:  81 Loss: 0.3086 Accuracy Train: 89.960%
Epoch:  9 Batch:  91 Loss: 0.3323 Accuracy Train: 89.960%
Epoch:  9 Batch: 101 Loss: 0.3126 Accuracy Train: 89.960%
Epoch: 10 Batch:   1 Loss: 0.3246 Accuracy Train: 89.440%
Epoch: 10 Batch:  11 Loss: 0.3305 Accuracy Train: 90.111%
Epoch: 10 Batch:  21 Loss: 0.3307 Accuracy Train: 90.077%
Epoch: 10 Batch:  31 Loss: 0.3087 Accuracy Train: 90.060%
Epoch: 10 Batch:  41 Loss: 0.3061 Accuracy Train: 90.035%
Epoch: 10 Batch:  51 Loss: 0.3136 Accuracy Train: 90.028%
Epoch: 10 Batch:  61 Loss: 0.3248 Accuracy Train: 90.044%
Epoch: 10 Batch:  71 Loss: 0.3427 Accuracy Train: 89.990%
Epoch: 10 Batch:  81 Loss: 0.3274 Accuracy Train: 89.974%
Epoch: 10 Batch:  91 Loss: 0.3235 Accuracy Train: 89.960%
Epoch: 10 Batch: 101 Loss: 0.3223 Accuracy Train: 89.957%
Epoch: 11 Batch:   1 Loss: 0.3230 Accuracy Train: 89.720%
Epoch: 11 Batch:  11 Loss: 0.3290 Accuracy Train: 89.789%
Epoch: 11 Batch:  21 Loss: 0.3306 Accuracy Train: 89.877%
Epoch: 11 Batch:  31 Loss: 0.3263 Accuracy Train: 89.826%
Epoch: 11 Batch:  41 Loss: 0.3208 Accuracy Train: 89.859%
Epoch: 11 Batch:  51 Loss: 0.3303 Accuracy Train: 89.886%
Epoch: 11 Batch:  61 Loss: 0.3268 Accuracy Train: 89.953%
Epoch: 11 Batch:  71 Loss: 0.3343 Accuracy Train: 89.952%
Epoch: 11 Batch:  81 Loss: 0.3309 Accuracy Train: 89.961%
Epoch: 11 Batch:  91 Loss: 0.3070 Accuracy Train: 89.947%
Epoch: 11 Batch: 101 Loss: 0.3315 Accuracy Train: 89.957%
Epoch: 12 Batch:   1 Loss: 0.3442 Accuracy Train: 89.200%
Epoch: 12 Batch:  11 Loss: 0.3313 Accuracy Train: 89.925%
Epoch: 12 Batch:  21 Loss: 0.3231 Accuracy Train: 89.845%
Epoch: 12 Batch:  31 Loss: 0.3176 Accuracy Train: 89.861%
Epoch: 12 Batch:  41 Loss: 0.3119 Accuracy Train: 89.920%
Epoch: 12 Batch:  51 Loss: 0.3096 Accuracy Train: 89.957%
Epoch: 12 Batch:  61 Loss: 0.3330 Accuracy Train: 89.971%
Epoch: 12 Batch:  71 Loss: 0.3205 Accuracy Train: 89.952%
Epoch: 12 Batch:  81 Loss: 0.3158 Accuracy Train: 89.964%
Epoch: 12 Batch:  91 Loss: 0.3302 Accuracy Train: 89.957%
Epoch: 12 Batch: 101 Loss: 0.3221 Accuracy Train: 89.972%
Epoch: 13 Batch:   1 Loss: 0.3282 Accuracy Train: 89.480%
Epoch: 13 Batch:  11 Loss: 0.3226 Accuracy Train: 89.838%
Epoch: 13 Batch:  21 Loss: 0.3161 Accuracy Train: 89.852%
Epoch: 13 Batch:  31 Loss: 0.3255 Accuracy Train: 89.899%
Epoch: 13 Batch:  41 Loss: 0.3130 Accuracy Train: 89.900%
Epoch: 13 Batch:  51 Loss: 0.3095 Accuracy Train: 89.943%
Epoch: 13 Batch:  61 Loss: 0.3076 Accuracy Train: 89.966%
Epoch: 13 Batch:  71 Loss: 0.3221 Accuracy Train: 89.952%
Epoch: 13 Batch:  81 Loss: 0.3361 Accuracy Train: 89.968%
Epoch: 13 Batch:  91 Loss: 0.3317 Accuracy Train: 89.972%
Epoch: 13 Batch: 101 Loss: 0.3273 Accuracy Train: 89.970%
Epoch: 14 Batch:   1 Loss: 0.3284 Accuracy Train: 89.820%
Epoch: 14 Batch:  11 Loss: 0.3277 Accuracy Train: 89.789%
Epoch: 14 Batch:  21 Loss: 0.3291 Accuracy Train: 89.795%
Epoch: 14 Batch:  31 Loss: 0.3390 Accuracy Train: 89.890%
Epoch: 14 Batch:  41 Loss: 0.3247 Accuracy Train: 89.914%
Epoch: 14 Batch:  51 Loss: 0.3120 Accuracy Train: 89.969%
Epoch: 14 Batch:  61 Loss: 0.3183 Accuracy Train: 89.980%
Epoch: 14 Batch:  71 Loss: 0.3143 Accuracy Train: 89.974%
Epoch: 14 Batch:  81 Loss: 0.3193 Accuracy Train: 89.979%
Epoch: 14 Batch:  91 Loss: 0.3092 Accuracy Train: 89.992%
Epoch: 14 Batch: 101 Loss: 0.3267 Accuracy Train: 89.972%
Epoch: 15 Batch:   1 Loss: 0.3174 Accuracy Train: 89.840%
Epoch: 15 Batch:  11 Loss: 0.3326 Accuracy Train: 89.838%
Epoch: 15 Batch:  21 Loss: 0.3407 Accuracy Train: 89.807%
Epoch: 15 Batch:  31 Loss: 0.3146 Accuracy Train: 89.873%
Epoch: 15 Batch:  41 Loss: 0.3065 Accuracy Train: 89.936%
Epoch: 15 Batch:  51 Loss: 0.3360 Accuracy Train: 89.936%
Epoch: 15 Batch:  61 Loss: 0.3142 Accuracy Train: 89.957%
Epoch: 15 Batch:  71 Loss: 0.3325 Accuracy Train: 89.950%
Epoch: 15 Batch:  81 Loss: 0.3405 Accuracy Train: 89.971%
Epoch: 15 Batch:  91 Loss: 0.3267 Accuracy Train: 89.978%
Epoch: 15 Batch: 101 Loss: 0.3012 Accuracy Train: 89.967%
Epoch: 16 Batch:   1 Loss: 0.3205 Accuracy Train: 90.380%
Epoch: 16 Batch:  11 Loss: 0.3215 Accuracy Train: 89.853%
Epoch: 16 Batch:  21 Loss: 0.3262 Accuracy Train: 89.919%
Epoch: 16 Batch:  31 Loss: 0.3333 Accuracy Train: 89.914%
Epoch: 16 Batch:  41 Loss: 0.3202 Accuracy Train: 90.008%
Epoch: 16 Batch:  51 Loss: 0.3161 Accuracy Train: 90.000%
Epoch: 16 Batch:  61 Loss: 0.3238 Accuracy Train: 89.986%
Epoch: 16 Batch:  71 Loss: 0.3158 Accuracy Train: 89.988%
Epoch: 16 Batch:  81 Loss: 0.3079 Accuracy Train: 89.981%
Epoch: 16 Batch:  91 Loss: 0.3385 Accuracy Train: 89.969%
Epoch: 16 Batch: 101 Loss: 0.3201 Accuracy Train: 89.971%
Epoch: 17 Batch:   1 Loss: 0.3192 Accuracy Train: 89.940%
Epoch: 17 Batch:  11 Loss: 0.3261 Accuracy Train: 90.036%
Epoch: 17 Batch:  21 Loss: 0.3297 Accuracy Train: 89.892%
Epoch: 17 Batch:  31 Loss: 0.3244 Accuracy Train: 89.908%
Epoch: 17 Batch:  41 Loss: 0.3267 Accuracy Train: 89.900%
Epoch: 17 Batch:  51 Loss: 0.3117 Accuracy Train: 89.926%
Epoch: 17 Batch:  61 Loss: 0.3178 Accuracy Train: 89.945%
Epoch: 17 Batch:  71 Loss: 0.3153 Accuracy Train: 89.966%
Epoch: 17 Batch:  81 Loss: 0.3295 Accuracy Train: 89.970%
Epoch: 17 Batch:  91 Loss: 0.3306 Accuracy Train: 89.976%
Epoch: 17 Batch: 101 Loss: 0.3186 Accuracy Train: 89.971%
Epoch: 18 Batch:   1 Loss: 0.3265 Accuracy Train: 89.520%
Epoch: 18 Batch:  11 Loss: 0.3152 Accuracy Train: 89.998%
Epoch: 18 Batch:  21 Loss: 0.3095 Accuracy Train: 90.057%
Epoch: 18 Batch:  31 Loss: 0.3084 Accuracy Train: 90.028%
Epoch: 18 Batch:  41 Loss: 0.3081 Accuracy Train: 90.014%
Epoch: 18 Batch:  51 Loss: 0.3423 Accuracy Train: 90.048%
Epoch: 18 Batch:  61 Loss: 0.3219 Accuracy Train: 90.015%
Epoch: 18 Batch:  71 Loss: 0.3248 Accuracy Train: 89.990%
Epoch: 18 Batch:  81 Loss: 0.3205 Accuracy Train: 89.989%
Epoch: 18 Batch:  91 Loss: 0.3301 Accuracy Train: 89.985%
Epoch: 18 Batch: 101 Loss: 0.3145 Accuracy Train: 89.981%
Epoch: 19 Batch:   1 Loss: 0.3239 Accuracy Train: 89.700%
Epoch: 19 Batch:  11 Loss: 0.3171 Accuracy Train: 90.093%
Epoch: 19 Batch:  21 Loss: 0.3341 Accuracy Train: 89.996%
Epoch: 19 Batch:  31 Loss: 0.3127 Accuracy Train: 89.979%
Epoch: 19 Batch:  41 Loss: 0.3343 Accuracy Train: 89.976%
Epoch: 19 Batch:  51 Loss: 0.3319 Accuracy Train: 89.977%
Epoch: 19 Batch:  61 Loss: 0.3055 Accuracy Train: 89.987%
Epoch: 19 Batch:  71 Loss: 0.3183 Accuracy Train: 89.964%
Epoch: 19 Batch:  81 Loss: 0.3305 Accuracy Train: 89.966%
Epoch: 19 Batch:  91 Loss: 0.3405 Accuracy Train: 89.978%
Epoch: 19 Batch: 101 Loss: 0.3027 Accuracy Train: 89.973%

Duration: 82 seconds
