Training DynNetGen(
  (layers): Sequential(
    (0): Sequential(
      (0): Conv2d(1, 32, kernel_size=(3, 3), stride=(1, 1))
      (1): BatchNorm2d(32, eps=1e-05, momentum=0.1, affine=True, track_running_stats=True)
      (2): ReLU()
    )
    (1): Sequential(
      (0): Flatten(start_dim=1, end_dim=-1)
      (1): Linear(in_features=288, out_features=2, bias=True)
    )
  )
) in cuda
=================================================================
Layer (type:depth-idx)                   Param #
=================================================================
DynNetGen                                --
├─Sequential: 1-1                        --
│    └─Sequential: 2-1                   --
│    │    └─Conv2d: 3-1                  320
│    │    └─BatchNorm2d: 3-2             64
│    │    └─ReLU: 3-3                    --
│    └─Sequential: 2-2                   --
│    │    └─Flatten: 3-4                 --
│    │    └─Linear: 3-5                  578
=================================================================
Total params: 962
Trainable params: 962
Non-trainable params: 0
=================================================================
Epoch:  0 Batch:   1 Loss: 0.7455 Accuracy Train: 51.800%
Epoch:  0 Batch:  11 Loss: 0.3306 Accuracy Train: 77.942%
Epoch:  0 Batch:  21 Loss: 0.3222 Accuracy Train: 83.649%
Epoch:  0 Batch:  31 Loss: 0.3078 Accuracy Train: 85.836%
Epoch:  0 Batch:  41 Loss: 0.3006 Accuracy Train: 87.027%
Epoch:  0 Batch:  51 Loss: 0.2856 Accuracy Train: 87.765%
Epoch:  0 Batch:  61 Loss: 0.2823 Accuracy Train: 88.331%
Epoch:  0 Batch:  71 Loss: 0.2661 Accuracy Train: 88.791%
Epoch:  0 Batch:  81 Loss: 0.2882 Accuracy Train: 89.109%
Epoch:  0 Batch:  91 Loss: 0.2815 Accuracy Train: 89.380%
Epoch:  0 Batch: 101 Loss: 0.2710 Accuracy Train: 89.586%
Epoch:  1 Batch:   1 Loss: 0.2727 Accuracy Train: 91.660%
Epoch:  1 Batch:  11 Loss: 0.2514 Accuracy Train: 91.698%
Epoch:  1 Batch:  21 Loss: 0.2773 Accuracy Train: 91.656%
Epoch:  1 Batch:  31 Loss: 0.2801 Accuracy Train: 91.601%
Epoch:  1 Batch:  41 Loss: 0.2720 Accuracy Train: 91.553%
Epoch:  1 Batch:  51 Loss: 0.2852 Accuracy Train: 91.580%
Epoch:  1 Batch:  61 Loss: 0.2861 Accuracy Train: 91.563%
Epoch:  1 Batch:  71 Loss: 0.2751 Accuracy Train: 91.563%
Epoch:  1 Batch:  81 Loss: 0.2710 Accuracy Train: 91.570%
Epoch:  1 Batch:  91 Loss: 0.2789 Accuracy Train: 91.580%
Epoch:  1 Batch: 101 Loss: 0.2713 Accuracy Train: 91.576%
Epoch:  2 Batch:   1 Loss: 0.2762 Accuracy Train: 91.400%
Epoch:  2 Batch:  11 Loss: 0.2800 Accuracy Train: 91.309%
Epoch:  2 Batch:  21 Loss: 0.2896 Accuracy Train: 91.464%
Epoch:  2 Batch:  31 Loss: 0.2831 Accuracy Train: 91.514%
Epoch:  2 Batch:  41 Loss: 0.2824 Accuracy Train: 91.547%
Epoch:  2 Batch:  51 Loss: 0.2974 Accuracy Train: 91.535%
Epoch:  2 Batch:  61 Loss: 0.2812 Accuracy Train: 91.553%
Epoch:  2 Batch:  71 Loss: 0.2680 Accuracy Train: 91.567%
Epoch:  2 Batch:  81 Loss: 0.2777 Accuracy Train: 91.587%
Epoch:  2 Batch:  91 Loss: 0.2885 Accuracy Train: 91.579%
Epoch:  2 Batch: 101 Loss: 0.2619 Accuracy Train: 91.585%
Epoch:  3 Batch:   1 Loss: 0.2608 Accuracy Train: 92.120%
Epoch:  3 Batch:  11 Loss: 0.2848 Accuracy Train: 91.284%
Epoch:  3 Batch:  21 Loss: 0.2661 Accuracy Train: 91.411%
Epoch:  3 Batch:  31 Loss: 0.2743 Accuracy Train: 91.501%
Epoch:  3 Batch:  41 Loss: 0.2678 Accuracy Train: 91.493%
Epoch:  3 Batch:  51 Loss: 0.2715 Accuracy Train: 91.510%
Epoch:  3 Batch:  61 Loss: 0.2705 Accuracy Train: 91.534%
Epoch:  3 Batch:  71 Loss: 0.2694 Accuracy Train: 91.560%
Epoch:  3 Batch:  81 Loss: 0.2782 Accuracy Train: 91.591%
Epoch:  3 Batch:  91 Loss: 0.2756 Accuracy Train: 91.615%
Epoch:  3 Batch: 101 Loss: 0.2765 Accuracy Train: 91.594%
Epoch:  4 Batch:   1 Loss: 0.2721 Accuracy Train: 91.520%
Epoch:  4 Batch:  11 Loss: 0.2794 Accuracy Train: 91.545%
Epoch:  4 Batch:  21 Loss: 0.2773 Accuracy Train: 91.606%
Epoch:  4 Batch:  31 Loss: 0.2787 Accuracy Train: 91.548%
Epoch:  4 Batch:  41 Loss: 0.2601 Accuracy Train: 91.598%
Epoch:  4 Batch:  51 Loss: 0.2614 Accuracy Train: 91.608%
Epoch:  4 Batch:  61 Loss: 0.2635 Accuracy Train: 91.603%
Epoch:  4 Batch:  71 Loss: 0.2852 Accuracy Train: 91.599%
Epoch:  4 Batch:  81 Loss: 0.2726 Accuracy Train: 91.602%
Epoch:  4 Batch:  91 Loss: 0.2742 Accuracy Train: 91.580%
Epoch:  4 Batch: 101 Loss: 0.2727 Accuracy Train: 91.600%
Epoch:  5 Batch:   1 Loss: 0.2755 Accuracy Train: 91.620%
Epoch:  5 Batch:  11 Loss: 0.2777 Accuracy Train: 91.778%
Epoch:  5 Batch:  21 Loss: 0.2723 Accuracy Train: 91.706%
Epoch:  5 Batch:  31 Loss: 0.2574 Accuracy Train: 91.699%
Epoch:  5 Batch:  41 Loss: 0.2683 Accuracy Train: 91.651%
Epoch:  5 Batch:  51 Loss: 0.2762 Accuracy Train: 91.613%
Epoch:  5 Batch:  61 Loss: 0.2761 Accuracy Train: 91.607%
Epoch:  5 Batch:  71 Loss: 0.2836 Accuracy Train: 91.609%
Epoch:  5 Batch:  81 Loss: 0.2946 Accuracy Train: 91.583%
Epoch:  5 Batch:  91 Loss: 0.2696 Accuracy Train: 91.587%
Epoch:  5 Batch: 101 Loss: 0.2458 Accuracy Train: 91.600%
Epoch:  6 Batch:   1 Loss: 0.2820 Accuracy Train: 91.140%
Epoch:  6 Batch:  11 Loss: 0.2717 Accuracy Train: 91.627%
Epoch:  6 Batch:  21 Loss: 0.2802 Accuracy Train: 91.580%
Epoch:  6 Batch:  31 Loss: 0.2701 Accuracy Train: 91.577%
Epoch:  6 Batch:  41 Loss: 0.2754 Accuracy Train: 91.562%
Epoch:  6 Batch:  51 Loss: 0.2846 Accuracy Train: 91.595%
Epoch:  6 Batch:  61 Loss: 0.2624 Accuracy Train: 91.589%
Epoch:  6 Batch:  71 Loss: 0.2817 Accuracy Train: 91.593%
Epoch:  6 Batch:  81 Loss: 0.2762 Accuracy Train: 91.606%
Epoch:  6 Batch:  91 Loss: 0.2619 Accuracy Train: 91.606%
Epoch:  6 Batch: 101 Loss: 0.2823 Accuracy Train: 91.597%
Epoch:  7 Batch:   1 Loss: 0.2680 Accuracy Train: 91.860%
Epoch:  7 Batch:  11 Loss: 0.2615 Accuracy Train: 91.585%
Epoch:  7 Batch:  21 Loss: 0.2706 Accuracy Train: 91.671%
Epoch:  7 Batch:  31 Loss: 0.2627 Accuracy Train: 91.688%
Epoch:  7 Batch:  41 Loss: 0.2835 Accuracy Train: 91.673%
Epoch:  7 Batch:  51 Loss: 0.2770 Accuracy Train: 91.645%
Epoch:  7 Batch:  61 Loss: 0.2827 Accuracy Train: 91.627%
Epoch:  7 Batch:  71 Loss: 0.2686 Accuracy Train: 91.636%
Epoch:  7 Batch:  81 Loss: 0.2785 Accuracy Train: 91.613%
Epoch:  7 Batch:  91 Loss: 0.2782 Accuracy Train: 91.604%
Epoch:  7 Batch: 101 Loss: 0.2642 Accuracy Train: 91.605%
Epoch:  8 Batch:   1 Loss: 0.2861 Accuracy Train: 91.140%
Epoch:  8 Batch:  11 Loss: 0.2622 Accuracy Train: 91.649%
Epoch:  8 Batch:  21 Loss: 0.2709 Accuracy Train: 91.583%
Epoch:  8 Batch:  31 Loss: 0.2621 Accuracy Train: 91.580%
Epoch:  8 Batch:  41 Loss: 0.2784 Accuracy Train: 91.587%
Epoch:  8 Batch:  51 Loss: 0.2752 Accuracy Train: 91.556%
Epoch:  8 Batch:  61 Loss: 0.2771 Accuracy Train: 91.548%
Epoch:  8 Batch:  71 Loss: 0.2747 Accuracy Train: 91.574%
Epoch:  8 Batch:  81 Loss: 0.2495 Accuracy Train: 91.615%
Epoch:  8 Batch:  91 Loss: 0.2622 Accuracy Train: 91.606%
Epoch:  8 Batch: 101 Loss: 0.2710 Accuracy Train: 91.602%
Epoch:  9 Batch:   1 Loss: 0.2936 Accuracy Train: 90.620%
Epoch:  9 Batch:  11 Loss: 0.2745 Accuracy Train: 91.538%
Epoch:  9 Batch:  21 Loss: 0.2716 Accuracy Train: 91.628%
Epoch:  9 Batch:  31 Loss: 0.2672 Accuracy Train: 91.624%
Epoch:  9 Batch:  41 Loss: 0.2642 Accuracy Train: 91.656%
Epoch:  9 Batch:  51 Loss: 0.2713 Accuracy Train: 91.624%
Epoch:  9 Batch:  61 Loss: 0.2548 Accuracy Train: 91.611%
Epoch:  9 Batch:  71 Loss: 0.2704 Accuracy Train: 91.603%
Epoch:  9 Batch:  81 Loss: 0.2647 Accuracy Train: 91.616%
Epoch:  9 Batch:  91 Loss: 0.2751 Accuracy Train: 91.605%
Epoch:  9 Batch: 101 Loss: 0.2700 Accuracy Train: 91.614%
Epoch: 10 Batch:   1 Loss: 0.2687 Accuracy Train: 91.740%
Epoch: 10 Batch:  11 Loss: 0.2484 Accuracy Train: 91.747%
Epoch: 10 Batch:  21 Loss: 0.2787 Accuracy Train: 91.670%
Epoch: 10 Batch:  31 Loss: 0.2804 Accuracy Train: 91.638%
Epoch: 10 Batch:  41 Loss: 0.2794 Accuracy Train: 91.584%
Epoch: 10 Batch:  51 Loss: 0.2789 Accuracy Train: 91.595%
Epoch: 10 Batch:  61 Loss: 0.2627 Accuracy Train: 91.601%
Epoch: 10 Batch:  71 Loss: 0.2825 Accuracy Train: 91.612%
Epoch: 10 Batch:  81 Loss: 0.2724 Accuracy Train: 91.600%
Epoch: 10 Batch:  91 Loss: 0.2674 Accuracy Train: 91.610%
Epoch: 10 Batch: 101 Loss: 0.2785 Accuracy Train: 91.607%
Epoch: 11 Batch:   1 Loss: 0.2622 Accuracy Train: 92.100%
Epoch: 11 Batch:  11 Loss: 0.2792 Accuracy Train: 91.673%
Epoch: 11 Batch:  21 Loss: 0.2699 Accuracy Train: 91.668%
Epoch: 11 Batch:  31 Loss: 0.2768 Accuracy Train: 91.586%
Epoch: 11 Batch:  41 Loss: 0.2804 Accuracy Train: 91.600%
Epoch: 11 Batch:  51 Loss: 0.2684 Accuracy Train: 91.596%
Epoch: 11 Batch:  61 Loss: 0.2665 Accuracy Train: 91.606%
Epoch: 11 Batch:  71 Loss: 0.2659 Accuracy Train: 91.596%
Epoch: 11 Batch:  81 Loss: 0.2566 Accuracy Train: 91.608%
Epoch: 11 Batch:  91 Loss: 0.2640 Accuracy Train: 91.618%
Epoch: 11 Batch: 101 Loss: 0.2751 Accuracy Train: 91.609%
Epoch: 12 Batch:   1 Loss: 0.2709 Accuracy Train: 91.460%
Epoch: 12 Batch:  11 Loss: 0.2705 Accuracy Train: 91.616%
Epoch: 12 Batch:  21 Loss: 0.2566 Accuracy Train: 91.714%
Epoch: 12 Batch:  31 Loss: 0.2681 Accuracy Train: 91.657%
Epoch: 12 Batch:  41 Loss: 0.2846 Accuracy Train: 91.655%
Epoch: 12 Batch:  51 Loss: 0.2654 Accuracy Train: 91.651%
Epoch: 12 Batch:  61 Loss: 0.2716 Accuracy Train: 91.664%
Epoch: 12 Batch:  71 Loss: 0.2866 Accuracy Train: 91.661%
Epoch: 12 Batch:  81 Loss: 0.2756 Accuracy Train: 91.620%
Epoch: 12 Batch:  91 Loss: 0.2746 Accuracy Train: 91.612%
Epoch: 12 Batch: 101 Loss: 0.2542 Accuracy Train: 91.618%
Epoch: 13 Batch:   1 Loss: 0.2585 Accuracy Train: 92.140%
Epoch: 13 Batch:  11 Loss: 0.2771 Accuracy Train: 91.660%
Epoch: 13 Batch:  21 Loss: 0.2825 Accuracy Train: 91.548%
Epoch: 13 Batch:  31 Loss: 0.2847 Accuracy Train: 91.526%
Epoch: 13 Batch:  41 Loss: 0.2649 Accuracy Train: 91.574%
Epoch: 13 Batch:  51 Loss: 0.2635 Accuracy Train: 91.620%
Epoch: 13 Batch:  61 Loss: 0.2652 Accuracy Train: 91.652%
Epoch: 13 Batch:  71 Loss: 0.2694 Accuracy Train: 91.644%
Epoch: 13 Batch:  81 Loss: 0.2764 Accuracy Train: 91.605%
Epoch: 13 Batch:  91 Loss: 0.2584 Accuracy Train: 91.630%
Epoch: 13 Batch: 101 Loss: 0.2634 Accuracy Train: 91.623%
Epoch: 14 Batch:   1 Loss: 0.2616 Accuracy Train: 92.080%
Epoch: 14 Batch:  11 Loss: 0.2579 Accuracy Train: 91.740%
Epoch: 14 Batch:  21 Loss: 0.2620 Accuracy Train: 91.608%
Epoch: 14 Batch:  31 Loss: 0.2781 Accuracy Train: 91.499%
Epoch: 14 Batch:  41 Loss: 0.2758 Accuracy Train: 91.550%
Epoch: 14 Batch:  51 Loss: 0.2734 Accuracy Train: 91.582%
Epoch: 14 Batch:  61 Loss: 0.2608 Accuracy Train: 91.593%
Epoch: 14 Batch:  71 Loss: 0.2678 Accuracy Train: 91.611%
Epoch: 14 Batch:  81 Loss: 0.2671 Accuracy Train: 91.614%
Epoch: 14 Batch:  91 Loss: 0.2618 Accuracy Train: 91.633%
Epoch: 14 Batch: 101 Loss: 0.2721 Accuracy Train: 91.629%
Epoch: 15 Batch:   1 Loss: 0.2574 Accuracy Train: 92.020%
Epoch: 15 Batch:  11 Loss: 0.2702 Accuracy Train: 91.685%
Epoch: 15 Batch:  21 Loss: 0.2635 Accuracy Train: 91.559%
Epoch: 15 Batch:  31 Loss: 0.2806 Accuracy Train: 91.575%
Epoch: 15 Batch:  41 Loss: 0.2849 Accuracy Train: 91.566%
Epoch: 15 Batch:  51 Loss: 0.2665 Accuracy Train: 91.582%
Epoch: 15 Batch:  61 Loss: 0.2669 Accuracy Train: 91.562%
Epoch: 15 Batch:  71 Loss: 0.2612 Accuracy Train: 91.560%
Epoch: 15 Batch:  81 Loss: 0.2874 Accuracy Train: 91.603%
Epoch: 15 Batch:  91 Loss: 0.2616 Accuracy Train: 91.617%
Epoch: 15 Batch: 101 Loss: 0.2651 Accuracy Train: 91.626%
Epoch: 16 Batch:   1 Loss: 0.2689 Accuracy Train: 91.520%
Epoch: 16 Batch:  11 Loss: 0.2823 Accuracy Train: 91.615%
Epoch: 16 Batch:  21 Loss: 0.2767 Accuracy Train: 91.632%
Epoch: 16 Batch:  31 Loss: 0.2638 Accuracy Train: 91.644%
Epoch: 16 Batch:  41 Loss: 0.2737 Accuracy Train: 91.652%
Epoch: 16 Batch:  51 Loss: 0.2673 Accuracy Train: 91.652%
Epoch: 16 Batch:  61 Loss: 0.2613 Accuracy Train: 91.654%
Epoch: 16 Batch:  71 Loss: 0.2676 Accuracy Train: 91.618%
Epoch: 16 Batch:  81 Loss: 0.2768 Accuracy Train: 91.621%
Epoch: 16 Batch:  91 Loss: 0.2817 Accuracy Train: 91.650%
Epoch: 16 Batch: 101 Loss: 0.2685 Accuracy Train: 91.624%
Epoch: 17 Batch:   1 Loss: 0.2602 Accuracy Train: 91.900%
Epoch: 17 Batch:  11 Loss: 0.2671 Accuracy Train: 91.625%
Epoch: 17 Batch:  21 Loss: 0.2583 Accuracy Train: 91.550%
Epoch: 17 Batch:  31 Loss: 0.2714 Accuracy Train: 91.559%
Epoch: 17 Batch:  41 Loss: 0.2634 Accuracy Train: 91.572%
Epoch: 17 Batch:  51 Loss: 0.2745 Accuracy Train: 91.582%
Epoch: 17 Batch:  61 Loss: 0.2578 Accuracy Train: 91.610%
Epoch: 17 Batch:  71 Loss: 0.2623 Accuracy Train: 91.617%
Epoch: 17 Batch:  81 Loss: 0.2638 Accuracy Train: 91.623%
Epoch: 17 Batch:  91 Loss: 0.2621 Accuracy Train: 91.611%
Epoch: 17 Batch: 101 Loss: 0.2589 Accuracy Train: 91.623%
Epoch: 18 Batch:   1 Loss: 0.2710 Accuracy Train: 91.440%
Epoch: 18 Batch:  11 Loss: 0.2659 Accuracy Train: 91.604%
Epoch: 18 Batch:  21 Loss: 0.2650 Accuracy Train: 91.699%
Epoch: 18 Batch:  31 Loss: 0.2668 Accuracy Train: 91.713%
Epoch: 18 Batch:  41 Loss: 0.2674 Accuracy Train: 91.669%
Epoch: 18 Batch:  51 Loss: 0.2651 Accuracy Train: 91.688%
Epoch: 18 Batch:  61 Loss: 0.2748 Accuracy Train: 91.674%
Epoch: 18 Batch:  71 Loss: 0.2594 Accuracy Train: 91.671%
Epoch: 18 Batch:  81 Loss: 0.2615 Accuracy Train: 91.656%
Epoch: 18 Batch:  91 Loss: 0.2864 Accuracy Train: 91.640%
Epoch: 18 Batch: 101 Loss: 0.2696 Accuracy Train: 91.616%
Epoch: 19 Batch:   1 Loss: 0.2771 Accuracy Train: 91.380%
Epoch: 19 Batch:  11 Loss: 0.2610 Accuracy Train: 91.515%
Epoch: 19 Batch:  21 Loss: 0.2628 Accuracy Train: 91.561%
Epoch: 19 Batch:  31 Loss: 0.2469 Accuracy Train: 91.545%
Epoch: 19 Batch:  41 Loss: 0.2637 Accuracy Train: 91.544%
Epoch: 19 Batch:  51 Loss: 0.2529 Accuracy Train: 91.596%
Epoch: 19 Batch:  61 Loss: 0.2568 Accuracy Train: 91.607%
Epoch: 19 Batch:  71 Loss: 0.2569 Accuracy Train: 91.610%
Epoch: 19 Batch:  81 Loss: 0.2697 Accuracy Train: 91.631%
Epoch: 19 Batch:  91 Loss: 0.2588 Accuracy Train: 91.627%
Epoch: 19 Batch: 101 Loss: 0.2709 Accuracy Train: 91.627%

Duration: 88 seconds
