Training DynNetGen(
  (layers): Sequential(
    (0): Sequential(
      (0): Flatten(start_dim=1, end_dim=-1)
      (1): Linear(in_features=25, out_features=2, bias=True)
    )
  )
) in cuda
=================================================================
Layer (type:depth-idx)                   Param #
=================================================================
DynNetGen                                --
├─Sequential: 1-1                        --
│    └─Sequential: 2-1                   --
│    │    └─Flatten: 3-1                 --
│    │    └─Linear: 3-2                  52
=================================================================
Total params: 52
Trainable params: 52
Non-trainable params: 0
=================================================================
Epoch:  0 Batch:   1 Loss: 0.6883 Accuracy Train: 49.740%
Epoch:  0 Batch:  11 Loss: 0.6735 Accuracy Train: 56.356%
Epoch:  0 Batch:  21 Loss: 0.6573 Accuracy Train: 57.011%
Epoch:  0 Batch:  31 Loss: 0.6506 Accuracy Train: 57.894%
Epoch:  0 Batch:  41 Loss: 0.6344 Accuracy Train: 58.205%
Epoch:  0 Batch:  51 Loss: 0.6330 Accuracy Train: 58.976%
Epoch:  0 Batch:  61 Loss: 0.6289 Accuracy Train: 59.484%
Epoch:  0 Batch:  71 Loss: 0.6266 Accuracy Train: 59.765%
Epoch:  0 Batch:  81 Loss: 0.6198 Accuracy Train: 60.156%
Epoch:  0 Batch:  91 Loss: 0.6210 Accuracy Train: 60.660%
Epoch:  0 Batch: 101 Loss: 0.6115 Accuracy Train: 61.332%
Epoch:  0 Batch: 111 Loss: 0.6179 Accuracy Train: 61.850%
Epoch:  0 Batch: 121 Loss: 0.6137 Accuracy Train: 62.178%
Epoch:  0 Batch: 131 Loss: 0.6064 Accuracy Train: 62.620%
Epoch:  0 Batch: 141 Loss: 0.6014 Accuracy Train: 62.977%
Epoch:  0 Batch: 151 Loss: 0.6098 Accuracy Train: 63.279%
Epoch:  0 Batch: 161 Loss: 0.6007 Accuracy Train: 63.544%
Epoch:  0 Batch: 171 Loss: 0.6098 Accuracy Train: 63.753%
Epoch:  0 Batch: 181 Loss: 0.6111 Accuracy Train: 63.966%
Epoch:  1 Batch:   1 Loss: 0.6068 Accuracy Train: 67.120%
Epoch:  1 Batch:  11 Loss: 0.6030 Accuracy Train: 67.771%
Epoch:  1 Batch:  21 Loss: 0.6095 Accuracy Train: 67.539%
Epoch:  1 Batch:  31 Loss: 0.6031 Accuracy Train: 67.486%
Epoch:  1 Batch:  41 Loss: 0.5997 Accuracy Train: 67.526%
Epoch:  1 Batch:  51 Loss: 0.6037 Accuracy Train: 67.500%
Epoch:  1 Batch:  61 Loss: 0.6051 Accuracy Train: 67.477%
Epoch:  1 Batch:  71 Loss: 0.6059 Accuracy Train: 67.505%
Epoch:  1 Batch:  81 Loss: 0.5974 Accuracy Train: 67.452%
Epoch:  1 Batch:  91 Loss: 0.6006 Accuracy Train: 67.497%
Epoch:  1 Batch: 101 Loss: 0.6084 Accuracy Train: 67.486%
Epoch:  1 Batch: 111 Loss: 0.5962 Accuracy Train: 67.488%
Epoch:  1 Batch: 121 Loss: 0.6056 Accuracy Train: 67.488%
Epoch:  1 Batch: 131 Loss: 0.5896 Accuracy Train: 67.514%
Epoch:  1 Batch: 141 Loss: 0.5972 Accuracy Train: 67.501%
Epoch:  1 Batch: 151 Loss: 0.5916 Accuracy Train: 67.489%
Epoch:  1 Batch: 161 Loss: 0.5968 Accuracy Train: 67.484%
Epoch:  1 Batch: 171 Loss: 0.6111 Accuracy Train: 67.496%
Epoch:  1 Batch: 181 Loss: 0.6102 Accuracy Train: 67.481%
Epoch:  2 Batch:   1 Loss: 0.6057 Accuracy Train: 67.460%
Epoch:  2 Batch:  11 Loss: 0.6068 Accuracy Train: 67.235%
Epoch:  2 Batch:  21 Loss: 0.5927 Accuracy Train: 67.261%
Epoch:  2 Batch:  31 Loss: 0.5999 Accuracy Train: 67.275%
Epoch:  2 Batch:  41 Loss: 0.6004 Accuracy Train: 67.378%
Epoch:  2 Batch:  51 Loss: 0.5855 Accuracy Train: 67.389%
Epoch:  2 Batch:  61 Loss: 0.5858 Accuracy Train: 67.415%
Epoch:  2 Batch:  71 Loss: 0.6002 Accuracy Train: 67.444%
Epoch:  2 Batch:  81 Loss: 0.6011 Accuracy Train: 67.398%
Epoch:  2 Batch:  91 Loss: 0.6049 Accuracy Train: 67.406%
Epoch:  2 Batch: 101 Loss: 0.5937 Accuracy Train: 67.437%
Epoch:  2 Batch: 111 Loss: 0.5927 Accuracy Train: 67.446%
Epoch:  2 Batch: 121 Loss: 0.5967 Accuracy Train: 67.449%
Epoch:  2 Batch: 131 Loss: 0.5947 Accuracy Train: 67.476%
Epoch:  2 Batch: 141 Loss: 0.5965 Accuracy Train: 67.482%
Epoch:  2 Batch: 151 Loss: 0.5909 Accuracy Train: 67.476%
Epoch:  2 Batch: 161 Loss: 0.5963 Accuracy Train: 67.479%
Epoch:  2 Batch: 171 Loss: 0.5956 Accuracy Train: 67.473%
Epoch:  2 Batch: 181 Loss: 0.5933 Accuracy Train: 67.484%
Epoch:  3 Batch:   1 Loss: 0.5980 Accuracy Train: 66.880%
Epoch:  3 Batch:  11 Loss: 0.5936 Accuracy Train: 67.889%
Epoch:  3 Batch:  21 Loss: 0.5939 Accuracy Train: 67.709%
Epoch:  3 Batch:  31 Loss: 0.5985 Accuracy Train: 67.594%
Epoch:  3 Batch:  41 Loss: 0.5959 Accuracy Train: 67.569%
Epoch:  3 Batch:  51 Loss: 0.5933 Accuracy Train: 67.605%
Epoch:  3 Batch:  61 Loss: 0.6040 Accuracy Train: 67.543%
Epoch:  3 Batch:  71 Loss: 0.6088 Accuracy Train: 67.534%
Epoch:  3 Batch:  81 Loss: 0.5838 Accuracy Train: 67.510%
Epoch:  3 Batch:  91 Loss: 0.6060 Accuracy Train: 67.510%
Epoch:  3 Batch: 101 Loss: 0.5982 Accuracy Train: 67.515%
Epoch:  3 Batch: 111 Loss: 0.6034 Accuracy Train: 67.522%
Epoch:  3 Batch: 121 Loss: 0.6006 Accuracy Train: 67.525%
Epoch:  3 Batch: 131 Loss: 0.5927 Accuracy Train: 67.515%
Epoch:  3 Batch: 141 Loss: 0.5962 Accuracy Train: 67.497%
Epoch:  3 Batch: 151 Loss: 0.6017 Accuracy Train: 67.461%
Epoch:  3 Batch: 161 Loss: 0.5894 Accuracy Train: 67.449%
Epoch:  3 Batch: 171 Loss: 0.5929 Accuracy Train: 67.459%
Epoch:  3 Batch: 181 Loss: 0.6044 Accuracy Train: 67.468%
Epoch:  4 Batch:   1 Loss: 0.5912 Accuracy Train: 67.520%
Epoch:  4 Batch:  11 Loss: 0.5999 Accuracy Train: 67.642%
Epoch:  4 Batch:  21 Loss: 0.5946 Accuracy Train: 67.352%
Epoch:  4 Batch:  31 Loss: 0.6089 Accuracy Train: 67.506%
Epoch:  4 Batch:  41 Loss: 0.5938 Accuracy Train: 67.520%
Epoch:  4 Batch:  51 Loss: 0.5910 Accuracy Train: 67.547%
Epoch:  4 Batch:  61 Loss: 0.5999 Accuracy Train: 67.472%
Epoch:  4 Batch:  71 Loss: 0.6008 Accuracy Train: 67.445%
Epoch:  4 Batch:  81 Loss: 0.6044 Accuracy Train: 67.437%
Epoch:  4 Batch:  91 Loss: 0.5939 Accuracy Train: 67.419%
Epoch:  4 Batch: 101 Loss: 0.6040 Accuracy Train: 67.436%
Epoch:  4 Batch: 111 Loss: 0.6023 Accuracy Train: 67.463%
Epoch:  4 Batch: 121 Loss: 0.5984 Accuracy Train: 67.464%
Epoch:  4 Batch: 131 Loss: 0.5997 Accuracy Train: 67.446%
Epoch:  4 Batch: 141 Loss: 0.5869 Accuracy Train: 67.454%
Epoch:  4 Batch: 151 Loss: 0.5900 Accuracy Train: 67.465%
Epoch:  4 Batch: 161 Loss: 0.5995 Accuracy Train: 67.461%
Epoch:  4 Batch: 171 Loss: 0.5963 Accuracy Train: 67.456%
Epoch:  4 Batch: 181 Loss: 0.5928 Accuracy Train: 67.470%
Epoch:  5 Batch:   1 Loss: 0.6035 Accuracy Train: 66.760%
Epoch:  5 Batch:  11 Loss: 0.5934 Accuracy Train: 67.195%
Epoch:  5 Batch:  21 Loss: 0.5829 Accuracy Train: 67.375%
Epoch:  5 Batch:  31 Loss: 0.5925 Accuracy Train: 67.428%
Epoch:  5 Batch:  41 Loss: 0.5956 Accuracy Train: 67.398%
Epoch:  5 Batch:  51 Loss: 0.5928 Accuracy Train: 67.403%
Epoch:  5 Batch:  61 Loss: 0.5847 Accuracy Train: 67.514%
Epoch:  5 Batch:  71 Loss: 0.5986 Accuracy Train: 67.538%
Epoch:  5 Batch:  81 Loss: 0.6142 Accuracy Train: 67.520%
Epoch:  5 Batch:  91 Loss: 0.5887 Accuracy Train: 67.533%
Epoch:  5 Batch: 101 Loss: 0.6029 Accuracy Train: 67.491%
Epoch:  5 Batch: 111 Loss: 0.5998 Accuracy Train: 67.499%
Epoch:  5 Batch: 121 Loss: 0.5899 Accuracy Train: 67.519%
Epoch:  5 Batch: 131 Loss: 0.5851 Accuracy Train: 67.468%
Epoch:  5 Batch: 141 Loss: 0.6061 Accuracy Train: 67.451%
Epoch:  5 Batch: 151 Loss: 0.5916 Accuracy Train: 67.460%
Epoch:  5 Batch: 161 Loss: 0.5922 Accuracy Train: 67.472%
Epoch:  5 Batch: 171 Loss: 0.6039 Accuracy Train: 67.476%
Epoch:  5 Batch: 181 Loss: 0.5985 Accuracy Train: 67.467%
Epoch:  6 Batch:   1 Loss: 0.5918 Accuracy Train: 67.140%
Epoch:  6 Batch:  11 Loss: 0.5910 Accuracy Train: 67.656%
Epoch:  6 Batch:  21 Loss: 0.5874 Accuracy Train: 67.510%
Epoch:  6 Batch:  31 Loss: 0.5947 Accuracy Train: 67.465%
Epoch:  6 Batch:  41 Loss: 0.6011 Accuracy Train: 67.544%
Epoch:  6 Batch:  51 Loss: 0.5901 Accuracy Train: 67.566%
Epoch:  6 Batch:  61 Loss: 0.5858 Accuracy Train: 67.516%
Epoch:  6 Batch:  71 Loss: 0.5909 Accuracy Train: 67.489%
Epoch:  6 Batch:  81 Loss: 0.5842 Accuracy Train: 67.529%
Epoch:  6 Batch:  91 Loss: 0.6007 Accuracy Train: 67.506%
Epoch:  6 Batch: 101 Loss: 0.5949 Accuracy Train: 67.505%
Epoch:  6 Batch: 111 Loss: 0.6045 Accuracy Train: 67.499%
Epoch:  6 Batch: 121 Loss: 0.6000 Accuracy Train: 67.497%
Epoch:  6 Batch: 131 Loss: 0.5924 Accuracy Train: 67.482%
Epoch:  6 Batch: 141 Loss: 0.6016 Accuracy Train: 67.476%
Epoch:  6 Batch: 151 Loss: 0.5904 Accuracy Train: 67.480%
Epoch:  6 Batch: 161 Loss: 0.5939 Accuracy Train: 67.465%
Epoch:  6 Batch: 171 Loss: 0.6064 Accuracy Train: 67.467%
Epoch:  6 Batch: 181 Loss: 0.5962 Accuracy Train: 67.462%
Epoch:  7 Batch:   1 Loss: 0.6068 Accuracy Train: 66.320%
Epoch:  7 Batch:  11 Loss: 0.5940 Accuracy Train: 67.576%
Epoch:  7 Batch:  21 Loss: 0.5813 Accuracy Train: 67.615%
Epoch:  7 Batch:  31 Loss: 0.5858 Accuracy Train: 67.514%
Epoch:  7 Batch:  41 Loss: 0.5965 Accuracy Train: 67.508%
Epoch:  7 Batch:  51 Loss: 0.5952 Accuracy Train: 67.484%
Epoch:  7 Batch:  61 Loss: 0.6010 Accuracy Train: 67.490%
Epoch:  7 Batch:  71 Loss: 0.6004 Accuracy Train: 67.475%
Epoch:  7 Batch:  81 Loss: 0.5846 Accuracy Train: 67.488%
Epoch:  7 Batch:  91 Loss: 0.5891 Accuracy Train: 67.492%
Epoch:  7 Batch: 101 Loss: 0.5875 Accuracy Train: 67.482%
Epoch:  7 Batch: 111 Loss: 0.5881 Accuracy Train: 67.468%
Epoch:  7 Batch: 121 Loss: 0.6044 Accuracy Train: 67.447%
Epoch:  7 Batch: 131 Loss: 0.5933 Accuracy Train: 67.448%
Epoch:  7 Batch: 141 Loss: 0.5837 Accuracy Train: 67.462%
Epoch:  7 Batch: 151 Loss: 0.5868 Accuracy Train: 67.482%
Epoch:  7 Batch: 161 Loss: 0.5972 Accuracy Train: 67.458%
Epoch:  7 Batch: 171 Loss: 0.5960 Accuracy Train: 67.460%
Epoch:  7 Batch: 181 Loss: 0.6019 Accuracy Train: 67.465%
Epoch:  8 Batch:   1 Loss: 0.5835 Accuracy Train: 68.180%
Epoch:  8 Batch:  11 Loss: 0.5977 Accuracy Train: 67.671%
Epoch:  8 Batch:  21 Loss: 0.5947 Accuracy Train: 67.505%
Epoch:  8 Batch:  31 Loss: 0.5937 Accuracy Train: 67.471%
Epoch:  8 Batch:  41 Loss: 0.5920 Accuracy Train: 67.489%
Epoch:  8 Batch:  51 Loss: 0.5921 Accuracy Train: 67.452%
Epoch:  8 Batch:  61 Loss: 0.5982 Accuracy Train: 67.444%
Epoch:  8 Batch:  71 Loss: 0.5917 Accuracy Train: 67.491%
Epoch:  8 Batch:  81 Loss: 0.5905 Accuracy Train: 67.491%
Epoch:  8 Batch:  91 Loss: 0.6060 Accuracy Train: 67.512%
Epoch:  8 Batch: 101 Loss: 0.5810 Accuracy Train: 67.513%
Epoch:  8 Batch: 111 Loss: 0.6117 Accuracy Train: 67.483%
Epoch:  8 Batch: 121 Loss: 0.5931 Accuracy Train: 67.483%
Epoch:  8 Batch: 131 Loss: 0.5831 Accuracy Train: 67.463%
Epoch:  8 Batch: 141 Loss: 0.5879 Accuracy Train: 67.451%
Epoch:  8 Batch: 151 Loss: 0.5909 Accuracy Train: 67.440%
Epoch:  8 Batch: 161 Loss: 0.5942 Accuracy Train: 67.458%
Epoch:  8 Batch: 171 Loss: 0.5885 Accuracy Train: 67.468%
Epoch:  8 Batch: 181 Loss: 0.5811 Accuracy Train: 67.480%
Epoch:  9 Batch:   1 Loss: 0.6003 Accuracy Train: 66.880%
Epoch:  9 Batch:  11 Loss: 0.5915 Accuracy Train: 67.596%
Epoch:  9 Batch:  21 Loss: 0.6025 Accuracy Train: 67.416%
Epoch:  9 Batch:  31 Loss: 0.5996 Accuracy Train: 67.464%
Epoch:  9 Batch:  41 Loss: 0.6040 Accuracy Train: 67.395%
Epoch:  9 Batch:  51 Loss: 0.5907 Accuracy Train: 67.384%
Epoch:  9 Batch:  61 Loss: 0.5968 Accuracy Train: 67.399%
Epoch:  9 Batch:  71 Loss: 0.6021 Accuracy Train: 67.397%
Epoch:  9 Batch:  81 Loss: 0.5928 Accuracy Train: 67.365%
Epoch:  9 Batch:  91 Loss: 0.5935 Accuracy Train: 67.389%
Epoch:  9 Batch: 101 Loss: 0.5890 Accuracy Train: 67.413%
Epoch:  9 Batch: 111 Loss: 0.5988 Accuracy Train: 67.417%
Epoch:  9 Batch: 121 Loss: 0.5923 Accuracy Train: 67.460%
Epoch:  9 Batch: 131 Loss: 0.5956 Accuracy Train: 67.447%
Epoch:  9 Batch: 141 Loss: 0.5901 Accuracy Train: 67.448%
Epoch:  9 Batch: 151 Loss: 0.5853 Accuracy Train: 67.482%
Epoch:  9 Batch: 161 Loss: 0.5901 Accuracy Train: 67.471%
Epoch:  9 Batch: 171 Loss: 0.5829 Accuracy Train: 67.480%
Epoch:  9 Batch: 181 Loss: 0.5977 Accuracy Train: 67.479%
Epoch: 10 Batch:   1 Loss: 0.5859 Accuracy Train: 68.260%
Epoch: 10 Batch:  11 Loss: 0.5834 Accuracy Train: 67.400%
Epoch: 10 Batch:  21 Loss: 0.5844 Accuracy Train: 67.506%
Epoch: 10 Batch:  31 Loss: 0.5871 Accuracy Train: 67.563%
Epoch: 10 Batch:  41 Loss: 0.5893 Accuracy Train: 67.491%
Epoch: 10 Batch:  51 Loss: 0.5913 Accuracy Train: 67.500%
Epoch: 10 Batch:  61 Loss: 0.5938 Accuracy Train: 67.521%
Epoch: 10 Batch:  71 Loss: 0.5925 Accuracy Train: 67.515%
Epoch: 10 Batch:  81 Loss: 0.5951 Accuracy Train: 67.503%
Epoch: 10 Batch:  91 Loss: 0.5950 Accuracy Train: 67.498%
Epoch: 10 Batch: 101 Loss: 0.5998 Accuracy Train: 67.488%
Epoch: 10 Batch: 111 Loss: 0.5869 Accuracy Train: 67.485%
Epoch: 10 Batch: 121 Loss: 0.5813 Accuracy Train: 67.469%
Epoch: 10 Batch: 131 Loss: 0.5966 Accuracy Train: 67.475%
Epoch: 10 Batch: 141 Loss: 0.5833 Accuracy Train: 67.470%
Epoch: 10 Batch: 151 Loss: 0.5915 Accuracy Train: 67.469%
Epoch: 10 Batch: 161 Loss: 0.5988 Accuracy Train: 67.467%
Epoch: 10 Batch: 171 Loss: 0.5996 Accuracy Train: 67.467%
Epoch: 10 Batch: 181 Loss: 0.5960 Accuracy Train: 67.463%
Epoch: 11 Batch:   1 Loss: 0.6013 Accuracy Train: 67.060%
Epoch: 11 Batch:  11 Loss: 0.5973 Accuracy Train: 67.422%
Epoch: 11 Batch:  21 Loss: 0.5820 Accuracy Train: 67.485%
Epoch: 11 Batch:  31 Loss: 0.5774 Accuracy Train: 67.465%
Epoch: 11 Batch:  41 Loss: 0.5949 Accuracy Train: 67.427%
Epoch: 11 Batch:  51 Loss: 0.5829 Accuracy Train: 67.380%
Epoch: 11 Batch:  61 Loss: 0.5868 Accuracy Train: 67.388%
Epoch: 11 Batch:  71 Loss: 0.5862 Accuracy Train: 67.380%
Epoch: 11 Batch:  81 Loss: 0.5931 Accuracy Train: 67.372%
Epoch: 11 Batch:  91 Loss: 0.6031 Accuracy Train: 67.344%
Epoch: 11 Batch: 101 Loss: 0.5901 Accuracy Train: 67.332%
Epoch: 11 Batch: 111 Loss: 0.5912 Accuracy Train: 67.333%
Epoch: 11 Batch: 121 Loss: 0.5942 Accuracy Train: 67.349%
Epoch: 11 Batch: 131 Loss: 0.5979 Accuracy Train: 67.376%
Epoch: 11 Batch: 141 Loss: 0.5818 Accuracy Train: 67.398%
Epoch: 11 Batch: 151 Loss: 0.5907 Accuracy Train: 67.394%
Epoch: 11 Batch: 161 Loss: 0.5891 Accuracy Train: 67.416%
Epoch: 11 Batch: 171 Loss: 0.5923 Accuracy Train: 67.442%
Epoch: 11 Batch: 181 Loss: 0.5962 Accuracy Train: 67.454%
Epoch: 12 Batch:   1 Loss: 0.5913 Accuracy Train: 67.480%
Epoch: 12 Batch:  11 Loss: 0.5880 Accuracy Train: 67.715%
Epoch: 12 Batch:  21 Loss: 0.6076 Accuracy Train: 67.393%
Epoch: 12 Batch:  31 Loss: 0.5910 Accuracy Train: 67.324%
Epoch: 12 Batch:  41 Loss: 0.5946 Accuracy Train: 67.314%
Epoch: 12 Batch:  51 Loss: 0.5871 Accuracy Train: 67.340%
Epoch: 12 Batch:  61 Loss: 0.5937 Accuracy Train: 67.380%
Epoch: 12 Batch:  71 Loss: 0.5883 Accuracy Train: 67.406%
Epoch: 12 Batch:  81 Loss: 0.5950 Accuracy Train: 67.427%
Epoch: 12 Batch:  91 Loss: 0.5842 Accuracy Train: 67.463%
Epoch: 12 Batch: 101 Loss: 0.5849 Accuracy Train: 67.459%
Epoch: 12 Batch: 111 Loss: 0.5858 Accuracy Train: 67.463%
Epoch: 12 Batch: 121 Loss: 0.5881 Accuracy Train: 67.490%
Epoch: 12 Batch: 131 Loss: 0.5956 Accuracy Train: 67.505%
Epoch: 12 Batch: 141 Loss: 0.5867 Accuracy Train: 67.518%
Epoch: 12 Batch: 151 Loss: 0.5838 Accuracy Train: 67.494%
Epoch: 12 Batch: 161 Loss: 0.5982 Accuracy Train: 67.486%
Epoch: 12 Batch: 171 Loss: 0.5824 Accuracy Train: 67.473%
Epoch: 12 Batch: 181 Loss: 0.5876 Accuracy Train: 67.465%
Epoch: 13 Batch:   1 Loss: 0.5986 Accuracy Train: 66.780%
Epoch: 13 Batch:  11 Loss: 0.5887 Accuracy Train: 67.344%
Epoch: 13 Batch:  21 Loss: 0.5908 Accuracy Train: 67.461%
Epoch: 13 Batch:  31 Loss: 0.5983 Accuracy Train: 67.452%
Epoch: 13 Batch:  41 Loss: 0.5912 Accuracy Train: 67.389%
Epoch: 13 Batch:  51 Loss: 0.5977 Accuracy Train: 67.368%
Epoch: 13 Batch:  61 Loss: 0.5857 Accuracy Train: 67.427%
Epoch: 13 Batch:  71 Loss: 0.5998 Accuracy Train: 67.447%
Epoch: 13 Batch:  81 Loss: 0.5992 Accuracy Train: 67.461%
Epoch: 13 Batch:  91 Loss: 0.6064 Accuracy Train: 67.450%
Epoch: 13 Batch: 101 Loss: 0.5954 Accuracy Train: 67.457%
Epoch: 13 Batch: 111 Loss: 0.6005 Accuracy Train: 67.476%
Epoch: 13 Batch: 121 Loss: 0.6013 Accuracy Train: 67.479%
Epoch: 13 Batch: 131 Loss: 0.5873 Accuracy Train: 67.470%
Epoch: 13 Batch: 141 Loss: 0.5887 Accuracy Train: 67.471%
Epoch: 13 Batch: 151 Loss: 0.5877 Accuracy Train: 67.456%
Epoch: 13 Batch: 161 Loss: 0.5840 Accuracy Train: 67.456%
Epoch: 13 Batch: 171 Loss: 0.5897 Accuracy Train: 67.454%
Epoch: 13 Batch: 181 Loss: 0.5919 Accuracy Train: 67.460%
Epoch: 14 Batch:   1 Loss: 0.5861 Accuracy Train: 67.880%
Epoch: 14 Batch:  11 Loss: 0.6005 Accuracy Train: 67.440%
Epoch: 14 Batch:  21 Loss: 0.6003 Accuracy Train: 67.575%
Epoch: 14 Batch:  31 Loss: 0.5928 Accuracy Train: 67.584%
Epoch: 14 Batch:  41 Loss: 0.5788 Accuracy Train: 67.534%
Epoch: 14 Batch:  51 Loss: 0.5858 Accuracy Train: 67.542%
Epoch: 14 Batch:  61 Loss: 0.5949 Accuracy Train: 67.511%
Epoch: 14 Batch:  71 Loss: 0.5909 Accuracy Train: 67.550%
Epoch: 14 Batch:  81 Loss: 0.5913 Accuracy Train: 67.574%
Epoch: 14 Batch:  91 Loss: 0.5871 Accuracy Train: 67.592%
Epoch: 14 Batch: 101 Loss: 0.5862 Accuracy Train: 67.548%
Epoch: 14 Batch: 111 Loss: 0.6031 Accuracy Train: 67.524%
Epoch: 14 Batch: 121 Loss: 0.5884 Accuracy Train: 67.508%
Epoch: 14 Batch: 131 Loss: 0.6005 Accuracy Train: 67.478%
Epoch: 14 Batch: 141 Loss: 0.5929 Accuracy Train: 67.465%
Epoch: 14 Batch: 151 Loss: 0.5945 Accuracy Train: 67.445%
Epoch: 14 Batch: 161 Loss: 0.5974 Accuracy Train: 67.438%
Epoch: 14 Batch: 171 Loss: 0.6034 Accuracy Train: 67.444%
Epoch: 14 Batch: 181 Loss: 0.5952 Accuracy Train: 67.443%
Epoch: 15 Batch:   1 Loss: 0.5949 Accuracy Train: 67.520%
Epoch: 15 Batch:  11 Loss: 0.5981 Accuracy Train: 67.500%
Epoch: 15 Batch:  21 Loss: 0.5832 Accuracy Train: 67.330%
Epoch: 15 Batch:  31 Loss: 0.6111 Accuracy Train: 67.426%
Epoch: 15 Batch:  41 Loss: 0.6066 Accuracy Train: 67.462%
Epoch: 15 Batch:  51 Loss: 0.5887 Accuracy Train: 67.455%
Epoch: 15 Batch:  61 Loss: 0.5875 Accuracy Train: 67.483%
Epoch: 15 Batch:  71 Loss: 0.5897 Accuracy Train: 67.433%
Epoch: 15 Batch:  81 Loss: 0.5932 Accuracy Train: 67.457%
Epoch: 15 Batch:  91 Loss: 0.5940 Accuracy Train: 67.437%
Epoch: 15 Batch: 101 Loss: 0.5876 Accuracy Train: 67.423%
Epoch: 15 Batch: 111 Loss: 0.5955 Accuracy Train: 67.391%
Epoch: 15 Batch: 121 Loss: 0.6078 Accuracy Train: 67.406%
Epoch: 15 Batch: 131 Loss: 0.5894 Accuracy Train: 67.427%
Epoch: 15 Batch: 141 Loss: 0.5943 Accuracy Train: 67.448%
Epoch: 15 Batch: 151 Loss: 0.5854 Accuracy Train: 67.441%
Epoch: 15 Batch: 161 Loss: 0.6084 Accuracy Train: 67.435%
Epoch: 15 Batch: 171 Loss: 0.5939 Accuracy Train: 67.432%
Epoch: 15 Batch: 181 Loss: 0.5881 Accuracy Train: 67.448%
Epoch: 16 Batch:   1 Loss: 0.5947 Accuracy Train: 67.220%
Epoch: 16 Batch:  11 Loss: 0.5765 Accuracy Train: 67.535%
Epoch: 16 Batch:  21 Loss: 0.5861 Accuracy Train: 67.737%
Epoch: 16 Batch:  31 Loss: 0.5812 Accuracy Train: 67.733%
Epoch: 16 Batch:  41 Loss: 0.6022 Accuracy Train: 67.623%
Epoch: 16 Batch:  51 Loss: 0.5980 Accuracy Train: 67.651%
Epoch: 16 Batch:  61 Loss: 0.5820 Accuracy Train: 67.610%
Epoch: 16 Batch:  71 Loss: 0.5897 Accuracy Train: 67.545%
Epoch: 16 Batch:  81 Loss: 0.5962 Accuracy Train: 67.495%
Epoch: 16 Batch:  91 Loss: 0.5928 Accuracy Train: 67.478%
Epoch: 16 Batch: 101 Loss: 0.5840 Accuracy Train: 67.476%
Epoch: 16 Batch: 111 Loss: 0.5971 Accuracy Train: 67.491%
Epoch: 16 Batch: 121 Loss: 0.5882 Accuracy Train: 67.487%
Epoch: 16 Batch: 131 Loss: 0.5888 Accuracy Train: 67.485%
Epoch: 16 Batch: 141 Loss: 0.5837 Accuracy Train: 67.471%
Epoch: 16 Batch: 151 Loss: 0.5942 Accuracy Train: 67.471%
Epoch: 16 Batch: 161 Loss: 0.5879 Accuracy Train: 67.483%
Epoch: 16 Batch: 171 Loss: 0.5898 Accuracy Train: 67.470%
Epoch: 16 Batch: 181 Loss: 0.5816 Accuracy Train: 67.451%
Epoch: 17 Batch:   1 Loss: 0.5897 Accuracy Train: 68.760%
Epoch: 17 Batch:  11 Loss: 0.5931 Accuracy Train: 67.704%
Epoch: 17 Batch:  21 Loss: 0.5929 Accuracy Train: 67.465%
Epoch: 17 Batch:  31 Loss: 0.5961 Accuracy Train: 67.481%
Epoch: 17 Batch:  41 Loss: 0.5992 Accuracy Train: 67.529%
Epoch: 17 Batch:  51 Loss: 0.5877 Accuracy Train: 67.515%
Epoch: 17 Batch:  61 Loss: 0.5925 Accuracy Train: 67.476%
Epoch: 17 Batch:  71 Loss: 0.5916 Accuracy Train: 67.510%
Epoch: 17 Batch:  81 Loss: 0.5789 Accuracy Train: 67.561%
Epoch: 17 Batch:  91 Loss: 0.5946 Accuracy Train: 67.561%
Epoch: 17 Batch: 101 Loss: 0.5822 Accuracy Train: 67.547%
Epoch: 17 Batch: 111 Loss: 0.5910 Accuracy Train: 67.484%
Epoch: 17 Batch: 121 Loss: 0.5932 Accuracy Train: 67.490%
Epoch: 17 Batch: 131 Loss: 0.5953 Accuracy Train: 67.479%
Epoch: 17 Batch: 141 Loss: 0.5937 Accuracy Train: 67.450%
Epoch: 17 Batch: 151 Loss: 0.6006 Accuracy Train: 67.450%
Epoch: 17 Batch: 161 Loss: 0.5819 Accuracy Train: 67.448%
Epoch: 17 Batch: 171 Loss: 0.5937 Accuracy Train: 67.454%
Epoch: 17 Batch: 181 Loss: 0.5957 Accuracy Train: 67.444%
Epoch: 18 Batch:   1 Loss: 0.5846 Accuracy Train: 67.740%
Epoch: 18 Batch:  11 Loss: 0.5978 Accuracy Train: 67.385%
Epoch: 18 Batch:  21 Loss: 0.5895 Accuracy Train: 67.355%
Epoch: 18 Batch:  31 Loss: 0.5771 Accuracy Train: 67.483%
Epoch: 18 Batch:  41 Loss: 0.5816 Accuracy Train: 67.479%
Epoch: 18 Batch:  51 Loss: 0.5875 Accuracy Train: 67.523%
Epoch: 18 Batch:  61 Loss: 0.5888 Accuracy Train: 67.484%
Epoch: 18 Batch:  71 Loss: 0.6057 Accuracy Train: 67.519%
Epoch: 18 Batch:  81 Loss: 0.5918 Accuracy Train: 67.494%
Epoch: 18 Batch:  91 Loss: 0.5878 Accuracy Train: 67.527%
Epoch: 18 Batch: 101 Loss: 0.6072 Accuracy Train: 67.495%
Epoch: 18 Batch: 111 Loss: 0.6014 Accuracy Train: 67.503%
Epoch: 18 Batch: 121 Loss: 0.5869 Accuracy Train: 67.521%
Epoch: 18 Batch: 131 Loss: 0.5862 Accuracy Train: 67.517%
Epoch: 18 Batch: 141 Loss: 0.5973 Accuracy Train: 67.516%
Epoch: 18 Batch: 151 Loss: 0.6002 Accuracy Train: 67.497%
Epoch: 18 Batch: 161 Loss: 0.5944 Accuracy Train: 67.486%
Epoch: 18 Batch: 171 Loss: 0.5858 Accuracy Train: 67.453%
Epoch: 18 Batch: 181 Loss: 0.5907 Accuracy Train: 67.441%
Epoch: 19 Batch:   1 Loss: 0.5807 Accuracy Train: 67.760%
Epoch: 19 Batch:  11 Loss: 0.5994 Accuracy Train: 67.496%
Epoch: 19 Batch:  21 Loss: 0.5778 Accuracy Train: 67.430%
Epoch: 19 Batch:  31 Loss: 0.5982 Accuracy Train: 67.359%
Epoch: 19 Batch:  41 Loss: 0.5951 Accuracy Train: 67.350%
Epoch: 19 Batch:  51 Loss: 0.5966 Accuracy Train: 67.378%
Epoch: 19 Batch:  61 Loss: 0.5774 Accuracy Train: 67.470%
Epoch: 19 Batch:  71 Loss: 0.5965 Accuracy Train: 67.474%
Epoch: 19 Batch:  81 Loss: 0.5921 Accuracy Train: 67.492%
Epoch: 19 Batch:  91 Loss: 0.5938 Accuracy Train: 67.477%
Epoch: 19 Batch: 101 Loss: 0.5888 Accuracy Train: 67.449%
Epoch: 19 Batch: 111 Loss: 0.5889 Accuracy Train: 67.458%
Epoch: 19 Batch: 121 Loss: 0.5925 Accuracy Train: 67.460%
Epoch: 19 Batch: 131 Loss: 0.5831 Accuracy Train: 67.477%
Epoch: 19 Batch: 141 Loss: 0.5854 Accuracy Train: 67.462%
Epoch: 19 Batch: 151 Loss: 0.5888 Accuracy Train: 67.465%
Epoch: 19 Batch: 161 Loss: 0.5846 Accuracy Train: 67.460%
Epoch: 19 Batch: 171 Loss: 0.6028 Accuracy Train: 67.463%
Epoch: 19 Batch: 181 Loss: 0.5923 Accuracy Train: 67.460%

Duration: 158 seconds
