Training DynNetGen(
  (layers): Sequential(
    (0): Sequential(
      (0): Conv2d(1, 32, kernel_size=(3, 3), stride=(1, 1))
      (1): BatchNorm2d(32, eps=1e-05, momentum=0.1, affine=True, track_running_stats=True)
      (2): ReLU()
    )
    (1): Sequential(
      (0): Flatten(start_dim=1, end_dim=-1)
      (1): Linear(in_features=288, out_features=2, bias=True)
    )
  )
) in cuda
=================================================================
Layer (type:depth-idx)                   Param #
=================================================================
DynNetGen                                --
├─Sequential: 1-1                        --
│    └─Sequential: 2-1                   --
│    │    └─Conv2d: 3-1                  320
│    │    └─BatchNorm2d: 3-2             64
│    │    └─ReLU: 3-3                    --
│    └─Sequential: 2-2                   --
│    │    └─Flatten: 3-4                 --
│    │    └─Linear: 3-5                  578
=================================================================
Total params: 962
Trainable params: 962
Non-trainable params: 0
=================================================================
Epoch:  0 Batch:   1 Loss: 0.7119 Accuracy Train: 51.480%
Epoch:  0 Batch:  11 Loss: 0.6301 Accuracy Train: 62.960%
Epoch:  0 Batch:  21 Loss: 0.5909 Accuracy Train: 65.430%
Epoch:  0 Batch:  31 Loss: 0.5611 Accuracy Train: 67.170%
Epoch:  0 Batch:  41 Loss: 0.5545 Accuracy Train: 68.625%
Epoch:  0 Batch:  51 Loss: 0.5455 Accuracy Train: 69.456%
Epoch:  0 Batch:  61 Loss: 0.5368 Accuracy Train: 70.032%
Epoch:  0 Batch:  71 Loss: 0.5407 Accuracy Train: 70.395%
Epoch:  0 Batch:  81 Loss: 0.5333 Accuracy Train: 70.696%
Epoch:  1 Batch:   1 Loss: 0.5304 Accuracy Train: 73.840%
Epoch:  1 Batch:  11 Loss: 0.5394 Accuracy Train: 73.087%
Epoch:  1 Batch:  21 Loss: 0.5316 Accuracy Train: 73.206%
Epoch:  1 Batch:  31 Loss: 0.5370 Accuracy Train: 73.124%
Epoch:  1 Batch:  41 Loss: 0.5476 Accuracy Train: 72.940%
Epoch:  1 Batch:  51 Loss: 0.5353 Accuracy Train: 72.945%
Epoch:  1 Batch:  61 Loss: 0.5262 Accuracy Train: 72.987%
Epoch:  1 Batch:  71 Loss: 0.5355 Accuracy Train: 72.966%
Epoch:  1 Batch:  81 Loss: 0.5221 Accuracy Train: 73.020%
Epoch:  2 Batch:   1 Loss: 0.5389 Accuracy Train: 72.220%
Epoch:  2 Batch:  11 Loss: 0.5189 Accuracy Train: 73.211%
Epoch:  2 Batch:  21 Loss: 0.5293 Accuracy Train: 73.253%
Epoch:  2 Batch:  31 Loss: 0.5356 Accuracy Train: 73.223%
Epoch:  2 Batch:  41 Loss: 0.5346 Accuracy Train: 73.125%
Epoch:  2 Batch:  51 Loss: 0.5320 Accuracy Train: 73.144%
Epoch:  2 Batch:  61 Loss: 0.5299 Accuracy Train: 73.125%
Epoch:  2 Batch:  71 Loss: 0.5360 Accuracy Train: 73.078%
Epoch:  2 Batch:  81 Loss: 0.5242 Accuracy Train: 73.071%
Epoch:  3 Batch:   1 Loss: 0.5231 Accuracy Train: 73.500%
Epoch:  3 Batch:  11 Loss: 0.5336 Accuracy Train: 73.015%
Epoch:  3 Batch:  21 Loss: 0.5306 Accuracy Train: 73.130%
Epoch:  3 Batch:  31 Loss: 0.5375 Accuracy Train: 73.127%
Epoch:  3 Batch:  41 Loss: 0.5390 Accuracy Train: 73.118%
Epoch:  3 Batch:  51 Loss: 0.5288 Accuracy Train: 73.090%
Epoch:  3 Batch:  61 Loss: 0.5372 Accuracy Train: 73.089%
Epoch:  3 Batch:  71 Loss: 0.5364 Accuracy Train: 73.108%
Epoch:  3 Batch:  81 Loss: 0.5385 Accuracy Train: 73.099%
Epoch:  4 Batch:   1 Loss: 0.5368 Accuracy Train: 72.520%
Epoch:  4 Batch:  11 Loss: 0.5328 Accuracy Train: 73.109%
Epoch:  4 Batch:  21 Loss: 0.5346 Accuracy Train: 73.176%
Epoch:  4 Batch:  31 Loss: 0.5224 Accuracy Train: 73.201%
Epoch:  4 Batch:  41 Loss: 0.5433 Accuracy Train: 73.143%
Epoch:  4 Batch:  51 Loss: 0.5358 Accuracy Train: 73.206%
Epoch:  4 Batch:  61 Loss: 0.5238 Accuracy Train: 73.190%
Epoch:  4 Batch:  71 Loss: 0.5279 Accuracy Train: 73.193%
Epoch:  4 Batch:  81 Loss: 0.5304 Accuracy Train: 73.144%
Epoch:  5 Batch:   1 Loss: 0.5435 Accuracy Train: 72.240%
Epoch:  5 Batch:  11 Loss: 0.5336 Accuracy Train: 73.256%
Epoch:  5 Batch:  21 Loss: 0.5352 Accuracy Train: 73.072%
Epoch:  5 Batch:  31 Loss: 0.5286 Accuracy Train: 73.026%
Epoch:  5 Batch:  41 Loss: 0.5257 Accuracy Train: 73.064%
Epoch:  5 Batch:  51 Loss: 0.5231 Accuracy Train: 73.119%
Epoch:  5 Batch:  61 Loss: 0.5362 Accuracy Train: 73.114%
Epoch:  5 Batch:  71 Loss: 0.5439 Accuracy Train: 73.162%
Epoch:  5 Batch:  81 Loss: 0.5293 Accuracy Train: 73.160%
Epoch:  6 Batch:   1 Loss: 0.5247 Accuracy Train: 74.300%
Epoch:  6 Batch:  11 Loss: 0.5273 Accuracy Train: 73.038%
Epoch:  6 Batch:  21 Loss: 0.5407 Accuracy Train: 72.949%
Epoch:  6 Batch:  31 Loss: 0.5295 Accuracy Train: 73.004%
Epoch:  6 Batch:  41 Loss: 0.5291 Accuracy Train: 73.094%
Epoch:  6 Batch:  51 Loss: 0.5366 Accuracy Train: 73.134%
Epoch:  6 Batch:  61 Loss: 0.5392 Accuracy Train: 73.134%
Epoch:  6 Batch:  71 Loss: 0.5274 Accuracy Train: 73.107%
Epoch:  6 Batch:  81 Loss: 0.5191 Accuracy Train: 73.114%
Epoch:  7 Batch:   1 Loss: 0.5266 Accuracy Train: 73.460%
Epoch:  7 Batch:  11 Loss: 0.5482 Accuracy Train: 73.193%
Epoch:  7 Batch:  21 Loss: 0.5252 Accuracy Train: 73.155%
Epoch:  7 Batch:  31 Loss: 0.5320 Accuracy Train: 73.199%
Epoch:  7 Batch:  41 Loss: 0.5347 Accuracy Train: 73.257%
Epoch:  7 Batch:  51 Loss: 0.5395 Accuracy Train: 73.261%
Epoch:  7 Batch:  61 Loss: 0.5393 Accuracy Train: 73.263%
Epoch:  7 Batch:  71 Loss: 0.5352 Accuracy Train: 73.203%
Epoch:  7 Batch:  81 Loss: 0.5312 Accuracy Train: 73.204%
Epoch:  8 Batch:   1 Loss: 0.5419 Accuracy Train: 73.500%
Epoch:  8 Batch:  11 Loss: 0.5302 Accuracy Train: 73.431%
Epoch:  8 Batch:  21 Loss: 0.5276 Accuracy Train: 73.287%
Epoch:  8 Batch:  31 Loss: 0.5370 Accuracy Train: 73.241%
Epoch:  8 Batch:  41 Loss: 0.5296 Accuracy Train: 73.220%
Epoch:  8 Batch:  51 Loss: 0.5243 Accuracy Train: 73.189%
Epoch:  8 Batch:  61 Loss: 0.5206 Accuracy Train: 73.188%
Epoch:  8 Batch:  71 Loss: 0.5511 Accuracy Train: 73.176%
Epoch:  8 Batch:  81 Loss: 0.5347 Accuracy Train: 73.190%
Epoch:  9 Batch:   1 Loss: 0.5145 Accuracy Train: 73.060%
Epoch:  9 Batch:  11 Loss: 0.5269 Accuracy Train: 73.305%
Epoch:  9 Batch:  21 Loss: 0.5203 Accuracy Train: 73.118%
Epoch:  9 Batch:  31 Loss: 0.5320 Accuracy Train: 73.099%
Epoch:  9 Batch:  41 Loss: 0.5335 Accuracy Train: 73.080%
Epoch:  9 Batch:  51 Loss: 0.5229 Accuracy Train: 73.177%
Epoch:  9 Batch:  61 Loss: 0.5358 Accuracy Train: 73.176%
Epoch:  9 Batch:  71 Loss: 0.5298 Accuracy Train: 73.187%
Epoch:  9 Batch:  81 Loss: 0.5354 Accuracy Train: 73.189%
Epoch: 10 Batch:   1 Loss: 0.5300 Accuracy Train: 73.060%
Epoch: 10 Batch:  11 Loss: 0.5389 Accuracy Train: 73.165%
Epoch: 10 Batch:  21 Loss: 0.5193 Accuracy Train: 73.318%
Epoch: 10 Batch:  31 Loss: 0.5308 Accuracy Train: 73.259%
Epoch: 10 Batch:  41 Loss: 0.5282 Accuracy Train: 73.168%
Epoch: 10 Batch:  51 Loss: 0.5333 Accuracy Train: 73.198%
Epoch: 10 Batch:  61 Loss: 0.5197 Accuracy Train: 73.184%
Epoch: 10 Batch:  71 Loss: 0.5336 Accuracy Train: 73.244%
Epoch: 10 Batch:  81 Loss: 0.5289 Accuracy Train: 73.249%
Epoch: 11 Batch:   1 Loss: 0.5421 Accuracy Train: 72.900%
Epoch: 11 Batch:  11 Loss: 0.5230 Accuracy Train: 72.956%
Epoch: 11 Batch:  21 Loss: 0.5277 Accuracy Train: 73.121%
Epoch: 11 Batch:  31 Loss: 0.5394 Accuracy Train: 73.102%
Epoch: 11 Batch:  41 Loss: 0.5129 Accuracy Train: 73.116%
Epoch: 11 Batch:  51 Loss: 0.5201 Accuracy Train: 73.111%
Epoch: 11 Batch:  61 Loss: 0.5368 Accuracy Train: 73.142%
Epoch: 11 Batch:  71 Loss: 0.5195 Accuracy Train: 73.152%
Epoch: 11 Batch:  81 Loss: 0.5464 Accuracy Train: 73.132%
Epoch: 12 Batch:   1 Loss: 0.5360 Accuracy Train: 72.820%
Epoch: 12 Batch:  11 Loss: 0.5368 Accuracy Train: 72.864%
Epoch: 12 Batch:  21 Loss: 0.5343 Accuracy Train: 72.591%
Epoch: 12 Batch:  31 Loss: 0.5296 Accuracy Train: 72.729%
Epoch: 12 Batch:  41 Loss: 0.5122 Accuracy Train: 72.864%
Epoch: 12 Batch:  51 Loss: 0.5235 Accuracy Train: 72.918%
Epoch: 12 Batch:  61 Loss: 0.5201 Accuracy Train: 73.054%
Epoch: 12 Batch:  71 Loss: 0.5338 Accuracy Train: 73.147%
Epoch: 12 Batch:  81 Loss: 0.5263 Accuracy Train: 73.158%
Epoch: 13 Batch:   1 Loss: 0.5206 Accuracy Train: 72.880%
Epoch: 13 Batch:  11 Loss: 0.5296 Accuracy Train: 73.104%
Epoch: 13 Batch:  21 Loss: 0.5373 Accuracy Train: 73.139%
Epoch: 13 Batch:  31 Loss: 0.5251 Accuracy Train: 72.788%
Epoch: 13 Batch:  41 Loss: 0.5188 Accuracy Train: 72.911%
Epoch: 13 Batch:  51 Loss: 0.5214 Accuracy Train: 72.949%
Epoch: 13 Batch:  61 Loss: 0.5181 Accuracy Train: 72.991%
Epoch: 13 Batch:  71 Loss: 0.5334 Accuracy Train: 73.019%
Epoch: 13 Batch:  81 Loss: 0.5406 Accuracy Train: 73.019%
Epoch: 14 Batch:   1 Loss: 0.5275 Accuracy Train: 73.320%
Epoch: 14 Batch:  11 Loss: 0.5158 Accuracy Train: 73.422%
Epoch: 14 Batch:  21 Loss: 0.5280 Accuracy Train: 73.311%
Epoch: 14 Batch:  31 Loss: 0.5305 Accuracy Train: 73.312%
Epoch: 14 Batch:  41 Loss: 0.5227 Accuracy Train: 73.320%
Epoch: 14 Batch:  51 Loss: 0.5236 Accuracy Train: 73.305%
Epoch: 14 Batch:  61 Loss: 0.5188 Accuracy Train: 73.244%
Epoch: 14 Batch:  71 Loss: 0.5315 Accuracy Train: 73.256%
Epoch: 14 Batch:  81 Loss: 0.5185 Accuracy Train: 73.271%
Epoch: 15 Batch:   1 Loss: 0.5169 Accuracy Train: 73.560%
Epoch: 15 Batch:  11 Loss: 0.5185 Accuracy Train: 73.231%
Epoch: 15 Batch:  21 Loss: 0.5052 Accuracy Train: 73.350%
Epoch: 15 Batch:  31 Loss: 0.5233 Accuracy Train: 73.398%
Epoch: 15 Batch:  41 Loss: 0.5251 Accuracy Train: 73.382%
Epoch: 15 Batch:  51 Loss: 0.5253 Accuracy Train: 73.381%
Epoch: 15 Batch:  61 Loss: 0.5245 Accuracy Train: 73.384%
Epoch: 15 Batch:  71 Loss: 0.5308 Accuracy Train: 73.381%
Epoch: 15 Batch:  81 Loss: 0.5266 Accuracy Train: 73.285%
Epoch: 16 Batch:   1 Loss: 0.5252 Accuracy Train: 73.580%
Epoch: 16 Batch:  11 Loss: 0.5158 Accuracy Train: 73.200%
Epoch: 16 Batch:  21 Loss: 0.5274 Accuracy Train: 73.167%
Epoch: 16 Batch:  31 Loss: 0.5335 Accuracy Train: 73.222%
Epoch: 16 Batch:  41 Loss: 0.5186 Accuracy Train: 73.288%
Epoch: 16 Batch:  51 Loss: 0.5181 Accuracy Train: 73.265%
Epoch: 16 Batch:  61 Loss: 0.5392 Accuracy Train: 73.235%
Epoch: 16 Batch:  71 Loss: 0.5395 Accuracy Train: 73.201%
Epoch: 16 Batch:  81 Loss: 0.5154 Accuracy Train: 73.156%
Epoch: 17 Batch:   1 Loss: 0.5252 Accuracy Train: 72.520%
Epoch: 17 Batch:  11 Loss: 0.5335 Accuracy Train: 73.107%
Epoch: 17 Batch:  21 Loss: 0.5182 Accuracy Train: 73.288%
Epoch: 17 Batch:  31 Loss: 0.5198 Accuracy Train: 73.290%
Epoch: 17 Batch:  41 Loss: 0.5232 Accuracy Train: 73.300%
Epoch: 17 Batch:  51 Loss: 0.5270 Accuracy Train: 73.306%
Epoch: 17 Batch:  61 Loss: 0.5238 Accuracy Train: 73.282%
Epoch: 17 Batch:  71 Loss: 0.5150 Accuracy Train: 73.276%
Epoch: 17 Batch:  81 Loss: 0.5129 Accuracy Train: 73.293%
Epoch: 18 Batch:   1 Loss: 0.5329 Accuracy Train: 72.380%
Epoch: 18 Batch:  11 Loss: 0.5186 Accuracy Train: 73.545%
Epoch: 18 Batch:  21 Loss: 0.5285 Accuracy Train: 73.498%
Epoch: 18 Batch:  31 Loss: 0.5251 Accuracy Train: 73.553%
Epoch: 18 Batch:  41 Loss: 0.5158 Accuracy Train: 73.557%
Epoch: 18 Batch:  51 Loss: 0.5375 Accuracy Train: 73.480%
Epoch: 18 Batch:  61 Loss: 0.5103 Accuracy Train: 73.425%
Epoch: 18 Batch:  71 Loss: 0.5086 Accuracy Train: 73.397%
Epoch: 18 Batch:  81 Loss: 0.5244 Accuracy Train: 73.377%
Epoch: 19 Batch:   1 Loss: 0.5243 Accuracy Train: 72.420%
Epoch: 19 Batch:  11 Loss: 0.5292 Accuracy Train: 73.256%
Epoch: 19 Batch:  21 Loss: 0.5302 Accuracy Train: 73.312%
Epoch: 19 Batch:  31 Loss: 0.5255 Accuracy Train: 73.264%
Epoch: 19 Batch:  41 Loss: 0.5167 Accuracy Train: 73.340%
Epoch: 19 Batch:  51 Loss: 0.5261 Accuracy Train: 73.404%
Epoch: 19 Batch:  61 Loss: 0.5226 Accuracy Train: 73.398%
Epoch: 19 Batch:  71 Loss: 0.5274 Accuracy Train: 73.387%
Epoch: 19 Batch:  81 Loss: 0.5296 Accuracy Train: 73.290%

Duration: 77 seconds
