Training DynNetGen(
  (layers): Sequential(
    (0): Sequential(
      (0): Conv2d(1, 32, kernel_size=(3, 3), stride=(1, 1))
      (1): BatchNorm2d(32, eps=1e-05, momentum=0.1, affine=True, track_running_stats=True)
      (2): ReLU()
    )
    (1): Sequential(
      (0): Flatten(start_dim=1, end_dim=-1)
      (1): Linear(in_features=128, out_features=2, bias=True)
    )
  )
) in cuda
=================================================================
Layer (type:depth-idx)                   Param #
=================================================================
DynNetGen                                --
├─Sequential: 1-1                        --
│    └─Sequential: 2-1                   --
│    │    └─Conv2d: 3-1                  320
│    │    └─BatchNorm2d: 3-2             64
│    │    └─ReLU: 3-3                    --
│    └─Sequential: 2-2                   --
│    │    └─Flatten: 3-4                 --
│    │    └─Linear: 3-5                  258
=================================================================
Total params: 642
Trainable params: 642
Non-trainable params: 0
=================================================================
Epoch:  0 Batch:   1 Loss: 0.6353 Accuracy Train: 51.200%
Epoch:  0 Batch:  11 Loss: 0.3088 Accuracy Train: 82.002%
Epoch:  0 Batch:  21 Loss: 0.2851 Accuracy Train: 83.150%
Epoch:  0 Batch:  31 Loss: 0.2601 Accuracy Train: 84.033%
Epoch:  0 Batch:  41 Loss: 0.2491 Accuracy Train: 84.900%
Epoch:  1 Batch:   1 Loss: 0.2440 Accuracy Train: 89.380%
Epoch:  1 Batch:  11 Loss: 0.2398 Accuracy Train: 89.695%
Epoch:  1 Batch:  21 Loss: 0.2361 Accuracy Train: 89.659%
Epoch:  1 Batch:  31 Loss: 0.2116 Accuracy Train: 89.683%
Epoch:  1 Batch:  41 Loss: 0.1985 Accuracy Train: 89.721%
Epoch:  2 Batch:   1 Loss: 0.2076 Accuracy Train: 90.240%
Epoch:  2 Batch:  11 Loss: 0.2083 Accuracy Train: 89.631%
Epoch:  2 Batch:  21 Loss: 0.2117 Accuracy Train: 89.778%
Epoch:  2 Batch:  31 Loss: 0.2005 Accuracy Train: 89.808%
Epoch:  2 Batch:  41 Loss: 0.2025 Accuracy Train: 89.857%
Epoch:  3 Batch:   1 Loss: 0.2034 Accuracy Train: 90.000%
Epoch:  3 Batch:  11 Loss: 0.1941 Accuracy Train: 90.027%
Epoch:  3 Batch:  21 Loss: 0.2000 Accuracy Train: 90.099%
Epoch:  3 Batch:  31 Loss: 0.2054 Accuracy Train: 90.072%
Epoch:  3 Batch:  41 Loss: 0.1952 Accuracy Train: 90.174%
Epoch:  4 Batch:   1 Loss: 0.1996 Accuracy Train: 90.080%
Epoch:  4 Batch:  11 Loss: 0.1945 Accuracy Train: 90.660%
Epoch:  4 Batch:  21 Loss: 0.2033 Accuracy Train: 90.430%
Epoch:  4 Batch:  31 Loss: 0.1902 Accuracy Train: 90.379%
Epoch:  4 Batch:  41 Loss: 0.2071 Accuracy Train: 90.388%
Epoch:  5 Batch:   1 Loss: 0.2115 Accuracy Train: 89.720%
Epoch:  5 Batch:  11 Loss: 0.2028 Accuracy Train: 90.335%
Epoch:  5 Batch:  21 Loss: 0.2054 Accuracy Train: 90.464%
Epoch:  5 Batch:  31 Loss: 0.1891 Accuracy Train: 90.452%
Epoch:  5 Batch:  41 Loss: 0.1933 Accuracy Train: 90.317%
Epoch:  6 Batch:   1 Loss: 0.1928 Accuracy Train: 90.280%
Epoch:  6 Batch:  11 Loss: 0.1896 Accuracy Train: 90.033%
Epoch:  6 Batch:  21 Loss: 0.1956 Accuracy Train: 90.099%
Epoch:  6 Batch:  31 Loss: 0.1931 Accuracy Train: 90.023%
Epoch:  6 Batch:  41 Loss: 0.1860 Accuracy Train: 90.059%
Epoch:  7 Batch:   1 Loss: 0.2058 Accuracy Train: 89.800%
Epoch:  7 Batch:  11 Loss: 0.1962 Accuracy Train: 90.320%
Epoch:  7 Batch:  21 Loss: 0.1957 Accuracy Train: 90.204%
Epoch:  7 Batch:  31 Loss: 0.1879 Accuracy Train: 90.227%
Epoch:  7 Batch:  41 Loss: 0.1977 Accuracy Train: 90.279%
Epoch:  8 Batch:   1 Loss: 0.1929 Accuracy Train: 89.840%
Epoch:  8 Batch:  11 Loss: 0.1922 Accuracy Train: 90.438%
Epoch:  8 Batch:  21 Loss: 0.1880 Accuracy Train: 90.454%
Epoch:  8 Batch:  31 Loss: 0.1863 Accuracy Train: 90.407%
Epoch:  8 Batch:  41 Loss: 0.1828 Accuracy Train: 90.560%
Epoch:  9 Batch:   1 Loss: 0.1846 Accuracy Train: 92.500%
Epoch:  9 Batch:  11 Loss: 0.1877 Accuracy Train: 90.495%
Epoch:  9 Batch:  21 Loss: 0.1895 Accuracy Train: 90.381%
Epoch:  9 Batch:  31 Loss: 0.1923 Accuracy Train: 90.663%
Epoch:  9 Batch:  41 Loss: 0.1796 Accuracy Train: 90.710%
Epoch: 10 Batch:   1 Loss: 0.1817 Accuracy Train: 90.280%
Epoch: 10 Batch:  11 Loss: 0.1804 Accuracy Train: 91.340%
Epoch: 10 Batch:  21 Loss: 0.1987 Accuracy Train: 91.030%
Epoch: 10 Batch:  31 Loss: 0.1842 Accuracy Train: 90.901%
Epoch: 10 Batch:  41 Loss: 0.1967 Accuracy Train: 90.939%
Epoch: 11 Batch:   1 Loss: 0.1872 Accuracy Train: 92.060%
Epoch: 11 Batch:  11 Loss: 0.1833 Accuracy Train: 91.202%
Epoch: 11 Batch:  21 Loss: 0.1805 Accuracy Train: 91.480%
Epoch: 11 Batch:  31 Loss: 0.1859 Accuracy Train: 91.421%
Epoch: 11 Batch:  41 Loss: 0.1815 Accuracy Train: 91.299%
Epoch: 12 Batch:   1 Loss: 0.1767 Accuracy Train: 92.860%
Epoch: 12 Batch:  11 Loss: 0.1913 Accuracy Train: 91.455%
Epoch: 12 Batch:  21 Loss: 0.1866 Accuracy Train: 91.483%
Epoch: 12 Batch:  31 Loss: 0.1820 Accuracy Train: 91.388%
Epoch: 12 Batch:  41 Loss: 0.1738 Accuracy Train: 91.437%
Epoch: 13 Batch:   1 Loss: 0.1712 Accuracy Train: 92.500%
Epoch: 13 Batch:  11 Loss: 0.1769 Accuracy Train: 91.933%
Epoch: 13 Batch:  21 Loss: 0.1824 Accuracy Train: 91.893%
Epoch: 13 Batch:  31 Loss: 0.1748 Accuracy Train: 91.783%
Epoch: 13 Batch:  41 Loss: 0.1724 Accuracy Train: 91.579%
Epoch: 14 Batch:   1 Loss: 0.1688 Accuracy Train: 92.880%
Epoch: 14 Batch:  11 Loss: 0.1698 Accuracy Train: 91.938%
Epoch: 14 Batch:  21 Loss: 0.1752 Accuracy Train: 91.940%
Epoch: 14 Batch:  31 Loss: 0.1780 Accuracy Train: 91.886%
Epoch: 14 Batch:  41 Loss: 0.1823 Accuracy Train: 91.888%
Epoch: 15 Batch:   1 Loss: 0.1840 Accuracy Train: 91.720%
Epoch: 15 Batch:  11 Loss: 0.1815 Accuracy Train: 92.293%
Epoch: 15 Batch:  21 Loss: 0.1689 Accuracy Train: 92.282%
Epoch: 15 Batch:  31 Loss: 0.1714 Accuracy Train: 92.264%
Epoch: 15 Batch:  41 Loss: 0.1679 Accuracy Train: 92.293%
Epoch: 16 Batch:   1 Loss: 0.1749 Accuracy Train: 92.320%
Epoch: 16 Batch:  11 Loss: 0.1760 Accuracy Train: 92.393%
Epoch: 16 Batch:  21 Loss: 0.1806 Accuracy Train: 92.315%
Epoch: 16 Batch:  31 Loss: 0.1779 Accuracy Train: 92.230%
Epoch: 16 Batch:  41 Loss: 0.1627 Accuracy Train: 91.898%
Epoch: 17 Batch:   1 Loss: 0.1723 Accuracy Train: 92.640%
Epoch: 17 Batch:  11 Loss: 0.1756 Accuracy Train: 91.765%
Epoch: 17 Batch:  21 Loss: 0.1682 Accuracy Train: 91.772%
Epoch: 17 Batch:  31 Loss: 0.1795 Accuracy Train: 92.018%
Epoch: 17 Batch:  41 Loss: 0.1551 Accuracy Train: 92.215%
Epoch: 18 Batch:   1 Loss: 0.1713 Accuracy Train: 92.440%
Epoch: 18 Batch:  11 Loss: 0.1702 Accuracy Train: 92.384%
Epoch: 18 Batch:  21 Loss: 0.1759 Accuracy Train: 92.577%
Epoch: 18 Batch:  31 Loss: 0.1724 Accuracy Train: 92.490%
Epoch: 18 Batch:  41 Loss: 0.1551 Accuracy Train: 92.589%
Epoch: 19 Batch:   1 Loss: 0.1667 Accuracy Train: 92.480%
Epoch: 19 Batch:  11 Loss: 0.1683 Accuracy Train: 92.735%
Epoch: 19 Batch:  21 Loss: 0.1676 Accuracy Train: 92.623%
Epoch: 19 Batch:  31 Loss: 0.1722 Accuracy Train: 92.571%
Epoch: 19 Batch:  41 Loss: 0.1716 Accuracy Train: 92.591%

Duration: 53 seconds
