Training DynNetGen(
  (layers): Sequential(
    (0): Sequential(
      (0): Conv2d(1, 32, kernel_size=(3, 3), stride=(1, 1))
      (1): BatchNorm2d(32, eps=1e-05, momentum=0.1, affine=True, track_running_stats=True)
      (2): ReLU()
    )
    (1): Sequential(
      (0): Flatten(start_dim=1, end_dim=-1)
      (1): Linear(in_features=128, out_features=2, bias=True)
    )
  )
) in cuda
=================================================================
Layer (type:depth-idx)                   Param #
=================================================================
DynNetGen                                --
├─Sequential: 1-1                        --
│    └─Sequential: 2-1                   --
│    │    └─Conv2d: 3-1                  320
│    │    └─BatchNorm2d: 3-2             64
│    │    └─ReLU: 3-3                    --
│    └─Sequential: 2-2                   --
│    │    └─Flatten: 3-4                 --
│    │    └─Linear: 3-5                  258
=================================================================
Total params: 642
Trainable params: 642
Non-trainable params: 0
=================================================================
Epoch:  0 Batch:   1 Loss: 0.6626 Accuracy Train: 37.900%
Epoch:  0 Batch:  11 Loss: 0.2667 Accuracy Train: 85.845%
Epoch:  0 Batch:  21 Loss: 0.2466 Accuracy Train: 87.890%
Epoch:  0 Batch:  31 Loss: 0.2312 Accuracy Train: 88.812%
Epoch:  0 Batch:  41 Loss: 0.2148 Accuracy Train: 89.351%
Epoch:  0 Batch:  51 Loss: 0.2218 Accuracy Train: 89.678%
Epoch:  0 Batch:  61 Loss: 0.2236 Accuracy Train: 89.870%
Epoch:  0 Batch:  71 Loss: 0.2208 Accuracy Train: 90.058%
Epoch:  0 Batch:  81 Loss: 0.2111 Accuracy Train: 90.159%
Epoch:  0 Batch:  91 Loss: 0.2118 Accuracy Train: 90.304%
Epoch:  0 Batch: 101 Loss: 0.2330 Accuracy Train: 90.360%
Epoch:  1 Batch:   1 Loss: 0.2163 Accuracy Train: 91.680%
Epoch:  1 Batch:  11 Loss: 0.2191 Accuracy Train: 91.447%
Epoch:  1 Batch:  21 Loss: 0.2203 Accuracy Train: 91.315%
Epoch:  1 Batch:  31 Loss: 0.2107 Accuracy Train: 91.346%
Epoch:  1 Batch:  41 Loss: 0.2160 Accuracy Train: 91.242%
Epoch:  1 Batch:  51 Loss: 0.2111 Accuracy Train: 91.243%
Epoch:  1 Batch:  61 Loss: 0.2031 Accuracy Train: 91.249%
Epoch:  1 Batch:  71 Loss: 0.2043 Accuracy Train: 91.252%
Epoch:  1 Batch:  81 Loss: 0.1958 Accuracy Train: 91.222%
Epoch:  1 Batch:  91 Loss: 0.2116 Accuracy Train: 91.236%
Epoch:  1 Batch: 101 Loss: 0.2043 Accuracy Train: 91.221%
Epoch:  2 Batch:   1 Loss: 0.2110 Accuracy Train: 91.980%
Epoch:  2 Batch:  11 Loss: 0.2233 Accuracy Train: 91.089%
Epoch:  2 Batch:  21 Loss: 0.2089 Accuracy Train: 91.006%
Epoch:  2 Batch:  31 Loss: 0.2096 Accuracy Train: 91.021%
Epoch:  2 Batch:  41 Loss: 0.2011 Accuracy Train: 91.095%
Epoch:  2 Batch:  51 Loss: 0.2135 Accuracy Train: 91.023%
Epoch:  2 Batch:  61 Loss: 0.2181 Accuracy Train: 91.059%
Epoch:  2 Batch:  71 Loss: 0.1886 Accuracy Train: 91.112%
Epoch:  2 Batch:  81 Loss: 0.2180 Accuracy Train: 91.133%
Epoch:  2 Batch:  91 Loss: 0.2105 Accuracy Train: 91.113%
Epoch:  2 Batch: 101 Loss: 0.2136 Accuracy Train: 91.101%
Epoch:  3 Batch:   1 Loss: 0.2094 Accuracy Train: 91.160%
Epoch:  3 Batch:  11 Loss: 0.2193 Accuracy Train: 91.256%
Epoch:  3 Batch:  21 Loss: 0.2143 Accuracy Train: 91.203%
Epoch:  3 Batch:  31 Loss: 0.1983 Accuracy Train: 91.234%
Epoch:  3 Batch:  41 Loss: 0.2178 Accuracy Train: 91.226%
Epoch:  3 Batch:  51 Loss: 0.1957 Accuracy Train: 91.218%
Epoch:  3 Batch:  61 Loss: 0.2196 Accuracy Train: 91.241%
Epoch:  3 Batch:  71 Loss: 0.2070 Accuracy Train: 91.193%
Epoch:  3 Batch:  81 Loss: 0.1992 Accuracy Train: 91.193%
Epoch:  3 Batch:  91 Loss: 0.2088 Accuracy Train: 91.247%
Epoch:  3 Batch: 101 Loss: 0.2093 Accuracy Train: 91.232%
Epoch:  4 Batch:   1 Loss: 0.1934 Accuracy Train: 92.260%
Epoch:  4 Batch:  11 Loss: 0.1861 Accuracy Train: 91.680%
Epoch:  4 Batch:  21 Loss: 0.2126 Accuracy Train: 91.546%
Epoch:  4 Batch:  31 Loss: 0.2074 Accuracy Train: 91.545%
Epoch:  4 Batch:  41 Loss: 0.1946 Accuracy Train: 91.623%
Epoch:  4 Batch:  51 Loss: 0.1952 Accuracy Train: 91.517%
Epoch:  4 Batch:  61 Loss: 0.2072 Accuracy Train: 91.520%
Epoch:  4 Batch:  71 Loss: 0.2184 Accuracy Train: 91.510%
Epoch:  4 Batch:  81 Loss: 0.2066 Accuracy Train: 91.533%
Epoch:  4 Batch:  91 Loss: 0.2128 Accuracy Train: 91.533%
Epoch:  4 Batch: 101 Loss: 0.1977 Accuracy Train: 91.566%
Epoch:  5 Batch:   1 Loss: 0.2086 Accuracy Train: 91.440%
Epoch:  5 Batch:  11 Loss: 0.2129 Accuracy Train: 91.711%
Epoch:  5 Batch:  21 Loss: 0.2115 Accuracy Train: 91.845%
Epoch:  5 Batch:  31 Loss: 0.2033 Accuracy Train: 91.907%
Epoch:  5 Batch:  41 Loss: 0.2025 Accuracy Train: 91.900%
Epoch:  5 Batch:  51 Loss: 0.2126 Accuracy Train: 91.885%
Epoch:  5 Batch:  61 Loss: 0.2090 Accuracy Train: 91.890%
Epoch:  5 Batch:  71 Loss: 0.2007 Accuracy Train: 91.899%
Epoch:  5 Batch:  81 Loss: 0.2081 Accuracy Train: 91.889%
Epoch:  5 Batch:  91 Loss: 0.1987 Accuracy Train: 91.935%
Epoch:  5 Batch: 101 Loss: 0.2046 Accuracy Train: 91.907%
Epoch:  6 Batch:   1 Loss: 0.2006 Accuracy Train: 91.820%
Epoch:  6 Batch:  11 Loss: 0.2061 Accuracy Train: 92.125%
Epoch:  6 Batch:  21 Loss: 0.2052 Accuracy Train: 92.117%
Epoch:  6 Batch:  31 Loss: 0.2142 Accuracy Train: 92.168%
Epoch:  6 Batch:  41 Loss: 0.2016 Accuracy Train: 92.149%
Epoch:  6 Batch:  51 Loss: 0.1999 Accuracy Train: 92.118%
Epoch:  6 Batch:  61 Loss: 0.2006 Accuracy Train: 92.172%
Epoch:  6 Batch:  71 Loss: 0.1973 Accuracy Train: 92.124%
Epoch:  6 Batch:  81 Loss: 0.2074 Accuracy Train: 92.166%
Epoch:  6 Batch:  91 Loss: 0.1989 Accuracy Train: 92.123%
Epoch:  6 Batch: 101 Loss: 0.2043 Accuracy Train: 92.163%
Epoch:  7 Batch:   1 Loss: 0.2069 Accuracy Train: 92.260%
Epoch:  7 Batch:  11 Loss: 0.2030 Accuracy Train: 92.758%
Epoch:  7 Batch:  21 Loss: 0.2087 Accuracy Train: 92.702%
Epoch:  7 Batch:  31 Loss: 0.2082 Accuracy Train: 92.546%
Epoch:  7 Batch:  41 Loss: 0.1972 Accuracy Train: 92.500%
Epoch:  7 Batch:  51 Loss: 0.2145 Accuracy Train: 92.460%
Epoch:  7 Batch:  61 Loss: 0.2031 Accuracy Train: 92.464%
Epoch:  7 Batch:  71 Loss: 0.2082 Accuracy Train: 92.411%
Epoch:  7 Batch:  81 Loss: 0.2032 Accuracy Train: 92.346%
Epoch:  7 Batch:  91 Loss: 0.2001 Accuracy Train: 92.404%
Epoch:  7 Batch: 101 Loss: 0.1962 Accuracy Train: 92.402%
Epoch:  8 Batch:   1 Loss: 0.1995 Accuracy Train: 92.440%
Epoch:  8 Batch:  11 Loss: 0.1860 Accuracy Train: 92.811%
Epoch:  8 Batch:  21 Loss: 0.2065 Accuracy Train: 92.645%
Epoch:  8 Batch:  31 Loss: 0.2030 Accuracy Train: 92.601%
Epoch:  8 Batch:  41 Loss: 0.2025 Accuracy Train: 92.538%
Epoch:  8 Batch:  51 Loss: 0.2101 Accuracy Train: 92.524%
Epoch:  8 Batch:  61 Loss: 0.1989 Accuracy Train: 92.568%
Epoch:  8 Batch:  71 Loss: 0.1952 Accuracy Train: 92.587%
Epoch:  8 Batch:  81 Loss: 0.2024 Accuracy Train: 92.575%
Epoch:  8 Batch:  91 Loss: 0.2023 Accuracy Train: 92.589%
