Training DynNetGen(
  (layers): Sequential(
    (0): Sequential(
      (0): Flatten(start_dim=1, end_dim=-1)
      (1): Linear(in_features=16, out_features=2, bias=True)
    )
  )
) in cuda
=================================================================
Layer (type:depth-idx)                   Param #
=================================================================
DynNetGen                                --
├─Sequential: 1-1                        --
│    └─Sequential: 2-1                   --
│    │    └─Flatten: 3-1                 --
│    │    └─Linear: 3-2                  34
=================================================================
Total params: 34
Trainable params: 34
Non-trainable params: 0
=================================================================
Epoch:  0 Batch:   1 Loss: 0.7574 Accuracy Train: 50.220%
Epoch:  0 Batch:  11 Loss: 0.6989 Accuracy Train: 48.593%
Epoch:  0 Batch:  21 Loss: 0.6665 Accuracy Train: 50.993%
Epoch:  0 Batch:  31 Loss: 0.6564 Accuracy Train: 52.580%
Epoch:  0 Batch:  41 Loss: 0.6478 Accuracy Train: 53.670%
Epoch:  0 Batch:  51 Loss: 0.6359 Accuracy Train: 54.441%
Epoch:  0 Batch:  61 Loss: 0.6316 Accuracy Train: 56.266%
Epoch:  0 Batch:  71 Loss: 0.6248 Accuracy Train: 57.646%
Epoch:  0 Batch:  81 Loss: 0.6332 Accuracy Train: 58.600%
Epoch:  0 Batch:  91 Loss: 0.6244 Accuracy Train: 59.404%
Epoch:  0 Batch: 101 Loss: 0.6227 Accuracy Train: 60.040%
Epoch:  0 Batch: 111 Loss: 0.6186 Accuracy Train: 60.570%
Epoch:  0 Batch: 121 Loss: 0.6165 Accuracy Train: 61.021%
Epoch:  0 Batch: 131 Loss: 0.6147 Accuracy Train: 61.381%
Epoch:  0 Batch: 141 Loss: 0.6159 Accuracy Train: 61.674%
Epoch:  0 Batch: 151 Loss: 0.6170 Accuracy Train: 61.947%
Epoch:  0 Batch: 161 Loss: 0.6135 Accuracy Train: 62.192%
Epoch:  0 Batch: 171 Loss: 0.6154 Accuracy Train: 62.383%
Epoch:  0 Batch: 181 Loss: 0.6086 Accuracy Train: 62.551%
Epoch:  1 Batch:   1 Loss: 0.6160 Accuracy Train: 65.000%
Epoch:  1 Batch:  11 Loss: 0.6119 Accuracy Train: 65.445%
Epoch:  1 Batch:  21 Loss: 0.6134 Accuracy Train: 65.556%
Epoch:  1 Batch:  31 Loss: 0.6270 Accuracy Train: 65.456%
Epoch:  1 Batch:  41 Loss: 0.6230 Accuracy Train: 65.333%
Epoch:  1 Batch:  51 Loss: 0.6218 Accuracy Train: 65.273%
Epoch:  1 Batch:  61 Loss: 0.6250 Accuracy Train: 65.314%
Epoch:  1 Batch:  71 Loss: 0.6135 Accuracy Train: 65.265%
Epoch:  1 Batch:  81 Loss: 0.6103 Accuracy Train: 65.344%
Epoch:  1 Batch:  91 Loss: 0.6110 Accuracy Train: 65.350%
Epoch:  1 Batch: 101 Loss: 0.6061 Accuracy Train: 65.326%
Epoch:  1 Batch: 111 Loss: 0.6179 Accuracy Train: 65.328%
Epoch:  1 Batch: 121 Loss: 0.6073 Accuracy Train: 65.362%
Epoch:  1 Batch: 131 Loss: 0.6229 Accuracy Train: 65.368%
Epoch:  1 Batch: 141 Loss: 0.6199 Accuracy Train: 65.405%
Epoch:  1 Batch: 151 Loss: 0.6091 Accuracy Train: 65.389%
Epoch:  1 Batch: 161 Loss: 0.6131 Accuracy Train: 65.397%
Epoch:  1 Batch: 171 Loss: 0.6112 Accuracy Train: 65.405%
Epoch:  1 Batch: 181 Loss: 0.6213 Accuracy Train: 65.391%
Epoch:  2 Batch:   1 Loss: 0.6185 Accuracy Train: 64.680%
Epoch:  2 Batch:  11 Loss: 0.6170 Accuracy Train: 65.295%
Epoch:  2 Batch:  21 Loss: 0.6223 Accuracy Train: 65.208%
Epoch:  2 Batch:  31 Loss: 0.6239 Accuracy Train: 65.214%
Epoch:  2 Batch:  41 Loss: 0.6050 Accuracy Train: 65.349%
Epoch:  2 Batch:  51 Loss: 0.6185 Accuracy Train: 65.337%
Epoch:  2 Batch:  61 Loss: 0.6234 Accuracy Train: 65.373%
Epoch:  2 Batch:  71 Loss: 0.6168 Accuracy Train: 65.406%
Epoch:  2 Batch:  81 Loss: 0.6180 Accuracy Train: 65.422%
Epoch:  2 Batch:  91 Loss: 0.6120 Accuracy Train: 65.453%
Epoch:  2 Batch: 101 Loss: 0.6137 Accuracy Train: 65.473%
Epoch:  2 Batch: 111 Loss: 0.6121 Accuracy Train: 65.439%
Epoch:  2 Batch: 121 Loss: 0.6099 Accuracy Train: 65.467%
Epoch:  2 Batch: 131 Loss: 0.6063 Accuracy Train: 65.503%
Epoch:  2 Batch: 141 Loss: 0.6108 Accuracy Train: 65.479%
Epoch:  2 Batch: 151 Loss: 0.6213 Accuracy Train: 65.460%
Epoch:  2 Batch: 161 Loss: 0.6076 Accuracy Train: 65.483%
Epoch:  2 Batch: 171 Loss: 0.6205 Accuracy Train: 65.471%
Epoch:  2 Batch: 181 Loss: 0.6168 Accuracy Train: 65.458%
Epoch:  3 Batch:   1 Loss: 0.6199 Accuracy Train: 65.840%
Epoch:  3 Batch:  11 Loss: 0.6167 Accuracy Train: 65.533%
Epoch:  3 Batch:  21 Loss: 0.6261 Accuracy Train: 65.547%
Epoch:  3 Batch:  31 Loss: 0.6084 Accuracy Train: 65.494%
Epoch:  3 Batch:  41 Loss: 0.6138 Accuracy Train: 65.482%
Epoch:  3 Batch:  51 Loss: 0.6214 Accuracy Train: 65.487%
Epoch:  3 Batch:  61 Loss: 0.6146 Accuracy Train: 65.467%
Epoch:  3 Batch:  71 Loss: 0.6223 Accuracy Train: 65.452%
Epoch:  3 Batch:  81 Loss: 0.6158 Accuracy Train: 65.509%
Epoch:  3 Batch:  91 Loss: 0.6183 Accuracy Train: 65.534%
Epoch:  3 Batch: 101 Loss: 0.6223 Accuracy Train: 65.532%
Epoch:  3 Batch: 111 Loss: 0.6151 Accuracy Train: 65.605%
Epoch:  3 Batch: 121 Loss: 0.6176 Accuracy Train: 65.590%
Epoch:  3 Batch: 131 Loss: 0.6290 Accuracy Train: 65.621%
Epoch:  3 Batch: 141 Loss: 0.6136 Accuracy Train: 65.605%
Epoch:  3 Batch: 151 Loss: 0.6152 Accuracy Train: 65.622%
Epoch:  3 Batch: 161 Loss: 0.6045 Accuracy Train: 65.643%
Epoch:  3 Batch: 171 Loss: 0.6162 Accuracy Train: 65.610%
Epoch:  3 Batch: 181 Loss: 0.6114 Accuracy Train: 65.582%
Epoch:  4 Batch:   1 Loss: 0.6134 Accuracy Train: 65.700%
Epoch:  4 Batch:  11 Loss: 0.6174 Accuracy Train: 65.198%
Epoch:  4 Batch:  21 Loss: 0.6110 Accuracy Train: 65.385%
Epoch:  4 Batch:  31 Loss: 0.6149 Accuracy Train: 65.428%
Epoch:  4 Batch:  41 Loss: 0.6097 Accuracy Train: 65.416%
Epoch:  4 Batch:  51 Loss: 0.6154 Accuracy Train: 65.325%
Epoch:  4 Batch:  61 Loss: 0.6177 Accuracy Train: 65.363%
Epoch:  4 Batch:  71 Loss: 0.6166 Accuracy Train: 65.375%
Epoch:  4 Batch:  81 Loss: 0.6190 Accuracy Train: 65.388%
Epoch:  4 Batch:  91 Loss: 0.6121 Accuracy Train: 65.425%
Epoch:  4 Batch: 101 Loss: 0.6135 Accuracy Train: 65.462%
Epoch:  4 Batch: 111 Loss: 0.6169 Accuracy Train: 65.400%
Epoch:  4 Batch: 121 Loss: 0.6161 Accuracy Train: 65.413%
Epoch:  4 Batch: 131 Loss: 0.6223 Accuracy Train: 65.405%
Epoch:  4 Batch: 141 Loss: 0.6101 Accuracy Train: 65.413%
Epoch:  4 Batch: 151 Loss: 0.6238 Accuracy Train: 65.392%
Epoch:  4 Batch: 161 Loss: 0.6175 Accuracy Train: 65.386%
Epoch:  4 Batch: 171 Loss: 0.6133 Accuracy Train: 65.376%
Epoch:  4 Batch: 181 Loss: 0.6157 Accuracy Train: 65.374%
Epoch:  5 Batch:   1 Loss: 0.6154 Accuracy Train: 65.800%
Epoch:  5 Batch:  11 Loss: 0.6185 Accuracy Train: 65.573%
Epoch:  5 Batch:  21 Loss: 0.6082 Accuracy Train: 65.452%
Epoch:  5 Batch:  31 Loss: 0.6127 Accuracy Train: 65.516%
Epoch:  5 Batch:  41 Loss: 0.6236 Accuracy Train: 65.548%
Epoch:  5 Batch:  51 Loss: 0.6164 Accuracy Train: 65.557%
Epoch:  5 Batch:  61 Loss: 0.6107 Accuracy Train: 65.651%
Epoch:  5 Batch:  71 Loss: 0.6177 Accuracy Train: 65.657%
Epoch:  5 Batch:  81 Loss: 0.6133 Accuracy Train: 65.665%
Epoch:  5 Batch:  91 Loss: 0.6128 Accuracy Train: 65.651%
Epoch:  5 Batch: 101 Loss: 0.6040 Accuracy Train: 65.723%
Epoch:  5 Batch: 111 Loss: 0.6266 Accuracy Train: 65.732%
Epoch:  5 Batch: 121 Loss: 0.6190 Accuracy Train: 65.699%
Epoch:  5 Batch: 131 Loss: 0.6162 Accuracy Train: 65.656%
Epoch:  5 Batch: 141 Loss: 0.6132 Accuracy Train: 65.627%
Epoch:  5 Batch: 151 Loss: 0.6069 Accuracy Train: 65.617%
Epoch:  5 Batch: 161 Loss: 0.6134 Accuracy Train: 65.601%
Epoch:  5 Batch: 171 Loss: 0.6213 Accuracy Train: 65.578%
Epoch:  5 Batch: 181 Loss: 0.6180 Accuracy Train: 65.558%
Epoch:  6 Batch:   1 Loss: 0.6127 Accuracy Train: 65.460%
Epoch:  6 Batch:  11 Loss: 0.6121 Accuracy Train: 65.564%
Epoch:  6 Batch:  21 Loss: 0.6126 Accuracy Train: 65.670%
Epoch:  6 Batch:  31 Loss: 0.6139 Accuracy Train: 65.458%
Epoch:  6 Batch:  41 Loss: 0.6160 Accuracy Train: 65.356%
Epoch:  6 Batch:  51 Loss: 0.6126 Accuracy Train: 65.584%
Epoch:  6 Batch:  61 Loss: 0.6147 Accuracy Train: 65.520%
Epoch:  6 Batch:  71 Loss: 0.6137 Accuracy Train: 65.573%
Epoch:  6 Batch:  81 Loss: 0.6116 Accuracy Train: 65.533%
Epoch:  6 Batch:  91 Loss: 0.6248 Accuracy Train: 65.514%
Epoch:  6 Batch: 101 Loss: 0.6124 Accuracy Train: 65.487%
Epoch:  6 Batch: 111 Loss: 0.6222 Accuracy Train: 65.489%
Epoch:  6 Batch: 121 Loss: 0.6116 Accuracy Train: 65.480%
Epoch:  6 Batch: 131 Loss: 0.6258 Accuracy Train: 65.457%
Epoch:  6 Batch: 141 Loss: 0.6215 Accuracy Train: 65.428%
Epoch:  6 Batch: 151 Loss: 0.6100 Accuracy Train: 65.422%
Epoch:  6 Batch: 161 Loss: 0.6207 Accuracy Train: 65.421%
Epoch:  6 Batch: 171 Loss: 0.6156 Accuracy Train: 65.392%
Epoch:  6 Batch: 181 Loss: 0.6213 Accuracy Train: 65.396%
Epoch:  7 Batch:   1 Loss: 0.6278 Accuracy Train: 64.960%
Epoch:  7 Batch:  11 Loss: 0.6187 Accuracy Train: 65.351%
Epoch:  7 Batch:  21 Loss: 0.6223 Accuracy Train: 65.376%
Epoch:  7 Batch:  31 Loss: 0.6167 Accuracy Train: 65.557%
Epoch:  7 Batch:  41 Loss: 0.6113 Accuracy Train: 65.639%
Epoch:  7 Batch:  51 Loss: 0.6179 Accuracy Train: 65.684%
Epoch:  7 Batch:  61 Loss: 0.6214 Accuracy Train: 65.737%
Epoch:  7 Batch:  71 Loss: 0.6112 Accuracy Train: 65.689%
Epoch:  7 Batch:  81 Loss: 0.6192 Accuracy Train: 65.647%
Epoch:  7 Batch:  91 Loss: 0.6128 Accuracy Train: 65.630%
Epoch:  7 Batch: 101 Loss: 0.6226 Accuracy Train: 65.660%
Epoch:  7 Batch: 111 Loss: 0.6075 Accuracy Train: 65.652%
Epoch:  7 Batch: 121 Loss: 0.6242 Accuracy Train: 65.615%
Epoch:  7 Batch: 131 Loss: 0.6154 Accuracy Train: 65.609%
Epoch:  7 Batch: 141 Loss: 0.6114 Accuracy Train: 65.627%
Epoch:  7 Batch: 151 Loss: 0.6196 Accuracy Train: 65.598%
Epoch:  7 Batch: 161 Loss: 0.6222 Accuracy Train: 65.575%
Epoch:  7 Batch: 171 Loss: 0.6127 Accuracy Train: 65.579%
Epoch:  7 Batch: 181 Loss: 0.6176 Accuracy Train: 65.553%
Epoch:  8 Batch:   1 Loss: 0.6193 Accuracy Train: 66.520%
Epoch:  8 Batch:  11 Loss: 0.6122 Accuracy Train: 65.824%
Epoch:  8 Batch:  21 Loss: 0.6153 Accuracy Train: 65.612%
Epoch:  8 Batch:  31 Loss: 0.6227 Accuracy Train: 65.535%
Epoch:  8 Batch:  41 Loss: 0.6120 Accuracy Train: 65.481%
Epoch:  8 Batch:  51 Loss: 0.6108 Accuracy Train: 65.475%
Epoch:  8 Batch:  61 Loss: 0.6191 Accuracy Train: 65.447%
Epoch:  8 Batch:  71 Loss: 0.6158 Accuracy Train: 65.502%
Epoch:  8 Batch:  81 Loss: 0.6183 Accuracy Train: 65.502%
Epoch:  8 Batch:  91 Loss: 0.6203 Accuracy Train: 65.489%
Epoch:  8 Batch: 101 Loss: 0.6077 Accuracy Train: 65.511%
Epoch:  8 Batch: 111 Loss: 0.6216 Accuracy Train: 65.541%
Epoch:  8 Batch: 121 Loss: 0.6144 Accuracy Train: 65.613%
Epoch:  8 Batch: 131 Loss: 0.6169 Accuracy Train: 65.591%
Epoch:  8 Batch: 141 Loss: 0.6197 Accuracy Train: 65.615%
Epoch:  8 Batch: 151 Loss: 0.6243 Accuracy Train: 65.636%
Epoch:  8 Batch: 161 Loss: 0.6167 Accuracy Train: 65.603%
Epoch:  8 Batch: 171 Loss: 0.6097 Accuracy Train: 65.610%
Epoch:  8 Batch: 181 Loss: 0.6156 Accuracy Train: 65.617%
Epoch:  9 Batch:   1 Loss: 0.6252 Accuracy Train: 64.840%
Epoch:  9 Batch:  11 Loss: 0.6160 Accuracy Train: 65.360%
Epoch:  9 Batch:  21 Loss: 0.6249 Accuracy Train: 65.254%
Epoch:  9 Batch:  31 Loss: 0.6200 Accuracy Train: 65.312%
Epoch:  9 Batch:  41 Loss: 0.6155 Accuracy Train: 65.440%
Epoch:  9 Batch:  51 Loss: 0.6200 Accuracy Train: 65.409%
Epoch:  9 Batch:  61 Loss: 0.6170 Accuracy Train: 65.417%
Epoch:  9 Batch:  71 Loss: 0.6164 Accuracy Train: 65.503%
Epoch:  9 Batch:  81 Loss: 0.6123 Accuracy Train: 65.595%
Epoch:  9 Batch:  91 Loss: 0.6233 Accuracy Train: 65.624%
Epoch:  9 Batch: 101 Loss: 0.6120 Accuracy Train: 65.618%
Epoch:  9 Batch: 111 Loss: 0.6154 Accuracy Train: 65.607%
Epoch:  9 Batch: 121 Loss: 0.6096 Accuracy Train: 65.623%
Epoch:  9 Batch: 131 Loss: 0.6235 Accuracy Train: 65.600%
Epoch:  9 Batch: 141 Loss: 0.6001 Accuracy Train: 65.580%
Epoch:  9 Batch: 151 Loss: 0.6160 Accuracy Train: 65.576%
Epoch:  9 Batch: 161 Loss: 0.6104 Accuracy Train: 65.596%
Epoch:  9 Batch: 171 Loss: 0.6100 Accuracy Train: 65.617%
Epoch:  9 Batch: 181 Loss: 0.6191 Accuracy Train: 65.601%
Epoch: 10 Batch:   1 Loss: 0.6189 Accuracy Train: 65.400%
Epoch: 10 Batch:  11 Loss: 0.6134 Accuracy Train: 65.547%
Epoch: 10 Batch:  21 Loss: 0.6165 Accuracy Train: 65.337%
Epoch: 10 Batch:  31 Loss: 0.6042 Accuracy Train: 65.343%
Epoch: 10 Batch:  41 Loss: 0.6143 Accuracy Train: 65.344%
Epoch: 10 Batch:  51 Loss: 0.6079 Accuracy Train: 65.367%
Epoch: 10 Batch:  61 Loss: 0.6183 Accuracy Train: 65.371%
Epoch: 10 Batch:  71 Loss: 0.6146 Accuracy Train: 65.419%
Epoch: 10 Batch:  81 Loss: 0.6226 Accuracy Train: 65.462%
Epoch: 10 Batch:  91 Loss: 0.6200 Accuracy Train: 65.462%
Epoch: 10 Batch: 101 Loss: 0.6182 Accuracy Train: 65.473%
Epoch: 10 Batch: 111 Loss: 0.6231 Accuracy Train: 65.508%
Epoch: 10 Batch: 121 Loss: 0.6156 Accuracy Train: 65.529%
Epoch: 10 Batch: 131 Loss: 0.6196 Accuracy Train: 65.596%
Epoch: 10 Batch: 141 Loss: 0.6165 Accuracy Train: 65.616%
Epoch: 10 Batch: 151 Loss: 0.6127 Accuracy Train: 65.599%
Epoch: 10 Batch: 161 Loss: 0.6181 Accuracy Train: 65.610%
Epoch: 10 Batch: 171 Loss: 0.6088 Accuracy Train: 65.620%
Epoch: 10 Batch: 181 Loss: 0.6121 Accuracy Train: 65.620%
Epoch: 11 Batch:   1 Loss: 0.6204 Accuracy Train: 64.340%
Epoch: 11 Batch:  11 Loss: 0.6196 Accuracy Train: 65.245%
Epoch: 11 Batch:  21 Loss: 0.6228 Accuracy Train: 65.329%
Epoch: 11 Batch:  31 Loss: 0.6140 Accuracy Train: 65.295%
Epoch: 11 Batch:  41 Loss: 0.6156 Accuracy Train: 65.388%
Epoch: 11 Batch:  51 Loss: 0.6146 Accuracy Train: 65.427%
Epoch: 11 Batch:  61 Loss: 0.6168 Accuracy Train: 65.449%
Epoch: 11 Batch:  71 Loss: 0.6160 Accuracy Train: 65.453%
Epoch: 11 Batch:  81 Loss: 0.6096 Accuracy Train: 65.403%
Epoch: 11 Batch:  91 Loss: 0.6241 Accuracy Train: 65.402%
Epoch: 11 Batch: 101 Loss: 0.6183 Accuracy Train: 65.371%
Epoch: 11 Batch: 111 Loss: 0.6173 Accuracy Train: 65.347%
Epoch: 11 Batch: 121 Loss: 0.6131 Accuracy Train: 65.327%
Epoch: 11 Batch: 131 Loss: 0.6191 Accuracy Train: 65.362%
Epoch: 11 Batch: 141 Loss: 0.6219 Accuracy Train: 65.344%
Epoch: 11 Batch: 151 Loss: 0.6166 Accuracy Train: 65.348%
Epoch: 11 Batch: 161 Loss: 0.6098 Accuracy Train: 65.349%
Epoch: 11 Batch: 171 Loss: 0.6250 Accuracy Train: 65.363%
Epoch: 11 Batch: 181 Loss: 0.6241 Accuracy Train: 65.385%
Epoch: 12 Batch:   1 Loss: 0.6165 Accuracy Train: 64.980%
Epoch: 12 Batch:  11 Loss: 0.6095 Accuracy Train: 65.542%
Epoch: 12 Batch:  21 Loss: 0.6255 Accuracy Train: 65.358%
Epoch: 12 Batch:  31 Loss: 0.6206 Accuracy Train: 65.579%
Epoch: 12 Batch:  41 Loss: 0.6206 Accuracy Train: 65.559%
Epoch: 12 Batch:  51 Loss: 0.6195 Accuracy Train: 65.564%
Epoch: 12 Batch:  61 Loss: 0.6129 Accuracy Train: 65.607%
Epoch: 12 Batch:  71 Loss: 0.6120 Accuracy Train: 65.550%
Epoch: 12 Batch:  81 Loss: 0.6017 Accuracy Train: 65.585%
Epoch: 12 Batch:  91 Loss: 0.6163 Accuracy Train: 65.571%
Epoch: 12 Batch: 101 Loss: 0.6188 Accuracy Train: 65.620%
Epoch: 12 Batch: 111 Loss: 0.6160 Accuracy Train: 65.609%
Epoch: 12 Batch: 121 Loss: 0.6176 Accuracy Train: 65.630%
Epoch: 12 Batch: 131 Loss: 0.6214 Accuracy Train: 65.630%
Epoch: 12 Batch: 141 Loss: 0.6112 Accuracy Train: 65.687%
Epoch: 12 Batch: 151 Loss: 0.6183 Accuracy Train: 65.701%
Epoch: 12 Batch: 161 Loss: 0.6177 Accuracy Train: 65.678%
Epoch: 12 Batch: 171 Loss: 0.6150 Accuracy Train: 65.653%
Epoch: 12 Batch: 181 Loss: 0.6249 Accuracy Train: 65.638%
Epoch: 13 Batch:   1 Loss: 0.6142 Accuracy Train: 65.040%
Epoch: 13 Batch:  11 Loss: 0.6059 Accuracy Train: 65.465%
Epoch: 13 Batch:  21 Loss: 0.6169 Accuracy Train: 65.318%
Epoch: 13 Batch:  31 Loss: 0.6123 Accuracy Train: 65.389%
Epoch: 13 Batch:  41 Loss: 0.6210 Accuracy Train: 65.579%
Epoch: 13 Batch:  51 Loss: 0.6198 Accuracy Train: 65.607%
Epoch: 13 Batch:  61 Loss: 0.6078 Accuracy Train: 65.602%
Epoch: 13 Batch:  71 Loss: 0.6249 Accuracy Train: 65.563%
Epoch: 13 Batch:  81 Loss: 0.6139 Accuracy Train: 65.593%
Epoch: 13 Batch:  91 Loss: 0.6166 Accuracy Train: 65.669%
Epoch: 13 Batch: 101 Loss: 0.6244 Accuracy Train: 65.716%
Epoch: 13 Batch: 111 Loss: 0.6178 Accuracy Train: 65.702%
Epoch: 13 Batch: 121 Loss: 0.6199 Accuracy Train: 65.664%
Epoch: 13 Batch: 131 Loss: 0.6036 Accuracy Train: 65.691%
Epoch: 13 Batch: 141 Loss: 0.6150 Accuracy Train: 65.664%
Epoch: 13 Batch: 151 Loss: 0.6169 Accuracy Train: 65.626%
Epoch: 13 Batch: 161 Loss: 0.6232 Accuracy Train: 65.608%
Epoch: 13 Batch: 171 Loss: 0.6174 Accuracy Train: 65.620%
Epoch: 13 Batch: 181 Loss: 0.6225 Accuracy Train: 65.597%
Epoch: 14 Batch:   1 Loss: 0.6123 Accuracy Train: 66.140%
Epoch: 14 Batch:  11 Loss: 0.6198 Accuracy Train: 65.529%
Epoch: 14 Batch:  21 Loss: 0.6105 Accuracy Train: 65.681%
Epoch: 14 Batch:  31 Loss: 0.6200 Accuracy Train: 65.582%
Epoch: 14 Batch:  41 Loss: 0.6148 Accuracy Train: 65.623%
Epoch: 14 Batch:  51 Loss: 0.6084 Accuracy Train: 65.602%
Epoch: 14 Batch:  61 Loss: 0.6195 Accuracy Train: 65.717%
Epoch: 14 Batch:  71 Loss: 0.6175 Accuracy Train: 65.815%
Epoch: 14 Batch:  81 Loss: 0.6196 Accuracy Train: 65.797%
Epoch: 14 Batch:  91 Loss: 0.6124 Accuracy Train: 65.846%
Epoch: 14 Batch: 101 Loss: 0.6236 Accuracy Train: 65.801%
Epoch: 14 Batch: 111 Loss: 0.6176 Accuracy Train: 65.770%
Epoch: 14 Batch: 121 Loss: 0.6137 Accuracy Train: 65.703%
Epoch: 14 Batch: 131 Loss: 0.6219 Accuracy Train: 65.728%
Epoch: 14 Batch: 141 Loss: 0.6139 Accuracy Train: 65.696%
Epoch: 14 Batch: 151 Loss: 0.6107 Accuracy Train: 65.648%
Epoch: 14 Batch: 161 Loss: 0.6225 Accuracy Train: 65.626%
Epoch: 14 Batch: 171 Loss: 0.6274 Accuracy Train: 65.600%
Epoch: 14 Batch: 181 Loss: 0.6140 Accuracy Train: 65.636%
Epoch: 15 Batch:   1 Loss: 0.6063 Accuracy Train: 66.460%
Epoch: 15 Batch:  11 Loss: 0.6123 Accuracy Train: 65.682%
Epoch: 15 Batch:  21 Loss: 0.6083 Accuracy Train: 65.664%
Epoch: 15 Batch:  31 Loss: 0.6123 Accuracy Train: 65.624%
Epoch: 15 Batch:  41 Loss: 0.6170 Accuracy Train: 65.593%
Epoch: 15 Batch:  51 Loss: 0.6197 Accuracy Train: 65.503%
Epoch: 15 Batch:  61 Loss: 0.6132 Accuracy Train: 65.457%
Epoch: 15 Batch:  71 Loss: 0.6139 Accuracy Train: 65.476%
Epoch: 15 Batch:  81 Loss: 0.6087 Accuracy Train: 65.495%
Epoch: 15 Batch:  91 Loss: 0.6149 Accuracy Train: 65.463%
Epoch: 15 Batch: 101 Loss: 0.6179 Accuracy Train: 65.458%
Epoch: 15 Batch: 111 Loss: 0.6035 Accuracy Train: 65.533%
Epoch: 15 Batch: 121 Loss: 0.6111 Accuracy Train: 65.573%
Epoch: 15 Batch: 131 Loss: 0.6160 Accuracy Train: 65.545%
Epoch: 15 Batch: 141 Loss: 0.6159 Accuracy Train: 65.532%
Epoch: 15 Batch: 151 Loss: 0.6120 Accuracy Train: 65.513%
Epoch: 15 Batch: 161 Loss: 0.6150 Accuracy Train: 65.546%
Epoch: 15 Batch: 171 Loss: 0.6126 Accuracy Train: 65.560%
Epoch: 15 Batch: 181 Loss: 0.6209 Accuracy Train: 65.569%
Epoch: 16 Batch:   1 Loss: 0.6122 Accuracy Train: 64.980%
Epoch: 16 Batch:  11 Loss: 0.6253 Accuracy Train: 65.078%
Epoch: 16 Batch:  21 Loss: 0.6194 Accuracy Train: 65.277%
Epoch: 16 Batch:  31 Loss: 0.6160 Accuracy Train: 65.377%
Epoch: 16 Batch:  41 Loss: 0.6146 Accuracy Train: 65.370%
Epoch: 16 Batch:  51 Loss: 0.6130 Accuracy Train: 65.313%
Epoch: 16 Batch:  61 Loss: 0.6159 Accuracy Train: 65.257%
Epoch: 16 Batch:  71 Loss: 0.6134 Accuracy Train: 65.293%
Epoch: 16 Batch:  81 Loss: 0.6178 Accuracy Train: 65.270%
Epoch: 16 Batch:  91 Loss: 0.6087 Accuracy Train: 65.311%
Epoch: 16 Batch: 101 Loss: 0.6181 Accuracy Train: 65.366%
Epoch: 16 Batch: 111 Loss: 0.6249 Accuracy Train: 65.369%
Epoch: 16 Batch: 121 Loss: 0.6123 Accuracy Train: 65.380%
Epoch: 16 Batch: 131 Loss: 0.6188 Accuracy Train: 65.416%
Epoch: 16 Batch: 141 Loss: 0.6139 Accuracy Train: 65.447%
Epoch: 16 Batch: 151 Loss: 0.6103 Accuracy Train: 65.489%
Epoch: 16 Batch: 161 Loss: 0.6218 Accuracy Train: 65.490%
Epoch: 16 Batch: 171 Loss: 0.6214 Accuracy Train: 65.509%
Epoch: 16 Batch: 181 Loss: 0.6211 Accuracy Train: 65.511%
Epoch: 17 Batch:   1 Loss: 0.6105 Accuracy Train: 66.140%
Epoch: 17 Batch:  11 Loss: 0.6165 Accuracy Train: 65.738%
Epoch: 17 Batch:  21 Loss: 0.6134 Accuracy Train: 65.843%
Epoch: 17 Batch:  31 Loss: 0.6157 Accuracy Train: 65.672%
Epoch: 17 Batch:  41 Loss: 0.6038 Accuracy Train: 65.644%
Epoch: 17 Batch:  51 Loss: 0.6147 Accuracy Train: 65.575%
Epoch: 17 Batch:  61 Loss: 0.6126 Accuracy Train: 65.667%
Epoch: 17 Batch:  71 Loss: 0.6291 Accuracy Train: 65.655%
Epoch: 17 Batch:  81 Loss: 0.6121 Accuracy Train: 65.622%
Epoch: 17 Batch:  91 Loss: 0.6054 Accuracy Train: 65.698%
Epoch: 17 Batch: 101 Loss: 0.6203 Accuracy Train: 65.691%
Epoch: 17 Batch: 111 Loss: 0.6073 Accuracy Train: 65.687%
Epoch: 17 Batch: 121 Loss: 0.6132 Accuracy Train: 65.690%
Epoch: 17 Batch: 131 Loss: 0.6252 Accuracy Train: 65.658%
Epoch: 17 Batch: 141 Loss: 0.6084 Accuracy Train: 65.642%
Epoch: 17 Batch: 151 Loss: 0.6234 Accuracy Train: 65.627%
Epoch: 17 Batch: 161 Loss: 0.6082 Accuracy Train: 65.620%
Epoch: 17 Batch: 171 Loss: 0.6147 Accuracy Train: 65.637%
Epoch: 17 Batch: 181 Loss: 0.6152 Accuracy Train: 65.652%
Epoch: 18 Batch:   1 Loss: 0.6180 Accuracy Train: 65.040%
Epoch: 18 Batch:  11 Loss: 0.6182 Accuracy Train: 65.175%
Epoch: 18 Batch:  21 Loss: 0.6142 Accuracy Train: 65.354%
Epoch: 18 Batch:  31 Loss: 0.6083 Accuracy Train: 65.460%
Epoch: 18 Batch:  41 Loss: 0.6189 Accuracy Train: 65.391%
Epoch: 18 Batch:  51 Loss: 0.6160 Accuracy Train: 65.496%
Epoch: 18 Batch:  61 Loss: 0.6257 Accuracy Train: 65.494%
Epoch: 18 Batch:  71 Loss: 0.6129 Accuracy Train: 65.516%
Epoch: 18 Batch:  81 Loss: 0.6150 Accuracy Train: 65.533%
Epoch: 18 Batch:  91 Loss: 0.6118 Accuracy Train: 65.496%
Epoch: 18 Batch: 101 Loss: 0.6132 Accuracy Train: 65.495%
Epoch: 18 Batch: 111 Loss: 0.6211 Accuracy Train: 65.490%
Epoch: 18 Batch: 121 Loss: 0.6222 Accuracy Train: 65.490%
Epoch: 18 Batch: 131 Loss: 0.6130 Accuracy Train: 65.523%
Epoch: 18 Batch: 141 Loss: 0.6192 Accuracy Train: 65.514%
Epoch: 18 Batch: 151 Loss: 0.6165 Accuracy Train: 65.523%
Epoch: 18 Batch: 161 Loss: 0.6097 Accuracy Train: 65.557%
Epoch: 18 Batch: 171 Loss: 0.6127 Accuracy Train: 65.564%
Epoch: 18 Batch: 181 Loss: 0.6188 Accuracy Train: 65.563%
Epoch: 19 Batch:   1 Loss: 0.6193 Accuracy Train: 66.600%
Epoch: 19 Batch:  11 Loss: 0.6207 Accuracy Train: 65.889%
Epoch: 19 Batch:  21 Loss: 0.6168 Accuracy Train: 65.663%
Epoch: 19 Batch:  31 Loss: 0.6202 Accuracy Train: 65.630%
Epoch: 19 Batch:  41 Loss: 0.6175 Accuracy Train: 65.596%
Epoch: 19 Batch:  51 Loss: 0.6138 Accuracy Train: 65.702%
Epoch: 19 Batch:  61 Loss: 0.6102 Accuracy Train: 65.697%
Epoch: 19 Batch:  71 Loss: 0.6131 Accuracy Train: 65.625%
Epoch: 19 Batch:  81 Loss: 0.6127 Accuracy Train: 65.653%
Epoch: 19 Batch:  91 Loss: 0.6103 Accuracy Train: 65.661%
Epoch: 19 Batch: 101 Loss: 0.6205 Accuracy Train: 65.607%
Epoch: 19 Batch: 111 Loss: 0.6163 Accuracy Train: 65.599%
Epoch: 19 Batch: 121 Loss: 0.6170 Accuracy Train: 65.620%
Epoch: 19 Batch: 131 Loss: 0.6127 Accuracy Train: 65.664%
Epoch: 19 Batch: 141 Loss: 0.6241 Accuracy Train: 65.645%
Epoch: 19 Batch: 151 Loss: 0.6130 Accuracy Train: 65.687%
Epoch: 19 Batch: 161 Loss: 0.5983 Accuracy Train: 65.715%
Epoch: 19 Batch: 171 Loss: 0.6149 Accuracy Train: 65.725%
Epoch: 19 Batch: 181 Loss: 0.6134 Accuracy Train: 65.738%

Duration: 136 seconds
