Training DynNetGen(
  (layers): Sequential(
    (0): Sequential(
      (0): Flatten(start_dim=1, end_dim=-1)
      (1): Linear(in_features=16, out_features=2, bias=True)
    )
  )
) in cuda
=================================================================
Layer (type:depth-idx)                   Param #
=================================================================
DynNetGen                                --
├─Sequential: 1-1                        --
│    └─Sequential: 2-1                   --
│    │    └─Flatten: 3-1                 --
│    │    └─Linear: 3-2                  34
=================================================================
Total params: 34
Trainable params: 34
Non-trainable params: 0
=================================================================
Epoch:  0 Batch:   1 Loss: 0.6823 Accuracy Train: 50.200%
Epoch:  0 Batch:  11 Loss: 0.6392 Accuracy Train: 66.293%
Epoch:  0 Batch:  21 Loss: 0.6102 Accuracy Train: 64.896%
Epoch:  0 Batch:  31 Loss: 0.5985 Accuracy Train: 64.825%
Epoch:  0 Batch:  41 Loss: 0.5776 Accuracy Train: 65.021%
Epoch:  0 Batch:  51 Loss: 0.5794 Accuracy Train: 65.363%
Epoch:  0 Batch:  61 Loss: 0.5669 Accuracy Train: 65.618%
Epoch:  0 Batch:  71 Loss: 0.5512 Accuracy Train: 65.874%
Epoch:  0 Batch:  81 Loss: 0.5516 Accuracy Train: 66.084%
Epoch:  1 Batch:   1 Loss: 0.5518 Accuracy Train: 67.200%
Epoch:  1 Batch:  11 Loss: 0.5481 Accuracy Train: 67.400%
Epoch:  1 Batch:  21 Loss: 0.5449 Accuracy Train: 67.329%
Epoch:  1 Batch:  31 Loss: 0.5385 Accuracy Train: 67.415%
Epoch:  1 Batch:  41 Loss: 0.5393 Accuracy Train: 67.296%
Epoch:  1 Batch:  51 Loss: 0.5458 Accuracy Train: 67.361%
Epoch:  1 Batch:  61 Loss: 0.5220 Accuracy Train: 67.377%
Epoch:  1 Batch:  71 Loss: 0.5438 Accuracy Train: 67.434%
Epoch:  1 Batch:  81 Loss: 0.5296 Accuracy Train: 67.489%
Epoch:  2 Batch:   1 Loss: 0.5330 Accuracy Train: 67.900%
Epoch:  2 Batch:  11 Loss: 0.5194 Accuracy Train: 67.938%
Epoch:  2 Batch:  21 Loss: 0.5276 Accuracy Train: 68.021%
Epoch:  2 Batch:  31 Loss: 0.5337 Accuracy Train: 68.088%
Epoch:  2 Batch:  41 Loss: 0.5290 Accuracy Train: 68.082%
Epoch:  2 Batch:  51 Loss: 0.5291 Accuracy Train: 68.088%
Epoch:  2 Batch:  61 Loss: 0.5181 Accuracy Train: 68.084%
Epoch:  2 Batch:  71 Loss: 0.5370 Accuracy Train: 68.099%
Epoch:  2 Batch:  81 Loss: 0.5347 Accuracy Train: 68.109%
Epoch:  3 Batch:   1 Loss: 0.5284 Accuracy Train: 67.900%
Epoch:  3 Batch:  11 Loss: 0.5345 Accuracy Train: 68.171%
Epoch:  3 Batch:  21 Loss: 0.5379 Accuracy Train: 68.129%
Epoch:  3 Batch:  31 Loss: 0.5348 Accuracy Train: 68.045%
Epoch:  3 Batch:  41 Loss: 0.5406 Accuracy Train: 68.073%
Epoch:  3 Batch:  51 Loss: 0.5376 Accuracy Train: 68.138%
Epoch:  3 Batch:  61 Loss: 0.5297 Accuracy Train: 68.101%
Epoch:  3 Batch:  71 Loss: 0.5286 Accuracy Train: 68.102%
Epoch:  3 Batch:  81 Loss: 0.5291 Accuracy Train: 68.099%
Epoch:  4 Batch:   1 Loss: 0.5198 Accuracy Train: 69.300%
Epoch:  4 Batch:  11 Loss: 0.5165 Accuracy Train: 68.151%
Epoch:  4 Batch:  21 Loss: 0.5295 Accuracy Train: 68.147%
Epoch:  4 Batch:  31 Loss: 0.5296 Accuracy Train: 67.990%
Epoch:  4 Batch:  41 Loss: 0.5347 Accuracy Train: 68.022%
Epoch:  4 Batch:  51 Loss: 0.5214 Accuracy Train: 68.065%
Epoch:  4 Batch:  61 Loss: 0.5180 Accuracy Train: 68.088%
Epoch:  4 Batch:  71 Loss: 0.5212 Accuracy Train: 68.124%
Epoch:  4 Batch:  81 Loss: 0.5298 Accuracy Train: 68.114%
Epoch:  5 Batch:   1 Loss: 0.5324 Accuracy Train: 67.620%
Epoch:  5 Batch:  11 Loss: 0.5264 Accuracy Train: 68.015%
Epoch:  5 Batch:  21 Loss: 0.5216 Accuracy Train: 68.018%
Epoch:  5 Batch:  31 Loss: 0.5275 Accuracy Train: 68.003%
Epoch:  5 Batch:  41 Loss: 0.5316 Accuracy Train: 68.062%
Epoch:  5 Batch:  51 Loss: 0.5271 Accuracy Train: 68.107%
Epoch:  5 Batch:  61 Loss: 0.5305 Accuracy Train: 68.057%
Epoch:  5 Batch:  71 Loss: 0.5337 Accuracy Train: 68.043%
Epoch:  5 Batch:  81 Loss: 0.5282 Accuracy Train: 68.084%
Epoch:  6 Batch:   1 Loss: 0.5301 Accuracy Train: 68.280%
Epoch:  6 Batch:  11 Loss: 0.5214 Accuracy Train: 67.942%
Epoch:  6 Batch:  21 Loss: 0.5337 Accuracy Train: 67.912%
Epoch:  6 Batch:  31 Loss: 0.5257 Accuracy Train: 67.971%
Epoch:  6 Batch:  41 Loss: 0.5301 Accuracy Train: 68.079%
Epoch:  6 Batch:  51 Loss: 0.5290 Accuracy Train: 68.078%
Epoch:  6 Batch:  61 Loss: 0.5287 Accuracy Train: 68.035%
Epoch:  6 Batch:  71 Loss: 0.5256 Accuracy Train: 68.044%
Epoch:  6 Batch:  81 Loss: 0.5317 Accuracy Train: 68.102%
Epoch:  7 Batch:   1 Loss: 0.5271 Accuracy Train: 67.840%
Epoch:  7 Batch:  11 Loss: 0.5245 Accuracy Train: 68.113%
Epoch:  7 Batch:  21 Loss: 0.5241 Accuracy Train: 68.127%
Epoch:  7 Batch:  31 Loss: 0.5327 Accuracy Train: 68.233%
Epoch:  7 Batch:  41 Loss: 0.5300 Accuracy Train: 68.073%
Epoch:  7 Batch:  51 Loss: 0.5323 Accuracy Train: 68.060%
Epoch:  7 Batch:  61 Loss: 0.5225 Accuracy Train: 67.996%
Epoch:  7 Batch:  71 Loss: 0.5299 Accuracy Train: 68.056%
Epoch:  7 Batch:  81 Loss: 0.5369 Accuracy Train: 68.064%
Epoch:  8 Batch:   1 Loss: 0.5365 Accuracy Train: 67.260%
Epoch:  8 Batch:  11 Loss: 0.5307 Accuracy Train: 68.331%
Epoch:  8 Batch:  21 Loss: 0.5247 Accuracy Train: 68.214%
Epoch:  8 Batch:  31 Loss: 0.5297 Accuracy Train: 68.050%
Epoch:  8 Batch:  41 Loss: 0.5220 Accuracy Train: 68.133%
Epoch:  8 Batch:  51 Loss: 0.5372 Accuracy Train: 68.086%
Epoch:  8 Batch:  61 Loss: 0.5287 Accuracy Train: 68.025%
Epoch:  8 Batch:  71 Loss: 0.5185 Accuracy Train: 68.033%
Epoch:  8 Batch:  81 Loss: 0.5266 Accuracy Train: 68.062%
Epoch:  9 Batch:   1 Loss: 0.5265 Accuracy Train: 68.280%
Epoch:  9 Batch:  11 Loss: 0.5280 Accuracy Train: 68.393%
Epoch:  9 Batch:  21 Loss: 0.5245 Accuracy Train: 68.086%
Epoch:  9 Batch:  31 Loss: 0.5344 Accuracy Train: 68.059%
Epoch:  9 Batch:  41 Loss: 0.5261 Accuracy Train: 68.039%
Epoch:  9 Batch:  51 Loss: 0.5293 Accuracy Train: 68.098%
Epoch:  9 Batch:  61 Loss: 0.5321 Accuracy Train: 68.080%
Epoch:  9 Batch:  71 Loss: 0.5282 Accuracy Train: 68.081%
Epoch:  9 Batch:  81 Loss: 0.5293 Accuracy Train: 68.077%
Epoch: 10 Batch:   1 Loss: 0.5303 Accuracy Train: 67.840%
Epoch: 10 Batch:  11 Loss: 0.5331 Accuracy Train: 67.938%
Epoch: 10 Batch:  21 Loss: 0.5327 Accuracy Train: 68.020%
Epoch: 10 Batch:  31 Loss: 0.5337 Accuracy Train: 68.057%
Epoch: 10 Batch:  41 Loss: 0.5216 Accuracy Train: 68.060%
Epoch: 10 Batch:  51 Loss: 0.5280 Accuracy Train: 68.063%
Epoch: 10 Batch:  61 Loss: 0.5266 Accuracy Train: 68.099%
Epoch: 10 Batch:  71 Loss: 0.5275 Accuracy Train: 68.106%
Epoch: 10 Batch:  81 Loss: 0.5231 Accuracy Train: 68.083%
Epoch: 11 Batch:   1 Loss: 0.5359 Accuracy Train: 66.980%
Epoch: 11 Batch:  11 Loss: 0.5292 Accuracy Train: 68.065%
Epoch: 11 Batch:  21 Loss: 0.5376 Accuracy Train: 67.915%
Epoch: 11 Batch:  31 Loss: 0.5328 Accuracy Train: 67.934%
Epoch: 11 Batch:  41 Loss: 0.5233 Accuracy Train: 68.097%
Epoch: 11 Batch:  51 Loss: 0.5269 Accuracy Train: 68.101%
Epoch: 11 Batch:  61 Loss: 0.5457 Accuracy Train: 68.081%
Epoch: 11 Batch:  71 Loss: 0.5246 Accuracy Train: 68.061%
Epoch: 11 Batch:  81 Loss: 0.5183 Accuracy Train: 68.070%
Epoch: 12 Batch:   1 Loss: 0.5222 Accuracy Train: 68.640%
Epoch: 12 Batch:  11 Loss: 0.5220 Accuracy Train: 68.235%
Epoch: 12 Batch:  21 Loss: 0.5272 Accuracy Train: 68.162%
Epoch: 12 Batch:  31 Loss: 0.5196 Accuracy Train: 68.068%
Epoch: 12 Batch:  41 Loss: 0.5294 Accuracy Train: 68.045%
Epoch: 12 Batch:  51 Loss: 0.5160 Accuracy Train: 68.041%
Epoch: 12 Batch:  61 Loss: 0.5130 Accuracy Train: 68.080%
Epoch: 12 Batch:  71 Loss: 0.5337 Accuracy Train: 68.078%
Epoch: 12 Batch:  81 Loss: 0.5289 Accuracy Train: 68.090%
Epoch: 13 Batch:   1 Loss: 0.5268 Accuracy Train: 67.780%
Epoch: 13 Batch:  11 Loss: 0.5258 Accuracy Train: 67.662%
Epoch: 13 Batch:  21 Loss: 0.5381 Accuracy Train: 67.850%
Epoch: 13 Batch:  31 Loss: 0.5368 Accuracy Train: 67.966%
Epoch: 13 Batch:  41 Loss: 0.5282 Accuracy Train: 68.000%
Epoch: 13 Batch:  51 Loss: 0.5322 Accuracy Train: 67.977%
Epoch: 13 Batch:  61 Loss: 0.5356 Accuracy Train: 67.996%
Epoch: 13 Batch:  71 Loss: 0.5295 Accuracy Train: 68.046%
Epoch: 13 Batch:  81 Loss: 0.5272 Accuracy Train: 68.057%
Epoch: 14 Batch:   1 Loss: 0.5319 Accuracy Train: 67.900%
Epoch: 14 Batch:  11 Loss: 0.5251 Accuracy Train: 68.029%
Epoch: 14 Batch:  21 Loss: 0.5377 Accuracy Train: 68.156%
Epoch: 14 Batch:  31 Loss: 0.5237 Accuracy Train: 68.113%
Epoch: 14 Batch:  41 Loss: 0.5387 Accuracy Train: 67.962%
Epoch: 14 Batch:  51 Loss: 0.5311 Accuracy Train: 67.933%
Epoch: 14 Batch:  61 Loss: 0.5313 Accuracy Train: 68.010%
Epoch: 14 Batch:  71 Loss: 0.5256 Accuracy Train: 68.081%
Epoch: 14 Batch:  81 Loss: 0.5278 Accuracy Train: 68.080%
Epoch: 15 Batch:   1 Loss: 0.5248 Accuracy Train: 68.180%
Epoch: 15 Batch:  11 Loss: 0.5222 Accuracy Train: 68.147%
Epoch: 15 Batch:  21 Loss: 0.5268 Accuracy Train: 67.831%
Epoch: 15 Batch:  31 Loss: 0.5349 Accuracy Train: 67.937%
Epoch: 15 Batch:  41 Loss: 0.5294 Accuracy Train: 68.025%
Epoch: 15 Batch:  51 Loss: 0.5264 Accuracy Train: 68.036%
Epoch: 15 Batch:  61 Loss: 0.5308 Accuracy Train: 68.062%
Epoch: 15 Batch:  71 Loss: 0.5173 Accuracy Train: 68.069%
Epoch: 15 Batch:  81 Loss: 0.5361 Accuracy Train: 68.074%
Epoch: 16 Batch:   1 Loss: 0.5255 Accuracy Train: 68.660%
Epoch: 16 Batch:  11 Loss: 0.5378 Accuracy Train: 68.053%
Epoch: 16 Batch:  21 Loss: 0.5373 Accuracy Train: 68.127%
Epoch: 16 Batch:  31 Loss: 0.5287 Accuracy Train: 68.034%
Epoch: 16 Batch:  41 Loss: 0.5217 Accuracy Train: 68.009%
Epoch: 16 Batch:  51 Loss: 0.5340 Accuracy Train: 67.987%
Epoch: 16 Batch:  61 Loss: 0.5156 Accuracy Train: 68.059%
Epoch: 16 Batch:  71 Loss: 0.5390 Accuracy Train: 68.041%
Epoch: 16 Batch:  81 Loss: 0.5350 Accuracy Train: 68.043%
Epoch: 17 Batch:   1 Loss: 0.5249 Accuracy Train: 69.040%
Epoch: 17 Batch:  11 Loss: 0.5297 Accuracy Train: 68.418%
Epoch: 17 Batch:  21 Loss: 0.5299 Accuracy Train: 68.311%
Epoch: 17 Batch:  31 Loss: 0.5288 Accuracy Train: 68.167%
Epoch: 17 Batch:  41 Loss: 0.5314 Accuracy Train: 68.173%
Epoch: 17 Batch:  51 Loss: 0.5295 Accuracy Train: 68.151%
Epoch: 17 Batch:  61 Loss: 0.5297 Accuracy Train: 68.127%
Epoch: 17 Batch:  71 Loss: 0.5375 Accuracy Train: 68.088%
Epoch: 17 Batch:  81 Loss: 0.5119 Accuracy Train: 68.089%
Epoch: 18 Batch:   1 Loss: 0.5151 Accuracy Train: 69.220%
Epoch: 18 Batch:  11 Loss: 0.5340 Accuracy Train: 68.060%
Epoch: 18 Batch:  21 Loss: 0.5345 Accuracy Train: 68.291%
Epoch: 18 Batch:  31 Loss: 0.5367 Accuracy Train: 68.237%
Epoch: 18 Batch:  41 Loss: 0.5151 Accuracy Train: 68.160%
Epoch: 18 Batch:  51 Loss: 0.5286 Accuracy Train: 68.142%
Epoch: 18 Batch:  61 Loss: 0.5278 Accuracy Train: 68.042%
Epoch: 18 Batch:  71 Loss: 0.5286 Accuracy Train: 68.076%
Epoch: 18 Batch:  81 Loss: 0.5322 Accuracy Train: 68.090%
Epoch: 19 Batch:   1 Loss: 0.5284 Accuracy Train: 68.340%
Epoch: 19 Batch:  11 Loss: 0.5316 Accuracy Train: 68.145%
Epoch: 19 Batch:  21 Loss: 0.5364 Accuracy Train: 67.872%
Epoch: 19 Batch:  31 Loss: 0.5279 Accuracy Train: 67.928%
Epoch: 19 Batch:  41 Loss: 0.5152 Accuracy Train: 68.026%
Epoch: 19 Batch:  51 Loss: 0.5341 Accuracy Train: 68.089%
Epoch: 19 Batch:  61 Loss: 0.5319 Accuracy Train: 68.035%
Epoch: 19 Batch:  71 Loss: 0.5270 Accuracy Train: 68.069%
Epoch: 19 Batch:  81 Loss: 0.5283 Accuracy Train: 68.049%

Duration: 50 seconds
