Training DynNetGen(
  (layers): Sequential(
    (0): Sequential(
      (0): Flatten(start_dim=1, end_dim=-1)
      (1): Linear(in_features=16, out_features=2, bias=True)
    )
  )
) in cuda
=================================================================
Layer (type:depth-idx)                   Param #
=================================================================
DynNetGen                                --
├─Sequential: 1-1                        --
│    └─Sequential: 2-1                   --
│    │    └─Flatten: 3-1                 --
│    │    └─Linear: 3-2                  34
=================================================================
Total params: 34
Trainable params: 34
Non-trainable params: 0
=================================================================
Epoch:  0 Batch:   1 Loss: 0.7329 Accuracy Train: 28.700%
Epoch:  0 Batch:  11 Loss: 0.6393 Accuracy Train: 51.556%
Epoch:  0 Batch:  21 Loss: 0.5677 Accuracy Train: 65.610%
Epoch:  0 Batch:  31 Loss: 0.5133 Accuracy Train: 71.633%
Epoch:  0 Batch:  41 Loss: 0.4694 Accuracy Train: 74.866%
Epoch:  1 Batch:   1 Loss: 0.4625 Accuracy Train: 84.400%
Epoch:  1 Batch:  11 Loss: 0.4309 Accuracy Train: 84.758%
Epoch:  1 Batch:  21 Loss: 0.4096 Accuracy Train: 85.108%
Epoch:  1 Batch:  31 Loss: 0.3894 Accuracy Train: 85.096%
Epoch:  1 Batch:  41 Loss: 0.3788 Accuracy Train: 85.058%
Epoch:  2 Batch:   1 Loss: 0.3689 Accuracy Train: 85.280%
Epoch:  2 Batch:  11 Loss: 0.3690 Accuracy Train: 84.678%
Epoch:  2 Batch:  21 Loss: 0.3625 Accuracy Train: 84.639%
Epoch:  2 Batch:  31 Loss: 0.3478 Accuracy Train: 84.619%
Epoch:  2 Batch:  41 Loss: 0.3583 Accuracy Train: 84.613%
Epoch:  3 Batch:   1 Loss: 0.3469 Accuracy Train: 84.480%
Epoch:  3 Batch:  11 Loss: 0.3410 Accuracy Train: 84.693%
Epoch:  3 Batch:  21 Loss: 0.3345 Accuracy Train: 84.502%
Epoch:  3 Batch:  31 Loss: 0.3354 Accuracy Train: 84.481%
Epoch:  3 Batch:  41 Loss: 0.3226 Accuracy Train: 84.508%
Epoch:  4 Batch:   1 Loss: 0.3375 Accuracy Train: 84.140%
Epoch:  4 Batch:  11 Loss: 0.3282 Accuracy Train: 84.538%
Epoch:  4 Batch:  21 Loss: 0.3204 Accuracy Train: 84.375%
Epoch:  4 Batch:  31 Loss: 0.3222 Accuracy Train: 84.372%
Epoch:  4 Batch:  41 Loss: 0.3193 Accuracy Train: 84.344%
Epoch:  5 Batch:   1 Loss: 0.3141 Accuracy Train: 84.260%
Epoch:  5 Batch:  11 Loss: 0.3193 Accuracy Train: 84.025%
Epoch:  5 Batch:  21 Loss: 0.3178 Accuracy Train: 84.148%
Epoch:  5 Batch:  31 Loss: 0.3251 Accuracy Train: 84.165%
Epoch:  5 Batch:  41 Loss: 0.3064 Accuracy Train: 84.271%
Epoch:  6 Batch:   1 Loss: 0.3284 Accuracy Train: 83.500%
Epoch:  6 Batch:  11 Loss: 0.3161 Accuracy Train: 84.325%
Epoch:  6 Batch:  21 Loss: 0.3093 Accuracy Train: 84.337%
Epoch:  6 Batch:  31 Loss: 0.3108 Accuracy Train: 84.306%
Epoch:  6 Batch:  41 Loss: 0.3209 Accuracy Train: 84.242%
Epoch:  7 Batch:   1 Loss: 0.3134 Accuracy Train: 84.920%
Epoch:  7 Batch:  11 Loss: 0.3205 Accuracy Train: 84.305%
Epoch:  7 Batch:  21 Loss: 0.3239 Accuracy Train: 84.212%
Epoch:  7 Batch:  31 Loss: 0.3143 Accuracy Train: 84.226%
Epoch:  7 Batch:  41 Loss: 0.3150 Accuracy Train: 84.210%
Epoch:  8 Batch:   1 Loss: 0.3225 Accuracy Train: 83.720%
Epoch:  8 Batch:  11 Loss: 0.3088 Accuracy Train: 83.949%
Epoch:  8 Batch:  21 Loss: 0.3161 Accuracy Train: 83.890%
Epoch:  8 Batch:  31 Loss: 0.3193 Accuracy Train: 83.894%
Epoch:  8 Batch:  41 Loss: 0.3103 Accuracy Train: 83.938%
Epoch:  9 Batch:   1 Loss: 0.3178 Accuracy Train: 83.940%
Epoch:  9 Batch:  11 Loss: 0.3100 Accuracy Train: 84.100%
Epoch:  9 Batch:  21 Loss: 0.3203 Accuracy Train: 83.815%
Epoch:  9 Batch:  31 Loss: 0.3133 Accuracy Train: 83.675%
Epoch:  9 Batch:  41 Loss: 0.3069 Accuracy Train: 83.665%
Epoch: 10 Batch:   1 Loss: 0.3112 Accuracy Train: 84.620%
Epoch: 10 Batch:  11 Loss: 0.3098 Accuracy Train: 83.755%
Epoch: 10 Batch:  21 Loss: 0.3302 Accuracy Train: 83.775%
Epoch: 10 Batch:  31 Loss: 0.3180 Accuracy Train: 83.511%
Epoch: 10 Batch:  41 Loss: 0.3121 Accuracy Train: 83.314%
Epoch: 11 Batch:   1 Loss: 0.3140 Accuracy Train: 84.320%
Epoch: 11 Batch:  11 Loss: 0.3154 Accuracy Train: 83.720%
Epoch: 11 Batch:  21 Loss: 0.3232 Accuracy Train: 83.286%
Epoch: 11 Batch:  31 Loss: 0.3131 Accuracy Train: 83.430%
Epoch: 11 Batch:  41 Loss: 0.3192 Accuracy Train: 83.573%
Epoch: 12 Batch:   1 Loss: 0.3065 Accuracy Train: 83.860%
Epoch: 12 Batch:  11 Loss: 0.3153 Accuracy Train: 83.320%
Epoch: 12 Batch:  21 Loss: 0.3048 Accuracy Train: 83.350%
Epoch: 12 Batch:  31 Loss: 0.3105 Accuracy Train: 83.354%
Epoch: 12 Batch:  41 Loss: 0.3255 Accuracy Train: 83.228%
Epoch: 13 Batch:   1 Loss: 0.3204 Accuracy Train: 82.320%
Epoch: 13 Batch:  11 Loss: 0.3066 Accuracy Train: 83.211%
Epoch: 13 Batch:  21 Loss: 0.3112 Accuracy Train: 83.246%
Epoch: 13 Batch:  31 Loss: 0.3201 Accuracy Train: 83.286%
Epoch: 13 Batch:  41 Loss: 0.3171 Accuracy Train: 83.294%
Epoch: 14 Batch:   1 Loss: 0.3196 Accuracy Train: 83.860%
Epoch: 14 Batch:  11 Loss: 0.3045 Accuracy Train: 83.725%
Epoch: 14 Batch:  21 Loss: 0.3233 Accuracy Train: 83.450%
Epoch: 14 Batch:  31 Loss: 0.3216 Accuracy Train: 83.373%
Epoch: 14 Batch:  41 Loss: 0.3101 Accuracy Train: 83.480%
Epoch: 15 Batch:   1 Loss: 0.3251 Accuracy Train: 83.360%
Epoch: 15 Batch:  11 Loss: 0.3198 Accuracy Train: 83.789%
Epoch: 15 Batch:  21 Loss: 0.3099 Accuracy Train: 83.676%
Epoch: 15 Batch:  31 Loss: 0.3103 Accuracy Train: 83.690%
Epoch: 15 Batch:  41 Loss: 0.3231 Accuracy Train: 83.541%
Epoch: 16 Batch:   1 Loss: 0.3128 Accuracy Train: 84.020%
Epoch: 16 Batch:  11 Loss: 0.3099 Accuracy Train: 83.844%
Epoch: 16 Batch:  21 Loss: 0.3075 Accuracy Train: 83.578%
Epoch: 16 Batch:  31 Loss: 0.3151 Accuracy Train: 83.492%
Epoch: 16 Batch:  41 Loss: 0.3283 Accuracy Train: 83.527%
Epoch: 17 Batch:   1 Loss: 0.3245 Accuracy Train: 82.420%
Epoch: 17 Batch:  11 Loss: 0.3067 Accuracy Train: 83.567%
Epoch: 17 Batch:  21 Loss: 0.3114 Accuracy Train: 83.507%
Epoch: 17 Batch:  31 Loss: 0.3198 Accuracy Train: 83.399%
Epoch: 17 Batch:  41 Loss: 0.3135 Accuracy Train: 83.481%
Epoch: 18 Batch:   1 Loss: 0.3225 Accuracy Train: 82.660%
Epoch: 18 Batch:  11 Loss: 0.3011 Accuracy Train: 83.598%
Epoch: 18 Batch:  21 Loss: 0.3174 Accuracy Train: 83.963%
Epoch: 18 Batch:  31 Loss: 0.3095 Accuracy Train: 83.715%
Epoch: 18 Batch:  41 Loss: 0.3226 Accuracy Train: 83.751%
Epoch: 19 Batch:   1 Loss: 0.3167 Accuracy Train: 82.980%
Epoch: 19 Batch:  11 Loss: 0.3177 Accuracy Train: 83.529%
Epoch: 19 Batch:  21 Loss: 0.2995 Accuracy Train: 83.776%
Epoch: 19 Batch:  31 Loss: 0.3091 Accuracy Train: 83.665%
Epoch: 19 Batch:  41 Loss: 0.3026 Accuracy Train: 83.830%

Duration: 47 seconds
