Training DynNetGen(
  (layers): Sequential(
    (0): Sequential(
      (0): Flatten(start_dim=1, end_dim=-1)
      (1): Linear(in_features=16, out_features=2, bias=True)
    )
  )
) in cuda
=================================================================
Layer (type:depth-idx)                   Param #
=================================================================
DynNetGen                                --
├─Sequential: 1-1                        --
│    └─Sequential: 2-1                   --
│    │    └─Flatten: 3-1                 --
│    │    └─Linear: 3-2                  34
=================================================================
Total params: 34
Trainable params: 34
Non-trainable params: 0
=================================================================
Epoch:  0 Batch:   1 Loss: 0.7911 Accuracy Train: 50.260%
Epoch:  0 Batch:  11 Loss: 0.6666 Accuracy Train: 49.242%
Epoch:  0 Batch:  21 Loss: 0.5799 Accuracy Train: 66.161%
Epoch:  0 Batch:  31 Loss: 0.5065 Accuracy Train: 73.002%
Epoch:  0 Batch:  41 Loss: 0.4586 Accuracy Train: 76.584%
Epoch:  0 Batch:  51 Loss: 0.4197 Accuracy Train: 78.800%
Epoch:  0 Batch:  61 Loss: 0.3871 Accuracy Train: 80.248%
Epoch:  0 Batch:  71 Loss: 0.3735 Accuracy Train: 81.343%
Epoch:  0 Batch:  81 Loss: 0.3528 Accuracy Train: 82.256%
Epoch:  0 Batch:  91 Loss: 0.3217 Accuracy Train: 83.071%
Epoch:  0 Batch: 101 Loss: 0.3170 Accuracy Train: 83.717%
Epoch:  1 Batch:   1 Loss: 0.3241 Accuracy Train: 89.100%
Epoch:  1 Batch:  11 Loss: 0.3157 Accuracy Train: 89.331%
Epoch:  1 Batch:  21 Loss: 0.3105 Accuracy Train: 89.294%
Epoch:  1 Batch:  31 Loss: 0.2933 Accuracy Train: 89.369%
Epoch:  1 Batch:  41 Loss: 0.3057 Accuracy Train: 89.392%
Epoch:  1 Batch:  51 Loss: 0.2913 Accuracy Train: 89.458%
Epoch:  1 Batch:  61 Loss: 0.2897 Accuracy Train: 89.482%
Epoch:  1 Batch:  71 Loss: 0.2780 Accuracy Train: 89.515%
Epoch:  1 Batch:  81 Loss: 0.2802 Accuracy Train: 89.548%
Epoch:  1 Batch:  91 Loss: 0.2711 Accuracy Train: 89.566%
Epoch:  1 Batch: 101 Loss: 0.2648 Accuracy Train: 89.591%
Epoch:  2 Batch:   1 Loss: 0.2583 Accuracy Train: 90.300%
Epoch:  2 Batch:  11 Loss: 0.2750 Accuracy Train: 89.556%
Epoch:  2 Batch:  21 Loss: 0.2588 Accuracy Train: 89.708%
Epoch:  2 Batch:  31 Loss: 0.2692 Accuracy Train: 89.786%
Epoch:  2 Batch:  41 Loss: 0.2796 Accuracy Train: 89.934%
Epoch:  2 Batch:  51 Loss: 0.2640 Accuracy Train: 89.930%
Epoch:  2 Batch:  61 Loss: 0.2721 Accuracy Train: 89.996%
Epoch:  2 Batch:  71 Loss: 0.2567 Accuracy Train: 90.097%
Epoch:  2 Batch:  81 Loss: 0.2615 Accuracy Train: 90.211%
Epoch:  2 Batch:  91 Loss: 0.2635 Accuracy Train: 90.236%
Epoch:  2 Batch: 101 Loss: 0.2534 Accuracy Train: 90.287%
Epoch:  3 Batch:   1 Loss: 0.2572 Accuracy Train: 91.380%
Epoch:  3 Batch:  11 Loss: 0.2640 Accuracy Train: 91.400%
Epoch:  3 Batch:  21 Loss: 0.2593 Accuracy Train: 91.404%
Epoch:  3 Batch:  31 Loss: 0.2563 Accuracy Train: 91.327%
Epoch:  3 Batch:  41 Loss: 0.2626 Accuracy Train: 91.291%
Epoch:  3 Batch:  51 Loss: 0.2511 Accuracy Train: 91.335%
Epoch:  3 Batch:  61 Loss: 0.2587 Accuracy Train: 91.315%
Epoch:  3 Batch:  71 Loss: 0.2587 Accuracy Train: 91.299%
Epoch:  3 Batch:  81 Loss: 0.2542 Accuracy Train: 91.324%
Epoch:  3 Batch:  91 Loss: 0.2560 Accuracy Train: 91.304%
Epoch:  3 Batch: 101 Loss: 0.2628 Accuracy Train: 91.296%
Epoch:  4 Batch:   1 Loss: 0.2555 Accuracy Train: 91.320%
Epoch:  4 Batch:  11 Loss: 0.2460 Accuracy Train: 91.440%
Epoch:  4 Batch:  21 Loss: 0.2655 Accuracy Train: 91.397%
Epoch:  4 Batch:  31 Loss: 0.2473 Accuracy Train: 91.405%
Epoch:  4 Batch:  41 Loss: 0.2560 Accuracy Train: 91.371%
Epoch:  4 Batch:  51 Loss: 0.2611 Accuracy Train: 91.348%
Epoch:  4 Batch:  61 Loss: 0.2606 Accuracy Train: 91.368%
Epoch:  4 Batch:  71 Loss: 0.2369 Accuracy Train: 91.378%
Epoch:  4 Batch:  81 Loss: 0.2487 Accuracy Train: 91.368%
Epoch:  4 Batch:  91 Loss: 0.2567 Accuracy Train: 91.337%
Epoch:  4 Batch: 101 Loss: 0.2507 Accuracy Train: 91.304%
Epoch:  5 Batch:   1 Loss: 0.2380 Accuracy Train: 91.460%
Epoch:  5 Batch:  11 Loss: 0.2481 Accuracy Train: 91.087%
Epoch:  5 Batch:  21 Loss: 0.2512 Accuracy Train: 91.191%
Epoch:  5 Batch:  31 Loss: 0.2299 Accuracy Train: 91.170%
Epoch:  5 Batch:  41 Loss: 0.2444 Accuracy Train: 91.169%
Epoch:  5 Batch:  51 Loss: 0.2498 Accuracy Train: 91.200%
Epoch:  5 Batch:  61 Loss: 0.2496 Accuracy Train: 91.063%
Epoch:  5 Batch:  71 Loss: 0.2549 Accuracy Train: 91.010%
Epoch:  5 Batch:  81 Loss: 0.2560 Accuracy Train: 90.980%
Epoch:  5 Batch:  91 Loss: 0.2602 Accuracy Train: 90.904%
Epoch:  5 Batch: 101 Loss: 0.2604 Accuracy Train: 90.933%
Epoch:  6 Batch:   1 Loss: 0.2499 Accuracy Train: 90.320%
Epoch:  6 Batch:  11 Loss: 0.2539 Accuracy Train: 90.449%
Epoch:  6 Batch:  21 Loss: 0.2459 Accuracy Train: 90.410%
Epoch:  6 Batch:  31 Loss: 0.2545 Accuracy Train: 90.337%
Epoch:  6 Batch:  41 Loss: 0.2558 Accuracy Train: 90.320%
Epoch:  6 Batch:  51 Loss: 0.2570 Accuracy Train: 90.322%
Epoch:  6 Batch:  61 Loss: 0.2421 Accuracy Train: 90.291%
Epoch:  6 Batch:  71 Loss: 0.2582 Accuracy Train: 90.287%
Epoch:  6 Batch:  81 Loss: 0.2511 Accuracy Train: 90.276%
Epoch:  6 Batch:  91 Loss: 0.2542 Accuracy Train: 90.286%
Epoch:  6 Batch: 101 Loss: 0.2500 Accuracy Train: 90.306%
Epoch:  7 Batch:   1 Loss: 0.2622 Accuracy Train: 89.680%
Epoch:  7 Batch:  11 Loss: 0.2590 Accuracy Train: 90.151%
Epoch:  7 Batch:  21 Loss: 0.2506 Accuracy Train: 90.235%
Epoch:  7 Batch:  31 Loss: 0.2613 Accuracy Train: 90.294%
Epoch:  7 Batch:  41 Loss: 0.2495 Accuracy Train: 90.269%
Epoch:  7 Batch:  51 Loss: 0.2534 Accuracy Train: 90.295%
Epoch:  7 Batch:  61 Loss: 0.2487 Accuracy Train: 90.292%
Epoch:  7 Batch:  71 Loss: 0.2508 Accuracy Train: 90.295%
Epoch:  7 Batch:  81 Loss: 0.2399 Accuracy Train: 90.300%
Epoch:  7 Batch:  91 Loss: 0.2528 Accuracy Train: 90.313%
Epoch:  7 Batch: 101 Loss: 0.2471 Accuracy Train: 90.306%
Epoch:  8 Batch:   1 Loss: 0.2459 Accuracy Train: 90.060%
Epoch:  8 Batch:  11 Loss: 0.2472 Accuracy Train: 90.336%
Epoch:  8 Batch:  21 Loss: 0.2556 Accuracy Train: 90.273%
Epoch:  8 Batch:  31 Loss: 0.2408 Accuracy Train: 90.245%
Epoch:  8 Batch:  41 Loss: 0.2474 Accuracy Train: 90.232%
Epoch:  8 Batch:  51 Loss: 0.2547 Accuracy Train: 90.245%
Epoch:  8 Batch:  61 Loss: 0.2566 Accuracy Train: 90.265%
Epoch:  8 Batch:  71 Loss: 0.2495 Accuracy Train: 90.306%
Epoch:  8 Batch:  81 Loss: 0.2490 Accuracy Train: 90.297%
Epoch:  8 Batch:  91 Loss: 0.2370 Accuracy Train: 90.279%
Epoch:  8 Batch: 101 Loss: 0.2538 Accuracy Train: 90.296%
Epoch:  9 Batch:   1 Loss: 0.2529 Accuracy Train: 90.580%
Epoch:  9 Batch:  11 Loss: 0.2516 Accuracy Train: 90.176%
Epoch:  9 Batch:  21 Loss: 0.2392 Accuracy Train: 90.317%
Epoch:  9 Batch:  31 Loss: 0.2473 Accuracy Train: 90.299%
Epoch:  9 Batch:  41 Loss: 0.2602 Accuracy Train: 90.262%
Epoch:  9 Batch:  51 Loss: 0.2591 Accuracy Train: 90.219%
Epoch:  9 Batch:  61 Loss: 0.2530 Accuracy Train: 90.230%
Epoch:  9 Batch:  71 Loss: 0.2526 Accuracy Train: 90.258%
Epoch:  9 Batch:  81 Loss: 0.2354 Accuracy Train: 90.283%
Epoch:  9 Batch:  91 Loss: 0.2765 Accuracy Train: 90.282%
Epoch:  9 Batch: 101 Loss: 0.2509 Accuracy Train: 90.235%
Epoch: 10 Batch:   1 Loss: 0.2453 Accuracy Train: 89.920%
Epoch: 10 Batch:  11 Loss: 0.2431 Accuracy Train: 90.391%
Epoch: 10 Batch:  21 Loss: 0.2439 Accuracy Train: 90.272%
Epoch: 10 Batch:  31 Loss: 0.2442 Accuracy Train: 90.230%
Epoch: 10 Batch:  41 Loss: 0.2488 Accuracy Train: 90.275%
Epoch: 10 Batch:  51 Loss: 0.2557 Accuracy Train: 90.265%
Epoch: 10 Batch:  61 Loss: 0.2437 Accuracy Train: 90.222%
Epoch: 10 Batch:  71 Loss: 0.2641 Accuracy Train: 90.194%
Epoch: 10 Batch:  81 Loss: 0.2615 Accuracy Train: 90.161%
Epoch: 10 Batch:  91 Loss: 0.2600 Accuracy Train: 90.143%
Epoch: 10 Batch: 101 Loss: 0.2589 Accuracy Train: 90.144%
Epoch: 11 Batch:   1 Loss: 0.2446 Accuracy Train: 89.980%
Epoch: 11 Batch:  11 Loss: 0.2494 Accuracy Train: 89.809%
Epoch: 11 Batch:  21 Loss: 0.2469 Accuracy Train: 89.955%
Epoch: 11 Batch:  31 Loss: 0.2474 Accuracy Train: 89.993%
Epoch: 11 Batch:  41 Loss: 0.2588 Accuracy Train: 90.022%
Epoch: 11 Batch:  51 Loss: 0.2512 Accuracy Train: 90.071%
Epoch: 11 Batch:  61 Loss: 0.2555 Accuracy Train: 90.082%
Epoch: 11 Batch:  71 Loss: 0.2602 Accuracy Train: 90.088%
Epoch: 11 Batch:  81 Loss: 0.2437 Accuracy Train: 90.030%
Epoch: 11 Batch:  91 Loss: 0.2464 Accuracy Train: 89.984%
Epoch: 11 Batch: 101 Loss: 0.2625 Accuracy Train: 90.004%
Epoch: 12 Batch:   1 Loss: 0.2510 Accuracy Train: 90.300%
Epoch: 12 Batch:  11 Loss: 0.2503 Accuracy Train: 90.165%
Epoch: 12 Batch:  21 Loss: 0.2512 Accuracy Train: 90.014%
Epoch: 12 Batch:  31 Loss: 0.2447 Accuracy Train: 90.024%
Epoch: 12 Batch:  41 Loss: 0.2386 Accuracy Train: 90.063%
Epoch: 12 Batch:  51 Loss: 0.2557 Accuracy Train: 90.024%
Epoch: 12 Batch:  61 Loss: 0.2532 Accuracy Train: 89.982%
Epoch: 12 Batch:  71 Loss: 0.2533 Accuracy Train: 89.960%
Epoch: 12 Batch:  81 Loss: 0.2612 Accuracy Train: 89.972%
Epoch: 12 Batch:  91 Loss: 0.2402 Accuracy Train: 89.965%
Epoch: 12 Batch: 101 Loss: 0.2533 Accuracy Train: 89.980%
Epoch: 13 Batch:   1 Loss: 0.2674 Accuracy Train: 89.520%
Epoch: 13 Batch:  11 Loss: 0.2504 Accuracy Train: 89.964%
Epoch: 13 Batch:  21 Loss: 0.2511 Accuracy Train: 89.870%
Epoch: 13 Batch:  31 Loss: 0.2490 Accuracy Train: 89.823%
Epoch: 13 Batch:  41 Loss: 0.2451 Accuracy Train: 89.863%
Epoch: 13 Batch:  51 Loss: 0.2507 Accuracy Train: 89.889%
Epoch: 13 Batch:  61 Loss: 0.2455 Accuracy Train: 89.904%
Epoch: 13 Batch:  71 Loss: 0.2450 Accuracy Train: 89.919%
Epoch: 13 Batch:  81 Loss: 0.2539 Accuracy Train: 89.917%
Epoch: 13 Batch:  91 Loss: 0.2489 Accuracy Train: 89.936%
Epoch: 13 Batch: 101 Loss: 0.2298 Accuracy Train: 89.943%
Epoch: 14 Batch:   1 Loss: 0.2513 Accuracy Train: 89.680%
Epoch: 14 Batch:  11 Loss: 0.2523 Accuracy Train: 90.215%
Epoch: 14 Batch:  21 Loss: 0.2434 Accuracy Train: 90.253%
Epoch: 14 Batch:  31 Loss: 0.2561 Accuracy Train: 90.222%
Epoch: 14 Batch:  41 Loss: 0.2468 Accuracy Train: 90.171%
Epoch: 14 Batch:  51 Loss: 0.2385 Accuracy Train: 90.142%
Epoch: 14 Batch:  61 Loss: 0.2610 Accuracy Train: 90.085%
Epoch: 14 Batch:  71 Loss: 0.2472 Accuracy Train: 90.041%
Epoch: 14 Batch:  81 Loss: 0.2401 Accuracy Train: 89.995%
Epoch: 14 Batch:  91 Loss: 0.2752 Accuracy Train: 89.995%
Epoch: 14 Batch: 101 Loss: 0.2570 Accuracy Train: 89.986%
Epoch: 15 Batch:   1 Loss: 0.2521 Accuracy Train: 89.680%
Epoch: 15 Batch:  11 Loss: 0.2395 Accuracy Train: 89.949%
Epoch: 15 Batch:  21 Loss: 0.2452 Accuracy Train: 89.998%
Epoch: 15 Batch:  31 Loss: 0.2447 Accuracy Train: 89.988%
Epoch: 15 Batch:  41 Loss: 0.2435 Accuracy Train: 90.013%
Epoch: 15 Batch:  51 Loss: 0.2548 Accuracy Train: 90.025%
Epoch: 15 Batch:  61 Loss: 0.2384 Accuracy Train: 90.020%
Epoch: 15 Batch:  71 Loss: 0.2580 Accuracy Train: 90.013%
Epoch: 15 Batch:  81 Loss: 0.2424 Accuracy Train: 90.004%
Epoch: 15 Batch:  91 Loss: 0.2696 Accuracy Train: 89.970%
Epoch: 15 Batch: 101 Loss: 0.2489 Accuracy Train: 89.945%
Epoch: 16 Batch:   1 Loss: 0.2532 Accuracy Train: 89.900%
Epoch: 16 Batch:  11 Loss: 0.2505 Accuracy Train: 89.820%
Epoch: 16 Batch:  21 Loss: 0.2472 Accuracy Train: 89.827%
Epoch: 16 Batch:  31 Loss: 0.2432 Accuracy Train: 89.866%
Epoch: 16 Batch:  41 Loss: 0.2456 Accuracy Train: 89.837%
Epoch: 16 Batch:  51 Loss: 0.2430 Accuracy Train: 89.809%
Epoch: 16 Batch:  61 Loss: 0.2604 Accuracy Train: 89.812%
Epoch: 16 Batch:  71 Loss: 0.2531 Accuracy Train: 89.806%
Epoch: 16 Batch:  81 Loss: 0.2406 Accuracy Train: 89.808%
Epoch: 16 Batch:  91 Loss: 0.2436 Accuracy Train: 89.879%
Epoch: 16 Batch: 101 Loss: 0.2415 Accuracy Train: 89.919%
Epoch: 17 Batch:   1 Loss: 0.2480 Accuracy Train: 89.500%
Epoch: 17 Batch:  11 Loss: 0.2372 Accuracy Train: 89.905%
Epoch: 17 Batch:  21 Loss: 0.2436 Accuracy Train: 89.873%
Epoch: 17 Batch:  31 Loss: 0.2365 Accuracy Train: 89.902%
Epoch: 17 Batch:  41 Loss: 0.2630 Accuracy Train: 89.939%
Epoch: 17 Batch:  51 Loss: 0.2602 Accuracy Train: 89.930%
Epoch: 17 Batch:  61 Loss: 0.2435 Accuracy Train: 89.921%
Epoch: 17 Batch:  71 Loss: 0.2452 Accuracy Train: 89.896%
Epoch: 17 Batch:  81 Loss: 0.2588 Accuracy Train: 89.899%
Epoch: 17 Batch:  91 Loss: 0.2507 Accuracy Train: 89.927%
Epoch: 17 Batch: 101 Loss: 0.2515 Accuracy Train: 89.936%
Epoch: 18 Batch:   1 Loss: 0.2566 Accuracy Train: 89.680%
Epoch: 18 Batch:  11 Loss: 0.2530 Accuracy Train: 89.991%
Epoch: 18 Batch:  21 Loss: 0.2596 Accuracy Train: 89.821%
Epoch: 18 Batch:  31 Loss: 0.2321 Accuracy Train: 89.820%
Epoch: 18 Batch:  41 Loss: 0.2409 Accuracy Train: 89.957%
Epoch: 18 Batch:  51 Loss: 0.2593 Accuracy Train: 89.955%
Epoch: 18 Batch:  61 Loss: 0.2363 Accuracy Train: 89.977%
Epoch: 18 Batch:  71 Loss: 0.2510 Accuracy Train: 89.992%
Epoch: 18 Batch:  81 Loss: 0.2532 Accuracy Train: 89.997%
Epoch: 18 Batch:  91 Loss: 0.2430 Accuracy Train: 89.958%
Epoch: 18 Batch: 101 Loss: 0.2547 Accuracy Train: 89.940%
Epoch: 19 Batch:   1 Loss: 0.2439 Accuracy Train: 90.720%
Epoch: 19 Batch:  11 Loss: 0.2517 Accuracy Train: 89.736%
Epoch: 19 Batch:  21 Loss: 0.2482 Accuracy Train: 89.735%
Epoch: 19 Batch:  31 Loss: 0.2525 Accuracy Train: 89.826%
Epoch: 19 Batch:  41 Loss: 0.2508 Accuracy Train: 89.832%
Epoch: 19 Batch:  51 Loss: 0.2538 Accuracy Train: 89.905%
Epoch: 19 Batch:  61 Loss: 0.2564 Accuracy Train: 89.930%
Epoch: 19 Batch:  71 Loss: 0.2452 Accuracy Train: 89.927%
Epoch: 19 Batch:  81 Loss: 0.2561 Accuracy Train: 89.949%
Epoch: 19 Batch:  91 Loss: 0.2444 Accuracy Train: 89.934%
Epoch: 19 Batch: 101 Loss: 0.2581 Accuracy Train: 89.927%

Duration: 59 seconds
