Training DynNetGen(
  (layers): Sequential(
    (0): Sequential(
      (0): Conv2d(1, 32, kernel_size=(3, 3), stride=(1, 1))
      (1): BatchNorm2d(32, eps=1e-05, momentum=0.1, affine=True, track_running_stats=True)
      (2): ReLU()
    )
    (1): Sequential(
      (0): Flatten(start_dim=1, end_dim=-1)
      (1): Linear(in_features=128, out_features=2, bias=True)
    )
  )
) in cuda
=================================================================
Layer (type:depth-idx)                   Param #
=================================================================
DynNetGen                                --
├─Sequential: 1-1                        --
│    └─Sequential: 2-1                   --
│    │    └─Conv2d: 3-1                  320
│    │    └─BatchNorm2d: 3-2             64
│    │    └─ReLU: 3-3                    --
│    └─Sequential: 2-2                   --
│    │    └─Flatten: 3-4                 --
│    │    └─Linear: 3-5                  258
=================================================================
Total params: 642
Trainable params: 642
Non-trainable params: 0
=================================================================
Epoch:  0 Batch:   1 Loss: 0.7620 Accuracy Train: 44.120%
Epoch:  0 Batch:  11 Loss: 0.6054 Accuracy Train: 62.118%
Epoch:  0 Batch:  21 Loss: 0.5895 Accuracy Train: 65.843%
Epoch:  0 Batch:  31 Loss: 0.5747 Accuracy Train: 67.964%
Epoch:  0 Batch:  41 Loss: 0.5598 Accuracy Train: 69.066%
Epoch:  0 Batch:  51 Loss: 0.5454 Accuracy Train: 70.012%
Epoch:  0 Batch:  61 Loss: 0.5278 Accuracy Train: 70.832%
Epoch:  0 Batch:  71 Loss: 0.5211 Accuracy Train: 71.648%
Epoch:  0 Batch:  81 Loss: 0.5094 Accuracy Train: 72.591%
Epoch:  0 Batch:  91 Loss: 0.5095 Accuracy Train: 73.179%
Epoch:  0 Batch: 101 Loss: 0.5055 Accuracy Train: 73.775%
Epoch:  0 Batch: 111 Loss: 0.4806 Accuracy Train: 74.396%
Epoch:  0 Batch: 121 Loss: 0.4912 Accuracy Train: 74.967%
Epoch:  0 Batch: 131 Loss: 0.4845 Accuracy Train: 75.463%
Epoch:  0 Batch: 141 Loss: 0.4729 Accuracy Train: 75.868%
Epoch:  0 Batch: 151 Loss: 0.4711 Accuracy Train: 76.195%
Epoch:  0 Batch: 161 Loss: 0.4787 Accuracy Train: 76.490%
Epoch:  0 Batch: 171 Loss: 0.4718 Accuracy Train: 76.768%
Epoch:  0 Batch: 181 Loss: 0.4450 Accuracy Train: 77.117%
Epoch:  1 Batch:   1 Loss: 0.4358 Accuracy Train: 84.300%
Epoch:  1 Batch:  11 Loss: 0.4727 Accuracy Train: 82.113%
Epoch:  1 Batch:  21 Loss: 0.4515 Accuracy Train: 82.120%
Epoch:  1 Batch:  31 Loss: 0.4453 Accuracy Train: 82.048%
Epoch:  1 Batch:  41 Loss: 0.4481 Accuracy Train: 82.236%
Epoch:  1 Batch:  51 Loss: 0.4359 Accuracy Train: 82.545%
Epoch:  1 Batch:  61 Loss: 0.4273 Accuracy Train: 82.667%
Epoch:  1 Batch:  71 Loss: 0.4267 Accuracy Train: 82.874%
Epoch:  1 Batch:  81 Loss: 0.4559 Accuracy Train: 82.877%
Epoch:  1 Batch:  91 Loss: 0.4265 Accuracy Train: 82.977%
Epoch:  1 Batch: 101 Loss: 0.4152 Accuracy Train: 83.031%
Epoch:  1 Batch: 111 Loss: 0.4233 Accuracy Train: 83.113%
Epoch:  1 Batch: 121 Loss: 0.4140 Accuracy Train: 83.172%
Epoch:  1 Batch: 131 Loss: 0.4093 Accuracy Train: 83.219%
Epoch:  1 Batch: 141 Loss: 0.4141 Accuracy Train: 83.255%
Epoch:  1 Batch: 151 Loss: 0.3987 Accuracy Train: 83.294%
Epoch:  1 Batch: 161 Loss: 0.4169 Accuracy Train: 83.331%
Epoch:  1 Batch: 171 Loss: 0.4117 Accuracy Train: 83.369%
Epoch:  1 Batch: 181 Loss: 0.4150 Accuracy Train: 83.394%
Epoch:  2 Batch:   1 Loss: 0.4119 Accuracy Train: 83.720%
Epoch:  2 Batch:  11 Loss: 0.4229 Accuracy Train: 82.820%
Epoch:  2 Batch:  21 Loss: 0.4033 Accuracy Train: 83.294%
Epoch:  2 Batch:  31 Loss: 0.4171 Accuracy Train: 83.506%
Epoch:  2 Batch:  41 Loss: 0.4105 Accuracy Train: 83.686%
Epoch:  2 Batch:  51 Loss: 0.4218 Accuracy Train: 83.600%
Epoch:  2 Batch:  61 Loss: 0.4081 Accuracy Train: 83.663%
Epoch:  2 Batch:  71 Loss: 0.4033 Accuracy Train: 83.688%
Epoch:  2 Batch:  81 Loss: 0.4036 Accuracy Train: 83.706%
Epoch:  2 Batch:  91 Loss: 0.4085 Accuracy Train: 83.721%
Epoch:  2 Batch: 101 Loss: 0.4031 Accuracy Train: 83.730%
Epoch:  2 Batch: 111 Loss: 0.4274 Accuracy Train: 83.752%
Epoch:  2 Batch: 121 Loss: 0.4092 Accuracy Train: 83.768%
Epoch:  2 Batch: 131 Loss: 0.4153 Accuracy Train: 83.742%
Epoch:  2 Batch: 141 Loss: 0.3974 Accuracy Train: 83.738%
Epoch:  2 Batch: 151 Loss: 0.3946 Accuracy Train: 83.738%
Epoch:  2 Batch: 161 Loss: 0.4142 Accuracy Train: 83.729%
Epoch:  2 Batch: 171 Loss: 0.4040 Accuracy Train: 83.737%
Epoch:  2 Batch: 181 Loss: 0.3844 Accuracy Train: 83.760%
Epoch:  3 Batch:   1 Loss: 0.4098 Accuracy Train: 83.880%
Epoch:  3 Batch:  11 Loss: 0.4049 Accuracy Train: 83.864%
Epoch:  3 Batch:  21 Loss: 0.3955 Accuracy Train: 84.036%
Epoch:  3 Batch:  31 Loss: 0.3956 Accuracy Train: 83.870%
Epoch:  3 Batch:  41 Loss: 0.3997 Accuracy Train: 83.761%
Epoch:  3 Batch:  51 Loss: 0.3959 Accuracy Train: 83.807%
Epoch:  3 Batch:  61 Loss: 0.3972 Accuracy Train: 83.802%
Epoch:  3 Batch:  71 Loss: 0.3877 Accuracy Train: 83.763%
Epoch:  3 Batch:  81 Loss: 0.3948 Accuracy Train: 83.768%
Epoch:  3 Batch:  91 Loss: 0.3890 Accuracy Train: 83.792%
Epoch:  3 Batch: 101 Loss: 0.3886 Accuracy Train: 83.784%
Epoch:  3 Batch: 111 Loss: 0.3996 Accuracy Train: 83.784%
Epoch:  3 Batch: 121 Loss: 0.3880 Accuracy Train: 83.798%
Epoch:  3 Batch: 131 Loss: 0.4017 Accuracy Train: 83.818%
Epoch:  3 Batch: 141 Loss: 0.3974 Accuracy Train: 83.835%
Epoch:  3 Batch: 151 Loss: 0.3724 Accuracy Train: 83.843%
Epoch:  3 Batch: 161 Loss: 0.4107 Accuracy Train: 83.842%
Epoch:  3 Batch: 171 Loss: 0.3991 Accuracy Train: 83.847%
Epoch:  3 Batch: 181 Loss: 0.4065 Accuracy Train: 83.835%
Epoch:  4 Batch:   1 Loss: 0.4237 Accuracy Train: 83.680%
Epoch:  4 Batch:  11 Loss: 0.4155 Accuracy Train: 83.400%
Epoch:  4 Batch:  21 Loss: 0.4172 Accuracy Train: 83.611%
Epoch:  4 Batch:  31 Loss: 0.4110 Accuracy Train: 83.690%
Epoch:  4 Batch:  41 Loss: 0.4078 Accuracy Train: 83.800%
Epoch:  4 Batch:  51 Loss: 0.4031 Accuracy Train: 83.793%
Epoch:  4 Batch:  61 Loss: 0.3998 Accuracy Train: 83.814%
Epoch:  4 Batch:  71 Loss: 0.4290 Accuracy Train: 83.805%
Epoch:  4 Batch:  81 Loss: 0.3870 Accuracy Train: 83.807%
Epoch:  4 Batch:  91 Loss: 0.3879 Accuracy Train: 83.838%
Epoch:  4 Batch: 101 Loss: 0.3898 Accuracy Train: 83.841%
Epoch:  4 Batch: 111 Loss: 0.4061 Accuracy Train: 83.838%
Epoch:  4 Batch: 121 Loss: 0.3926 Accuracy Train: 83.827%
Epoch:  4 Batch: 131 Loss: 0.3822 Accuracy Train: 83.817%
Epoch:  4 Batch: 141 Loss: 0.3713 Accuracy Train: 83.817%
Epoch:  4 Batch: 151 Loss: 0.3943 Accuracy Train: 83.812%
Epoch:  4 Batch: 161 Loss: 0.3883 Accuracy Train: 83.822%
Epoch:  4 Batch: 171 Loss: 0.4100 Accuracy Train: 83.828%
Epoch:  4 Batch: 181 Loss: 0.3939 Accuracy Train: 83.819%
Epoch:  5 Batch:   1 Loss: 0.3897 Accuracy Train: 84.120%
Epoch:  5 Batch:  11 Loss: 0.4035 Accuracy Train: 83.749%
Epoch:  5 Batch:  21 Loss: 0.3976 Accuracy Train: 83.851%
Epoch:  5 Batch:  31 Loss: 0.3895 Accuracy Train: 83.837%
Epoch:  5 Batch:  41 Loss: 0.4033 Accuracy Train: 83.900%
Epoch:  5 Batch:  51 Loss: 0.4164 Accuracy Train: 83.887%
Epoch:  5 Batch:  61 Loss: 0.3830 Accuracy Train: 83.916%
Epoch:  5 Batch:  71 Loss: 0.3873 Accuracy Train: 83.948%
Epoch:  5 Batch:  81 Loss: 0.3913 Accuracy Train: 83.921%
Epoch:  5 Batch:  91 Loss: 0.3806 Accuracy Train: 83.923%
Epoch:  5 Batch: 101 Loss: 0.4136 Accuracy Train: 83.933%
Epoch:  5 Batch: 111 Loss: 0.3862 Accuracy Train: 83.928%
Epoch:  5 Batch: 121 Loss: 0.3838 Accuracy Train: 83.920%
Epoch:  5 Batch: 131 Loss: 0.3931 Accuracy Train: 83.921%
Epoch:  5 Batch: 141 Loss: 0.3940 Accuracy Train: 83.924%
Epoch:  5 Batch: 151 Loss: 0.3804 Accuracy Train: 83.922%
Epoch:  5 Batch: 161 Loss: 0.3996 Accuracy Train: 83.914%
Epoch:  5 Batch: 171 Loss: 0.4016 Accuracy Train: 83.926%
Epoch:  5 Batch: 181 Loss: 0.3918 Accuracy Train: 83.934%
Epoch:  6 Batch:   1 Loss: 0.3684 Accuracy Train: 85.200%
Epoch:  6 Batch:  11 Loss: 0.3953 Accuracy Train: 84.087%
Epoch:  6 Batch:  21 Loss: 0.3929 Accuracy Train: 84.017%
Epoch:  6 Batch:  31 Loss: 0.4154 Accuracy Train: 84.033%
Epoch:  6 Batch:  41 Loss: 0.4011 Accuracy Train: 84.040%
Epoch:  6 Batch:  51 Loss: 0.3882 Accuracy Train: 84.023%
Epoch:  6 Batch:  61 Loss: 0.3827 Accuracy Train: 83.964%
Epoch:  6 Batch:  71 Loss: 0.3993 Accuracy Train: 83.964%
Epoch:  6 Batch:  81 Loss: 0.3973 Accuracy Train: 83.947%
Epoch:  6 Batch:  91 Loss: 0.4063 Accuracy Train: 83.944%
Epoch:  6 Batch: 101 Loss: 0.3952 Accuracy Train: 83.927%
Epoch:  6 Batch: 111 Loss: 0.3902 Accuracy Train: 83.951%
Epoch:  6 Batch: 121 Loss: 0.3967 Accuracy Train: 83.923%
Epoch:  6 Batch: 131 Loss: 0.3901 Accuracy Train: 83.927%
Epoch:  6 Batch: 141 Loss: 0.4070 Accuracy Train: 83.944%
Epoch:  6 Batch: 151 Loss: 0.3904 Accuracy Train: 83.963%
Epoch:  6 Batch: 161 Loss: 0.3855 Accuracy Train: 83.952%
Epoch:  6 Batch: 171 Loss: 0.3966 Accuracy Train: 83.965%
Epoch:  6 Batch: 181 Loss: 0.3884 Accuracy Train: 83.970%
Epoch:  7 Batch:   1 Loss: 0.3859 Accuracy Train: 84.200%
Epoch:  7 Batch:  11 Loss: 0.3754 Accuracy Train: 83.913%
Epoch:  7 Batch:  21 Loss: 0.3754 Accuracy Train: 84.154%
Epoch:  7 Batch:  31 Loss: 0.3862 Accuracy Train: 84.072%
Epoch:  7 Batch:  41 Loss: 0.3765 Accuracy Train: 84.085%
Epoch:  7 Batch:  51 Loss: 0.3778 Accuracy Train: 84.123%
Epoch:  7 Batch:  61 Loss: 0.3875 Accuracy Train: 84.083%
Epoch:  7 Batch:  71 Loss: 0.3904 Accuracy Train: 84.069%
Epoch:  7 Batch:  81 Loss: 0.3884 Accuracy Train: 84.031%
Epoch:  7 Batch:  91 Loss: 0.3834 Accuracy Train: 84.057%
Epoch:  7 Batch: 101 Loss: 0.3966 Accuracy Train: 84.049%
Epoch:  7 Batch: 111 Loss: 0.3888 Accuracy Train: 84.078%
Epoch:  7 Batch: 121 Loss: 0.3886 Accuracy Train: 84.058%
Epoch:  7 Batch: 131 Loss: 0.3899 Accuracy Train: 84.044%
Epoch:  7 Batch: 141 Loss: 0.3771 Accuracy Train: 84.075%
Epoch:  7 Batch: 151 Loss: 0.3896 Accuracy Train: 84.052%
Epoch:  7 Batch: 161 Loss: 0.3914 Accuracy Train: 84.039%
Epoch:  7 Batch: 171 Loss: 0.3878 Accuracy Train: 84.049%
Epoch:  7 Batch: 181 Loss: 0.3854 Accuracy Train: 84.077%
Epoch:  8 Batch:   1 Loss: 0.3838 Accuracy Train: 84.940%
Epoch:  8 Batch:  11 Loss: 0.3861 Accuracy Train: 84.207%
Epoch:  8 Batch:  21 Loss: 0.3785 Accuracy Train: 84.156%
Epoch:  8 Batch:  31 Loss: 0.3752 Accuracy Train: 84.217%
Epoch:  8 Batch:  41 Loss: 0.3817 Accuracy Train: 84.122%
Epoch:  8 Batch:  51 Loss: 0.3708 Accuracy Train: 84.125%
Epoch:  8 Batch:  61 Loss: 0.3926 Accuracy Train: 84.125%
Epoch:  8 Batch:  71 Loss: 0.3990 Accuracy Train: 84.148%
Epoch:  8 Batch:  81 Loss: 0.4026 Accuracy Train: 84.131%
Epoch:  8 Batch:  91 Loss: 0.3884 Accuracy Train: 84.162%
Epoch:  8 Batch: 101 Loss: 0.3810 Accuracy Train: 84.158%
Epoch:  8 Batch: 111 Loss: 0.3867 Accuracy Train: 84.123%
Epoch:  8 Batch: 121 Loss: 0.3846 Accuracy Train: 84.114%
Epoch:  8 Batch: 131 Loss: 0.3986 Accuracy Train: 84.109%
Epoch:  8 Batch: 141 Loss: 0.3875 Accuracy Train: 84.108%
Epoch:  8 Batch: 151 Loss: 0.3973 Accuracy Train: 84.131%
Epoch:  8 Batch: 161 Loss: 0.3924 Accuracy Train: 84.129%
Epoch:  8 Batch: 171 Loss: 0.3667 Accuracy Train: 84.143%
Epoch:  8 Batch: 181 Loss: 0.3908 Accuracy Train: 84.153%
Epoch:  9 Batch:   1 Loss: 0.4041 Accuracy Train: 83.480%
Epoch:  9 Batch:  11 Loss: 0.3808 Accuracy Train: 83.755%
Epoch:  9 Batch:  21 Loss: 0.3942 Accuracy Train: 83.985%
Epoch:  9 Batch:  31 Loss: 0.3788 Accuracy Train: 83.961%
Epoch:  9 Batch:  41 Loss: 0.4063 Accuracy Train: 84.014%
Epoch:  9 Batch:  51 Loss: 0.3668 Accuracy Train: 84.138%
Epoch:  9 Batch:  61 Loss: 0.3987 Accuracy Train: 84.121%
Epoch:  9 Batch:  71 Loss: 0.3789 Accuracy Train: 84.144%
Epoch:  9 Batch:  81 Loss: 0.3979 Accuracy Train: 84.169%
Epoch:  9 Batch:  91 Loss: 0.3909 Accuracy Train: 84.168%
Epoch:  9 Batch: 101 Loss: 0.3796 Accuracy Train: 84.198%
Epoch:  9 Batch: 111 Loss: 0.3795 Accuracy Train: 84.179%
Epoch:  9 Batch: 121 Loss: 0.3754 Accuracy Train: 84.175%
Epoch:  9 Batch: 131 Loss: 0.3876 Accuracy Train: 84.168%
Epoch:  9 Batch: 141 Loss: 0.3932 Accuracy Train: 84.181%
Epoch:  9 Batch: 151 Loss: 0.4198 Accuracy Train: 84.196%
Epoch:  9 Batch: 161 Loss: 0.3701 Accuracy Train: 84.207%
Epoch:  9 Batch: 171 Loss: 0.4054 Accuracy Train: 84.220%
Epoch:  9 Batch: 181 Loss: 0.3842 Accuracy Train: 84.229%
Epoch: 10 Batch:   1 Loss: 0.3853 Accuracy Train: 84.480%
Epoch: 10 Batch:  11 Loss: 0.3763 Accuracy Train: 84.615%
Epoch: 10 Batch:  21 Loss: 0.3990 Accuracy Train: 84.492%
Epoch: 10 Batch:  31 Loss: 0.3874 Accuracy Train: 84.435%
Epoch: 10 Batch:  41 Loss: 0.3697 Accuracy Train: 84.405%
Epoch: 10 Batch:  51 Loss: 0.3723 Accuracy Train: 84.484%
Epoch: 10 Batch:  61 Loss: 0.3971 Accuracy Train: 84.459%
Epoch: 10 Batch:  71 Loss: 0.3940 Accuracy Train: 84.417%
Epoch: 10 Batch:  81 Loss: 0.3866 Accuracy Train: 84.411%
Epoch: 10 Batch:  91 Loss: 0.3864 Accuracy Train: 84.405%
Epoch: 10 Batch: 101 Loss: 0.3747 Accuracy Train: 84.368%
Epoch: 10 Batch: 111 Loss: 0.3666 Accuracy Train: 84.401%
Epoch: 10 Batch: 121 Loss: 0.4017 Accuracy Train: 84.396%
Epoch: 10 Batch: 131 Loss: 0.3932 Accuracy Train: 84.360%
Epoch: 10 Batch: 141 Loss: 0.3832 Accuracy Train: 84.354%
Epoch: 10 Batch: 151 Loss: 0.3782 Accuracy Train: 84.369%
Epoch: 10 Batch: 161 Loss: 0.3557 Accuracy Train: 84.373%
Epoch: 10 Batch: 171 Loss: 0.3850 Accuracy Train: 84.376%
Epoch: 10 Batch: 181 Loss: 0.4080 Accuracy Train: 84.351%
Epoch: 11 Batch:   1 Loss: 0.3994 Accuracy Train: 84.800%
Epoch: 11 Batch:  11 Loss: 0.3798 Accuracy Train: 84.045%
Epoch: 11 Batch:  21 Loss: 0.4087 Accuracy Train: 83.979%
Epoch: 11 Batch:  31 Loss: 0.3756 Accuracy Train: 84.181%
Epoch: 11 Batch:  41 Loss: 0.3900 Accuracy Train: 84.232%
Epoch: 11 Batch:  51 Loss: 0.3725 Accuracy Train: 84.265%
Epoch: 11 Batch:  61 Loss: 0.4139 Accuracy Train: 84.234%
Epoch: 11 Batch:  71 Loss: 0.3958 Accuracy Train: 84.226%
Epoch: 11 Batch:  81 Loss: 0.3874 Accuracy Train: 84.180%
Epoch: 11 Batch:  91 Loss: 0.3882 Accuracy Train: 84.208%
Epoch: 11 Batch: 101 Loss: 0.3827 Accuracy Train: 84.205%
Epoch: 11 Batch: 111 Loss: 0.3745 Accuracy Train: 84.193%
Epoch: 11 Batch: 121 Loss: 0.3839 Accuracy Train: 84.222%
Epoch: 11 Batch: 131 Loss: 0.3884 Accuracy Train: 84.204%
Epoch: 11 Batch: 141 Loss: 0.3728 Accuracy Train: 84.210%
Epoch: 11 Batch: 151 Loss: 0.3985 Accuracy Train: 84.230%
Epoch: 11 Batch: 161 Loss: 0.3739 Accuracy Train: 84.244%
Epoch: 11 Batch: 171 Loss: 0.4076 Accuracy Train: 84.256%
Epoch: 11 Batch: 181 Loss: 0.3667 Accuracy Train: 84.266%
Epoch: 12 Batch:   1 Loss: 0.3938 Accuracy Train: 83.580%
Epoch: 12 Batch:  11 Loss: 0.3856 Accuracy Train: 84.602%
Epoch: 12 Batch:  21 Loss: 0.3783 Accuracy Train: 84.519%
Epoch: 12 Batch:  31 Loss: 0.3827 Accuracy Train: 84.457%
Epoch: 12 Batch:  41 Loss: 0.3959 Accuracy Train: 84.439%
Epoch: 12 Batch:  51 Loss: 0.3926 Accuracy Train: 84.392%
Epoch: 12 Batch:  61 Loss: 0.3803 Accuracy Train: 84.386%
Epoch: 12 Batch:  71 Loss: 0.3733 Accuracy Train: 84.411%
Epoch: 12 Batch:  81 Loss: 0.4006 Accuracy Train: 84.410%
Epoch: 12 Batch:  91 Loss: 0.3817 Accuracy Train: 84.418%
Epoch: 12 Batch: 101 Loss: 0.3868 Accuracy Train: 84.416%
Epoch: 12 Batch: 111 Loss: 0.3792 Accuracy Train: 84.412%
Epoch: 12 Batch: 121 Loss: 0.4002 Accuracy Train: 84.400%
Epoch: 12 Batch: 131 Loss: 0.3963 Accuracy Train: 84.362%
Epoch: 12 Batch: 141 Loss: 0.3650 Accuracy Train: 84.335%
Epoch: 12 Batch: 151 Loss: 0.3896 Accuracy Train: 84.322%
Epoch: 12 Batch: 161 Loss: 0.3754 Accuracy Train: 84.340%
Epoch: 12 Batch: 171 Loss: 0.3756 Accuracy Train: 84.335%
Epoch: 12 Batch: 181 Loss: 0.3813 Accuracy Train: 84.313%
Epoch: 13 Batch:   1 Loss: 0.3843 Accuracy Train: 83.820%
Epoch: 13 Batch:  11 Loss: 0.3648 Accuracy Train: 84.491%
Epoch: 13 Batch:  21 Loss: 0.3832 Accuracy Train: 84.255%
Epoch: 13 Batch:  31 Loss: 0.3968 Accuracy Train: 84.290%
Epoch: 13 Batch:  41 Loss: 0.3714 Accuracy Train: 84.337%
Epoch: 13 Batch:  51 Loss: 0.4061 Accuracy Train: 84.252%
Epoch: 13 Batch:  61 Loss: 0.3908 Accuracy Train: 84.264%
Epoch: 13 Batch:  71 Loss: 0.3694 Accuracy Train: 84.296%
Epoch: 13 Batch:  81 Loss: 0.3868 Accuracy Train: 84.303%
Epoch: 13 Batch:  91 Loss: 0.3836 Accuracy Train: 84.298%
Epoch: 13 Batch: 101 Loss: 0.3824 Accuracy Train: 84.257%
Epoch: 13 Batch: 111 Loss: 0.3752 Accuracy Train: 84.282%
Epoch: 13 Batch: 121 Loss: 0.3965 Accuracy Train: 84.264%
Epoch: 13 Batch: 131 Loss: 0.3924 Accuracy Train: 84.280%
Epoch: 13 Batch: 141 Loss: 0.3890 Accuracy Train: 84.276%
Epoch: 13 Batch: 151 Loss: 0.3779 Accuracy Train: 84.267%
Epoch: 13 Batch: 161 Loss: 0.3879 Accuracy Train: 84.264%
Epoch: 13 Batch: 171 Loss: 0.3793 Accuracy Train: 84.274%
Epoch: 13 Batch: 181 Loss: 0.3913 Accuracy Train: 84.266%
Epoch: 14 Batch:   1 Loss: 0.3736 Accuracy Train: 84.520%
Epoch: 14 Batch:  11 Loss: 0.3922 Accuracy Train: 84.076%
Epoch: 14 Batch:  21 Loss: 0.3832 Accuracy Train: 84.254%
Epoch: 14 Batch:  31 Loss: 0.3750 Accuracy Train: 84.304%
Epoch: 14 Batch:  41 Loss: 0.3906 Accuracy Train: 84.238%
Epoch: 14 Batch:  51 Loss: 0.3882 Accuracy Train: 84.316%
Epoch: 14 Batch:  61 Loss: 0.3911 Accuracy Train: 84.309%
Epoch: 14 Batch:  71 Loss: 0.3715 Accuracy Train: 84.385%
Epoch: 14 Batch:  81 Loss: 0.4043 Accuracy Train: 84.336%
Epoch: 14 Batch:  91 Loss: 0.3913 Accuracy Train: 84.369%
Epoch: 14 Batch: 101 Loss: 0.3959 Accuracy Train: 84.363%
Epoch: 14 Batch: 111 Loss: 0.3829 Accuracy Train: 84.355%
Epoch: 14 Batch: 121 Loss: 0.3897 Accuracy Train: 84.370%
Epoch: 14 Batch: 131 Loss: 0.3860 Accuracy Train: 84.378%
Epoch: 14 Batch: 141 Loss: 0.3813 Accuracy Train: 84.364%
Epoch: 14 Batch: 151 Loss: 0.3882 Accuracy Train: 84.371%
Epoch: 14 Batch: 161 Loss: 0.3907 Accuracy Train: 84.366%
Epoch: 14 Batch: 171 Loss: 0.3805 Accuracy Train: 84.359%
Epoch: 14 Batch: 181 Loss: 0.3828 Accuracy Train: 84.345%
Epoch: 15 Batch:   1 Loss: 0.3763 Accuracy Train: 84.940%
Epoch: 15 Batch:  11 Loss: 0.3997 Accuracy Train: 84.367%
Epoch: 15 Batch:  21 Loss: 0.4043 Accuracy Train: 84.179%
Epoch: 15 Batch:  31 Loss: 0.3857 Accuracy Train: 84.169%
Epoch: 15 Batch:  41 Loss: 0.3879 Accuracy Train: 84.169%
Epoch: 15 Batch:  51 Loss: 0.3985 Accuracy Train: 84.245%
Epoch: 15 Batch:  61 Loss: 0.3811 Accuracy Train: 84.240%
Epoch: 15 Batch:  71 Loss: 0.3763 Accuracy Train: 84.230%
Epoch: 15 Batch:  81 Loss: 0.3902 Accuracy Train: 84.291%
Epoch: 15 Batch:  91 Loss: 0.3884 Accuracy Train: 84.291%
Epoch: 15 Batch: 101 Loss: 0.3859 Accuracy Train: 84.295%
Epoch: 15 Batch: 111 Loss: 0.3927 Accuracy Train: 84.272%
Epoch: 15 Batch: 121 Loss: 0.3769 Accuracy Train: 84.290%
Epoch: 15 Batch: 131 Loss: 0.3771 Accuracy Train: 84.291%
Epoch: 15 Batch: 141 Loss: 0.3790 Accuracy Train: 84.310%
Epoch: 15 Batch: 151 Loss: 0.4056 Accuracy Train: 84.288%
Epoch: 15 Batch: 161 Loss: 0.3682 Accuracy Train: 84.287%
Epoch: 15 Batch: 171 Loss: 0.3860 Accuracy Train: 84.296%
Epoch: 15 Batch: 181 Loss: 0.3904 Accuracy Train: 84.277%
Epoch: 16 Batch:   1 Loss: 0.3858 Accuracy Train: 84.380%
Epoch: 16 Batch:  11 Loss: 0.3689 Accuracy Train: 84.245%
Epoch: 16 Batch:  21 Loss: 0.3875 Accuracy Train: 84.361%
Epoch: 16 Batch:  31 Loss: 0.3820 Accuracy Train: 84.315%
Epoch: 16 Batch:  41 Loss: 0.3784 Accuracy Train: 84.338%
Epoch: 16 Batch:  51 Loss: 0.3806 Accuracy Train: 84.283%
Epoch: 16 Batch:  61 Loss: 0.3742 Accuracy Train: 84.253%
Epoch: 16 Batch:  71 Loss: 0.3945 Accuracy Train: 84.247%
Epoch: 16 Batch:  81 Loss: 0.3798 Accuracy Train: 84.247%
Epoch: 16 Batch:  91 Loss: 0.3837 Accuracy Train: 84.252%
Epoch: 16 Batch: 101 Loss: 0.3797 Accuracy Train: 84.261%
Epoch: 16 Batch: 111 Loss: 0.3845 Accuracy Train: 84.263%
Epoch: 16 Batch: 121 Loss: 0.3914 Accuracy Train: 84.272%
Epoch: 16 Batch: 131 Loss: 0.3879 Accuracy Train: 84.262%
Epoch: 16 Batch: 141 Loss: 0.3760 Accuracy Train: 84.278%
Epoch: 16 Batch: 151 Loss: 0.3847 Accuracy Train: 84.290%
Epoch: 16 Batch: 161 Loss: 0.3731 Accuracy Train: 84.268%
Epoch: 16 Batch: 171 Loss: 0.3806 Accuracy Train: 84.274%
Epoch: 16 Batch: 181 Loss: 0.3827 Accuracy Train: 84.274%
Epoch: 17 Batch:   1 Loss: 0.4007 Accuracy Train: 83.340%
Epoch: 17 Batch:  11 Loss: 0.3855 Accuracy Train: 84.511%
Epoch: 17 Batch:  21 Loss: 0.3792 Accuracy Train: 84.223%
Epoch: 17 Batch:  31 Loss: 0.3928 Accuracy Train: 84.237%
Epoch: 17 Batch:  41 Loss: 0.3878 Accuracy Train: 84.258%
Epoch: 17 Batch:  51 Loss: 0.3830 Accuracy Train: 84.263%
Epoch: 17 Batch:  61 Loss: 0.3885 Accuracy Train: 84.302%
Epoch: 17 Batch:  71 Loss: 0.3674 Accuracy Train: 84.325%
Epoch: 17 Batch:  81 Loss: 0.3743 Accuracy Train: 84.326%
Epoch: 17 Batch:  91 Loss: 0.3908 Accuracy Train: 84.316%
Epoch: 17 Batch: 101 Loss: 0.3794 Accuracy Train: 84.294%
Epoch: 17 Batch: 111 Loss: 0.3768 Accuracy Train: 84.291%
Epoch: 17 Batch: 121 Loss: 0.3755 Accuracy Train: 84.280%
Epoch: 17 Batch: 131 Loss: 0.3790 Accuracy Train: 84.287%
Epoch: 17 Batch: 141 Loss: 0.3890 Accuracy Train: 84.269%
Epoch: 17 Batch: 151 Loss: 0.3604 Accuracy Train: 84.258%
Epoch: 17 Batch: 161 Loss: 0.3739 Accuracy Train: 84.270%
Epoch: 17 Batch: 171 Loss: 0.3815 Accuracy Train: 84.275%
Epoch: 17 Batch: 181 Loss: 0.3935 Accuracy Train: 84.267%
Epoch: 18 Batch:   1 Loss: 0.3851 Accuracy Train: 83.480%
Epoch: 18 Batch:  11 Loss: 0.3705 Accuracy Train: 84.585%
Epoch: 18 Batch:  21 Loss: 0.3901 Accuracy Train: 84.203%
Epoch: 18 Batch:  31 Loss: 0.3814 Accuracy Train: 84.208%
Epoch: 18 Batch:  41 Loss: 0.3786 Accuracy Train: 84.244%
Epoch: 18 Batch:  51 Loss: 0.3871 Accuracy Train: 84.176%
Epoch: 18 Batch:  61 Loss: 0.3789 Accuracy Train: 84.232%
Epoch: 18 Batch:  71 Loss: 0.3725 Accuracy Train: 84.236%
Epoch: 18 Batch:  81 Loss: 0.3790 Accuracy Train: 84.247%
Epoch: 18 Batch:  91 Loss: 0.3719 Accuracy Train: 84.272%
Epoch: 18 Batch: 101 Loss: 0.3848 Accuracy Train: 84.240%
Epoch: 18 Batch: 111 Loss: 0.3733 Accuracy Train: 84.242%
Epoch: 18 Batch: 121 Loss: 0.3889 Accuracy Train: 84.257%
Epoch: 18 Batch: 131 Loss: 0.3724 Accuracy Train: 84.256%
Epoch: 18 Batch: 141 Loss: 0.3801 Accuracy Train: 84.255%
Epoch: 18 Batch: 151 Loss: 0.3844 Accuracy Train: 84.254%
Epoch: 18 Batch: 161 Loss: 0.3805 Accuracy Train: 84.260%
Epoch: 18 Batch: 171 Loss: 0.3861 Accuracy Train: 84.255%
Epoch: 18 Batch: 181 Loss: 0.3840 Accuracy Train: 84.249%
Epoch: 19 Batch:   1 Loss: 0.3717 Accuracy Train: 84.400%
Epoch: 19 Batch:  11 Loss: 0.3777 Accuracy Train: 84.360%
Epoch: 19 Batch:  21 Loss: 0.3993 Accuracy Train: 84.253%
Epoch: 19 Batch:  31 Loss: 0.3848 Accuracy Train: 84.221%
Epoch: 19 Batch:  41 Loss: 0.3773 Accuracy Train: 84.255%
Epoch: 19 Batch:  51 Loss: 0.3871 Accuracy Train: 84.240%
Epoch: 19 Batch:  61 Loss: 0.3913 Accuracy Train: 84.256%
Epoch: 19 Batch:  71 Loss: 0.3899 Accuracy Train: 84.269%
Epoch: 19 Batch:  81 Loss: 0.3762 Accuracy Train: 84.300%
Epoch: 19 Batch:  91 Loss: 0.3779 Accuracy Train: 84.267%
Epoch: 19 Batch: 101 Loss: 0.3739 Accuracy Train: 84.234%
Epoch: 19 Batch: 111 Loss: 0.3769 Accuracy Train: 84.244%
Epoch: 19 Batch: 121 Loss: 0.3746 Accuracy Train: 84.250%
Epoch: 19 Batch: 131 Loss: 0.3720 Accuracy Train: 84.230%
Epoch: 19 Batch: 141 Loss: 0.3801 Accuracy Train: 84.216%
Epoch: 19 Batch: 151 Loss: 0.3852 Accuracy Train: 84.225%
Epoch: 19 Batch: 161 Loss: 0.3789 Accuracy Train: 84.229%
Epoch: 19 Batch: 171 Loss: 0.3844 Accuracy Train: 84.228%
Epoch: 19 Batch: 181 Loss: 0.3852 Accuracy Train: 84.222%

Duration: 168 seconds
