Training DynNetGen(
  (layers): Sequential(
    (0): Sequential(
      (0): Flatten(start_dim=1, end_dim=-1)
      (1): Linear(in_features=49, out_features=2, bias=True)
    )
  )
) in cuda
=================================================================
Layer (type:depth-idx)                   Param #
=================================================================
DynNetGen                                --
├─Sequential: 1-1                        --
│    └─Sequential: 2-1                   --
│    │    └─Flatten: 3-1                 --
│    │    └─Linear: 3-2                  100
=================================================================
Total params: 100
Trainable params: 100
Non-trainable params: 0
=================================================================
Epoch:  0 Batch:   1 Loss: 0.6873 Accuracy Train: 54.320%
Epoch:  0 Batch:  11 Loss: 0.5205 Accuracy Train: 81.567%
Epoch:  0 Batch:  21 Loss: 0.4243 Accuracy Train: 83.701%
Epoch:  0 Batch:  31 Loss: 0.3604 Accuracy Train: 84.405%
Epoch:  0 Batch:  41 Loss: 0.3368 Accuracy Train: 84.727%
Epoch:  0 Batch:  51 Loss: 0.3248 Accuracy Train: 84.928%
Epoch:  0 Batch:  61 Loss: 0.3176 Accuracy Train: 85.211%
Epoch:  0 Batch:  71 Loss: 0.3110 Accuracy Train: 85.434%
Epoch:  0 Batch:  81 Loss: 0.3032 Accuracy Train: 85.629%
Epoch:  0 Batch:  91 Loss: 0.2870 Accuracy Train: 85.810%
Epoch:  0 Batch: 101 Loss: 0.2849 Accuracy Train: 86.013%
Epoch:  1 Batch:   1 Loss: 0.2870 Accuracy Train: 87.960%
Epoch:  1 Batch:  11 Loss: 0.2748 Accuracy Train: 87.705%
Epoch:  1 Batch:  21 Loss: 0.2894 Accuracy Train: 87.765%
Epoch:  1 Batch:  31 Loss: 0.2747 Accuracy Train: 87.822%
Epoch:  1 Batch:  41 Loss: 0.2783 Accuracy Train: 87.963%
Epoch:  1 Batch:  51 Loss: 0.2810 Accuracy Train: 88.170%
Epoch:  1 Batch:  61 Loss: 0.2617 Accuracy Train: 88.364%
Epoch:  1 Batch:  71 Loss: 0.2659 Accuracy Train: 88.714%
Epoch:  1 Batch:  81 Loss: 0.2624 Accuracy Train: 89.060%
Epoch:  1 Batch:  91 Loss: 0.2637 Accuracy Train: 89.329%
Epoch:  1 Batch: 101 Loss: 0.2793 Accuracy Train: 89.549%
Epoch:  2 Batch:   1 Loss: 0.2541 Accuracy Train: 91.940%
Epoch:  2 Batch:  11 Loss: 0.2534 Accuracy Train: 91.582%
Epoch:  2 Batch:  21 Loss: 0.2523 Accuracy Train: 91.478%
Epoch:  2 Batch:  31 Loss: 0.2568 Accuracy Train: 91.485%
Epoch:  2 Batch:  41 Loss: 0.2413 Accuracy Train: 91.489%
Epoch:  2 Batch:  51 Loss: 0.2547 Accuracy Train: 91.369%
Epoch:  2 Batch:  61 Loss: 0.2625 Accuracy Train: 91.216%
Epoch:  2 Batch:  71 Loss: 0.2451 Accuracy Train: 91.139%
Epoch:  2 Batch:  81 Loss: 0.2632 Accuracy Train: 91.053%
Epoch:  2 Batch:  91 Loss: 0.2562 Accuracy Train: 91.009%
Epoch:  2 Batch: 101 Loss: 0.2481 Accuracy Train: 90.989%
Epoch:  3 Batch:   1 Loss: 0.2594 Accuracy Train: 90.140%
Epoch:  3 Batch:  11 Loss: 0.2424 Accuracy Train: 90.596%
Epoch:  3 Batch:  21 Loss: 0.2521 Accuracy Train: 90.596%
Epoch:  3 Batch:  31 Loss: 0.2562 Accuracy Train: 90.582%
Epoch:  3 Batch:  41 Loss: 0.2412 Accuracy Train: 90.661%
Epoch:  3 Batch:  51 Loss: 0.2612 Accuracy Train: 90.628%
Epoch:  3 Batch:  61 Loss: 0.2406 Accuracy Train: 90.620%
Epoch:  3 Batch:  71 Loss: 0.2588 Accuracy Train: 90.670%
Epoch:  3 Batch:  81 Loss: 0.2516 Accuracy Train: 90.642%
Epoch:  3 Batch:  91 Loss: 0.2467 Accuracy Train: 90.654%
Epoch:  3 Batch: 101 Loss: 0.2418 Accuracy Train: 90.639%
Epoch:  4 Batch:   1 Loss: 0.2445 Accuracy Train: 91.020%
Epoch:  4 Batch:  11 Loss: 0.2420 Accuracy Train: 91.060%
Epoch:  4 Batch:  21 Loss: 0.2563 Accuracy Train: 90.909%
Epoch:  4 Batch:  31 Loss: 0.2402 Accuracy Train: 90.853%
Epoch:  4 Batch:  41 Loss: 0.2543 Accuracy Train: 90.777%
Epoch:  4 Batch:  51 Loss: 0.2559 Accuracy Train: 90.758%
Epoch:  4 Batch:  61 Loss: 0.2468 Accuracy Train: 90.735%
Epoch:  4 Batch:  71 Loss: 0.2492 Accuracy Train: 90.692%
Epoch:  4 Batch:  81 Loss: 0.2517 Accuracy Train: 90.686%
Epoch:  4 Batch:  91 Loss: 0.2514 Accuracy Train: 90.700%
Epoch:  4 Batch: 101 Loss: 0.2551 Accuracy Train: 90.697%
Epoch:  5 Batch:   1 Loss: 0.2408 Accuracy Train: 91.040%
Epoch:  5 Batch:  11 Loss: 0.2655 Accuracy Train: 90.747%
Epoch:  5 Batch:  21 Loss: 0.2516 Accuracy Train: 90.757%
Epoch:  5 Batch:  31 Loss: 0.2429 Accuracy Train: 90.803%
Epoch:  5 Batch:  41 Loss: 0.2497 Accuracy Train: 90.755%
Epoch:  5 Batch:  51 Loss: 0.2426 Accuracy Train: 90.718%
Epoch:  5 Batch:  61 Loss: 0.2444 Accuracy Train: 90.715%
Epoch:  5 Batch:  71 Loss: 0.2533 Accuracy Train: 90.687%
Epoch:  5 Batch:  81 Loss: 0.2485 Accuracy Train: 90.713%
Epoch:  5 Batch:  91 Loss: 0.2603 Accuracy Train: 90.725%
Epoch:  5 Batch: 101 Loss: 0.2584 Accuracy Train: 90.723%
Epoch:  6 Batch:   1 Loss: 0.2267 Accuracy Train: 91.620%
Epoch:  6 Batch:  11 Loss: 0.2369 Accuracy Train: 90.882%
Epoch:  6 Batch:  21 Loss: 0.2531 Accuracy Train: 90.836%
Epoch:  6 Batch:  31 Loss: 0.2407 Accuracy Train: 90.778%
Epoch:  6 Batch:  41 Loss: 0.2463 Accuracy Train: 90.753%
Epoch:  6 Batch:  51 Loss: 0.2449 Accuracy Train: 90.748%
Epoch:  6 Batch:  61 Loss: 0.2497 Accuracy Train: 90.730%
Epoch:  6 Batch:  71 Loss: 0.2527 Accuracy Train: 90.724%
Epoch:  6 Batch:  81 Loss: 0.2539 Accuracy Train: 90.716%
Epoch:  6 Batch:  91 Loss: 0.2431 Accuracy Train: 90.718%
Epoch:  6 Batch: 101 Loss: 0.2592 Accuracy Train: 90.715%
Epoch:  7 Batch:   1 Loss: 0.2436 Accuracy Train: 90.620%
Epoch:  7 Batch:  11 Loss: 0.2485 Accuracy Train: 90.676%
Epoch:  7 Batch:  21 Loss: 0.2458 Accuracy Train: 90.784%
Epoch:  7 Batch:  31 Loss: 0.2418 Accuracy Train: 90.741%
Epoch:  7 Batch:  41 Loss: 0.2477 Accuracy Train: 90.748%
Epoch:  7 Batch:  51 Loss: 0.2455 Accuracy Train: 90.745%
Epoch:  7 Batch:  61 Loss: 0.2525 Accuracy Train: 90.767%
Epoch:  7 Batch:  71 Loss: 0.2419 Accuracy Train: 90.766%
Epoch:  7 Batch:  81 Loss: 0.2414 Accuracy Train: 90.722%
Epoch:  7 Batch:  91 Loss: 0.2373 Accuracy Train: 90.708%
Epoch:  7 Batch: 101 Loss: 0.2516 Accuracy Train: 90.723%
Epoch:  8 Batch:   1 Loss: 0.2407 Accuracy Train: 90.460%
Epoch:  8 Batch:  11 Loss: 0.2419 Accuracy Train: 90.540%
Epoch:  8 Batch:  21 Loss: 0.2465 Accuracy Train: 90.574%
Epoch:  8 Batch:  31 Loss: 0.2447 Accuracy Train: 90.613%
Epoch:  8 Batch:  41 Loss: 0.2474 Accuracy Train: 90.645%
Epoch:  8 Batch:  51 Loss: 0.2266 Accuracy Train: 90.655%
Epoch:  8 Batch:  61 Loss: 0.2572 Accuracy Train: 90.685%
Epoch:  8 Batch:  71 Loss: 0.2337 Accuracy Train: 90.691%
Epoch:  8 Batch:  81 Loss: 0.2476 Accuracy Train: 90.684%
Epoch:  8 Batch:  91 Loss: 0.2489 Accuracy Train: 90.681%
Epoch:  8 Batch: 101 Loss: 0.2369 Accuracy Train: 90.702%
Epoch:  9 Batch:   1 Loss: 0.2441 Accuracy Train: 91.220%
Epoch:  9 Batch:  11 Loss: 0.2357 Accuracy Train: 90.918%
Epoch:  9 Batch:  21 Loss: 0.2335 Accuracy Train: 90.873%
Epoch:  9 Batch:  31 Loss: 0.2527 Accuracy Train: 90.809%
Epoch:  9 Batch:  41 Loss: 0.2422 Accuracy Train: 90.843%
Epoch:  9 Batch:  51 Loss: 0.2629 Accuracy Train: 90.767%
Epoch:  9 Batch:  61 Loss: 0.2335 Accuracy Train: 90.759%
Epoch:  9 Batch:  71 Loss: 0.2565 Accuracy Train: 90.729%
Epoch:  9 Batch:  81 Loss: 0.2554 Accuracy Train: 90.721%
Epoch:  9 Batch:  91 Loss: 0.2540 Accuracy Train: 90.701%
Epoch:  9 Batch: 101 Loss: 0.2581 Accuracy Train: 90.698%
Epoch: 10 Batch:   1 Loss: 0.2464 Accuracy Train: 90.740%
Epoch: 10 Batch:  11 Loss: 0.2499 Accuracy Train: 90.836%
Epoch: 10 Batch:  21 Loss: 0.2405 Accuracy Train: 90.774%
Epoch: 10 Batch:  31 Loss: 0.2510 Accuracy Train: 90.731%
Epoch: 10 Batch:  41 Loss: 0.2611 Accuracy Train: 90.745%
Epoch: 10 Batch:  51 Loss: 0.2429 Accuracy Train: 90.791%
Epoch: 10 Batch:  61 Loss: 0.2562 Accuracy Train: 90.757%
Epoch: 10 Batch:  71 Loss: 0.2669 Accuracy Train: 90.733%
Epoch: 10 Batch:  81 Loss: 0.2347 Accuracy Train: 90.712%
Epoch: 10 Batch:  91 Loss: 0.2563 Accuracy Train: 90.705%
Epoch: 10 Batch: 101 Loss: 0.2489 Accuracy Train: 90.707%
Epoch: 11 Batch:   1 Loss: 0.2401 Accuracy Train: 91.020%
Epoch: 11 Batch:  11 Loss: 0.2384 Accuracy Train: 90.787%
Epoch: 11 Batch:  21 Loss: 0.2473 Accuracy Train: 90.724%
Epoch: 11 Batch:  31 Loss: 0.2400 Accuracy Train: 90.782%
Epoch: 11 Batch:  41 Loss: 0.2474 Accuracy Train: 90.720%
Epoch: 11 Batch:  51 Loss: 0.2542 Accuracy Train: 90.768%
Epoch: 11 Batch:  61 Loss: 0.2502 Accuracy Train: 90.761%
Epoch: 11 Batch:  71 Loss: 0.2400 Accuracy Train: 90.756%
Epoch: 11 Batch:  81 Loss: 0.2362 Accuracy Train: 90.724%
Epoch: 11 Batch:  91 Loss: 0.2439 Accuracy Train: 90.718%
Epoch: 11 Batch: 101 Loss: 0.2588 Accuracy Train: 90.707%
Epoch: 12 Batch:   1 Loss: 0.2452 Accuracy Train: 90.780%
Epoch: 12 Batch:  11 Loss: 0.2568 Accuracy Train: 90.538%
Epoch: 12 Batch:  21 Loss: 0.2487 Accuracy Train: 90.673%
Epoch: 12 Batch:  31 Loss: 0.2283 Accuracy Train: 90.735%
Epoch: 12 Batch:  41 Loss: 0.2550 Accuracy Train: 90.759%
Epoch: 12 Batch:  51 Loss: 0.2428 Accuracy Train: 90.659%
Epoch: 12 Batch:  61 Loss: 0.2460 Accuracy Train: 90.692%
Epoch: 12 Batch:  71 Loss: 0.2611 Accuracy Train: 90.646%
Epoch: 12 Batch:  81 Loss: 0.2542 Accuracy Train: 90.641%
Epoch: 12 Batch:  91 Loss: 0.2487 Accuracy Train: 90.608%
Epoch: 12 Batch: 101 Loss: 0.2547 Accuracy Train: 90.636%
Epoch: 13 Batch:   1 Loss: 0.2627 Accuracy Train: 90.160%
Epoch: 13 Batch:  11 Loss: 0.2358 Accuracy Train: 90.684%
Epoch: 13 Batch:  21 Loss: 0.2511 Accuracy Train: 90.672%
Epoch: 13 Batch:  31 Loss: 0.2417 Accuracy Train: 90.726%
Epoch: 13 Batch:  41 Loss: 0.2430 Accuracy Train: 90.730%
Epoch: 13 Batch:  51 Loss: 0.2471 Accuracy Train: 90.720%
Epoch: 13 Batch:  61 Loss: 0.2362 Accuracy Train: 90.666%
Epoch: 13 Batch:  71 Loss: 0.2458 Accuracy Train: 90.695%
Epoch: 13 Batch:  81 Loss: 0.2418 Accuracy Train: 90.683%
Epoch: 13 Batch:  91 Loss: 0.2525 Accuracy Train: 90.683%
Epoch: 13 Batch: 101 Loss: 0.2469 Accuracy Train: 90.687%
Epoch: 14 Batch:   1 Loss: 0.2596 Accuracy Train: 89.620%
Epoch: 14 Batch:  11 Loss: 0.2576 Accuracy Train: 90.502%
Epoch: 14 Batch:  21 Loss: 0.2383 Accuracy Train: 90.567%
Epoch: 14 Batch:  31 Loss: 0.2635 Accuracy Train: 90.575%
Epoch: 14 Batch:  41 Loss: 0.2428 Accuracy Train: 90.602%
Epoch: 14 Batch:  51 Loss: 0.2465 Accuracy Train: 90.657%
Epoch: 14 Batch:  61 Loss: 0.2481 Accuracy Train: 90.690%
Epoch: 14 Batch:  71 Loss: 0.2419 Accuracy Train: 90.697%
Epoch: 14 Batch:  81 Loss: 0.2528 Accuracy Train: 90.688%
Epoch: 14 Batch:  91 Loss: 0.2367 Accuracy Train: 90.689%
Epoch: 14 Batch: 101 Loss: 0.2515 Accuracy Train: 90.690%
Epoch: 15 Batch:   1 Loss: 0.2596 Accuracy Train: 90.360%
Epoch: 15 Batch:  11 Loss: 0.2417 Accuracy Train: 90.818%
Epoch: 15 Batch:  21 Loss: 0.2508 Accuracy Train: 90.674%
Epoch: 15 Batch:  31 Loss: 0.2462 Accuracy Train: 90.731%
Epoch: 15 Batch:  41 Loss: 0.2415 Accuracy Train: 90.759%
Epoch: 15 Batch:  51 Loss: 0.2363 Accuracy Train: 90.726%
Epoch: 15 Batch:  61 Loss: 0.2393 Accuracy Train: 90.726%
Epoch: 15 Batch:  71 Loss: 0.2505 Accuracy Train: 90.699%
Epoch: 15 Batch:  81 Loss: 0.2522 Accuracy Train: 90.691%
Epoch: 15 Batch:  91 Loss: 0.2547 Accuracy Train: 90.688%
Epoch: 15 Batch: 101 Loss: 0.2441 Accuracy Train: 90.699%
Epoch: 16 Batch:   1 Loss: 0.2438 Accuracy Train: 90.800%
Epoch: 16 Batch:  11 Loss: 0.2637 Accuracy Train: 90.527%
Epoch: 16 Batch:  21 Loss: 0.2446 Accuracy Train: 90.600%
Epoch: 16 Batch:  31 Loss: 0.2398 Accuracy Train: 90.661%
Epoch: 16 Batch:  41 Loss: 0.2513 Accuracy Train: 90.624%
Epoch: 16 Batch:  51 Loss: 0.2430 Accuracy Train: 90.670%
Epoch: 16 Batch:  61 Loss: 0.2470 Accuracy Train: 90.694%
Epoch: 16 Batch:  71 Loss: 0.2438 Accuracy Train: 90.715%
Epoch: 16 Batch:  81 Loss: 0.2460 Accuracy Train: 90.703%
Epoch: 16 Batch:  91 Loss: 0.2413 Accuracy Train: 90.712%
Epoch: 16 Batch: 101 Loss: 0.2444 Accuracy Train: 90.705%
Epoch: 17 Batch:   1 Loss: 0.2436 Accuracy Train: 90.860%
Epoch: 17 Batch:  11 Loss: 0.2337 Accuracy Train: 90.704%
Epoch: 17 Batch:  21 Loss: 0.2616 Accuracy Train: 90.768%
Epoch: 17 Batch:  31 Loss: 0.2502 Accuracy Train: 90.683%
Epoch: 17 Batch:  41 Loss: 0.2333 Accuracy Train: 90.694%
Epoch: 17 Batch:  51 Loss: 0.2454 Accuracy Train: 90.678%
Epoch: 17 Batch:  61 Loss: 0.2389 Accuracy Train: 90.703%
Epoch: 17 Batch:  71 Loss: 0.2420 Accuracy Train: 90.685%
Epoch: 17 Batch:  81 Loss: 0.2346 Accuracy Train: 90.696%
Epoch: 17 Batch:  91 Loss: 0.2465 Accuracy Train: 90.679%
Epoch: 17 Batch: 101 Loss: 0.2346 Accuracy Train: 90.691%
Epoch: 18 Batch:   1 Loss: 0.2352 Accuracy Train: 91.320%
Epoch: 18 Batch:  11 Loss: 0.2412 Accuracy Train: 90.785%
Epoch: 18 Batch:  21 Loss: 0.2553 Accuracy Train: 90.727%
Epoch: 18 Batch:  31 Loss: 0.2454 Accuracy Train: 90.744%
Epoch: 18 Batch:  41 Loss: 0.2509 Accuracy Train: 90.733%
Epoch: 18 Batch:  51 Loss: 0.2474 Accuracy Train: 90.709%
Epoch: 18 Batch:  61 Loss: 0.2509 Accuracy Train: 90.693%
Epoch: 18 Batch:  71 Loss: 0.2516 Accuracy Train: 90.697%
Epoch: 18 Batch:  81 Loss: 0.2565 Accuracy Train: 90.710%
Epoch: 18 Batch:  91 Loss: 0.2416 Accuracy Train: 90.720%
Epoch: 18 Batch: 101 Loss: 0.2442 Accuracy Train: 90.709%
Epoch: 19 Batch:   1 Loss: 0.2342 Accuracy Train: 91.220%
Epoch: 19 Batch:  11 Loss: 0.2529 Accuracy Train: 90.733%
Epoch: 19 Batch:  21 Loss: 0.2430 Accuracy Train: 90.750%
Epoch: 19 Batch:  31 Loss: 0.2545 Accuracy Train: 90.650%
Epoch: 19 Batch:  41 Loss: 0.2410 Accuracy Train: 90.617%
Epoch: 19 Batch:  51 Loss: 0.2447 Accuracy Train: 90.635%
Epoch: 19 Batch:  61 Loss: 0.2280 Accuracy Train: 90.661%
Epoch: 19 Batch:  71 Loss: 0.2400 Accuracy Train: 90.655%
Epoch: 19 Batch:  81 Loss: 0.2401 Accuracy Train: 90.681%
Epoch: 19 Batch:  91 Loss: 0.2542 Accuracy Train: 90.682%
Epoch: 19 Batch: 101 Loss: 0.2388 Accuracy Train: 90.696%

Duration: 85 seconds
