Training DynNetGen(
  (layers): Sequential(
    (0): Sequential(
      (0): Conv2d(1, 32, kernel_size=(3, 3), stride=(1, 1))
      (1): BatchNorm2d(32, eps=1e-05, momentum=0.1, affine=True, track_running_stats=True)
      (2): ReLU()
    )
    (1): Sequential(
      (0): Flatten(start_dim=1, end_dim=-1)
      (1): Linear(in_features=800, out_features=2, bias=True)
    )
  )
) in cuda
=================================================================
Layer (type:depth-idx)                   Param #
=================================================================
DynNetGen                                --
├─Sequential: 1-1                        --
│    └─Sequential: 2-1                   --
│    │    └─Conv2d: 3-1                  320
│    │    └─BatchNorm2d: 3-2             64
│    │    └─ReLU: 3-3                    --
│    └─Sequential: 2-2                   --
│    │    └─Flatten: 3-4                 --
│    │    └─Linear: 3-5                  1,602
=================================================================
Total params: 1,986
Trainable params: 1,986
Non-trainable params: 0
=================================================================
Epoch:  0 Batch:   1 Loss: 0.7868 Accuracy Train: 46.860%
Epoch:  0 Batch:  11 Loss: 0.3850 Accuracy Train: 75.987%
Epoch:  0 Batch:  21 Loss: 0.3279 Accuracy Train: 78.675%
Epoch:  0 Batch:  31 Loss: 0.3068 Accuracy Train: 80.492%
Epoch:  0 Batch:  41 Loss: 0.2956 Accuracy Train: 81.756%
Epoch:  1 Batch:   1 Loss: 0.2948 Accuracy Train: 86.380%
Epoch:  1 Batch:  11 Loss: 0.2766 Accuracy Train: 86.340%
Epoch:  1 Batch:  21 Loss: 0.2622 Accuracy Train: 86.350%
Epoch:  1 Batch:  31 Loss: 0.2395 Accuracy Train: 86.418%
Epoch:  1 Batch:  41 Loss: 0.2444 Accuracy Train: 86.446%
Epoch:  2 Batch:   1 Loss: 0.2396 Accuracy Train: 86.420%
Epoch:  2 Batch:  11 Loss: 0.2274 Accuracy Train: 86.920%
Epoch:  2 Batch:  21 Loss: 0.2343 Accuracy Train: 86.873%
Epoch:  2 Batch:  31 Loss: 0.2288 Accuracy Train: 86.788%
Epoch:  2 Batch:  41 Loss: 0.2179 Accuracy Train: 87.078%
Epoch:  3 Batch:   1 Loss: 0.2269 Accuracy Train: 86.020%
Epoch:  3 Batch:  11 Loss: 0.2129 Accuracy Train: 87.069%
Epoch:  3 Batch:  21 Loss: 0.2073 Accuracy Train: 87.431%
Epoch:  3 Batch:  31 Loss: 0.2220 Accuracy Train: 87.413%
Epoch:  3 Batch:  41 Loss: 0.2118 Accuracy Train: 87.411%
Epoch:  4 Batch:   1 Loss: 0.2220 Accuracy Train: 87.060%
Epoch:  4 Batch:  11 Loss: 0.2121 Accuracy Train: 87.587%
Epoch:  4 Batch:  21 Loss: 0.2215 Accuracy Train: 87.913%
Epoch:  4 Batch:  31 Loss: 0.2136 Accuracy Train: 87.867%
Epoch:  4 Batch:  41 Loss: 0.2117 Accuracy Train: 88.072%
Epoch:  5 Batch:   1 Loss: 0.2112 Accuracy Train: 86.840%
Epoch:  5 Batch:  11 Loss: 0.2094 Accuracy Train: 89.360%
Epoch:  5 Batch:  21 Loss: 0.2080 Accuracy Train: 89.748%
Epoch:  5 Batch:  31 Loss: 0.2134 Accuracy Train: 88.988%
Epoch:  5 Batch:  41 Loss: 0.2211 Accuracy Train: 88.613%
Epoch:  6 Batch:   1 Loss: 0.2074 Accuracy Train: 90.020%
Epoch:  6 Batch:  11 Loss: 0.2069 Accuracy Train: 88.145%
Epoch:  6 Batch:  21 Loss: 0.2160 Accuracy Train: 88.307%
Epoch:  6 Batch:  31 Loss: 0.2043 Accuracy Train: 88.255%
Epoch:  6 Batch:  41 Loss: 0.2097 Accuracy Train: 88.344%
Epoch:  7 Batch:   1 Loss: 0.2059 Accuracy Train: 88.540%
Epoch:  7 Batch:  11 Loss: 0.2161 Accuracy Train: 89.353%
Epoch:  7 Batch:  21 Loss: 0.2088 Accuracy Train: 89.074%
Epoch:  7 Batch:  31 Loss: 0.2108 Accuracy Train: 89.455%
Epoch:  7 Batch:  41 Loss: 0.2227 Accuracy Train: 89.380%
Epoch:  8 Batch:   1 Loss: 0.2020 Accuracy Train: 86.940%
Epoch:  8 Batch:  11 Loss: 0.2030 Accuracy Train: 89.591%
Epoch:  8 Batch:  21 Loss: 0.2118 Accuracy Train: 90.030%
Epoch:  8 Batch:  31 Loss: 0.1995 Accuracy Train: 89.694%
Epoch:  8 Batch:  41 Loss: 0.2007 Accuracy Train: 89.431%
Epoch:  9 Batch:   1 Loss: 0.2036 Accuracy Train: 86.760%
Epoch:  9 Batch:  11 Loss: 0.2010 Accuracy Train: 88.298%
Epoch:  9 Batch:  21 Loss: 0.2051 Accuracy Train: 89.138%
Epoch:  9 Batch:  31 Loss: 0.1982 Accuracy Train: 89.316%
Epoch:  9 Batch:  41 Loss: 0.1988 Accuracy Train: 89.332%
Epoch: 10 Batch:   1 Loss: 0.1925 Accuracy Train: 89.760%
Epoch: 10 Batch:  11 Loss: 0.1982 Accuracy Train: 88.605%
Epoch: 10 Batch:  21 Loss: 0.2011 Accuracy Train: 89.413%
Epoch: 10 Batch:  31 Loss: 0.2046 Accuracy Train: 90.052%
Epoch: 10 Batch:  41 Loss: 0.2139 Accuracy Train: 89.841%
Epoch: 11 Batch:   1 Loss: 0.1896 Accuracy Train: 89.300%
Epoch: 11 Batch:  11 Loss: 0.2038 Accuracy Train: 88.175%
Epoch: 11 Batch:  21 Loss: 0.2120 Accuracy Train: 88.239%
Epoch: 11 Batch:  31 Loss: 0.2008 Accuracy Train: 88.209%
Epoch: 11 Batch:  41 Loss: 0.2105 Accuracy Train: 88.240%
Epoch: 12 Batch:   1 Loss: 0.1968 Accuracy Train: 88.960%
Epoch: 12 Batch:  11 Loss: 0.2163 Accuracy Train: 88.502%
Epoch: 12 Batch:  21 Loss: 0.2016 Accuracy Train: 88.462%
Epoch: 12 Batch:  31 Loss: 0.2012 Accuracy Train: 88.501%
Epoch: 12 Batch:  41 Loss: 0.2147 Accuracy Train: 88.466%
Epoch: 13 Batch:   1 Loss: 0.1897 Accuracy Train: 89.620%
Epoch: 13 Batch:  11 Loss: 0.2064 Accuracy Train: 91.527%
Epoch: 13 Batch:  21 Loss: 0.1892 Accuracy Train: 92.053%
Epoch: 13 Batch:  31 Loss: 0.2015 Accuracy Train: 91.450%
Epoch: 13 Batch:  41 Loss: 0.2042 Accuracy Train: 90.902%
Epoch: 14 Batch:   1 Loss: 0.1963 Accuracy Train: 93.800%
Epoch: 14 Batch:  11 Loss: 0.1877 Accuracy Train: 92.433%
Epoch: 14 Batch:  21 Loss: 0.1945 Accuracy Train: 92.427%
Epoch: 14 Batch:  31 Loss: 0.1898 Accuracy Train: 91.647%
Epoch: 14 Batch:  41 Loss: 0.1937 Accuracy Train: 91.464%
Epoch: 15 Batch:   1 Loss: 0.1912 Accuracy Train: 91.860%
Epoch: 15 Batch:  11 Loss: 0.1948 Accuracy Train: 90.645%
Epoch: 15 Batch:  21 Loss: 0.2062 Accuracy Train: 89.366%
Epoch: 15 Batch:  31 Loss: 0.1986 Accuracy Train: 89.737%
Epoch: 15 Batch:  41 Loss: 0.1987 Accuracy Train: 90.440%
Epoch: 16 Batch:   1 Loss: 0.1979 Accuracy Train: 91.860%
Epoch: 16 Batch:  11 Loss: 0.1938 Accuracy Train: 91.518%
Epoch: 16 Batch:  21 Loss: 0.1983 Accuracy Train: 91.025%
Epoch: 16 Batch:  31 Loss: 0.1982 Accuracy Train: 90.626%
Epoch: 16 Batch:  41 Loss: 0.1892 Accuracy Train: 90.490%
Epoch: 17 Batch:   1 Loss: 0.1972 Accuracy Train: 87.160%
Epoch: 17 Batch:  11 Loss: 0.1840 Accuracy Train: 91.173%
Epoch: 17 Batch:  21 Loss: 0.1897 Accuracy Train: 91.703%
Epoch: 17 Batch:  31 Loss: 0.1915 Accuracy Train: 91.812%
Epoch: 17 Batch:  41 Loss: 0.1882 Accuracy Train: 91.697%
Epoch: 18 Batch:   1 Loss: 0.1775 Accuracy Train: 92.500%
Epoch: 18 Batch:  11 Loss: 0.1957 Accuracy Train: 90.555%
Epoch: 18 Batch:  21 Loss: 0.1879 Accuracy Train: 90.449%
Epoch: 18 Batch:  31 Loss: 0.1936 Accuracy Train: 89.981%
Epoch: 18 Batch:  41 Loss: 0.1847 Accuracy Train: 90.479%
Epoch: 19 Batch:   1 Loss: 0.1861 Accuracy Train: 92.640%
Epoch: 19 Batch:  11 Loss: 0.1908 Accuracy Train: 92.865%
Epoch: 19 Batch:  21 Loss: 0.1875 Accuracy Train: 92.452%
Epoch: 19 Batch:  31 Loss: 0.1907 Accuracy Train: 92.308%
Epoch: 19 Batch:  41 Loss: 0.1979 Accuracy Train: 91.780%

Duration: 40 seconds
