Training DynNetGen(
  (layers): Sequential(
    (0): Sequential(
      (0): Conv2d(1, 32, kernel_size=(3, 3), stride=(1, 1))
      (1): BatchNorm2d(32, eps=1e-05, momentum=0.1, affine=True, track_running_stats=True)
      (2): ReLU()
    )
    (1): Sequential(
      (0): Conv2d(32, 64, kernel_size=(2, 2), stride=(1, 1))
      (1): BatchNorm2d(64, eps=1e-05, momentum=0.1, affine=True, track_running_stats=True)
      (2): ReLU()
    )
    (2): Sequential(
      (0): Conv2d(64, 128, kernel_size=(2, 2), stride=(1, 1))
      (1): BatchNorm2d(128, eps=1e-05, momentum=0.1, affine=True, track_running_stats=True)
      (2): ReLU()
    )
    (3): Sequential(
      (0): Flatten(start_dim=1, end_dim=-1)
      (1): Linear(in_features=1152, out_features=2, bias=True)
    )
  )
) in cuda
=================================================================
Layer (type:depth-idx)                   Param #
=================================================================
DynNetGen                                --
├─Sequential: 1-1                        --
│    └─Sequential: 2-1                   --
│    │    └─Conv2d: 3-1                  320
│    │    └─BatchNorm2d: 3-2             64
│    │    └─ReLU: 3-3                    --
│    └─Sequential: 2-2                   --
│    │    └─Conv2d: 3-4                  8,256
│    │    └─BatchNorm2d: 3-5             128
│    │    └─ReLU: 3-6                    --
│    └─Sequential: 2-3                   --
│    │    └─Conv2d: 3-7                  32,896
│    │    └─BatchNorm2d: 3-8             256
│    │    └─ReLU: 3-9                    --
│    └─Sequential: 2-4                   --
│    │    └─Flatten: 3-10                --
│    │    └─Linear: 3-11                 2,306
=================================================================
Total params: 44,226
Trainable params: 44,226
Non-trainable params: 0
=================================================================
Epoch:  0 Batch:   1 Loss: 0.7286 Accuracy Train: 48.100%
Epoch:  0 Batch:  11 Loss: 0.6220 Accuracy Train: 55.622%
Epoch:  0 Batch:  21 Loss: 0.6687 Accuracy Train: 60.212%
Epoch:  0 Batch:  31 Loss: 0.6081 Accuracy Train: 62.025%
Epoch:  0 Batch:  41 Loss: 0.5979 Accuracy Train: 63.299%
Epoch:  0 Batch:  51 Loss: 0.6066 Accuracy Train: 64.104%
Epoch:  0 Batch:  61 Loss: 0.5986 Accuracy Train: 64.597%
Epoch:  0 Batch:  71 Loss: 0.5835 Accuracy Train: 65.164%
Epoch:  0 Batch:  81 Loss: 0.5728 Accuracy Train: 65.913%
Epoch:  0 Batch:  91 Loss: 0.5570 Accuracy Train: 66.586%
Epoch:  0 Batch: 101 Loss: 0.5714 Accuracy Train: 67.112%
Epoch:  0 Batch: 111 Loss: 0.5412 Accuracy Train: 67.783%
Epoch:  0 Batch: 121 Loss: 0.4907 Accuracy Train: 68.649%
Epoch:  0 Batch: 131 Loss: 0.5563 Accuracy Train: 68.753%
Epoch:  0 Batch: 141 Loss: 0.5144 Accuracy Train: 69.081%
Epoch:  0 Batch: 151 Loss: 0.4737 Accuracy Train: 69.819%
Epoch:  0 Batch: 161 Loss: 0.4542 Accuracy Train: 70.449%
Epoch:  0 Batch: 171 Loss: 0.5487 Accuracy Train: 70.732%
Epoch:  0 Batch: 181 Loss: 0.4582 Accuracy Train: 71.211%
Epoch:  1 Batch:   1 Loss: 0.4723 Accuracy Train: 79.900%
Epoch:  1 Batch:  11 Loss: 0.4372 Accuracy Train: 80.785%
Epoch:  1 Batch:  21 Loss: 0.4127 Accuracy Train: 81.362%
Epoch:  1 Batch:  31 Loss: 0.4148 Accuracy Train: 81.777%
Epoch:  1 Batch:  41 Loss: 0.4173 Accuracy Train: 82.168%
Epoch:  1 Batch:  51 Loss: 0.4194 Accuracy Train: 82.380%
Epoch:  1 Batch:  61 Loss: 0.4526 Accuracy Train: 82.537%
Epoch:  1 Batch:  71 Loss: 0.4187 Accuracy Train: 82.523%
Epoch:  1 Batch:  81 Loss: 0.4035 Accuracy Train: 82.607%
Epoch:  1 Batch:  91 Loss: 0.3951 Accuracy Train: 82.685%
Epoch:  1 Batch: 101 Loss: 0.3991 Accuracy Train: 82.753%
Epoch:  1 Batch: 111 Loss: 0.4067 Accuracy Train: 82.800%
Epoch:  1 Batch: 121 Loss: 0.4014 Accuracy Train: 82.867%
Epoch:  1 Batch: 131 Loss: 0.4094 Accuracy Train: 82.917%
Epoch:  1 Batch: 141 Loss: 0.4073 Accuracy Train: 82.967%
Epoch:  1 Batch: 151 Loss: 0.4019 Accuracy Train: 83.014%
Epoch:  1 Batch: 161 Loss: 0.3980 Accuracy Train: 83.046%
Epoch:  1 Batch: 171 Loss: 0.3945 Accuracy Train: 83.065%
Epoch:  1 Batch: 181 Loss: 0.4074 Accuracy Train: 83.084%
Epoch:  2 Batch:   1 Loss: 0.3963 Accuracy Train: 83.240%
Epoch:  2 Batch:  11 Loss: 0.3919 Accuracy Train: 83.598%
Epoch:  2 Batch:  21 Loss: 0.4029 Accuracy Train: 83.642%
Epoch:  2 Batch:  31 Loss: 0.3904 Accuracy Train: 83.615%
Epoch:  2 Batch:  41 Loss: 0.4090 Accuracy Train: 83.581%
Epoch:  2 Batch:  51 Loss: 0.4279 Accuracy Train: 83.457%
Epoch:  2 Batch:  61 Loss: 0.4154 Accuracy Train: 83.459%
Epoch:  2 Batch:  71 Loss: 0.4240 Accuracy Train: 83.441%
Epoch:  2 Batch:  81 Loss: 0.4092 Accuracy Train: 83.422%
Epoch:  2 Batch:  91 Loss: 0.3918 Accuracy Train: 83.471%
Epoch:  2 Batch: 101 Loss: 0.4010 Accuracy Train: 83.461%
Epoch:  2 Batch: 111 Loss: 0.3832 Accuracy Train: 83.474%
Epoch:  2 Batch: 121 Loss: 0.4058 Accuracy Train: 83.481%
Epoch:  2 Batch: 131 Loss: 0.4069 Accuracy Train: 83.483%
Epoch:  2 Batch: 141 Loss: 0.3952 Accuracy Train: 83.486%
Epoch:  2 Batch: 151 Loss: 0.3928 Accuracy Train: 83.484%
Epoch:  2 Batch: 161 Loss: 0.3873 Accuracy Train: 83.485%
Epoch:  2 Batch: 171 Loss: 0.4059 Accuracy Train: 83.474%
Epoch:  2 Batch: 181 Loss: 0.3893 Accuracy Train: 83.466%
Epoch:  3 Batch:   1 Loss: 0.3967 Accuracy Train: 83.420%
Epoch:  3 Batch:  11 Loss: 0.3839 Accuracy Train: 83.676%
Epoch:  3 Batch:  21 Loss: 0.3976 Accuracy Train: 83.612%
Epoch:  3 Batch:  31 Loss: 0.3963 Accuracy Train: 83.390%
Epoch:  3 Batch:  41 Loss: 0.3929 Accuracy Train: 83.438%
Epoch:  3 Batch:  51 Loss: 0.3870 Accuracy Train: 83.458%
Epoch:  3 Batch:  61 Loss: 0.3928 Accuracy Train: 83.484%
Epoch:  3 Batch:  71 Loss: 0.3905 Accuracy Train: 83.517%
Epoch:  3 Batch:  81 Loss: 0.3914 Accuracy Train: 83.536%
Epoch:  3 Batch:  91 Loss: 0.3994 Accuracy Train: 83.521%
Epoch:  3 Batch: 101 Loss: 0.3875 Accuracy Train: 83.540%
Epoch:  3 Batch: 111 Loss: 0.3836 Accuracy Train: 83.562%
Epoch:  3 Batch: 121 Loss: 0.3925 Accuracy Train: 83.565%
Epoch:  3 Batch: 131 Loss: 0.3954 Accuracy Train: 83.564%
Epoch:  3 Batch: 141 Loss: 0.4082 Accuracy Train: 83.556%
Epoch:  3 Batch: 151 Loss: 0.3914 Accuracy Train: 83.550%
Epoch:  3 Batch: 161 Loss: 0.3908 Accuracy Train: 83.550%
Epoch:  3 Batch: 171 Loss: 0.4052 Accuracy Train: 83.563%
Epoch:  3 Batch: 181 Loss: 0.3874 Accuracy Train: 83.575%
Epoch:  4 Batch:   1 Loss: 0.3871 Accuracy Train: 83.360%
Epoch:  4 Batch:  11 Loss: 0.3907 Accuracy Train: 83.696%
Epoch:  4 Batch:  21 Loss: 0.3804 Accuracy Train: 83.739%
Epoch:  4 Batch:  31 Loss: 0.3885 Accuracy Train: 83.706%
Epoch:  4 Batch:  41 Loss: 0.3814 Accuracy Train: 83.635%
Epoch:  4 Batch:  51 Loss: 0.3896 Accuracy Train: 83.580%
Epoch:  4 Batch:  61 Loss: 0.3864 Accuracy Train: 83.576%
Epoch:  4 Batch:  71 Loss: 0.3916 Accuracy Train: 83.583%
Epoch:  4 Batch:  81 Loss: 0.3737 Accuracy Train: 83.555%
Epoch:  4 Batch:  91 Loss: 0.3918 Accuracy Train: 83.584%
Epoch:  4 Batch: 101 Loss: 0.3797 Accuracy Train: 83.594%
Epoch:  4 Batch: 111 Loss: 0.3798 Accuracy Train: 83.589%
Epoch:  4 Batch: 121 Loss: 0.3785 Accuracy Train: 83.589%
Epoch:  4 Batch: 131 Loss: 0.4186 Accuracy Train: 83.588%
Epoch:  4 Batch: 141 Loss: 0.3953 Accuracy Train: 83.589%
Epoch:  4 Batch: 151 Loss: 0.3842 Accuracy Train: 83.583%
Epoch:  4 Batch: 161 Loss: 0.3866 Accuracy Train: 83.581%
Epoch:  4 Batch: 171 Loss: 0.3924 Accuracy Train: 83.598%
Epoch:  4 Batch: 181 Loss: 0.3715 Accuracy Train: 83.610%
Epoch:  5 Batch:   1 Loss: 0.3952 Accuracy Train: 83.640%
Epoch:  5 Batch:  11 Loss: 0.3973 Accuracy Train: 83.807%
Epoch:  5 Batch:  21 Loss: 0.3755 Accuracy Train: 83.845%
Epoch:  5 Batch:  31 Loss: 0.3826 Accuracy Train: 83.832%
Epoch:  5 Batch:  41 Loss: 0.3956 Accuracy Train: 83.780%
Epoch:  5 Batch:  51 Loss: 0.3877 Accuracy Train: 83.735%
Epoch:  5 Batch:  61 Loss: 0.3762 Accuracy Train: 83.760%
Epoch:  5 Batch:  71 Loss: 0.3962 Accuracy Train: 83.745%
Epoch:  5 Batch:  81 Loss: 0.3858 Accuracy Train: 83.746%
Epoch:  5 Batch:  91 Loss: 0.3908 Accuracy Train: 83.711%
Epoch:  5 Batch: 101 Loss: 0.3804 Accuracy Train: 83.715%
Epoch:  5 Batch: 111 Loss: 0.4075 Accuracy Train: 83.686%
Epoch:  5 Batch: 121 Loss: 0.3843 Accuracy Train: 83.682%
Epoch:  5 Batch: 131 Loss: 0.3985 Accuracy Train: 83.683%
Epoch:  5 Batch: 141 Loss: 0.3857 Accuracy Train: 83.690%
Epoch:  5 Batch: 151 Loss: 0.3798 Accuracy Train: 83.686%
Epoch:  5 Batch: 161 Loss: 0.3802 Accuracy Train: 83.685%
Epoch:  5 Batch: 171 Loss: 0.3778 Accuracy Train: 83.680%
Epoch:  5 Batch: 181 Loss: 0.3728 Accuracy Train: 83.675%
Epoch:  6 Batch:   1 Loss: 0.3680 Accuracy Train: 84.380%
Epoch:  6 Batch:  11 Loss: 0.3841 Accuracy Train: 83.765%
Epoch:  6 Batch:  21 Loss: 0.3742 Accuracy Train: 83.721%
Epoch:  6 Batch:  31 Loss: 0.3877 Accuracy Train: 83.681%
Epoch:  6 Batch:  41 Loss: 0.3892 Accuracy Train: 83.676%
Epoch:  6 Batch:  51 Loss: 0.3800 Accuracy Train: 83.664%
Epoch:  6 Batch:  61 Loss: 0.3806 Accuracy Train: 83.714%
Epoch:  6 Batch:  71 Loss: 0.3791 Accuracy Train: 83.694%
Epoch:  6 Batch:  81 Loss: 0.3961 Accuracy Train: 83.645%
Epoch:  6 Batch:  91 Loss: 0.3807 Accuracy Train: 83.631%
Epoch:  6 Batch: 101 Loss: 0.3871 Accuracy Train: 83.661%
Epoch:  6 Batch: 111 Loss: 0.3902 Accuracy Train: 83.673%
Epoch:  6 Batch: 121 Loss: 0.3757 Accuracy Train: 83.687%
Epoch:  6 Batch: 131 Loss: 0.3690 Accuracy Train: 83.669%
Epoch:  6 Batch: 141 Loss: 0.3735 Accuracy Train: 83.645%
Epoch:  6 Batch: 151 Loss: 0.3964 Accuracy Train: 83.647%
Epoch:  6 Batch: 161 Loss: 0.3969 Accuracy Train: 83.661%
Epoch:  6 Batch: 171 Loss: 0.3984 Accuracy Train: 83.650%
Epoch:  6 Batch: 181 Loss: 0.3898 Accuracy Train: 83.664%
Epoch:  7 Batch:   1 Loss: 0.3856 Accuracy Train: 83.840%
Epoch:  7 Batch:  11 Loss: 0.3966 Accuracy Train: 83.796%
Epoch:  7 Batch:  21 Loss: 0.3691 Accuracy Train: 83.837%
Epoch:  7 Batch:  31 Loss: 0.3648 Accuracy Train: 83.837%
Epoch:  7 Batch:  41 Loss: 0.3667 Accuracy Train: 83.912%
Epoch:  7 Batch:  51 Loss: 0.3777 Accuracy Train: 83.893%
Epoch:  7 Batch:  61 Loss: 0.3921 Accuracy Train: 83.887%
Epoch:  7 Batch:  71 Loss: 0.3788 Accuracy Train: 83.886%
Epoch:  7 Batch:  81 Loss: 0.3944 Accuracy Train: 83.837%
Epoch:  7 Batch:  91 Loss: 0.3853 Accuracy Train: 83.805%
Epoch:  7 Batch: 101 Loss: 0.3821 Accuracy Train: 83.807%
Epoch:  7 Batch: 111 Loss: 0.3799 Accuracy Train: 83.806%
Epoch:  7 Batch: 121 Loss: 0.3947 Accuracy Train: 83.811%
Epoch:  7 Batch: 131 Loss: 0.3831 Accuracy Train: 83.804%
Epoch:  7 Batch: 141 Loss: 0.3752 Accuracy Train: 83.796%
Epoch:  7 Batch: 151 Loss: 0.3865 Accuracy Train: 83.789%
Epoch:  7 Batch: 161 Loss: 0.3831 Accuracy Train: 83.813%
Epoch:  7 Batch: 171 Loss: 0.3717 Accuracy Train: 83.859%
Epoch:  7 Batch: 181 Loss: 0.3640 Accuracy Train: 83.881%
Epoch:  8 Batch:   1 Loss: 0.4644 Accuracy Train: 81.480%
Epoch:  8 Batch:  11 Loss: 0.4059 Accuracy Train: 83.125%
Epoch:  8 Batch:  21 Loss: 0.3988 Accuracy Train: 83.265%
Epoch:  8 Batch:  31 Loss: 0.3803 Accuracy Train: 83.409%
Epoch:  8 Batch:  41 Loss: 0.3985 Accuracy Train: 83.445%
Epoch:  8 Batch:  51 Loss: 0.3860 Accuracy Train: 83.427%
Epoch:  8 Batch:  61 Loss: 0.3998 Accuracy Train: 83.532%
Epoch:  8 Batch:  71 Loss: 0.3864 Accuracy Train: 83.543%
Epoch:  8 Batch:  81 Loss: 0.3885 Accuracy Train: 83.610%
Epoch:  8 Batch:  91 Loss: 0.3697 Accuracy Train: 83.650%
Epoch:  8 Batch: 101 Loss: 0.3707 Accuracy Train: 83.708%
Epoch:  8 Batch: 111 Loss: 0.3668 Accuracy Train: 83.756%
Epoch:  8 Batch: 121 Loss: 0.3803 Accuracy Train: 83.835%
Epoch:  8 Batch: 131 Loss: 0.3882 Accuracy Train: 83.874%
Epoch:  8 Batch: 141 Loss: 0.3658 Accuracy Train: 83.926%
Epoch:  8 Batch: 151 Loss: 0.3742 Accuracy Train: 83.994%
Epoch:  8 Batch: 161 Loss: 0.3804 Accuracy Train: 84.046%
Epoch:  8 Batch: 171 Loss: 0.3707 Accuracy Train: 84.090%
Epoch:  8 Batch: 181 Loss: 0.3714 Accuracy Train: 84.130%
Epoch:  9 Batch:   1 Loss: 0.3623 Accuracy Train: 85.520%
Epoch:  9 Batch:  11 Loss: 0.3680 Accuracy Train: 85.051%
Epoch:  9 Batch:  21 Loss: 0.3714 Accuracy Train: 84.947%
Epoch:  9 Batch:  31 Loss: 0.3651 Accuracy Train: 85.034%
Epoch:  9 Batch:  41 Loss: 0.3854 Accuracy Train: 84.983%
Epoch:  9 Batch:  51 Loss: 0.3761 Accuracy Train: 84.943%
Epoch:  9 Batch:  61 Loss: 0.3803 Accuracy Train: 84.961%
Epoch:  9 Batch:  71 Loss: 0.3947 Accuracy Train: 84.924%
Epoch:  9 Batch:  81 Loss: 0.3698 Accuracy Train: 84.869%
Epoch:  9 Batch:  91 Loss: 0.3737 Accuracy Train: 84.874%
Epoch:  9 Batch: 101 Loss: 0.3679 Accuracy Train: 84.888%
Epoch:  9 Batch: 111 Loss: 0.3737 Accuracy Train: 84.882%
Epoch:  9 Batch: 121 Loss: 0.3505 Accuracy Train: 84.876%
Epoch:  9 Batch: 131 Loss: 0.3672 Accuracy Train: 84.864%
Epoch:  9 Batch: 141 Loss: 0.3539 Accuracy Train: 84.864%
Epoch:  9 Batch: 151 Loss: 0.3775 Accuracy Train: 84.871%
Epoch:  9 Batch: 161 Loss: 0.3723 Accuracy Train: 84.864%
Epoch:  9 Batch: 171 Loss: 0.3461 Accuracy Train: 84.864%
Epoch:  9 Batch: 181 Loss: 0.3588 Accuracy Train: 84.870%
Epoch: 10 Batch:   1 Loss: 0.3581 Accuracy Train: 85.300%
Epoch: 10 Batch:  11 Loss: 0.3486 Accuracy Train: 84.862%
Epoch: 10 Batch:  21 Loss: 0.3545 Accuracy Train: 85.091%
Epoch: 10 Batch:  31 Loss: 0.3435 Accuracy Train: 85.126%
Epoch: 10 Batch:  41 Loss: 0.3637 Accuracy Train: 85.180%
Epoch: 10 Batch:  51 Loss: 0.3604 Accuracy Train: 85.083%
Epoch: 10 Batch:  61 Loss: 0.3603 Accuracy Train: 85.119%
Epoch: 10 Batch:  71 Loss: 0.3557 Accuracy Train: 85.114%
Epoch: 10 Batch:  81 Loss: 0.3553 Accuracy Train: 85.090%
Epoch: 10 Batch:  91 Loss: 0.3631 Accuracy Train: 85.096%
Epoch: 10 Batch: 101 Loss: 0.3714 Accuracy Train: 85.103%
Epoch: 10 Batch: 111 Loss: 0.3620 Accuracy Train: 85.066%
Epoch: 10 Batch: 121 Loss: 0.3867 Accuracy Train: 85.031%
Epoch: 10 Batch: 131 Loss: 0.3743 Accuracy Train: 85.018%
Epoch: 10 Batch: 141 Loss: 0.3651 Accuracy Train: 85.017%
Epoch: 10 Batch: 151 Loss: 0.3639 Accuracy Train: 85.024%
Epoch: 10 Batch: 161 Loss: 0.3687 Accuracy Train: 84.997%
Epoch: 10 Batch: 171 Loss: 0.3652 Accuracy Train: 84.981%
Epoch: 10 Batch: 181 Loss: 0.3578 Accuracy Train: 84.994%
Epoch: 11 Batch:   1 Loss: 0.3707 Accuracy Train: 84.480%
Epoch: 11 Batch:  11 Loss: 0.3628 Accuracy Train: 84.913%
Epoch: 11 Batch:  21 Loss: 0.3544 Accuracy Train: 84.955%
Epoch: 11 Batch:  31 Loss: 0.3636 Accuracy Train: 84.995%
Epoch: 11 Batch:  41 Loss: 0.3492 Accuracy Train: 85.140%
Epoch: 11 Batch:  51 Loss: 0.3516 Accuracy Train: 85.124%
Epoch: 11 Batch:  61 Loss: 0.3621 Accuracy Train: 85.107%
Epoch: 11 Batch:  71 Loss: 0.3621 Accuracy Train: 85.077%
Epoch: 11 Batch:  81 Loss: 0.3619 Accuracy Train: 85.080%
Epoch: 11 Batch:  91 Loss: 0.3671 Accuracy Train: 85.085%
Epoch: 11 Batch: 101 Loss: 0.3526 Accuracy Train: 85.096%
Epoch: 11 Batch: 111 Loss: 0.3658 Accuracy Train: 85.101%
Epoch: 11 Batch: 121 Loss: 0.3583 Accuracy Train: 85.116%
Epoch: 11 Batch: 131 Loss: 0.3612 Accuracy Train: 85.130%
Epoch: 11 Batch: 141 Loss: 0.3567 Accuracy Train: 85.126%
Epoch: 11 Batch: 151 Loss: 0.3467 Accuracy Train: 85.113%
Epoch: 11 Batch: 161 Loss: 0.3534 Accuracy Train: 85.134%
Epoch: 11 Batch: 171 Loss: 0.3511 Accuracy Train: 85.136%
Epoch: 11 Batch: 181 Loss: 0.3590 Accuracy Train: 85.134%
Epoch: 12 Batch:   1 Loss: 0.3531 Accuracy Train: 85.020%
Epoch: 12 Batch:  11 Loss: 0.3413 Accuracy Train: 85.091%
Epoch: 12 Batch:  21 Loss: 0.3690 Accuracy Train: 85.250%
Epoch: 12 Batch:  31 Loss: 0.3644 Accuracy Train: 85.195%
Epoch: 12 Batch:  41 Loss: 0.3506 Accuracy Train: 85.286%
Epoch: 12 Batch:  51 Loss: 0.3742 Accuracy Train: 85.255%
Epoch: 12 Batch:  61 Loss: 0.3606 Accuracy Train: 85.256%
Epoch: 12 Batch:  71 Loss: 0.3460 Accuracy Train: 85.284%
Epoch: 12 Batch:  81 Loss: 0.3544 Accuracy Train: 85.265%
Epoch: 12 Batch:  91 Loss: 0.3525 Accuracy Train: 85.285%
Epoch: 12 Batch: 101 Loss: 0.3450 Accuracy Train: 85.300%
Epoch: 12 Batch: 111 Loss: 0.3492 Accuracy Train: 85.275%
Epoch: 12 Batch: 121 Loss: 0.3576 Accuracy Train: 85.287%
Epoch: 12 Batch: 131 Loss: 0.3562 Accuracy Train: 85.249%
Epoch: 12 Batch: 141 Loss: 0.3654 Accuracy Train: 85.242%
Epoch: 12 Batch: 151 Loss: 0.3535 Accuracy Train: 85.246%
Epoch: 12 Batch: 161 Loss: 0.3525 Accuracy Train: 85.243%
Epoch: 12 Batch: 171 Loss: 0.3536 Accuracy Train: 85.227%
Epoch: 12 Batch: 181 Loss: 0.3780 Accuracy Train: 85.226%
Epoch: 13 Batch:   1 Loss: 0.3478 Accuracy Train: 86.420%
Epoch: 13 Batch:  11 Loss: 0.3669 Accuracy Train: 85.025%
Epoch: 13 Batch:  21 Loss: 0.3510 Accuracy Train: 85.051%
Epoch: 13 Batch:  31 Loss: 0.3678 Accuracy Train: 85.191%
Epoch: 13 Batch:  41 Loss: 0.3402 Accuracy Train: 85.277%
Epoch: 13 Batch:  51 Loss: 0.3654 Accuracy Train: 85.256%
Epoch: 13 Batch:  61 Loss: 0.3424 Accuracy Train: 85.149%
Epoch: 13 Batch:  71 Loss: 0.3614 Accuracy Train: 85.112%
Epoch: 13 Batch:  81 Loss: 0.3562 Accuracy Train: 85.105%
Epoch: 13 Batch:  91 Loss: 0.3531 Accuracy Train: 85.086%
Epoch: 13 Batch: 101 Loss: 0.3619 Accuracy Train: 85.083%
Epoch: 13 Batch: 111 Loss: 0.3603 Accuracy Train: 85.087%
Epoch: 13 Batch: 121 Loss: 0.3694 Accuracy Train: 85.071%
Epoch: 13 Batch: 131 Loss: 0.3503 Accuracy Train: 85.094%
Epoch: 13 Batch: 141 Loss: 0.3621 Accuracy Train: 85.111%
Epoch: 13 Batch: 151 Loss: 0.3318 Accuracy Train: 85.128%
Epoch: 13 Batch: 161 Loss: 0.3423 Accuracy Train: 85.130%
Epoch: 13 Batch: 171 Loss: 0.3860 Accuracy Train: 85.139%
Epoch: 13 Batch: 181 Loss: 0.3585 Accuracy Train: 85.147%
Epoch: 14 Batch:   1 Loss: 0.3371 Accuracy Train: 85.120%
Epoch: 14 Batch:  11 Loss: 0.3578 Accuracy Train: 85.327%
Epoch: 14 Batch:  21 Loss: 0.3494 Accuracy Train: 84.980%
Epoch: 14 Batch:  31 Loss: 0.3507 Accuracy Train: 85.032%
Epoch: 14 Batch:  41 Loss: 0.3759 Accuracy Train: 85.092%
Epoch: 14 Batch:  51 Loss: 0.3499 Accuracy Train: 85.130%
Epoch: 14 Batch:  61 Loss: 0.3501 Accuracy Train: 85.111%
Epoch: 14 Batch:  71 Loss: 0.3531 Accuracy Train: 85.143%
Epoch: 14 Batch:  81 Loss: 0.3313 Accuracy Train: 85.188%
Epoch: 14 Batch:  91 Loss: 0.3506 Accuracy Train: 85.222%
Epoch: 14 Batch: 101 Loss: 0.3523 Accuracy Train: 85.235%
Epoch: 14 Batch: 111 Loss: 0.3504 Accuracy Train: 85.251%
Epoch: 14 Batch: 121 Loss: 0.3472 Accuracy Train: 85.181%
Epoch: 14 Batch: 131 Loss: 0.3506 Accuracy Train: 85.152%
Epoch: 14 Batch: 141 Loss: 0.3451 Accuracy Train: 85.148%
Epoch: 14 Batch: 151 Loss: 0.3378 Accuracy Train: 85.132%
Epoch: 14 Batch: 161 Loss: 0.3297 Accuracy Train: 85.153%
Epoch: 14 Batch: 171 Loss: 0.3645 Accuracy Train: 85.112%
Epoch: 14 Batch: 181 Loss: 0.3324 Accuracy Train: 85.137%
Epoch: 15 Batch:   1 Loss: 0.3622 Accuracy Train: 85.740%
Epoch: 15 Batch:  11 Loss: 0.3355 Accuracy Train: 84.367%
Epoch: 15 Batch:  21 Loss: 0.3526 Accuracy Train: 84.928%
Epoch: 15 Batch:  31 Loss: 0.3474 Accuracy Train: 84.964%
Epoch: 15 Batch:  41 Loss: 0.3475 Accuracy Train: 84.684%
Epoch: 15 Batch:  51 Loss: 0.3407 Accuracy Train: 84.756%
Epoch: 15 Batch:  61 Loss: 0.3454 Accuracy Train: 84.763%
Epoch: 15 Batch:  71 Loss: 0.3451 Accuracy Train: 84.866%
Epoch: 15 Batch:  81 Loss: 0.3479 Accuracy Train: 84.820%
Epoch: 15 Batch:  91 Loss: 0.3232 Accuracy Train: 84.893%
Epoch: 15 Batch: 101 Loss: 0.3227 Accuracy Train: 84.855%
Epoch: 15 Batch: 111 Loss: 0.3248 Accuracy Train: 84.878%
Epoch: 15 Batch: 121 Loss: 0.3533 Accuracy Train: 84.904%
Epoch: 15 Batch: 131 Loss: 0.3478 Accuracy Train: 84.913%
Epoch: 15 Batch: 141 Loss: 0.3369 Accuracy Train: 84.926%
Epoch: 15 Batch: 151 Loss: 0.3310 Accuracy Train: 84.951%
Epoch: 15 Batch: 161 Loss: 0.3393 Accuracy Train: 84.970%
Epoch: 15 Batch: 171 Loss: 0.3298 Accuracy Train: 84.931%
Epoch: 15 Batch: 181 Loss: 0.3525 Accuracy Train: 84.879%
Epoch: 16 Batch:   1 Loss: 0.3535 Accuracy Train: 85.220%
Epoch: 16 Batch:  11 Loss: 0.3262 Accuracy Train: 85.524%
Epoch: 16 Batch:  21 Loss: 0.3465 Accuracy Train: 85.195%
Epoch: 16 Batch:  31 Loss: 0.3527 Accuracy Train: 84.977%
Epoch: 16 Batch:  41 Loss: 0.3206 Accuracy Train: 85.095%
Epoch: 16 Batch:  51 Loss: 0.3235 Accuracy Train: 85.164%
Epoch: 16 Batch:  61 Loss: 0.3270 Accuracy Train: 85.230%
Epoch: 16 Batch:  71 Loss: 0.3375 Accuracy Train: 85.232%
Epoch: 16 Batch:  81 Loss: 0.3562 Accuracy Train: 85.185%
Epoch: 16 Batch:  91 Loss: 0.3413 Accuracy Train: 85.218%
Epoch: 16 Batch: 101 Loss: 0.3525 Accuracy Train: 85.235%
Epoch: 16 Batch: 111 Loss: 0.3468 Accuracy Train: 85.207%
Epoch: 16 Batch: 121 Loss: 0.3439 Accuracy Train: 85.244%
Epoch: 16 Batch: 131 Loss: 0.3451 Accuracy Train: 85.266%
Epoch: 16 Batch: 141 Loss: 0.3191 Accuracy Train: 85.286%
Epoch: 16 Batch: 151 Loss: 0.3328 Accuracy Train: 85.274%
Epoch: 16 Batch: 161 Loss: 0.3266 Accuracy Train: 85.293%
Epoch: 16 Batch: 171 Loss: 0.3699 Accuracy Train: 85.269%
Epoch: 16 Batch: 181 Loss: 0.3450 Accuracy Train: 85.249%
Epoch: 17 Batch:   1 Loss: 0.3315 Accuracy Train: 84.860%
Epoch: 17 Batch:  11 Loss: 0.3380 Accuracy Train: 85.482%
Epoch: 17 Batch:  21 Loss: 0.3369 Accuracy Train: 85.200%
Epoch: 17 Batch:  31 Loss: 0.3603 Accuracy Train: 85.233%
Epoch: 17 Batch:  41 Loss: 0.3294 Accuracy Train: 84.860%
Epoch: 17 Batch:  51 Loss: 0.3364 Accuracy Train: 84.993%
Epoch: 17 Batch:  61 Loss: 0.3436 Accuracy Train: 85.004%
Epoch: 17 Batch:  71 Loss: 0.3192 Accuracy Train: 85.054%
Epoch: 17 Batch:  81 Loss: 0.3197 Accuracy Train: 85.093%
Epoch: 17 Batch:  91 Loss: 0.3338 Accuracy Train: 85.103%
Epoch: 17 Batch: 101 Loss: 0.3647 Accuracy Train: 84.966%
Epoch: 17 Batch: 111 Loss: 0.3430 Accuracy Train: 85.001%
Epoch: 17 Batch: 121 Loss: 0.3347 Accuracy Train: 85.042%
Epoch: 17 Batch: 131 Loss: 0.3272 Accuracy Train: 85.029%
Epoch: 17 Batch: 141 Loss: 0.3287 Accuracy Train: 85.053%
Epoch: 17 Batch: 151 Loss: 0.3106 Accuracy Train: 85.063%
Epoch: 17 Batch: 161 Loss: 0.3116 Accuracy Train: 85.098%
Epoch: 17 Batch: 171 Loss: 0.3178 Accuracy Train: 85.137%
Epoch: 17 Batch: 181 Loss: 0.3508 Accuracy Train: 85.144%
Epoch: 18 Batch:   1 Loss: 0.3089 Accuracy Train: 86.020%
Epoch: 18 Batch:  11 Loss: 0.3144 Accuracy Train: 85.545%
Epoch: 18 Batch:  21 Loss: 0.3359 Accuracy Train: 85.180%
Epoch: 18 Batch:  31 Loss: 0.3189 Accuracy Train: 85.325%
Epoch: 18 Batch:  41 Loss: 0.3221 Accuracy Train: 85.340%
Epoch: 18 Batch:  51 Loss: 0.3531 Accuracy Train: 85.425%
Epoch: 18 Batch:  61 Loss: 0.3357 Accuracy Train: 85.195%
Epoch: 18 Batch:  71 Loss: 0.3443 Accuracy Train: 85.116%
Epoch: 18 Batch:  81 Loss: 0.3257 Accuracy Train: 85.167%
Epoch: 18 Batch:  91 Loss: 0.3206 Accuracy Train: 85.188%
Epoch: 18 Batch: 101 Loss: 0.3211 Accuracy Train: 85.226%
Epoch: 18 Batch: 111 Loss: 0.3196 Accuracy Train: 85.252%
Epoch: 18 Batch: 121 Loss: 0.3214 Accuracy Train: 85.281%
Epoch: 18 Batch: 131 Loss: 0.3021 Accuracy Train: 85.275%
Epoch: 18 Batch: 141 Loss: 0.3340 Accuracy Train: 85.290%
Epoch: 18 Batch: 151 Loss: 0.3315 Accuracy Train: 85.269%
Epoch: 18 Batch: 161 Loss: 0.3237 Accuracy Train: 85.295%
Epoch: 18 Batch: 171 Loss: 0.3325 Accuracy Train: 85.282%
Epoch: 18 Batch: 181 Loss: 0.3109 Accuracy Train: 85.286%
Epoch: 19 Batch:   1 Loss: 0.3079 Accuracy Train: 86.200%
Epoch: 19 Batch:  11 Loss: 0.3004 Accuracy Train: 86.124%
Epoch: 19 Batch:  21 Loss: 0.3088 Accuracy Train: 85.839%
Epoch: 19 Batch:  31 Loss: 0.3086 Accuracy Train: 85.948%
Epoch: 19 Batch:  41 Loss: 0.2983 Accuracy Train: 85.803%
Epoch: 19 Batch:  51 Loss: 0.3284 Accuracy Train: 85.710%
Epoch: 19 Batch:  61 Loss: 0.3252 Accuracy Train: 85.584%
Epoch: 19 Batch:  71 Loss: 0.3183 Accuracy Train: 85.585%
Epoch: 19 Batch:  81 Loss: 0.3164 Accuracy Train: 85.607%
Epoch: 19 Batch:  91 Loss: 0.3068 Accuracy Train: 85.590%
Epoch: 19 Batch: 101 Loss: 0.3010 Accuracy Train: 85.595%
Epoch: 19 Batch: 111 Loss: 0.3220 Accuracy Train: 85.584%
Epoch: 19 Batch: 121 Loss: 0.3281 Accuracy Train: 85.529%
Epoch: 19 Batch: 131 Loss: 0.3079 Accuracy Train: 85.540%
Epoch: 19 Batch: 141 Loss: 0.2985 Accuracy Train: 85.594%
Epoch: 19 Batch: 151 Loss: 0.3140 Accuracy Train: 85.619%
Epoch: 19 Batch: 161 Loss: 0.3118 Accuracy Train: 85.604%
Epoch: 19 Batch: 171 Loss: 0.3139 Accuracy Train: 85.639%
Epoch: 19 Batch: 181 Loss: 0.3136 Accuracy Train: 85.640%

Duration: 303 seconds
