Training DynNetGen(
  (layers): Sequential(
    (0): Sequential(
      (0): Conv2d(1, 32, kernel_size=(3, 3), stride=(1, 1))
      (1): BatchNorm2d(32, eps=1e-05, momentum=0.1, affine=True, track_running_stats=True)
      (2): ReLU()
    )
    (1): Sequential(
      (0): Conv2d(32, 64, kernel_size=(2, 2), stride=(1, 1))
      (1): BatchNorm2d(64, eps=1e-05, momentum=0.1, affine=True, track_running_stats=True)
      (2): ReLU()
    )
    (2): Sequential(
      (0): Conv2d(64, 128, kernel_size=(2, 2), stride=(1, 1))
      (1): BatchNorm2d(128, eps=1e-05, momentum=0.1, affine=True, track_running_stats=True)
      (2): ReLU()
    )
    (3): Sequential(
      (0): Flatten(start_dim=1, end_dim=-1)
      (1): Linear(in_features=1152, out_features=2, bias=True)
    )
  )
) in cuda
=================================================================
Layer (type:depth-idx)                   Param #
=================================================================
DynNetGen                                --
├─Sequential: 1-1                        --
│    └─Sequential: 2-1                   --
│    │    └─Conv2d: 3-1                  320
│    │    └─BatchNorm2d: 3-2             64
│    │    └─ReLU: 3-3                    --
│    └─Sequential: 2-2                   --
│    │    └─Conv2d: 3-4                  8,256
│    │    └─BatchNorm2d: 3-5             128
│    │    └─ReLU: 3-6                    --
│    └─Sequential: 2-3                   --
│    │    └─Conv2d: 3-7                  32,896
│    │    └─BatchNorm2d: 3-8             256
│    │    └─ReLU: 3-9                    --
│    └─Sequential: 2-4                   --
│    │    └─Flatten: 3-10                --
│    │    └─Linear: 3-11                 2,306
=================================================================
Total params: 44,226
Trainable params: 44,226
Non-trainable params: 0
=================================================================
Epoch:  0 Batch:   1 Loss: 0.7057 Accuracy Train: 63.100%
Epoch:  0 Batch:  11 Loss: 0.5059 Accuracy Train: 75.795%
Epoch:  0 Batch:  21 Loss: 0.3359 Accuracy Train: 78.076%
Epoch:  0 Batch:  31 Loss: 0.2987 Accuracy Train: 80.052%
Epoch:  0 Batch:  41 Loss: 0.2980 Accuracy Train: 81.294%
Epoch:  1 Batch:   1 Loss: 0.2841 Accuracy Train: 86.240%
Epoch:  1 Batch:  11 Loss: 0.2782 Accuracy Train: 86.178%
Epoch:  1 Batch:  21 Loss: 0.2772 Accuracy Train: 86.192%
Epoch:  1 Batch:  31 Loss: 0.2787 Accuracy Train: 86.275%
Epoch:  1 Batch:  41 Loss: 0.2701 Accuracy Train: 86.291%
Epoch:  2 Batch:   1 Loss: 0.2601 Accuracy Train: 86.080%
Epoch:  2 Batch:  11 Loss: 0.2539 Accuracy Train: 86.544%
Epoch:  2 Batch:  21 Loss: 0.2570 Accuracy Train: 86.471%
Epoch:  2 Batch:  31 Loss: 0.2266 Accuracy Train: 86.676%
Epoch:  2 Batch:  41 Loss: 0.2467 Accuracy Train: 86.604%
Epoch:  3 Batch:   1 Loss: 0.2226 Accuracy Train: 87.960%
Epoch:  3 Batch:  11 Loss: 0.2321 Accuracy Train: 86.818%
Epoch:  3 Batch:  21 Loss: 0.2093 Accuracy Train: 87.113%
Epoch:  3 Batch:  31 Loss: 0.2134 Accuracy Train: 87.210%
Epoch:  3 Batch:  41 Loss: 0.2130 Accuracy Train: 87.401%
Epoch:  4 Batch:   1 Loss: 0.2157 Accuracy Train: 86.300%
Epoch:  4 Batch:  11 Loss: 0.2178 Accuracy Train: 87.891%
Epoch:  4 Batch:  21 Loss: 0.2158 Accuracy Train: 87.669%
Epoch:  4 Batch:  31 Loss: 0.1981 Accuracy Train: 87.974%
Epoch:  4 Batch:  41 Loss: 0.2424 Accuracy Train: 87.860%
Epoch:  5 Batch:   1 Loss: 0.2130 Accuracy Train: 86.960%
Epoch:  5 Batch:  11 Loss: 0.2631 Accuracy Train: 86.058%
Epoch:  5 Batch:  21 Loss: 0.2248 Accuracy Train: 86.259%
Epoch:  5 Batch:  31 Loss: 0.2131 Accuracy Train: 86.486%
Epoch:  5 Batch:  41 Loss: 0.2034 Accuracy Train: 86.774%
Epoch:  6 Batch:   1 Loss: 0.1971 Accuracy Train: 89.060%
Epoch:  6 Batch:  11 Loss: 0.2143 Accuracy Train: 88.193%
Epoch:  6 Batch:  21 Loss: 0.2169 Accuracy Train: 87.838%
Epoch:  6 Batch:  31 Loss: 0.2038 Accuracy Train: 87.929%
Epoch:  6 Batch:  41 Loss: 0.1957 Accuracy Train: 88.109%
Epoch:  7 Batch:   1 Loss: 0.2249 Accuracy Train: 86.900%
Epoch:  7 Batch:  11 Loss: 0.2070 Accuracy Train: 88.225%
Epoch:  7 Batch:  21 Loss: 0.2010 Accuracy Train: 87.850%
Epoch:  7 Batch:  31 Loss: 0.2111 Accuracy Train: 88.342%
Epoch:  7 Batch:  41 Loss: 0.2006 Accuracy Train: 88.446%
Epoch:  8 Batch:   1 Loss: 0.2027 Accuracy Train: 89.020%
Epoch:  8 Batch:  11 Loss: 0.1949 Accuracy Train: 88.795%
Epoch:  8 Batch:  21 Loss: 0.1970 Accuracy Train: 88.378%
Epoch:  8 Batch:  31 Loss: 0.2078 Accuracy Train: 88.677%
Epoch:  8 Batch:  41 Loss: 0.2086 Accuracy Train: 88.823%
Epoch:  9 Batch:   1 Loss: 0.2050 Accuracy Train: 86.780%
Epoch:  9 Batch:  11 Loss: 0.1971 Accuracy Train: 88.378%
Epoch:  9 Batch:  21 Loss: 0.1874 Accuracy Train: 88.501%
Epoch:  9 Batch:  31 Loss: 0.2032 Accuracy Train: 88.741%
Epoch:  9 Batch:  41 Loss: 0.2013 Accuracy Train: 88.649%
Epoch: 10 Batch:   1 Loss: 0.2095 Accuracy Train: 85.680%
Epoch: 10 Batch:  11 Loss: 0.1978 Accuracy Train: 89.264%
Epoch: 10 Batch:  21 Loss: 0.2027 Accuracy Train: 89.394%
Epoch: 10 Batch:  31 Loss: 0.1997 Accuracy Train: 89.279%
Epoch: 10 Batch:  41 Loss: 0.2024 Accuracy Train: 88.962%
Epoch: 11 Batch:   1 Loss: 0.2264 Accuracy Train: 86.480%
Epoch: 11 Batch:  11 Loss: 0.2187 Accuracy Train: 87.564%
Epoch: 11 Batch:  21 Loss: 0.2017 Accuracy Train: 88.734%
Epoch: 11 Batch:  31 Loss: 0.1938 Accuracy Train: 89.451%
Epoch: 11 Batch:  41 Loss: 0.1959 Accuracy Train: 89.686%
Epoch: 12 Batch:   1 Loss: 0.1867 Accuracy Train: 87.760%
Epoch: 12 Batch:  11 Loss: 0.1911 Accuracy Train: 88.689%
Epoch: 12 Batch:  21 Loss: 0.1937 Accuracy Train: 89.237%
Epoch: 12 Batch:  31 Loss: 0.1946 Accuracy Train: 89.399%
Epoch: 12 Batch:  41 Loss: 0.1952 Accuracy Train: 89.551%
Epoch: 13 Batch:   1 Loss: 0.1979 Accuracy Train: 93.820%
Epoch: 13 Batch:  11 Loss: 0.1714 Accuracy Train: 90.924%
Epoch: 13 Batch:  21 Loss: 0.1895 Accuracy Train: 90.850%
Epoch: 13 Batch:  31 Loss: 0.2063 Accuracy Train: 90.099%
Epoch: 13 Batch:  41 Loss: 0.1941 Accuracy Train: 90.045%
Epoch: 14 Batch:   1 Loss: 0.1852 Accuracy Train: 93.720%
Epoch: 14 Batch:  11 Loss: 0.2025 Accuracy Train: 90.367%
Epoch: 14 Batch:  21 Loss: 0.1813 Accuracy Train: 91.288%
Epoch: 14 Batch:  31 Loss: 0.1931 Accuracy Train: 90.928%
Epoch: 14 Batch:  41 Loss: 0.1920 Accuracy Train: 91.220%
Epoch: 15 Batch:   1 Loss: 0.1879 Accuracy Train: 86.840%
Epoch: 15 Batch:  11 Loss: 0.1778 Accuracy Train: 90.260%
Epoch: 15 Batch:  21 Loss: 0.2239 Accuracy Train: 90.400%
Epoch: 15 Batch:  31 Loss: 0.2130 Accuracy Train: 90.023%
Epoch: 15 Batch:  41 Loss: 0.1944 Accuracy Train: 89.939%
Epoch: 16 Batch:   1 Loss: 0.1838 Accuracy Train: 94.300%
Epoch: 16 Batch:  11 Loss: 0.1781 Accuracy Train: 90.189%
Epoch: 16 Batch:  21 Loss: 0.1640 Accuracy Train: 91.963%
Epoch: 16 Batch:  31 Loss: 0.1817 Accuracy Train: 92.200%
Epoch: 16 Batch:  41 Loss: 0.1712 Accuracy Train: 92.166%
Epoch: 17 Batch:   1 Loss: 0.1847 Accuracy Train: 91.320%
Epoch: 17 Batch:  11 Loss: 0.1805 Accuracy Train: 92.715%
Epoch: 17 Batch:  21 Loss: 0.1456 Accuracy Train: 93.395%
Epoch: 17 Batch:  31 Loss: 0.1391 Accuracy Train: 93.601%
Epoch: 17 Batch:  41 Loss: 0.1576 Accuracy Train: 93.424%
Epoch: 18 Batch:   1 Loss: 0.2130 Accuracy Train: 91.720%
Epoch: 18 Batch:  11 Loss: 0.1524 Accuracy Train: 92.651%
Epoch: 18 Batch:  21 Loss: 0.1504 Accuracy Train: 93.285%
Epoch: 18 Batch:  31 Loss: 0.1576 Accuracy Train: 93.487%
Epoch: 18 Batch:  41 Loss: 0.1586 Accuracy Train: 93.695%
Epoch: 19 Batch:   1 Loss: 0.1437 Accuracy Train: 95.460%
Epoch: 19 Batch:  11 Loss: 0.1684 Accuracy Train: 94.120%
Epoch: 19 Batch:  21 Loss: 0.1469 Accuracy Train: 94.092%
Epoch: 19 Batch:  31 Loss: 0.1479 Accuracy Train: 94.192%
Epoch: 19 Batch:  41 Loss: 0.1481 Accuracy Train: 94.379%

Duration: 76 seconds
