Training DynNetGen(
  (layers): Sequential(
    (0): Sequential(
      (0): Flatten(start_dim=1, end_dim=-1)
      (1): Linear(in_features=49, out_features=2, bias=True)
    )
  )
) in cuda
=================================================================
Layer (type:depth-idx)                   Param #
=================================================================
DynNetGen                                --
├─Sequential: 1-1                        --
│    └─Sequential: 2-1                   --
│    │    └─Flatten: 3-1                 --
│    │    └─Linear: 3-2                  100
=================================================================
Total params: 100
Trainable params: 100
Non-trainable params: 0
=================================================================
Epoch:  0 Batch:   1 Loss: 0.7054 Accuracy Train: 51.680%
Epoch:  0 Batch:  11 Loss: 0.6536 Accuracy Train: 58.322%
Epoch:  0 Batch:  21 Loss: 0.6396 Accuracy Train: 60.159%
Epoch:  0 Batch:  31 Loss: 0.6244 Accuracy Train: 61.679%
Epoch:  0 Batch:  41 Loss: 0.6197 Accuracy Train: 62.068%
Epoch:  0 Batch:  51 Loss: 0.6147 Accuracy Train: 62.944%
Epoch:  0 Batch:  61 Loss: 0.6127 Accuracy Train: 63.342%
Epoch:  0 Batch:  71 Loss: 0.6209 Accuracy Train: 63.595%
Epoch:  0 Batch:  81 Loss: 0.6053 Accuracy Train: 63.802%
Epoch:  0 Batch:  91 Loss: 0.6110 Accuracy Train: 63.965%
Epoch:  0 Batch: 101 Loss: 0.6133 Accuracy Train: 64.064%
Epoch:  0 Batch: 111 Loss: 0.6141 Accuracy Train: 64.180%
Epoch:  0 Batch: 121 Loss: 0.6111 Accuracy Train: 64.295%
Epoch:  0 Batch: 131 Loss: 0.6056 Accuracy Train: 64.386%
Epoch:  0 Batch: 141 Loss: 0.6115 Accuracy Train: 64.476%
Epoch:  0 Batch: 151 Loss: 0.6136 Accuracy Train: 64.563%
Epoch:  0 Batch: 161 Loss: 0.6138 Accuracy Train: 64.605%
Epoch:  0 Batch: 171 Loss: 0.6098 Accuracy Train: 64.676%
Epoch:  0 Batch: 181 Loss: 0.6160 Accuracy Train: 64.713%
Epoch:  1 Batch:   1 Loss: 0.6065 Accuracy Train: 66.700%
Epoch:  1 Batch:  11 Loss: 0.6157 Accuracy Train: 65.713%
Epoch:  1 Batch:  21 Loss: 0.6120 Accuracy Train: 65.650%
Epoch:  1 Batch:  31 Loss: 0.6193 Accuracy Train: 65.548%
Epoch:  1 Batch:  41 Loss: 0.6128 Accuracy Train: 65.595%
Epoch:  1 Batch:  51 Loss: 0.6101 Accuracy Train: 65.654%
Epoch:  1 Batch:  61 Loss: 0.6073 Accuracy Train: 65.715%
Epoch:  1 Batch:  71 Loss: 0.6175 Accuracy Train: 65.689%
Epoch:  1 Batch:  81 Loss: 0.6128 Accuracy Train: 65.692%
Epoch:  1 Batch:  91 Loss: 0.5992 Accuracy Train: 65.682%
Epoch:  1 Batch: 101 Loss: 0.6086 Accuracy Train: 65.718%
Epoch:  1 Batch: 111 Loss: 0.6077 Accuracy Train: 65.723%
Epoch:  1 Batch: 121 Loss: 0.6068 Accuracy Train: 65.621%
Epoch:  1 Batch: 131 Loss: 0.6123 Accuracy Train: 65.653%
Epoch:  1 Batch: 141 Loss: 0.6155 Accuracy Train: 65.629%
Epoch:  1 Batch: 151 Loss: 0.6082 Accuracy Train: 65.644%
Epoch:  1 Batch: 161 Loss: 0.6120 Accuracy Train: 65.622%
Epoch:  1 Batch: 171 Loss: 0.6190 Accuracy Train: 65.527%
Epoch:  1 Batch: 181 Loss: 0.6065 Accuracy Train: 65.544%
Epoch:  2 Batch:   1 Loss: 0.6109 Accuracy Train: 66.060%
Epoch:  2 Batch:  11 Loss: 0.6151 Accuracy Train: 65.318%
Epoch:  2 Batch:  21 Loss: 0.6095 Accuracy Train: 65.451%
Epoch:  2 Batch:  31 Loss: 0.6045 Accuracy Train: 65.620%
Epoch:  2 Batch:  41 Loss: 0.6109 Accuracy Train: 65.646%
Epoch:  2 Batch:  51 Loss: 0.6150 Accuracy Train: 65.742%
Epoch:  2 Batch:  61 Loss: 0.6215 Accuracy Train: 65.738%
Epoch:  2 Batch:  71 Loss: 0.6126 Accuracy Train: 65.705%
Epoch:  2 Batch:  81 Loss: 0.6138 Accuracy Train: 65.561%
Epoch:  2 Batch:  91 Loss: 0.6193 Accuracy Train: 65.590%
Epoch:  2 Batch: 101 Loss: 0.6116 Accuracy Train: 65.565%
Epoch:  2 Batch: 111 Loss: 0.6076 Accuracy Train: 65.598%
Epoch:  2 Batch: 121 Loss: 0.6102 Accuracy Train: 65.574%
Epoch:  2 Batch: 131 Loss: 0.6113 Accuracy Train: 65.552%
Epoch:  2 Batch: 141 Loss: 0.6111 Accuracy Train: 65.578%
Epoch:  2 Batch: 151 Loss: 0.6113 Accuracy Train: 65.554%
Epoch:  2 Batch: 161 Loss: 0.6098 Accuracy Train: 65.560%
Epoch:  2 Batch: 171 Loss: 0.6004 Accuracy Train: 65.562%
Epoch:  2 Batch: 181 Loss: 0.6142 Accuracy Train: 65.576%
Epoch:  3 Batch:   1 Loss: 0.6088 Accuracy Train: 65.700%
Epoch:  3 Batch:  11 Loss: 0.5986 Accuracy Train: 65.751%
Epoch:  3 Batch:  21 Loss: 0.6061 Accuracy Train: 65.866%
Epoch:  3 Batch:  31 Loss: 0.6065 Accuracy Train: 65.534%
Epoch:  3 Batch:  41 Loss: 0.6137 Accuracy Train: 65.632%
Epoch:  3 Batch:  51 Loss: 0.6061 Accuracy Train: 65.622%
Epoch:  3 Batch:  61 Loss: 0.6168 Accuracy Train: 65.521%
Epoch:  3 Batch:  71 Loss: 0.5938 Accuracy Train: 65.546%
Epoch:  3 Batch:  81 Loss: 0.6117 Accuracy Train: 65.479%
Epoch:  3 Batch:  91 Loss: 0.6142 Accuracy Train: 65.486%
Epoch:  3 Batch: 101 Loss: 0.5954 Accuracy Train: 65.454%
Epoch:  3 Batch: 111 Loss: 0.6145 Accuracy Train: 65.490%
Epoch:  3 Batch: 121 Loss: 0.6061 Accuracy Train: 65.470%
Epoch:  3 Batch: 131 Loss: 0.6116 Accuracy Train: 65.506%
Epoch:  3 Batch: 141 Loss: 0.6056 Accuracy Train: 65.472%
Epoch:  3 Batch: 151 Loss: 0.6069 Accuracy Train: 65.504%
Epoch:  3 Batch: 161 Loss: 0.6098 Accuracy Train: 65.480%
Epoch:  3 Batch: 171 Loss: 0.6040 Accuracy Train: 65.483%
Epoch:  3 Batch: 181 Loss: 0.6076 Accuracy Train: 65.478%
Epoch:  4 Batch:   1 Loss: 0.6087 Accuracy Train: 66.080%
Epoch:  4 Batch:  11 Loss: 0.6071 Accuracy Train: 66.038%
Epoch:  4 Batch:  21 Loss: 0.6146 Accuracy Train: 65.777%
Epoch:  4 Batch:  31 Loss: 0.6052 Accuracy Train: 65.561%
Epoch:  4 Batch:  41 Loss: 0.6102 Accuracy Train: 65.555%
Epoch:  4 Batch:  51 Loss: 0.6036 Accuracy Train: 65.555%
Epoch:  4 Batch:  61 Loss: 0.6087 Accuracy Train: 65.469%
Epoch:  4 Batch:  71 Loss: 0.6047 Accuracy Train: 65.457%
Epoch:  4 Batch:  81 Loss: 0.6089 Accuracy Train: 65.459%
Epoch:  4 Batch:  91 Loss: 0.6060 Accuracy Train: 65.467%
Epoch:  4 Batch: 101 Loss: 0.6170 Accuracy Train: 65.493%
Epoch:  4 Batch: 111 Loss: 0.6053 Accuracy Train: 65.455%
Epoch:  4 Batch: 121 Loss: 0.6105 Accuracy Train: 65.480%
Epoch:  4 Batch: 131 Loss: 0.6066 Accuracy Train: 65.522%
Epoch:  4 Batch: 141 Loss: 0.6178 Accuracy Train: 65.526%
Epoch:  4 Batch: 151 Loss: 0.6109 Accuracy Train: 65.542%
Epoch:  4 Batch: 161 Loss: 0.6110 Accuracy Train: 65.498%
Epoch:  4 Batch: 171 Loss: 0.6019 Accuracy Train: 65.509%
Epoch:  4 Batch: 181 Loss: 0.6077 Accuracy Train: 65.514%
Epoch:  5 Batch:   1 Loss: 0.6060 Accuracy Train: 65.280%
Epoch:  5 Batch:  11 Loss: 0.6175 Accuracy Train: 64.533%
Epoch:  5 Batch:  21 Loss: 0.6153 Accuracy Train: 64.869%
Epoch:  5 Batch:  31 Loss: 0.6043 Accuracy Train: 65.066%
Epoch:  5 Batch:  41 Loss: 0.6043 Accuracy Train: 65.199%
Epoch:  5 Batch:  51 Loss: 0.6023 Accuracy Train: 65.120%
Epoch:  5 Batch:  61 Loss: 0.6070 Accuracy Train: 65.110%
Epoch:  5 Batch:  71 Loss: 0.6134 Accuracy Train: 65.128%
Epoch:  5 Batch:  81 Loss: 0.6132 Accuracy Train: 65.069%
Epoch:  5 Batch:  91 Loss: 0.6104 Accuracy Train: 65.026%
Epoch:  5 Batch: 101 Loss: 0.5998 Accuracy Train: 65.027%
Epoch:  5 Batch: 111 Loss: 0.6190 Accuracy Train: 65.074%
Epoch:  5 Batch: 121 Loss: 0.6051 Accuracy Train: 65.162%
Epoch:  5 Batch: 131 Loss: 0.6049 Accuracy Train: 65.193%
Epoch:  5 Batch: 141 Loss: 0.5999 Accuracy Train: 65.246%
Epoch:  5 Batch: 151 Loss: 0.6164 Accuracy Train: 65.268%
Epoch:  5 Batch: 161 Loss: 0.6019 Accuracy Train: 65.287%
Epoch:  5 Batch: 171 Loss: 0.6109 Accuracy Train: 65.329%
Epoch:  5 Batch: 181 Loss: 0.6161 Accuracy Train: 65.340%
Epoch:  6 Batch:   1 Loss: 0.6103 Accuracy Train: 65.040%
Epoch:  6 Batch:  11 Loss: 0.6120 Accuracy Train: 65.685%
Epoch:  6 Batch:  21 Loss: 0.6176 Accuracy Train: 65.588%
Epoch:  6 Batch:  31 Loss: 0.6114 Accuracy Train: 65.481%
Epoch:  6 Batch:  41 Loss: 0.6135 Accuracy Train: 65.543%
Epoch:  6 Batch:  51 Loss: 0.6081 Accuracy Train: 65.550%
Epoch:  6 Batch:  61 Loss: 0.6094 Accuracy Train: 65.579%
Epoch:  6 Batch:  71 Loss: 0.6039 Accuracy Train: 65.553%
Epoch:  6 Batch:  81 Loss: 0.6108 Accuracy Train: 65.522%
Epoch:  6 Batch:  91 Loss: 0.6118 Accuracy Train: 65.498%
Epoch:  6 Batch: 101 Loss: 0.6186 Accuracy Train: 65.449%
Epoch:  6 Batch: 111 Loss: 0.6134 Accuracy Train: 65.478%
Epoch:  6 Batch: 121 Loss: 0.6190 Accuracy Train: 65.502%
Epoch:  6 Batch: 131 Loss: 0.6038 Accuracy Train: 65.526%
Epoch:  6 Batch: 141 Loss: 0.6096 Accuracy Train: 65.549%
Epoch:  6 Batch: 151 Loss: 0.6130 Accuracy Train: 65.559%
Epoch:  6 Batch: 161 Loss: 0.6166 Accuracy Train: 65.576%
Epoch:  6 Batch: 171 Loss: 0.6109 Accuracy Train: 65.572%
Epoch:  6 Batch: 181 Loss: 0.6172 Accuracy Train: 65.536%
Epoch:  7 Batch:   1 Loss: 0.6114 Accuracy Train: 65.560%
Epoch:  7 Batch:  11 Loss: 0.6069 Accuracy Train: 64.876%
Epoch:  7 Batch:  21 Loss: 0.6137 Accuracy Train: 64.848%
Epoch:  7 Batch:  31 Loss: 0.5981 Accuracy Train: 65.234%
Epoch:  7 Batch:  41 Loss: 0.6107 Accuracy Train: 65.253%
Epoch:  7 Batch:  51 Loss: 0.6144 Accuracy Train: 65.155%
Epoch:  7 Batch:  61 Loss: 0.6033 Accuracy Train: 65.060%
Epoch:  7 Batch:  71 Loss: 0.6136 Accuracy Train: 65.184%
Epoch:  7 Batch:  81 Loss: 0.6059 Accuracy Train: 65.266%
Epoch:  7 Batch:  91 Loss: 0.6089 Accuracy Train: 65.275%
Epoch:  7 Batch: 101 Loss: 0.6016 Accuracy Train: 65.328%
Epoch:  7 Batch: 111 Loss: 0.6150 Accuracy Train: 65.377%
Epoch:  7 Batch: 121 Loss: 0.6067 Accuracy Train: 65.379%
Epoch:  7 Batch: 131 Loss: 0.6117 Accuracy Train: 65.443%
Epoch:  7 Batch: 141 Loss: 0.6053 Accuracy Train: 65.473%
Epoch:  7 Batch: 151 Loss: 0.6118 Accuracy Train: 65.472%
Epoch:  7 Batch: 161 Loss: 0.6114 Accuracy Train: 65.463%
Epoch:  7 Batch: 171 Loss: 0.6169 Accuracy Train: 65.437%
Epoch:  7 Batch: 181 Loss: 0.6098 Accuracy Train: 65.448%
Epoch:  8 Batch:   1 Loss: 0.6105 Accuracy Train: 65.580%
Epoch:  8 Batch:  11 Loss: 0.6214 Accuracy Train: 65.902%
Epoch:  8 Batch:  21 Loss: 0.6080 Accuracy Train: 65.590%
Epoch:  8 Batch:  31 Loss: 0.6037 Accuracy Train: 65.609%
Epoch:  8 Batch:  41 Loss: 0.6071 Accuracy Train: 65.599%
Epoch:  8 Batch:  51 Loss: 0.6173 Accuracy Train: 65.603%
Epoch:  8 Batch:  61 Loss: 0.6027 Accuracy Train: 65.488%
Epoch:  8 Batch:  71 Loss: 0.6011 Accuracy Train: 65.493%
Epoch:  8 Batch:  81 Loss: 0.6035 Accuracy Train: 65.491%
Epoch:  8 Batch:  91 Loss: 0.6053 Accuracy Train: 65.488%
Epoch:  8 Batch: 101 Loss: 0.6191 Accuracy Train: 65.467%
Epoch:  8 Batch: 111 Loss: 0.6135 Accuracy Train: 65.500%
Epoch:  8 Batch: 121 Loss: 0.6136 Accuracy Train: 65.472%
Epoch:  8 Batch: 131 Loss: 0.6187 Accuracy Train: 65.485%
Epoch:  8 Batch: 141 Loss: 0.6139 Accuracy Train: 65.473%
Epoch:  8 Batch: 151 Loss: 0.5960 Accuracy Train: 65.485%
Epoch:  8 Batch: 161 Loss: 0.6105 Accuracy Train: 65.445%
Epoch:  8 Batch: 171 Loss: 0.6108 Accuracy Train: 65.425%
Epoch:  8 Batch: 181 Loss: 0.6097 Accuracy Train: 65.444%
Epoch:  9 Batch:   1 Loss: 0.6034 Accuracy Train: 66.300%
Epoch:  9 Batch:  11 Loss: 0.6108 Accuracy Train: 65.758%
Epoch:  9 Batch:  21 Loss: 0.6109 Accuracy Train: 65.492%
Epoch:  9 Batch:  31 Loss: 0.6046 Accuracy Train: 65.577%
Epoch:  9 Batch:  41 Loss: 0.6131 Accuracy Train: 65.621%
Epoch:  9 Batch:  51 Loss: 0.6138 Accuracy Train: 65.518%
Epoch:  9 Batch:  61 Loss: 0.6094 Accuracy Train: 65.322%
Epoch:  9 Batch:  71 Loss: 0.6019 Accuracy Train: 65.380%
Epoch:  9 Batch:  81 Loss: 0.6171 Accuracy Train: 65.418%
Epoch:  9 Batch:  91 Loss: 0.6119 Accuracy Train: 65.375%
Epoch:  9 Batch: 101 Loss: 0.6095 Accuracy Train: 65.420%
Epoch:  9 Batch: 111 Loss: 0.6088 Accuracy Train: 65.434%
Epoch:  9 Batch: 121 Loss: 0.6084 Accuracy Train: 65.451%
Epoch:  9 Batch: 131 Loss: 0.6184 Accuracy Train: 65.469%
Epoch:  9 Batch: 141 Loss: 0.6106 Accuracy Train: 65.454%
Epoch:  9 Batch: 151 Loss: 0.6106 Accuracy Train: 65.482%
Epoch:  9 Batch: 161 Loss: 0.6038 Accuracy Train: 65.511%
Epoch:  9 Batch: 171 Loss: 0.6080 Accuracy Train: 65.493%
Epoch:  9 Batch: 181 Loss: 0.6048 Accuracy Train: 65.499%
Epoch: 10 Batch:   1 Loss: 0.6142 Accuracy Train: 65.480%
Epoch: 10 Batch:  11 Loss: 0.5994 Accuracy Train: 64.531%
Epoch: 10 Batch:  21 Loss: 0.6179 Accuracy Train: 65.019%
Epoch: 10 Batch:  31 Loss: 0.6004 Accuracy Train: 65.164%
Epoch: 10 Batch:  41 Loss: 0.6089 Accuracy Train: 65.142%
Epoch: 10 Batch:  51 Loss: 0.6093 Accuracy Train: 65.253%
Epoch: 10 Batch:  61 Loss: 0.6004 Accuracy Train: 65.308%
Epoch: 10 Batch:  71 Loss: 0.6133 Accuracy Train: 65.312%
Epoch: 10 Batch:  81 Loss: 0.6091 Accuracy Train: 65.356%
Epoch: 10 Batch:  91 Loss: 0.6042 Accuracy Train: 65.400%
Epoch: 10 Batch: 101 Loss: 0.6097 Accuracy Train: 65.429%
Epoch: 10 Batch: 111 Loss: 0.6006 Accuracy Train: 65.476%
Epoch: 10 Batch: 121 Loss: 0.6043 Accuracy Train: 65.424%
Epoch: 10 Batch: 131 Loss: 0.6061 Accuracy Train: 65.425%
Epoch: 10 Batch: 141 Loss: 0.6191 Accuracy Train: 65.440%
Epoch: 10 Batch: 151 Loss: 0.6000 Accuracy Train: 65.498%
Epoch: 10 Batch: 161 Loss: 0.6047 Accuracy Train: 65.497%
Epoch: 10 Batch: 171 Loss: 0.6141 Accuracy Train: 65.440%
Epoch: 10 Batch: 181 Loss: 0.5996 Accuracy Train: 65.461%
Epoch: 11 Batch:   1 Loss: 0.6050 Accuracy Train: 66.420%
Epoch: 11 Batch:  11 Loss: 0.6087 Accuracy Train: 65.433%
Epoch: 11 Batch:  21 Loss: 0.6094 Accuracy Train: 65.579%
Epoch: 11 Batch:  31 Loss: 0.6157 Accuracy Train: 65.685%
Epoch: 11 Batch:  41 Loss: 0.6199 Accuracy Train: 65.636%
Epoch: 11 Batch:  51 Loss: 0.6120 Accuracy Train: 65.597%
Epoch: 11 Batch:  61 Loss: 0.6099 Accuracy Train: 65.464%
Epoch: 11 Batch:  71 Loss: 0.6118 Accuracy Train: 65.378%
Epoch: 11 Batch:  81 Loss: 0.6145 Accuracy Train: 65.318%
Epoch: 11 Batch:  91 Loss: 0.6078 Accuracy Train: 65.327%
Epoch: 11 Batch: 101 Loss: 0.6039 Accuracy Train: 65.334%
Epoch: 11 Batch: 111 Loss: 0.6149 Accuracy Train: 65.342%
Epoch: 11 Batch: 121 Loss: 0.6190 Accuracy Train: 65.354%
Epoch: 11 Batch: 131 Loss: 0.6049 Accuracy Train: 65.412%
Epoch: 11 Batch: 141 Loss: 0.6044 Accuracy Train: 65.455%
Epoch: 11 Batch: 151 Loss: 0.6026 Accuracy Train: 65.432%
Epoch: 11 Batch: 161 Loss: 0.6023 Accuracy Train: 65.450%
Epoch: 11 Batch: 171 Loss: 0.5951 Accuracy Train: 65.509%
Epoch: 11 Batch: 181 Loss: 0.6142 Accuracy Train: 65.513%
Epoch: 12 Batch:   1 Loss: 0.6083 Accuracy Train: 62.500%
Epoch: 12 Batch:  11 Loss: 0.6089 Accuracy Train: 65.691%
Epoch: 12 Batch:  21 Loss: 0.6105 Accuracy Train: 65.188%
Epoch: 12 Batch:  31 Loss: 0.6093 Accuracy Train: 65.099%
Epoch: 12 Batch:  41 Loss: 0.6075 Accuracy Train: 65.358%
Epoch: 12 Batch:  51 Loss: 0.6117 Accuracy Train: 65.366%
Epoch: 12 Batch:  61 Loss: 0.6088 Accuracy Train: 65.459%
Epoch: 12 Batch:  71 Loss: 0.6065 Accuracy Train: 65.500%
Epoch: 12 Batch:  81 Loss: 0.6112 Accuracy Train: 65.501%
Epoch: 12 Batch:  91 Loss: 0.6129 Accuracy Train: 65.516%
Epoch: 12 Batch: 101 Loss: 0.6018 Accuracy Train: 65.549%
Epoch: 12 Batch: 111 Loss: 0.6045 Accuracy Train: 65.521%
Epoch: 12 Batch: 121 Loss: 0.6115 Accuracy Train: 65.490%
Epoch: 12 Batch: 131 Loss: 0.6050 Accuracy Train: 65.533%
Epoch: 12 Batch: 141 Loss: 0.6095 Accuracy Train: 65.530%
Epoch: 12 Batch: 151 Loss: 0.6079 Accuracy Train: 65.507%
Epoch: 12 Batch: 161 Loss: 0.6194 Accuracy Train: 65.493%
Epoch: 12 Batch: 171 Loss: 0.6111 Accuracy Train: 65.524%
Epoch: 12 Batch: 181 Loss: 0.6078 Accuracy Train: 65.509%
Epoch: 13 Batch:   1 Loss: 0.6075 Accuracy Train: 65.940%
Epoch: 13 Batch:  11 Loss: 0.6148 Accuracy Train: 65.818%
Epoch: 13 Batch:  21 Loss: 0.5990 Accuracy Train: 65.752%
Epoch: 13 Batch:  31 Loss: 0.6043 Accuracy Train: 65.661%
Epoch: 13 Batch:  41 Loss: 0.6148 Accuracy Train: 65.393%
Epoch: 13 Batch:  51 Loss: 0.6099 Accuracy Train: 65.479%
Epoch: 13 Batch:  61 Loss: 0.6131 Accuracy Train: 65.516%
Epoch: 13 Batch:  71 Loss: 0.6121 Accuracy Train: 65.523%
Epoch: 13 Batch:  81 Loss: 0.6135 Accuracy Train: 65.512%
Epoch: 13 Batch:  91 Loss: 0.6069 Accuracy Train: 65.530%
Epoch: 13 Batch: 101 Loss: 0.6122 Accuracy Train: 65.575%
Epoch: 13 Batch: 111 Loss: 0.6018 Accuracy Train: 65.565%
Epoch: 13 Batch: 121 Loss: 0.6167 Accuracy Train: 65.572%
Epoch: 13 Batch: 131 Loss: 0.6153 Accuracy Train: 65.580%
Epoch: 13 Batch: 141 Loss: 0.6129 Accuracy Train: 65.613%
Epoch: 13 Batch: 151 Loss: 0.6036 Accuracy Train: 65.534%
Epoch: 13 Batch: 161 Loss: 0.6072 Accuracy Train: 65.492%
Epoch: 13 Batch: 171 Loss: 0.6010 Accuracy Train: 65.505%
Epoch: 13 Batch: 181 Loss: 0.6147 Accuracy Train: 65.500%
Epoch: 14 Batch:   1 Loss: 0.6120 Accuracy Train: 65.020%
Epoch: 14 Batch:  11 Loss: 0.6057 Accuracy Train: 65.885%
Epoch: 14 Batch:  21 Loss: 0.6256 Accuracy Train: 65.667%
Epoch: 14 Batch:  31 Loss: 0.6053 Accuracy Train: 65.630%
Epoch: 14 Batch:  41 Loss: 0.6078 Accuracy Train: 65.557%
Epoch: 14 Batch:  51 Loss: 0.6182 Accuracy Train: 65.420%
Epoch: 14 Batch:  61 Loss: 0.6020 Accuracy Train: 65.470%
Epoch: 14 Batch:  71 Loss: 0.6019 Accuracy Train: 65.483%
Epoch: 14 Batch:  81 Loss: 0.6040 Accuracy Train: 65.465%
Epoch: 14 Batch:  91 Loss: 0.6060 Accuracy Train: 65.511%
Epoch: 14 Batch: 101 Loss: 0.6126 Accuracy Train: 65.506%
Epoch: 14 Batch: 111 Loss: 0.6158 Accuracy Train: 65.556%
Epoch: 14 Batch: 121 Loss: 0.6116 Accuracy Train: 65.584%
Epoch: 14 Batch: 131 Loss: 0.6092 Accuracy Train: 65.519%
Epoch: 14 Batch: 141 Loss: 0.6167 Accuracy Train: 65.537%
Epoch: 14 Batch: 151 Loss: 0.6150 Accuracy Train: 65.545%
Epoch: 14 Batch: 161 Loss: 0.6080 Accuracy Train: 65.538%
Epoch: 14 Batch: 171 Loss: 0.6038 Accuracy Train: 65.541%
Epoch: 14 Batch: 181 Loss: 0.6159 Accuracy Train: 65.537%
Epoch: 15 Batch:   1 Loss: 0.6034 Accuracy Train: 66.160%
Epoch: 15 Batch:  11 Loss: 0.6137 Accuracy Train: 65.285%
Epoch: 15 Batch:  21 Loss: 0.6122 Accuracy Train: 65.544%
Epoch: 15 Batch:  31 Loss: 0.6083 Accuracy Train: 65.529%
Epoch: 15 Batch:  41 Loss: 0.5990 Accuracy Train: 65.562%
Epoch: 15 Batch:  51 Loss: 0.6107 Accuracy Train: 65.582%
Epoch: 15 Batch:  61 Loss: 0.6250 Accuracy Train: 65.647%
Epoch: 15 Batch:  71 Loss: 0.6140 Accuracy Train: 65.480%
Epoch: 15 Batch:  81 Loss: 0.6147 Accuracy Train: 65.523%
Epoch: 15 Batch:  91 Loss: 0.6200 Accuracy Train: 65.499%
Epoch: 15 Batch: 101 Loss: 0.6037 Accuracy Train: 65.558%
Epoch: 15 Batch: 111 Loss: 0.6027 Accuracy Train: 65.572%
Epoch: 15 Batch: 121 Loss: 0.6056 Accuracy Train: 65.611%
Epoch: 15 Batch: 131 Loss: 0.6062 Accuracy Train: 65.615%
Epoch: 15 Batch: 141 Loss: 0.6037 Accuracy Train: 65.630%
Epoch: 15 Batch: 151 Loss: 0.6039 Accuracy Train: 65.575%
Epoch: 15 Batch: 161 Loss: 0.6107 Accuracy Train: 65.594%
Epoch: 15 Batch: 171 Loss: 0.5942 Accuracy Train: 65.584%
Epoch: 15 Batch: 181 Loss: 0.6080 Accuracy Train: 65.513%
Epoch: 16 Batch:   1 Loss: 0.6163 Accuracy Train: 62.180%
Epoch: 16 Batch:  11 Loss: 0.6093 Accuracy Train: 64.462%
Epoch: 16 Batch:  21 Loss: 0.6064 Accuracy Train: 64.420%
Epoch: 16 Batch:  31 Loss: 0.6113 Accuracy Train: 64.566%
Epoch: 16 Batch:  41 Loss: 0.6034 Accuracy Train: 64.874%
Epoch: 16 Batch:  51 Loss: 0.6018 Accuracy Train: 65.007%
Epoch: 16 Batch:  61 Loss: 0.5969 Accuracy Train: 65.141%
Epoch: 16 Batch:  71 Loss: 0.5968 Accuracy Train: 65.227%
Epoch: 16 Batch:  81 Loss: 0.6035 Accuracy Train: 65.285%
Epoch: 16 Batch:  91 Loss: 0.6102 Accuracy Train: 65.356%
Epoch: 16 Batch: 101 Loss: 0.6157 Accuracy Train: 65.312%
Epoch: 16 Batch: 111 Loss: 0.6043 Accuracy Train: 65.350%
Epoch: 16 Batch: 121 Loss: 0.6042 Accuracy Train: 65.386%
Epoch: 16 Batch: 131 Loss: 0.6026 Accuracy Train: 65.383%
Epoch: 16 Batch: 141 Loss: 0.5989 Accuracy Train: 65.374%
Epoch: 16 Batch: 151 Loss: 0.6102 Accuracy Train: 65.410%
Epoch: 16 Batch: 161 Loss: 0.6025 Accuracy Train: 65.407%
Epoch: 16 Batch: 171 Loss: 0.6091 Accuracy Train: 65.382%
Epoch: 16 Batch: 181 Loss: 0.6090 Accuracy Train: 65.370%
Epoch: 17 Batch:   1 Loss: 0.6075 Accuracy Train: 65.980%
Epoch: 17 Batch:  11 Loss: 0.6045 Accuracy Train: 66.262%
Epoch: 17 Batch:  21 Loss: 0.6048 Accuracy Train: 65.981%
Epoch: 17 Batch:  31 Loss: 0.6149 Accuracy Train: 65.664%
Epoch: 17 Batch:  41 Loss: 0.6099 Accuracy Train: 65.770%
Epoch: 17 Batch:  51 Loss: 0.5978 Accuracy Train: 65.712%
Epoch: 17 Batch:  61 Loss: 0.6134 Accuracy Train: 65.687%
Epoch: 17 Batch:  71 Loss: 0.5997 Accuracy Train: 65.583%
Epoch: 17 Batch:  81 Loss: 0.6051 Accuracy Train: 65.592%
Epoch: 17 Batch:  91 Loss: 0.6049 Accuracy Train: 65.587%
Epoch: 17 Batch: 101 Loss: 0.6073 Accuracy Train: 65.548%
Epoch: 17 Batch: 111 Loss: 0.6090 Accuracy Train: 65.555%
Epoch: 17 Batch: 121 Loss: 0.6049 Accuracy Train: 65.597%
Epoch: 17 Batch: 131 Loss: 0.6116 Accuracy Train: 65.512%
Epoch: 17 Batch: 141 Loss: 0.6063 Accuracy Train: 65.453%
Epoch: 17 Batch: 151 Loss: 0.6060 Accuracy Train: 65.478%
Epoch: 17 Batch: 161 Loss: 0.6052 Accuracy Train: 65.466%
Epoch: 17 Batch: 171 Loss: 0.6078 Accuracy Train: 65.480%
Epoch: 17 Batch: 181 Loss: 0.6168 Accuracy Train: 65.506%
Epoch: 18 Batch:   1 Loss: 0.6094 Accuracy Train: 65.440%
Epoch: 18 Batch:  11 Loss: 0.6172 Accuracy Train: 64.709%
Epoch: 18 Batch:  21 Loss: 0.6072 Accuracy Train: 65.274%
Epoch: 18 Batch:  31 Loss: 0.6111 Accuracy Train: 65.518%
Epoch: 18 Batch:  41 Loss: 0.6174 Accuracy Train: 65.604%
Epoch: 18 Batch:  51 Loss: 0.6087 Accuracy Train: 65.659%
Epoch: 18 Batch:  61 Loss: 0.6054 Accuracy Train: 65.751%
Epoch: 18 Batch:  71 Loss: 0.6096 Accuracy Train: 65.718%
Epoch: 18 Batch:  81 Loss: 0.6129 Accuracy Train: 65.679%
Epoch: 18 Batch:  91 Loss: 0.6030 Accuracy Train: 65.672%
Epoch: 18 Batch: 101 Loss: 0.6083 Accuracy Train: 65.671%
Epoch: 18 Batch: 111 Loss: 0.6058 Accuracy Train: 65.719%
Epoch: 18 Batch: 121 Loss: 0.6128 Accuracy Train: 65.718%
Epoch: 18 Batch: 131 Loss: 0.6111 Accuracy Train: 65.633%
Epoch: 18 Batch: 141 Loss: 0.6231 Accuracy Train: 65.623%
Epoch: 18 Batch: 151 Loss: 0.6044 Accuracy Train: 65.640%
Epoch: 18 Batch: 161 Loss: 0.6114 Accuracy Train: 65.596%
Epoch: 18 Batch: 171 Loss: 0.6005 Accuracy Train: 65.584%
Epoch: 18 Batch: 181 Loss: 0.6093 Accuracy Train: 65.588%
Epoch: 19 Batch:   1 Loss: 0.6196 Accuracy Train: 65.380%
Epoch: 19 Batch:  11 Loss: 0.6055 Accuracy Train: 66.000%
Epoch: 19 Batch:  21 Loss: 0.6034 Accuracy Train: 65.587%
Epoch: 19 Batch:  31 Loss: 0.6104 Accuracy Train: 65.612%
Epoch: 19 Batch:  41 Loss: 0.6097 Accuracy Train: 65.558%
Epoch: 19 Batch:  51 Loss: 0.6059 Accuracy Train: 65.586%
Epoch: 19 Batch:  61 Loss: 0.6030 Accuracy Train: 65.710%
Epoch: 19 Batch:  71 Loss: 0.6173 Accuracy Train: 65.621%
Epoch: 19 Batch:  81 Loss: 0.6167 Accuracy Train: 65.633%
Epoch: 19 Batch:  91 Loss: 0.5949 Accuracy Train: 65.681%
Epoch: 19 Batch: 101 Loss: 0.6134 Accuracy Train: 65.679%
Epoch: 19 Batch: 111 Loss: 0.6111 Accuracy Train: 65.591%
Epoch: 19 Batch: 121 Loss: 0.6061 Accuracy Train: 65.601%
Epoch: 19 Batch: 131 Loss: 0.6117 Accuracy Train: 65.600%
Epoch: 19 Batch: 141 Loss: 0.6121 Accuracy Train: 65.586%
Epoch: 19 Batch: 151 Loss: 0.6140 Accuracy Train: 65.563%
Epoch: 19 Batch: 161 Loss: 0.6039 Accuracy Train: 65.586%
Epoch: 19 Batch: 171 Loss: 0.6001 Accuracy Train: 65.508%
Epoch: 19 Batch: 181 Loss: 0.6069 Accuracy Train: 65.506%

Duration: 143 seconds
