Training DynNetGen(
  (layers): Sequential(
    (0): Sequential(
      (0): Conv2d(1, 32, kernel_size=(3, 3), stride=(1, 1))
      (1): BatchNorm2d(32, eps=1e-05, momentum=0.1, affine=True, track_running_stats=True)
      (2): ReLU()
    )
    (1): Sequential(
      (0): Flatten(start_dim=1, end_dim=-1)
      (1): Linear(in_features=800, out_features=2, bias=True)
    )
  )
) in cuda
=================================================================
Layer (type:depth-idx)                   Param #
=================================================================
DynNetGen                                --
├─Sequential: 1-1                        --
│    └─Sequential: 2-1                   --
│    │    └─Conv2d: 3-1                  320
│    │    └─BatchNorm2d: 3-2             64
│    │    └─ReLU: 3-3                    --
│    └─Sequential: 2-2                   --
│    │    └─Flatten: 3-4                 --
│    │    └─Linear: 3-5                  1,602
=================================================================
Total params: 1,986
Trainable params: 1,986
Non-trainable params: 0
=================================================================
Epoch:  0 Batch:   1 Loss: 0.7282 Accuracy Train: 50.940%
Epoch:  0 Batch:  11 Loss: 0.6713 Accuracy Train: 58.256%
Epoch:  0 Batch:  21 Loss: 0.6218 Accuracy Train: 60.670%
Epoch:  0 Batch:  31 Loss: 0.6049 Accuracy Train: 61.959%
Epoch:  0 Batch:  41 Loss: 0.6029 Accuracy Train: 63.161%
Epoch:  0 Batch:  51 Loss: 0.6105 Accuracy Train: 63.872%
Epoch:  0 Batch:  61 Loss: 0.5899 Accuracy Train: 64.636%
Epoch:  0 Batch:  71 Loss: 0.5889 Accuracy Train: 64.989%
Epoch:  0 Batch:  81 Loss: 0.5902 Accuracy Train: 65.294%
Epoch:  0 Batch:  91 Loss: 0.5863 Accuracy Train: 65.535%
Epoch:  0 Batch: 101 Loss: 0.5661 Accuracy Train: 65.734%
Epoch:  0 Batch: 111 Loss: 0.5588 Accuracy Train: 66.666%
Epoch:  0 Batch: 121 Loss: 0.5431 Accuracy Train: 67.574%
Epoch:  0 Batch: 131 Loss: 0.5311 Accuracy Train: 68.249%
Epoch:  0 Batch: 141 Loss: 0.5309 Accuracy Train: 69.119%
Epoch:  0 Batch: 151 Loss: 0.5286 Accuracy Train: 69.879%
Epoch:  0 Batch: 161 Loss: 0.5173 Accuracy Train: 70.555%
Epoch:  0 Batch: 171 Loss: 0.5057 Accuracy Train: 71.150%
Epoch:  0 Batch: 181 Loss: 0.5121 Accuracy Train: 71.674%
Epoch:  1 Batch:   1 Loss: 0.5039 Accuracy Train: 80.360%
Epoch:  1 Batch:  11 Loss: 0.4962 Accuracy Train: 80.635%
Epoch:  1 Batch:  21 Loss: 0.4937 Accuracy Train: 80.842%
Epoch:  1 Batch:  31 Loss: 0.4890 Accuracy Train: 80.771%
Epoch:  1 Batch:  41 Loss: 0.4838 Accuracy Train: 80.848%
Epoch:  1 Batch:  51 Loss: 0.4862 Accuracy Train: 80.847%
Epoch:  1 Batch:  61 Loss: 0.5067 Accuracy Train: 80.777%
Epoch:  1 Batch:  71 Loss: 0.4695 Accuracy Train: 80.692%
Epoch:  1 Batch:  81 Loss: 0.4932 Accuracy Train: 80.660%
Epoch:  1 Batch:  91 Loss: 0.4812 Accuracy Train: 80.682%
Epoch:  1 Batch: 101 Loss: 0.4750 Accuracy Train: 80.722%
Epoch:  1 Batch: 111 Loss: 0.4770 Accuracy Train: 80.787%
Epoch:  1 Batch: 121 Loss: 0.4730 Accuracy Train: 80.724%
Epoch:  1 Batch: 131 Loss: 0.4774 Accuracy Train: 80.742%
Epoch:  1 Batch: 141 Loss: 0.4789 Accuracy Train: 80.727%
Epoch:  1 Batch: 151 Loss: 0.4651 Accuracy Train: 80.706%
Epoch:  1 Batch: 161 Loss: 0.4836 Accuracy Train: 80.665%
Epoch:  1 Batch: 171 Loss: 0.4597 Accuracy Train: 80.649%
Epoch:  1 Batch: 181 Loss: 0.4616 Accuracy Train: 80.621%
Epoch:  2 Batch:   1 Loss: 0.4596 Accuracy Train: 80.900%
Epoch:  2 Batch:  11 Loss: 0.4543 Accuracy Train: 81.215%
Epoch:  2 Batch:  21 Loss: 0.4609 Accuracy Train: 81.245%
Epoch:  2 Batch:  31 Loss: 0.4556 Accuracy Train: 81.043%
Epoch:  2 Batch:  41 Loss: 0.4553 Accuracy Train: 80.937%
Epoch:  2 Batch:  51 Loss: 0.4630 Accuracy Train: 80.915%
Epoch:  2 Batch:  61 Loss: 0.4653 Accuracy Train: 80.916%
Epoch:  2 Batch:  71 Loss: 0.4512 Accuracy Train: 80.876%
Epoch:  2 Batch:  81 Loss: 0.4487 Accuracy Train: 80.857%
Epoch:  2 Batch:  91 Loss: 0.4496 Accuracy Train: 80.908%
Epoch:  2 Batch: 101 Loss: 0.4435 Accuracy Train: 80.931%
Epoch:  2 Batch: 111 Loss: 0.4553 Accuracy Train: 80.951%
Epoch:  2 Batch: 121 Loss: 0.4581 Accuracy Train: 80.936%
Epoch:  2 Batch: 131 Loss: 0.4537 Accuracy Train: 80.968%
Epoch:  2 Batch: 141 Loss: 0.4575 Accuracy Train: 80.970%
Epoch:  2 Batch: 151 Loss: 0.4663 Accuracy Train: 81.019%
Epoch:  2 Batch: 161 Loss: 0.4500 Accuracy Train: 81.020%
Epoch:  2 Batch: 171 Loss: 0.4515 Accuracy Train: 81.076%
Epoch:  2 Batch: 181 Loss: 0.4528 Accuracy Train: 81.082%
Epoch:  3 Batch:   1 Loss: 0.4638 Accuracy Train: 80.740%
Epoch:  3 Batch:  11 Loss: 0.4572 Accuracy Train: 81.385%
Epoch:  3 Batch:  21 Loss: 0.4538 Accuracy Train: 81.599%
Epoch:  3 Batch:  31 Loss: 0.4336 Accuracy Train: 81.517%
Epoch:  3 Batch:  41 Loss: 0.4582 Accuracy Train: 81.570%
Epoch:  3 Batch:  51 Loss: 0.4595 Accuracy Train: 81.655%
Epoch:  3 Batch:  61 Loss: 0.4415 Accuracy Train: 81.554%
Epoch:  3 Batch:  71 Loss: 0.4614 Accuracy Train: 81.495%
Epoch:  3 Batch:  81 Loss: 0.4471 Accuracy Train: 81.420%
Epoch:  3 Batch:  91 Loss: 0.4419 Accuracy Train: 81.459%
Epoch:  3 Batch: 101 Loss: 0.4478 Accuracy Train: 81.439%
Epoch:  3 Batch: 111 Loss: 0.4320 Accuracy Train: 81.465%
Epoch:  3 Batch: 121 Loss: 0.4376 Accuracy Train: 81.494%
Epoch:  3 Batch: 131 Loss: 0.4311 Accuracy Train: 81.567%
Epoch:  3 Batch: 141 Loss: 0.4472 Accuracy Train: 81.558%
Epoch:  3 Batch: 151 Loss: 0.4581 Accuracy Train: 81.614%
Epoch:  3 Batch: 161 Loss: 0.4429 Accuracy Train: 81.648%
Epoch:  3 Batch: 171 Loss: 0.4433 Accuracy Train: 81.705%
Epoch:  3 Batch: 181 Loss: 0.4408 Accuracy Train: 81.747%
Epoch:  4 Batch:   1 Loss: 0.4415 Accuracy Train: 81.440%
Epoch:  4 Batch:  11 Loss: 0.4468 Accuracy Train: 81.662%
Epoch:  4 Batch:  21 Loss: 0.4183 Accuracy Train: 82.442%
Epoch:  4 Batch:  31 Loss: 0.4503 Accuracy Train: 82.687%
Epoch:  4 Batch:  41 Loss: 0.4283 Accuracy Train: 82.860%
Epoch:  4 Batch:  51 Loss: 0.4853 Accuracy Train: 82.726%
Epoch:  4 Batch:  61 Loss: 0.4324 Accuracy Train: 82.718%
Epoch:  4 Batch:  71 Loss: 0.4402 Accuracy Train: 82.691%
Epoch:  4 Batch:  81 Loss: 0.4282 Accuracy Train: 82.803%
Epoch:  4 Batch:  91 Loss: 0.4537 Accuracy Train: 82.859%
Epoch:  4 Batch: 101 Loss: 0.4333 Accuracy Train: 82.865%
Epoch:  4 Batch: 111 Loss: 0.4264 Accuracy Train: 82.945%
Epoch:  4 Batch: 121 Loss: 0.4333 Accuracy Train: 83.024%
Epoch:  4 Batch: 131 Loss: 0.4313 Accuracy Train: 83.063%
Epoch:  4 Batch: 141 Loss: 0.4292 Accuracy Train: 83.040%
Epoch:  4 Batch: 151 Loss: 0.4341 Accuracy Train: 83.078%
Epoch:  4 Batch: 161 Loss: 0.4306 Accuracy Train: 83.083%
Epoch:  4 Batch: 171 Loss: 0.4336 Accuracy Train: 83.118%
Epoch:  4 Batch: 181 Loss: 0.4399 Accuracy Train: 83.090%
Epoch:  5 Batch:   1 Loss: 0.4483 Accuracy Train: 83.220%
Epoch:  5 Batch:  11 Loss: 0.4598 Accuracy Train: 82.684%
Epoch:  5 Batch:  21 Loss: 0.4270 Accuracy Train: 83.201%
Epoch:  5 Batch:  31 Loss: 0.4241 Accuracy Train: 83.226%
Epoch:  5 Batch:  41 Loss: 0.4204 Accuracy Train: 83.161%
Epoch:  5 Batch:  51 Loss: 0.4251 Accuracy Train: 83.214%
Epoch:  5 Batch:  61 Loss: 0.4071 Accuracy Train: 83.314%
Epoch:  5 Batch:  71 Loss: 0.4436 Accuracy Train: 83.333%
Epoch:  5 Batch:  81 Loss: 0.4331 Accuracy Train: 83.369%
Epoch:  5 Batch:  91 Loss: 0.4191 Accuracy Train: 83.432%
Epoch:  5 Batch: 101 Loss: 0.4234 Accuracy Train: 83.461%
Epoch:  5 Batch: 111 Loss: 0.4296 Accuracy Train: 83.496%
Epoch:  5 Batch: 121 Loss: 0.4306 Accuracy Train: 83.393%
Epoch:  5 Batch: 131 Loss: 0.4443 Accuracy Train: 83.417%
Epoch:  5 Batch: 141 Loss: 0.4178 Accuracy Train: 83.415%
Epoch:  5 Batch: 151 Loss: 0.4223 Accuracy Train: 83.417%
Epoch:  5 Batch: 161 Loss: 0.4262 Accuracy Train: 83.421%
Epoch:  5 Batch: 171 Loss: 0.4154 Accuracy Train: 83.446%
Epoch:  5 Batch: 181 Loss: 0.4322 Accuracy Train: 83.463%
Epoch:  6 Batch:   1 Loss: 0.4211 Accuracy Train: 84.420%
Epoch:  6 Batch:  11 Loss: 0.4111 Accuracy Train: 83.540%
Epoch:  6 Batch:  21 Loss: 0.4139 Accuracy Train: 83.586%
Epoch:  6 Batch:  31 Loss: 0.4181 Accuracy Train: 83.620%
Epoch:  6 Batch:  41 Loss: 0.4104 Accuracy Train: 83.642%
Epoch:  6 Batch:  51 Loss: 0.4147 Accuracy Train: 83.665%
Epoch:  6 Batch:  61 Loss: 0.4462 Accuracy Train: 83.717%
Epoch:  6 Batch:  71 Loss: 0.4071 Accuracy Train: 83.703%
Epoch:  6 Batch:  81 Loss: 0.4156 Accuracy Train: 83.711%
Epoch:  6 Batch:  91 Loss: 0.4251 Accuracy Train: 83.704%
Epoch:  6 Batch: 101 Loss: 0.4152 Accuracy Train: 83.715%
Epoch:  6 Batch: 111 Loss: 0.4156 Accuracy Train: 83.723%
Epoch:  6 Batch: 121 Loss: 0.4210 Accuracy Train: 83.724%
Epoch:  6 Batch: 131 Loss: 0.4072 Accuracy Train: 83.726%
Epoch:  6 Batch: 141 Loss: 0.4285 Accuracy Train: 83.728%
Epoch:  6 Batch: 151 Loss: 0.4208 Accuracy Train: 83.739%
Epoch:  6 Batch: 161 Loss: 0.4109 Accuracy Train: 83.737%
Epoch:  6 Batch: 171 Loss: 0.4205 Accuracy Train: 83.753%
Epoch:  6 Batch: 181 Loss: 0.4080 Accuracy Train: 83.757%
Epoch:  7 Batch:   1 Loss: 0.4152 Accuracy Train: 84.040%
Epoch:  7 Batch:  11 Loss: 0.4141 Accuracy Train: 83.725%
Epoch:  7 Batch:  21 Loss: 0.4040 Accuracy Train: 83.690%
Epoch:  7 Batch:  31 Loss: 0.4257 Accuracy Train: 83.630%
Epoch:  7 Batch:  41 Loss: 0.4233 Accuracy Train: 83.652%
Epoch:  7 Batch:  51 Loss: 0.4156 Accuracy Train: 83.644%
Epoch:  7 Batch:  61 Loss: 0.4114 Accuracy Train: 83.703%
Epoch:  7 Batch:  71 Loss: 0.4325 Accuracy Train: 83.715%
Epoch:  7 Batch:  81 Loss: 0.4118 Accuracy Train: 83.715%
Epoch:  7 Batch:  91 Loss: 0.4530 Accuracy Train: 83.730%
Epoch:  7 Batch: 101 Loss: 0.4355 Accuracy Train: 83.749%
Epoch:  7 Batch: 111 Loss: 0.4029 Accuracy Train: 83.732%
Epoch:  7 Batch: 121 Loss: 0.4163 Accuracy Train: 83.729%
Epoch:  7 Batch: 131 Loss: 0.3905 Accuracy Train: 83.737%
Epoch:  7 Batch: 141 Loss: 0.3960 Accuracy Train: 83.777%
Epoch:  7 Batch: 151 Loss: 0.4168 Accuracy Train: 83.764%
Epoch:  7 Batch: 161 Loss: 0.4101 Accuracy Train: 83.773%
Epoch:  7 Batch: 171 Loss: 0.3981 Accuracy Train: 83.768%
Epoch:  7 Batch: 181 Loss: 0.4087 Accuracy Train: 83.762%
Epoch:  8 Batch:   1 Loss: 0.4391 Accuracy Train: 83.620%
Epoch:  8 Batch:  11 Loss: 0.3968 Accuracy Train: 83.753%
Epoch:  8 Batch:  21 Loss: 0.4087 Accuracy Train: 83.709%
Epoch:  8 Batch:  31 Loss: 0.4093 Accuracy Train: 83.763%
Epoch:  8 Batch:  41 Loss: 0.4163 Accuracy Train: 83.894%
Epoch:  8 Batch:  51 Loss: 0.4111 Accuracy Train: 83.851%
Epoch:  8 Batch:  61 Loss: 0.4183 Accuracy Train: 83.824%
Epoch:  8 Batch:  71 Loss: 0.3924 Accuracy Train: 83.872%
Epoch:  8 Batch:  81 Loss: 0.4206 Accuracy Train: 83.835%
Epoch:  8 Batch:  91 Loss: 0.4082 Accuracy Train: 83.809%
Epoch:  8 Batch: 101 Loss: 0.4053 Accuracy Train: 83.819%
Epoch:  8 Batch: 111 Loss: 0.4012 Accuracy Train: 83.823%
Epoch:  8 Batch: 121 Loss: 0.3898 Accuracy Train: 83.833%
Epoch:  8 Batch: 131 Loss: 0.3899 Accuracy Train: 83.833%
Epoch:  8 Batch: 141 Loss: 0.4314 Accuracy Train: 83.833%
Epoch:  8 Batch: 151 Loss: 0.4195 Accuracy Train: 83.806%
Epoch:  8 Batch: 161 Loss: 0.4290 Accuracy Train: 83.799%
Epoch:  8 Batch: 171 Loss: 0.4220 Accuracy Train: 83.804%
Epoch:  8 Batch: 181 Loss: 0.4031 Accuracy Train: 83.809%
Epoch:  9 Batch:   1 Loss: 0.4321 Accuracy Train: 83.680%
Epoch:  9 Batch:  11 Loss: 0.3972 Accuracy Train: 83.836%
Epoch:  9 Batch:  21 Loss: 0.4004 Accuracy Train: 83.892%
Epoch:  9 Batch:  31 Loss: 0.4445 Accuracy Train: 83.710%
Epoch:  9 Batch:  41 Loss: 0.4110 Accuracy Train: 83.729%
Epoch:  9 Batch:  51 Loss: 0.4103 Accuracy Train: 83.706%
Epoch:  9 Batch:  61 Loss: 0.4073 Accuracy Train: 83.683%
Epoch:  9 Batch:  71 Loss: 0.4042 Accuracy Train: 83.704%
Epoch:  9 Batch:  81 Loss: 0.4007 Accuracy Train: 83.734%
Epoch:  9 Batch:  91 Loss: 0.3871 Accuracy Train: 83.755%
Epoch:  9 Batch: 101 Loss: 0.3936 Accuracy Train: 83.751%
Epoch:  9 Batch: 111 Loss: 0.3915 Accuracy Train: 83.754%
Epoch:  9 Batch: 121 Loss: 0.4047 Accuracy Train: 83.759%
Epoch:  9 Batch: 131 Loss: 0.4100 Accuracy Train: 83.777%
Epoch:  9 Batch: 141 Loss: 0.4006 Accuracy Train: 83.778%
Epoch:  9 Batch: 151 Loss: 0.3983 Accuracy Train: 83.773%
Epoch:  9 Batch: 161 Loss: 0.3870 Accuracy Train: 83.804%
Epoch:  9 Batch: 171 Loss: 0.3963 Accuracy Train: 83.802%
Epoch:  9 Batch: 181 Loss: 0.4070 Accuracy Train: 83.805%
Epoch: 10 Batch:   1 Loss: 0.4095 Accuracy Train: 83.100%
Epoch: 10 Batch:  11 Loss: 0.3962 Accuracy Train: 83.835%
Epoch: 10 Batch:  21 Loss: 0.3972 Accuracy Train: 83.615%
Epoch: 10 Batch:  31 Loss: 0.3907 Accuracy Train: 83.685%
Epoch: 10 Batch:  41 Loss: 0.3857 Accuracy Train: 83.674%
Epoch: 10 Batch:  51 Loss: 0.3914 Accuracy Train: 83.681%
Epoch: 10 Batch:  61 Loss: 0.3893 Accuracy Train: 83.729%
Epoch: 10 Batch:  71 Loss: 0.4264 Accuracy Train: 83.730%
Epoch: 10 Batch:  81 Loss: 0.3903 Accuracy Train: 83.724%
Epoch: 10 Batch:  91 Loss: 0.3994 Accuracy Train: 83.751%
Epoch: 10 Batch: 101 Loss: 0.3943 Accuracy Train: 83.733%
Epoch: 10 Batch: 111 Loss: 0.3849 Accuracy Train: 83.735%
Epoch: 10 Batch: 121 Loss: 0.3938 Accuracy Train: 83.769%
Epoch: 10 Batch: 131 Loss: 0.4193 Accuracy Train: 83.780%
Epoch: 10 Batch: 141 Loss: 0.4013 Accuracy Train: 83.778%
Epoch: 10 Batch: 151 Loss: 0.3900 Accuracy Train: 83.795%
Epoch: 10 Batch: 161 Loss: 0.4332 Accuracy Train: 83.797%
Epoch: 10 Batch: 171 Loss: 0.4317 Accuracy Train: 83.783%
Epoch: 10 Batch: 181 Loss: 0.4312 Accuracy Train: 83.788%
Epoch: 11 Batch:   1 Loss: 0.3842 Accuracy Train: 84.820%
Epoch: 11 Batch:  11 Loss: 0.4040 Accuracy Train: 84.062%
Epoch: 11 Batch:  21 Loss: 0.3950 Accuracy Train: 84.070%
Epoch: 11 Batch:  31 Loss: 0.3938 Accuracy Train: 83.928%
Epoch: 11 Batch:  41 Loss: 0.4103 Accuracy Train: 83.910%
Epoch: 11 Batch:  51 Loss: 0.3957 Accuracy Train: 83.887%
Epoch: 11 Batch:  61 Loss: 0.4037 Accuracy Train: 83.891%
Epoch: 11 Batch:  71 Loss: 0.3909 Accuracy Train: 83.920%
Epoch: 11 Batch:  81 Loss: 0.3935 Accuracy Train: 83.901%
Epoch: 11 Batch:  91 Loss: 0.4012 Accuracy Train: 83.869%
Epoch: 11 Batch: 101 Loss: 0.4037 Accuracy Train: 83.853%
Epoch: 11 Batch: 111 Loss: 0.4022 Accuracy Train: 83.824%
Epoch: 11 Batch: 121 Loss: 0.3858 Accuracy Train: 83.829%
Epoch: 11 Batch: 131 Loss: 0.3824 Accuracy Train: 83.849%
Epoch: 11 Batch: 141 Loss: 0.3918 Accuracy Train: 83.859%
Epoch: 11 Batch: 151 Loss: 0.4210 Accuracy Train: 83.851%
Epoch: 11 Batch: 161 Loss: 0.3901 Accuracy Train: 83.852%
Epoch: 11 Batch: 171 Loss: 0.4049 Accuracy Train: 83.852%
Epoch: 11 Batch: 181 Loss: 0.4015 Accuracy Train: 83.852%
Epoch: 12 Batch:   1 Loss: 0.4017 Accuracy Train: 83.720%
Epoch: 12 Batch:  11 Loss: 0.3870 Accuracy Train: 83.945%
Epoch: 12 Batch:  21 Loss: 0.3989 Accuracy Train: 83.983%
Epoch: 12 Batch:  31 Loss: 0.3956 Accuracy Train: 84.028%
Epoch: 12 Batch:  41 Loss: 0.3999 Accuracy Train: 84.034%
Epoch: 12 Batch:  51 Loss: 0.4087 Accuracy Train: 83.969%
Epoch: 12 Batch:  61 Loss: 0.3898 Accuracy Train: 83.920%
Epoch: 12 Batch:  71 Loss: 0.4051 Accuracy Train: 83.905%
Epoch: 12 Batch:  81 Loss: 0.3889 Accuracy Train: 83.885%
Epoch: 12 Batch:  91 Loss: 0.4129 Accuracy Train: 83.884%
Epoch: 12 Batch: 101 Loss: 0.4105 Accuracy Train: 83.864%
Epoch: 12 Batch: 111 Loss: 0.3820 Accuracy Train: 83.863%
Epoch: 12 Batch: 121 Loss: 0.4023 Accuracy Train: 83.835%
Epoch: 12 Batch: 131 Loss: 0.3926 Accuracy Train: 83.809%
Epoch: 12 Batch: 141 Loss: 0.4010 Accuracy Train: 83.825%
Epoch: 12 Batch: 151 Loss: 0.3862 Accuracy Train: 83.839%
Epoch: 12 Batch: 161 Loss: 0.3999 Accuracy Train: 83.830%
Epoch: 12 Batch: 171 Loss: 0.3959 Accuracy Train: 83.830%
Epoch: 12 Batch: 181 Loss: 0.4050 Accuracy Train: 83.831%
Epoch: 13 Batch:   1 Loss: 0.4048 Accuracy Train: 84.060%
Epoch: 13 Batch:  11 Loss: 0.3829 Accuracy Train: 83.900%
Epoch: 13 Batch:  21 Loss: 0.3946 Accuracy Train: 83.812%
Epoch: 13 Batch:  31 Loss: 0.4020 Accuracy Train: 83.751%
Epoch: 13 Batch:  41 Loss: 0.3898 Accuracy Train: 83.721%
Epoch: 13 Batch:  51 Loss: 0.3884 Accuracy Train: 83.759%
Epoch: 13 Batch:  61 Loss: 0.4198 Accuracy Train: 83.804%
Epoch: 13 Batch:  71 Loss: 0.3975 Accuracy Train: 83.810%
Epoch: 13 Batch:  81 Loss: 0.4095 Accuracy Train: 83.806%
Epoch: 13 Batch:  91 Loss: 0.4104 Accuracy Train: 83.821%
Epoch: 13 Batch: 101 Loss: 0.3801 Accuracy Train: 83.791%
Epoch: 13 Batch: 111 Loss: 0.3990 Accuracy Train: 83.815%
Epoch: 13 Batch: 121 Loss: 0.3970 Accuracy Train: 83.801%
Epoch: 13 Batch: 131 Loss: 0.3818 Accuracy Train: 83.816%
Epoch: 13 Batch: 141 Loss: 0.3919 Accuracy Train: 83.839%
Epoch: 13 Batch: 151 Loss: 0.3764 Accuracy Train: 83.820%
Epoch: 13 Batch: 161 Loss: 0.3854 Accuracy Train: 83.812%
Epoch: 13 Batch: 171 Loss: 0.3973 Accuracy Train: 83.814%
Epoch: 13 Batch: 181 Loss: 0.3942 Accuracy Train: 83.817%
Epoch: 14 Batch:   1 Loss: 0.4063 Accuracy Train: 83.800%
Epoch: 14 Batch:  11 Loss: 0.3836 Accuracy Train: 83.871%
Epoch: 14 Batch:  21 Loss: 0.4177 Accuracy Train: 83.721%
Epoch: 14 Batch:  31 Loss: 0.3799 Accuracy Train: 83.763%
Epoch: 14 Batch:  41 Loss: 0.3867 Accuracy Train: 83.837%
Epoch: 14 Batch:  51 Loss: 0.3724 Accuracy Train: 83.865%
Epoch: 14 Batch:  61 Loss: 0.4077 Accuracy Train: 83.851%
Epoch: 14 Batch:  71 Loss: 0.4036 Accuracy Train: 83.808%
Epoch: 14 Batch:  81 Loss: 0.3941 Accuracy Train: 83.814%
Epoch: 14 Batch:  91 Loss: 0.3925 Accuracy Train: 83.810%
Epoch: 14 Batch: 101 Loss: 0.3953 Accuracy Train: 83.784%
Epoch: 14 Batch: 111 Loss: 0.3921 Accuracy Train: 83.799%
Epoch: 14 Batch: 121 Loss: 0.3834 Accuracy Train: 83.821%
Epoch: 14 Batch: 131 Loss: 0.3981 Accuracy Train: 83.822%
Epoch: 14 Batch: 141 Loss: 0.4098 Accuracy Train: 83.843%
Epoch: 14 Batch: 151 Loss: 0.3837 Accuracy Train: 83.850%
Epoch: 14 Batch: 161 Loss: 0.3781 Accuracy Train: 83.844%
Epoch: 14 Batch: 171 Loss: 0.4015 Accuracy Train: 83.842%
Epoch: 14 Batch: 181 Loss: 0.3978 Accuracy Train: 83.855%
Epoch: 15 Batch:   1 Loss: 0.4023 Accuracy Train: 84.140%
Epoch: 15 Batch:  11 Loss: 0.3985 Accuracy Train: 83.827%
Epoch: 15 Batch:  21 Loss: 0.3869 Accuracy Train: 83.841%
Epoch: 15 Batch:  31 Loss: 0.3865 Accuracy Train: 83.887%
Epoch: 15 Batch:  41 Loss: 0.3762 Accuracy Train: 83.835%
Epoch: 15 Batch:  51 Loss: 0.3863 Accuracy Train: 83.921%
Epoch: 15 Batch:  61 Loss: 0.3973 Accuracy Train: 83.908%
Epoch: 15 Batch:  71 Loss: 0.3908 Accuracy Train: 83.894%
Epoch: 15 Batch:  81 Loss: 0.3895 Accuracy Train: 83.882%
Epoch: 15 Batch:  91 Loss: 0.4075 Accuracy Train: 83.876%
Epoch: 15 Batch: 101 Loss: 0.3942 Accuracy Train: 83.884%
Epoch: 15 Batch: 111 Loss: 0.3956 Accuracy Train: 83.855%
Epoch: 15 Batch: 121 Loss: 0.3999 Accuracy Train: 83.833%
Epoch: 15 Batch: 131 Loss: 0.3984 Accuracy Train: 83.833%
Epoch: 15 Batch: 141 Loss: 0.3803 Accuracy Train: 83.825%
Epoch: 15 Batch: 151 Loss: 0.3914 Accuracy Train: 83.831%
Epoch: 15 Batch: 161 Loss: 0.3971 Accuracy Train: 83.834%
Epoch: 15 Batch: 171 Loss: 0.3740 Accuracy Train: 83.856%
Epoch: 15 Batch: 181 Loss: 0.3822 Accuracy Train: 83.869%
Epoch: 16 Batch:   1 Loss: 0.4032 Accuracy Train: 83.400%
Epoch: 16 Batch:  11 Loss: 0.3828 Accuracy Train: 83.793%
Epoch: 16 Batch:  21 Loss: 0.4068 Accuracy Train: 83.812%
Epoch: 16 Batch:  31 Loss: 0.3988 Accuracy Train: 83.705%
Epoch: 16 Batch:  41 Loss: 0.3889 Accuracy Train: 83.740%
Epoch: 16 Batch:  51 Loss: 0.3891 Accuracy Train: 83.770%
Epoch: 16 Batch:  61 Loss: 0.3869 Accuracy Train: 83.810%
Epoch: 16 Batch:  71 Loss: 0.3973 Accuracy Train: 83.833%
Epoch: 16 Batch:  81 Loss: 0.3941 Accuracy Train: 83.822%
Epoch: 16 Batch:  91 Loss: 0.3918 Accuracy Train: 83.835%
Epoch: 16 Batch: 101 Loss: 0.3925 Accuracy Train: 83.822%
Epoch: 16 Batch: 111 Loss: 0.4054 Accuracy Train: 83.819%
Epoch: 16 Batch: 121 Loss: 0.3996 Accuracy Train: 83.800%
Epoch: 16 Batch: 131 Loss: 0.4063 Accuracy Train: 83.834%
Epoch: 16 Batch: 141 Loss: 0.3888 Accuracy Train: 83.831%
Epoch: 16 Batch: 151 Loss: 0.3810 Accuracy Train: 83.873%
Epoch: 16 Batch: 161 Loss: 0.3981 Accuracy Train: 83.871%
Epoch: 16 Batch: 171 Loss: 0.3882 Accuracy Train: 83.868%
Epoch: 16 Batch: 181 Loss: 0.4063 Accuracy Train: 83.871%
Epoch: 17 Batch:   1 Loss: 0.3888 Accuracy Train: 84.200%
Epoch: 17 Batch:  11 Loss: 0.3835 Accuracy Train: 83.915%
Epoch: 17 Batch:  21 Loss: 0.3905 Accuracy Train: 83.811%
Epoch: 17 Batch:  31 Loss: 0.3933 Accuracy Train: 83.883%
Epoch: 17 Batch:  41 Loss: 0.3962 Accuracy Train: 83.869%
Epoch: 17 Batch:  51 Loss: 0.3837 Accuracy Train: 83.855%
Epoch: 17 Batch:  61 Loss: 0.3835 Accuracy Train: 83.860%
Epoch: 17 Batch:  71 Loss: 0.3852 Accuracy Train: 83.843%
Epoch: 17 Batch:  81 Loss: 0.3939 Accuracy Train: 83.886%
Epoch: 17 Batch:  91 Loss: 0.3871 Accuracy Train: 83.862%
Epoch: 17 Batch: 101 Loss: 0.3927 Accuracy Train: 83.868%
Epoch: 17 Batch: 111 Loss: 0.3905 Accuracy Train: 83.868%
Epoch: 17 Batch: 121 Loss: 0.3891 Accuracy Train: 83.879%
Epoch: 17 Batch: 131 Loss: 0.3899 Accuracy Train: 83.887%
Epoch: 17 Batch: 141 Loss: 0.3830 Accuracy Train: 83.893%
Epoch: 17 Batch: 151 Loss: 0.3904 Accuracy Train: 83.891%
Epoch: 17 Batch: 161 Loss: 0.3909 Accuracy Train: 83.889%
Epoch: 17 Batch: 171 Loss: 0.3908 Accuracy Train: 83.869%
Epoch: 17 Batch: 181 Loss: 0.4054 Accuracy Train: 83.844%
Epoch: 18 Batch:   1 Loss: 0.3997 Accuracy Train: 83.880%
Epoch: 18 Batch:  11 Loss: 0.3835 Accuracy Train: 83.858%
Epoch: 18 Batch:  21 Loss: 0.3751 Accuracy Train: 83.933%
Epoch: 18 Batch:  31 Loss: 0.4035 Accuracy Train: 83.832%
Epoch: 18 Batch:  41 Loss: 0.3919 Accuracy Train: 83.902%
Epoch: 18 Batch:  51 Loss: 0.3987 Accuracy Train: 83.898%
Epoch: 18 Batch:  61 Loss: 0.3791 Accuracy Train: 83.902%
Epoch: 18 Batch:  71 Loss: 0.3907 Accuracy Train: 83.884%
Epoch: 18 Batch:  81 Loss: 0.3869 Accuracy Train: 83.871%
Epoch: 18 Batch:  91 Loss: 0.3839 Accuracy Train: 83.896%
Epoch: 18 Batch: 101 Loss: 0.3894 Accuracy Train: 83.930%
Epoch: 18 Batch: 111 Loss: 0.4080 Accuracy Train: 83.899%
Epoch: 18 Batch: 121 Loss: 0.3986 Accuracy Train: 83.884%
Epoch: 18 Batch: 131 Loss: 0.3970 Accuracy Train: 83.868%
Epoch: 18 Batch: 141 Loss: 0.3907 Accuracy Train: 83.860%
Epoch: 18 Batch: 151 Loss: 0.3903 Accuracy Train: 83.875%
Epoch: 18 Batch: 161 Loss: 0.3923 Accuracy Train: 83.861%
Epoch: 18 Batch: 171 Loss: 0.4148 Accuracy Train: 83.852%
Epoch: 18 Batch: 181 Loss: 0.3913 Accuracy Train: 83.860%
Epoch: 19 Batch:   1 Loss: 0.3875 Accuracy Train: 84.540%
Epoch: 19 Batch:  11 Loss: 0.3891 Accuracy Train: 83.858%
Epoch: 19 Batch:  21 Loss: 0.3868 Accuracy Train: 83.982%
Epoch: 19 Batch:  31 Loss: 0.3895 Accuracy Train: 83.992%
Epoch: 19 Batch:  41 Loss: 0.3951 Accuracy Train: 83.910%
Epoch: 19 Batch:  51 Loss: 0.4041 Accuracy Train: 83.845%
Epoch: 19 Batch:  61 Loss: 0.4055 Accuracy Train: 83.849%
Epoch: 19 Batch:  71 Loss: 0.3933 Accuracy Train: 83.870%
Epoch: 19 Batch:  81 Loss: 0.3863 Accuracy Train: 83.892%
Epoch: 19 Batch:  91 Loss: 0.4010 Accuracy Train: 83.881%
Epoch: 19 Batch: 101 Loss: 0.3839 Accuracy Train: 83.912%
Epoch: 19 Batch: 111 Loss: 0.4086 Accuracy Train: 83.906%
Epoch: 19 Batch: 121 Loss: 0.3844 Accuracy Train: 83.914%
Epoch: 19 Batch: 131 Loss: 0.3989 Accuracy Train: 83.920%
Epoch: 19 Batch: 141 Loss: 0.3968 Accuracy Train: 83.910%
Epoch: 19 Batch: 151 Loss: 0.4145 Accuracy Train: 83.914%
Epoch: 19 Batch: 161 Loss: 0.4111 Accuracy Train: 83.903%
Epoch: 19 Batch: 171 Loss: 0.3868 Accuracy Train: 83.907%
Epoch: 19 Batch: 181 Loss: 0.4021 Accuracy Train: 83.912%

Duration: 155 seconds
