Training DynNetGen(
  (layers): Sequential(
    (0): Sequential(
      (0): Conv2d(1, 32, kernel_size=(3, 3), stride=(1, 1))
      (1): BatchNorm2d(32, eps=1e-05, momentum=0.1, affine=True, track_running_stats=True)
      (2): ReLU()
    )
    (1): Sequential(
      (0): Flatten(start_dim=1, end_dim=-1)
      (1): Linear(in_features=800, out_features=2, bias=True)
    )
  )
) in cuda
=================================================================
Layer (type:depth-idx)                   Param #
=================================================================
DynNetGen                                --
├─Sequential: 1-1                        --
│    └─Sequential: 2-1                   --
│    │    └─Conv2d: 3-1                  320
│    │    └─BatchNorm2d: 3-2             64
│    │    └─ReLU: 3-3                    --
│    └─Sequential: 2-2                   --
│    │    └─Flatten: 3-4                 --
│    │    └─Linear: 3-5                  1,602
=================================================================
Total params: 1,986
Trainable params: 1,986
Non-trainable params: 0
=================================================================
Epoch:  0 Batch:   1 Loss: 0.7467 Accuracy Train: 50.400%
Epoch:  0 Batch:  11 Loss: 0.4618 Accuracy Train: 74.198%
Epoch:  0 Batch:  21 Loss: 0.3079 Accuracy Train: 82.006%
Epoch:  0 Batch:  31 Loss: 0.2793 Accuracy Train: 83.975%
Epoch:  0 Batch:  41 Loss: 0.2406 Accuracy Train: 85.626%
Epoch:  0 Batch:  51 Loss: 0.2472 Accuracy Train: 86.749%
Epoch:  0 Batch:  61 Loss: 0.2330 Accuracy Train: 87.483%
Epoch:  0 Batch:  71 Loss: 0.2276 Accuracy Train: 88.025%
Epoch:  0 Batch:  81 Loss: 0.2321 Accuracy Train: 88.422%
Epoch:  0 Batch:  91 Loss: 0.2304 Accuracy Train: 88.725%
Epoch:  0 Batch: 101 Loss: 0.2288 Accuracy Train: 88.971%
Epoch:  1 Batch:   1 Loss: 0.2265 Accuracy Train: 91.280%
Epoch:  1 Batch:  11 Loss: 0.2276 Accuracy Train: 91.333%
Epoch:  1 Batch:  21 Loss: 0.2325 Accuracy Train: 91.291%
Epoch:  1 Batch:  31 Loss: 0.2321 Accuracy Train: 91.248%
Epoch:  1 Batch:  41 Loss: 0.2195 Accuracy Train: 91.239%
Epoch:  1 Batch:  51 Loss: 0.2203 Accuracy Train: 91.233%
Epoch:  1 Batch:  61 Loss: 0.2235 Accuracy Train: 91.207%
Epoch:  1 Batch:  71 Loss: 0.2217 Accuracy Train: 91.215%
Epoch:  1 Batch:  81 Loss: 0.2225 Accuracy Train: 91.208%
Epoch:  1 Batch:  91 Loss: 0.2180 Accuracy Train: 91.212%
Epoch:  1 Batch: 101 Loss: 0.2270 Accuracy Train: 91.208%
Epoch:  2 Batch:   1 Loss: 0.2169 Accuracy Train: 91.380%
Epoch:  2 Batch:  11 Loss: 0.2189 Accuracy Train: 91.278%
Epoch:  2 Batch:  21 Loss: 0.2254 Accuracy Train: 91.242%
Epoch:  2 Batch:  31 Loss: 0.2261 Accuracy Train: 91.226%
Epoch:  2 Batch:  41 Loss: 0.2207 Accuracy Train: 91.230%
Epoch:  2 Batch:  51 Loss: 0.2165 Accuracy Train: 91.244%
Epoch:  2 Batch:  61 Loss: 0.2120 Accuracy Train: 91.269%
Epoch:  2 Batch:  71 Loss: 0.2279 Accuracy Train: 91.283%
Epoch:  2 Batch:  81 Loss: 0.2130 Accuracy Train: 91.274%
Epoch:  2 Batch:  91 Loss: 0.2017 Accuracy Train: 91.265%
Epoch:  2 Batch: 101 Loss: 0.2159 Accuracy Train: 91.270%
Epoch:  3 Batch:   1 Loss: 0.2078 Accuracy Train: 91.520%
Epoch:  3 Batch:  11 Loss: 0.2058 Accuracy Train: 91.436%
Epoch:  3 Batch:  21 Loss: 0.2058 Accuracy Train: 91.350%
Epoch:  3 Batch:  31 Loss: 0.2162 Accuracy Train: 91.266%
Epoch:  3 Batch:  41 Loss: 0.2159 Accuracy Train: 91.262%
Epoch:  3 Batch:  51 Loss: 0.2116 Accuracy Train: 91.247%
Epoch:  3 Batch:  61 Loss: 0.2168 Accuracy Train: 91.298%
Epoch:  3 Batch:  71 Loss: 0.2050 Accuracy Train: 91.316%
Epoch:  3 Batch:  81 Loss: 0.2097 Accuracy Train: 91.355%
Epoch:  3 Batch:  91 Loss: 0.2185 Accuracy Train: 91.365%
Epoch:  3 Batch: 101 Loss: 0.1988 Accuracy Train: 91.340%
Epoch:  4 Batch:   1 Loss: 0.2190 Accuracy Train: 91.080%
Epoch:  4 Batch:  11 Loss: 0.2141 Accuracy Train: 91.340%
Epoch:  4 Batch:  21 Loss: 0.2060 Accuracy Train: 91.147%
Epoch:  4 Batch:  31 Loss: 0.2134 Accuracy Train: 91.137%
Epoch:  4 Batch:  41 Loss: 0.2195 Accuracy Train: 91.171%
Epoch:  4 Batch:  51 Loss: 0.2327 Accuracy Train: 91.244%
Epoch:  4 Batch:  61 Loss: 0.2144 Accuracy Train: 91.268%
Epoch:  4 Batch:  71 Loss: 0.2172 Accuracy Train: 91.301%
Epoch:  4 Batch:  81 Loss: 0.2205 Accuracy Train: 91.351%
Epoch:  4 Batch:  91 Loss: 0.2020 Accuracy Train: 91.356%
Epoch:  4 Batch: 101 Loss: 0.2145 Accuracy Train: 91.344%
Epoch:  5 Batch:   1 Loss: 0.2287 Accuracy Train: 90.400%
Epoch:  5 Batch:  11 Loss: 0.2133 Accuracy Train: 91.158%
Epoch:  5 Batch:  21 Loss: 0.2137 Accuracy Train: 91.295%
Epoch:  5 Batch:  31 Loss: 0.2182 Accuracy Train: 91.362%
Epoch:  5 Batch:  41 Loss: 0.2078 Accuracy Train: 91.356%
Epoch:  5 Batch:  51 Loss: 0.2162 Accuracy Train: 91.373%
Epoch:  5 Batch:  61 Loss: 0.2112 Accuracy Train: 91.392%
Epoch:  5 Batch:  71 Loss: 0.2159 Accuracy Train: 91.339%
Epoch:  5 Batch:  81 Loss: 0.2169 Accuracy Train: 91.308%
Epoch:  5 Batch:  91 Loss: 0.2171 Accuracy Train: 91.320%
Epoch:  5 Batch: 101 Loss: 0.2093 Accuracy Train: 91.341%
Epoch:  6 Batch:   1 Loss: 0.2180 Accuracy Train: 91.120%
Epoch:  6 Batch:  11 Loss: 0.2004 Accuracy Train: 91.369%
Epoch:  6 Batch:  21 Loss: 0.2138 Accuracy Train: 91.395%
Epoch:  6 Batch:  31 Loss: 0.2193 Accuracy Train: 91.426%
Epoch:  6 Batch:  41 Loss: 0.2209 Accuracy Train: 91.445%
Epoch:  6 Batch:  51 Loss: 0.2060 Accuracy Train: 91.342%
Epoch:  6 Batch:  61 Loss: 0.2163 Accuracy Train: 91.321%
Epoch:  6 Batch:  71 Loss: 0.2039 Accuracy Train: 91.302%
Epoch:  6 Batch:  81 Loss: 0.2044 Accuracy Train: 91.329%
Epoch:  6 Batch:  91 Loss: 0.2165 Accuracy Train: 91.330%
Epoch:  6 Batch: 101 Loss: 0.2042 Accuracy Train: 91.359%
Epoch:  7 Batch:   1 Loss: 0.1970 Accuracy Train: 92.100%
Epoch:  7 Batch:  11 Loss: 0.2040 Accuracy Train: 91.442%
Epoch:  7 Batch:  21 Loss: 0.2105 Accuracy Train: 91.482%
Epoch:  7 Batch:  31 Loss: 0.2110 Accuracy Train: 91.452%
Epoch:  7 Batch:  41 Loss: 0.2117 Accuracy Train: 91.447%
Epoch:  7 Batch:  51 Loss: 0.2091 Accuracy Train: 91.400%
Epoch:  7 Batch:  61 Loss: 0.2025 Accuracy Train: 91.399%
Epoch:  7 Batch:  71 Loss: 0.2115 Accuracy Train: 91.381%
Epoch:  7 Batch:  81 Loss: 0.2158 Accuracy Train: 91.382%
Epoch:  7 Batch:  91 Loss: 0.2006 Accuracy Train: 91.405%
Epoch:  7 Batch: 101 Loss: 0.2011 Accuracy Train: 91.410%
Epoch:  8 Batch:   1 Loss: 0.2001 Accuracy Train: 91.840%
Epoch:  8 Batch:  11 Loss: 0.2127 Accuracy Train: 91.398%
Epoch:  8 Batch:  21 Loss: 0.2050 Accuracy Train: 91.508%
Epoch:  8 Batch:  31 Loss: 0.1984 Accuracy Train: 91.552%
Epoch:  8 Batch:  41 Loss: 0.2125 Accuracy Train: 91.502%
Epoch:  8 Batch:  51 Loss: 0.1971 Accuracy Train: 91.515%
Epoch:  8 Batch:  61 Loss: 0.2137 Accuracy Train: 91.495%
Epoch:  8 Batch:  71 Loss: 0.2076 Accuracy Train: 91.492%
Epoch:  8 Batch:  81 Loss: 0.2174 Accuracy Train: 91.470%
Epoch:  8 Batch:  91 Loss: 0.2096 Accuracy Train: 91.474%
Epoch:  8 Batch: 101 Loss: 0.2079 Accuracy Train: 91.450%
Epoch:  9 Batch:   1 Loss: 0.2099 Accuracy Train: 91.400%
Epoch:  9 Batch:  11 Loss: 0.2173 Accuracy Train: 91.380%
Epoch:  9 Batch:  21 Loss: 0.2180 Accuracy Train: 91.332%
Epoch:  9 Batch:  31 Loss: 0.1982 Accuracy Train: 91.485%
Epoch:  9 Batch:  41 Loss: 0.2158 Accuracy Train: 91.440%
Epoch:  9 Batch:  51 Loss: 0.2041 Accuracy Train: 91.453%
Epoch:  9 Batch:  61 Loss: 0.2053 Accuracy Train: 91.452%
Epoch:  9 Batch:  71 Loss: 0.2099 Accuracy Train: 91.435%
Epoch:  9 Batch:  81 Loss: 0.2058 Accuracy Train: 91.425%
Epoch:  9 Batch:  91 Loss: 0.2103 Accuracy Train: 91.419%
Epoch:  9 Batch: 101 Loss: 0.2131 Accuracy Train: 91.407%
Epoch: 10 Batch:   1 Loss: 0.2205 Accuracy Train: 90.120%
Epoch: 10 Batch:  11 Loss: 0.2181 Accuracy Train: 91.082%
Epoch: 10 Batch:  21 Loss: 0.2120 Accuracy Train: 91.239%
Epoch: 10 Batch:  31 Loss: 0.2152 Accuracy Train: 91.368%
Epoch: 10 Batch:  41 Loss: 0.2031 Accuracy Train: 91.395%
Epoch: 10 Batch:  51 Loss: 0.2093 Accuracy Train: 91.424%
Epoch: 10 Batch:  61 Loss: 0.2093 Accuracy Train: 91.403%
Epoch: 10 Batch:  71 Loss: 0.2074 Accuracy Train: 91.436%
Epoch: 10 Batch:  81 Loss: 0.2005 Accuracy Train: 91.446%
Epoch: 10 Batch:  91 Loss: 0.2021 Accuracy Train: 91.448%
Epoch: 10 Batch: 101 Loss: 0.2075 Accuracy Train: 91.467%
Epoch: 11 Batch:   1 Loss: 0.2109 Accuracy Train: 91.160%
Epoch: 11 Batch:  11 Loss: 0.2061 Accuracy Train: 91.140%
Epoch: 11 Batch:  21 Loss: 0.2032 Accuracy Train: 91.336%
Epoch: 11 Batch:  31 Loss: 0.1951 Accuracy Train: 91.407%
Epoch: 11 Batch:  41 Loss: 0.2084 Accuracy Train: 91.420%
Epoch: 11 Batch:  51 Loss: 0.2061 Accuracy Train: 91.487%
Epoch: 11 Batch:  61 Loss: 0.2116 Accuracy Train: 91.433%
Epoch: 11 Batch:  71 Loss: 0.2191 Accuracy Train: 91.418%
Epoch: 11 Batch:  81 Loss: 0.1999 Accuracy Train: 91.468%
Epoch: 11 Batch:  91 Loss: 0.2158 Accuracy Train: 91.474%
Epoch: 11 Batch: 101 Loss: 0.2094 Accuracy Train: 91.477%
Epoch: 12 Batch:   1 Loss: 0.2108 Accuracy Train: 91.020%
Epoch: 12 Batch:  11 Loss: 0.2171 Accuracy Train: 91.449%
Epoch: 12 Batch:  21 Loss: 0.2019 Accuracy Train: 91.602%
Epoch: 12 Batch:  31 Loss: 0.2130 Accuracy Train: 91.619%
Epoch: 12 Batch:  41 Loss: 0.2070 Accuracy Train: 91.608%
Epoch: 12 Batch:  51 Loss: 0.2178 Accuracy Train: 91.637%
Epoch: 12 Batch:  61 Loss: 0.1973 Accuracy Train: 91.622%
Epoch: 12 Batch:  71 Loss: 0.2020 Accuracy Train: 91.590%
Epoch: 12 Batch:  81 Loss: 0.2115 Accuracy Train: 91.615%
Epoch: 12 Batch:  91 Loss: 0.2212 Accuracy Train: 91.583%
Epoch: 12 Batch: 101 Loss: 0.2114 Accuracy Train: 91.612%
Epoch: 13 Batch:   1 Loss: 0.2058 Accuracy Train: 91.320%
Epoch: 13 Batch:  11 Loss: 0.2070 Accuracy Train: 91.524%
Epoch: 13 Batch:  21 Loss: 0.2153 Accuracy Train: 91.605%
Epoch: 13 Batch:  31 Loss: 0.2166 Accuracy Train: 91.635%
Epoch: 13 Batch:  41 Loss: 0.2095 Accuracy Train: 91.645%
Epoch: 13 Batch:  51 Loss: 0.2044 Accuracy Train: 91.630%
Epoch: 13 Batch:  61 Loss: 0.2012 Accuracy Train: 91.649%
Epoch: 13 Batch:  71 Loss: 0.2059 Accuracy Train: 91.655%
Epoch: 13 Batch:  81 Loss: 0.2130 Accuracy Train: 91.665%
Epoch: 13 Batch:  91 Loss: 0.2059 Accuracy Train: 91.685%
Epoch: 13 Batch: 101 Loss: 0.1909 Accuracy Train: 91.689%
Epoch: 14 Batch:   1 Loss: 0.2010 Accuracy Train: 92.460%
Epoch: 14 Batch:  11 Loss: 0.2158 Accuracy Train: 91.665%
Epoch: 14 Batch:  21 Loss: 0.2139 Accuracy Train: 91.754%
Epoch: 14 Batch:  31 Loss: 0.2037 Accuracy Train: 91.811%
Epoch: 14 Batch:  41 Loss: 0.2050 Accuracy Train: 91.820%
Epoch: 14 Batch:  51 Loss: 0.2054 Accuracy Train: 91.823%
Epoch: 14 Batch:  61 Loss: 0.1974 Accuracy Train: 91.802%
Epoch: 14 Batch:  71 Loss: 0.1961 Accuracy Train: 91.806%
Epoch: 14 Batch:  81 Loss: 0.2118 Accuracy Train: 91.816%
Epoch: 14 Batch:  91 Loss: 0.2088 Accuracy Train: 91.829%
Epoch: 14 Batch: 101 Loss: 0.2059 Accuracy Train: 91.826%
Epoch: 15 Batch:   1 Loss: 0.2178 Accuracy Train: 91.900%
Epoch: 15 Batch:  11 Loss: 0.2072 Accuracy Train: 91.925%
Epoch: 15 Batch:  21 Loss: 0.2124 Accuracy Train: 91.895%
Epoch: 15 Batch:  31 Loss: 0.2013 Accuracy Train: 92.031%
Epoch: 15 Batch:  41 Loss: 0.2186 Accuracy Train: 91.987%
Epoch: 15 Batch:  51 Loss: 0.2039 Accuracy Train: 91.959%
Epoch: 15 Batch:  61 Loss: 0.2117 Accuracy Train: 91.942%
Epoch: 15 Batch:  71 Loss: 0.1997 Accuracy Train: 91.982%
Epoch: 15 Batch:  81 Loss: 0.2013 Accuracy Train: 92.005%
Epoch: 15 Batch:  91 Loss: 0.1990 Accuracy Train: 91.963%
Epoch: 15 Batch: 101 Loss: 0.2041 Accuracy Train: 91.963%
Epoch: 16 Batch:   1 Loss: 0.2096 Accuracy Train: 92.180%
Epoch: 16 Batch:  11 Loss: 0.1986 Accuracy Train: 92.264%
Epoch: 16 Batch:  21 Loss: 0.2120 Accuracy Train: 92.322%
Epoch: 16 Batch:  31 Loss: 0.1938 Accuracy Train: 92.203%
Epoch: 16 Batch:  41 Loss: 0.2110 Accuracy Train: 92.127%
Epoch: 16 Batch:  51 Loss: 0.2142 Accuracy Train: 92.102%
Epoch: 16 Batch:  61 Loss: 0.2081 Accuracy Train: 92.101%
Epoch: 16 Batch:  71 Loss: 0.2151 Accuracy Train: 92.107%
Epoch: 16 Batch:  81 Loss: 0.2041 Accuracy Train: 92.112%
Epoch: 16 Batch:  91 Loss: 0.2035 Accuracy Train: 92.149%
Epoch: 16 Batch: 101 Loss: 0.2032 Accuracy Train: 92.118%
Epoch: 17 Batch:   1 Loss: 0.1963 Accuracy Train: 91.800%
Epoch: 17 Batch:  11 Loss: 0.2001 Accuracy Train: 92.185%
Epoch: 17 Batch:  21 Loss: 0.2046 Accuracy Train: 92.060%
Epoch: 17 Batch:  31 Loss: 0.2061 Accuracy Train: 92.086%
Epoch: 17 Batch:  41 Loss: 0.2075 Accuracy Train: 92.114%
Epoch: 17 Batch:  51 Loss: 0.1987 Accuracy Train: 92.161%
Epoch: 17 Batch:  61 Loss: 0.1984 Accuracy Train: 92.154%
Epoch: 17 Batch:  71 Loss: 0.2135 Accuracy Train: 92.102%
Epoch: 17 Batch:  81 Loss: 0.2073 Accuracy Train: 92.107%
Epoch: 17 Batch:  91 Loss: 0.2086 Accuracy Train: 92.106%
Epoch: 17 Batch: 101 Loss: 0.2125 Accuracy Train: 92.137%
Epoch: 18 Batch:   1 Loss: 0.2091 Accuracy Train: 91.880%
Epoch: 18 Batch:  11 Loss: 0.1999 Accuracy Train: 92.244%
Epoch: 18 Batch:  21 Loss: 0.1999 Accuracy Train: 92.236%
Epoch: 18 Batch:  31 Loss: 0.2202 Accuracy Train: 92.227%
Epoch: 18 Batch:  41 Loss: 0.1953 Accuracy Train: 92.292%
Epoch: 18 Batch:  51 Loss: 0.2062 Accuracy Train: 92.228%
Epoch: 18 Batch:  61 Loss: 0.2072 Accuracy Train: 92.201%
Epoch: 18 Batch:  71 Loss: 0.2056 Accuracy Train: 92.179%
Epoch: 18 Batch:  81 Loss: 0.2189 Accuracy Train: 92.160%
Epoch: 18 Batch:  91 Loss: 0.2041 Accuracy Train: 92.135%
Epoch: 18 Batch: 101 Loss: 0.2083 Accuracy Train: 92.139%
Epoch: 19 Batch:   1 Loss: 0.2036 Accuracy Train: 92.160%
Epoch: 19 Batch:  11 Loss: 0.2004 Accuracy Train: 92.371%
Epoch: 19 Batch:  21 Loss: 0.2123 Accuracy Train: 92.150%
Epoch: 19 Batch:  31 Loss: 0.2066 Accuracy Train: 92.141%
Epoch: 19 Batch:  41 Loss: 0.1930 Accuracy Train: 92.146%
Epoch: 19 Batch:  51 Loss: 0.2068 Accuracy Train: 92.182%
Epoch: 19 Batch:  61 Loss: 0.2059 Accuracy Train: 92.167%
Epoch: 19 Batch:  71 Loss: 0.1984 Accuracy Train: 92.130%
Epoch: 19 Batch:  81 Loss: 0.2005 Accuracy Train: 92.107%
Epoch: 19 Batch:  91 Loss: 0.2059 Accuracy Train: 92.100%
Epoch: 19 Batch: 101 Loss: 0.2021 Accuracy Train: 92.109%

Duration: 69 seconds
