Training DynNetGen(
  (layers): Sequential(
    (0): Sequential(
      (0): Conv2d(1, 32, kernel_size=(3, 3), stride=(1, 1))
      (1): BatchNorm2d(32, eps=1e-05, momentum=0.1, affine=True, track_running_stats=True)
      (2): ReLU()
    )
    (1): Sequential(
      (0): Flatten(start_dim=1, end_dim=-1)
      (1): Linear(in_features=800, out_features=2, bias=True)
    )
  )
) in cuda
=================================================================
Layer (type:depth-idx)                   Param #
=================================================================
DynNetGen                                --
├─Sequential: 1-1                        --
│    └─Sequential: 2-1                   --
│    │    └─Conv2d: 3-1                  320
│    │    └─BatchNorm2d: 3-2             64
│    │    └─ReLU: 3-3                    --
│    └─Sequential: 2-2                   --
│    │    └─Flatten: 3-4                 --
│    │    └─Linear: 3-5                  1,602
=================================================================
Total params: 1,986
Trainable params: 1,986
Non-trainable params: 0
=================================================================
Epoch:  0 Batch:   1 Loss: 0.6712 Accuracy Train: 59.620%
Epoch:  0 Batch:  11 Loss: 0.7227 Accuracy Train: 64.051%
Epoch:  0 Batch:  21 Loss: 0.5697 Accuracy Train: 65.928%
Epoch:  0 Batch:  31 Loss: 0.4929 Accuracy Train: 67.966%
Epoch:  0 Batch:  41 Loss: 0.4857 Accuracy Train: 69.254%
Epoch:  0 Batch:  51 Loss: 0.4583 Accuracy Train: 70.459%
Epoch:  0 Batch:  61 Loss: 0.4650 Accuracy Train: 71.328%
Epoch:  0 Batch:  71 Loss: 0.4448 Accuracy Train: 72.017%
Epoch:  0 Batch:  81 Loss: 0.4342 Accuracy Train: 72.523%
Epoch:  1 Batch:   1 Loss: 0.4336 Accuracy Train: 76.020%
Epoch:  1 Batch:  11 Loss: 0.4298 Accuracy Train: 76.016%
Epoch:  1 Batch:  21 Loss: 0.4125 Accuracy Train: 76.045%
Epoch:  1 Batch:  31 Loss: 0.4089 Accuracy Train: 76.160%
Epoch:  1 Batch:  41 Loss: 0.4049 Accuracy Train: 76.605%
Epoch:  1 Batch:  51 Loss: 0.3950 Accuracy Train: 76.738%
Epoch:  1 Batch:  61 Loss: 0.3936 Accuracy Train: 76.674%
Epoch:  1 Batch:  71 Loss: 0.3806 Accuracy Train: 76.629%
Epoch:  1 Batch:  81 Loss: 0.3884 Accuracy Train: 76.876%
Epoch:  2 Batch:   1 Loss: 0.3805 Accuracy Train: 76.240%
Epoch:  2 Batch:  11 Loss: 0.3848 Accuracy Train: 78.784%
Epoch:  2 Batch:  21 Loss: 0.3750 Accuracy Train: 80.083%
Epoch:  2 Batch:  31 Loss: 0.3717 Accuracy Train: 79.558%
Epoch:  2 Batch:  41 Loss: 0.3770 Accuracy Train: 79.768%
Epoch:  2 Batch:  51 Loss: 0.3631 Accuracy Train: 80.287%
Epoch:  2 Batch:  61 Loss: 0.3778 Accuracy Train: 80.397%
Epoch:  2 Batch:  71 Loss: 0.3727 Accuracy Train: 80.378%
Epoch:  2 Batch:  81 Loss: 0.3674 Accuracy Train: 80.306%
Epoch:  3 Batch:   1 Loss: 0.3587 Accuracy Train: 83.760%
Epoch:  3 Batch:  11 Loss: 0.3622 Accuracy Train: 83.336%
Epoch:  3 Batch:  21 Loss: 0.3570 Accuracy Train: 83.526%
Epoch:  3 Batch:  31 Loss: 0.3532 Accuracy Train: 82.639%
Epoch:  3 Batch:  41 Loss: 0.3531 Accuracy Train: 82.740%
Epoch:  3 Batch:  51 Loss: 0.3570 Accuracy Train: 82.676%
Epoch:  3 Batch:  61 Loss: 0.3519 Accuracy Train: 82.940%
Epoch:  3 Batch:  71 Loss: 0.3545 Accuracy Train: 83.083%
Epoch:  3 Batch:  81 Loss: 0.3502 Accuracy Train: 83.146%
Epoch:  4 Batch:   1 Loss: 0.3548 Accuracy Train: 85.460%
Epoch:  4 Batch:  11 Loss: 0.3429 Accuracy Train: 84.282%
Epoch:  4 Batch:  21 Loss: 0.3616 Accuracy Train: 83.563%
Epoch:  4 Batch:  31 Loss: 0.3662 Accuracy Train: 83.156%
Epoch:  4 Batch:  41 Loss: 0.3453 Accuracy Train: 83.085%
Epoch:  4 Batch:  51 Loss: 0.3749 Accuracy Train: 82.961%
Epoch:  4 Batch:  61 Loss: 0.3531 Accuracy Train: 83.029%
Epoch:  4 Batch:  71 Loss: 0.3467 Accuracy Train: 82.845%
Epoch:  4 Batch:  81 Loss: 0.3514 Accuracy Train: 82.806%
Epoch:  5 Batch:   1 Loss: 0.3478 Accuracy Train: 82.420%
Epoch:  5 Batch:  11 Loss: 0.3529 Accuracy Train: 83.704%
Epoch:  5 Batch:  21 Loss: 0.3420 Accuracy Train: 83.538%
Epoch:  5 Batch:  31 Loss: 0.3477 Accuracy Train: 83.580%
Epoch:  5 Batch:  41 Loss: 0.3308 Accuracy Train: 83.636%
Epoch:  5 Batch:  51 Loss: 0.3489 Accuracy Train: 83.641%
Epoch:  5 Batch:  61 Loss: 0.3419 Accuracy Train: 83.695%
Epoch:  5 Batch:  71 Loss: 0.3483 Accuracy Train: 83.551%
Epoch:  5 Batch:  81 Loss: 0.3434 Accuracy Train: 83.584%
Epoch:  6 Batch:   1 Loss: 0.3631 Accuracy Train: 83.040%
Epoch:  6 Batch:  11 Loss: 0.3317 Accuracy Train: 80.915%
Epoch:  6 Batch:  21 Loss: 0.3434 Accuracy Train: 82.310%
Epoch:  6 Batch:  31 Loss: 0.3328 Accuracy Train: 82.771%
Epoch:  6 Batch:  41 Loss: 0.3423 Accuracy Train: 83.014%
Epoch:  6 Batch:  51 Loss: 0.3382 Accuracy Train: 83.093%
Epoch:  6 Batch:  61 Loss: 0.3366 Accuracy Train: 83.328%
Epoch:  6 Batch:  71 Loss: 0.3380 Accuracy Train: 83.419%
Epoch:  6 Batch:  81 Loss: 0.3381 Accuracy Train: 83.525%
Epoch:  7 Batch:   1 Loss: 0.3518 Accuracy Train: 81.200%
Epoch:  7 Batch:  11 Loss: 0.3331 Accuracy Train: 83.824%
Epoch:  7 Batch:  21 Loss: 0.3477 Accuracy Train: 84.193%
Epoch:  7 Batch:  31 Loss: 0.3308 Accuracy Train: 84.185%
Epoch:  7 Batch:  41 Loss: 0.3239 Accuracy Train: 84.261%
Epoch:  7 Batch:  51 Loss: 0.3273 Accuracy Train: 84.142%
Epoch:  7 Batch:  61 Loss: 0.3367 Accuracy Train: 84.205%
Epoch:  7 Batch:  71 Loss: 0.3392 Accuracy Train: 84.145%
Epoch:  7 Batch:  81 Loss: 0.3237 Accuracy Train: 84.182%
Epoch:  8 Batch:   1 Loss: 0.3153 Accuracy Train: 85.620%
Epoch:  8 Batch:  11 Loss: 0.3351 Accuracy Train: 84.704%
Epoch:  8 Batch:  21 Loss: 0.3265 Accuracy Train: 84.558%
Epoch:  8 Batch:  31 Loss: 0.3286 Accuracy Train: 84.441%
Epoch:  8 Batch:  41 Loss: 0.3313 Accuracy Train: 84.433%
Epoch:  8 Batch:  51 Loss: 0.3230 Accuracy Train: 84.358%
Epoch:  8 Batch:  61 Loss: 0.3170 Accuracy Train: 84.375%
Epoch:  8 Batch:  71 Loss: 0.3317 Accuracy Train: 84.386%
Epoch:  8 Batch:  81 Loss: 0.3187 Accuracy Train: 84.388%
Epoch:  9 Batch:   1 Loss: 0.3200 Accuracy Train: 84.980%
Epoch:  9 Batch:  11 Loss: 0.3299 Accuracy Train: 84.060%
Epoch:  9 Batch:  21 Loss: 0.3367 Accuracy Train: 84.142%
Epoch:  9 Batch:  31 Loss: 0.3254 Accuracy Train: 84.169%
Epoch:  9 Batch:  41 Loss: 0.3497 Accuracy Train: 83.949%
Epoch:  9 Batch:  51 Loss: 0.3299 Accuracy Train: 84.085%
Epoch:  9 Batch:  61 Loss: 0.3300 Accuracy Train: 84.103%
Epoch:  9 Batch:  71 Loss: 0.3244 Accuracy Train: 84.188%
Epoch:  9 Batch:  81 Loss: 0.3260 Accuracy Train: 84.260%
Epoch: 10 Batch:   1 Loss: 0.3374 Accuracy Train: 82.040%
Epoch: 10 Batch:  11 Loss: 0.3303 Accuracy Train: 82.585%
Epoch: 10 Batch:  21 Loss: 0.3190 Accuracy Train: 83.101%
Epoch: 10 Batch:  31 Loss: 0.3117 Accuracy Train: 83.686%
Epoch: 10 Batch:  41 Loss: 0.3319 Accuracy Train: 83.781%
Epoch: 10 Batch:  51 Loss: 0.3210 Accuracy Train: 83.949%
Epoch: 10 Batch:  61 Loss: 0.3351 Accuracy Train: 84.025%
Epoch: 10 Batch:  71 Loss: 0.3310 Accuracy Train: 84.045%
Epoch: 10 Batch:  81 Loss: 0.3312 Accuracy Train: 84.136%
Epoch: 11 Batch:   1 Loss: 0.3256 Accuracy Train: 84.020%
Epoch: 11 Batch:  11 Loss: 0.3175 Accuracy Train: 84.747%
Epoch: 11 Batch:  21 Loss: 0.3448 Accuracy Train: 84.481%
Epoch: 11 Batch:  31 Loss: 0.3329 Accuracy Train: 84.488%
Epoch: 11 Batch:  41 Loss: 0.3249 Accuracy Train: 84.540%
Epoch: 11 Batch:  51 Loss: 0.3158 Accuracy Train: 84.603%
Epoch: 11 Batch:  61 Loss: 0.3178 Accuracy Train: 84.595%
Epoch: 11 Batch:  71 Loss: 0.3175 Accuracy Train: 84.636%
Epoch: 11 Batch:  81 Loss: 0.3141 Accuracy Train: 84.714%
Epoch: 12 Batch:   1 Loss: 0.3249 Accuracy Train: 85.100%
Epoch: 12 Batch:  11 Loss: 0.3188 Accuracy Train: 84.927%
Epoch: 12 Batch:  21 Loss: 0.3158 Accuracy Train: 84.810%
Epoch: 12 Batch:  31 Loss: 0.3165 Accuracy Train: 84.805%
Epoch: 12 Batch:  41 Loss: 0.3193 Accuracy Train: 84.857%
Epoch: 12 Batch:  51 Loss: 0.3172 Accuracy Train: 84.794%
Epoch: 12 Batch:  61 Loss: 0.3132 Accuracy Train: 84.750%
Epoch: 12 Batch:  71 Loss: 0.3113 Accuracy Train: 84.787%
Epoch: 12 Batch:  81 Loss: 0.3156 Accuracy Train: 84.787%
Epoch: 13 Batch:   1 Loss: 0.3135 Accuracy Train: 86.280%
Epoch: 13 Batch:  11 Loss: 0.3232 Accuracy Train: 85.045%
Epoch: 13 Batch:  21 Loss: 0.3154 Accuracy Train: 84.720%
Epoch: 13 Batch:  31 Loss: 0.3178 Accuracy Train: 84.605%
Epoch: 13 Batch:  41 Loss: 0.3232 Accuracy Train: 84.706%
Epoch: 13 Batch:  51 Loss: 0.3215 Accuracy Train: 84.749%
Epoch: 13 Batch:  61 Loss: 0.3426 Accuracy Train: 84.751%
Epoch: 13 Batch:  71 Loss: 0.3267 Accuracy Train: 84.815%
Epoch: 13 Batch:  81 Loss: 0.3211 Accuracy Train: 84.842%
Epoch: 14 Batch:   1 Loss: 0.3125 Accuracy Train: 85.360%
Epoch: 14 Batch:  11 Loss: 0.3276 Accuracy Train: 84.889%
Epoch: 14 Batch:  21 Loss: 0.3283 Accuracy Train: 84.870%
Epoch: 14 Batch:  31 Loss: 0.3245 Accuracy Train: 84.962%
Epoch: 14 Batch:  41 Loss: 0.3169 Accuracy Train: 84.994%
Epoch: 14 Batch:  51 Loss: 0.3050 Accuracy Train: 84.991%
Epoch: 14 Batch:  61 Loss: 0.3220 Accuracy Train: 84.967%
Epoch: 14 Batch:  71 Loss: 0.3267 Accuracy Train: 84.896%
Epoch: 14 Batch:  81 Loss: 0.3196 Accuracy Train: 84.940%
Epoch: 15 Batch:   1 Loss: 0.3048 Accuracy Train: 84.940%
Epoch: 15 Batch:  11 Loss: 0.3075 Accuracy Train: 85.147%
Epoch: 15 Batch:  21 Loss: 0.3158 Accuracy Train: 85.232%
Epoch: 15 Batch:  31 Loss: 0.3071 Accuracy Train: 85.259%
Epoch: 15 Batch:  41 Loss: 0.3110 Accuracy Train: 85.202%
Epoch: 15 Batch:  51 Loss: 0.3038 Accuracy Train: 85.262%
Epoch: 15 Batch:  61 Loss: 0.3157 Accuracy Train: 85.231%
Epoch: 15 Batch:  71 Loss: 0.3004 Accuracy Train: 85.239%
Epoch: 15 Batch:  81 Loss: 0.3205 Accuracy Train: 85.220%
Epoch: 16 Batch:   1 Loss: 0.3120 Accuracy Train: 86.100%
Epoch: 16 Batch:  11 Loss: 0.3262 Accuracy Train: 85.104%
Epoch: 16 Batch:  21 Loss: 0.3155 Accuracy Train: 85.166%
Epoch: 16 Batch:  31 Loss: 0.3177 Accuracy Train: 85.232%
Epoch: 16 Batch:  41 Loss: 0.3345 Accuracy Train: 85.218%
Epoch: 16 Batch:  51 Loss: 0.3182 Accuracy Train: 85.208%
Epoch: 16 Batch:  61 Loss: 0.3078 Accuracy Train: 85.289%
Epoch: 16 Batch:  71 Loss: 0.3083 Accuracy Train: 85.259%
Epoch: 16 Batch:  81 Loss: 0.3070 Accuracy Train: 85.301%
Epoch: 17 Batch:   1 Loss: 0.3097 Accuracy Train: 84.180%
Epoch: 17 Batch:  11 Loss: 0.3206 Accuracy Train: 85.058%
Epoch: 17 Batch:  21 Loss: 0.3335 Accuracy Train: 85.072%
Epoch: 17 Batch:  31 Loss: 0.3177 Accuracy Train: 85.131%
Epoch: 17 Batch:  41 Loss: 0.3005 Accuracy Train: 85.074%
Epoch: 17 Batch:  51 Loss: 0.3097 Accuracy Train: 85.174%
Epoch: 17 Batch:  61 Loss: 0.3293 Accuracy Train: 85.193%
Epoch: 17 Batch:  71 Loss: 0.2942 Accuracy Train: 85.259%
Epoch: 17 Batch:  81 Loss: 0.3067 Accuracy Train: 85.227%
Epoch: 18 Batch:   1 Loss: 0.3169 Accuracy Train: 85.640%
Epoch: 18 Batch:  11 Loss: 0.3042 Accuracy Train: 85.460%
Epoch: 18 Batch:  21 Loss: 0.3084 Accuracy Train: 85.482%
Epoch: 18 Batch:  31 Loss: 0.3071 Accuracy Train: 85.406%
Epoch: 18 Batch:  41 Loss: 0.3054 Accuracy Train: 85.520%
Epoch: 18 Batch:  51 Loss: 0.3144 Accuracy Train: 85.505%
Epoch: 18 Batch:  61 Loss: 0.3118 Accuracy Train: 85.531%
Epoch: 18 Batch:  71 Loss: 0.3094 Accuracy Train: 85.479%
Epoch: 18 Batch:  81 Loss: 0.3186 Accuracy Train: 85.460%
Epoch: 19 Batch:   1 Loss: 0.3105 Accuracy Train: 87.520%
Epoch: 19 Batch:  11 Loss: 0.3010 Accuracy Train: 85.687%
Epoch: 19 Batch:  21 Loss: 0.3089 Accuracy Train: 85.572%
Epoch: 19 Batch:  31 Loss: 0.3036 Accuracy Train: 85.545%
Epoch: 19 Batch:  41 Loss: 0.3137 Accuracy Train: 85.465%
Epoch: 19 Batch:  51 Loss: 0.3174 Accuracy Train: 85.487%
Epoch: 19 Batch:  61 Loss: 0.3062 Accuracy Train: 85.520%
Epoch: 19 Batch:  71 Loss: 0.3065 Accuracy Train: 85.526%
Epoch: 19 Batch:  81 Loss: 0.3069 Accuracy Train: 85.498%

Duration: 71 seconds
