Training DynNetGen(
  (layers): Sequential(
    (0): Sequential(
      (0): Conv2d(1, 32, kernel_size=(3, 3), stride=(1, 1))
      (1): BatchNorm2d(32, eps=1e-05, momentum=0.1, affine=True, track_running_stats=True)
      (2): ReLU()
    )
    (1): Sequential(
      (0): Conv2d(32, 64, kernel_size=(2, 2), stride=(1, 1))
      (1): BatchNorm2d(64, eps=1e-05, momentum=0.1, affine=True, track_running_stats=True)
      (2): ReLU()
    )
    (2): Sequential(
      (0): Conv2d(64, 128, kernel_size=(2, 2), stride=(1, 1))
      (1): BatchNorm2d(128, eps=1e-05, momentum=0.1, affine=True, track_running_stats=True)
      (2): ReLU()
    )
    (3): Sequential(
      (0): Flatten(start_dim=1, end_dim=-1)
      (1): Linear(in_features=1152, out_features=2, bias=True)
    )
  )
) in cuda
=================================================================
Layer (type:depth-idx)                   Param #
=================================================================
DynNetGen                                --
├─Sequential: 1-1                        --
│    └─Sequential: 2-1                   --
│    │    └─Conv2d: 3-1                  320
│    │    └─BatchNorm2d: 3-2             64
│    │    └─ReLU: 3-3                    --
│    └─Sequential: 2-2                   --
│    │    └─Conv2d: 3-4                  8,256
│    │    └─BatchNorm2d: 3-5             128
│    │    └─ReLU: 3-6                    --
│    └─Sequential: 2-3                   --
│    │    └─Conv2d: 3-7                  32,896
│    │    └─BatchNorm2d: 3-8             256
│    │    └─ReLU: 3-9                    --
│    └─Sequential: 2-4                   --
│    │    └─Flatten: 3-10                --
│    │    └─Linear: 3-11                 2,306
=================================================================
Total params: 44,226
Trainable params: 44,226
Non-trainable params: 0
=================================================================
Epoch:  0 Batch:   1 Loss: 0.6667 Accuracy Train: 28.980%
Epoch:  0 Batch:  11 Loss: 0.2834 Accuracy Train: 77.502%
Epoch:  0 Batch:  21 Loss: 0.2509 Accuracy Train: 81.959%
Epoch:  0 Batch:  31 Loss: 0.2871 Accuracy Train: 84.732%
Epoch:  0 Batch:  41 Loss: 0.2265 Accuracy Train: 86.265%
Epoch:  0 Batch:  51 Loss: 0.2267 Accuracy Train: 87.183%
Epoch:  0 Batch:  61 Loss: 0.2491 Accuracy Train: 87.802%
Epoch:  0 Batch:  71 Loss: 0.2293 Accuracy Train: 88.246%
Epoch:  0 Batch:  81 Loss: 0.2386 Accuracy Train: 88.593%
Epoch:  0 Batch:  91 Loss: 0.2209 Accuracy Train: 88.873%
Epoch:  0 Batch: 101 Loss: 0.2310 Accuracy Train: 89.120%
Epoch:  1 Batch:   1 Loss: 0.2350 Accuracy Train: 90.540%
Epoch:  1 Batch:  11 Loss: 0.2080 Accuracy Train: 91.073%
Epoch:  1 Batch:  21 Loss: 0.2203 Accuracy Train: 91.178%
Epoch:  1 Batch:  31 Loss: 0.2040 Accuracy Train: 91.173%
Epoch:  1 Batch:  41 Loss: 0.2246 Accuracy Train: 91.171%
Epoch:  1 Batch:  51 Loss: 0.2125 Accuracy Train: 91.185%
Epoch:  1 Batch:  61 Loss: 0.2162 Accuracy Train: 91.200%
Epoch:  1 Batch:  71 Loss: 0.2019 Accuracy Train: 91.201%
Epoch:  1 Batch:  81 Loss: 0.2162 Accuracy Train: 91.244%
Epoch:  1 Batch:  91 Loss: 0.2184 Accuracy Train: 91.273%
Epoch:  1 Batch: 101 Loss: 0.2098 Accuracy Train: 91.296%
Epoch:  2 Batch:   1 Loss: 0.2266 Accuracy Train: 91.140%
Epoch:  2 Batch:  11 Loss: 0.2075 Accuracy Train: 91.445%
Epoch:  2 Batch:  21 Loss: 0.2185 Accuracy Train: 91.321%
Epoch:  2 Batch:  31 Loss: 0.2120 Accuracy Train: 91.310%
Epoch:  2 Batch:  41 Loss: 0.2156 Accuracy Train: 91.328%
Epoch:  2 Batch:  51 Loss: 0.2029 Accuracy Train: 91.330%
Epoch:  2 Batch:  61 Loss: 0.2091 Accuracy Train: 91.389%
Epoch:  2 Batch:  71 Loss: 0.2059 Accuracy Train: 91.397%
Epoch:  2 Batch:  81 Loss: 0.2042 Accuracy Train: 91.402%
Epoch:  2 Batch:  91 Loss: 0.2166 Accuracy Train: 91.397%
Epoch:  2 Batch: 101 Loss: 0.1983 Accuracy Train: 91.419%
Epoch:  3 Batch:   1 Loss: 0.2044 Accuracy Train: 92.820%
Epoch:  3 Batch:  11 Loss: 0.2035 Accuracy Train: 91.798%
Epoch:  3 Batch:  21 Loss: 0.1976 Accuracy Train: 91.876%
Epoch:  3 Batch:  31 Loss: 0.2151 Accuracy Train: 91.857%
Epoch:  3 Batch:  41 Loss: 0.2063 Accuracy Train: 91.860%
Epoch:  3 Batch:  51 Loss: 0.1939 Accuracy Train: 91.784%
Epoch:  3 Batch:  61 Loss: 0.2040 Accuracy Train: 91.788%
Epoch:  3 Batch:  71 Loss: 0.1975 Accuracy Train: 91.713%
Epoch:  3 Batch:  81 Loss: 0.1967 Accuracy Train: 91.709%
Epoch:  3 Batch:  91 Loss: 0.2079 Accuracy Train: 91.717%
Epoch:  3 Batch: 101 Loss: 0.1834 Accuracy Train: 91.769%
Epoch:  4 Batch:   1 Loss: 0.1960 Accuracy Train: 93.100%
Epoch:  4 Batch:  11 Loss: 0.2044 Accuracy Train: 91.973%
Epoch:  4 Batch:  21 Loss: 0.2421 Accuracy Train: 91.657%
Epoch:  4 Batch:  31 Loss: 0.1990 Accuracy Train: 91.570%
Epoch:  4 Batch:  41 Loss: 0.2003 Accuracy Train: 91.661%
Epoch:  4 Batch:  51 Loss: 0.1991 Accuracy Train: 91.768%
Epoch:  4 Batch:  61 Loss: 0.2014 Accuracy Train: 91.848%
Epoch:  4 Batch:  71 Loss: 0.1962 Accuracy Train: 91.925%
Epoch:  4 Batch:  81 Loss: 0.1990 Accuracy Train: 91.941%
Epoch:  4 Batch:  91 Loss: 0.1988 Accuracy Train: 91.983%
Epoch:  4 Batch: 101 Loss: 0.1944 Accuracy Train: 92.007%
Epoch:  5 Batch:   1 Loss: 0.1957 Accuracy Train: 92.540%
Epoch:  5 Batch:  11 Loss: 0.2072 Accuracy Train: 92.033%
Epoch:  5 Batch:  21 Loss: 0.2018 Accuracy Train: 92.098%
Epoch:  5 Batch:  31 Loss: 0.1955 Accuracy Train: 92.206%
Epoch:  5 Batch:  41 Loss: 0.1975 Accuracy Train: 92.136%
Epoch:  5 Batch:  51 Loss: 0.2069 Accuracy Train: 92.188%
Epoch:  5 Batch:  61 Loss: 0.1984 Accuracy Train: 92.186%
Epoch:  5 Batch:  71 Loss: 0.1979 Accuracy Train: 92.188%
Epoch:  5 Batch:  81 Loss: 0.2047 Accuracy Train: 92.215%
Epoch:  5 Batch:  91 Loss: 0.1993 Accuracy Train: 92.224%
Epoch:  5 Batch: 101 Loss: 0.1939 Accuracy Train: 92.250%
Epoch:  6 Batch:   1 Loss: 0.1961 Accuracy Train: 92.920%
Epoch:  6 Batch:  11 Loss: 0.2090 Accuracy Train: 92.493%
Epoch:  6 Batch:  21 Loss: 0.1896 Accuracy Train: 92.470%
Epoch:  6 Batch:  31 Loss: 0.1907 Accuracy Train: 92.461%
Epoch:  6 Batch:  41 Loss: 0.1993 Accuracy Train: 92.381%
Epoch:  6 Batch:  51 Loss: 0.2001 Accuracy Train: 92.398%
Epoch:  6 Batch:  61 Loss: 0.1915 Accuracy Train: 92.398%
Epoch:  6 Batch:  71 Loss: 0.1916 Accuracy Train: 92.424%
Epoch:  6 Batch:  81 Loss: 0.2029 Accuracy Train: 92.432%
Epoch:  6 Batch:  91 Loss: 0.1887 Accuracy Train: 92.431%
Epoch:  6 Batch: 101 Loss: 0.1880 Accuracy Train: 92.426%
Epoch:  7 Batch:   1 Loss: 0.1960 Accuracy Train: 92.660%
Epoch:  7 Batch:  11 Loss: 0.2016 Accuracy Train: 92.538%
Epoch:  7 Batch:  21 Loss: 0.1805 Accuracy Train: 92.545%
Epoch:  7 Batch:  31 Loss: 0.1812 Accuracy Train: 92.434%
Epoch:  7 Batch:  41 Loss: 0.2473 Accuracy Train: 92.306%
Epoch:  7 Batch:  51 Loss: 0.1924 Accuracy Train: 92.280%
Epoch:  7 Batch:  61 Loss: 0.2002 Accuracy Train: 92.278%
Epoch:  7 Batch:  71 Loss: 0.1893 Accuracy Train: 92.279%
Epoch:  7 Batch:  81 Loss: 0.1905 Accuracy Train: 92.277%
Epoch:  7 Batch:  91 Loss: 0.1873 Accuracy Train: 92.289%
Epoch:  7 Batch: 101 Loss: 0.1982 Accuracy Train: 92.295%
Epoch:  8 Batch:   1 Loss: 0.1838 Accuracy Train: 92.600%
Epoch:  8 Batch:  11 Loss: 0.1842 Accuracy Train: 92.573%
Epoch:  8 Batch:  21 Loss: 0.1891 Accuracy Train: 92.646%
Epoch:  8 Batch:  31 Loss: 0.1884 Accuracy Train: 92.552%
Epoch:  8 Batch:  41 Loss: 0.1986 Accuracy Train: 92.529%
Epoch:  8 Batch:  51 Loss: 0.1909 Accuracy Train: 92.545%
Epoch:  8 Batch:  61 Loss: 0.1846 Accuracy Train: 92.574%
Epoch:  8 Batch:  71 Loss: 0.1815 Accuracy Train: 92.569%
Epoch:  8 Batch:  81 Loss: 0.1878 Accuracy Train: 92.560%
Epoch:  8 Batch:  91 Loss: 0.1799 Accuracy Train: 92.580%
Epoch:  8 Batch: 101 Loss: 0.1855 Accuracy Train: 92.578%
Epoch:  9 Batch:   1 Loss: 0.1787 Accuracy Train: 92.660%
Epoch:  9 Batch:  11 Loss: 0.1839 Accuracy Train: 92.764%
Epoch:  9 Batch:  21 Loss: 0.1804 Accuracy Train: 92.548%
Epoch:  9 Batch:  31 Loss: 0.1915 Accuracy Train: 92.688%
Epoch:  9 Batch:  41 Loss: 0.1886 Accuracy Train: 92.713%
Epoch:  9 Batch:  51 Loss: 0.1846 Accuracy Train: 92.768%
Epoch:  9 Batch:  61 Loss: 0.1837 Accuracy Train: 92.800%
Epoch:  9 Batch:  71 Loss: 0.1918 Accuracy Train: 92.737%
Epoch:  9 Batch:  81 Loss: 0.1855 Accuracy Train: 92.708%
Epoch:  9 Batch:  91 Loss: 0.1719 Accuracy Train: 92.724%
Epoch:  9 Batch: 101 Loss: 0.1824 Accuracy Train: 92.732%
Epoch: 10 Batch:   1 Loss: 0.1815 Accuracy Train: 93.540%
Epoch: 10 Batch:  11 Loss: 0.1837 Accuracy Train: 93.091%
Epoch: 10 Batch:  21 Loss: 0.1833 Accuracy Train: 92.982%
Epoch: 10 Batch:  31 Loss: 0.1833 Accuracy Train: 92.979%
Epoch: 10 Batch:  41 Loss: 0.1827 Accuracy Train: 92.893%
Epoch: 10 Batch:  51 Loss: 0.1905 Accuracy Train: 92.779%
Epoch: 10 Batch:  61 Loss: 0.1854 Accuracy Train: 92.835%
Epoch: 10 Batch:  71 Loss: 0.1804 Accuracy Train: 92.846%
Epoch: 10 Batch:  81 Loss: 0.1712 Accuracy Train: 92.878%
Epoch: 10 Batch:  91 Loss: 0.2031 Accuracy Train: 92.905%
Epoch: 10 Batch: 101 Loss: 0.1899 Accuracy Train: 92.877%
Epoch: 11 Batch:   1 Loss: 0.1940 Accuracy Train: 91.800%
Epoch: 11 Batch:  11 Loss: 0.1900 Accuracy Train: 92.587%
Epoch: 11 Batch:  21 Loss: 0.1774 Accuracy Train: 92.870%
Epoch: 11 Batch:  31 Loss: 0.1789 Accuracy Train: 92.870%
Epoch: 11 Batch:  41 Loss: 0.1697 Accuracy Train: 92.859%
Epoch: 11 Batch:  51 Loss: 0.1716 Accuracy Train: 92.898%
Epoch: 11 Batch:  61 Loss: 0.1782 Accuracy Train: 92.949%
Epoch: 11 Batch:  71 Loss: 0.1811 Accuracy Train: 92.979%
Epoch: 11 Batch:  81 Loss: 0.1699 Accuracy Train: 92.983%
Epoch: 11 Batch:  91 Loss: 0.1895 Accuracy Train: 93.001%
Epoch: 11 Batch: 101 Loss: 0.1790 Accuracy Train: 93.013%
Epoch: 12 Batch:   1 Loss: 0.1795 Accuracy Train: 93.040%
Epoch: 12 Batch:  11 Loss: 0.1911 Accuracy Train: 92.895%
Epoch: 12 Batch:  21 Loss: 0.1856 Accuracy Train: 92.876%
Epoch: 12 Batch:  31 Loss: 0.1778 Accuracy Train: 92.925%
Epoch: 12 Batch:  41 Loss: 0.1827 Accuracy Train: 93.002%
Epoch: 12 Batch:  51 Loss: 0.1725 Accuracy Train: 93.062%
Epoch: 12 Batch:  61 Loss: 0.1684 Accuracy Train: 93.099%
Epoch: 12 Batch:  71 Loss: 0.1738 Accuracy Train: 93.163%
Epoch: 12 Batch:  81 Loss: 0.1723 Accuracy Train: 93.166%
Epoch: 12 Batch:  91 Loss: 0.1741 Accuracy Train: 93.209%
Epoch: 12 Batch: 101 Loss: 0.1648 Accuracy Train: 93.245%
Epoch: 13 Batch:   1 Loss: 0.1725 Accuracy Train: 93.700%
Epoch: 13 Batch:  11 Loss: 0.1702 Accuracy Train: 93.296%
Epoch: 13 Batch:  21 Loss: 0.1700 Accuracy Train: 93.281%
Epoch: 13 Batch:  31 Loss: 0.1650 Accuracy Train: 93.285%
Epoch: 13 Batch:  41 Loss: 0.1827 Accuracy Train: 93.252%
Epoch: 13 Batch:  51 Loss: 0.1672 Accuracy Train: 93.268%
Epoch: 13 Batch:  61 Loss: 0.1808 Accuracy Train: 93.302%
Epoch: 13 Batch:  71 Loss: 0.1662 Accuracy Train: 93.313%
Epoch: 13 Batch:  81 Loss: 0.1690 Accuracy Train: 93.330%
Epoch: 13 Batch:  91 Loss: 0.1767 Accuracy Train: 93.322%
Epoch: 13 Batch: 101 Loss: 0.1743 Accuracy Train: 93.336%
Epoch: 14 Batch:   1 Loss: 0.1779 Accuracy Train: 93.100%
Epoch: 14 Batch:  11 Loss: 0.1767 Accuracy Train: 93.524%
Epoch: 14 Batch:  21 Loss: 0.1793 Accuracy Train: 93.413%
Epoch: 14 Batch:  31 Loss: 0.1734 Accuracy Train: 93.399%
Epoch: 14 Batch:  41 Loss: 0.1784 Accuracy Train: 93.381%
Epoch: 14 Batch:  51 Loss: 0.1701 Accuracy Train: 93.391%
Epoch: 14 Batch:  61 Loss: 0.1736 Accuracy Train: 93.362%
Epoch: 14 Batch:  71 Loss: 0.1677 Accuracy Train: 93.407%
Epoch: 14 Batch:  81 Loss: 0.1791 Accuracy Train: 93.385%
Epoch: 14 Batch:  91 Loss: 0.1790 Accuracy Train: 93.407%
Epoch: 14 Batch: 101 Loss: 0.1762 Accuracy Train: 93.414%
Epoch: 15 Batch:   1 Loss: 0.1682 Accuracy Train: 93.580%
Epoch: 15 Batch:  11 Loss: 0.1736 Accuracy Train: 93.520%
Epoch: 15 Batch:  21 Loss: 0.1664 Accuracy Train: 93.625%
Epoch: 15 Batch:  31 Loss: 0.1808 Accuracy Train: 93.610%
Epoch: 15 Batch:  41 Loss: 0.1799 Accuracy Train: 93.513%
Epoch: 15 Batch:  51 Loss: 0.1813 Accuracy Train: 93.508%
Epoch: 15 Batch:  61 Loss: 0.1684 Accuracy Train: 93.518%
Epoch: 15 Batch:  71 Loss: 0.1807 Accuracy Train: 93.507%
Epoch: 15 Batch:  81 Loss: 0.1677 Accuracy Train: 93.507%
Epoch: 15 Batch:  91 Loss: 0.1678 Accuracy Train: 93.456%
Epoch: 15 Batch: 101 Loss: 0.1737 Accuracy Train: 93.443%
Epoch: 16 Batch:   1 Loss: 0.1727 Accuracy Train: 93.340%
Epoch: 16 Batch:  11 Loss: 0.1591 Accuracy Train: 93.493%
Epoch: 16 Batch:  21 Loss: 0.1654 Accuracy Train: 93.385%
Epoch: 16 Batch:  31 Loss: 0.1611 Accuracy Train: 93.368%
Epoch: 16 Batch:  41 Loss: 0.1682 Accuracy Train: 93.398%
Epoch: 16 Batch:  51 Loss: 0.1921 Accuracy Train: 93.371%
Epoch: 16 Batch:  61 Loss: 0.1610 Accuracy Train: 93.389%
Epoch: 16 Batch:  71 Loss: 0.1768 Accuracy Train: 93.402%
Epoch: 16 Batch:  81 Loss: 0.1758 Accuracy Train: 93.411%
Epoch: 16 Batch:  91 Loss: 0.1773 Accuracy Train: 93.439%
Epoch: 16 Batch: 101 Loss: 0.1682 Accuracy Train: 93.449%
Epoch: 17 Batch:   1 Loss: 0.1566 Accuracy Train: 93.520%
Epoch: 17 Batch:  11 Loss: 0.1701 Accuracy Train: 93.669%
Epoch: 17 Batch:  21 Loss: 0.1541 Accuracy Train: 93.675%
Epoch: 17 Batch:  31 Loss: 0.1685 Accuracy Train: 93.683%
Epoch: 17 Batch:  41 Loss: 0.1653 Accuracy Train: 93.739%
Epoch: 17 Batch:  51 Loss: 0.1607 Accuracy Train: 93.718%
Epoch: 17 Batch:  61 Loss: 0.1813 Accuracy Train: 93.711%
Epoch: 17 Batch:  71 Loss: 0.1521 Accuracy Train: 93.710%
Epoch: 17 Batch:  81 Loss: 0.1716 Accuracy Train: 93.708%
Epoch: 17 Batch:  91 Loss: 0.1646 Accuracy Train: 93.712%
Epoch: 17 Batch: 101 Loss: 0.1612 Accuracy Train: 93.720%
Epoch: 18 Batch:   1 Loss: 0.1670 Accuracy Train: 94.160%
Epoch: 18 Batch:  11 Loss: 0.1626 Accuracy Train: 93.940%
Epoch: 18 Batch:  21 Loss: 0.1633 Accuracy Train: 93.874%
Epoch: 18 Batch:  31 Loss: 0.1605 Accuracy Train: 93.915%
Epoch: 18 Batch:  41 Loss: 0.1673 Accuracy Train: 93.916%
Epoch: 18 Batch:  51 Loss: 0.1675 Accuracy Train: 93.883%
Epoch: 18 Batch:  61 Loss: 0.1575 Accuracy Train: 93.873%
Epoch: 18 Batch:  71 Loss: 0.1648 Accuracy Train: 93.877%
Epoch: 18 Batch:  81 Loss: 0.1721 Accuracy Train: 93.848%
Epoch: 18 Batch:  91 Loss: 0.1662 Accuracy Train: 93.833%
Epoch: 18 Batch: 101 Loss: 0.1820 Accuracy Train: 93.823%
Epoch: 19 Batch:   1 Loss: 0.1568 Accuracy Train: 93.820%
Epoch: 19 Batch:  11 Loss: 0.1813 Accuracy Train: 93.662%
Epoch: 19 Batch:  21 Loss: 0.1696 Accuracy Train: 93.747%
Epoch: 19 Batch:  31 Loss: 0.1668 Accuracy Train: 93.793%
Epoch: 19 Batch:  41 Loss: 0.1729 Accuracy Train: 93.847%
Epoch: 19 Batch:  51 Loss: 0.1536 Accuracy Train: 93.872%
Epoch: 19 Batch:  61 Loss: 0.1611 Accuracy Train: 93.818%
Epoch: 19 Batch:  71 Loss: 0.1636 Accuracy Train: 93.831%
Epoch: 19 Batch:  81 Loss: 0.1673 Accuracy Train: 93.856%
Epoch: 19 Batch:  91 Loss: 0.1568 Accuracy Train: 93.864%
Epoch: 19 Batch: 101 Loss: 0.1671 Accuracy Train: 93.852%

Duration: 162 seconds
