2016-01: Accuracy: 90.71 | 91.36 | 93.86
Thresholds: 0.8 | 0.8 | 0
Mean times per exit: 0.1507 ms | 0.5321 ms | 1.159 ms
Accuracies per exit (for all dataset): 90.7136%  | 91.3561%  | 93.8559% 
Rate of exit chosen: 82.52% | 9.81% | 7.67%
Accuracy per exit (when chosen): 94.66% | 90.28% | 85.65%
Overall Accuracy: 93.54%
Mean time: 0.2655 ms
2016-02: Accuracy: 89.98 | 91.06 | 93.18
Thresholds: 0.8 | 0.8 | 0
Mean times per exit: 0.14 ms | 0.4744 ms | 0.9331 ms
Accuracies per exit (for all dataset): 89.9846%  | 91.0555%  | 93.1803% 
Rate of exit chosen: 79.67% | 11.91% | 8.42%
Accuracy per exit (when chosen): 94.44% | 92.89% | 81.02%
Overall Accuracy: 93.13%
Mean time: 0.2466 ms
2016-03: Accuracy: 91.48 | 93.53 | 94.77
Thresholds: 0.8 | 0.8 | 0
Mean times per exit: 0.1339 ms | 0.4917 ms | 0.9739 ms
Accuracies per exit (for all dataset): 91.4777%  | 93.5259%  | 94.7694% 
Rate of exit chosen: 81.76% | 12.20% | 6.04%
Accuracy per exit (when chosen): 95.60% | 93.36% | 83.88%
Overall Accuracy: 94.62%
Mean time: 0.2283 ms
2016-04: Accuracy: 92.03 | 92.61 | 95.32
Thresholds: 0.8 | 0.8 | 0
Mean times per exit: 0.1314 ms | 0.4533 ms | 0.8963 ms
Accuracies per exit (for all dataset): 92.029%  | 92.612%  | 95.3182% 
Rate of exit chosen: 83.21% | 8.06% | 8.73%
Accuracy per exit (when chosen): 96.02% | 94.97% | 90.11%
Overall Accuracy: 95.42%
Mean time: 0.2241 ms
2016-05: Accuracy: 88.93 | 92.86 | 94.71
Thresholds: 0.8 | 0.8 | 0
Mean times per exit: 0.1307 ms | 0.4717 ms | 0.9396 ms
Accuracies per exit (for all dataset): 88.9267%  | 92.8619%  | 94.7125% 
Rate of exit chosen: 83.10% | 9.22% | 7.68%
Accuracy per exit (when chosen): 95.26% | 96.56% | 89.14%
Overall Accuracy: 94.91%
Mean time: 0.2243 ms
2016-06: Accuracy: 89.60 | 92.89 | 92.42
Thresholds: 0.8 | 0.8 | 0
Mean times per exit: 0.1318 ms | 0.4601 ms | 0.9138 ms
Accuracies per exit (for all dataset): 89.6025%  | 92.8881%  | 92.4233% 
Rate of exit chosen: 83.00% | 8.94% | 8.05%
Accuracy per exit (when chosen): 94.76% | 95.49% | 66.70%
Overall Accuracy: 92.57%
Mean time: 0.2242 ms
2016-07: Accuracy: 91.45 | 91.61 | 92.60
Thresholds: 0.8 | 0.8 | 0
Mean times per exit: 0.1331 ms | 0.4566 ms | 0.8944 ms
Accuracies per exit (for all dataset): 91.4524%  | 91.6128%  | 92.5959% 
Rate of exit chosen: 82.16% | 12.29% | 5.55%
Accuracy per exit (when chosen): 94.57% | 90.71% | 67.08%
Overall Accuracy: 92.57%
Mean time: 0.2151 ms
2016-08: Accuracy: 89.92 | 91.61 | 93.74
Thresholds: 0.8 | 0.8 | 0
Mean times per exit: 0.1318 ms | 0.4632 ms | 0.9157 ms
Accuracies per exit (for all dataset): 89.9241%  | 91.6058%  | 93.7386% 
Rate of exit chosen: 86.67% | 7.66% | 5.68%
Accuracy per exit (when chosen): 94.13% | 92.88% | 91.85%
Overall Accuracy: 93.91%
Mean time: 0.2017 ms
2016-09: Accuracy: 89.86 | 91.59 | 91.79
Thresholds: 0.8 | 0.8 | 0
Mean times per exit: 0.1315 ms | 0.4535 ms | 0.8945 ms
Accuracies per exit (for all dataset): 89.8644%  | 91.5892%  | 91.7912% 
Rate of exit chosen: 89.93% | 6.04% | 4.02%
Accuracy per exit (when chosen): 92.41% | 93.03% | 79.98%
Overall Accuracy: 91.95%
Mean time: 0.1817 ms
2016-10: Accuracy: 84.70 | 86.02 | 87.85
Thresholds: 0.8 | 0.8 | 0
Mean times per exit: 0.1299 ms | 0.4379 ms | 0.8705 ms
Accuracies per exit (for all dataset): 84.7031%  | 86.0234%  | 87.8484% 
Rate of exit chosen: 88.68% | 6.05% | 5.26%
Accuracy per exit (when chosen): 88.14% | 90.29% | 77.41%
Overall Accuracy: 87.70%
Mean time: 0.1875 ms
2016-11: Accuracy: 78.78 | 80.16 | 81.05
Thresholds: 0.8 | 0.8 | 0
Mean times per exit: 0.1308 ms | 0.4599 ms | 0.9067 ms
Accuracies per exit (for all dataset): 78.7785%  | 80.1552%  | 81.0471% 
Rate of exit chosen: 90.16% | 6.29% | 3.55%
Accuracy per exit (when chosen): 80.07% | 91.52% | 81.61%
Overall Accuracy: 80.85%
Mean time: 0.1791 ms
2016-12: Accuracy: 83.47 | 84.96 | 86.22
Thresholds: 0.8 | 0.8 | 0
Mean times per exit: 0.1299 ms | 0.4765 ms | 0.9484 ms
Accuracies per exit (for all dataset): 83.4653%  | 84.9551%  | 86.216% 
Rate of exit chosen: 86.14% | 9.25% | 4.61%
Accuracy per exit (when chosen): 85.32% | 94.76% | 85.89%
Overall Accuracy: 86.22%
Mean time: 0.1997 ms
2017-01: Accuracy: 85.65 | 86.82 | 88.12
Thresholds: 0.8 | 0.8 | 0
Mean times per exit: 0.1322 ms | 0.4479 ms | 0.8748 ms
Accuracies per exit (for all dataset): 85.6541%  | 86.8159%  | 88.125% 
Rate of exit chosen: 89.39% | 6.64% | 3.96%
Accuracy per exit (when chosen): 87.70% | 90.48% | 86.61%
Overall Accuracy: 87.85%
Mean time: 0.1826 ms
2017-02: Accuracy: 87.72 | 89.32 | 88.95
Thresholds: 0.8 | 0.8 | 0
Mean times per exit: 0.1342 ms | 0.4578 ms | 0.8882 ms
Accuracies per exit (for all dataset): 87.7213%  | 89.3183%  | 88.9454% 
Rate of exit chosen: 89.96% | 5.78% | 4.25%
Accuracy per exit (when chosen): 89.73% | 87.36% | 79.77%
Overall Accuracy: 89.17%
Mean time: 0.1850 ms
2017-03: Accuracy: 76.43 | 89.75 | 89.80
Thresholds: 0.8 | 0.8 | 0
Mean times per exit: 0.131 ms | 0.4746 ms | 0.9373 ms
Accuracies per exit (for all dataset): 76.4282%  | 89.7474%  | 89.7967% 
Rate of exit chosen: 76.02% | 20.93% | 3.06%
Accuracy per exit (when chosen): 88.64% | 96.62% | 80.90%
Overall Accuracy: 90.07%
Mean time: 0.2276 ms
2017-04: Accuracy: 52.56 | 53.88 | 54.39
Thresholds: 0.8 | 0.8 | 0
Mean times per exit: 0.1324 ms | 0.4837 ms | 0.9623 ms
Accuracies per exit (for all dataset): 52.5631%  | 53.8809%  | 54.3929% 
Rate of exit chosen: 81.35% | 14.11% | 4.55%
Accuracy per exit (when chosen): 52.60% | 60.73% | 55.77%
Overall Accuracy: 53.89%
Mean time: 0.2197 ms
2017-05: Accuracy: 85.09 | 87.21 | 88.06
Thresholds: 0.8 | 0.8 | 0
Mean times per exit: 0.1318 ms | 0.4681 ms | 0.9198 ms
Accuracies per exit (for all dataset): 85.0946%  | 87.2126%  | 88.0556% 
Rate of exit chosen: 87.02% | 9.29% | 3.70%
Accuracy per exit (when chosen): 87.77% | 93.12% | 78.20%
Overall Accuracy: 87.91%
Mean time: 0.1922 ms
2017-06: Accuracy: 85.61 | 83.35 | 84.49
Thresholds: 0.8 | 0.8 | 0
Mean times per exit: 0.132 ms | 0.4635 ms | 0.9167 ms
Accuracies per exit (for all dataset): 85.6098%  | 83.3518%  | 84.4867% 
Rate of exit chosen: 83.42% | 9.44% | 7.14%
Accuracy per exit (when chosen): 89.71% | 68.33% | 50.14%
Overall Accuracy: 84.87%
Mean time: 0.2193 ms
2017-07: Accuracy: 82.51 | 85.37 | 85.51
Thresholds: 0.8 | 0.8 | 0
Mean times per exit: 0.133 ms | 0.5192 ms | 0.9974 ms
Accuracies per exit (for all dataset): 82.514%  | 85.3708%  | 85.5096% 
Rate of exit chosen: 83.52% | 9.81% | 6.67%
Accuracy per exit (when chosen): 85.95% | 88.34% | 75.58%
Overall Accuracy: 85.50%
Mean time: 0.2286 ms
2017-08: Accuracy: 78.77 | 82.34 | 84.63
Thresholds: 0.8 | 0.8 | 0
Mean times per exit: 0.1371 ms | 0.5082 ms | 1.012 ms
Accuracies per exit (for all dataset): 78.7663%  | 82.3412%  | 84.6256% 
Rate of exit chosen: 82.62% | 11.07% | 6.31%
Accuracy per exit (when chosen): 83.74% | 91.29% | 85.91%
Overall Accuracy: 84.72%
Mean time: 0.2333 ms
2017-09: Accuracy: 87.73 | 89.42 | 91.53
Thresholds: 0.8 | 0.8 | 0
Mean times per exit: 0.1359 ms | 0.4678 ms | 0.9118 ms
Accuracies per exit (for all dataset): 87.7347%  | 89.4206%  | 91.5335% 
Rate of exit chosen: 85.27% | 8.65% | 6.08%
Accuracy per exit (when chosen): 92.27% | 94.05% | 87.32%
Overall Accuracy: 92.12%
Mean time: 0.2118 ms
2017-10: Accuracy: 61.87 | 64.38 | 64.56
Thresholds: 0.8 | 0.8 | 0
Mean times per exit: 0.1325 ms | 0.4486 ms | 0.8752 ms
Accuracies per exit (for all dataset): 61.8686%  | 64.3782%  | 64.5588% 
Rate of exit chosen: 85.13% | 10.30% | 4.57%
Accuracy per exit (when chosen): 61.03% | 89.77% | 82.97%
Overall Accuracy: 65.00%
Mean time: 0.1990 ms
2017-11: Accuracy: 84.53 | 87.03 | 86.36
Thresholds: 0.8 | 0.8 | 0
Mean times per exit: 0.1326 ms | 0.5134 ms | 1.014 ms
Accuracies per exit (for all dataset): 84.5269%  | 87.0308%  | 86.3566% 
Rate of exit chosen: 88.69% | 6.80% | 4.51%
Accuracy per exit (when chosen): 87.50% | 89.16% | 70.04%
Overall Accuracy: 86.82%
Mean time: 0.1983 ms
2017-12: Accuracy: 80.83 | 82.32 | 84.30
Thresholds: 0.8 | 0.8 | 0
Mean times per exit: 0.1325 ms | 0.458 ms | 0.9041 ms
Accuracies per exit (for all dataset): 80.8339%  | 82.3245%  | 84.3032% 
Rate of exit chosen: 85.23% | 8.81% | 5.96%
Accuracy per exit (when chosen): 83.78% | 93.92% | 77.91%
Overall Accuracy: 84.32%
Mean time: 0.2072 ms
2018-01: Accuracy: 66.87 | 72.60 | 68.69
Thresholds: 0.8 | 0.8 | 0
Mean times per exit: 0.1339 ms | 0.4693 ms | 0.926 ms
Accuracies per exit (for all dataset): 66.8719%  | 72.6038%  | 68.6886% 
Rate of exit chosen: 82.43% | 12.80% | 4.77%
Accuracy per exit (when chosen): 70.78% | 61.03% | 54.87%
Overall Accuracy: 68.77%
Mean time: 0.2146 ms
2018-02: Accuracy: 61.82 | 63.78 | 64.03
Thresholds: 0.8 | 0.8 | 0
Mean times per exit: 0.1356 ms | 0.4674 ms | 0.9258 ms
Accuracies per exit (for all dataset): 61.8228%  | 63.7785%  | 64.0286% 
Rate of exit chosen: 87.04% | 9.13% | 3.83%
Accuracy per exit (when chosen): 60.88% | 90.21% | 62.70%
Overall Accuracy: 63.62%
Mean time: 0.1962 ms
2018-03: Accuracy: 84.45 | 86.06 | 87.43
Thresholds: 0.8 | 0.8 | 0
Mean times per exit: 0.1333 ms | 0.4785 ms | 0.9282 ms
Accuracies per exit (for all dataset): 84.4479%  | 86.057%  | 87.4296% 
Rate of exit chosen: 89.32% | 7.25% | 3.43%
Accuracy per exit (when chosen): 87.38% | 93.27% | 81.94%
Overall Accuracy: 87.62%
Mean time: 0.1856 ms
2018-04: Accuracy: 66.45 | 68.18 | 68.88
Thresholds: 0.8 | 0.8 | 0
Mean times per exit: 0.1335 ms | 0.4514 ms | 0.8726 ms
Accuracies per exit (for all dataset): 66.4535%  | 68.1801%  | 68.8794% 
Rate of exit chosen: 90.77% | 5.78% | 3.45%
Accuracy per exit (when chosen): 66.77% | 89.50% | 75.52%
Overall Accuracy: 68.38%
Mean time: 0.1774 ms
2018-05: Accuracy: 81.33 | 83.14 | 83.64
Thresholds: 0.8 | 0.8 | 0
Mean times per exit: 0.1314 ms | 0.4508 ms | 0.8852 ms
Accuracies per exit (for all dataset): 81.3321%  | 83.141%  | 83.6416% 
Rate of exit chosen: 89.40% | 7.10% | 3.50%
Accuracy per exit (when chosen): 83.55% | 92.93% | 71.81%
Overall Accuracy: 83.80%
Mean time: 0.1805 ms
2018-06: Accuracy: 42.15 | 43.58 | 46.91
Thresholds: 0.8 | 0.8 | 0
Mean times per exit: 0.133 ms | 0.4571 ms | 0.8944 ms
Accuracies per exit (for all dataset): 42.1507%  | 43.582%  | 46.9072% 
Rate of exit chosen: 84.15% | 9.11% | 6.73%
Accuracy per exit (when chosen): 39.64% | 86.21% | 77.67%
Overall Accuracy: 46.45%
Mean time: 0.2138 ms
2018-07: Accuracy: 60.13 | 61.81 | 61.95
Thresholds: 0.8 | 0.8 | 0
Mean times per exit: 0.134 ms | 0.4614 ms | 0.9018 ms
Accuracies per exit (for all dataset): 60.1321%  | 61.8131%  | 61.9537% 
Rate of exit chosen: 88.60% | 7.96% | 3.45%
Accuracy per exit (when chosen): 58.94% | 90.28% | 66.17%
Overall Accuracy: 61.69%
Mean time: 0.1865 ms
2018-08: Accuracy: 56.56 | 60.14 | 60.39
Thresholds: 0.8 | 0.8 | 0
Mean times per exit: 0.1341 ms | 0.4737 ms | 0.9341 ms
Accuracies per exit (for all dataset): 56.5554%  | 60.1353%  | 60.3914% 
Rate of exit chosen: 83.20% | 11.34% | 5.45%
Accuracy per exit (when chosen): 55.57% | 93.55% | 74.16%
Overall Accuracy: 60.90%
Mean time: 0.2162 ms
2018-09: Accuracy: 72.02 | 79.27 | 79.75
Thresholds: 0.8 | 0.8 | 0
Mean times per exit: 0.1344 ms | 0.4514 ms | 0.893 ms
Accuracies per exit (for all dataset): 72.0165%  | 79.2676%  | 79.7467% 
Rate of exit chosen: 79.02% | 14.22% | 6.75%
Accuracy per exit (when chosen): 78.22% | 95.14% | 74.58%
Overall Accuracy: 80.38%
Mean time: 0.2307 ms
2018-10: Accuracy: 52.18 | 54.04 | 55.63
Thresholds: 0.8 | 0.8 | 0
Mean times per exit: 0.1334 ms | 0.4697 ms | 0.9181 ms
Accuracies per exit (for all dataset): 52.1806%  | 54.0448%  | 55.634% 
Rate of exit chosen: 87.55% | 7.75% | 4.70%
Accuracy per exit (when chosen): 51.35% | 88.12% | 72.22%
Overall Accuracy: 55.18%
Mean time: 0.1964 ms
2018-11: Accuracy: 75.29 | 79.25 | 80.00
Thresholds: 0.8 | 0.8 | 0
Mean times per exit: 0.1343 ms | 0.4823 ms | 0.9469 ms
Accuracies per exit (for all dataset): 75.2938%  | 79.2479%  | 79.9996% 
Rate of exit chosen: 79.92% | 14.43% | 5.65%
Accuracy per exit (when chosen): 78.90% | 93.41% | 74.27%
Overall Accuracy: 80.74%
Mean time: 0.2305 ms
2018-12: Accuracy: 58.77 | 68.19 | 82.31
Thresholds: 0.8 | 0.8 | 0
Mean times per exit: 0.1319 ms | 0.4517 ms | 0.888 ms
Accuracies per exit (for all dataset): 58.7678%  | 68.1932%  | 82.3087% 
Rate of exit chosen: 72.46% | 10.77% | 16.77%
Accuracy per exit (when chosen): 66.98% | 94.27% | 96.98%
Overall Accuracy: 74.95%
Mean time: 0.2931 ms
2019-01: Accuracy: 58.38 | 62.92 | 70.91
Thresholds: 0.8 | 0.8 | 0
Mean times per exit: 0.1327 ms | 0.4512 ms | 0.8878 ms
Accuracies per exit (for all dataset): 58.3828%  | 62.9243%  | 70.9144% 
Rate of exit chosen: 79.39% | 9.04% | 11.57%
Accuracy per exit (when chosen): 63.08% | 89.92% | 91.27%
Overall Accuracy: 68.77%
Mean time: 0.2488 ms
2019-02: Accuracy: 53.17 | 57.43 | 67.15
Thresholds: 0.8 | 0.8 | 0
Mean times per exit: 0.1315 ms | 0.4477 ms | 0.8811 ms
Accuracies per exit (for all dataset): 53.1663%  | 57.4302%  | 67.1483% 
Rate of exit chosen: 74.62% | 11.00% | 14.38%
Accuracy per exit (when chosen): 56.38% | 90.85% | 86.33%
Overall Accuracy: 64.48%
Mean time: 0.2741 ms
2019-03: Accuracy: 45.34 | 48.30 | 54.71
Thresholds: 0.8 | 0.8 | 0
Mean times per exit: 0.1379 ms | 0.4674 ms | 0.9128 ms
Accuracies per exit (for all dataset): 45.3441%  | 48.2995%  | 54.7134% 
Rate of exit chosen: 74.59% | 12.66% | 12.75%
Accuracy per exit (when chosen): 45.79% | 72.78% | 77.76%
Overall Accuracy: 53.28%
Mean time: 0.2784 ms
2019-04: Accuracy: 62.64 | 63.45 | 71.61
Thresholds: 0.8 | 0.8 | 0
Mean times per exit: 0.134 ms | 0.4594 ms | 0.8878 ms
Accuracies per exit (for all dataset): 62.6427%  | 63.4502%  | 71.6102% 
Rate of exit chosen: 70.77% | 15.75% | 13.48%
Accuracy per exit (when chosen): 68.61% | 77.63% | 76.20%
Overall Accuracy: 71.05%
Mean time: 0.2869 ms
2019-05: Accuracy: 73.28 | 75.40 | 78.90
Thresholds: 0.8 | 0.8 | 0
Mean times per exit: 0.1376 ms | 0.4624 ms | 0.9087 ms
Accuracies per exit (for all dataset): 73.2824%  | 75.4015%  | 78.8987% 
Rate of exit chosen: 76.68% | 14.33% | 8.98%
Accuracy per exit (when chosen): 80.14% | 67.39% | 68.78%
Overall Accuracy: 77.29%
Mean time: 0.2535 ms
2019-06: Accuracy: 71.61 | 74.35 | 74.89
Thresholds: 0.8 | 0.8 | 0
Mean times per exit: 0.1344 ms | 0.484 ms | 0.9436 ms
Accuracies per exit (for all dataset): 71.6053%  | 74.3491%  | 74.8925% 
Rate of exit chosen: 78.62% | 16.24% | 5.14%
Accuracy per exit (when chosen): 73.96% | 82.25% | 59.25%
Overall Accuracy: 74.55%
Mean time: 0.2327 ms
2019-07: Accuracy: 57.06 | 56.14 | 59.61
Thresholds: 0.8 | 0.8 | 0
Mean times per exit: 0.1373 ms | 0.4743 ms | 0.9283 ms
Accuracies per exit (for all dataset): 57.0637%  | 56.1381%  | 59.6091% 
Rate of exit chosen: 81.72% | 11.84% | 6.44%
Accuracy per exit (when chosen): 57.14% | 66.15% | 71.71%
Overall Accuracy: 59.15%
Mean time: 0.2281 ms
2019-08: Accuracy: 77.24 | 75.50 | 77.21
Thresholds: 0.8 | 0.8 | 0
Mean times per exit: 0.1433 ms | 0.4928 ms | 0.9618 ms
Accuracies per exit (for all dataset): 77.2407%  | 75.5027%  | 77.2117% 
Rate of exit chosen: 83.98% | 10.80% | 5.22%
Accuracy per exit (when chosen): 77.89% | 77.53% | 70.99%
Overall Accuracy: 77.49%
Mean time: 0.2238 ms
2019-09: Accuracy: 60.37 | 60.86 | 61.77
Thresholds: 0.8 | 0.8 | 0
Mean times per exit: 0.1518 ms | 0.4775 ms | 0.9088 ms
Accuracies per exit (for all dataset): 60.3712%  | 60.863%  | 61.772% 
Rate of exit chosen: 87.79% | 8.58% | 3.63%
Accuracy per exit (when chosen): 59.44% | 79.91% | 67.27%
Overall Accuracy: 61.48%
Mean time: 0.2072 ms
2019-10: Accuracy: 58.20 | 58.50 | 60.23
Thresholds: 0.8 | 0.8 | 0
Mean times per exit: 0.1369 ms | 0.4701 ms | 0.9137 ms
Accuracies per exit (for all dataset): 58.1996%  | 58.5006%  | 60.2304% 
Rate of exit chosen: 86.15% | 9.33% | 4.51%
Accuracy per exit (when chosen): 55.98% | 88.47% | 73.69%
Overall Accuracy: 59.82%
Mean time: 0.2031 ms
2019-11: Accuracy: 56.89 | 58.47 | 59.57
Thresholds: 0.8 | 0.8 | 0
Mean times per exit: 0.1326 ms | 0.4525 ms | 0.8872 ms
Accuracies per exit (for all dataset): 56.894%  | 58.4698%  | 59.572% 
Rate of exit chosen: 86.78% | 9.69% | 3.53%
Accuracy per exit (when chosen): 56.25% | 82.33% | 60.55%
Overall Accuracy: 58.93%
Mean time: 0.1902 ms
2019-12: Accuracy: 73.87 | 75.75 | 77.03
Thresholds: 0.8 | 0.8 | 0
Mean times per exit: 0.1376 ms | 0.4686 ms | 0.9209 ms
Accuracies per exit (for all dataset): 73.8676%  | 75.7504%  | 77.0345% 
Rate of exit chosen: 80.40% | 14.59% | 5.02%
Accuracy per exit (when chosen): 77.89% | 77.84% | 66.96%
Overall Accuracy: 77.34%
Mean time: 0.2252 ms
