/home/ubuntu/earlyexit/jupyter/./nsga2.py:73: RuntimeWarning: invalid value encountered in scalar divide
  accuracy = correct / accepted
Processing mobilenet
==========================================================
n_gen  |  n_eval  | n_nds  |      eps      |   indicator  
==========================================================
     1 |      100 |     43 |             - |             -
     2 |      180 |     54 |  0.0241102892 |             f
     3 |      260 |     82 |  0.1726361238 |         nadir
     4 |      340 |    100 |  0.0147389706 |         ideal
     5 |      420 |    100 |  0.0552787975 |         ideal
     6 |      500 |    100 |  0.1012653301 |         ideal
     7 |      580 |    100 |  0.0167053598 |         ideal
     8 |      660 |    100 |  0.0329042291 |         nadir
     9 |      740 |    100 |  0.1018003482 |         ideal
    10 |      820 |    100 |  0.0364301340 |         ideal
    11 |      900 |    100 |  0.1288633641 |         ideal
    12 |      980 |    100 |  0.0566104514 |         ideal
    13 |     1060 |    100 |  0.0789576069 |         ideal
    14 |     1140 |    100 |  0.0041746402 |             f
    15 |     1220 |    100 |  0.0124419457 |         nadir
    16 |     1300 |    100 |  0.0058675660 |             f
    17 |     1380 |    100 |  0.0084931414 |         ideal
    18 |     1460 |    100 |  0.0080700112 |             f
    19 |     1540 |    100 |  0.0052762822 |             f
    20 |     1620 |    100 |  0.0077157359 |             f
    21 |     1700 |    100 |  0.0180629845 |         ideal
    22 |     1780 |    100 |  0.0051309932 |             f
    23 |     1860 |    100 |  0.0104596369 |             f
    24 |     1940 |    100 |  0.0112644419 |         ideal
    25 |     2020 |    100 |  0.0091898343 |             f
    26 |     2100 |    100 |  0.0079753606 |             f
    27 |     2180 |    100 |  0.0039077468 |             f
    28 |     2260 |    100 |  0.0038345229 |             f
    29 |     2340 |    100 |  0.0078004833 |             f
    30 |     2420 |    100 |  0.0092140781 |             f
    31 |     2500 |    100 |  0.0055593645 |             f
    32 |     2580 |    100 |  0.0113583876 |             f
    33 |     2660 |    100 |  0.0067310720 |             f
    34 |     2740 |    100 |  0.0069354725 |             f
    35 |     2820 |    100 |  0.0054203046 |             f
    36 |     2900 |    100 |  0.0045500687 |             f
    37 |     2980 |    100 |  0.0062619115 |             f
    38 |     3060 |    100 |  0.0037964148 |             f
    39 |     3140 |    100 |  0.0074145254 |             f
    40 |     3220 |    100 |  0.0055665944 |             f
    41 |     3300 |    100 |  0.0086343910 |             f
    42 |     3380 |    100 |  0.0027749249 |         ideal
    43 |     3460 |    100 |  0.0063851256 |             f
    44 |     3540 |    100 |  0.0067353311 |             f
    45 |     3620 |    100 |  0.0075701921 |             f
    46 |     3700 |    100 |  0.0050701290 |             f
    47 |     3780 |    100 |  0.0065226279 |             f
    48 |     3860 |    100 |  0.0065616729 |             f
    49 |     3940 |    100 |  0.0051516370 |             f
    50 |     4020 |    100 |  0.0054053378 |             f
    51 |     4100 |    100 |  0.0050073036 |             f
    52 |     4180 |    100 |  0.0078218481 |             f
    53 |     4260 |    100 |  0.0083552496 |             f
    54 |     4340 |    100 |  0.0038252714 |             f
    55 |     4420 |    100 |  0.0066023204 |             f
    56 |     4500 |    100 |  0.0049986886 |             f
    57 |     4580 |    100 |  0.0040950724 |             f
    58 |     4660 |    100 |  0.0177218707 |         nadir
    59 |     4740 |    100 |  0.0047966887 |             f
    60 |     4820 |    100 |  0.0060347410 |             f
    61 |     4900 |    100 |  0.0063283342 |             f
    62 |     4980 |    100 |  0.0087865635 |             f
    63 |     5060 |    100 |  0.0057577730 |             f
    64 |     5140 |    100 |  0.0052828379 |             f
    65 |     5220 |    100 |  0.0079757103 |             f
    66 |     5300 |    100 |  0.0165768395 |         nadir
    67 |     5380 |    100 |  0.0090723002 |             f
    68 |     5460 |    100 |  0.0070487204 |             f
    69 |     5540 |    100 |  0.0062136254 |             f
    70 |     5620 |    100 |  0.0049517935 |             f
    71 |     5700 |    100 |  0.0028612321 |             f
    72 |     5780 |    100 |  0.0046298783 |             f
    73 |     5860 |    100 |  0.0065711525 |             f
    74 |     5940 |    100 |  0.0068476975 |             f
    75 |     6020 |    100 |  0.0060399730 |             f
    76 |     6100 |    100 |  0.0062605861 |             f
    77 |     6180 |    100 |  0.0043665719 |             f
    78 |     6260 |    100 |  0.0038176927 |             f
    79 |     6340 |    100 |  0.0057015557 |             f
    80 |     6420 |    100 |  0.0061253286 |             f
    81 |     6500 |    100 |  0.0051096768 |             f
    82 |     6580 |    100 |  0.0079612232 |             f
    83 |     6660 |    100 |  0.0033786995 |             f
    84 |     6740 |    100 |  0.0054632391 |             f
    85 |     6820 |    100 |  0.0074001130 |             f
    86 |     6900 |    100 |  0.0045518318 |             f
    87 |     6980 |    100 |  0.0036310763 |             f
    88 |     7060 |    100 |  0.0051532057 |             f
    89 |     7140 |    100 |  0.0057039268 |             f
    90 |     7220 |    100 |  0.0036630983 |             f
    91 |     7300 |    100 |  0.0018435589 |             f
    92 |     7380 |    100 |  0.0091959002 |             f
    93 |     7460 |    100 |  0.0033927326 |             f
    94 |     7540 |    100 |  0.0063862363 |             f
    95 |     7620 |    100 |  0.0022516961 |             f
    96 |     7700 |    100 |  0.0071185075 |             f
    97 |     7780 |    100 |  0.0063359094 |             f
    98 |     7860 |    100 |  0.0023307643 |             f
    99 |     7940 |    100 |  0.0056807000 |             f
   100 |     8020 |    100 |  0.0033555672 |             f
   101 |     8100 |    100 |  0.0041804507 |             f
   102 |     8180 |    100 |  0.0041172630 |             f
   103 |     8260 |    100 |  0.0044518934 |             f
   104 |     8340 |    100 |  0.0039174371 |             f
   105 |     8420 |    100 |  0.0174353648 |         nadir
   106 |     8500 |    100 |  0.0038605177 |             f
   107 |     8580 |    100 |  0.0053665094 |             f
   108 |     8660 |    100 |  0.0174973971 |         nadir
   109 |     8740 |    100 |  0.0048231088 |             f
   110 |     8820 |    100 |  0.0052753742 |             f
   111 |     8900 |    100 |  0.0057577509 |             f
   112 |     8980 |    100 |  0.0052844048 |             f
   113 |     9060 |    100 |  0.0052212308 |             f
   114 |     9140 |    100 |  0.0051800711 |             f
   115 |     9220 |    100 |  0.0026158874 |             f
   116 |     9300 |    100 |  0.0052632537 |         ideal
   117 |     9380 |    100 |  0.0034619207 |             f
   118 |     9460 |    100 |  0.0051379079 |             f
   119 |     9540 |    100 |  0.0047490244 |             f
   120 |     9620 |    100 |  0.0054653124 |             f
   121 |     9700 |    100 |  0.0052787989 |             f
   122 |     9780 |    100 |  0.0033722798 |             f
   123 |     9860 |    100 |  0.0038472327 |             f
   124 |     9940 |    100 |  0.0062410065 |             f
   125 |    10020 |    100 |  0.0049435235 |             f
   126 |    10100 |    100 |  0.0042668381 |             f
   127 |    10180 |    100 |  0.0081291078 |             f
   128 |    10260 |    100 |  0.0041318907 |             f
   129 |    10340 |    100 |  0.0017238984 |             f
   130 |    10420 |    100 |  0.0074248440 |             f
   131 |    10500 |    100 |  0.0052955707 |             f
   132 |    10580 |    100 |  0.0063411417 |             f
   133 |    10660 |    100 |  0.0042317733 |             f
   134 |    10740 |    100 |  0.0046433115 |             f
   135 |    10820 |    100 |  0.0051965969 |             f
   136 |    10900 |    100 |  0.0048136305 |             f
   137 |    10980 |    100 |  0.0063091745 |             f
   138 |    11060 |    100 |  0.0022511426 |             f
   139 |    11140 |    100 |  0.0042836235 |             f
   140 |    11220 |    100 |  0.0044952294 |             f
   141 |    11300 |    100 |  0.0046500812 |             f
   142 |    11380 |    100 |  0.0057483590 |             f
   143 |    11460 |    100 |  0.0049838402 |             f
   144 |    11540 |    100 |  0.0043719225 |             f
   145 |    11620 |    100 |  0.0049342038 |             f
   146 |    11700 |    100 |  0.0032592758 |             f
   147 |    11780 |    100 |  0.0047060392 |             f
   148 |    11860 |    100 |  0.0058317195 |             f
   149 |    11940 |    100 |  0.0041164980 |             f
   150 |    12020 |    100 |  0.0019636826 |             f
   151 |    12100 |    100 |  0.0058484194 |             f
   152 |    12180 |    100 |  0.0034478732 |             f
   153 |    12260 |    100 |  0.0050446110 |             f
   154 |    12340 |    100 |  0.0039163263 |             f
   155 |    12420 |    100 |  0.0045238758 |             f
   156 |    12500 |    100 |  0.0069795803 |             f
   157 |    12580 |    100 |  0.0049546908 |             f
   158 |    12660 |    100 |  0.0050619896 |             f
   159 |    12740 |    100 |  0.0098948061 |             f
   160 |    12820 |    100 |  0.0051428946 |             f
   161 |    12900 |    100 |  0.0069186214 |             f
   162 |    12980 |    100 |  0.0075667501 |             f
   163 |    13060 |    100 |  0.0049952683 |             f
   164 |    13140 |    100 |  0.0049550202 |             f
   165 |    13220 |    100 |  0.0071116043 |             f
   166 |    13300 |    100 |  0.0032185521 |             f
   167 |    13380 |    100 |  0.0054749941 |             f
   168 |    13460 |    100 |  0.0060293791 |             f
   169 |    13540 |    100 |  0.0049400303 |             f
   170 |    13620 |    100 |  0.0028666991 |             f
   171 |    13700 |    100 |  0.0042422178 |             f
   172 |    13780 |    100 |  0.0041116854 |             f
   173 |    13860 |    100 |  0.0037141154 |             f
   174 |    13940 |    100 |  0.0039925689 |             f
   175 |    14020 |    100 |  0.0057362776 |             f
   176 |    14100 |    100 |  0.0046405542 |             f
   177 |    14180 |    100 |  0.0045306551 |             f
   178 |    14260 |    100 |  0.0077396225 |             f
   179 |    14340 |    100 |  0.0059658047 |             f
   180 |    14420 |    100 |  0.0034236346 |             f
   181 |    14500 |    100 |  0.0056066969 |             f
   182 |    14580 |    100 |  0.0056470895 |             f
   183 |    14660 |    100 |  0.0031695788 |             f
   184 |    14740 |    100 |  0.0045626267 |             f
   185 |    14820 |    100 |  0.0089939639 |             f
   186 |    14900 |    100 |  0.0046857919 |             f
   187 |    14980 |    100 |  0.0037541157 |             f
   188 |    15060 |    100 |  0.0074962908 |             f
   189 |    15140 |    100 |  0.0037436049 |             f
   190 |    15220 |    100 |  0.0033542840 |             f
   191 |    15300 |    100 |  0.0039135953 |             f
   192 |    15380 |    100 |  0.0061623762 |             f
   193 |    15460 |    100 |  0.0030318699 |             f
   194 |    15540 |    100 |  0.0052782088 |             f
   195 |    15620 |    100 |  0.0043984149 |             f
   196 |    15700 |    100 |  0.0062419153 |             f
   197 |    15780 |    100 |  0.0075064246 |             f
   198 |    15860 |    100 |  0.0075003777 |             f
   199 |    15940 |    100 |  0.0056757880 |             f
   200 |    16020 |    100 |  0.0042191302 |             f
   201 |    16100 |    100 |  0.0074855948 |             f
   202 |    16180 |    100 |  0.0049434223 |             f
   203 |    16260 |    100 |  0.0056877702 |             f
   204 |    16340 |    100 |  0.0025633210 |             f
   205 |    16420 |    100 |  0.0053732197 |             f
   206 |    16500 |    100 |  0.0036895482 |             f
   207 |    16580 |    100 |  0.0045512425 |             f
   208 |    16660 |    100 |  0.0040337791 |             f
   209 |    16740 |    100 |  0.0076438621 |             f
   210 |    16820 |    100 |  0.0056610878 |             f
   211 |    16900 |    100 |  0.0028083938 |             f
   212 |    16980 |    100 |  0.0070207784 |             f
   213 |    17060 |    100 |  0.0053270831 |             f
   214 |    17140 |    100 |  0.0044947252 |             f
   215 |    17220 |    100 |  0.0051745836 |             f
   216 |    17300 |    100 |  0.0049202286 |             f
   217 |    17380 |    100 |  0.0034360186 |             f
   218 |    17460 |    100 |  0.0069040179 |             f
   219 |    17540 |    100 |  0.0051016269 |             f
   220 |    17620 |    100 |  0.0046188797 |             f
   221 |    17700 |    100 |  0.0052817110 |             f
   222 |    17780 |    100 |  0.0027883779 |             f
   223 |    17860 |    100 |  0.0034687604 |             f
   224 |    17940 |    100 |  0.0057104523 |             f
   225 |    18020 |    100 |  0.0061117974 |             f
   226 |    18100 |    100 |  0.0041196040 |             f
   227 |    18180 |    100 |  0.0067255117 |             f
   228 |    18260 |    100 |  0.0050746161 |             f
   229 |    18340 |    100 |  0.0065916893 |             f
   230 |    18420 |    100 |  0.0034895962 |             f
   231 |    18500 |    100 |  0.0036692197 |             f
   232 |    18580 |    100 |  0.0047506130 |             f
   233 |    18660 |    100 |  0.0046249193 |             f
   234 |    18740 |    100 |  0.0055463757 |             f
   235 |    18820 |    100 |  0.0042099773 |             f
   236 |    18900 |    100 |  0.0032280125 |             f
   237 |    18980 |    100 |  0.0033216027 |             f
   238 |    19060 |    100 |  0.0053520833 |             f
   239 |    19140 |    100 |  0.0030174381 |             f
   240 |    19220 |    100 |  0.0054285704 |             f
   241 |    19300 |    100 |  0.0037540763 |             f
   242 |    19380 |    100 |  0.0039121322 |             f
   243 |    19460 |    100 |  0.0038433267 |             f
   244 |    19540 |    100 |  0.0067328828 |             f
   245 |    19620 |    100 |  0.0038845120 |             f
   246 |    19700 |    100 |  0.0032479943 |             f
   247 |    19780 |    100 |  0.0064109194 |             f
   248 |    19860 |    100 |  0.0071821308 |             f
   249 |    19940 |    100 |  0.0058589419 |             f
   250 |    20020 |    100 |  0.0058904725 |             f
   251 |    20100 |    100 |  0.0062987098 |             f
   252 |    20180 |    100 |  0.0029433164 |             f
   253 |    20260 |    100 |  0.0044295771 |             f
   254 |    20340 |    100 |  0.0027044238 |             f
   255 |    20420 |    100 |  0.0074291609 |             f
   256 |    20500 |    100 |  0.0045113393 |             f
   257 |    20580 |    100 |  0.0032880052 |             f
   258 |    20660 |    100 |  0.0043564656 |             f
   259 |    20740 |    100 |  0.0059643691 |             f
   260 |    20820 |    100 |  0.0042949262 |             f
   261 |    20900 |    100 |  0.0050726118 |             f
   262 |    20980 |    100 |  0.0083044183 |             f
   263 |    21060 |    100 |  0.0034168108 |             f
   264 |    21140 |    100 |  0.0082938059 |             f
   265 |    21220 |    100 |  0.0044608664 |             f
   266 |    21300 |    100 |  0.0063619693 |             f
   267 |    21380 |    100 |  0.0044177742 |             f
   268 |    21460 |    100 |  0.0044726772 |             f
   269 |    21540 |    100 |  0.0060834011 |             f
   270 |    21620 |    100 |  0.0046178999 |             f
   271 |    21700 |    100 |  0.0064951816 |             f
   272 |    21780 |    100 |  0.0056258181 |             f
   273 |    21860 |    100 |  0.0037709820 |             f
   274 |    21940 |    100 |  0.0049903603 |             f
   275 |    22020 |    100 |  0.0054560069 |             f
   276 |    22100 |    100 |  0.0056057918 |             f
   277 |    22180 |    100 |  0.0050744248 |             f
   278 |    22260 |    100 |  0.0044567927 |             f
   279 |    22340 |    100 |  0.0039342000 |             f
   280 |    22420 |    100 |  0.0041520208 |             f
   281 |    22500 |    100 |  0.0033300305 |             f
   282 |    22580 |    100 |  0.0061864221 |             f
   283 |    22660 |    100 |  0.0066390256 |             f
   284 |    22740 |    100 |  0.0064783824 |             f
   285 |    22820 |    100 |  0.0045947919 |             f
   286 |    22900 |    100 |  0.0036607679 |             f
   287 |    22980 |    100 |  0.0026487832 |             f
   288 |    23060 |    100 |  0.0066036354 |             f
   289 |    23140 |    100 |  0.0045040669 |             f
   290 |    23220 |    100 |  0.0025853720 |             f
   291 |    23300 |    100 |  0.0073350223 |             f
   292 |    23380 |    100 |  0.0045125545 |             f
   293 |    23460 |    100 |  0.0063830360 |             f
   294 |    23540 |    100 |  0.0046778328 |             f
   295 |    23620 |    100 |  0.0072182466 |             f
   296 |    23700 |    100 |  0.0058436210 |             f
   297 |    23780 |    100 |  0.0034453125 |             f
   298 |    23860 |    100 |  0.0056008313 |             f
   299 |    23940 |    100 |  0.0035126309 |             f
   300 |    24020 |    100 |  0.0068812268 |             f
   301 |    24100 |    100 |  0.0043920558 |             f
   302 |    24180 |    100 |  0.0068305927 |             f
   303 |    24260 |    100 |  0.0073570296 |             f
   304 |    24340 |    100 |  0.0039947028 |             f
   305 |    24420 |    100 |  0.0055999733 |             f
   306 |    24500 |    100 |  0.0048459923 |             f
   307 |    24580 |    100 |  0.0065917927 |             f
   308 |    24660 |    100 |  0.0075239938 |             f
   309 |    24740 |    100 |  0.0037786287 |             f
   310 |    24820 |    100 |  0.0069792316 |             f
   311 |    24900 |    100 |  0.0057346124 |             f
   312 |    24980 |    100 |  0.0066062269 |             f
   313 |    25060 |    100 |  0.0055885793 |             f
   314 |    25140 |    100 |  0.0045367419 |             f
   315 |    25220 |    100 |  0.0039110346 |             f
   316 |    25300 |    100 |  0.0033615521 |             f
   317 |    25380 |    100 |  0.0047503986 |             f
   318 |    25460 |    100 |  0.0025470530 |             f
   319 |    25540 |    100 |  0.0066329886 |             f
   320 |    25620 |    100 |  0.0049948882 |             f
   321 |    25700 |    100 |  0.0028132662 |             f
   322 |    25780 |    100 |  0.0077235583 |             f
   323 |    25860 |    100 |  0.0063263139 |             f
   324 |    25940 |    100 |  0.0052345428 |             f
   325 |    26020 |    100 |  0.0058692846 |             f
   326 |    26100 |    100 |  0.0033899850 |             f
   327 |    26180 |    100 |  0.0048731195 |             f
   328 |    26260 |    100 |  0.0079128561 |             f
   329 |    26340 |    100 |  0.0036958700 |             f
   330 |    26420 |    100 |  0.0046556341 |             f
   331 |    26500 |    100 |  0.0034230571 |             f
   332 |    26580 |    100 |  0.0036294408 |             f
   333 |    26660 |    100 |  0.0065468268 |             f
   334 |    26740 |    100 |  0.0081104480 |             f
   335 |    26820 |    100 |  0.0036208442 |             f
   336 |    26900 |    100 |  0.0036570731 |             f
   337 |    26980 |    100 |  0.0037360470 |             f
   338 |    27060 |    100 |  0.0040688250 |             f
   339 |    27140 |    100 |  0.0072372456 |             f
   340 |    27220 |    100 |  0.0064998437 |             f
   341 |    27300 |    100 |  0.0039148358 |             f
   342 |    27380 |    100 |  0.0049312416 |             f
   343 |    27460 |    100 |  0.0080764206 |             f
   344 |    27540 |    100 |  0.0040577558 |             f
   345 |    27620 |    100 |  0.0056101566 |             f
   346 |    27700 |    100 |  0.0066908042 |             f
   347 |    27780 |    100 |  0.0078306012 |             f
   348 |    27860 |    100 |  0.0047155287 |             f
   349 |    27940 |    100 |  0.0066443834 |             f
   350 |    28020 |    100 |  0.0062130726 |             f
   351 |    28100 |    100 |  0.0059814300 |             f
   352 |    28180 |    100 |  0.0049731363 |             f
   353 |    28260 |    100 |  0.0036169219 |             f
   354 |    28340 |    100 |  0.0040876483 |             f
   355 |    28420 |    100 |  0.0037268716 |             f
   356 |    28500 |    100 |  0.0043120773 |             f
   357 |    28580 |    100 |  0.0032871579 |             f
   358 |    28660 |    100 |  0.0066894031 |             f
   359 |    28740 |    100 |  0.0066194033 |             f
   360 |    28820 |    100 |  0.0093955900 |             f
   361 |    28900 |    100 |  0.0058964210 |             f
   362 |    28980 |    100 |  0.0038328608 |             f
   363 |    29060 |    100 |  0.0043817569 |             f
   364 |    29140 |    100 |  0.0053238673 |             f
   365 |    29220 |    100 |  0.0052449648 |             f
   366 |    29300 |    100 |  0.0048196202 |             f
   367 |    29380 |    100 |  0.0026399430 |             f
   368 |    29460 |    100 |  0.0060725825 |             f
   369 |    29540 |    100 |  0.0040346962 |             f
   370 |    29620 |    100 |  0.0068850971 |             f
   371 |    29700 |    100 |  0.0063372764 |             f
   372 |    29780 |    100 |  0.0061082472 |             f
   373 |    29860 |    100 |  0.0042148433 |             f
   374 |    29940 |    100 |  0.0023540550 |             f
   375 |    30020 |    100 |  0.0063265738 |             f
   376 |    30100 |    100 |  0.0047519211 |             f
   377 |    30180 |    100 |  0.0042652890 |             f
   378 |    30260 |    100 |  0.0044039038 |             f
   379 |    30340 |    100 |  0.0036808487 |             f
   380 |    30420 |    100 |  0.0043611865 |             f
   381 |    30500 |    100 |  0.0037949469 |             f
   382 |    30580 |    100 |  0.0078191463 |             f
   383 |    30660 |    100 |  0.0037588478 |             f
   384 |    30740 |    100 |  0.0044366472 |             f
   385 |    30820 |    100 |  0.0050084877 |             f
   386 |    30900 |    100 |  0.0072414601 |             f
   387 |    30980 |    100 |  0.0059938318 |             f
   388 |    31060 |    100 |  0.0052303998 |             f
   389 |    31140 |    100 |  0.0053295243 |             f
   390 |    31220 |    100 |  0.0034867602 |             f
   391 |    31300 |    100 |  0.0062886776 |             f
   392 |    31380 |    100 |  0.0050536283 |             f
   393 |    31460 |    100 |  0.0038325035 |             f
   394 |    31540 |    100 |  0.0038179564 |             f
   395 |    31620 |    100 |  0.0042684626 |             f
   396 |    31700 |    100 |  0.0043641637 |             f
   397 |    31780 |    100 |  0.0030536603 |             f
   398 |    31860 |    100 |  0.0044229039 |             f
   399 |    31940 |    100 |  0.0062416530 |             f
   400 |    32020 |    100 |  0.0066209158 |             f
   401 |    32100 |    100 |  0.0036923778 |             f
   402 |    32180 |    100 |  0.0058240894 |             f
   403 |    32260 |    100 |  0.0056164254 |             f
   404 |    32340 |    100 |  0.0050150950 |             f
   405 |    32420 |    100 |  0.0033465637 |             f
   406 |    32500 |    100 |  0.0060643992 |             f
   407 |    32580 |    100 |  0.0035528573 |             f
   408 |    32660 |    100 |  0.0048116259 |             f
   409 |    32740 |    100 |  0.0072151679 |             f
   410 |    32820 |    100 |  0.0043769590 |             f
   411 |    32900 |    100 |  0.0028801644 |             f
   412 |    32980 |    100 |  0.0050115680 |             f
   413 |    33060 |    100 |  0.0026148700 |             f
   414 |    33140 |    100 |  0.0085354320 |             f
   415 |    33220 |    100 |  0.0052638579 |             f
   416 |    33300 |    100 |  0.0041459589 |             f
   417 |    33380 |    100 |  0.0035302981 |             f
   418 |    33460 |    100 |  0.0054116376 |             f
   419 |    33540 |    100 |  0.0059151631 |             f
   420 |    33620 |    100 |  0.0043599006 |             f
   421 |    33700 |    100 |  0.0040486808 |             f
   422 |    33780 |    100 |  0.0056169783 |             f
   423 |    33860 |    100 |  0.0079611141 |             f
   424 |    33940 |    100 |  0.0034795530 |             f
   425 |    34020 |    100 |  0.0058634572 |             f
   426 |    34100 |    100 |  0.0075911372 |             f
   427 |    34180 |    100 |  0.0034985209 |             f
   428 |    34260 |    100 |  0.0057414862 |             f
   429 |    34340 |    100 |  0.0069343069 |             f
   430 |    34420 |    100 |  0.0070262822 |             f
   431 |    34500 |    100 |  0.0079839330 |             f
   432 |    34580 |    100 |  0.0045413205 |             f
   433 |    34660 |    100 |  0.0068145432 |             f
   434 |    34740 |    100 |  0.0037570134 |             f
   435 |    34820 |    100 |  0.0036456701 |             f
   436 |    34900 |    100 |  0.0040097284 |             f
   437 |    34980 |    100 |  0.0082940184 |             f
   438 |    35060 |    100 |  0.0044197386 |             f
   439 |    35140 |    100 |  0.0063743959 |             f
   440 |    35220 |    100 |  0.0033374765 |             f
   441 |    35300 |    100 |  0.0043245049 |             f
   442 |    35380 |    100 |  0.0064337073 |             f
   443 |    35460 |    100 |  0.0067220353 |             f
   444 |    35540 |    100 |  0.0039893518 |             f
   445 |    35620 |    100 |  0.0064384551 |             f
   446 |    35700 |    100 |  0.0076621150 |             f
   447 |    35780 |    100 |  0.0060720124 |             f
   448 |    35860 |    100 |  0.0035240160 |             f
   449 |    35940 |    100 |  0.0056081478 |             f
   450 |    36020 |    100 |  0.0056311791 |             f
   451 |    36100 |    100 |  0.0059005950 |             f
   452 |    36180 |    100 |  0.0058956106 |             f
   453 |    36260 |    100 |  0.0055452480 |             f
   454 |    36340 |    100 |  0.0065933128 |             f
   455 |    36420 |    100 |  0.0042593432 |             f
   456 |    36500 |    100 |  0.0037721553 |             f
   457 |    36580 |    100 |  0.0033479117 |             f
   458 |    36660 |    100 |  0.0084909910 |             f
   459 |    36740 |    100 |  0.0039477374 |             f
   460 |    36820 |    100 |  0.0066558827 |             f
   461 |    36900 |    100 |  0.0055767717 |             f
   462 |    36980 |    100 |  0.0059024791 |             f
   463 |    37060 |    100 |  0.0048720007 |             f
   464 |    37140 |    100 |  0.0063880888 |             f
   465 |    37220 |    100 |  0.0048393458 |             f
   466 |    37300 |    100 |  0.0045625716 |             f
   467 |    37380 |    100 |  0.0074435993 |             f
   468 |    37460 |    100 |  0.0057789502 |             f
   469 |    37540 |    100 |  0.0061978431 |             f
   470 |    37620 |    100 |  0.0069980412 |             f
   471 |    37700 |    100 |  0.0058252351 |             f
   472 |    37780 |    100 |  0.0059832979 |             f
   473 |    37860 |    100 |  0.0060245466 |             f
   474 |    37940 |    100 |  0.0041283030 |             f
   475 |    38020 |    100 |  0.0045114522 |             f
   476 |    38100 |    100 |  0.0073281245 |             f
   477 |    38180 |    100 |  0.0046279729 |             f
   478 |    38260 |    100 |  0.0067276529 |             f
   479 |    38340 |    100 |  0.0053573116 |             f
   480 |    38420 |    100 |  0.0057592243 |             f
   481 |    38500 |    100 |  0.0036475954 |             f
   482 |    38580 |    100 |  0.0051168256 |             f
   483 |    38660 |    100 |  0.0054420719 |             f
   484 |    38740 |    100 |  0.0047868049 |             f
   485 |    38820 |    100 |  0.0041868170 |             f
   486 |    38900 |    100 |  0.0118765372 |             f
   487 |    38980 |    100 |  0.0048639720 |             f
   488 |    39060 |    100 |  0.0055421135 |             f
   489 |    39140 |    100 |  0.0055543674 |             f
   490 |    39220 |    100 |  0.0060046003 |             f
   491 |    39300 |    100 |  0.0061500537 |             f
   492 |    39380 |    100 |  0.0052497720 |             f
   493 |    39460 |    100 |  0.0070186251 |             f
   494 |    39540 |    100 |  0.0058764072 |             f
   495 |    39620 |    100 |  0.0042003862 |             f
   496 |    39700 |    100 |  0.0038572861 |             f
   497 |    39780 |    100 |  0.0048242246 |             f
   498 |    39860 |    100 |  0.0048395954 |             f
   499 |    39940 |    100 |  0.0062178771 |             f
   500 |    40020 |    100 |  0.0058900711 |             f
   501 |    40100 |    100 |  0.0077506284 |             f
   502 |    40180 |    100 |  0.0053330685 |             f
   503 |    40260 |    100 |  0.0040213434 |             f
   504 |    40340 |    100 |  0.0047604791 |             f
   505 |    40420 |    100 |  0.0038109077 |             f
   506 |    40500 |    100 |  0.0056309511 |             f
   507 |    40580 |    100 |  0.0063267560 |             f
   508 |    40660 |    100 |  0.0065381023 |             f
   509 |    40740 |    100 |  0.0056303539 |             f
   510 |    40820 |    100 |  0.0048076705 |             f
   511 |    40900 |    100 |  0.0025275536 |             f
   512 |    40980 |    100 |  0.0070507260 |             f
   513 |    41060 |    100 |  0.0038370414 |             f
   514 |    41140 |    100 |  0.0051795762 |             f
   515 |    41220 |    100 |  0.0048903448 |             f
   516 |    41300 |    100 |  0.0057180216 |             f
   517 |    41380 |    100 |  0.0066540242 |             f
   518 |    41460 |    100 |  0.0051795814 |             f
   519 |    41540 |    100 |  0.0091218325 |             f
   520 |    41620 |    100 |  0.0066705675 |             f
   521 |    41700 |    100 |  0.0040420472 |             f
   522 |    41780 |    100 |  0.0052013180 |             f
   523 |    41860 |    100 |  0.0081970547 |             f
   524 |    41940 |    100 |  0.0065296478 |             f
   525 |    42020 |    100 |  0.0057854943 |             f
   526 |    42100 |    100 |  0.0036791867 |             f
   527 |    42180 |    100 |  0.0041447613 |             f
   528 |    42260 |    100 |  0.0065732946 |             f
   529 |    42340 |    100 |  0.0064082390 |             f
   530 |    42420 |    100 |  0.0061526638 |             f
   531 |    42500 |    100 |  0.0057935446 |             f
   532 |    42580 |    100 |  0.0043841291 |             f
   533 |    42660 |    100 |  0.0030022283 |             f
   534 |    42740 |    100 |  0.0051982054 |             f
   535 |    42820 |    100 |  0.0030680639 |             f
   536 |    42900 |    100 |  0.0044614922 |             f
   537 |    42980 |    100 |  0.0035390962 |             f
   538 |    43060 |    100 |  0.0044582239 |             f
   539 |    43140 |    100 |  0.0071466063 |             f
   540 |    43220 |    100 |  0.0042653499 |             f
   541 |    43300 |    100 |  0.0054936616 |             f
   542 |    43380 |    100 |  0.0032796388 |             f
   543 |    43460 |    100 |  0.0027592344 |             f
   544 |    43540 |    100 |  0.0067481696 |             f
   545 |    43620 |    100 |  0.0046598851 |             f
   546 |    43700 |    100 |  0.0050684835 |             f
   547 |    43780 |    100 |  0.0056334067 |             f
   548 |    43860 |    100 |  0.0050517740 |             f
   549 |    43940 |    100 |  0.0043038996 |             f
   550 |    44020 |    100 |  0.0031352396 |             f
   551 |    44100 |    100 |  0.0049650877 |             f
   552 |    44180 |    100 |  0.0033381723 |             f
   553 |    44260 |    100 |  0.0031984693 |             f
   554 |    44340 |    100 |  0.0053715165 |             f
   555 |    44420 |    100 |  0.0035732765 |             f
   556 |    44500 |    100 |  0.0026263756 |             f
   557 |    44580 |    100 |  0.0052430449 |             f
   558 |    44660 |    100 |  0.0031714245 |             f
   559 |    44740 |    100 |  0.0047342330 |             f
   560 |    44820 |    100 |  0.0034378443 |             f
   561 |    44900 |    100 |  0.0034950830 |             f
   562 |    44980 |    100 |  0.0075279658 |             f
   563 |    45060 |    100 |  0.0078771693 |             f
   564 |    45140 |    100 |  0.0027815657 |             f
   565 |    45220 |    100 |  0.0060204078 |             f
   566 |    45300 |    100 |  0.0089871390 |             f
   567 |    45380 |    100 |  0.0043494093 |             f
   568 |    45460 |    100 |  0.0076077731 |             f
   569 |    45540 |    100 |  0.0041475207 |             f
   570 |    45620 |    100 |  0.0051183353 |             f
   571 |    45700 |    100 |  0.0049692518 |             f
   572 |    45780 |    100 |  0.0064263935 |             f
   573 |    45860 |    100 |  0.0041974152 |             f
   574 |    45940 |    100 |  0.0057395908 |             f
   575 |    46020 |    100 |  0.0051743078 |             f
   576 |    46100 |    100 |  0.0057731613 |             f
   577 |    46180 |    100 |  0.0039068404 |             f
   578 |    46260 |    100 |  0.0028294134 |             f
   579 |    46340 |    100 |  0.0056414708 |             f
   580 |    46420 |    100 |  0.0056594242 |             f
   581 |    46500 |    100 |  0.0057107008 |             f
   582 |    46580 |    100 |  0.0041802946 |             f
   583 |    46660 |    100 |  0.0035685961 |             f
   584 |    46740 |    100 |  0.0029146513 |             f
   585 |    46820 |    100 |  0.0023596771 |             f
   586 |    46900 |    100 |  0.0101689194 |             f
   587 |    46980 |    100 |  0.0039040524 |             f
   588 |    47060 |    100 |  0.0052453277 |             f
   589 |    47140 |    100 |  0.0058455983 |             f
   590 |    47220 |    100 |  0.0044370550 |             f
   591 |    47300 |    100 |  0.0049512756 |             f
   592 |    47380 |    100 |  0.0045851293 |             f
   593 |    47460 |    100 |  0.0066969561 |             f
   594 |    47540 |    100 |  0.0079080578 |             f
   595 |    47620 |    100 |  0.0071490034 |             f
   596 |    47700 |    100 |  0.0052418436 |             f
   597 |    47780 |    100 |  0.0044416207 |             f
   598 |    47860 |    100 |  0.0059623259 |             f
   599 |    47940 |    100 |  0.0029910519 |             f
   600 |    48020 |    100 |  0.0043720438 |             f
   601 |    48100 |    100 |  0.0045092124 |             f
   602 |    48180 |    100 |  0.0067133460 |             f
   603 |    48260 |    100 |  0.0037176678 |             f
   604 |    48340 |    100 |  0.0051584817 |             f
   605 |    48420 |    100 |  0.0090723126 |             f
   606 |    48500 |    100 |  0.0062571799 |             f
   607 |    48580 |    100 |  0.0061973484 |             f
   608 |    48660 |    100 |  0.0058820013 |             f
   609 |    48740 |    100 |  0.0077057834 |             f
   610 |    48820 |    100 |  0.0063178716 |             f
   611 |    48900 |    100 |  0.0034968638 |             f
   612 |    48980 |    100 |  0.0061251750 |             f
   613 |    49060 |    100 |  0.0068786882 |             f
   614 |    49140 |    100 |  0.0056898237 |             f
   615 |    49220 |    100 |  0.0051403587 |             f
   616 |    49300 |    100 |  0.0056423287 |             f
   617 |    49380 |    100 |  0.0045454288 |             f
   618 |    49460 |    100 |  0.0058860340 |             f
   619 |    49540 |    100 |  0.0042325356 |             f
   620 |    49620 |    100 |  0.0059283167 |             f
   621 |    49700 |    100 |  0.0048547889 |             f
   622 |    49780 |    100 |  0.0029296354 |             f
   623 |    49860 |    100 |  0.0042675354 |             f
   624 |    49940 |    100 |  0.0057345426 |             f
   625 |    50020 |    100 |  0.0059882675 |             f
   626 |    50100 |    100 |  0.0071399237 |             f
   627 |    50180 |    100 |  0.0032667292 |             f
   628 |    50260 |    100 |  0.0064676035 |             f
   629 |    50340 |    100 |  0.0043716814 |             f
   630 |    50420 |    100 |  0.0044900048 |             f
   631 |    50500 |    100 |  0.0043601139 |             f
   632 |    50580 |    100 |  0.0071205669 |             f
   633 |    50660 |    100 |  0.0047285345 |             f
   634 |    50740 |    100 |  0.0064420638 |             f
   635 |    50820 |    100 |  0.0049711884 |             f
   636 |    50900 |    100 |  0.0045876699 |             f
   637 |    50980 |    100 |  0.0074288756 |             f
   638 |    51060 |    100 |  0.0037087586 |             f
   639 |    51140 |    100 |  0.0044347744 |             f
   640 |    51220 |    100 |  0.0036950249 |             f
   641 |    51300 |    100 |  0.0054515289 |             f
   642 |    51380 |    100 |  0.0038179040 |             f
   643 |    51460 |    100 |  0.0037658015 |             f
   644 |    51540 |    100 |  0.0036813547 |             f
   645 |    51620 |    100 |  0.0062182671 |             f
   646 |    51700 |    100 |  0.0065211139 |             f
   647 |    51780 |    100 |  0.0066113676 |             f
   648 |    51860 |    100 |  0.0051837627 |             f
   649 |    51940 |    100 |  0.0074289871 |             f
   650 |    52020 |    100 |  0.0034389786 |             f
   651 |    52100 |    100 |  0.0065240115 |             f
   652 |    52180 |    100 |  0.0039404055 |             f
   653 |    52260 |    100 |  0.0048392057 |             f
   654 |    52340 |    100 |  0.0053770070 |             f
   655 |    52420 |    100 |  0.0061335270 |             f
   656 |    52500 |    100 |  0.0066921985 |             f
   657 |    52580 |    100 |  0.0096690441 |             f
   658 |    52660 |    100 |  0.0047032457 |             f
   659 |    52740 |    100 |  0.0059915131 |             f
   660 |    52820 |    100 |  0.0052137831 |             f
   661 |    52900 |    100 |  0.0065494694 |             f
   662 |    52980 |    100 |  0.0042947963 |             f
   663 |    53060 |    100 |  0.0044679240 |             f
   664 |    53140 |    100 |  0.0057060994 |             f
   665 |    53220 |    100 |  0.0028358268 |             f
   666 |    53300 |    100 |  0.0030171672 |             f
   667 |    53380 |    100 |  0.0052357247 |             f
   668 |    53460 |    100 |  0.0031699136 |             f
   669 |    53540 |    100 |  0.0044945624 |             f
   670 |    53620 |    100 |  0.0047264899 |             f
   671 |    53700 |    100 |  0.0055722293 |             f
   672 |    53780 |    100 |  0.0041245290 |             f
   673 |    53860 |    100 |  0.0067337637 |             f
   674 |    53940 |    100 |  0.0079276403 |             f
   675 |    54020 |    100 |  0.0034965347 |             f
   676 |    54100 |    100 |  0.0054270712 |             f
   677 |    54180 |    100 |  0.0054123468 |             f
   678 |    54260 |    100 |  0.0038576940 |             f
   679 |    54340 |    100 |  0.0063929740 |             f
   680 |    54420 |    100 |  0.0058938000 |             f
   681 |    54500 |    100 |  0.0088405378 |             f
   682 |    54580 |    100 |  0.0035778446 |             f
   683 |    54660 |    100 |  0.0060777602 |             f
   684 |    54740 |    100 |  0.0056536831 |             f
   685 |    54820 |    100 |  0.0052503408 |             f
   686 |    54900 |    100 |  0.0048010791 |             f
   687 |    54980 |    100 |  0.0045000517 |             f
   688 |    55060 |    100 |  0.0037803895 |             f
   689 |    55140 |    100 |  0.0055445217 |             f
   690 |    55220 |    100 |  0.0026894318 |             f
   691 |    55300 |    100 |  0.0064170452 |             f
   692 |    55380 |    100 |  0.0068497730 |             f
   693 |    55460 |    100 |  0.0057214529 |             f
   694 |    55540 |    100 |  0.0032847738 |             f
   695 |    55620 |    100 |  0.0043868858 |             f
   696 |    55700 |    100 |  0.0055792388 |             f
   697 |    55780 |    100 |  0.0047847732 |             f
   698 |    55860 |    100 |  0.0040196454 |             f
   699 |    55940 |    100 |  0.0080250338 |             f
   700 |    56020 |    100 |  0.0049869380 |             f
   701 |    56100 |    100 |  0.0047835949 |             f
   702 |    56180 |    100 |  0.0044518642 |             f
   703 |    56260 |    100 |  0.0027474555 |             f
   704 |    56340 |    100 |  0.0045790097 |             f
   705 |    56420 |    100 |  0.0054913266 |             f
   706 |    56500 |    100 |  0.0054387905 |             f
   707 |    56580 |    100 |  0.0047950109 |             f
   708 |    56660 |    100 |  0.0055189016 |             f
   709 |    56740 |    100 |  0.0029739263 |             f
   710 |    56820 |    100 |  0.0036664888 |             f
   711 |    56900 |    100 |  0.0073847005 |             f
   712 |    56980 |    100 |  0.0065441729 |             f
   713 |    57060 |    100 |  0.0044868268 |             f
   714 |    57140 |    100 |  0.0066696651 |             f
   715 |    57220 |    100 |  0.0046890391 |             f
   716 |    57300 |    100 |  0.0036813202 |             f
   717 |    57380 |    100 |  0.0025865631 |             f
   718 |    57460 |    100 |  0.0061618275 |             f
   719 |    57540 |    100 |  0.0042028162 |             f
   720 |    57620 |    100 |  0.0039286423 |             f
   721 |    57700 |    100 |  0.0028046234 |             f
   722 |    57780 |    100 |  0.0043249105 |             f
   723 |    57860 |    100 |  0.0063130047 |             f
   724 |    57940 |    100 |  0.0036940086 |             f
   725 |    58020 |    100 |  0.0033372348 |             f
   726 |    58100 |    100 |  0.0041179343 |             f
   727 |    58180 |    100 |  0.0073372229 |             f
   728 |    58260 |    100 |  0.0038995026 |             f
   729 |    58340 |    100 |  0.0057522724 |             f
   730 |    58420 |    100 |  0.0057661118 |             f
   731 |    58500 |    100 |  0.0047495513 |             f
   732 |    58580 |    100 |  0.0061584922 |             f
   733 |    58660 |    100 |  0.0057429970 |             f
   734 |    58740 |    100 |  0.0041145888 |             f
   735 |    58820 |    100 |  0.0048195089 |             f
   736 |    58900 |    100 |  0.0050456075 |             f
   737 |    58980 |    100 |  0.0042438017 |             f
   738 |    59060 |    100 |  0.0069843908 |             f
   739 |    59140 |    100 |  0.0036714082 |             f
   740 |    59220 |    100 |  0.0041819976 |             f
   741 |    59300 |    100 |  0.0040698349 |             f
   742 |    59380 |    100 |  0.0039778072 |             f
   743 |    59460 |    100 |  0.0057859940 |             f
   744 |    59540 |    100 |  0.0042910186 |             f
   745 |    59620 |    100 |  0.0031542639 |             f
   746 |    59700 |    100 |  0.0057509695 |             f
   747 |    59780 |    100 |  0.0013634676 |             f
   748 |    59860 |    100 |  0.0041720363 |             f
   749 |    59940 |    100 |  0.0065636745 |             f
   750 |    60020 |    100 |  0.0042946904 |             f
   751 |    60100 |    100 |  0.0034152397 |             f
   752 |    60180 |    100 |  0.0040845036 |             f
   753 |    60260 |    100 |  0.0036070334 |             f
   754 |    60340 |    100 |  0.0054023069 |             f
   755 |    60420 |    100 |  0.0072015949 |             f
   756 |    60500 |    100 |  0.0055415121 |             f
   757 |    60580 |    100 |  0.0064751705 |             f
   758 |    60660 |    100 |  0.0036173379 |             f
   759 |    60740 |    100 |  0.0062804650 |             f
   760 |    60820 |    100 |  0.0049066786 |             f
   761 |    60900 |    100 |  0.0053562516 |             f
   762 |    60980 |    100 |  0.0030574317 |             f
   763 |    61060 |    100 |  0.0041163737 |             f
   764 |    61140 |    100 |  0.0072672088 |             f
   765 |    61220 |    100 |  0.0024595834 |             f
   766 |    61300 |    100 |  0.0055366726 |             f
   767 |    61380 |    100 |  0.0047633982 |             f
   768 |    61460 |    100 |  0.0067650181 |             f
   769 |    61540 |    100 |  0.0061175525 |             f
   770 |    61620 |    100 |  0.0041982098 |             f
   771 |    61700 |    100 |  0.0054457792 |             f
   772 |    61780 |    100 |  0.0049539414 |             f
   773 |    61860 |    100 |  0.0039603484 |             f
   774 |    61940 |    100 |  0.0033677797 |             f
   775 |    62020 |    100 |  0.0041766776 |             f
   776 |    62100 |    100 |  0.0052312141 |             f
   777 |    62180 |    100 |  0.0033577932 |             f
   778 |    62260 |    100 |  0.0075482824 |             f
   779 |    62340 |    100 |  0.0084822742 |             f
   780 |    62420 |    100 |  0.0043215973 |             f
   781 |    62500 |    100 |  0.0044515431 |             f
   782 |    62580 |    100 |  0.0028769013 |             f
   783 |    62660 |    100 |  0.0042513282 |             f
   784 |    62740 |    100 |  0.0055995193 |             f
   785 |    62820 |    100 |  0.0065124285 |             f
   786 |    62900 |    100 |  0.0049824987 |             f
   787 |    62980 |    100 |  0.0060394764 |             f
   788 |    63060 |    100 |  0.0081035142 |             f
   789 |    63140 |    100 |  0.0037938291 |             f
   790 |    63220 |    100 |  0.0041835633 |             f
   791 |    63300 |    100 |  0.0043908938 |             f
   792 |    63380 |    100 |  0.0049701290 |             f
   793 |    63460 |    100 |  0.0031027850 |             f
   794 |    63540 |    100 |  0.0037107734 |             f
   795 |    63620 |    100 |  0.0055679780 |             f
   796 |    63700 |    100 |  0.0055856267 |             f
   797 |    63780 |    100 |  0.0029566169 |             f
   798 |    63860 |    100 |  0.0036731291 |             f
   799 |    63940 |    100 |  0.0039784368 |             f
   800 |    64020 |    100 |  0.0030785229 |             f
   801 |    64100 |    100 |  0.0050537465 |             f
   802 |    64180 |    100 |  0.0044873407 |             f
   803 |    64260 |    100 |  0.0030646067 |             f
   804 |    64340 |    100 |  0.0060668790 |             f
   805 |    64420 |    100 |  0.0045529918 |             f
   806 |    64500 |    100 |  0.0050737568 |             f
   807 |    64580 |    100 |  0.0067805832 |             f
   808 |    64660 |    100 |  0.0060302384 |             f
   809 |    64740 |    100 |  0.0051997082 |             f
   810 |    64820 |    100 |  0.0051941908 |             f
   811 |    64900 |    100 |  0.0058553946 |             f
   812 |    64980 |    100 |  0.0031410589 |             f
   813 |    65060 |    100 |  0.0073359234 |             f
   814 |    65140 |    100 |  0.0044073198 |             f
   815 |    65220 |    100 |  0.0028912708 |             f
   816 |    65300 |    100 |  0.0044606357 |             f
   817 |    65380 |    100 |  0.0064457287 |             f
   818 |    65460 |    100 |  0.0048960525 |             f
   819 |    65540 |    100 |  0.0047982841 |             f
   820 |    65620 |    100 |  0.0056725462 |             f
   821 |    65700 |    100 |  0.0049701253 |             f
   822 |    65780 |    100 |  0.0052153534 |             f
   823 |    65860 |    100 |  0.0080867909 |             f
   824 |    65940 |    100 |  0.0045969692 |             f
   825 |    66020 |    100 |  0.0043446515 |             f
   826 |    66100 |    100 |  0.0066124572 |             f
   827 |    66180 |    100 |  0.0051664233 |             f
   828 |    66260 |    100 |  0.0027713329 |             f
   829 |    66340 |    100 |  0.0065113484 |             f
   830 |    66420 |    100 |  0.0028174591 |             f
   831 |    66500 |    100 |  0.0026321737 |             f
   832 |    66580 |    100 |  0.0058798437 |             f
   833 |    66660 |    100 |  0.0054100522 |             f
   834 |    66740 |    100 |  0.0016437361 |             f
   835 |    66820 |    100 |  0.0051439123 |             f
   836 |    66900 |    100 |  0.0034488608 |             f
   837 |    66980 |    100 |  0.0052769505 |             f
   838 |    67060 |    100 |  0.0034568320 |             f
   839 |    67140 |    100 |  0.0040221006 |             f
   840 |    67220 |    100 |  0.0043376034 |             f
   841 |    67300 |    100 |  0.0035412072 |             f
   842 |    67380 |    100 |  0.0049523771 |             f
   843 |    67460 |    100 |  0.0057841446 |             f
   844 |    67540 |    100 |  0.0038558731 |             f
   845 |    67620 |    100 |  0.0054823349 |             f
   846 |    67700 |    100 |  0.0032842967 |             f
   847 |    67780 |    100 |  0.0048040083 |             f
   848 |    67860 |    100 |  0.0045531113 |             f
   849 |    67940 |    100 |  0.0036262092 |             f
   850 |    68020 |    100 |  0.0042868967 |             f
   851 |    68100 |    100 |  0.0037420568 |             f
   852 |    68180 |    100 |  0.0047239527 |             f
   853 |    68260 |    100 |  0.0036775207 |             f
   854 |    68340 |    100 |  0.0060593712 |             f
   855 |    68420 |    100 |  0.0062346693 |             f
   856 |    68500 |    100 |  0.0058313905 |             f
   857 |    68580 |    100 |  0.0037694412 |             f
   858 |    68660 |    100 |  0.0055250069 |             f
   859 |    68740 |    100 |  0.0047417775 |             f
   860 |    68820 |    100 |  0.0047878555 |             f
   861 |    68900 |    100 |  0.0056512611 |             f
   862 |    68980 |    100 |  0.0041351096 |             f
   863 |    69060 |    100 |  0.0050875970 |             f
   864 |    69140 |    100 |  0.0040428983 |             f
   865 |    69220 |    100 |  0.0066808278 |             f
   866 |    69300 |    100 |  0.0032753643 |             f
   867 |    69380 |    100 |  0.0054550000 |             f
   868 |    69460 |    100 |  0.0055332373 |             f
   869 |    69540 |    100 |  0.0030081547 |             f
   870 |    69620 |    100 |  0.0033490285 |             f
   871 |    69700 |    100 |  0.0033650633 |             f
   872 |    69780 |    100 |  0.0041164598 |             f
   873 |    69860 |    100 |  0.0053627439 |             f
   874 |    69940 |    100 |  0.0053358658 |             f
   875 |    70020 |    100 |  0.0042485436 |             f
   876 |    70100 |    100 |  0.0017795538 |             f
   877 |    70180 |    100 |  0.0059743554 |             f
   878 |    70260 |    100 |  0.0032105069 |             f
   879 |    70340 |    100 |  0.0047804691 |             f
   880 |    70420 |    100 |  0.0077898356 |             f
   881 |    70500 |    100 |  0.0080735400 |             f
   882 |    70580 |    100 |  0.0053901897 |             f
   883 |    70660 |    100 |  0.0056673388 |             f
   884 |    70740 |    100 |  0.0067279273 |             f
   885 |    70820 |    100 |  0.0037349670 |             f
   886 |    70900 |    100 |  0.0056200482 |             f
   887 |    70980 |    100 |  0.0058106681 |             f
   888 |    71060 |    100 |  0.0052649617 |             f
   889 |    71140 |    100 |  0.0063824167 |             f
   890 |    71220 |    100 |  0.0059086980 |             f
   891 |    71300 |    100 |  0.0062479152 |             f
   892 |    71380 |    100 |  0.0044054106 |             f
   893 |    71460 |    100 |  0.0054388506 |             f
   894 |    71540 |    100 |  0.0052128970 |             f
   895 |    71620 |    100 |  0.0035085819 |             f
   896 |    71700 |    100 |  0.0053942360 |             f
   897 |    71780 |    100 |  0.0059584243 |             f
   898 |    71860 |    100 |  0.0034183712 |             f
   899 |    71940 |    100 |  0.0045817962 |             f
   900 |    72020 |    100 |  0.0041446749 |             f
   901 |    72100 |    100 |  0.0027850208 |             f
   902 |    72180 |    100 |  0.0060395221 |             f
   903 |    72260 |    100 |  0.0055541891 |             f
   904 |    72340 |    100 |  0.0032363605 |             f
   905 |    72420 |    100 |  0.0061435397 |             f
   906 |    72500 |    100 |  0.0073658153 |             f
   907 |    72580 |    100 |  0.0053635052 |             f
   908 |    72660 |    100 |  0.0036347927 |             f
   909 |    72740 |    100 |  0.0076561745 |             f
   910 |    72820 |    100 |  0.0030473739 |             f
   911 |    72900 |    100 |  0.0044109459 |             f
   912 |    72980 |    100 |  0.0062546342 |             f
   913 |    73060 |    100 |  0.0018261000 |             f
   914 |    73140 |    100 |  0.0068456122 |             f
   915 |    73220 |    100 |  0.0057466128 |             f
   916 |    73300 |    100 |  0.0032368939 |             f
   917 |    73380 |    100 |  0.0042601097 |             f
   918 |    73460 |    100 |  0.0036291022 |             f
   919 |    73540 |    100 |  0.0038563838 |             f
   920 |    73620 |    100 |  0.0048861443 |             f
   921 |    73700 |    100 |  0.0041728383 |             f
   922 |    73780 |    100 |  0.0048991801 |             f
   923 |    73860 |    100 |  0.0035120816 |             f
   924 |    73940 |    100 |  0.0074795944 |             f
   925 |    74020 |    100 |  0.0041356065 |             f
   926 |    74100 |    100 |  0.0043227753 |             f
   927 |    74180 |    100 |  0.0054386329 |             f
   928 |    74260 |    100 |  0.0052787143 |             f
   929 |    74340 |    100 |  0.0060670523 |             f
   930 |    74420 |    100 |  0.0060287550 |             f
   931 |    74500 |    100 |  0.0040960700 |             f
   932 |    74580 |    100 |  0.0047326430 |             f
   933 |    74660 |    100 |  0.0055371643 |             f
   934 |    74740 |    100 |  0.0043079163 |             f
   935 |    74820 |    100 |  0.0050817882 |             f
   936 |    74900 |    100 |  0.0073322734 |             f
   937 |    74980 |    100 |  0.0037706155 |             f
   938 |    75060 |    100 |  0.0049059417 |             f
   939 |    75140 |    100 |  0.0034175491 |             f
   940 |    75220 |    100 |  0.0031088035 |             f
   941 |    75300 |    100 |  0.0063803494 |             f
   942 |    75380 |    100 |  0.0034451533 |             f
   943 |    75460 |    100 |  0.0056205811 |             f
   944 |    75540 |    100 |  0.0062267706 |             f
   945 |    75620 |    100 |  0.0056597486 |             f
   946 |    75700 |    100 |  0.0059938072 |             f
   947 |    75780 |    100 |  0.0064516248 |             f
   948 |    75860 |    100 |  0.0058145074 |             f
   949 |    75940 |    100 |  0.0064883645 |             f
   950 |    76020 |    100 |  0.0061939204 |             f
   951 |    76100 |    100 |  0.0053728380 |             f
   952 |    76180 |    100 |  0.0050797732 |             f
   953 |    76260 |    100 |  0.0069780088 |             f
   954 |    76340 |    100 |  0.0046698499 |             f
   955 |    76420 |    100 |  0.0030506562 |             f
   956 |    76500 |    100 |  0.0035326028 |             f
   957 |    76580 |    100 |  0.0043070327 |             f
   958 |    76660 |    100 |  0.0049931732 |             f
   959 |    76740 |    100 |  0.0052302021 |             f
   960 |    76820 |    100 |  0.0053057787 |             f
   961 |    76900 |    100 |  0.0055319248 |             f
   962 |    76980 |    100 |  0.0043014831 |             f
   963 |    77060 |    100 |  0.0031135800 |             f
   964 |    77140 |    100 |  0.0045993700 |             f
   965 |    77220 |    100 |  0.0043985170 |             f
   966 |    77300 |    100 |  0.0065304269 |             f
   967 |    77380 |    100 |  0.0043852770 |             f
   968 |    77460 |    100 |  0.0028937309 |             f
   969 |    77540 |    100 |  0.0033552066 |             f
   970 |    77620 |    100 |  0.0044105371 |             f
   971 |    77700 |    100 |  0.0044040344 |             f
   972 |    77780 |    100 |  0.0067692668 |             f
   973 |    77860 |    100 |  0.0054134131 |             f
   974 |    77940 |    100 |  0.0073391474 |             f
   975 |    78020 |    100 |  0.0069187777 |             f
   976 |    78100 |    100 |  0.0037132907 |             f
   977 |    78180 |    100 |  0.0057391412 |             f
   978 |    78260 |    100 |  0.0056109796 |             f
   979 |    78340 |    100 |  0.0052536516 |             f
   980 |    78420 |    100 |  0.0067735576 |             f
   981 |    78500 |    100 |  0.0069176109 |             f
   982 |    78580 |    100 |  0.0058873326 |             f
   983 |    78660 |    100 |  0.0059592860 |             f
   984 |    78740 |    100 |  0.0054058885 |             f
   985 |    78820 |    100 |  0.0045119204 |             f
   986 |    78900 |    100 |  0.0045276428 |             f
   987 |    78980 |    100 |  0.0052704381 |             f
   988 |    79060 |    100 |  0.0086547493 |             f
   989 |    79140 |    100 |  0.0032505568 |             f
   990 |    79220 |    100 |  0.0034666338 |             f
   991 |    79300 |    100 |  0.0042512278 |             f
   992 |    79380 |    100 |  0.0040148975 |             f
   993 |    79460 |    100 |  0.0063433438 |             f
   994 |    79540 |    100 |  0.0042113729 |             f
   995 |    79620 |    100 |  0.0040677131 |             f
   996 |    79700 |    100 |  0.0093330463 |             f
   997 |    79780 |    100 |  0.0028594354 |             f
   998 |    79860 |    100 |  0.0067264511 |             f
   999 |    79940 |    100 |  0.0074268356 |             f
  1000 |    80020 |    100 |  0.0041431983 |             f
../MobileNet/evaluations/saves/MobileNetV2WithExits/2023-08-20-05-20-25/epoch_19_89.7_90.9.pth
2016_0[23]
Exit1: 89.60% - 100.00% - 2.27us
Exit2: 90.08% - 100.00% - 9.28us

00: 100.00% : 0.23% : 9.26us	0.9795 : 1.0000 : 0.9999 : 1.0000
01: 89.60% : 100.00% : 2.27us	0.5000 : 0.5000 : 0.8035 : 0.9362
02: 99.88% : 7.13% : 9.28us	0.9843 : 1.0000 : 0.9980 : 0.9988
03: 92.42% : 91.44% : 2.93us	0.8317 : 0.8794 : 0.8792 : 0.9497
04: 90.47% : 99.31% : 3.62us	0.8094 : 0.8796 : 0.8809 : 0.5933
05: 91.54% : 98.32% : 2.47us	0.8312 : 0.5000 : 0.8958 : 0.5001
06: 90.78% : 98.35% : 6.99us	0.9938 : 0.8803 : 0.8420 : 0.7335
07: 93.89% : 63.01% : 4.95us	0.8315 : 0.9710 : 0.8866 : 0.9630
08: 98.01% : 17.45% : 9.06us	0.9948 : 0.9953 : 0.8852 : 0.9640
09: 94.13% : 76.86% : 6.00us	0.8316 : 1.0000 : 0.8819 : 0.9309
10: 97.66% : 17.17% : 8.44us	0.8575 : 0.9971 : 0.8914 : 0.9621
11: 96.91% : 20.71% : 8.24us	0.8379 : 0.9915 : 0.9452 : 0.9476
12: 97.20% : 19.09% : 8.38us	0.8331 : 0.9956 : 0.8910 : 0.9524
13: 91.93% : 95.15% : 2.65us	0.8317 : 0.7550 : 0.8868 : 0.9356
14: 96.73% : 21.81% : 8.72us	0.9842 : 0.9874 : 0.9665 : 0.9558
15: 94.00% : 79.43% : 5.65us	0.8316 : 0.9907 : 0.8953 : 0.9239
16: 94.20% : 56.43% : 5.82us	0.8316 : 0.9959 : 0.8933 : 0.9498
17: 97.42% : 18.54% : 8.54us	0.9145 : 0.9993 : 0.9294 : 0.9508
18: 93.98% : 61.05% : 5.11us	0.8315 : 0.9764 : 0.8782 : 0.9616
19: 94.04% : 74.72% : 5.17us	0.8320 : 0.9775 : 0.8973 : 0.9387
20: 95.74% : 36.65% : 8.10us	0.9540 : 0.9889 : 0.8878 : 0.9362
21: 90.59% : 98.90% : 3.97us	0.8315 : 0.9087 : 0.8770 : 0.6115
22: 96.15% : 34.16% : 9.19us	0.9802 : 0.9983 : 0.9215 : 0.9363
23: 98.54% : 12.62% : 8.47us	0.9145 : 0.9976 : 0.9294 : 0.9732
24: 93.33% : 85.04% : 4.32us	0.8316 : 0.9398 : 0.8810 : 0.9386
25: 91.75% : 97.83% : 3.79us	0.8315 : 0.8805 : 0.8865 : 0.6101
26: 92.61% : 90.19% : 3.91us	0.8317 : 0.8989 : 0.8868 : 0.9356
27: 94.44% : 50.82% : 8.26us	0.9862 : 0.9757 : 0.8914 : 0.8773
28: 93.76% : 66.17% : 4.69us	0.8317 : 0.9696 : 0.9749 : 0.9702
29: 95.53% : 26.87% : 7.53us	0.8731 : 0.9710 : 0.8863 : 0.9519
30: 91.83% : 97.52% : 5.39us	0.8331 : 0.8509 : 0.8771 : 0.7199
31: 93.87% : 82.31% : 5.43us	0.8317 : 0.9860 : 0.8911 : 0.9143
32: 90.03% : 99.12% : 2.33us	0.5585 : 0.5606 : 0.9244 : 0.9613
33: 92.98% : 88.18% : 4.16us	0.8317 : 0.9197 : 0.8896 : 0.9161
34: 92.99% : 86.77% : 4.17us	0.8316 : 0.9220 : 0.8770 : 0.9421
35: 89.64% : 99.89% : 2.28us	0.5038 : 0.5207 : 0.7992 : 0.8768
36: 92.22% : 93.93% : 2.85us	0.8317 : 0.8521 : 0.8791 : 0.9025
37: 98.33% : 14.22% : 8.63us	0.9760 : 0.9936 : 0.8846 : 1.0000
38: 93.41% : 90.22% : 4.70us	0.8316 : 0.9709 : 0.8780 : 0.8551
39: 95.22% : 39.75% : 7.57us	0.8638 : 0.9758 : 0.8913 : 0.9429
40: 94.88% : 45.02% : 8.24us	0.8379 : 0.9915 : 0.9452 : 0.9147
41: 92.07% : 96.66% : 6.49us	0.8575 : 0.9000 : 0.8774 : 0.7297
42: 95.98% : 25.05% : 7.74us	0.9722 : 0.9735 : 0.8958 : 0.9936
43: 91.99% : 96.89% : 6.29us	0.8622 : 0.8801 : 0.8775 : 0.7466
44: 99.94% : 1.02% : 9.28us	0.9904 : 1.0000 : 0.9997 : 0.9988
45: 91.62% : 98.29% : 5.75us	0.9812 : 0.5194 : 0.8788 : 0.5032
46: 95.02% : 43.26% : 7.36us	0.9624 : 0.9705 : 0.9052 : 0.9464
47: 98.82% : 11.90% : 8.48us	0.9551 : 0.9972 : 0.9609 : 0.9994
48: 94.12% : 72.34% : 5.53us	0.8317 : 0.9895 : 0.9365 : 0.9410
49: 92.90% : 90.45% : 3.95us	0.8317 : 0.9050 : 0.9276 : 0.9161
50: 95.56% : 37.70% : 8.39us	0.9785 : 0.9768 : 0.9012 : 0.9387
51: 94.27% : 46.07% : 7.10us	0.9145 : 0.9641 : 0.9397 : 0.9382
52: 94.42% : 48.69% : 7.23us	0.8505 : 0.9654 : 0.9351 : 0.8860
53: 93.54% : 89.00% : 4.65us	0.8316 : 0.9654 : 0.8869 : 0.8719
54: 93.07% : 92.02% : 6.89us	0.8551 : 0.9403 : 0.8780 : 0.8690
55: 95.84% : 26.12% : 7.82us	0.9748 : 0.9724 : 0.9121 : 0.9563
56: 94.37% : 69.35% : 8.87us	0.9768 : 0.9982 : 0.8788 : 0.9452
57: 94.26% : 53.46% : 5.93us	0.8315 : 0.9985 : 0.8989 : 0.9630
58: 96.16% : 23.36% : 7.93us	0.8650 : 0.9809 : 0.8944 : 0.9519
59: 93.26% : 90.81% : 4.51us	0.8316 : 0.9636 : 0.8869 : 0.8719
60: 99.94% : 4.39% : 8.97us	0.9770 : 1.0000 : 0.9998 : 1.0000
61: 93.51% : 83.76% : 4.42us	0.8316 : 0.9550 : 0.8888 : 0.9421
62: 90.28% : 99.73% : 2.37us	0.7859 : 0.5000 : 0.8101 : 0.5001
63: 92.04% : 95.80% : 2.79us	0.8316 : 0.8357 : 0.8781 : 0.8668
64: 95.07% : 43.47% : 7.44us	0.9705 : 0.9706 : 0.8810 : 0.9464
65: 96.42% : 22.16% : 7.89us	0.9684 : 0.9771 : 0.9248 : 0.9896
66: 92.05% : 96.93% : 6.69us	0.9770 : 0.8801 : 0.8786 : 0.7345
67: 94.10% : 71.51% : 5.43us	0.8317 : 0.9860 : 0.8911 : 0.9472
68: 99.88% : 5.28% : 8.91us	0.9761 : 1.0000 : 0.9997 : 0.9988
69: 99.38% : 10.79% : 8.76us	0.9738 : 0.9991 : 0.9597 : 0.9997
70: 91.90% : 97.33% : 6.75us	0.8919 : 0.9242 : 0.8789 : 0.6619
71: 93.74% : 68.04% : 4.65us	0.8315 : 0.9652 : 0.8858 : 0.9487
72: 92.28% : 92.65% : 2.88us	0.8316 : 0.8763 : 0.8785 : 0.9309
73: 95.23% : 28.78% : 7.27us	0.9318 : 0.9697 : 0.9998 : 0.9984
74: 93.75% : 67.33% : 4.65us	0.8315 : 0.9652 : 0.8858 : 0.9595
75: 93.34% : 70.49% : 4.40us	0.8320 : 0.9518 : 0.8972 : 0.9722
76: 96.25% : 31.90% : 8.60us	0.9705 : 0.9967 : 0.9124 : 0.9470
77: 95.88% : 35.34% : 8.80us	0.9896 : 0.9895 : 0.9365 : 0.9410
78: 90.48% : 99.28% : 3.69us	0.8109 : 0.8805 : 0.8942 : 0.5987
79: 99.01% : 10.17% : 8.57us	0.9307 : 0.9998 : 0.9998 : 0.9984
80: 94.23% : 54.10% : 5.82us	0.8316 : 0.9959 : 0.8933 : 0.9642
81: 93.95% : 77.00% : 4.95us	0.8317 : 0.9710 : 0.8866 : 0.9429
82: 95.13% : 30.41% : 7.23us	0.9093 : 0.9652 : 0.8858 : 0.9595
83: 95.42% : 40.05% : 8.36us	0.8330 : 0.9952 : 0.9956 : 0.9300
84: 98.16% : 13.62% : 8.37us	0.9468 : 0.9952 : 0.9956 : 0.9754
85: 92.53% : 92.10% : 6.94us	0.9783 : 0.8801 : 0.8786 : 0.9193
86: 99.64% : 9.57% : 9.26us	0.9795 : 1.0000 : 0.9921 : 1.0000
87: 92.14% : 96.62% : 7.09us	0.9896 : 0.8822 : 0.8792 : 0.7334
88: 90.05% : 98.85% : 2.35us	0.5428 : 0.6043 : 0.9511 : 0.9380
89: 99.14% : 11.61% : 8.70us	0.9738 : 0.9976 : 0.9602 : 0.9997
90: 98.11% : 13.90% : 8.35us	0.9468 : 0.9947 : 0.9943 : 0.9754
91: 90.30% : 99.72% : 5.05us	0.8606 : 0.5140 : 0.8637 : 0.5014
92: 98.41% : 16.05% : 9.25us	0.9948 : 0.9995 : 0.8845 : 0.9640
93: 95.67% : 35.79% : 8.04us	0.8340 : 0.9885 : 0.8933 : 0.9450
94: 93.40% : 87.40% : 4.52us	0.8317 : 0.9641 : 0.8984 : 0.8899
95: 93.96% : 61.37% : 5.14us	0.8316 : 0.9766 : 0.8933 : 0.9522
96: 94.53% : 50.36% : 9.28us	0.9862 : 1.0000 : 0.8925 : 0.8773
97: 92.07% : 96.67% : 6.39us	0.8532 : 0.8822 : 0.8792 : 0.7334
98: 93.82% : 83.63% : 5.93us	0.8316 : 0.9985 : 0.8819 : 0.9041
99: 94.72% : 45.61% : 7.71us	0.8321 : 0.9766 : 0.9836 : 0.9148
