Training TryNet13(
  (layers): Sequential(
    (0): Sequential(
      (0): Conv2d(1, 32, kernel_size=(3, 3), stride=(1, 1))
      (1): BatchNorm2d(32, eps=1e-05, momentum=0.1, affine=True, track_running_stats=True)
      (2): ReLU()
    )
    (1): Sequential(
      (0): Conv2d(32, 64, kernel_size=(2, 2), stride=(1, 1))
      (1): BatchNorm2d(64, eps=1e-05, momentum=0.1, affine=True, track_running_stats=True)
      (2): ReLU()
    )
    (2): Sequential(
      (0): Conv2d(64, 128, kernel_size=(2, 2), stride=(1, 1))
      (1): BatchNorm2d(128, eps=1e-05, momentum=0.1, affine=True, track_running_stats=True)
      (2): ReLU()
    )
    (3): Sequential(
      (0): Flatten(start_dim=1, end_dim=-1)
      (1): Linear(in_features=1152, out_features=2, bias=True)
    )
  )
) in cuda
=================================================================
Layer (type:depth-idx)                   Param #
=================================================================
TryNet13                                 --
├─Sequential: 1-1                        --
│    └─Sequential: 2-1                   --
│    │    └─Conv2d: 3-1                  320
│    │    └─BatchNorm2d: 3-2             64
│    │    └─ReLU: 3-3                    --
│    └─Sequential: 2-2                   --
│    │    └─Conv2d: 3-4                  8,256
│    │    └─BatchNorm2d: 3-5             128
│    │    └─ReLU: 3-6                    --
│    └─Sequential: 2-3                   --
│    │    └─Conv2d: 3-7                  32,896
│    │    └─BatchNorm2d: 3-8             256
│    │    └─ReLU: 3-9                    --
│    └─Sequential: 2-4                   --
│    │    └─Flatten: 3-10                --
│    │    └─Linear: 3-11                 2,306
=================================================================
Total params: 44,226
Trainable params: 44,226
Non-trainable params: 0
=================================================================
Epoch:  0 Batch:   1 Loss: 0.7519 Accuracy Train: 59.120%
Epoch:  0 Batch:  11 Loss: 0.3056 Accuracy Train: 80.222%
Epoch:  0 Batch:  21 Loss: 0.2983 Accuracy Train: 84.403%
Epoch:  0 Batch:  31 Loss: 0.2432 Accuracy Train: 86.311%
Epoch:  0 Batch:  41 Loss: 0.2361 Accuracy Train: 87.469%
Epoch:  0 Batch:  51 Loss: 0.2312 Accuracy Train: 88.182%
Epoch:  0 Batch:  61 Loss: 0.2270 Accuracy Train: 88.668%
Epoch:  0 Batch:  71 Loss: 0.2117 Accuracy Train: 89.065%
Epoch:  0 Batch:  81 Loss: 0.2088 Accuracy Train: 89.336%
Epoch:  0 Batch:  91 Loss: 0.2165 Accuracy Train: 89.559%
Epoch:  0 Batch: 101 Loss: 0.2165 Accuracy Train: 89.713%
Epoch:  1 Batch:   1 Loss: 0.2212 Accuracy Train: 91.000%
Epoch:  1 Batch:  11 Loss: 0.2157 Accuracy Train: 91.262%
Epoch:  1 Batch:  21 Loss: 0.2135 Accuracy Train: 91.342%
Epoch:  1 Batch:  31 Loss: 0.2157 Accuracy Train: 91.355%
Epoch:  1 Batch:  41 Loss: 0.2148 Accuracy Train: 91.341%
Epoch:  1 Batch:  51 Loss: 0.2171 Accuracy Train: 91.344%
Epoch:  1 Batch:  61 Loss: 0.2102 Accuracy Train: 91.328%
Epoch:  1 Batch:  71 Loss: 0.2141 Accuracy Train: 91.316%
Epoch:  1 Batch:  81 Loss: 0.2181 Accuracy Train: 91.291%
Epoch:  1 Batch:  91 Loss: 0.2045 Accuracy Train: 91.286%
Epoch:  1 Batch: 101 Loss: 0.2012 Accuracy Train: 91.306%
Epoch:  2 Batch:   1 Loss: 0.2145 Accuracy Train: 91.060%
Epoch:  2 Batch:  11 Loss: 0.1973 Accuracy Train: 91.389%
Epoch:  2 Batch:  21 Loss: 0.2106 Accuracy Train: 91.491%
Epoch:  2 Batch:  31 Loss: 0.2040 Accuracy Train: 91.477%
Epoch:  2 Batch:  41 Loss: 0.1940 Accuracy Train: 91.511%
Epoch:  2 Batch:  51 Loss: 0.2044 Accuracy Train: 91.541%
Epoch:  2 Batch:  61 Loss: 0.2129 Accuracy Train: 91.541%
Epoch:  2 Batch:  71 Loss: 0.2119 Accuracy Train: 91.504%
Epoch:  2 Batch:  81 Loss: 0.1974 Accuracy Train: 91.517%
Epoch:  2 Batch:  91 Loss: 0.2157 Accuracy Train: 91.524%
Epoch:  2 Batch: 101 Loss: 0.2077 Accuracy Train: 91.588%
Epoch:  3 Batch:   1 Loss: 0.2013 Accuracy Train: 92.180%
Epoch:  3 Batch:  11 Loss: 0.2048 Accuracy Train: 91.916%
Epoch:  3 Batch:  21 Loss: 0.1971 Accuracy Train: 91.933%
Epoch:  3 Batch:  31 Loss: 0.1976 Accuracy Train: 91.982%
Epoch:  3 Batch:  41 Loss: 0.1957 Accuracy Train: 91.897%
Epoch:  3 Batch:  51 Loss: 0.2049 Accuracy Train: 91.931%
Epoch:  3 Batch:  61 Loss: 0.2068 Accuracy Train: 91.947%
Epoch:  3 Batch:  71 Loss: 0.1995 Accuracy Train: 91.995%
Epoch:  3 Batch:  81 Loss: 0.1948 Accuracy Train: 92.036%
Epoch:  3 Batch:  91 Loss: 0.2055 Accuracy Train: 92.049%
Epoch:  3 Batch: 101 Loss: 0.2025 Accuracy Train: 92.076%
Epoch:  4 Batch:   1 Loss: 0.1984 Accuracy Train: 92.840%
Epoch:  4 Batch:  11 Loss: 0.2021 Accuracy Train: 92.051%
Epoch:  4 Batch:  21 Loss: 0.2094 Accuracy Train: 92.169%
Epoch:  4 Batch:  31 Loss: 0.1983 Accuracy Train: 92.152%
Epoch:  4 Batch:  41 Loss: 0.1993 Accuracy Train: 92.158%
Epoch:  4 Batch:  51 Loss: 0.2061 Accuracy Train: 92.142%
Epoch:  4 Batch:  61 Loss: 0.2080 Accuracy Train: 92.139%
Epoch:  4 Batch:  71 Loss: 0.2051 Accuracy Train: 92.112%
Epoch:  4 Batch:  81 Loss: 0.1855 Accuracy Train: 92.143%
Epoch:  4 Batch:  91 Loss: 0.1925 Accuracy Train: 92.159%
Epoch:  4 Batch: 101 Loss: 0.2121 Accuracy Train: 92.142%
Epoch:  5 Batch:   1 Loss: 0.2050 Accuracy Train: 91.940%
Epoch:  5 Batch:  11 Loss: 0.2122 Accuracy Train: 91.978%
Epoch:  5 Batch:  21 Loss: 0.2049 Accuracy Train: 92.170%
Epoch:  5 Batch:  31 Loss: 0.1894 Accuracy Train: 92.171%
Epoch:  5 Batch:  41 Loss: 0.1988 Accuracy Train: 92.104%
Epoch:  5 Batch:  51 Loss: 0.2057 Accuracy Train: 92.139%
Epoch:  5 Batch:  61 Loss: 0.1971 Accuracy Train: 92.202%
Epoch:  5 Batch:  71 Loss: 0.1963 Accuracy Train: 92.204%
Epoch:  5 Batch:  81 Loss: 0.1935 Accuracy Train: 92.185%
Epoch:  5 Batch:  91 Loss: 0.1886 Accuracy Train: 92.185%
Epoch:  5 Batch: 101 Loss: 0.1987 Accuracy Train: 92.194%
Epoch:  6 Batch:   1 Loss: 0.1941 Accuracy Train: 92.440%
Epoch:  6 Batch:  11 Loss: 0.1981 Accuracy Train: 92.289%
Epoch:  6 Batch:  21 Loss: 0.2065 Accuracy Train: 92.280%
Epoch:  6 Batch:  31 Loss: 0.2036 Accuracy Train: 92.280%
Epoch:  6 Batch:  41 Loss: 0.2056 Accuracy Train: 92.194%
Epoch:  6 Batch:  51 Loss: 0.2015 Accuracy Train: 92.208%
Epoch:  6 Batch:  61 Loss: 0.1934 Accuracy Train: 92.268%
Epoch:  6 Batch:  71 Loss: 0.1905 Accuracy Train: 92.258%
Epoch:  6 Batch:  81 Loss: 0.2007 Accuracy Train: 92.267%
Epoch:  6 Batch:  91 Loss: 0.2091 Accuracy Train: 92.242%
Epoch:  6 Batch: 101 Loss: 0.1830 Accuracy Train: 92.251%
Epoch:  7 Batch:   1 Loss: 0.1877 Accuracy Train: 92.680%
Epoch:  7 Batch:  11 Loss: 0.1977 Accuracy Train: 92.333%
Epoch:  7 Batch:  21 Loss: 0.1750 Accuracy Train: 92.303%
Epoch:  7 Batch:  31 Loss: 0.2052 Accuracy Train: 92.346%
Epoch:  7 Batch:  41 Loss: 0.1930 Accuracy Train: 92.371%
Epoch:  7 Batch:  51 Loss: 0.1803 Accuracy Train: 92.398%
Epoch:  7 Batch:  61 Loss: 0.1955 Accuracy Train: 92.370%
Epoch:  7 Batch:  71 Loss: 0.1893 Accuracy Train: 92.326%
Epoch:  7 Batch:  81 Loss: 0.1883 Accuracy Train: 92.282%
Epoch:  7 Batch:  91 Loss: 0.1996 Accuracy Train: 92.246%
Epoch:  7 Batch: 101 Loss: 0.1875 Accuracy Train: 92.219%
Epoch:  8 Batch:   1 Loss: 0.1947 Accuracy Train: 92.780%
Epoch:  8 Batch:  11 Loss: 0.1892 Accuracy Train: 92.453%
Epoch:  8 Batch:  21 Loss: 0.2058 Accuracy Train: 92.394%
Epoch:  8 Batch:  31 Loss: 0.2076 Accuracy Train: 92.394%
Epoch:  8 Batch:  41 Loss: 0.1927 Accuracy Train: 92.410%
Epoch:  8 Batch:  51 Loss: 0.1918 Accuracy Train: 92.375%
Epoch:  8 Batch:  61 Loss: 0.1908 Accuracy Train: 92.409%
Epoch:  8 Batch:  71 Loss: 0.1970 Accuracy Train: 92.379%
Epoch:  8 Batch:  81 Loss: 0.1865 Accuracy Train: 92.405%
Epoch:  8 Batch:  91 Loss: 0.1944 Accuracy Train: 92.417%
Epoch:  8 Batch: 101 Loss: 0.1898 Accuracy Train: 92.423%
Epoch:  9 Batch:   1 Loss: 0.2009 Accuracy Train: 93.600%
Epoch:  9 Batch:  11 Loss: 0.1878 Accuracy Train: 92.809%
Epoch:  9 Batch:  21 Loss: 0.1974 Accuracy Train: 92.465%
Epoch:  9 Batch:  31 Loss: 0.1822 Accuracy Train: 92.405%
Epoch:  9 Batch:  41 Loss: 0.1916 Accuracy Train: 92.389%
Epoch:  9 Batch:  51 Loss: 0.1840 Accuracy Train: 92.397%
Epoch:  9 Batch:  61 Loss: 0.1838 Accuracy Train: 92.398%
Epoch:  9 Batch:  71 Loss: 0.1878 Accuracy Train: 92.434%
Epoch:  9 Batch:  81 Loss: 0.1943 Accuracy Train: 92.481%
Epoch:  9 Batch:  91 Loss: 0.2006 Accuracy Train: 92.478%
Epoch:  9 Batch: 101 Loss: 0.1895 Accuracy Train: 92.511%
Epoch: 10 Batch:   1 Loss: 0.1929 Accuracy Train: 92.140%
Epoch: 10 Batch:  11 Loss: 0.1918 Accuracy Train: 92.824%
Epoch: 10 Batch:  21 Loss: 0.1877 Accuracy Train: 92.560%
Epoch: 10 Batch:  31 Loss: 0.1811 Accuracy Train: 92.645%
Epoch: 10 Batch:  41 Loss: 0.1898 Accuracy Train: 92.663%
Epoch: 10 Batch:  51 Loss: 0.1819 Accuracy Train: 92.677%
Epoch: 10 Batch:  61 Loss: 0.1949 Accuracy Train: 92.749%
Epoch: 10 Batch:  71 Loss: 0.1708 Accuracy Train: 92.783%
Epoch: 10 Batch:  81 Loss: 0.1858 Accuracy Train: 92.802%
Epoch: 10 Batch:  91 Loss: 0.1788 Accuracy Train: 92.857%
Epoch: 10 Batch: 101 Loss: 0.1738 Accuracy Train: 92.861%
Epoch: 11 Batch:   1 Loss: 0.1801 Accuracy Train: 92.940%
Epoch: 11 Batch:  11 Loss: 0.1939 Accuracy Train: 92.904%
Epoch: 11 Batch:  21 Loss: 0.1786 Accuracy Train: 93.056%
Epoch: 11 Batch:  31 Loss: 0.1779 Accuracy Train: 93.090%
Epoch: 11 Batch:  41 Loss: 0.1790 Accuracy Train: 93.075%
Epoch: 11 Batch:  51 Loss: 0.1879 Accuracy Train: 93.099%
Epoch: 11 Batch:  61 Loss: 0.1724 Accuracy Train: 93.120%
Epoch: 11 Batch:  71 Loss: 0.1861 Accuracy Train: 93.112%
Epoch: 11 Batch:  81 Loss: 0.1735 Accuracy Train: 93.097%
Epoch: 11 Batch:  91 Loss: 0.1868 Accuracy Train: 93.078%
Epoch: 11 Batch: 101 Loss: 0.1653 Accuracy Train: 93.091%
Epoch: 12 Batch:   1 Loss: 0.1804 Accuracy Train: 93.480%
Epoch: 12 Batch:  11 Loss: 0.1731 Accuracy Train: 93.535%
Epoch: 12 Batch:  21 Loss: 0.1750 Accuracy Train: 93.384%
Epoch: 12 Batch:  31 Loss: 0.1822 Accuracy Train: 93.314%
Epoch: 12 Batch:  41 Loss: 0.1766 Accuracy Train: 93.221%
Epoch: 12 Batch:  51 Loss: 0.1821 Accuracy Train: 93.180%
Epoch: 12 Batch:  61 Loss: 0.1815 Accuracy Train: 93.206%
Epoch: 12 Batch:  71 Loss: 0.1693 Accuracy Train: 93.168%
Epoch: 12 Batch:  81 Loss: 0.1693 Accuracy Train: 93.184%
Epoch: 12 Batch:  91 Loss: 0.1752 Accuracy Train: 93.162%
Epoch: 12 Batch: 101 Loss: 0.1917 Accuracy Train: 93.161%
Epoch: 13 Batch:   1 Loss: 0.1711 Accuracy Train: 92.980%
Epoch: 13 Batch:  11 Loss: 0.1750 Accuracy Train: 93.440%
Epoch: 13 Batch:  21 Loss: 0.1748 Accuracy Train: 93.316%
Epoch: 13 Batch:  31 Loss: 0.1751 Accuracy Train: 93.366%
Epoch: 13 Batch:  41 Loss: 0.1785 Accuracy Train: 93.332%
Epoch: 13 Batch:  51 Loss: 0.1763 Accuracy Train: 93.365%
Epoch: 13 Batch:  61 Loss: 0.1679 Accuracy Train: 93.349%
Epoch: 13 Batch:  71 Loss: 0.1783 Accuracy Train: 93.361%
Epoch: 13 Batch:  81 Loss: 0.1767 Accuracy Train: 93.376%
Epoch: 13 Batch:  91 Loss: 0.1587 Accuracy Train: 93.377%
Epoch: 13 Batch: 101 Loss: 0.1783 Accuracy Train: 93.371%
Epoch: 14 Batch:   1 Loss: 0.1763 Accuracy Train: 93.420%
Epoch: 14 Batch:  11 Loss: 0.1753 Accuracy Train: 93.531%
Epoch: 14 Batch:  21 Loss: 0.1771 Accuracy Train: 93.435%
Epoch: 14 Batch:  31 Loss: 0.1690 Accuracy Train: 93.432%
Epoch: 14 Batch:  41 Loss: 0.1787 Accuracy Train: 93.374%
Epoch: 14 Batch:  51 Loss: 0.1705 Accuracy Train: 93.409%
Epoch: 14 Batch:  61 Loss: 0.1686 Accuracy Train: 93.412%
Epoch: 14 Batch:  71 Loss: 0.1750 Accuracy Train: 93.400%
Epoch: 14 Batch:  81 Loss: 0.1807 Accuracy Train: 93.409%
Epoch: 14 Batch:  91 Loss: 0.1708 Accuracy Train: 93.416%
Epoch: 14 Batch: 101 Loss: 0.1745 Accuracy Train: 93.401%
Epoch: 15 Batch:   1 Loss: 0.1873 Accuracy Train: 92.620%
Epoch: 15 Batch:  11 Loss: 0.1695 Accuracy Train: 93.475%
Epoch: 15 Batch:  21 Loss: 0.1751 Accuracy Train: 93.468%
Epoch: 15 Batch:  31 Loss: 0.1708 Accuracy Train: 93.401%
Epoch: 15 Batch:  41 Loss: 0.1716 Accuracy Train: 93.372%
Epoch: 15 Batch:  51 Loss: 0.1740 Accuracy Train: 93.355%
Epoch: 15 Batch:  61 Loss: 0.1783 Accuracy Train: 93.347%
Epoch: 15 Batch:  71 Loss: 0.1787 Accuracy Train: 93.345%
Epoch: 15 Batch:  81 Loss: 0.1673 Accuracy Train: 93.380%
Epoch: 15 Batch:  91 Loss: 0.1746 Accuracy Train: 93.375%
Epoch: 15 Batch: 101 Loss: 0.1674 Accuracy Train: 93.379%
Epoch: 16 Batch:   1 Loss: 0.1688 Accuracy Train: 93.540%
Epoch: 16 Batch:  11 Loss: 0.1709 Accuracy Train: 93.393%
Epoch: 16 Batch:  21 Loss: 0.1798 Accuracy Train: 93.381%
Epoch: 16 Batch:  31 Loss: 0.1723 Accuracy Train: 93.393%
Epoch: 16 Batch:  41 Loss: 0.1771 Accuracy Train: 93.428%
Epoch: 16 Batch:  51 Loss: 0.1711 Accuracy Train: 93.415%
Epoch: 16 Batch:  61 Loss: 0.1759 Accuracy Train: 93.391%
Epoch: 16 Batch:  71 Loss: 0.1736 Accuracy Train: 93.381%
Epoch: 16 Batch:  81 Loss: 0.1673 Accuracy Train: 93.372%
Epoch: 16 Batch:  91 Loss: 0.1685 Accuracy Train: 93.375%
Epoch: 16 Batch: 101 Loss: 0.1625 Accuracy Train: 93.391%
Epoch: 17 Batch:   1 Loss: 0.1662 Accuracy Train: 92.720%
Epoch: 17 Batch:  11 Loss: 0.1706 Accuracy Train: 93.253%
Epoch: 17 Batch:  21 Loss: 0.1664 Accuracy Train: 93.373%
Epoch: 17 Batch:  31 Loss: 0.1635 Accuracy Train: 93.391%
Epoch: 17 Batch:  41 Loss: 0.1703 Accuracy Train: 93.410%
Epoch: 17 Batch:  51 Loss: 0.1737 Accuracy Train: 93.388%
Epoch: 17 Batch:  61 Loss: 0.1642 Accuracy Train: 93.383%
Epoch: 17 Batch:  71 Loss: 0.1730 Accuracy Train: 93.410%
Epoch: 17 Batch:  81 Loss: 0.1681 Accuracy Train: 93.399%
Epoch: 17 Batch:  91 Loss: 0.1672 Accuracy Train: 93.406%
Epoch: 17 Batch: 101 Loss: 0.1642 Accuracy Train: 93.405%
Epoch: 18 Batch:   1 Loss: 0.1696 Accuracy Train: 93.880%
Epoch: 18 Batch:  11 Loss: 0.1806 Accuracy Train: 93.418%
Epoch: 18 Batch:  21 Loss: 0.1834 Accuracy Train: 93.426%
Epoch: 18 Batch:  31 Loss: 0.1830 Accuracy Train: 93.399%
Epoch: 18 Batch:  41 Loss: 0.1782 Accuracy Train: 93.410%
Epoch: 18 Batch:  51 Loss: 0.1701 Accuracy Train: 93.433%
Epoch: 18 Batch:  61 Loss: 0.1732 Accuracy Train: 93.432%
Epoch: 18 Batch:  71 Loss: 0.1670 Accuracy Train: 93.426%
Epoch: 18 Batch:  81 Loss: 0.1690 Accuracy Train: 93.422%
Epoch: 18 Batch:  91 Loss: 0.1719 Accuracy Train: 93.424%
Epoch: 18 Batch: 101 Loss: 0.1755 Accuracy Train: 93.414%
Epoch: 19 Batch:   1 Loss: 0.1682 Accuracy Train: 93.260%
Epoch: 19 Batch:  11 Loss: 0.1681 Accuracy Train: 93.282%
Epoch: 19 Batch:  21 Loss: 0.1791 Accuracy Train: 93.170%
Epoch: 19 Batch:  31 Loss: 0.1724 Accuracy Train: 93.210%
Epoch: 19 Batch:  41 Loss: 0.1665 Accuracy Train: 93.238%
Epoch: 19 Batch:  51 Loss: 0.1651 Accuracy Train: 93.305%
Epoch: 19 Batch:  61 Loss: 0.1724 Accuracy Train: 93.333%
Epoch: 19 Batch:  71 Loss: 0.1594 Accuracy Train: 93.397%
Epoch: 19 Batch:  81 Loss: 0.1749 Accuracy Train: 93.415%
Epoch: 19 Batch:  91 Loss: 0.1734 Accuracy Train: 93.427%
Epoch: 19 Batch: 101 Loss: 0.1740 Accuracy Train: 93.454%

Duration: 98 seconds
