Training TryNet12(
  (layers): Sequential(
    (0): Sequential(
      (0): Conv2d(1, 32, kernel_size=(3, 3), stride=(1, 1))
      (1): BatchNorm2d(32, eps=1e-05, momentum=0.1, affine=True, track_running_stats=True)
      (2): ReLU()
    )
    (1): Sequential(
      (0): Conv2d(32, 64, kernel_size=(2, 2), stride=(1, 1))
      (1): BatchNorm2d(64, eps=1e-05, momentum=0.1, affine=True, track_running_stats=True)
      (2): ReLU()
    )
    (2): Sequential(
      (0): Flatten(start_dim=1, end_dim=-1)
      (1): Linear(in_features=1024, out_features=2, bias=True)
    )
  )
) in cuda
=================================================================
Layer (type:depth-idx)                   Param #
=================================================================
TryNet12                                 --
├─Sequential: 1-1                        --
│    └─Sequential: 2-1                   --
│    │    └─Conv2d: 3-1                  320
│    │    └─BatchNorm2d: 3-2             64
│    │    └─ReLU: 3-3                    --
│    └─Sequential: 2-2                   --
│    │    └─Conv2d: 3-4                  8,256
│    │    └─BatchNorm2d: 3-5             128
│    │    └─ReLU: 3-6                    --
│    └─Sequential: 2-3                   --
│    │    └─Flatten: 3-7                 --
│    │    └─Linear: 3-8                  2,050
=================================================================
Total params: 10,818
Trainable params: 10,818
Non-trainable params: 0
=================================================================
Epoch:  0 Batch:   1 Loss: 0.7811 Accuracy Train: 36.340%
Epoch:  0 Batch:  11 Loss: 0.2653 Accuracy Train: 81.445%
Epoch:  0 Batch:  21 Loss: 0.2484 Accuracy Train: 85.282%
Epoch:  0 Batch:  31 Loss: 0.2407 Accuracy Train: 87.125%
Epoch:  0 Batch:  41 Loss: 0.2306 Accuracy Train: 88.139%
Epoch:  0 Batch:  51 Loss: 0.2256 Accuracy Train: 88.734%
Epoch:  0 Batch:  61 Loss: 0.2165 Accuracy Train: 89.131%
Epoch:  0 Batch:  71 Loss: 0.2147 Accuracy Train: 89.457%
Epoch:  0 Batch:  81 Loss: 0.2202 Accuracy Train: 89.714%
Epoch:  0 Batch:  91 Loss: 0.2136 Accuracy Train: 89.856%
Epoch:  0 Batch: 101 Loss: 0.2201 Accuracy Train: 89.971%
Epoch:  1 Batch:   1 Loss: 0.2129 Accuracy Train: 91.580%
Epoch:  1 Batch:  11 Loss: 0.1980 Accuracy Train: 91.384%
Epoch:  1 Batch:  21 Loss: 0.2201 Accuracy Train: 91.280%
Epoch:  1 Batch:  31 Loss: 0.2070 Accuracy Train: 91.341%
Epoch:  1 Batch:  41 Loss: 0.1995 Accuracy Train: 91.344%
Epoch:  1 Batch:  51 Loss: 0.2063 Accuracy Train: 91.340%
Epoch:  1 Batch:  61 Loss: 0.1906 Accuracy Train: 91.384%
Epoch:  1 Batch:  71 Loss: 0.1981 Accuracy Train: 91.371%
Epoch:  1 Batch:  81 Loss: 0.2200 Accuracy Train: 91.375%
Epoch:  1 Batch:  91 Loss: 0.2081 Accuracy Train: 91.382%
Epoch:  1 Batch: 101 Loss: 0.2043 Accuracy Train: 91.420%
Epoch:  2 Batch:   1 Loss: 0.2044 Accuracy Train: 91.560%
Epoch:  2 Batch:  11 Loss: 0.2059 Accuracy Train: 91.887%
Epoch:  2 Batch:  21 Loss: 0.2142 Accuracy Train: 91.829%
Epoch:  2 Batch:  31 Loss: 0.2009 Accuracy Train: 91.936%
Epoch:  2 Batch:  41 Loss: 0.2031 Accuracy Train: 91.974%
Epoch:  2 Batch:  51 Loss: 0.2137 Accuracy Train: 91.950%
Epoch:  2 Batch:  61 Loss: 0.2121 Accuracy Train: 91.963%
Epoch:  2 Batch:  71 Loss: 0.2058 Accuracy Train: 91.985%
Epoch:  2 Batch:  81 Loss: 0.1976 Accuracy Train: 92.000%
Epoch:  2 Batch:  91 Loss: 0.1949 Accuracy Train: 92.042%
Epoch:  2 Batch: 101 Loss: 0.2021 Accuracy Train: 92.072%
Epoch:  3 Batch:   1 Loss: 0.2059 Accuracy Train: 91.580%
Epoch:  3 Batch:  11 Loss: 0.2090 Accuracy Train: 91.873%
Epoch:  3 Batch:  21 Loss: 0.2022 Accuracy Train: 91.844%
Epoch:  3 Batch:  31 Loss: 0.2087 Accuracy Train: 92.003%
Epoch:  3 Batch:  41 Loss: 0.1959 Accuracy Train: 92.099%
Epoch:  3 Batch:  51 Loss: 0.2045 Accuracy Train: 92.087%
Epoch:  3 Batch:  61 Loss: 0.1911 Accuracy Train: 92.078%
Epoch:  3 Batch:  71 Loss: 0.1843 Accuracy Train: 92.132%
Epoch:  3 Batch:  81 Loss: 0.1990 Accuracy Train: 92.166%
Epoch:  3 Batch:  91 Loss: 0.1875 Accuracy Train: 92.181%
Epoch:  3 Batch: 101 Loss: 0.2126 Accuracy Train: 92.201%
Epoch:  4 Batch:   1 Loss: 0.2032 Accuracy Train: 92.280%
Epoch:  4 Batch:  11 Loss: 0.2055 Accuracy Train: 91.962%
Epoch:  4 Batch:  21 Loss: 0.1770 Accuracy Train: 92.178%
Epoch:  4 Batch:  31 Loss: 0.1892 Accuracy Train: 92.338%
Epoch:  4 Batch:  41 Loss: 0.1919 Accuracy Train: 92.317%
Epoch:  4 Batch:  51 Loss: 0.2032 Accuracy Train: 92.321%
Epoch:  4 Batch:  61 Loss: 0.1845 Accuracy Train: 92.358%
Epoch:  4 Batch:  71 Loss: 0.1995 Accuracy Train: 92.326%
Epoch:  4 Batch:  81 Loss: 0.2011 Accuracy Train: 92.326%
Epoch:  4 Batch:  91 Loss: 0.1882 Accuracy Train: 92.324%
Epoch:  4 Batch: 101 Loss: 0.1856 Accuracy Train: 92.372%
Epoch:  5 Batch:   1 Loss: 0.1872 Accuracy Train: 92.780%
Epoch:  5 Batch:  11 Loss: 0.1841 Accuracy Train: 92.295%
Epoch:  5 Batch:  21 Loss: 0.1948 Accuracy Train: 92.400%
Epoch:  5 Batch:  31 Loss: 0.2140 Accuracy Train: 92.378%
Epoch:  5 Batch:  41 Loss: 0.1971 Accuracy Train: 92.380%
Epoch:  5 Batch:  51 Loss: 0.1843 Accuracy Train: 92.423%
Epoch:  5 Batch:  61 Loss: 0.1772 Accuracy Train: 92.435%
Epoch:  5 Batch:  71 Loss: 0.1813 Accuracy Train: 92.465%
Epoch:  5 Batch:  81 Loss: 0.1770 Accuracy Train: 92.542%
Epoch:  5 Batch:  91 Loss: 0.1866 Accuracy Train: 92.541%
Epoch:  5 Batch: 101 Loss: 0.1833 Accuracy Train: 92.569%
Epoch:  6 Batch:   1 Loss: 0.1960 Accuracy Train: 92.900%
Epoch:  6 Batch:  11 Loss: 0.1898 Accuracy Train: 92.765%
Epoch:  6 Batch:  21 Loss: 0.1773 Accuracy Train: 92.831%
Epoch:  6 Batch:  31 Loss: 0.1789 Accuracy Train: 92.914%
Epoch:  6 Batch:  41 Loss: 0.1864 Accuracy Train: 92.928%
Epoch:  6 Batch:  51 Loss: 0.1847 Accuracy Train: 92.996%
Epoch:  6 Batch:  61 Loss: 0.1865 Accuracy Train: 92.936%
Epoch:  6 Batch:  71 Loss: 0.1795 Accuracy Train: 92.913%
Epoch:  6 Batch:  81 Loss: 0.1829 Accuracy Train: 92.860%
Epoch:  6 Batch:  91 Loss: 0.1768 Accuracy Train: 92.845%
Epoch:  6 Batch: 101 Loss: 0.1658 Accuracy Train: 92.822%
Epoch:  7 Batch:   1 Loss: 0.1870 Accuracy Train: 92.840%
Epoch:  7 Batch:  11 Loss: 0.1908 Accuracy Train: 93.173%
Epoch:  7 Batch:  21 Loss: 0.1774 Accuracy Train: 93.123%
Epoch:  7 Batch:  31 Loss: 0.1939 Accuracy Train: 93.186%
Epoch:  7 Batch:  41 Loss: 0.1870 Accuracy Train: 93.097%
Epoch:  7 Batch:  51 Loss: 0.1792 Accuracy Train: 93.036%
Epoch:  7 Batch:  61 Loss: 0.1933 Accuracy Train: 93.027%
Epoch:  7 Batch:  71 Loss: 0.1937 Accuracy Train: 93.074%
Epoch:  7 Batch:  81 Loss: 0.2057 Accuracy Train: 93.089%
Epoch:  7 Batch:  91 Loss: 0.1779 Accuracy Train: 93.102%
Epoch:  7 Batch: 101 Loss: 0.1837 Accuracy Train: 93.110%
Epoch:  8 Batch:   1 Loss: 0.1780 Accuracy Train: 93.860%
Epoch:  8 Batch:  11 Loss: 0.1817 Accuracy Train: 93.187%
Epoch:  8 Batch:  21 Loss: 0.1755 Accuracy Train: 93.273%
Epoch:  8 Batch:  31 Loss: 0.1943 Accuracy Train: 93.277%
Epoch:  8 Batch:  41 Loss: 0.1679 Accuracy Train: 93.322%
Epoch:  8 Batch:  51 Loss: 0.1839 Accuracy Train: 93.322%
Epoch:  8 Batch:  61 Loss: 0.1858 Accuracy Train: 93.284%
Epoch:  8 Batch:  71 Loss: 0.1668 Accuracy Train: 93.310%
Epoch:  8 Batch:  81 Loss: 0.1858 Accuracy Train: 93.330%
Epoch:  8 Batch:  91 Loss: 0.1858 Accuracy Train: 93.338%
Epoch:  8 Batch: 101 Loss: 0.1717 Accuracy Train: 93.353%
Epoch:  9 Batch:   1 Loss: 0.1727 Accuracy Train: 93.320%
Epoch:  9 Batch:  11 Loss: 0.1767 Accuracy Train: 93.442%
Epoch:  9 Batch:  21 Loss: 0.1864 Accuracy Train: 93.217%
Epoch:  9 Batch:  31 Loss: 0.1726 Accuracy Train: 93.227%
Epoch:  9 Batch:  41 Loss: 0.1804 Accuracy Train: 93.240%
Epoch:  9 Batch:  51 Loss: 0.1764 Accuracy Train: 93.203%
Epoch:  9 Batch:  61 Loss: 0.1779 Accuracy Train: 93.249%
Epoch:  9 Batch:  71 Loss: 0.1718 Accuracy Train: 93.284%
Epoch:  9 Batch:  81 Loss: 0.1850 Accuracy Train: 93.296%
Epoch:  9 Batch:  91 Loss: 0.1807 Accuracy Train: 93.280%
Epoch:  9 Batch: 101 Loss: 0.1863 Accuracy Train: 93.300%
Epoch: 10 Batch:   1 Loss: 0.1782 Accuracy Train: 93.760%
Epoch: 10 Batch:  11 Loss: 0.1721 Accuracy Train: 93.551%
Epoch: 10 Batch:  21 Loss: 0.1728 Accuracy Train: 93.545%
Epoch: 10 Batch:  31 Loss: 0.1876 Accuracy Train: 93.430%
Epoch: 10 Batch:  41 Loss: 0.1877 Accuracy Train: 93.369%
Epoch: 10 Batch:  51 Loss: 0.1704 Accuracy Train: 93.312%
Epoch: 10 Batch:  61 Loss: 0.1751 Accuracy Train: 93.320%
Epoch: 10 Batch:  71 Loss: 0.1702 Accuracy Train: 93.311%
Epoch: 10 Batch:  81 Loss: 0.1712 Accuracy Train: 93.286%
Epoch: 10 Batch:  91 Loss: 0.1759 Accuracy Train: 93.324%
Epoch: 10 Batch: 101 Loss: 0.1651 Accuracy Train: 93.326%
Epoch: 11 Batch:   1 Loss: 0.1689 Accuracy Train: 93.620%
Epoch: 11 Batch:  11 Loss: 0.1804 Accuracy Train: 93.273%
Epoch: 11 Batch:  21 Loss: 0.1612 Accuracy Train: 93.467%
Epoch: 11 Batch:  31 Loss: 0.1797 Accuracy Train: 93.455%
Epoch: 11 Batch:  41 Loss: 0.1729 Accuracy Train: 93.353%
Epoch: 11 Batch:  51 Loss: 0.1735 Accuracy Train: 93.370%
Epoch: 11 Batch:  61 Loss: 0.1805 Accuracy Train: 93.398%
Epoch: 11 Batch:  71 Loss: 0.1789 Accuracy Train: 93.409%
Epoch: 11 Batch:  81 Loss: 0.1701 Accuracy Train: 93.420%
Epoch: 11 Batch:  91 Loss: 0.1749 Accuracy Train: 93.402%
Epoch: 11 Batch: 101 Loss: 0.1750 Accuracy Train: 93.401%
Epoch: 12 Batch:   1 Loss: 0.1762 Accuracy Train: 93.460%
Epoch: 12 Batch:  11 Loss: 0.1795 Accuracy Train: 93.427%
Epoch: 12 Batch:  21 Loss: 0.1673 Accuracy Train: 93.460%
Epoch: 12 Batch:  31 Loss: 0.1787 Accuracy Train: 93.467%
Epoch: 12 Batch:  41 Loss: 0.1700 Accuracy Train: 93.468%
Epoch: 12 Batch:  51 Loss: 0.1783 Accuracy Train: 93.425%
Epoch: 12 Batch:  61 Loss: 0.1696 Accuracy Train: 93.390%
Epoch: 12 Batch:  71 Loss: 0.1683 Accuracy Train: 93.415%
Epoch: 12 Batch:  81 Loss: 0.1674 Accuracy Train: 93.426%
Epoch: 12 Batch:  91 Loss: 0.1714 Accuracy Train: 93.426%
Epoch: 12 Batch: 101 Loss: 0.1768 Accuracy Train: 93.432%
Epoch: 13 Batch:   1 Loss: 0.1774 Accuracy Train: 92.960%
Epoch: 13 Batch:  11 Loss: 0.1852 Accuracy Train: 93.233%
Epoch: 13 Batch:  21 Loss: 0.1631 Accuracy Train: 93.311%
Epoch: 13 Batch:  31 Loss: 0.1783 Accuracy Train: 93.387%
Epoch: 13 Batch:  41 Loss: 0.1709 Accuracy Train: 93.436%
Epoch: 13 Batch:  51 Loss: 0.1809 Accuracy Train: 93.434%
Epoch: 13 Batch:  61 Loss: 0.1782 Accuracy Train: 93.474%
Epoch: 13 Batch:  71 Loss: 0.1754 Accuracy Train: 93.481%
Epoch: 13 Batch:  81 Loss: 0.1772 Accuracy Train: 93.459%
Epoch: 13 Batch:  91 Loss: 0.1754 Accuracy Train: 93.443%
Epoch: 13 Batch: 101 Loss: 0.1864 Accuracy Train: 93.448%
Epoch: 14 Batch:   1 Loss: 0.1693 Accuracy Train: 93.520%
Epoch: 14 Batch:  11 Loss: 0.1782 Accuracy Train: 93.505%
Epoch: 14 Batch:  21 Loss: 0.1733 Accuracy Train: 93.540%
Epoch: 14 Batch:  31 Loss: 0.1796 Accuracy Train: 93.532%
Epoch: 14 Batch:  41 Loss: 0.1841 Accuracy Train: 93.406%
Epoch: 14 Batch:  51 Loss: 0.1762 Accuracy Train: 93.395%
Epoch: 14 Batch:  61 Loss: 0.1640 Accuracy Train: 93.442%
Epoch: 14 Batch:  71 Loss: 0.1767 Accuracy Train: 93.448%
Epoch: 14 Batch:  81 Loss: 0.1693 Accuracy Train: 93.465%
Epoch: 14 Batch:  91 Loss: 0.1600 Accuracy Train: 93.482%
Epoch: 14 Batch: 101 Loss: 0.1829 Accuracy Train: 93.466%
Epoch: 15 Batch:   1 Loss: 0.1779 Accuracy Train: 93.400%
Epoch: 15 Batch:  11 Loss: 0.1710 Accuracy Train: 93.445%
Epoch: 15 Batch:  21 Loss: 0.1829 Accuracy Train: 93.478%
Epoch: 15 Batch:  31 Loss: 0.1743 Accuracy Train: 93.476%
Epoch: 15 Batch:  41 Loss: 0.1710 Accuracy Train: 93.456%
Epoch: 15 Batch:  51 Loss: 0.1821 Accuracy Train: 93.470%
Epoch: 15 Batch:  61 Loss: 0.1721 Accuracy Train: 93.477%
Epoch: 15 Batch:  71 Loss: 0.1700 Accuracy Train: 93.493%
Epoch: 15 Batch:  81 Loss: 0.1700 Accuracy Train: 93.479%
Epoch: 15 Batch:  91 Loss: 0.1829 Accuracy Train: 93.475%
Epoch: 15 Batch: 101 Loss: 0.1716 Accuracy Train: 93.489%
Epoch: 16 Batch:   1 Loss: 0.1773 Accuracy Train: 93.740%
Epoch: 16 Batch:  11 Loss: 0.1755 Accuracy Train: 93.636%
Epoch: 16 Batch:  21 Loss: 0.1769 Accuracy Train: 93.426%
Epoch: 16 Batch:  31 Loss: 0.1714 Accuracy Train: 93.475%
Epoch: 16 Batch:  41 Loss: 0.1727 Accuracy Train: 93.487%
Epoch: 16 Batch:  51 Loss: 0.1837 Accuracy Train: 93.413%
Epoch: 16 Batch:  61 Loss: 0.1767 Accuracy Train: 93.398%
Epoch: 16 Batch:  71 Loss: 0.1734 Accuracy Train: 93.394%
Epoch: 16 Batch:  81 Loss: 0.1721 Accuracy Train: 93.417%
Epoch: 16 Batch:  91 Loss: 0.1634 Accuracy Train: 93.429%
Epoch: 16 Batch: 101 Loss: 0.1782 Accuracy Train: 93.432%
Epoch: 17 Batch:   1 Loss: 0.1655 Accuracy Train: 94.180%
Epoch: 17 Batch:  11 Loss: 0.1654 Accuracy Train: 93.647%
Epoch: 17 Batch:  21 Loss: 0.1634 Accuracy Train: 93.616%
Epoch: 17 Batch:  31 Loss: 0.1774 Accuracy Train: 93.552%
Epoch: 17 Batch:  41 Loss: 0.1624 Accuracy Train: 93.573%
Epoch: 17 Batch:  51 Loss: 0.1718 Accuracy Train: 93.557%
Epoch: 17 Batch:  61 Loss: 0.1701 Accuracy Train: 93.537%
Epoch: 17 Batch:  71 Loss: 0.1646 Accuracy Train: 93.543%
Epoch: 17 Batch:  81 Loss: 0.1682 Accuracy Train: 93.527%
Epoch: 17 Batch:  91 Loss: 0.1862 Accuracy Train: 93.526%
Epoch: 17 Batch: 101 Loss: 0.1822 Accuracy Train: 93.504%
Epoch: 18 Batch:   1 Loss: 0.1747 Accuracy Train: 92.940%
Epoch: 18 Batch:  11 Loss: 0.1700 Accuracy Train: 93.515%
Epoch: 18 Batch:  21 Loss: 0.1799 Accuracy Train: 93.591%
Epoch: 18 Batch:  31 Loss: 0.1682 Accuracy Train: 93.567%
Epoch: 18 Batch:  41 Loss: 0.1846 Accuracy Train: 93.482%
Epoch: 18 Batch:  51 Loss: 0.1724 Accuracy Train: 93.480%
Epoch: 18 Batch:  61 Loss: 0.1844 Accuracy Train: 93.447%
Epoch: 18 Batch:  71 Loss: 0.1753 Accuracy Train: 93.452%
Epoch: 18 Batch:  81 Loss: 0.1599 Accuracy Train: 93.453%
Epoch: 18 Batch:  91 Loss: 0.1763 Accuracy Train: 93.469%
Epoch: 18 Batch: 101 Loss: 0.1705 Accuracy Train: 93.492%
Epoch: 19 Batch:   1 Loss: 0.1735 Accuracy Train: 93.340%
Epoch: 19 Batch:  11 Loss: 0.1760 Accuracy Train: 93.456%
Epoch: 19 Batch:  21 Loss: 0.1715 Accuracy Train: 93.433%
Epoch: 19 Batch:  31 Loss: 0.1675 Accuracy Train: 93.514%
Epoch: 19 Batch:  41 Loss: 0.1751 Accuracy Train: 93.459%
Epoch: 19 Batch:  51 Loss: 0.1753 Accuracy Train: 93.431%
Epoch: 19 Batch:  61 Loss: 0.1682 Accuracy Train: 93.450%
Epoch: 19 Batch:  71 Loss: 0.1724 Accuracy Train: 93.423%
Epoch: 19 Batch:  81 Loss: 0.1632 Accuracy Train: 93.448%
Epoch: 19 Batch:  91 Loss: 0.1565 Accuracy Train: 93.458%
Epoch: 19 Batch: 101 Loss: 0.1673 Accuracy Train: 93.465%

Duration: 93 seconds
