Training TryNet14(
  (layers): Sequential(
    (0): Sequential(
      (0): Flatten(start_dim=1, end_dim=-1)
      (1): ReLU()
      (2): Linear(in_features=49, out_features=2, bias=True)
    )
  )
) in cuda
=================================================================
Layer (type:depth-idx)                   Param #
=================================================================
TryNet14                                 --
├─Sequential: 1-1                        --
│    └─Sequential: 2-1                   --
│    │    └─Flatten: 3-1                 --
│    │    └─ReLU: 3-2                    --
│    │    └─Linear: 3-3                  100
=================================================================
Total params: 100
Trainable params: 100
Non-trainable params: 0
=================================================================
Epoch:  0 Batch:   1 Loss: 0.6698 Accuracy Train: 54.980%
Epoch:  0 Batch:  11 Loss: 0.5095 Accuracy Train: 78.298%
Epoch:  0 Batch:  21 Loss: 0.4178 Accuracy Train: 81.743%
Epoch:  0 Batch:  31 Loss: 0.3686 Accuracy Train: 83.012%
Epoch:  0 Batch:  41 Loss: 0.3333 Accuracy Train: 83.644%
Epoch:  0 Batch:  51 Loss: 0.3086 Accuracy Train: 84.148%
Epoch:  0 Batch:  61 Loss: 0.2997 Accuracy Train: 84.427%
Epoch:  0 Batch:  71 Loss: 0.2993 Accuracy Train: 84.659%
Epoch:  0 Batch:  81 Loss: 0.3054 Accuracy Train: 84.963%
Epoch:  0 Batch:  91 Loss: 0.3010 Accuracy Train: 85.187%
Epoch:  0 Batch: 101 Loss: 0.2913 Accuracy Train: 85.405%
Epoch:  1 Batch:   1 Loss: 0.2828 Accuracy Train: 88.380%
Epoch:  1 Batch:  11 Loss: 0.2796 Accuracy Train: 87.920%
Epoch:  1 Batch:  21 Loss: 0.2554 Accuracy Train: 87.893%
Epoch:  1 Batch:  31 Loss: 0.2735 Accuracy Train: 87.980%
Epoch:  1 Batch:  41 Loss: 0.2680 Accuracy Train: 88.030%
Epoch:  1 Batch:  51 Loss: 0.2624 Accuracy Train: 88.164%
Epoch:  1 Batch:  61 Loss: 0.2554 Accuracy Train: 88.389%
Epoch:  1 Batch:  71 Loss: 0.2762 Accuracy Train: 88.719%
Epoch:  1 Batch:  81 Loss: 0.2655 Accuracy Train: 88.980%
Epoch:  1 Batch:  91 Loss: 0.2755 Accuracy Train: 89.166%
Epoch:  1 Batch: 101 Loss: 0.2507 Accuracy Train: 89.356%
Epoch:  2 Batch:   1 Loss: 0.2740 Accuracy Train: 91.200%
Epoch:  2 Batch:  11 Loss: 0.2717 Accuracy Train: 91.324%
Epoch:  2 Batch:  21 Loss: 0.2552 Accuracy Train: 91.363%
Epoch:  2 Batch:  31 Loss: 0.2666 Accuracy Train: 91.415%
Epoch:  2 Batch:  41 Loss: 0.2605 Accuracy Train: 91.380%
Epoch:  2 Batch:  51 Loss: 0.2521 Accuracy Train: 91.343%
Epoch:  2 Batch:  61 Loss: 0.2490 Accuracy Train: 91.262%
Epoch:  2 Batch:  71 Loss: 0.2529 Accuracy Train: 91.189%
Epoch:  2 Batch:  81 Loss: 0.2486 Accuracy Train: 91.164%
Epoch:  2 Batch:  91 Loss: 0.2562 Accuracy Train: 91.111%
Epoch:  2 Batch: 101 Loss: 0.2527 Accuracy Train: 91.057%
Epoch:  3 Batch:   1 Loss: 0.2578 Accuracy Train: 90.300%
Epoch:  3 Batch:  11 Loss: 0.2384 Accuracy Train: 90.385%
Epoch:  3 Batch:  21 Loss: 0.2638 Accuracy Train: 90.620%
Epoch:  3 Batch:  31 Loss: 0.2474 Accuracy Train: 90.662%
Epoch:  3 Batch:  41 Loss: 0.2606 Accuracy Train: 90.621%
Epoch:  3 Batch:  51 Loss: 0.2403 Accuracy Train: 90.599%
Epoch:  3 Batch:  61 Loss: 0.2416 Accuracy Train: 90.635%
Epoch:  3 Batch:  71 Loss: 0.2638 Accuracy Train: 90.594%
Epoch:  3 Batch:  81 Loss: 0.2426 Accuracy Train: 90.613%
Epoch:  3 Batch:  91 Loss: 0.2479 Accuracy Train: 90.649%
Epoch:  3 Batch: 101 Loss: 0.2483 Accuracy Train: 90.655%
Epoch:  4 Batch:   1 Loss: 0.2385 Accuracy Train: 91.620%
Epoch:  4 Batch:  11 Loss: 0.2641 Accuracy Train: 90.747%
Epoch:  4 Batch:  21 Loss: 0.2462 Accuracy Train: 90.726%
Epoch:  4 Batch:  31 Loss: 0.2544 Accuracy Train: 90.675%
Epoch:  4 Batch:  41 Loss: 0.2556 Accuracy Train: 90.684%
Epoch:  4 Batch:  51 Loss: 0.2475 Accuracy Train: 90.720%
Epoch:  4 Batch:  61 Loss: 0.2499 Accuracy Train: 90.779%
Epoch:  4 Batch:  71 Loss: 0.2554 Accuracy Train: 90.729%
Epoch:  4 Batch:  81 Loss: 0.2540 Accuracy Train: 90.676%
Epoch:  4 Batch:  91 Loss: 0.2416 Accuracy Train: 90.706%
Epoch:  4 Batch: 101 Loss: 0.2524 Accuracy Train: 90.708%
Epoch:  5 Batch:   1 Loss: 0.2403 Accuracy Train: 91.180%
Epoch:  5 Batch:  11 Loss: 0.2557 Accuracy Train: 90.756%
Epoch:  5 Batch:  21 Loss: 0.2453 Accuracy Train: 90.810%
Epoch:  5 Batch:  31 Loss: 0.2467 Accuracy Train: 90.814%
Epoch:  5 Batch:  41 Loss: 0.2509 Accuracy Train: 90.761%
Epoch:  5 Batch:  51 Loss: 0.2412 Accuracy Train: 90.722%
Epoch:  5 Batch:  61 Loss: 0.2618 Accuracy Train: 90.704%
Epoch:  5 Batch:  71 Loss: 0.2439 Accuracy Train: 90.721%
Epoch:  5 Batch:  81 Loss: 0.2444 Accuracy Train: 90.722%
Epoch:  5 Batch:  91 Loss: 0.2421 Accuracy Train: 90.720%
Epoch:  5 Batch: 101 Loss: 0.2409 Accuracy Train: 90.714%
Epoch:  6 Batch:   1 Loss: 0.2282 Accuracy Train: 91.680%
Epoch:  6 Batch:  11 Loss: 0.2453 Accuracy Train: 90.745%
Epoch:  6 Batch:  21 Loss: 0.2447 Accuracy Train: 90.631%
Epoch:  6 Batch:  31 Loss: 0.2387 Accuracy Train: 90.665%
Epoch:  6 Batch:  41 Loss: 0.2505 Accuracy Train: 90.640%
Epoch:  6 Batch:  51 Loss: 0.2483 Accuracy Train: 90.667%
Epoch:  6 Batch:  61 Loss: 0.2403 Accuracy Train: 90.676%
Epoch:  6 Batch:  71 Loss: 0.2461 Accuracy Train: 90.682%
Epoch:  6 Batch:  81 Loss: 0.2564 Accuracy Train: 90.708%
Epoch:  6 Batch:  91 Loss: 0.2485 Accuracy Train: 90.713%
Epoch:  6 Batch: 101 Loss: 0.2482 Accuracy Train: 90.715%
Epoch:  7 Batch:   1 Loss: 0.2415 Accuracy Train: 90.580%
Epoch:  7 Batch:  11 Loss: 0.2565 Accuracy Train: 90.685%
Epoch:  7 Batch:  21 Loss: 0.2483 Accuracy Train: 90.730%
Epoch:  7 Batch:  31 Loss: 0.2575 Accuracy Train: 90.694%
Epoch:  7 Batch:  41 Loss: 0.2598 Accuracy Train: 90.656%
Epoch:  7 Batch:  51 Loss: 0.2431 Accuracy Train: 90.698%
Epoch:  7 Batch:  61 Loss: 0.2471 Accuracy Train: 90.721%
Epoch:  7 Batch:  71 Loss: 0.2558 Accuracy Train: 90.713%
Epoch:  7 Batch:  81 Loss: 0.2313 Accuracy Train: 90.723%
Epoch:  7 Batch:  91 Loss: 0.2557 Accuracy Train: 90.723%
Epoch:  7 Batch: 101 Loss: 0.2479 Accuracy Train: 90.718%
Epoch:  8 Batch:   1 Loss: 0.2440 Accuracy Train: 90.740%
Epoch:  8 Batch:  11 Loss: 0.2442 Accuracy Train: 90.809%
Epoch:  8 Batch:  21 Loss: 0.2568 Accuracy Train: 90.720%
Epoch:  8 Batch:  31 Loss: 0.2399 Accuracy Train: 90.686%
Epoch:  8 Batch:  41 Loss: 0.2529 Accuracy Train: 90.664%
Epoch:  8 Batch:  51 Loss: 0.2433 Accuracy Train: 90.677%
Epoch:  8 Batch:  61 Loss: 0.2532 Accuracy Train: 90.659%
Epoch:  8 Batch:  71 Loss: 0.2562 Accuracy Train: 90.675%
Epoch:  8 Batch:  81 Loss: 0.2466 Accuracy Train: 90.690%
Epoch:  8 Batch:  91 Loss: 0.2335 Accuracy Train: 90.703%
Epoch:  8 Batch: 101 Loss: 0.2496 Accuracy Train: 90.707%
Epoch:  9 Batch:   1 Loss: 0.2478 Accuracy Train: 90.860%
Epoch:  9 Batch:  11 Loss: 0.2443 Accuracy Train: 90.653%
Epoch:  9 Batch:  21 Loss: 0.2575 Accuracy Train: 90.715%
Epoch:  9 Batch:  31 Loss: 0.2552 Accuracy Train: 90.669%
Epoch:  9 Batch:  41 Loss: 0.2374 Accuracy Train: 90.709%
Epoch:  9 Batch:  51 Loss: 0.2487 Accuracy Train: 90.756%
Epoch:  9 Batch:  61 Loss: 0.2417 Accuracy Train: 90.775%
Epoch:  9 Batch:  71 Loss: 0.2459 Accuracy Train: 90.733%
Epoch:  9 Batch:  81 Loss: 0.2431 Accuracy Train: 90.742%
Epoch:  9 Batch:  91 Loss: 0.2479 Accuracy Train: 90.720%
Epoch:  9 Batch: 101 Loss: 0.2466 Accuracy Train: 90.707%
Epoch: 10 Batch:   1 Loss: 0.2434 Accuracy Train: 90.840%
Epoch: 10 Batch:  11 Loss: 0.2465 Accuracy Train: 90.804%
Epoch: 10 Batch:  21 Loss: 0.2330 Accuracy Train: 90.820%
Epoch: 10 Batch:  31 Loss: 0.2458 Accuracy Train: 90.795%
Epoch: 10 Batch:  41 Loss: 0.2411 Accuracy Train: 90.765%
Epoch: 10 Batch:  51 Loss: 0.2555 Accuracy Train: 90.748%
Epoch: 10 Batch:  61 Loss: 0.2643 Accuracy Train: 90.713%
Epoch: 10 Batch:  71 Loss: 0.2362 Accuracy Train: 90.713%
Epoch: 10 Batch:  81 Loss: 0.2501 Accuracy Train: 90.704%
Epoch: 10 Batch:  91 Loss: 0.2403 Accuracy Train: 90.706%
Epoch: 10 Batch: 101 Loss: 0.2532 Accuracy Train: 90.714%
Epoch: 11 Batch:   1 Loss: 0.2555 Accuracy Train: 89.600%
Epoch: 11 Batch:  11 Loss: 0.2522 Accuracy Train: 90.213%
Epoch: 11 Batch:  21 Loss: 0.2463 Accuracy Train: 90.483%
Epoch: 11 Batch:  31 Loss: 0.2480 Accuracy Train: 90.528%
Epoch: 11 Batch:  41 Loss: 0.2394 Accuracy Train: 90.582%
Epoch: 11 Batch:  51 Loss: 0.2410 Accuracy Train: 90.618%
Epoch: 11 Batch:  61 Loss: 0.2521 Accuracy Train: 90.649%
Epoch: 11 Batch:  71 Loss: 0.2544 Accuracy Train: 90.676%
Epoch: 11 Batch:  81 Loss: 0.2477 Accuracy Train: 90.696%
Epoch: 11 Batch:  91 Loss: 0.2501 Accuracy Train: 90.693%
Epoch: 11 Batch: 101 Loss: 0.2297 Accuracy Train: 90.687%
Epoch: 12 Batch:   1 Loss: 0.2465 Accuracy Train: 90.800%
Epoch: 12 Batch:  11 Loss: 0.2567 Accuracy Train: 90.565%
Epoch: 12 Batch:  21 Loss: 0.2570 Accuracy Train: 90.571%
Epoch: 12 Batch:  31 Loss: 0.2485 Accuracy Train: 90.585%
Epoch: 12 Batch:  41 Loss: 0.2438 Accuracy Train: 90.593%
Epoch: 12 Batch:  51 Loss: 0.2434 Accuracy Train: 90.626%
Epoch: 12 Batch:  61 Loss: 0.2520 Accuracy Train: 90.618%
Epoch: 12 Batch:  71 Loss: 0.2543 Accuracy Train: 90.635%
Epoch: 12 Batch:  81 Loss: 0.2505 Accuracy Train: 90.616%
Epoch: 12 Batch:  91 Loss: 0.2448 Accuracy Train: 90.625%
Epoch: 12 Batch: 101 Loss: 0.2473 Accuracy Train: 90.662%
Epoch: 13 Batch:   1 Loss: 0.2499 Accuracy Train: 90.600%
Epoch: 13 Batch:  11 Loss: 0.2355 Accuracy Train: 90.729%
Epoch: 13 Batch:  21 Loss: 0.2442 Accuracy Train: 90.813%
Epoch: 13 Batch:  31 Loss: 0.2357 Accuracy Train: 90.749%
Epoch: 13 Batch:  41 Loss: 0.2445 Accuracy Train: 90.704%
Epoch: 13 Batch:  51 Loss: 0.2480 Accuracy Train: 90.680%
Epoch: 13 Batch:  61 Loss: 0.2396 Accuracy Train: 90.679%
Epoch: 13 Batch:  71 Loss: 0.2302 Accuracy Train: 90.657%
Epoch: 13 Batch:  81 Loss: 0.2437 Accuracy Train: 90.682%
Epoch: 13 Batch:  91 Loss: 0.2330 Accuracy Train: 90.690%
Epoch: 13 Batch: 101 Loss: 0.2502 Accuracy Train: 90.678%
Epoch: 14 Batch:   1 Loss: 0.2620 Accuracy Train: 89.820%
Epoch: 14 Batch:  11 Loss: 0.2425 Accuracy Train: 90.753%
Epoch: 14 Batch:  21 Loss: 0.2382 Accuracy Train: 90.758%
Epoch: 14 Batch:  31 Loss: 0.2518 Accuracy Train: 90.790%
Epoch: 14 Batch:  41 Loss: 0.2522 Accuracy Train: 90.850%
Epoch: 14 Batch:  51 Loss: 0.2396 Accuracy Train: 90.726%
Epoch: 14 Batch:  61 Loss: 0.2402 Accuracy Train: 90.704%
Epoch: 14 Batch:  71 Loss: 0.2395 Accuracy Train: 90.729%
Epoch: 14 Batch:  81 Loss: 0.2550 Accuracy Train: 90.705%
Epoch: 14 Batch:  91 Loss: 0.2596 Accuracy Train: 90.695%
Epoch: 14 Batch: 101 Loss: 0.2425 Accuracy Train: 90.694%
Epoch: 15 Batch:   1 Loss: 0.2526 Accuracy Train: 91.120%
Epoch: 15 Batch:  11 Loss: 0.2447 Accuracy Train: 90.682%
Epoch: 15 Batch:  21 Loss: 0.2406 Accuracy Train: 90.658%
Epoch: 15 Batch:  31 Loss: 0.2602 Accuracy Train: 90.617%
Epoch: 15 Batch:  41 Loss: 0.2358 Accuracy Train: 90.650%
Epoch: 15 Batch:  51 Loss: 0.2553 Accuracy Train: 90.661%
Epoch: 15 Batch:  61 Loss: 0.2347 Accuracy Train: 90.648%
Epoch: 15 Batch:  71 Loss: 0.2608 Accuracy Train: 90.645%
Epoch: 15 Batch:  81 Loss: 0.2398 Accuracy Train: 90.661%
Epoch: 15 Batch:  91 Loss: 0.2496 Accuracy Train: 90.664%
Epoch: 15 Batch: 101 Loss: 0.2426 Accuracy Train: 90.689%
Epoch: 16 Batch:   1 Loss: 0.2641 Accuracy Train: 89.980%
Epoch: 16 Batch:  11 Loss: 0.2360 Accuracy Train: 90.765%
Epoch: 16 Batch:  21 Loss: 0.2508 Accuracy Train: 90.661%
Epoch: 16 Batch:  31 Loss: 0.2385 Accuracy Train: 90.708%
Epoch: 16 Batch:  41 Loss: 0.2358 Accuracy Train: 90.732%
Epoch: 16 Batch:  51 Loss: 0.2416 Accuracy Train: 90.714%
Epoch: 16 Batch:  61 Loss: 0.2598 Accuracy Train: 90.717%
Epoch: 16 Batch:  71 Loss: 0.2557 Accuracy Train: 90.699%
Epoch: 16 Batch:  81 Loss: 0.2532 Accuracy Train: 90.672%
Epoch: 16 Batch:  91 Loss: 0.2493 Accuracy Train: 90.669%
Epoch: 16 Batch: 101 Loss: 0.2468 Accuracy Train: 90.675%
Epoch: 17 Batch:   1 Loss: 0.2441 Accuracy Train: 90.760%
Epoch: 17 Batch:  11 Loss: 0.2491 Accuracy Train: 90.620%
Epoch: 17 Batch:  21 Loss: 0.2477 Accuracy Train: 90.642%
Epoch: 17 Batch:  31 Loss: 0.2434 Accuracy Train: 90.672%
Epoch: 17 Batch:  41 Loss: 0.2384 Accuracy Train: 90.722%
Epoch: 17 Batch:  51 Loss: 0.2536 Accuracy Train: 90.710%
Epoch: 17 Batch:  61 Loss: 0.2586 Accuracy Train: 90.678%
Epoch: 17 Batch:  71 Loss: 0.2320 Accuracy Train: 90.704%
Epoch: 17 Batch:  81 Loss: 0.2462 Accuracy Train: 90.711%
Epoch: 17 Batch:  91 Loss: 0.2508 Accuracy Train: 90.717%
Epoch: 17 Batch: 101 Loss: 0.2503 Accuracy Train: 90.671%
Epoch: 18 Batch:   1 Loss: 0.2589 Accuracy Train: 90.500%
Epoch: 18 Batch:  11 Loss: 0.2517 Accuracy Train: 90.640%
Epoch: 18 Batch:  21 Loss: 0.2507 Accuracy Train: 90.678%
Epoch: 18 Batch:  31 Loss: 0.2417 Accuracy Train: 90.683%
Epoch: 18 Batch:  41 Loss: 0.2450 Accuracy Train: 90.678%
Epoch: 18 Batch:  51 Loss: 0.2394 Accuracy Train: 90.696%
Epoch: 18 Batch:  61 Loss: 0.2395 Accuracy Train: 90.686%
Epoch: 18 Batch:  71 Loss: 0.2436 Accuracy Train: 90.680%
Epoch: 18 Batch:  81 Loss: 0.2432 Accuracy Train: 90.678%
Epoch: 18 Batch:  91 Loss: 0.2412 Accuracy Train: 90.704%
Epoch: 18 Batch: 101 Loss: 0.2586 Accuracy Train: 90.693%
Epoch: 19 Batch:   1 Loss: 0.2547 Accuracy Train: 89.880%
Epoch: 19 Batch:  11 Loss: 0.2405 Accuracy Train: 90.671%
Epoch: 19 Batch:  21 Loss: 0.2481 Accuracy Train: 90.681%
Epoch: 19 Batch:  31 Loss: 0.2451 Accuracy Train: 90.606%
Epoch: 19 Batch:  41 Loss: 0.2500 Accuracy Train: 90.651%
Epoch: 19 Batch:  51 Loss: 0.2516 Accuracy Train: 90.663%
Epoch: 19 Batch:  61 Loss: 0.2467 Accuracy Train: 90.647%
Epoch: 19 Batch:  71 Loss: 0.2538 Accuracy Train: 90.647%
Epoch: 19 Batch:  81 Loss: 0.2490 Accuracy Train: 90.610%
Epoch: 19 Batch:  91 Loss: 0.2456 Accuracy Train: 90.624%
Epoch: 19 Batch: 101 Loss: 0.2439 Accuracy Train: 90.645%

Duration: 87 seconds
