Training TryNet11(
  (layers): Sequential(
    (0): Sequential(
      (0): Conv2d(1, 32, kernel_size=(3, 3), stride=(1, 1))
      (1): BatchNorm2d(32, eps=1e-05, momentum=0.1, affine=True, track_running_stats=True)
      (2): ReLU()
    )
    (1): Sequential(
      (0): Flatten(start_dim=1, end_dim=-1)
      (1): Linear(in_features=800, out_features=2, bias=True)
    )
  )
) in cuda
=================================================================
Layer (type:depth-idx)                   Param #
=================================================================
TryNet11                                 --
├─Sequential: 1-1                        --
│    └─Sequential: 2-1                   --
│    │    └─Conv2d: 3-1                  320
│    │    └─BatchNorm2d: 3-2             64
│    │    └─ReLU: 3-3                    --
│    └─Sequential: 2-2                   --
│    │    └─Flatten: 3-4                 --
│    │    └─Linear: 3-5                  1,602
=================================================================
Total params: 1,986
Trainable params: 1,986
Non-trainable params: 0
=================================================================
Epoch:  0 Batch:   1 Loss: 0.6662 Accuracy Train: 66.940%
Epoch:  0 Batch:  11 Loss: 0.3614 Accuracy Train: 84.967%
Epoch:  0 Batch:  21 Loss: 0.2728 Accuracy Train: 87.110%
Epoch:  0 Batch:  31 Loss: 0.2568 Accuracy Train: 88.150%
Epoch:  0 Batch:  41 Loss: 0.2376 Accuracy Train: 88.825%
Epoch:  0 Batch:  51 Loss: 0.2483 Accuracy Train: 89.265%
Epoch:  0 Batch:  61 Loss: 0.2360 Accuracy Train: 89.601%
Epoch:  0 Batch:  71 Loss: 0.2244 Accuracy Train: 89.845%
Epoch:  0 Batch:  81 Loss: 0.2333 Accuracy Train: 90.040%
Epoch:  0 Batch:  91 Loss: 0.2295 Accuracy Train: 90.158%
Epoch:  0 Batch: 101 Loss: 0.2267 Accuracy Train: 90.258%
Epoch:  1 Batch:   1 Loss: 0.2385 Accuracy Train: 90.540%
Epoch:  1 Batch:  11 Loss: 0.2234 Accuracy Train: 91.207%
Epoch:  1 Batch:  21 Loss: 0.2175 Accuracy Train: 91.330%
Epoch:  1 Batch:  31 Loss: 0.2198 Accuracy Train: 91.309%
Epoch:  1 Batch:  41 Loss: 0.2243 Accuracy Train: 91.314%
Epoch:  1 Batch:  51 Loss: 0.2279 Accuracy Train: 91.246%
Epoch:  1 Batch:  61 Loss: 0.2178 Accuracy Train: 91.221%
Epoch:  1 Batch:  71 Loss: 0.2055 Accuracy Train: 91.283%
Epoch:  1 Batch:  81 Loss: 0.2067 Accuracy Train: 91.274%
Epoch:  1 Batch:  91 Loss: 0.2146 Accuracy Train: 91.279%
Epoch:  1 Batch: 101 Loss: 0.2118 Accuracy Train: 91.244%
Epoch:  2 Batch:   1 Loss: 0.2161 Accuracy Train: 91.440%
Epoch:  2 Batch:  11 Loss: 0.2119 Accuracy Train: 91.247%
Epoch:  2 Batch:  21 Loss: 0.2222 Accuracy Train: 91.307%
Epoch:  2 Batch:  31 Loss: 0.2221 Accuracy Train: 91.323%
Epoch:  2 Batch:  41 Loss: 0.2210 Accuracy Train: 91.352%
Epoch:  2 Batch:  51 Loss: 0.2223 Accuracy Train: 91.282%
Epoch:  2 Batch:  61 Loss: 0.2123 Accuracy Train: 91.258%
Epoch:  2 Batch:  71 Loss: 0.2227 Accuracy Train: 91.228%
Epoch:  2 Batch:  81 Loss: 0.2319 Accuracy Train: 91.246%
Epoch:  2 Batch:  91 Loss: 0.2087 Accuracy Train: 91.262%
Epoch:  2 Batch: 101 Loss: 0.2117 Accuracy Train: 91.265%
Epoch:  3 Batch:   1 Loss: 0.2041 Accuracy Train: 91.840%
Epoch:  3 Batch:  11 Loss: 0.1966 Accuracy Train: 91.522%
Epoch:  3 Batch:  21 Loss: 0.2130 Accuracy Train: 91.511%
Epoch:  3 Batch:  31 Loss: 0.2065 Accuracy Train: 91.592%
Epoch:  3 Batch:  41 Loss: 0.2222 Accuracy Train: 91.548%
Epoch:  3 Batch:  51 Loss: 0.2238 Accuracy Train: 91.542%
Epoch:  3 Batch:  61 Loss: 0.2099 Accuracy Train: 91.462%
Epoch:  3 Batch:  71 Loss: 0.2156 Accuracy Train: 91.492%
Epoch:  3 Batch:  81 Loss: 0.2103 Accuracy Train: 91.513%
Epoch:  3 Batch:  91 Loss: 0.2188 Accuracy Train: 91.487%
Epoch:  3 Batch: 101 Loss: 0.2146 Accuracy Train: 91.464%
Epoch:  4 Batch:   1 Loss: 0.2198 Accuracy Train: 91.100%
Epoch:  4 Batch:  11 Loss: 0.2064 Accuracy Train: 91.193%
Epoch:  4 Batch:  21 Loss: 0.2193 Accuracy Train: 91.451%
Epoch:  4 Batch:  31 Loss: 0.2122 Accuracy Train: 91.388%
Epoch:  4 Batch:  41 Loss: 0.2257 Accuracy Train: 91.323%
Epoch:  4 Batch:  51 Loss: 0.2020 Accuracy Train: 91.214%
Epoch:  4 Batch:  61 Loss: 0.2128 Accuracy Train: 91.245%
Epoch:  4 Batch:  71 Loss: 0.2213 Accuracy Train: 91.242%
Epoch:  4 Batch:  81 Loss: 0.2192 Accuracy Train: 91.195%
Epoch:  4 Batch:  91 Loss: 0.2203 Accuracy Train: 91.184%
Epoch:  4 Batch: 101 Loss: 0.2164 Accuracy Train: 91.244%
Epoch:  5 Batch:   1 Loss: 0.2269 Accuracy Train: 90.420%
Epoch:  5 Batch:  11 Loss: 0.2126 Accuracy Train: 91.115%
Epoch:  5 Batch:  21 Loss: 0.2067 Accuracy Train: 91.402%
Epoch:  5 Batch:  31 Loss: 0.2257 Accuracy Train: 91.443%
Epoch:  5 Batch:  41 Loss: 0.2091 Accuracy Train: 91.482%
Epoch:  5 Batch:  51 Loss: 0.2080 Accuracy Train: 91.397%
Epoch:  5 Batch:  61 Loss: 0.2132 Accuracy Train: 91.374%
Epoch:  5 Batch:  71 Loss: 0.2196 Accuracy Train: 91.415%
Epoch:  5 Batch:  81 Loss: 0.2138 Accuracy Train: 91.420%
Epoch:  5 Batch:  91 Loss: 0.2029 Accuracy Train: 91.378%
Epoch:  5 Batch: 101 Loss: 0.2222 Accuracy Train: 91.341%
Epoch:  6 Batch:   1 Loss: 0.2078 Accuracy Train: 91.560%
Epoch:  6 Batch:  11 Loss: 0.2023 Accuracy Train: 91.516%
Epoch:  6 Batch:  21 Loss: 0.2111 Accuracy Train: 91.506%
Epoch:  6 Batch:  31 Loss: 0.2120 Accuracy Train: 91.579%
Epoch:  6 Batch:  41 Loss: 0.2059 Accuracy Train: 91.573%
Epoch:  6 Batch:  51 Loss: 0.2078 Accuracy Train: 91.546%
Epoch:  6 Batch:  61 Loss: 0.2084 Accuracy Train: 91.539%
Epoch:  6 Batch:  71 Loss: 0.2016 Accuracy Train: 91.496%
Epoch:  6 Batch:  81 Loss: 0.2160 Accuracy Train: 91.430%
Epoch:  6 Batch:  91 Loss: 0.2114 Accuracy Train: 91.397%
Epoch:  6 Batch: 101 Loss: 0.2270 Accuracy Train: 91.366%
Epoch:  7 Batch:   1 Loss: 0.2174 Accuracy Train: 91.260%
Epoch:  7 Batch:  11 Loss: 0.2069 Accuracy Train: 91.360%
Epoch:  7 Batch:  21 Loss: 0.2090 Accuracy Train: 91.413%
Epoch:  7 Batch:  31 Loss: 0.2075 Accuracy Train: 91.479%
Epoch:  7 Batch:  41 Loss: 0.2290 Accuracy Train: 91.480%
Epoch:  7 Batch:  51 Loss: 0.2117 Accuracy Train: 91.465%
Epoch:  7 Batch:  61 Loss: 0.2056 Accuracy Train: 91.487%
Epoch:  7 Batch:  71 Loss: 0.2112 Accuracy Train: 91.454%
Epoch:  7 Batch:  81 Loss: 0.2129 Accuracy Train: 91.466%
Epoch:  7 Batch:  91 Loss: 0.1889 Accuracy Train: 91.441%
Epoch:  7 Batch: 101 Loss: 0.2030 Accuracy Train: 91.436%
Epoch:  8 Batch:   1 Loss: 0.2060 Accuracy Train: 92.360%
Epoch:  8 Batch:  11 Loss: 0.2152 Accuracy Train: 91.869%
Epoch:  8 Batch:  21 Loss: 0.1986 Accuracy Train: 91.690%
Epoch:  8 Batch:  31 Loss: 0.1958 Accuracy Train: 91.627%
Epoch:  8 Batch:  41 Loss: 0.1969 Accuracy Train: 91.575%
Epoch:  8 Batch:  51 Loss: 0.1960 Accuracy Train: 91.560%
Epoch:  8 Batch:  61 Loss: 0.2127 Accuracy Train: 91.447%
Epoch:  8 Batch:  71 Loss: 0.2087 Accuracy Train: 91.457%
Epoch:  8 Batch:  81 Loss: 0.2131 Accuracy Train: 91.476%
Epoch:  8 Batch:  91 Loss: 0.2154 Accuracy Train: 91.516%
Epoch:  8 Batch: 101 Loss: 0.2198 Accuracy Train: 91.532%
Epoch:  9 Batch:   1 Loss: 0.1987 Accuracy Train: 92.120%
Epoch:  9 Batch:  11 Loss: 0.2127 Accuracy Train: 91.447%
Epoch:  9 Batch:  21 Loss: 0.2089 Accuracy Train: 91.400%
Epoch:  9 Batch:  31 Loss: 0.2060 Accuracy Train: 91.390%
Epoch:  9 Batch:  41 Loss: 0.2016 Accuracy Train: 91.321%
Epoch:  9 Batch:  51 Loss: 0.2061 Accuracy Train: 91.358%
Epoch:  9 Batch:  61 Loss: 0.2134 Accuracy Train: 91.348%
Epoch:  9 Batch:  71 Loss: 0.2173 Accuracy Train: 91.383%
Epoch:  9 Batch:  81 Loss: 0.2055 Accuracy Train: 91.387%
Epoch:  9 Batch:  91 Loss: 0.2113 Accuracy Train: 91.328%
Epoch:  9 Batch: 101 Loss: 0.2144 Accuracy Train: 91.313%
Epoch: 10 Batch:   1 Loss: 0.2080 Accuracy Train: 91.580%
Epoch: 10 Batch:  11 Loss: 0.2054 Accuracy Train: 91.487%
Epoch: 10 Batch:  21 Loss: 0.2119 Accuracy Train: 91.434%
Epoch: 10 Batch:  31 Loss: 0.2096 Accuracy Train: 91.405%
Epoch: 10 Batch:  41 Loss: 0.2083 Accuracy Train: 91.499%
Epoch: 10 Batch:  51 Loss: 0.2133 Accuracy Train: 91.459%
Epoch: 10 Batch:  61 Loss: 0.2136 Accuracy Train: 91.478%
Epoch: 10 Batch:  71 Loss: 0.2060 Accuracy Train: 91.467%
Epoch: 10 Batch:  81 Loss: 0.2053 Accuracy Train: 91.446%
Epoch: 10 Batch:  91 Loss: 0.2120 Accuracy Train: 91.407%
Epoch: 10 Batch: 101 Loss: 0.2124 Accuracy Train: 91.425%
Epoch: 11 Batch:   1 Loss: 0.2174 Accuracy Train: 90.680%
Epoch: 11 Batch:  11 Loss: 0.2199 Accuracy Train: 91.747%
Epoch: 11 Batch:  21 Loss: 0.2094 Accuracy Train: 91.790%
Epoch: 11 Batch:  31 Loss: 0.2016 Accuracy Train: 91.636%
Epoch: 11 Batch:  41 Loss: 0.1980 Accuracy Train: 91.613%
Epoch: 11 Batch:  51 Loss: 0.2066 Accuracy Train: 91.665%
Epoch: 11 Batch:  61 Loss: 0.2196 Accuracy Train: 91.671%
Epoch: 11 Batch:  71 Loss: 0.1984 Accuracy Train: 91.670%
Epoch: 11 Batch:  81 Loss: 0.2078 Accuracy Train: 91.642%
Epoch: 11 Batch:  91 Loss: 0.2051 Accuracy Train: 91.652%
Epoch: 11 Batch: 101 Loss: 0.1974 Accuracy Train: 91.639%
Epoch: 12 Batch:   1 Loss: 0.2047 Accuracy Train: 91.540%
Epoch: 12 Batch:  11 Loss: 0.1919 Accuracy Train: 91.536%
Epoch: 12 Batch:  21 Loss: 0.2140 Accuracy Train: 91.530%
Epoch: 12 Batch:  31 Loss: 0.1992 Accuracy Train: 91.519%
Epoch: 12 Batch:  41 Loss: 0.2067 Accuracy Train: 91.570%
Epoch: 12 Batch:  51 Loss: 0.1925 Accuracy Train: 91.563%
Epoch: 12 Batch:  61 Loss: 0.2135 Accuracy Train: 91.522%
Epoch: 12 Batch:  71 Loss: 0.2119 Accuracy Train: 91.543%
Epoch: 12 Batch:  81 Loss: 0.2118 Accuracy Train: 91.549%
Epoch: 12 Batch:  91 Loss: 0.1956 Accuracy Train: 91.558%
Epoch: 12 Batch: 101 Loss: 0.2041 Accuracy Train: 91.529%
Epoch: 13 Batch:   1 Loss: 0.2184 Accuracy Train: 90.660%
Epoch: 13 Batch:  11 Loss: 0.2059 Accuracy Train: 91.485%
Epoch: 13 Batch:  21 Loss: 0.2134 Accuracy Train: 91.588%
Epoch: 13 Batch:  31 Loss: 0.2034 Accuracy Train: 91.546%
Epoch: 13 Batch:  41 Loss: 0.1971 Accuracy Train: 91.506%
Epoch: 13 Batch:  51 Loss: 0.2003 Accuracy Train: 91.482%
Epoch: 13 Batch:  61 Loss: 0.2061 Accuracy Train: 91.611%
Epoch: 13 Batch:  71 Loss: 0.2028 Accuracy Train: 91.635%
Epoch: 13 Batch:  81 Loss: 0.2008 Accuracy Train: 91.598%
Epoch: 13 Batch:  91 Loss: 0.1967 Accuracy Train: 91.593%
Epoch: 13 Batch: 101 Loss: 0.1978 Accuracy Train: 91.614%
Epoch: 14 Batch:   1 Loss: 0.2099 Accuracy Train: 92.360%
Epoch: 14 Batch:  11 Loss: 0.2089 Accuracy Train: 91.629%
Epoch: 14 Batch:  21 Loss: 0.1905 Accuracy Train: 91.720%
Epoch: 14 Batch:  31 Loss: 0.2100 Accuracy Train: 91.690%
Epoch: 14 Batch:  41 Loss: 0.1973 Accuracy Train: 91.703%
Epoch: 14 Batch:  51 Loss: 0.2047 Accuracy Train: 91.669%
Epoch: 14 Batch:  61 Loss: 0.2025 Accuracy Train: 91.631%
Epoch: 14 Batch:  71 Loss: 0.1985 Accuracy Train: 91.653%
Epoch: 14 Batch:  81 Loss: 0.2102 Accuracy Train: 91.620%
Epoch: 14 Batch:  91 Loss: 0.2014 Accuracy Train: 91.611%
Epoch: 14 Batch: 101 Loss: 0.1990 Accuracy Train: 91.630%
Epoch: 15 Batch:   1 Loss: 0.1914 Accuracy Train: 92.300%
Epoch: 15 Batch:  11 Loss: 0.2089 Accuracy Train: 91.893%
Epoch: 15 Batch:  21 Loss: 0.2026 Accuracy Train: 91.755%
Epoch: 15 Batch:  31 Loss: 0.1940 Accuracy Train: 91.681%
Epoch: 15 Batch:  41 Loss: 0.2003 Accuracy Train: 91.629%
Epoch: 15 Batch:  51 Loss: 0.2067 Accuracy Train: 91.645%
Epoch: 15 Batch:  61 Loss: 0.1942 Accuracy Train: 91.711%
Epoch: 15 Batch:  71 Loss: 0.2085 Accuracy Train: 91.713%
Epoch: 15 Batch:  81 Loss: 0.1997 Accuracy Train: 91.729%
Epoch: 15 Batch:  91 Loss: 0.1936 Accuracy Train: 91.783%
Epoch: 15 Batch: 101 Loss: 0.2012 Accuracy Train: 91.817%
Epoch: 16 Batch:   1 Loss: 0.2145 Accuracy Train: 90.760%
Epoch: 16 Batch:  11 Loss: 0.1882 Accuracy Train: 91.624%
Epoch: 16 Batch:  21 Loss: 0.1997 Accuracy Train: 91.725%
Epoch: 16 Batch:  31 Loss: 0.1970 Accuracy Train: 91.766%
Epoch: 16 Batch:  41 Loss: 0.1978 Accuracy Train: 91.845%
Epoch: 16 Batch:  51 Loss: 0.2024 Accuracy Train: 91.859%
Epoch: 16 Batch:  61 Loss: 0.2120 Accuracy Train: 91.818%
Epoch: 16 Batch:  71 Loss: 0.2009 Accuracy Train: 91.870%
Epoch: 16 Batch:  81 Loss: 0.1958 Accuracy Train: 91.883%
Epoch: 16 Batch:  91 Loss: 0.1994 Accuracy Train: 91.864%
Epoch: 16 Batch: 101 Loss: 0.2078 Accuracy Train: 91.908%
Epoch: 17 Batch:   1 Loss: 0.1960 Accuracy Train: 92.460%
Epoch: 17 Batch:  11 Loss: 0.2049 Accuracy Train: 91.778%
Epoch: 17 Batch:  21 Loss: 0.1937 Accuracy Train: 91.785%
Epoch: 17 Batch:  31 Loss: 0.1893 Accuracy Train: 91.755%
Epoch: 17 Batch:  41 Loss: 0.2084 Accuracy Train: 91.819%
Epoch: 17 Batch:  51 Loss: 0.1880 Accuracy Train: 91.833%
Epoch: 17 Batch:  61 Loss: 0.1979 Accuracy Train: 91.844%
Epoch: 17 Batch:  71 Loss: 0.2073 Accuracy Train: 91.868%
Epoch: 17 Batch:  81 Loss: 0.1947 Accuracy Train: 91.881%
Epoch: 17 Batch:  91 Loss: 0.1967 Accuracy Train: 91.901%
Epoch: 17 Batch: 101 Loss: 0.2066 Accuracy Train: 91.909%
Epoch: 18 Batch:   1 Loss: 0.1887 Accuracy Train: 92.780%
Epoch: 18 Batch:  11 Loss: 0.2018 Accuracy Train: 92.205%
Epoch: 18 Batch:  21 Loss: 0.2041 Accuracy Train: 91.916%
Epoch: 18 Batch:  31 Loss: 0.1991 Accuracy Train: 92.052%
Epoch: 18 Batch:  41 Loss: 0.1940 Accuracy Train: 92.111%
Epoch: 18 Batch:  51 Loss: 0.2006 Accuracy Train: 92.144%
Epoch: 18 Batch:  61 Loss: 0.1872 Accuracy Train: 92.140%
Epoch: 18 Batch:  71 Loss: 0.2043 Accuracy Train: 92.069%
Epoch: 18 Batch:  81 Loss: 0.2054 Accuracy Train: 92.089%
Epoch: 18 Batch:  91 Loss: 0.2046 Accuracy Train: 92.057%
Epoch: 18 Batch: 101 Loss: 0.1946 Accuracy Train: 92.087%
Epoch: 19 Batch:   1 Loss: 0.2086 Accuracy Train: 91.840%
Epoch: 19 Batch:  11 Loss: 0.2045 Accuracy Train: 92.195%
Epoch: 19 Batch:  21 Loss: 0.2031 Accuracy Train: 92.244%
Epoch: 19 Batch:  31 Loss: 0.1950 Accuracy Train: 92.268%
Epoch: 19 Batch:  41 Loss: 0.1977 Accuracy Train: 92.212%
Epoch: 19 Batch:  51 Loss: 0.2026 Accuracy Train: 92.200%
Epoch: 19 Batch:  61 Loss: 0.2089 Accuracy Train: 92.251%
Epoch: 19 Batch:  71 Loss: 0.1851 Accuracy Train: 92.265%
Epoch: 19 Batch:  81 Loss: 0.2069 Accuracy Train: 92.274%
Epoch: 19 Batch:  91 Loss: 0.1971 Accuracy Train: 92.288%
Epoch: 19 Batch: 101 Loss: 0.1890 Accuracy Train: 92.319%

Duration: 91 seconds
