2016-01: Accuracy: 90.71 | 91.36 | 93.86
Thresholds: 0.9 | 0.9 | 0
Mean times per exit: 0.1054 ms | 0.3479 ms | 0.7148 ms
Accuracies per exit (for all dataset): 90.7136%  | 91.3561%  | 93.8559% 
Rate of exit chosen: 73.93% | 12.29% | 13.79%
Accuracy per exit (when chosen): 94.68% | 96.64% | 85.04%
Overall Accuracy: 93.59%
Mean time: 0.2192 ms
2016-02: Accuracy: 89.98 | 91.06 | 93.18
Thresholds: 0.9 | 0.9 | 0
Mean times per exit: 0.09753 ms | 0.3111 ms | 0.5913 ms
Accuracies per exit (for all dataset): 89.9846%  | 91.0555%  | 93.1803% 
Rate of exit chosen: 70.47% | 15.42% | 14.12%
Accuracy per exit (when chosen): 94.48% | 97.19% | 81.45%
Overall Accuracy: 93.06%
Mean time: 0.2002 ms
2016-03: Accuracy: 91.48 | 93.53 | 94.77
Thresholds: 0.9 | 0.9 | 0
Mean times per exit: 0.09637 ms | 0.3205 ms | 0.6164 ms
Accuracies per exit (for all dataset): 91.4777%  | 93.5259%  | 94.7694% 
Rate of exit chosen: 71.04% | 17.46% | 11.50%
Accuracy per exit (when chosen): 96.05% | 96.95% | 82.32%
Overall Accuracy: 94.63%
Mean time: 0.1953 ms
2016-04: Accuracy: 92.03 | 92.61 | 95.32
Thresholds: 0.9 | 0.9 | 0
Mean times per exit: 0.09669 ms | 0.3067 ms | 0.5629 ms
Accuracies per exit (for all dataset): 92.029%  | 92.612%  | 95.3182% 
Rate of exit chosen: 74.23% | 12.13% | 13.64%
Accuracy per exit (when chosen): 96.01% | 97.06% | 90.42%
Overall Accuracy: 95.38%
Mean time: 0.1857 ms
2016-05: Accuracy: 88.93 | 92.86 | 94.71
Thresholds: 0.9 | 0.9 | 0
Mean times per exit: 0.1098 ms | 0.3298 ms | 0.6125 ms
Accuracies per exit (for all dataset): 88.9267%  | 92.8619%  | 94.7125% 
Rate of exit chosen: 71.68% | 14.74% | 13.58%
Accuracy per exit (when chosen): 95.00% | 97.75% | 89.04%
Overall Accuracy: 94.60%
Mean time: 0.2105 ms
2016-06: Accuracy: 89.60 | 92.89 | 92.42
Thresholds: 0.9 | 0.9 | 0
Mean times per exit: 0.1676 ms | 0.5688 ms | 1.151 ms
Accuracies per exit (for all dataset): 89.6025%  | 92.8881%  | 92.4233% 
Rate of exit chosen: 75.97% | 10.12% | 13.91%
Accuracy per exit (when chosen): 94.85% | 95.57% | 77.33%
Overall Accuracy: 92.49%
Mean time: 0.3449 ms
2016-07: Accuracy: 91.45 | 91.61 | 92.60
Thresholds: 0.9 | 0.9 | 0
Mean times per exit: 0.1091 ms | 0.3451 ms | 0.6405 ms
Accuracies per exit (for all dataset): 91.4524%  | 91.6128%  | 92.5959% 
Rate of exit chosen: 73.98% | 10.72% | 15.30%
Accuracy per exit (when chosen): 94.42% | 97.07% | 79.54%
Overall Accuracy: 92.42%
Mean time: 0.2157 ms
2016-08: Accuracy: 89.92 | 91.61 | 93.74
Thresholds: 0.9 | 0.9 | 0
Mean times per exit: 0.1049 ms | 0.3413 ms | 0.6304 ms
Accuracies per exit (for all dataset): 89.9241%  | 91.6058%  | 93.7386% 
Rate of exit chosen: 78.87% | 10.86% | 10.27%
Accuracy per exit (when chosen): 93.89% | 97.44% | 89.18%
Overall Accuracy: 93.79%
Mean time: 0.1846 ms
2016-09: Accuracy: 89.86 | 91.59 | 91.79
Thresholds: 0.9 | 0.9 | 0
Mean times per exit: 0.09713 ms | 0.3069 ms | 0.5727 ms
Accuracies per exit (for all dataset): 89.8644%  | 91.5892%  | 91.7912% 
Rate of exit chosen: 80.67% | 10.82% | 8.52%
Accuracy per exit (when chosen): 91.86% | 97.68% | 83.21%
Overall Accuracy: 91.76%
Mean time: 0.1603 ms
2016-10: Accuracy: 84.70 | 86.02 | 87.85
Thresholds: 0.9 | 0.9 | 0
Mean times per exit: 0.09791 ms | 0.3136 ms | 0.5702 ms
Accuracies per exit (for all dataset): 84.7031%  | 86.0234%  | 87.8484% 
Rate of exit chosen: 81.65% | 8.97% | 9.38%
Accuracy per exit (when chosen): 87.57% | 96.77% | 78.98%
Overall Accuracy: 87.59%
Mean time: 0.1616 ms
2016-11: Accuracy: 78.78 | 80.16 | 81.05
Thresholds: 0.9 | 0.9 | 0
Mean times per exit: 0.1482 ms | 0.5208 ms | 1.03 ms
Accuracies per exit (for all dataset): 78.7785%  | 80.1552%  | 81.0471% 
Rate of exit chosen: 82.55% | 10.12% | 7.33%
Accuracy per exit (when chosen): 78.82% | 96.15% | 82.51%
Overall Accuracy: 80.84%
Mean time: 0.2505 ms
2016-12: Accuracy: 83.47 | 84.96 | 86.22
Thresholds: 0.9 | 0.9 | 0
Mean times per exit: 0.1077 ms | 0.3667 ms | 0.6861 ms
Accuracies per exit (for all dataset): 83.4653%  | 84.9551%  | 86.216% 
Rate of exit chosen: 74.62% | 15.74% | 9.64%
Accuracy per exit (when chosen): 83.40% | 98.86% | 85.62%
Overall Accuracy: 86.05%
Mean time: 0.2042 ms
2017-01: Accuracy: 85.65 | 86.82 | 88.12
Thresholds: 0.9 | 0.9 | 0
Mean times per exit: 0.1008 ms | 0.3222 ms | 0.5978 ms
Accuracies per exit (for all dataset): 85.6541%  | 86.8159%  | 88.125% 
Rate of exit chosen: 77.41% | 12.87% | 9.72%
Accuracy per exit (when chosen): 86.17% | 98.43% | 87.31%
Overall Accuracy: 87.86%
Mean time: 0.1776 ms
2017-02: Accuracy: 87.72 | 89.32 | 88.95
Thresholds: 0.9 | 0.9 | 0
Mean times per exit: 0.09637 ms | 0.3105 ms | 0.5729 ms
Accuracies per exit (for all dataset): 87.7213%  | 89.3183%  | 88.9454% 
Rate of exit chosen: 71.83% | 18.69% | 9.48%
Accuracy per exit (when chosen): 87.61% | 98.41% | 81.28%
Overall Accuracy: 89.03%
Mean time: 0.1816 ms
2017-03: Accuracy: 76.43 | 89.75 | 89.80
Thresholds: 0.9 | 0.9 | 0
Mean times per exit: 0.117 ms | 0.3568 ms | 0.6772 ms
Accuracies per exit (for all dataset): 76.4282%  | 89.7474%  | 89.7967% 
Rate of exit chosen: 67.63% | 17.79% | 14.58%
Accuracy per exit (when chosen): 87.76% | 98.46% | 90.66%
Overall Accuracy: 90.08%
Mean time: 0.2413 ms
2017-04: Accuracy: 52.56 | 53.88 | 54.39
Thresholds: 0.9 | 0.9 | 0
Mean times per exit: 0.1062 ms | 0.3554 ms | 0.647 ms
Accuracies per exit (for all dataset): 52.5631%  | 53.8809%  | 54.3929% 
Rate of exit chosen: 74.81% | 17.00% | 8.19%
Accuracy per exit (when chosen): 49.96% | 71.86% | 52.60%
Overall Accuracy: 53.90%
Mean time: 0.1929 ms
2017-05: Accuracy: 85.09 | 87.21 | 88.06
Thresholds: 0.9 | 0.9 | 0
Mean times per exit: 0.09994 ms | 0.3693 ms | 0.6741 ms
Accuracies per exit (for all dataset): 85.0946%  | 87.2126%  | 88.0556% 
Rate of exit chosen: 75.63% | 16.63% | 7.74%
Accuracy per exit (when chosen): 86.73% | 97.24% | 78.11%
Overall Accuracy: 87.81%
Mean time: 0.1892 ms
2017-06: Accuracy: 85.61 | 83.35 | 84.49
Thresholds: 0.9 | 0.9 | 0
Mean times per exit: 0.1062 ms | 0.4316 ms | 0.7459 ms
Accuracies per exit (for all dataset): 85.6098%  | 83.3518%  | 84.4867% 
Rate of exit chosen: 71.76% | 17.51% | 10.73%
Accuracy per exit (when chosen): 88.72% | 83.85% | 59.65%
Overall Accuracy: 84.75%
Mean time: 0.2318 ms
2017-07: Accuracy: 82.51 | 85.37 | 85.51
Thresholds: 0.9 | 0.9 | 0
Mean times per exit: 0.2458 ms | 0.8849 ms | 1.819 ms
Accuracies per exit (for all dataset): 82.514%  | 85.3708%  | 85.5096% 
Rate of exit chosen: 63.86% | 19.35% | 16.79%
Accuracy per exit (when chosen): 82.80% | 97.06% | 81.30%
Overall Accuracy: 85.30%
Mean time: 0.6335 ms
2017-08: Accuracy: 78.77 | 82.34 | 84.63
Thresholds: 0.9 | 0.9 | 0
Mean times per exit: 0.1114 ms | 0.4098 ms | 0.7757 ms
Accuracies per exit (for all dataset): 78.7663%  | 82.3412%  | 84.6256% 
Rate of exit chosen: 67.57% | 20.71% | 11.72%
Accuracy per exit (when chosen): 81.22% | 97.34% | 82.03%
Overall Accuracy: 84.65%
Mean time: 0.2511 ms
2017-09: Accuracy: 87.73 | 89.42 | 91.53
Thresholds: 0.9 | 0.9 | 0
Mean times per exit: 0.101 ms | 0.3255 ms | 0.602 ms
Accuracies per exit (for all dataset): 87.7347%  | 89.4206%  | 91.5335% 
Rate of exit chosen: 61.55% | 24.04% | 14.41%
Accuracy per exit (when chosen): 90.00% | 98.44% | 89.96%
Overall Accuracy: 92.02%
Mean time: 0.2272 ms
2017-10: Accuracy: 61.87 | 64.38 | 64.56
Thresholds: 0.9 | 0.9 | 0
Mean times per exit: 0.09918 ms | 0.3094 ms | 0.5685 ms
Accuracies per exit (for all dataset): 61.8686%  | 64.3782%  | 64.5588% 
Rate of exit chosen: 74.41% | 17.58% | 8.01%
Accuracy per exit (when chosen): 56.36% | 96.87% | 74.37%
Overall Accuracy: 64.93%
Mean time: 0.1738 ms
2017-11: Accuracy: 84.53 | 87.03 | 86.36
Thresholds: 0.9 | 0.9 | 0
Mean times per exit: 0.09832 ms | 0.3623 ms | 0.6932 ms
Accuracies per exit (for all dataset): 84.5269%  | 87.0308%  | 86.3566% 
Rate of exit chosen: 75.93% | 14.73% | 9.34%
Accuracy per exit (when chosen): 86.18% | 95.95% | 77.96%
Overall Accuracy: 86.85%
Mean time: 0.1928 ms
2017-12: Accuracy: 80.83 | 82.32 | 84.30
Thresholds: 0.9 | 0.9 | 0
Mean times per exit: 0.09599 ms | 0.3112 ms | 0.5861 ms
Accuracies per exit (for all dataset): 80.8339%  | 82.3245%  | 84.3032% 
Rate of exit chosen: 69.57% | 17.73% | 12.70%
Accuracy per exit (when chosen): 80.89% | 97.72% | 84.11%
Overall Accuracy: 84.28%
Mean time: 0.1964 ms
2018-01: Accuracy: 66.87 | 72.60 | 68.69
Thresholds: 0.9 | 0.9 | 0
Mean times per exit: 0.09583 ms | 0.3166 ms | 0.5783 ms
Accuracies per exit (for all dataset): 66.8719%  | 72.6038%  | 68.6886% 
Rate of exit chosen: 66.01% | 16.69% | 17.30%
Accuracy per exit (when chosen): 71.48% | 70.39% | 54.56%
Overall Accuracy: 68.37%
Mean time: 0.2161 ms
2018-02: Accuracy: 61.82 | 63.78 | 64.03
Thresholds: 0.9 | 0.9 | 0
Mean times per exit: 0.1062 ms | 0.3538 ms | 0.648 ms
Accuracies per exit (for all dataset): 61.8228%  | 63.7785%  | 64.0286% 
Rate of exit chosen: 71.84% | 12.08% | 16.08%
Accuracy per exit (when chosen): 54.14% | 93.20% | 83.78%
Overall Accuracy: 63.63%
Mean time: 0.2233 ms
2018-03: Accuracy: 84.45 | 86.06 | 87.43
Thresholds: 0.9 | 0.9 | 0
Mean times per exit: 0.1785 ms | 0.6274 ms | 1.253 ms
Accuracies per exit (for all dataset): 84.4479%  | 86.057%  | 87.4296% 
Rate of exit chosen: 67.90% | 14.76% | 17.34%
Accuracy per exit (when chosen): 84.24% | 96.52% | 93.17%
Overall Accuracy: 87.60%
Mean time: 0.4311 ms
2018-04: Accuracy: 66.45 | 68.18 | 68.88
Thresholds: 0.9 | 0.9 | 0
Mean times per exit: 0.09949 ms | 0.3206 ms | 0.5867 ms
Accuracies per exit (for all dataset): 66.4535%  | 68.1801%  | 68.8794% 
Rate of exit chosen: 68.74% | 8.54% | 22.72%
Accuracy per exit (when chosen): 57.37% | 93.02% | 92.44%
Overall Accuracy: 68.39%
Mean time: 0.2291 ms
2018-05: Accuracy: 81.33 | 83.14 | 83.64
Thresholds: 0.9 | 0.9 | 0
Mean times per exit: 0.1003 ms | 0.3282 ms | 0.5964 ms
Accuracies per exit (for all dataset): 81.3321%  | 83.141%  | 83.6416% 
Rate of exit chosen: 75.81% | 13.80% | 10.39%
Accuracy per exit (when chosen): 81.29% | 96.98% | 83.24%
Overall Accuracy: 83.66%
Mean time: 0.1833 ms
2018-06: Accuracy: 42.15 | 43.58 | 46.91
Thresholds: 0.9 | 0.9 | 0
Mean times per exit: 0.1093 ms | 0.3437 ms | 0.6064 ms
Accuracies per exit (for all dataset): 42.1507%  | 43.582%  | 46.9072% 
Rate of exit chosen: 78.27% | 11.51% | 10.21%
Accuracy per exit (when chosen): 36.56% | 88.98% | 74.47%
Overall Accuracy: 46.47%
Mean time: 0.1871 ms
2018-07: Accuracy: 60.13 | 61.81 | 61.95
Thresholds: 0.9 | 0.9 | 0
Mean times per exit: 0.162 ms | 0.5402 ms | 1.076 ms
Accuracies per exit (for all dataset): 60.1321%  | 61.8131%  | 61.9537% 
Rate of exit chosen: 80.70% | 10.76% | 8.55%
Accuracy per exit (when chosen): 55.86% | 94.26% | 74.32%
Overall Accuracy: 61.57%
Mean time: 0.2808 ms
2018-08: Accuracy: 56.56 | 60.14 | 60.39
Thresholds: 0.9 | 0.9 | 0
Mean times per exit: 0.09635 ms | 0.3142 ms | 0.5931 ms
Accuracies per exit (for all dataset): 56.5554%  | 60.1353%  | 60.3914% 
Rate of exit chosen: 75.40% | 13.76% | 10.84%
Accuracy per exit (when chosen): 52.24% | 94.77% | 76.06%
Overall Accuracy: 60.67%
Mean time: 0.1802 ms
2018-09: Accuracy: 72.02 | 79.27 | 79.75
Thresholds: 0.9 | 0.9 | 0
Mean times per exit: 0.1036 ms | 0.3262 ms | 0.6019 ms
Accuracies per exit (for all dataset): 72.0165%  | 79.2676%  | 79.7467% 
Rate of exit chosen: 63.68% | 19.25% | 17.07%
Accuracy per exit (when chosen): 74.06% | 96.73% | 84.75%
Overall Accuracy: 80.25%
Mean time: 0.2315 ms
2018-10: Accuracy: 52.18 | 54.04 | 55.63
Thresholds: 0.9 | 0.9 | 0
Mean times per exit: 0.1553 ms | 0.5686 ms | 1.126 ms
Accuracies per exit (for all dataset): 52.1806%  | 54.0448%  | 55.634% 
Rate of exit chosen: 75.97% | 14.25% | 9.78%
Accuracy per exit (when chosen): 45.60% | 92.42% | 76.88%
Overall Accuracy: 55.33%
Mean time: 0.3092 ms
2018-11: Accuracy: 75.29 | 79.25 | 80.00
Thresholds: 0.9 | 0.9 | 0
Mean times per exit: 0.1109 ms | 0.3749 ms | 0.7101 ms
Accuracies per exit (for all dataset): 75.2938%  | 79.2479%  | 79.9996% 
Rate of exit chosen: 67.69% | 18.85% | 13.47%
Accuracy per exit (when chosen): 76.25% | 95.81% | 73.16%
Overall Accuracy: 79.52%
Mean time: 0.2414 ms
2018-12: Accuracy: 58.77 | 68.19 | 82.31
Thresholds: 0.9 | 0.9 | 0
Mean times per exit: 0.09978 ms | 0.323 ms | 0.5746 ms
Accuracies per exit (for all dataset): 58.7678%  | 68.1932%  | 82.3087% 
Rate of exit chosen: 56.60% | 6.23% | 37.17%
Accuracy per exit (when chosen): 71.13% | 88.92% | 96.74%
Overall Accuracy: 81.76%
Mean time: 0.2902 ms
2019-01: Accuracy: 58.38 | 62.92 | 70.91
Thresholds: 0.9 | 0.9 | 0
Mean times per exit: 0.1927 ms | 0.5933 ms | 0.959 ms
Accuracies per exit (for all dataset): 58.3828%  | 62.9243%  | 70.9144% 
Rate of exit chosen: 70.64% | 7.62% | 21.73%
Accuracy per exit (when chosen): 62.10% | 86.89% | 91.35%
Overall Accuracy: 70.35%
Mean time: 0.3897 ms
2019-02: Accuracy: 53.17 | 57.43 | 67.15
Thresholds: 0.9 | 0.9 | 0
Mean times per exit: 0.1992 ms | 0.5271 ms | 0.7957 ms
Accuracies per exit (for all dataset): 53.1663%  | 57.4302%  | 67.1483% 
Rate of exit chosen: 64.15% | 8.39% | 27.46%
Accuracy per exit (when chosen): 53.97% | 89.67% | 89.11%
Overall Accuracy: 66.61%
Mean time: 0.3906 ms
2019-03: Accuracy: 45.34 | 48.30 | 54.71
Thresholds: 0.9 | 0.9 | 0
Mean times per exit: 0.2456 ms | 0.7016 ms | 1.111 ms
Accuracies per exit (for all dataset): 45.3441%  | 48.2995%  | 54.7134% 
Rate of exit chosen: 68.47% | 10.32% | 21.21%
Accuracy per exit (when chosen): 43.78% | 70.00% | 79.33%
Overall Accuracy: 54.03%
Mean time: 0.4762 ms
2019-04: Accuracy: 62.64 | 63.45 | 71.61
Thresholds: 0.9 | 0.9 | 0
Mean times per exit: 0.1039 ms | 0.3422 ms | 0.6379 ms
Accuracies per exit (for all dataset): 62.6427%  | 63.4502%  | 71.6102% 
Rate of exit chosen: 64.97% | 13.61% | 21.41%
Accuracy per exit (when chosen): 67.55% | 75.54% | 78.57%
Overall Accuracy: 71.00%
Mean time: 0.2507 ms
2019-05: Accuracy: 73.28 | 75.40 | 78.90
Thresholds: 0.9 | 0.9 | 0
Mean times per exit: 0.1321 ms | 0.427 ms | 0.8081 ms
Accuracies per exit (for all dataset): 73.2824%  | 75.4015%  | 78.8987% 
Rate of exit chosen: 66.54% | 13.21% | 20.25%
Accuracy per exit (when chosen): 80.47% | 66.31% | 82.29%
Overall Accuracy: 78.97%
Mean time: 0.3079 ms
2019-06: Accuracy: 71.61 | 74.35 | 74.89
Thresholds: 0.9 | 0.9 | 0
Mean times per exit: 0.1195 ms | 0.3539 ms | 0.6463 ms
Accuracies per exit (for all dataset): 71.6053%  | 74.3491%  | 74.8925% 
Rate of exit chosen: 69.36% | 18.12% | 12.52%
Accuracy per exit (when chosen): 72.24% | 83.52% | 74.35%
Overall Accuracy: 74.54%
Mean time: 0.2279 ms
2019-07: Accuracy: 57.06 | 56.14 | 59.61
Thresholds: 0.9 | 0.9 | 0
Mean times per exit: 0.127 ms | 0.4228 ms | 0.8288 ms
Accuracies per exit (for all dataset): 57.0637%  | 56.1381%  | 59.6091% 
Rate of exit chosen: 69.64% | 12.44% | 17.92%
Accuracy per exit (when chosen): 51.57% | 68.04% | 82.98%
Overall Accuracy: 59.25%
Mean time: 0.2896 ms
2019-08: Accuracy: 77.24 | 75.50 | 77.21
Thresholds: 0.9 | 0.9 | 0
Mean times per exit: 0.09962 ms | 0.3233 ms | 0.5895 ms
Accuracies per exit (for all dataset): 77.2407%  | 75.5027%  | 77.2117% 
Rate of exit chosen: 72.90% | 12.56% | 14.53%
Accuracy per exit (when chosen): 75.32% | 83.88% | 81.21%
Overall Accuracy: 77.25%
Mean time: 0.1989 ms
2019-09: Accuracy: 60.37 | 60.86 | 61.77
Thresholds: 0.9 | 0.9 | 0
Mean times per exit: 0.1318 ms | 0.446 ms | 0.8552 ms
Accuracies per exit (for all dataset): 60.3712%  | 60.863%  | 61.772% 
Rate of exit chosen: 82.34% | 9.40% | 8.26%
Accuracy per exit (when chosen): 57.83% | 84.13% | 71.20%
Overall Accuracy: 61.41%
Mean time: 0.2211 ms
2019-10: Accuracy: 58.20 | 58.50 | 60.23
Thresholds: 0.9 | 0.9 | 0
Mean times per exit: 0.09724 ms | 0.3087 ms | 0.5653 ms
Accuracies per exit (for all dataset): 58.1996%  | 58.5006%  | 60.2304% 
Rate of exit chosen: 75.14% | 7.90% | 16.96%
Accuracy per exit (when chosen): 50.50% | 92.95% | 85.87%
Overall Accuracy: 59.85%
Mean time: 0.1933 ms
2019-11: Accuracy: 56.89 | 58.47 | 59.57
Thresholds: 0.9 | 0.9 | 0
Mean times per exit: 0.1407 ms | 0.4747 ms | 0.9364 ms
Accuracies per exit (for all dataset): 56.894%  | 58.4698%  | 59.572% 
Rate of exit chosen: 79.26% | 10.17% | 10.57%
Accuracy per exit (when chosen): 53.12% | 85.38% | 75.99%
Overall Accuracy: 58.82%
Mean time: 0.2588 ms
2019-12: Accuracy: 73.87 | 75.75 | 77.03
Thresholds: 0.9 | 0.9 | 0
Mean times per exit: 0.0974 ms | 0.3107 ms | 0.569 ms
Accuracies per exit (for all dataset): 73.8676%  | 75.7504%  | 77.0345% 
Rate of exit chosen: 66.42% | 14.28% | 19.30%
Accuracy per exit (when chosen): 74.30% | 78.62% | 83.79%
Overall Accuracy: 76.75%
Mean time: 0.2189 ms
